Requirement already satisfied: torchvision in ./y/envs/thesis_env_310/lib/python3.10/site-packages (0.20.1+cu121)
Requirement already satisfied: tqdm in ./y/envs/thesis_env_310/lib/python3.10/site-packages (4.67.1)
Requirement already satisfied: scikit-learn in ./y/envs/thesis_env_310/lib/python3.10/site-packages (1.6.1)
Requirement already satisfied: torchsummary in ./y/envs/thesis_env_310/lib/python3.10/site-packages (1.5.1)
Requirement already satisfied: numpy in ./y/envs/thesis_env_310/lib/python3.10/site-packages (from torchvision) (2.1.2)
Requirement already satisfied: torch==2.5.1 in ./y/envs/thesis_env_310/lib/python3.10/site-packages (from torchvision) (2.5.1+cu121)
Requirement already satisfied: pillow!=8.3.*,>=5.3.0 in ./y/envs/thesis_env_310/lib/python3.10/site-packages (from torchvision) (11.0.0)
Requirement already satisfied: filelock in ./y/envs/thesis_env_310/lib/python3.10/site-packages (from torch==2.5.1->torchvision) (3.13.1)
Requirement already satisfied: typing-extensions>=4.8.0 in ./y/envs/thesis_env_310/lib/python3.10/site-packages (from torch==2.5.1->torchvision) (4.12.2)
Requirement already satisfied: networkx in ./y/envs/thesis_env_310/lib/python3.10/site-packages (from torch==2.5.1->torchvision) (3.3)
Requirement already satisfied: jinja2 in ./y/envs/thesis_env_310/lib/python3.10/site-packages (from torch==2.5.1->torchvision) (3.1.4)
Requirement already satisfied: fsspec in ./y/envs/thesis_env_310/lib/python3.10/site-packages (from torch==2.5.1->torchvision) (2024.6.1)
Requirement already satisfied: nvidia-cuda-nvrtc-cu12==12.1.105 in ./y/envs/thesis_env_310/lib/python3.10/site-packages (from torch==2.5.1->torchvision) (12.1.105)
Requirement already satisfied: nvidia-cuda-runtime-cu12==12.1.105 in ./y/envs/thesis_env_310/lib/python3.10/site-packages (from torch==2.5.1->torchvision) (12.1.105)
Requirement already satisfied: nvidia-cuda-cupti-cu12==12.1.105 in ./y/envs/thesis_env_310/lib/python3.10/site-packages (from torch==2.5.1->torchvision) (12.1.105)
Requirement already satisfied: nvidia-cudnn-cu12==9.1.0.70 in ./y/envs/thesis_env_310/lib/python3.10/site-packages (from torch==2.5.1->torchvision) (9.1.0.70)
Requirement already satisfied: nvidia-cublas-cu12==12.1.3.1 in ./y/envs/thesis_env_310/lib/python3.10/site-packages (from torch==2.5.1->torchvision) (12.1.3.1)
Requirement already satisfied: nvidia-cufft-cu12==11.0.2.54 in ./y/envs/thesis_env_310/lib/python3.10/site-packages (from torch==2.5.1->torchvision) (11.0.2.54)
Requirement already satisfied: nvidia-curand-cu12==10.3.2.106 in ./y/envs/thesis_env_310/lib/python3.10/site-packages (from torch==2.5.1->torchvision) (10.3.2.106)
Requirement already satisfied: nvidia-cusolver-cu12==11.4.5.107 in ./y/envs/thesis_env_310/lib/python3.10/site-packages (from torch==2.5.1->torchvision) (11.4.5.107)
Requirement already satisfied: nvidia-cusparse-cu12==12.1.0.106 in ./y/envs/thesis_env_310/lib/python3.10/site-packages (from torch==2.5.1->torchvision) (12.1.0.106)
Requirement already satisfied: nvidia-nccl-cu12==2.21.5 in ./y/envs/thesis_env_310/lib/python3.10/site-packages (from torch==2.5.1->torchvision) (2.21.5)
Requirement already satisfied: nvidia-nvtx-cu12==12.1.105 in ./y/envs/thesis_env_310/lib/python3.10/site-packages (from torch==2.5.1->torchvision) (12.1.105)
Requirement already satisfied: triton==3.1.0 in ./y/envs/thesis_env_310/lib/python3.10/site-packages (from torch==2.5.1->torchvision) (3.1.0)
Requirement already satisfied: sympy==1.13.1 in ./y/envs/thesis_env_310/lib/python3.10/site-packages (from torch==2.5.1->torchvision) (1.13.1)
Requirement already satisfied: nvidia-nvjitlink-cu12 in ./y/envs/thesis_env_310/lib/python3.10/site-packages (from nvidia-cusolver-cu12==11.4.5.107->torch==2.5.1->torchvision) (12.1.105)
Requirement already satisfied: mpmath<1.4,>=1.1.0 in ./y/envs/thesis_env_310/lib/python3.10/site-packages (from sympy==1.13.1->torch==2.5.1->torchvision) (1.3.0)
Requirement already satisfied: scipy>=1.6.0 in ./y/envs/thesis_env_310/lib/python3.10/site-packages (from scikit-learn) (1.15.2)
Requirement already satisfied: joblib>=1.2.0 in ./y/envs/thesis_env_310/lib/python3.10/site-packages (from scikit-learn) (1.4.2)
Requirement already satisfied: threadpoolctl>=3.1.0 in ./y/envs/thesis_env_310/lib/python3.10/site-packages (from scikit-learn) (3.6.0)
Requirement already satisfied: MarkupSafe>=2.0 in ./y/envs/thesis_env_310/lib/python3.10/site-packages (from jinja2->torch==2.5.1->torchvision) (2.1.5)
Using device: cuda
Using 1 GPUs.
MODEL SUMMARY
----------------------------------------------------------------
        Layer (type)               Output Shape         Param #
================================================================
            Conv2d-1         [-1, 64, 128, 128]           9,408
       BatchNorm2d-2         [-1, 64, 128, 128]             128
              ReLU-3         [-1, 64, 128, 128]               0
         MaxPool2d-4           [-1, 64, 64, 64]               0
            Conv2d-5           [-1, 64, 64, 64]           4,096
       BatchNorm2d-6           [-1, 64, 64, 64]             128
              ReLU-7           [-1, 64, 64, 64]               0
            Conv2d-8           [-1, 64, 64, 64]          36,864
       BatchNorm2d-9           [-1, 64, 64, 64]             128
             ReLU-10           [-1, 64, 64, 64]               0
           Conv2d-11          [-1, 256, 64, 64]          16,384
      BatchNorm2d-12          [-1, 256, 64, 64]             512
           Conv2d-13          [-1, 256, 64, 64]          16,384
      BatchNorm2d-14          [-1, 256, 64, 64]             512
             ReLU-15          [-1, 256, 64, 64]               0
       Bottleneck-16          [-1, 256, 64, 64]               0
           Conv2d-17           [-1, 64, 64, 64]          16,384
      BatchNorm2d-18           [-1, 64, 64, 64]             128
             ReLU-19           [-1, 64, 64, 64]               0
           Conv2d-20           [-1, 64, 64, 64]          36,864
      BatchNorm2d-21           [-1, 64, 64, 64]             128
             ReLU-22           [-1, 64, 64, 64]               0
           Conv2d-23          [-1, 256, 64, 64]          16,384
      BatchNorm2d-24          [-1, 256, 64, 64]             512
             ReLU-25          [-1, 256, 64, 64]               0
       Bottleneck-26          [-1, 256, 64, 64]               0
           Conv2d-27           [-1, 64, 64, 64]          16,384
      BatchNorm2d-28           [-1, 64, 64, 64]             128
             ReLU-29           [-1, 64, 64, 64]               0
           Conv2d-30           [-1, 64, 64, 64]          36,864
      BatchNorm2d-31           [-1, 64, 64, 64]             128
             ReLU-32           [-1, 64, 64, 64]               0
           Conv2d-33          [-1, 256, 64, 64]          16,384
      BatchNorm2d-34          [-1, 256, 64, 64]             512
             ReLU-35          [-1, 256, 64, 64]               0
       Bottleneck-36          [-1, 256, 64, 64]               0
           Conv2d-37          [-1, 128, 64, 64]          32,768
      BatchNorm2d-38          [-1, 128, 64, 64]             256
             ReLU-39          [-1, 128, 64, 64]               0
           Conv2d-40          [-1, 128, 32, 32]         147,456
      BatchNorm2d-41          [-1, 128, 32, 32]             256
             ReLU-42          [-1, 128, 32, 32]               0
           Conv2d-43          [-1, 512, 32, 32]          65,536
      BatchNorm2d-44          [-1, 512, 32, 32]           1,024
           Conv2d-45          [-1, 512, 32, 32]         131,072
      BatchNorm2d-46          [-1, 512, 32, 32]           1,024
             ReLU-47          [-1, 512, 32, 32]               0
       Bottleneck-48          [-1, 512, 32, 32]               0
           Conv2d-49          [-1, 128, 32, 32]          65,536
      BatchNorm2d-50          [-1, 128, 32, 32]             256
             ReLU-51          [-1, 128, 32, 32]               0
           Conv2d-52          [-1, 128, 32, 32]         147,456
      BatchNorm2d-53          [-1, 128, 32, 32]             256
             ReLU-54          [-1, 128, 32, 32]               0
           Conv2d-55          [-1, 512, 32, 32]          65,536
      BatchNorm2d-56          [-1, 512, 32, 32]           1,024
             ReLU-57          [-1, 512, 32, 32]               0
       Bottleneck-58          [-1, 512, 32, 32]               0
           Conv2d-59          [-1, 128, 32, 32]          65,536
      BatchNorm2d-60          [-1, 128, 32, 32]             256
             ReLU-61          [-1, 128, 32, 32]               0
           Conv2d-62          [-1, 128, 32, 32]         147,456
      BatchNorm2d-63          [-1, 128, 32, 32]             256
             ReLU-64          [-1, 128, 32, 32]               0
           Conv2d-65          [-1, 512, 32, 32]          65,536
      BatchNorm2d-66          [-1, 512, 32, 32]           1,024
             ReLU-67          [-1, 512, 32, 32]               0
       Bottleneck-68          [-1, 512, 32, 32]               0
           Conv2d-69          [-1, 128, 32, 32]          65,536
      BatchNorm2d-70          [-1, 128, 32, 32]             256
             ReLU-71          [-1, 128, 32, 32]               0
           Conv2d-72          [-1, 128, 32, 32]         147,456
      BatchNorm2d-73          [-1, 128, 32, 32]             256
             ReLU-74          [-1, 128, 32, 32]               0
           Conv2d-75          [-1, 512, 32, 32]          65,536
      BatchNorm2d-76          [-1, 512, 32, 32]           1,024
             ReLU-77          [-1, 512, 32, 32]               0
       Bottleneck-78          [-1, 512, 32, 32]               0
           Conv2d-79          [-1, 256, 32, 32]         131,072
      BatchNorm2d-80          [-1, 256, 32, 32]             512
             ReLU-81          [-1, 256, 32, 32]               0
           Conv2d-82          [-1, 256, 16, 16]         589,824
      BatchNorm2d-83          [-1, 256, 16, 16]             512
             ReLU-84          [-1, 256, 16, 16]               0
           Conv2d-85         [-1, 1024, 16, 16]         262,144
      BatchNorm2d-86         [-1, 1024, 16, 16]           2,048
           Conv2d-87         [-1, 1024, 16, 16]         524,288
      BatchNorm2d-88         [-1, 1024, 16, 16]           2,048
             ReLU-89         [-1, 1024, 16, 16]               0
       Bottleneck-90         [-1, 1024, 16, 16]               0
           Conv2d-91          [-1, 256, 16, 16]         262,144
      BatchNorm2d-92          [-1, 256, 16, 16]             512
             ReLU-93          [-1, 256, 16, 16]               0
           Conv2d-94          [-1, 256, 16, 16]         589,824
      BatchNorm2d-95          [-1, 256, 16, 16]             512
             ReLU-96          [-1, 256, 16, 16]               0
           Conv2d-97         [-1, 1024, 16, 16]         262,144
      BatchNorm2d-98         [-1, 1024, 16, 16]           2,048
             ReLU-99         [-1, 1024, 16, 16]               0
      Bottleneck-100         [-1, 1024, 16, 16]               0
          Conv2d-101          [-1, 256, 16, 16]         262,144
     BatchNorm2d-102          [-1, 256, 16, 16]             512
            ReLU-103          [-1, 256, 16, 16]               0
          Conv2d-104          [-1, 256, 16, 16]         589,824
     BatchNorm2d-105          [-1, 256, 16, 16]             512
            ReLU-106          [-1, 256, 16, 16]               0
          Conv2d-107         [-1, 1024, 16, 16]         262,144
     BatchNorm2d-108         [-1, 1024, 16, 16]           2,048
            ReLU-109         [-1, 1024, 16, 16]               0
      Bottleneck-110         [-1, 1024, 16, 16]               0
          Conv2d-111          [-1, 256, 16, 16]         262,144
     BatchNorm2d-112          [-1, 256, 16, 16]             512
            ReLU-113          [-1, 256, 16, 16]               0
          Conv2d-114          [-1, 256, 16, 16]         589,824
     BatchNorm2d-115          [-1, 256, 16, 16]             512
            ReLU-116          [-1, 256, 16, 16]               0
          Conv2d-117         [-1, 1024, 16, 16]         262,144
     BatchNorm2d-118         [-1, 1024, 16, 16]           2,048
            ReLU-119         [-1, 1024, 16, 16]               0
      Bottleneck-120         [-1, 1024, 16, 16]               0
          Conv2d-121          [-1, 256, 16, 16]         262,144
     BatchNorm2d-122          [-1, 256, 16, 16]             512
            ReLU-123          [-1, 256, 16, 16]               0
          Conv2d-124          [-1, 256, 16, 16]         589,824
     BatchNorm2d-125          [-1, 256, 16, 16]             512
            ReLU-126          [-1, 256, 16, 16]               0
          Conv2d-127         [-1, 1024, 16, 16]         262,144
     BatchNorm2d-128         [-1, 1024, 16, 16]           2,048
            ReLU-129         [-1, 1024, 16, 16]               0
      Bottleneck-130         [-1, 1024, 16, 16]               0
          Conv2d-131          [-1, 256, 16, 16]         262,144
     BatchNorm2d-132          [-1, 256, 16, 16]             512
            ReLU-133          [-1, 256, 16, 16]               0
          Conv2d-134          [-1, 256, 16, 16]         589,824
     BatchNorm2d-135          [-1, 256, 16, 16]             512
            ReLU-136          [-1, 256, 16, 16]               0
          Conv2d-137         [-1, 1024, 16, 16]         262,144
     BatchNorm2d-138         [-1, 1024, 16, 16]           2,048
            ReLU-139         [-1, 1024, 16, 16]               0
      Bottleneck-140         [-1, 1024, 16, 16]               0
          Conv2d-141          [-1, 512, 16, 16]         524,288
     BatchNorm2d-142          [-1, 512, 16, 16]           1,024
            ReLU-143          [-1, 512, 16, 16]               0
          Conv2d-144            [-1, 512, 8, 8]       2,359,296
     BatchNorm2d-145            [-1, 512, 8, 8]           1,024
            ReLU-146            [-1, 512, 8, 8]               0
          Conv2d-147           [-1, 2048, 8, 8]       1,048,576
     BatchNorm2d-148           [-1, 2048, 8, 8]           4,096
          Conv2d-149           [-1, 2048, 8, 8]       2,097,152
     BatchNorm2d-150           [-1, 2048, 8, 8]           4,096
            ReLU-151           [-1, 2048, 8, 8]               0
      Bottleneck-152           [-1, 2048, 8, 8]               0
          Conv2d-153            [-1, 512, 8, 8]       1,048,576
     BatchNorm2d-154            [-1, 512, 8, 8]           1,024
            ReLU-155            [-1, 512, 8, 8]               0
          Conv2d-156            [-1, 512, 8, 8]       2,359,296
     BatchNorm2d-157            [-1, 512, 8, 8]           1,024
            ReLU-158            [-1, 512, 8, 8]               0
          Conv2d-159           [-1, 2048, 8, 8]       1,048,576
     BatchNorm2d-160           [-1, 2048, 8, 8]           4,096
            ReLU-161           [-1, 2048, 8, 8]               0
      Bottleneck-162           [-1, 2048, 8, 8]               0
          Conv2d-163            [-1, 512, 8, 8]       1,048,576
     BatchNorm2d-164            [-1, 512, 8, 8]           1,024
            ReLU-165            [-1, 512, 8, 8]               0
          Conv2d-166            [-1, 512, 8, 8]       2,359,296
     BatchNorm2d-167            [-1, 512, 8, 8]           1,024
            ReLU-168            [-1, 512, 8, 8]               0
          Conv2d-169           [-1, 2048, 8, 8]       1,048,576
     BatchNorm2d-170           [-1, 2048, 8, 8]           4,096
            ReLU-171           [-1, 2048, 8, 8]               0
      Bottleneck-172           [-1, 2048, 8, 8]               0
AdaptiveAvgPool2d-173           [-1, 2048, 1, 1]               0
          Linear-174                   [-1, 47]          96,303
================================================================
Total params: 23,604,335
Trainable params: 96,303
Non-trainable params: 23,508,032
----------------------------------------------------------------
Input size (MB): 0.75
Forward/backward pass size (MB): 374.27
Params size (MB): 90.04
Estimated Total Size (MB): 465.06
----------------------------------------------------------------
Loaded checkpoint from epoch 100

=== Classification Report ===
                           precision    recall  f1-score   support

                addisplay       0.54      0.11      0.19      3491
        addisplay++adware       0.00      0.00      0.00        59
                   adload       0.27      0.12      0.16        67
                  adsware       0.00      0.00      0.00       530
                   adware       0.76      0.98      0.86    176892
           adware++adware       0.82      0.09      0.16       501
  adware++grayware++virus       0.29      0.65      0.40       167
            adware++virus       0.07      0.04      0.05        55
                adwareare       0.03      0.03      0.03        31
                 backdoor       0.00      0.00      0.00       121
           banker++trojan       0.59      0.09      0.16       221
                   benign       0.77      0.43      0.55     15824
                    click       0.14      0.68      0.24        22
                  clicker       0.32      0.13      0.19        53
          clicker++trojan       0.52      0.44      0.48       573
     clickfraud++riskware       0.36      0.82      0.50        74
               downloader       0.66      0.36      0.47       999
          dropper++trojan       0.39      0.10      0.16       119
                  exploit       0.82      0.58      0.68      1116
                fakeangry       0.67      0.05      0.09        42
                  fakeapp       0.14      0.51      0.22        85
          fakeapp++trojan       0.22      0.22      0.22        51
         fakeinst++trojan       0.27      0.24      0.25       143
                     gray       0.21      0.17      0.19       185
                 hacktool       0.00      0.00      0.00       109
                  malware       0.14      0.00      0.00       501
             malware++trj       0.73      0.54      0.62       122
                  monitor       0.87      0.77      0.82       271
           ransom++trojan       0.60      0.65      0.62       231
risktool++riskware++virus       1.00      0.03      0.06        30
                 riskware       0.40      0.03      0.05      6353
        riskware++smssend       0.32      0.22      0.27        49
                      rog       0.80      0.24      0.37       395
          rootnik++trojan       0.13      0.11      0.12        45
                  smssend       0.67      0.01      0.02       653
          smssend++trojan       0.82      0.13      0.23       859
                      spr       0.81      0.11      0.20      2765
                      spy       0.63      0.58      0.60       329
              spy++trojan       0.00      0.00      0.00        24
                  spyware       0.71      0.20      0.32      1318
                      trj       0.18      0.01      0.02       188
                     troj       0.38      0.02      0.03       662
                   trojan       0.54      0.16      0.25     35851
         trojandownloader       0.27      0.30      0.29       113
            trojandropper       0.12      0.14      0.13        35
                    virus       0.64      0.24      0.35        38
                     worm       0.00      0.00      0.00        44

                 accuracy                           0.75    252406
                macro avg       0.42      0.24      0.25    252406
             weighted avg       0.71      0.75      0.69    252406

