Requirement already satisfied: torchvision in ./y/envs/thesis_env_310/lib/python3.10/site-packages (0.20.1+cu121)
Requirement already satisfied: tqdm in ./y/envs/thesis_env_310/lib/python3.10/site-packages (4.67.1)
Requirement already satisfied: numpy in ./y/envs/thesis_env_310/lib/python3.10/site-packages (from torchvision) (2.1.2)
Requirement already satisfied: torch==2.5.1 in ./y/envs/thesis_env_310/lib/python3.10/site-packages (from torchvision) (2.5.1+cu121)
Requirement already satisfied: pillow!=8.3.*,>=5.3.0 in ./y/envs/thesis_env_310/lib/python3.10/site-packages (from torchvision) (11.0.0)
Requirement already satisfied: filelock in ./y/envs/thesis_env_310/lib/python3.10/site-packages (from torch==2.5.1->torchvision) (3.13.1)
Requirement already satisfied: typing-extensions>=4.8.0 in ./y/envs/thesis_env_310/lib/python3.10/site-packages (from torch==2.5.1->torchvision) (4.12.2)
Requirement already satisfied: networkx in ./y/envs/thesis_env_310/lib/python3.10/site-packages (from torch==2.5.1->torchvision) (3.3)
Requirement already satisfied: jinja2 in ./y/envs/thesis_env_310/lib/python3.10/site-packages (from torch==2.5.1->torchvision) (3.1.4)
Requirement already satisfied: fsspec in ./y/envs/thesis_env_310/lib/python3.10/site-packages (from torch==2.5.1->torchvision) (2024.6.1)
Requirement already satisfied: nvidia-cuda-nvrtc-cu12==12.1.105 in ./y/envs/thesis_env_310/lib/python3.10/site-packages (from torch==2.5.1->torchvision) (12.1.105)
Requirement already satisfied: nvidia-cuda-runtime-cu12==12.1.105 in ./y/envs/thesis_env_310/lib/python3.10/site-packages (from torch==2.5.1->torchvision) (12.1.105)
Requirement already satisfied: nvidia-cuda-cupti-cu12==12.1.105 in ./y/envs/thesis_env_310/lib/python3.10/site-packages (from torch==2.5.1->torchvision) (12.1.105)
Requirement already satisfied: nvidia-cudnn-cu12==9.1.0.70 in ./y/envs/thesis_env_310/lib/python3.10/site-packages (from torch==2.5.1->torchvision) (9.1.0.70)
Requirement already satisfied: nvidia-cublas-cu12==12.1.3.1 in ./y/envs/thesis_env_310/lib/python3.10/site-packages (from torch==2.5.1->torchvision) (12.1.3.1)
Requirement already satisfied: nvidia-cufft-cu12==11.0.2.54 in ./y/envs/thesis_env_310/lib/python3.10/site-packages (from torch==2.5.1->torchvision) (11.0.2.54)
Requirement already satisfied: nvidia-curand-cu12==10.3.2.106 in ./y/envs/thesis_env_310/lib/python3.10/site-packages (from torch==2.5.1->torchvision) (10.3.2.106)
Requirement already satisfied: nvidia-cusolver-cu12==11.4.5.107 in ./y/envs/thesis_env_310/lib/python3.10/site-packages (from torch==2.5.1->torchvision) (11.4.5.107)
Requirement already satisfied: nvidia-cusparse-cu12==12.1.0.106 in ./y/envs/thesis_env_310/lib/python3.10/site-packages (from torch==2.5.1->torchvision) (12.1.0.106)
Requirement already satisfied: nvidia-nccl-cu12==2.21.5 in ./y/envs/thesis_env_310/lib/python3.10/site-packages (from torch==2.5.1->torchvision) (2.21.5)
Requirement already satisfied: nvidia-nvtx-cu12==12.1.105 in ./y/envs/thesis_env_310/lib/python3.10/site-packages (from torch==2.5.1->torchvision) (12.1.105)
Requirement already satisfied: triton==3.1.0 in ./y/envs/thesis_env_310/lib/python3.10/site-packages (from torch==2.5.1->torchvision) (3.1.0)
Requirement already satisfied: sympy==1.13.1 in ./y/envs/thesis_env_310/lib/python3.10/site-packages (from torch==2.5.1->torchvision) (1.13.1)
Requirement already satisfied: nvidia-nvjitlink-cu12 in ./y/envs/thesis_env_310/lib/python3.10/site-packages (from nvidia-cusolver-cu12==11.4.5.107->torch==2.5.1->torchvision) (12.1.105)
Requirement already satisfied: mpmath<1.4,>=1.1.0 in ./y/envs/thesis_env_310/lib/python3.10/site-packages (from sympy==1.13.1->torch==2.5.1->torchvision) (1.3.0)
Requirement already satisfied: MarkupSafe>=2.0 in ./y/envs/thesis_env_310/lib/python3.10/site-packages (from jinja2->torch==2.5.1->torchvision) (2.1.5)
Using device: cuda
Device name: Tesla V100-SXM2-16GB
Using 1 GPUs.


=== [1/10] Creating EA Adversarial Image for /home/users/atodorova/alisa-thesis/malnet-cnn/test/smssend/artemis/0F7E30F4CD49DC2E2D12F65AC7B32CDB2FCB277B125D8C6BAB1C746B347311DE.png ===

--- Original Prediction Results ---
Predicted class: 4 (adware)

Confidence     : 0.3350

True class     : 34 (smssend)

Target ('benign') class: 11 (benign)

[INFO] Benign class became best class at iteration 924 with confidence 0.2875!

Targeted adversarial image created in 2297 iterations.
Benign first predicted at iteration 924 with confidence 0.2875.

Benign probability changes (iteration, prob):
Iteration 0: Benign prob = 0.0004
Iteration 1: Benign prob = 0.0007
Iteration 2: Benign prob = 0.0007
Iteration 3: Benign prob = 0.0011
Iteration 4: Benign prob = 0.0014
Iteration 5: Benign prob = 0.0014
Iteration 6: Benign prob = 0.0016
Iteration 7: Benign prob = 0.0018
Iteration 10: Benign prob = 0.0019
Iteration 12: Benign prob = 0.0020
Iteration 15: Benign prob = 0.0021
Iteration 18: Benign prob = 0.0025
Iteration 21: Benign prob = 0.0026
Iteration 23: Benign prob = 0.0027
Iteration 25: Benign prob = 0.0028
Iteration 26: Benign prob = 0.0029
Iteration 27: Benign prob = 0.0031
Iteration 28: Benign prob = 0.0032
Iteration 29: Benign prob = 0.0033
Iteration 32: Benign prob = 0.0035
Iteration 37: Benign prob = 0.0036
Iteration 41: Benign prob = 0.0037
Iteration 44: Benign prob = 0.0038
Iteration 45: Benign prob = 0.0038
Iteration 46: Benign prob = 0.0040
Iteration 47: Benign prob = 0.0047
Iteration 49: Benign prob = 0.0057
Iteration 54: Benign prob = 0.0059
Iteration 55: Benign prob = 0.0061
Iteration 60: Benign prob = 0.0068
Iteration 66: Benign prob = 0.0069
Iteration 68: Benign prob = 0.0081
Iteration 69: Benign prob = 0.0086
Iteration 86: Benign prob = 0.0089
Iteration 87: Benign prob = 0.0090
Iteration 94: Benign prob = 0.0092
Iteration 95: Benign prob = 0.0098
Iteration 96: Benign prob = 0.0102
Iteration 101: Benign prob = 0.0104
Iteration 102: Benign prob = 0.0114
Iteration 106: Benign prob = 0.0115
Iteration 115: Benign prob = 0.0121
Iteration 120: Benign prob = 0.0123
Iteration 121: Benign prob = 0.0126
Iteration 125: Benign prob = 0.0145
Iteration 128: Benign prob = 0.0165
Iteration 137: Benign prob = 0.0177
Iteration 142: Benign prob = 0.0205
Iteration 146: Benign prob = 0.0205
Iteration 150: Benign prob = 0.0222
Iteration 151: Benign prob = 0.0234
Iteration 155: Benign prob = 0.0237
Iteration 156: Benign prob = 0.0265
Iteration 160: Benign prob = 0.0281
Iteration 173: Benign prob = 0.0310
Iteration 174: Benign prob = 0.0327
Iteration 194: Benign prob = 0.0331
Iteration 196: Benign prob = 0.0343
Iteration 198: Benign prob = 0.0352
Iteration 204: Benign prob = 0.0361
Iteration 207: Benign prob = 0.0415
Iteration 223: Benign prob = 0.0415
Iteration 226: Benign prob = 0.0424
Iteration 230: Benign prob = 0.0429
Iteration 247: Benign prob = 0.0444
Iteration 252: Benign prob = 0.0456
Iteration 253: Benign prob = 0.0470
Iteration 259: Benign prob = 0.0496
Iteration 273: Benign prob = 0.0523
Iteration 285: Benign prob = 0.0534
Iteration 288: Benign prob = 0.0548
Iteration 291: Benign prob = 0.0548
Iteration 294: Benign prob = 0.0578
Iteration 298: Benign prob = 0.0609
Iteration 307: Benign prob = 0.0622
Iteration 317: Benign prob = 0.0622
Iteration 321: Benign prob = 0.0651
Iteration 333: Benign prob = 0.0797
Iteration 340: Benign prob = 0.0805
Iteration 353: Benign prob = 0.0862
Iteration 360: Benign prob = 0.0869
Iteration 367: Benign prob = 0.0872
Iteration 373: Benign prob = 0.0901
Iteration 374: Benign prob = 0.0934
Iteration 378: Benign prob = 0.0947
Iteration 401: Benign prob = 0.0958
Iteration 409: Benign prob = 0.1024
Iteration 410: Benign prob = 0.1088
Iteration 444: Benign prob = 0.1094
Iteration 445: Benign prob = 0.1118
Iteration 466: Benign prob = 0.1159
Iteration 474: Benign prob = 0.1248
Iteration 502: Benign prob = 0.1271
Iteration 506: Benign prob = 0.1299
Iteration 548: Benign prob = 0.1373
Iteration 591: Benign prob = 0.1388
Iteration 592: Benign prob = 0.1447
Iteration 596: Benign prob = 0.1521
Iteration 631: Benign prob = 0.1599
Iteration 663: Benign prob = 0.1660
Iteration 685: Benign prob = 0.1669
Iteration 690: Benign prob = 0.1790
Iteration 703: Benign prob = 0.1801
Iteration 706: Benign prob = 0.1945
Iteration 717: Benign prob = 0.1996
Iteration 746: Benign prob = 0.2019
Iteration 747: Benign prob = 0.2038
Iteration 748: Benign prob = 0.2225
Iteration 755: Benign prob = 0.2263
Iteration 758: Benign prob = 0.2374
Iteration 795: Benign prob = 0.2401
Iteration 796: Benign prob = 0.2410
Iteration 803: Benign prob = 0.2442
Iteration 806: Benign prob = 0.2480
Iteration 808: Benign prob = 0.2525
Iteration 842: Benign prob = 0.2565
Iteration 878: Benign prob = 0.2610
Iteration 879: Benign prob = 0.2620
Iteration 880: Benign prob = 0.2736
Iteration 898: Benign prob = 0.2776
Iteration 911: Benign prob = 0.2815
Iteration 924: Benign prob = 0.2875
Iteration 945: Benign prob = 0.2877
Iteration 961: Benign prob = 0.2896
Iteration 991: Benign prob = 0.2988
Iteration 994: Benign prob = 0.3085
Iteration 1009: Benign prob = 0.3185
Iteration 1010: Benign prob = 0.3189
Iteration 1012: Benign prob = 0.3232
Iteration 1028: Benign prob = 0.3257
Iteration 1035: Benign prob = 0.3334
Iteration 1072: Benign prob = 0.3340
Iteration 1073: Benign prob = 0.3392
Iteration 1077: Benign prob = 0.3397
Iteration 1192: Benign prob = 0.3484
Iteration 1194: Benign prob = 0.3637
Iteration 1216: Benign prob = 0.3725
Iteration 1228: Benign prob = 0.3760
Iteration 1345: Benign prob = 0.3766
Iteration 1357: Benign prob = 0.3842
Iteration 1375: Benign prob = 0.3843
Iteration 1419: Benign prob = 0.3923
Iteration 1443: Benign prob = 0.3961
Iteration 1458: Benign prob = 0.4035
Iteration 1494: Benign prob = 0.4210
Iteration 1571: Benign prob = 0.4218
Iteration 1605: Benign prob = 0.4219
Iteration 1616: Benign prob = 0.4231
Iteration 1646: Benign prob = 0.4254
Iteration 1650: Benign prob = 0.4255
Iteration 1659: Benign prob = 0.4268
Iteration 1673: Benign prob = 0.4412
Iteration 1727: Benign prob = 0.4423
Iteration 1734: Benign prob = 0.4470
Iteration 1761: Benign prob = 0.4489
Iteration 1768: Benign prob = 0.4574
Iteration 1864: Benign prob = 0.4784
Iteration 1902: Benign prob = 0.4879
Iteration 1910: Benign prob = 0.4892
Iteration 1932: Benign prob = 0.4948
Iteration 1960: Benign prob = 0.5017
Iteration 1997: Benign prob = 0.5055
Iteration 2023: Benign prob = 0.5082
Iteration 2037: Benign prob = 0.5094
Iteration 2041: Benign prob = 0.5180
Iteration 2058: Benign prob = 0.5194
Iteration 2096: Benign prob = 0.5201
Iteration 2110: Benign prob = 0.5219
Iteration 2131: Benign prob = 0.5225
Iteration 2142: Benign prob = 0.5260
Iteration 2198: Benign prob = 0.5347
Iteration 2263: Benign prob = 0.5393
Iteration 2270: Benign prob = 0.5417
Iteration 2287: Benign prob = 0.5436
Iteration 2290: Benign prob = 0.5454
Iteration 2297: Benign prob = 0.5537

 Completed Adversarial Image for image 1 in 3.92 minutes.

--- Adversarial Prediction Results for image 1: (/home/users/atodorova/alisa-thesis/malnet-cnn/test/smssend/artemis/0F7E30F4CD49DC2E2D12F65AC7B32CDB2FCB277B125D8C6BAB1C746B347311DE.png) ---
Predicted class: 11 (benign)
Confidence     : 0.5537
True class     : 34 (smssend)


=== [2/10] Creating EA Adversarial Image for /home/users/atodorova/alisa-thesis/malnet-cnn/test/smssend/artemis/1E78B7A044FAC9C2D36774F8EBC0EAA871F70EB2C840FBD5B02A0B7C7972FFDC.png ===

--- Original Prediction Results ---
Predicted class: 15 (clickfraud++riskware)

Confidence     : 0.3489

True class     : 34 (smssend)

Target ('benign') class: 11 (benign)

[INFO] Benign class became best class at iteration 2302 with confidence 0.2904!

Targeted adversarial image created in 4841 iterations.
Benign first predicted at iteration 2302 with confidence 0.2904.

Benign probability changes (iteration, prob):
Iteration 0: Benign prob = 0.0003
Iteration 1: Benign prob = 0.0005
Iteration 2: Benign prob = 0.0013
Iteration 3: Benign prob = 0.0014
Iteration 4: Benign prob = 0.0016
Iteration 6: Benign prob = 0.0017
Iteration 7: Benign prob = 0.0018
Iteration 9: Benign prob = 0.0018
Iteration 10: Benign prob = 0.0019
Iteration 11: Benign prob = 0.0022
Iteration 14: Benign prob = 0.0023
Iteration 21: Benign prob = 0.0023
Iteration 25: Benign prob = 0.0024
Iteration 26: Benign prob = 0.0024
Iteration 27: Benign prob = 0.0025
Iteration 32: Benign prob = 0.0026
Iteration 35: Benign prob = 0.0028
Iteration 45: Benign prob = 0.0032
Iteration 48: Benign prob = 0.0033
Iteration 49: Benign prob = 0.0034
Iteration 52: Benign prob = 0.0036
Iteration 55: Benign prob = 0.0038
Iteration 56: Benign prob = 0.0040
Iteration 58: Benign prob = 0.0044
Iteration 66: Benign prob = 0.0053
Iteration 67: Benign prob = 0.0059
Iteration 70: Benign prob = 0.0059
Iteration 74: Benign prob = 0.0062
Iteration 75: Benign prob = 0.0073
Iteration 80: Benign prob = 0.0076
Iteration 91: Benign prob = 0.0087
Iteration 112: Benign prob = 0.0087
Iteration 116: Benign prob = 0.0088
Iteration 128: Benign prob = 0.0089
Iteration 129: Benign prob = 0.0094
Iteration 131: Benign prob = 0.0105
Iteration 132: Benign prob = 0.0115
Iteration 134: Benign prob = 0.0118
Iteration 137: Benign prob = 0.0120
Iteration 138: Benign prob = 0.0122
Iteration 140: Benign prob = 0.0123
Iteration 152: Benign prob = 0.0135
Iteration 161: Benign prob = 0.0136
Iteration 168: Benign prob = 0.0140
Iteration 171: Benign prob = 0.0145
Iteration 185: Benign prob = 0.0166
Iteration 213: Benign prob = 0.0167
Iteration 214: Benign prob = 0.0177
Iteration 215: Benign prob = 0.0181
Iteration 234: Benign prob = 0.0186
Iteration 238: Benign prob = 0.0193
Iteration 245: Benign prob = 0.0211
Iteration 278: Benign prob = 0.0223
Iteration 301: Benign prob = 0.0227
Iteration 324: Benign prob = 0.0236
Iteration 325: Benign prob = 0.0238
Iteration 335: Benign prob = 0.0241
Iteration 358: Benign prob = 0.0244
Iteration 371: Benign prob = 0.0247
Iteration 385: Benign prob = 0.0261
Iteration 400: Benign prob = 0.0266
Iteration 409: Benign prob = 0.0272
Iteration 439: Benign prob = 0.0276
Iteration 453: Benign prob = 0.0285
Iteration 464: Benign prob = 0.0286
Iteration 469: Benign prob = 0.0296
Iteration 474: Benign prob = 0.0307
Iteration 483: Benign prob = 0.0314
Iteration 507: Benign prob = 0.0334
Iteration 515: Benign prob = 0.0340
Iteration 520: Benign prob = 0.0345
Iteration 530: Benign prob = 0.0351
Iteration 533: Benign prob = 0.0356
Iteration 538: Benign prob = 0.0360
Iteration 540: Benign prob = 0.0370
Iteration 545: Benign prob = 0.0376
Iteration 569: Benign prob = 0.0382
Iteration 580: Benign prob = 0.0411
Iteration 591: Benign prob = 0.0421
Iteration 624: Benign prob = 0.0425
Iteration 630: Benign prob = 0.0434
Iteration 645: Benign prob = 0.0437
Iteration 646: Benign prob = 0.0442
Iteration 648: Benign prob = 0.0475
Iteration 661: Benign prob = 0.0511
Iteration 667: Benign prob = 0.0515
Iteration 696: Benign prob = 0.0525
Iteration 712: Benign prob = 0.0528
Iteration 721: Benign prob = 0.0531
Iteration 740: Benign prob = 0.0534
Iteration 744: Benign prob = 0.0566
Iteration 752: Benign prob = 0.0583
Iteration 771: Benign prob = 0.0591
Iteration 793: Benign prob = 0.0637
Iteration 815: Benign prob = 0.0682
Iteration 839: Benign prob = 0.0683
Iteration 872: Benign prob = 0.0684
Iteration 883: Benign prob = 0.0689
Iteration 894: Benign prob = 0.0706
Iteration 905: Benign prob = 0.0708
Iteration 907: Benign prob = 0.0709
Iteration 911: Benign prob = 0.0749
Iteration 935: Benign prob = 0.0754
Iteration 936: Benign prob = 0.0755
Iteration 944: Benign prob = 0.0784
Iteration 951: Benign prob = 0.0785
Iteration 964: Benign prob = 0.0800
Iteration 965: Benign prob = 0.0818
Iteration 979: Benign prob = 0.0819
Iteration 996: Benign prob = 0.0819
Iteration 1003: Benign prob = 0.0865
Iteration 1044: Benign prob = 0.0871
Iteration 1047: Benign prob = 0.0879
Iteration 1054: Benign prob = 0.0894
Iteration 1064: Benign prob = 0.0902
Iteration 1072: Benign prob = 0.0906
Iteration 1081: Benign prob = 0.0921
Iteration 1084: Benign prob = 0.0954
Iteration 1094: Benign prob = 0.0977
Iteration 1154: Benign prob = 0.0985
Iteration 1187: Benign prob = 0.0995
Iteration 1188: Benign prob = 0.1002
Iteration 1200: Benign prob = 0.1021
Iteration 1222: Benign prob = 0.1053
Iteration 1226: Benign prob = 0.1126
Iteration 1250: Benign prob = 0.1138
Iteration 1333: Benign prob = 0.1160
Iteration 1375: Benign prob = 0.1194
Iteration 1411: Benign prob = 0.1205
Iteration 1430: Benign prob = 0.1260
Iteration 1457: Benign prob = 0.1294
Iteration 1467: Benign prob = 0.1298
Iteration 1479: Benign prob = 0.1312
Iteration 1504: Benign prob = 0.1342
Iteration 1523: Benign prob = 0.1388
Iteration 1552: Benign prob = 0.1417
Iteration 1555: Benign prob = 0.1423
Iteration 1563: Benign prob = 0.1552
Iteration 1619: Benign prob = 0.1561
Iteration 1623: Benign prob = 0.1577
Iteration 1654: Benign prob = 0.1580
Iteration 1655: Benign prob = 0.1652
Iteration 1666: Benign prob = 0.1679
Iteration 1668: Benign prob = 0.1696
Iteration 1691: Benign prob = 0.1718
Iteration 1710: Benign prob = 0.1742
Iteration 1725: Benign prob = 0.1762
Iteration 1726: Benign prob = 0.1768
Iteration 1730: Benign prob = 0.1778
Iteration 1752: Benign prob = 0.1781
Iteration 1753: Benign prob = 0.1788
Iteration 1765: Benign prob = 0.1798
Iteration 1782: Benign prob = 0.1806
Iteration 1787: Benign prob = 0.1864
Iteration 1792: Benign prob = 0.1876
Iteration 1820: Benign prob = 0.1883
Iteration 1846: Benign prob = 0.1890
Iteration 1854: Benign prob = 0.1951
Iteration 1889: Benign prob = 0.1952
Iteration 1906: Benign prob = 0.2066
Iteration 1928: Benign prob = 0.2085
Iteration 1972: Benign prob = 0.2097
Iteration 1977: Benign prob = 0.2102
Iteration 2002: Benign prob = 0.2125
Iteration 2007: Benign prob = 0.2268
Iteration 2030: Benign prob = 0.2314
Iteration 2035: Benign prob = 0.2329
Iteration 2068: Benign prob = 0.2440
Iteration 2079: Benign prob = 0.2490
Iteration 2095: Benign prob = 0.2523
Iteration 2116: Benign prob = 0.2533
Iteration 2183: Benign prob = 0.2556
Iteration 2199: Benign prob = 0.2604
Iteration 2240: Benign prob = 0.2702
Iteration 2256: Benign prob = 0.2738
Iteration 2301: Benign prob = 0.2791
Iteration 2302: Benign prob = 0.2904
Iteration 2318: Benign prob = 0.2916
Iteration 2394: Benign prob = 0.2926
Iteration 2491: Benign prob = 0.2946
Iteration 2530: Benign prob = 0.2970
Iteration 2610: Benign prob = 0.2979
Iteration 2640: Benign prob = 0.2985
Iteration 2670: Benign prob = 0.2989
Iteration 2680: Benign prob = 0.2996
Iteration 2727: Benign prob = 0.3009
Iteration 2735: Benign prob = 0.3015
Iteration 2743: Benign prob = 0.3065
Iteration 2758: Benign prob = 0.3082
Iteration 2785: Benign prob = 0.3093
Iteration 2808: Benign prob = 0.3123
Iteration 2819: Benign prob = 0.3142
Iteration 2832: Benign prob = 0.3152
Iteration 2840: Benign prob = 0.3161
Iteration 2857: Benign prob = 0.3191
Iteration 2875: Benign prob = 0.3206
Iteration 2910: Benign prob = 0.3220
Iteration 2916: Benign prob = 0.3249
Iteration 2936: Benign prob = 0.3250
Iteration 2955: Benign prob = 0.3252
Iteration 2985: Benign prob = 0.3263
Iteration 2995: Benign prob = 0.3304
Iteration 3006: Benign prob = 0.3394
Iteration 3007: Benign prob = 0.3399
Iteration 3088: Benign prob = 0.3401
Iteration 3092: Benign prob = 0.3431
Iteration 3118: Benign prob = 0.3472
Iteration 3130: Benign prob = 0.3476
Iteration 3137: Benign prob = 0.3602
Iteration 3143: Benign prob = 0.3626
Iteration 3203: Benign prob = 0.3654
Iteration 3224: Benign prob = 0.3661
Iteration 3226: Benign prob = 0.3664
Iteration 3234: Benign prob = 0.3679
Iteration 3268: Benign prob = 0.3849
Iteration 3270: Benign prob = 0.3879
Iteration 3298: Benign prob = 0.3913
Iteration 3358: Benign prob = 0.3973
Iteration 3407: Benign prob = 0.4007
Iteration 3412: Benign prob = 0.4024
Iteration 3428: Benign prob = 0.4042
Iteration 3452: Benign prob = 0.4048
Iteration 3466: Benign prob = 0.4113
Iteration 3643: Benign prob = 0.4167
Iteration 3684: Benign prob = 0.4171
Iteration 3779: Benign prob = 0.4179
Iteration 3805: Benign prob = 0.4204
Iteration 3833: Benign prob = 0.4242
Iteration 3950: Benign prob = 0.4259
Iteration 3995: Benign prob = 0.4339
Iteration 4057: Benign prob = 0.4412
Iteration 4063: Benign prob = 0.4412
Iteration 4092: Benign prob = 0.4420
Iteration 4094: Benign prob = 0.4478
Iteration 4136: Benign prob = 0.4505
Iteration 4150: Benign prob = 0.4854
Iteration 4182: Benign prob = 0.4889
Iteration 4185: Benign prob = 0.4903
Iteration 4187: Benign prob = 0.4919
Iteration 4212: Benign prob = 0.4981
Iteration 4316: Benign prob = 0.5000
Iteration 4331: Benign prob = 0.5013
Iteration 4368: Benign prob = 0.5052
Iteration 4407: Benign prob = 0.5061
Iteration 4450: Benign prob = 0.5163
Iteration 4475: Benign prob = 0.5218
Iteration 4578: Benign prob = 0.5266
Iteration 4583: Benign prob = 0.5284
Iteration 4720: Benign prob = 0.5332
Iteration 4749: Benign prob = 0.5333
Iteration 4769: Benign prob = 0.5359
Iteration 4771: Benign prob = 0.5418
Iteration 4800: Benign prob = 0.5435
Iteration 4841: Benign prob = 0.5547

 Completed Adversarial Image for image 2 in 8.23 minutes.

--- Adversarial Prediction Results for image 2: (/home/users/atodorova/alisa-thesis/malnet-cnn/test/smssend/artemis/1E78B7A044FAC9C2D36774F8EBC0EAA871F70EB2C840FBD5B02A0B7C7972FFDC.png) ---
Predicted class: 11 (benign)
Confidence     : 0.5547
True class     : 34 (smssend)


=== [3/10] Creating EA Adversarial Image for /home/users/atodorova/alisa-thesis/malnet-cnn/test/smssend/igexin/0A2304EA57D027D9CFF3758C2654291548D8E65AFB256E9E82EF10E89042F573.png ===

--- Original Prediction Results ---
Predicted class: 15 (clickfraud++riskware)

Confidence     : 0.3673

True class     : 34 (smssend)

Target ('benign') class: 11 (benign)

[INFO] Benign class became best class at iteration 9370 with confidence 0.2715!

Failed to generate adversarial image in 10000 iterations.
Benign first predicted at iteration 9370 with confidence 0.2715.

Benign probability changes (iteration, prob):
Iteration 0: Benign prob = 0.0006
Iteration 1: Benign prob = 0.0007
Iteration 4: Benign prob = 0.0008
Iteration 5: Benign prob = 0.0015
Iteration 6: Benign prob = 0.0019
Iteration 12: Benign prob = 0.0021
Iteration 13: Benign prob = 0.0024
Iteration 18: Benign prob = 0.0024
Iteration 26: Benign prob = 0.0025
Iteration 27: Benign prob = 0.0025
Iteration 31: Benign prob = 0.0028
Iteration 35: Benign prob = 0.0028
Iteration 38: Benign prob = 0.0029
Iteration 50: Benign prob = 0.0031
Iteration 52: Benign prob = 0.0035
Iteration 63: Benign prob = 0.0037
Iteration 64: Benign prob = 0.0039
Iteration 70: Benign prob = 0.0040
Iteration 72: Benign prob = 0.0040
Iteration 77: Benign prob = 0.0041
Iteration 78: Benign prob = 0.0041
Iteration 80: Benign prob = 0.0046
Iteration 82: Benign prob = 0.0049
Iteration 91: Benign prob = 0.0051
Iteration 99: Benign prob = 0.0052
Iteration 101: Benign prob = 0.0053
Iteration 119: Benign prob = 0.0057
Iteration 126: Benign prob = 0.0060
Iteration 132: Benign prob = 0.0063
Iteration 133: Benign prob = 0.0065
Iteration 159: Benign prob = 0.0067
Iteration 162: Benign prob = 0.0070
Iteration 164: Benign prob = 0.0074
Iteration 173: Benign prob = 0.0076
Iteration 180: Benign prob = 0.0080
Iteration 187: Benign prob = 0.0081
Iteration 190: Benign prob = 0.0085
Iteration 192: Benign prob = 0.0086
Iteration 193: Benign prob = 0.0088
Iteration 215: Benign prob = 0.0095
Iteration 233: Benign prob = 0.0097
Iteration 236: Benign prob = 0.0097
Iteration 237: Benign prob = 0.0099
Iteration 262: Benign prob = 0.0100
Iteration 264: Benign prob = 0.0100
Iteration 272: Benign prob = 0.0103
Iteration 281: Benign prob = 0.0107
Iteration 283: Benign prob = 0.0109
Iteration 303: Benign prob = 0.0117
Iteration 312: Benign prob = 0.0117
Iteration 316: Benign prob = 0.0118
Iteration 324: Benign prob = 0.0126
Iteration 341: Benign prob = 0.0127
Iteration 344: Benign prob = 0.0133
Iteration 351: Benign prob = 0.0136
Iteration 365: Benign prob = 0.0136
Iteration 376: Benign prob = 0.0142
Iteration 388: Benign prob = 0.0153
Iteration 423: Benign prob = 0.0155
Iteration 427: Benign prob = 0.0158
Iteration 433: Benign prob = 0.0158
Iteration 439: Benign prob = 0.0159
Iteration 443: Benign prob = 0.0161
Iteration 454: Benign prob = 0.0162
Iteration 455: Benign prob = 0.0170
Iteration 467: Benign prob = 0.0175
Iteration 477: Benign prob = 0.0176
Iteration 478: Benign prob = 0.0178
Iteration 488: Benign prob = 0.0180
Iteration 494: Benign prob = 0.0187
Iteration 504: Benign prob = 0.0206
Iteration 514: Benign prob = 0.0210
Iteration 567: Benign prob = 0.0213
Iteration 604: Benign prob = 0.0216
Iteration 615: Benign prob = 0.0217
Iteration 638: Benign prob = 0.0219
Iteration 641: Benign prob = 0.0235
Iteration 642: Benign prob = 0.0235
Iteration 684: Benign prob = 0.0241
Iteration 686: Benign prob = 0.0245
Iteration 705: Benign prob = 0.0246
Iteration 749: Benign prob = 0.0247
Iteration 752: Benign prob = 0.0250
Iteration 768: Benign prob = 0.0259
Iteration 776: Benign prob = 0.0266
Iteration 783: Benign prob = 0.0267
Iteration 791: Benign prob = 0.0274
Iteration 801: Benign prob = 0.0279
Iteration 846: Benign prob = 0.0294
Iteration 864: Benign prob = 0.0303
Iteration 867: Benign prob = 0.0305
Iteration 916: Benign prob = 0.0308
Iteration 936: Benign prob = 0.0334
Iteration 945: Benign prob = 0.0339
Iteration 984: Benign prob = 0.0341
Iteration 1022: Benign prob = 0.0343
Iteration 1023: Benign prob = 0.0355
Iteration 1147: Benign prob = 0.0368
Iteration 1223: Benign prob = 0.0370
Iteration 1287: Benign prob = 0.0371
Iteration 1290: Benign prob = 0.0375
Iteration 1312: Benign prob = 0.0381
Iteration 1338: Benign prob = 0.0388
Iteration 1408: Benign prob = 0.0389
Iteration 1427: Benign prob = 0.0405
Iteration 1459: Benign prob = 0.0410
Iteration 1484: Benign prob = 0.0425
Iteration 1499: Benign prob = 0.0429
Iteration 1511: Benign prob = 0.0441
Iteration 1540: Benign prob = 0.0447
Iteration 1566: Benign prob = 0.0447
Iteration 1623: Benign prob = 0.0457
Iteration 1649: Benign prob = 0.0458
Iteration 1659: Benign prob = 0.0468
Iteration 1744: Benign prob = 0.0469
Iteration 1746: Benign prob = 0.0488
Iteration 1752: Benign prob = 0.0492
Iteration 1862: Benign prob = 0.0497
Iteration 1867: Benign prob = 0.0499
Iteration 1878: Benign prob = 0.0506
Iteration 1906: Benign prob = 0.0526
Iteration 2047: Benign prob = 0.0531
Iteration 2049: Benign prob = 0.0536
Iteration 2143: Benign prob = 0.0538
Iteration 2168: Benign prob = 0.0540
Iteration 2169: Benign prob = 0.0542
Iteration 2184: Benign prob = 0.0549
Iteration 2186: Benign prob = 0.0557
Iteration 2198: Benign prob = 0.0570
Iteration 2220: Benign prob = 0.0575
Iteration 2288: Benign prob = 0.0592
Iteration 2372: Benign prob = 0.0601
Iteration 2375: Benign prob = 0.0604
Iteration 2391: Benign prob = 0.0605
Iteration 2392: Benign prob = 0.0623
Iteration 2480: Benign prob = 0.0623
Iteration 2484: Benign prob = 0.0636
Iteration 2520: Benign prob = 0.0659
Iteration 2590: Benign prob = 0.0666
Iteration 2604: Benign prob = 0.0676
Iteration 2641: Benign prob = 0.0676
Iteration 2642: Benign prob = 0.0677
Iteration 2666: Benign prob = 0.0691
Iteration 2717: Benign prob = 0.0720
Iteration 2815: Benign prob = 0.0727
Iteration 2823: Benign prob = 0.0735
Iteration 2842: Benign prob = 0.0745
Iteration 2940: Benign prob = 0.0747
Iteration 2958: Benign prob = 0.0758
Iteration 2979: Benign prob = 0.0780
Iteration 2984: Benign prob = 0.0786
Iteration 3048: Benign prob = 0.0795
Iteration 3061: Benign prob = 0.0807
Iteration 3075: Benign prob = 0.0829
Iteration 3214: Benign prob = 0.0850
Iteration 3249: Benign prob = 0.0860
Iteration 3270: Benign prob = 0.0924
Iteration 3313: Benign prob = 0.0934
Iteration 3355: Benign prob = 0.0935
Iteration 3386: Benign prob = 0.0945
Iteration 3482: Benign prob = 0.0964
Iteration 3563: Benign prob = 0.0979
Iteration 3615: Benign prob = 0.0987
Iteration 3720: Benign prob = 0.1019
Iteration 3785: Benign prob = 0.1020
Iteration 3887: Benign prob = 0.1036
Iteration 3929: Benign prob = 0.1039
Iteration 3957: Benign prob = 0.1039
Iteration 4050: Benign prob = 0.1043
Iteration 4059: Benign prob = 0.1043
Iteration 4090: Benign prob = 0.1059
Iteration 4236: Benign prob = 0.1072
Iteration 4278: Benign prob = 0.1084
Iteration 4301: Benign prob = 0.1091
Iteration 4326: Benign prob = 0.1118
Iteration 4381: Benign prob = 0.1151
Iteration 4421: Benign prob = 0.1160
Iteration 4425: Benign prob = 0.1172
Iteration 4485: Benign prob = 0.1187
Iteration 4491: Benign prob = 0.1204
Iteration 4493: Benign prob = 0.1221
Iteration 4611: Benign prob = 0.1237
Iteration 4621: Benign prob = 0.1247
Iteration 4646: Benign prob = 0.1253
Iteration 4651: Benign prob = 0.1255
Iteration 4825: Benign prob = 0.1258
Iteration 4858: Benign prob = 0.1288
Iteration 4916: Benign prob = 0.1292
Iteration 4979: Benign prob = 0.1296
Iteration 4990: Benign prob = 0.1299
Iteration 5001: Benign prob = 0.1309
Iteration 5003: Benign prob = 0.1325
Iteration 5113: Benign prob = 0.1369
Iteration 5163: Benign prob = 0.1387
Iteration 5220: Benign prob = 0.1414
Iteration 5353: Benign prob = 0.1430
Iteration 5358: Benign prob = 0.1443
Iteration 5366: Benign prob = 0.1457
Iteration 5412: Benign prob = 0.1473
Iteration 5450: Benign prob = 0.1492
Iteration 5471: Benign prob = 0.1522
Iteration 5557: Benign prob = 0.1528
Iteration 5586: Benign prob = 0.1568
Iteration 5691: Benign prob = 0.1612
Iteration 5803: Benign prob = 0.1613
Iteration 5841: Benign prob = 0.1649
Iteration 5917: Benign prob = 0.1649
Iteration 6025: Benign prob = 0.1655
Iteration 6036: Benign prob = 0.1668
Iteration 6063: Benign prob = 0.1686
Iteration 6144: Benign prob = 0.1748
Iteration 6151: Benign prob = 0.1752
Iteration 6178: Benign prob = 0.1756
Iteration 6229: Benign prob = 0.1756
Iteration 6309: Benign prob = 0.1761
Iteration 6334: Benign prob = 0.1774
Iteration 6398: Benign prob = 0.1777
Iteration 6529: Benign prob = 0.1788
Iteration 6547: Benign prob = 0.1806
Iteration 6616: Benign prob = 0.1815
Iteration 6634: Benign prob = 0.1838
Iteration 6687: Benign prob = 0.1910
Iteration 6878: Benign prob = 0.1912
Iteration 6949: Benign prob = 0.1913
Iteration 6980: Benign prob = 0.1919
Iteration 7041: Benign prob = 0.1939
Iteration 7048: Benign prob = 0.1967
Iteration 7146: Benign prob = 0.1982
Iteration 7222: Benign prob = 0.1987
Iteration 7226: Benign prob = 0.1992
Iteration 7309: Benign prob = 0.2020
Iteration 7498: Benign prob = 0.2039
Iteration 7620: Benign prob = 0.2053
Iteration 7621: Benign prob = 0.2067
Iteration 7635: Benign prob = 0.2094
Iteration 7780: Benign prob = 0.2140
Iteration 7960: Benign prob = 0.2175
Iteration 7997: Benign prob = 0.2197
Iteration 8122: Benign prob = 0.2214
Iteration 8132: Benign prob = 0.2226
Iteration 8305: Benign prob = 0.2230
Iteration 8335: Benign prob = 0.2241
Iteration 8362: Benign prob = 0.2275
Iteration 8384: Benign prob = 0.2281
Iteration 8408: Benign prob = 0.2338
Iteration 8514: Benign prob = 0.2354
Iteration 8547: Benign prob = 0.2368
Iteration 8549: Benign prob = 0.2398
Iteration 8583: Benign prob = 0.2419
Iteration 8602: Benign prob = 0.2435
Iteration 8715: Benign prob = 0.2443
Iteration 8721: Benign prob = 0.2443
Iteration 8800: Benign prob = 0.2457
Iteration 8801: Benign prob = 0.2459
Iteration 8825: Benign prob = 0.2470
Iteration 8884: Benign prob = 0.2491
Iteration 8985: Benign prob = 0.2493
Iteration 8986: Benign prob = 0.2528
Iteration 9090: Benign prob = 0.2575
Iteration 9174: Benign prob = 0.2620
Iteration 9229: Benign prob = 0.2624
Iteration 9307: Benign prob = 0.2634
Iteration 9351: Benign prob = 0.2637
Iteration 9353: Benign prob = 0.2644
Iteration 9355: Benign prob = 0.2675
Iteration 9370: Benign prob = 0.2715
Iteration 9442: Benign prob = 0.2740
Iteration 9496: Benign prob = 0.2749
Iteration 9513: Benign prob = 0.2755
Iteration 9515: Benign prob = 0.2760
Iteration 9536: Benign prob = 0.2764
Iteration 9544: Benign prob = 0.2784
Iteration 9628: Benign prob = 0.2796
Iteration 9667: Benign prob = 0.2806
Iteration 9683: Benign prob = 0.2841
Iteration 9902: Benign prob = 0.2848
Iteration 9989: Benign prob = 0.2900

 Completed Adversarial Image for image 3 in 16.92 minutes.

--- Adversarial Prediction Results for image 3: (/home/users/atodorova/alisa-thesis/malnet-cnn/test/smssend/igexin/0A2304EA57D027D9CFF3758C2654291548D8E65AFB256E9E82EF10E89042F573.png) ---
Predicted class: 15 (clickfraud++riskware)
Confidence     : 0.3673
True class     : 34 (smssend)


=== [4/10] Creating EA Adversarial Image for /home/users/atodorova/alisa-thesis/malnet-cnn/test/smssend/igexin/0BBF56F4CF22838DB5DA9571C651E835335FA1972A35FE5CA95B72BC97259C47.png ===

--- Original Prediction Results ---
Predicted class: 4 (adware)

Confidence     : 1.0000

True class     : 34 (smssend)

Target ('benign') class: 11 (benign)

[INFO] Benign class became best class at iteration 6803 with confidence 0.3308!

Failed to generate adversarial image in 10000 iterations.
Benign first predicted at iteration 6803 with confidence 0.3308.

Benign probability changes (iteration, prob):
Iteration 0: Benign prob = 0.0006
Iteration 2: Benign prob = 0.0013
Iteration 3: Benign prob = 0.0015
Iteration 4: Benign prob = 0.0016
Iteration 5: Benign prob = 0.0018
Iteration 8: Benign prob = 0.0019
Iteration 9: Benign prob = 0.0019
Iteration 10: Benign prob = 0.0020
Iteration 11: Benign prob = 0.0021
Iteration 12: Benign prob = 0.0023
Iteration 14: Benign prob = 0.0024
Iteration 15: Benign prob = 0.0024
Iteration 16: Benign prob = 0.0025
Iteration 21: Benign prob = 0.0027
Iteration 23: Benign prob = 0.0028
Iteration 32: Benign prob = 0.0030
Iteration 41: Benign prob = 0.0034
Iteration 50: Benign prob = 0.0036
Iteration 61: Benign prob = 0.0038
Iteration 87: Benign prob = 0.0038
Iteration 89: Benign prob = 0.0039
Iteration 90: Benign prob = 0.0040
Iteration 91: Benign prob = 0.0041
Iteration 92: Benign prob = 0.0041
Iteration 94: Benign prob = 0.0044
Iteration 102: Benign prob = 0.0045
Iteration 103: Benign prob = 0.0045
Iteration 108: Benign prob = 0.0046
Iteration 109: Benign prob = 0.0047
Iteration 117: Benign prob = 0.0049
Iteration 118: Benign prob = 0.0049
Iteration 140: Benign prob = 0.0050
Iteration 141: Benign prob = 0.0051
Iteration 144: Benign prob = 0.0052
Iteration 153: Benign prob = 0.0053
Iteration 158: Benign prob = 0.0055
Iteration 163: Benign prob = 0.0056
Iteration 166: Benign prob = 0.0061
Iteration 171: Benign prob = 0.0063
Iteration 173: Benign prob = 0.0064
Iteration 182: Benign prob = 0.0065
Iteration 186: Benign prob = 0.0071
Iteration 188: Benign prob = 0.0072
Iteration 194: Benign prob = 0.0074
Iteration 199: Benign prob = 0.0075
Iteration 204: Benign prob = 0.0076
Iteration 209: Benign prob = 0.0077
Iteration 216: Benign prob = 0.0077
Iteration 222: Benign prob = 0.0078
Iteration 223: Benign prob = 0.0081
Iteration 229: Benign prob = 0.0082
Iteration 234: Benign prob = 0.0082
Iteration 240: Benign prob = 0.0086
Iteration 245: Benign prob = 0.0089
Iteration 246: Benign prob = 0.0094
Iteration 267: Benign prob = 0.0099
Iteration 272: Benign prob = 0.0099
Iteration 276: Benign prob = 0.0102
Iteration 280: Benign prob = 0.0105
Iteration 290: Benign prob = 0.0106
Iteration 296: Benign prob = 0.0109
Iteration 297: Benign prob = 0.0114
Iteration 315: Benign prob = 0.0115
Iteration 317: Benign prob = 0.0116
Iteration 320: Benign prob = 0.0116
Iteration 323: Benign prob = 0.0122
Iteration 331: Benign prob = 0.0124
Iteration 338: Benign prob = 0.0126
Iteration 344: Benign prob = 0.0130
Iteration 360: Benign prob = 0.0130
Iteration 361: Benign prob = 0.0132
Iteration 363: Benign prob = 0.0134
Iteration 365: Benign prob = 0.0136
Iteration 375: Benign prob = 0.0144
Iteration 382: Benign prob = 0.0149
Iteration 390: Benign prob = 0.0150
Iteration 392: Benign prob = 0.0153
Iteration 402: Benign prob = 0.0154
Iteration 404: Benign prob = 0.0155
Iteration 411: Benign prob = 0.0156
Iteration 418: Benign prob = 0.0159
Iteration 419: Benign prob = 0.0160
Iteration 424: Benign prob = 0.0164
Iteration 462: Benign prob = 0.0165
Iteration 465: Benign prob = 0.0174
Iteration 474: Benign prob = 0.0178
Iteration 486: Benign prob = 0.0179
Iteration 499: Benign prob = 0.0199
Iteration 517: Benign prob = 0.0202
Iteration 528: Benign prob = 0.0203
Iteration 540: Benign prob = 0.0204
Iteration 541: Benign prob = 0.0208
Iteration 545: Benign prob = 0.0209
Iteration 552: Benign prob = 0.0210
Iteration 572: Benign prob = 0.0216
Iteration 587: Benign prob = 0.0219
Iteration 590: Benign prob = 0.0221
Iteration 593: Benign prob = 0.0226
Iteration 612: Benign prob = 0.0231
Iteration 630: Benign prob = 0.0238
Iteration 631: Benign prob = 0.0238
Iteration 648: Benign prob = 0.0245
Iteration 667: Benign prob = 0.0245
Iteration 681: Benign prob = 0.0247
Iteration 684: Benign prob = 0.0249
Iteration 685: Benign prob = 0.0252
Iteration 691: Benign prob = 0.0256
Iteration 694: Benign prob = 0.0257
Iteration 696: Benign prob = 0.0265
Iteration 719: Benign prob = 0.0270
Iteration 748: Benign prob = 0.0276
Iteration 753: Benign prob = 0.0284
Iteration 772: Benign prob = 0.0284
Iteration 786: Benign prob = 0.0287
Iteration 789: Benign prob = 0.0287
Iteration 795: Benign prob = 0.0297
Iteration 830: Benign prob = 0.0315
Iteration 841: Benign prob = 0.0316
Iteration 844: Benign prob = 0.0318
Iteration 884: Benign prob = 0.0325
Iteration 971: Benign prob = 0.0329
Iteration 1002: Benign prob = 0.0337
Iteration 1015: Benign prob = 0.0342
Iteration 1027: Benign prob = 0.0342
Iteration 1034: Benign prob = 0.0347
Iteration 1039: Benign prob = 0.0349
Iteration 1040: Benign prob = 0.0355
Iteration 1076: Benign prob = 0.0377
Iteration 1115: Benign prob = 0.0392
Iteration 1149: Benign prob = 0.0394
Iteration 1167: Benign prob = 0.0407
Iteration 1213: Benign prob = 0.0417
Iteration 1229: Benign prob = 0.0418
Iteration 1235: Benign prob = 0.0420
Iteration 1241: Benign prob = 0.0424
Iteration 1252: Benign prob = 0.0428
Iteration 1254: Benign prob = 0.0431
Iteration 1265: Benign prob = 0.0431
Iteration 1279: Benign prob = 0.0442
Iteration 1291: Benign prob = 0.0453
Iteration 1294: Benign prob = 0.0455
Iteration 1330: Benign prob = 0.0465
Iteration 1352: Benign prob = 0.0470
Iteration 1414: Benign prob = 0.0475
Iteration 1419: Benign prob = 0.0490
Iteration 1467: Benign prob = 0.0495
Iteration 1475: Benign prob = 0.0499
Iteration 1494: Benign prob = 0.0513
Iteration 1507: Benign prob = 0.0523
Iteration 1566: Benign prob = 0.0525
Iteration 1575: Benign prob = 0.0532
Iteration 1605: Benign prob = 0.0552
Iteration 1683: Benign prob = 0.0558
Iteration 1705: Benign prob = 0.0560
Iteration 1734: Benign prob = 0.0563
Iteration 1738: Benign prob = 0.0581
Iteration 1742: Benign prob = 0.0598
Iteration 1792: Benign prob = 0.0604
Iteration 1808: Benign prob = 0.0622
Iteration 1906: Benign prob = 0.0646
Iteration 1970: Benign prob = 0.0650
Iteration 1976: Benign prob = 0.0663
Iteration 2073: Benign prob = 0.0674
Iteration 2129: Benign prob = 0.0682
Iteration 2151: Benign prob = 0.0694
Iteration 2175: Benign prob = 0.0702
Iteration 2178: Benign prob = 0.0720
Iteration 2238: Benign prob = 0.0755
Iteration 2268: Benign prob = 0.0761
Iteration 2308: Benign prob = 0.0773
Iteration 2343: Benign prob = 0.0783
Iteration 2426: Benign prob = 0.0809
Iteration 2518: Benign prob = 0.0814
Iteration 2522: Benign prob = 0.0847
Iteration 2546: Benign prob = 0.0850
Iteration 2603: Benign prob = 0.0864
Iteration 2624: Benign prob = 0.0871
Iteration 2670: Benign prob = 0.0881
Iteration 2736: Benign prob = 0.0892
Iteration 2745: Benign prob = 0.0900
Iteration 2766: Benign prob = 0.0933
Iteration 2837: Benign prob = 0.0939
Iteration 2839: Benign prob = 0.0949
Iteration 2878: Benign prob = 0.0969
Iteration 2885: Benign prob = 0.0982
Iteration 2903: Benign prob = 0.0984
Iteration 2926: Benign prob = 0.1022
Iteration 3003: Benign prob = 0.1048
Iteration 3012: Benign prob = 0.1072
Iteration 3074: Benign prob = 0.1080
Iteration 3103: Benign prob = 0.1088
Iteration 3321: Benign prob = 0.1094
Iteration 3364: Benign prob = 0.1114
Iteration 3415: Benign prob = 0.1158
Iteration 3455: Benign prob = 0.1174
Iteration 3494: Benign prob = 0.1178
Iteration 3538: Benign prob = 0.1179
Iteration 3604: Benign prob = 0.1179
Iteration 3610: Benign prob = 0.1235
Iteration 3612: Benign prob = 0.1253
Iteration 3634: Benign prob = 0.1258
Iteration 3668: Benign prob = 0.1263
Iteration 3683: Benign prob = 0.1279
Iteration 3728: Benign prob = 0.1312
Iteration 3833: Benign prob = 0.1356
Iteration 3843: Benign prob = 0.1370
Iteration 3882: Benign prob = 0.1396
Iteration 3925: Benign prob = 0.1418
Iteration 3999: Benign prob = 0.1435
Iteration 4018: Benign prob = 0.1482
Iteration 4073: Benign prob = 0.1506
Iteration 4078: Benign prob = 0.1514
Iteration 4205: Benign prob = 0.1532
Iteration 4213: Benign prob = 0.1536
Iteration 4220: Benign prob = 0.1569
Iteration 4256: Benign prob = 0.1580
Iteration 4299: Benign prob = 0.1586
Iteration 4304: Benign prob = 0.1594
Iteration 4327: Benign prob = 0.1598
Iteration 4338: Benign prob = 0.1625
Iteration 4351: Benign prob = 0.1673
Iteration 4362: Benign prob = 0.1677
Iteration 4390: Benign prob = 0.1681
Iteration 4416: Benign prob = 0.1693
Iteration 4450: Benign prob = 0.1802
Iteration 4592: Benign prob = 0.1856
Iteration 4667: Benign prob = 0.1929
Iteration 4814: Benign prob = 0.1957
Iteration 4822: Benign prob = 0.1958
Iteration 4898: Benign prob = 0.2042
Iteration 4941: Benign prob = 0.2048
Iteration 4954: Benign prob = 0.2055
Iteration 4994: Benign prob = 0.2122
Iteration 5010: Benign prob = 0.2125
Iteration 5026: Benign prob = 0.2130
Iteration 5067: Benign prob = 0.2162
Iteration 5113: Benign prob = 0.2168
Iteration 5135: Benign prob = 0.2197
Iteration 5141: Benign prob = 0.2212
Iteration 5156: Benign prob = 0.2214
Iteration 5225: Benign prob = 0.2218
Iteration 5263: Benign prob = 0.2286
Iteration 5293: Benign prob = 0.2286
Iteration 5343: Benign prob = 0.2339
Iteration 5374: Benign prob = 0.2433
Iteration 5431: Benign prob = 0.2460
Iteration 5558: Benign prob = 0.2472
Iteration 5590: Benign prob = 0.2480
Iteration 5622: Benign prob = 0.2541
Iteration 5750: Benign prob = 0.2617
Iteration 5832: Benign prob = 0.2625
Iteration 5850: Benign prob = 0.2645
Iteration 5868: Benign prob = 0.2655
Iteration 5882: Benign prob = 0.2727
Iteration 5896: Benign prob = 0.2762
Iteration 5911: Benign prob = 0.2791
Iteration 5927: Benign prob = 0.2802
Iteration 5997: Benign prob = 0.2804
Iteration 6018: Benign prob = 0.2845
Iteration 6025: Benign prob = 0.2850
Iteration 6078: Benign prob = 0.2891
Iteration 6098: Benign prob = 0.2946
Iteration 6228: Benign prob = 0.2962
Iteration 6243: Benign prob = 0.2976
Iteration 6268: Benign prob = 0.3056
Iteration 6411: Benign prob = 0.3098
Iteration 6458: Benign prob = 0.3158
Iteration 6611: Benign prob = 0.3184
Iteration 6654: Benign prob = 0.3242
Iteration 6668: Benign prob = 0.3256
Iteration 6712: Benign prob = 0.3300
Iteration 6803: Benign prob = 0.3308
Iteration 6814: Benign prob = 0.3458
Iteration 7039: Benign prob = 0.3475
Iteration 7064: Benign prob = 0.3517
Iteration 7157: Benign prob = 0.3572
Iteration 7257: Benign prob = 0.3581
Iteration 7269: Benign prob = 0.3609
Iteration 7273: Benign prob = 0.3609
Iteration 7319: Benign prob = 0.3631
Iteration 7334: Benign prob = 0.3671
Iteration 7363: Benign prob = 0.3762
Iteration 7532: Benign prob = 0.3791
Iteration 7544: Benign prob = 0.3806
Iteration 7579: Benign prob = 0.3819
Iteration 7602: Benign prob = 0.3821
Iteration 7605: Benign prob = 0.3878
Iteration 7636: Benign prob = 0.3886
Iteration 7713: Benign prob = 0.3966
Iteration 7942: Benign prob = 0.3986
Iteration 7976: Benign prob = 0.3995
Iteration 8035: Benign prob = 0.4063
Iteration 8101: Benign prob = 0.4071
Iteration 8115: Benign prob = 0.4115
Iteration 8304: Benign prob = 0.4121
Iteration 8322: Benign prob = 0.4157
Iteration 8367: Benign prob = 0.4159
Iteration 8389: Benign prob = 0.4178
Iteration 8572: Benign prob = 0.4251
Iteration 8588: Benign prob = 0.4278
Iteration 8698: Benign prob = 0.4282
Iteration 8774: Benign prob = 0.4312
Iteration 8806: Benign prob = 0.4352
Iteration 8906: Benign prob = 0.4384
Iteration 8940: Benign prob = 0.4409
Iteration 8956: Benign prob = 0.4421
Iteration 9226: Benign prob = 0.4427
Iteration 9300: Benign prob = 0.4479
Iteration 9335: Benign prob = 0.4483
Iteration 9394: Benign prob = 0.4486
Iteration 9406: Benign prob = 0.4545
Iteration 9449: Benign prob = 0.4555
Iteration 9486: Benign prob = 0.4680
Iteration 9521: Benign prob = 0.4711
Iteration 9644: Benign prob = 0.4769
Iteration 9660: Benign prob = 0.4774
Iteration 9667: Benign prob = 0.4788
Iteration 9726: Benign prob = 0.4819
Iteration 9731: Benign prob = 0.4846
Iteration 9795: Benign prob = 0.4847
Iteration 9804: Benign prob = 0.4851
Iteration 9821: Benign prob = 0.4875
Iteration 9826: Benign prob = 0.4904
Iteration 9860: Benign prob = 0.4964
Iteration 9909: Benign prob = 0.5040

 Completed Adversarial Image for image 4 in 16.86 minutes.

--- Adversarial Prediction Results for image 4: (/home/users/atodorova/alisa-thesis/malnet-cnn/test/smssend/igexin/0BBF56F4CF22838DB5DA9571C651E835335FA1972A35FE5CA95B72BC97259C47.png) ---
Predicted class: 42 (trojan)
Confidence     : 0.3870
True class     : 34 (smssend)


=== [5/10] Creating EA Adversarial Image for /home/users/atodorova/alisa-thesis/malnet-cnn/test/smssend/igexin/00ED6D1821B7DF8782DCE627233815FC42C0808795AFAFBF3972BE0513230F3C.png ===

--- Original Prediction Results ---
Predicted class: 4 (adware)

Confidence     : 1.0000

True class     : 34 (smssend)

Target ('benign') class: 11 (benign)

[INFO] Benign class became best class at iteration 1322 with confidence 0.2695!

Targeted adversarial image created in 2056 iterations.
Benign first predicted at iteration 1322 with confidence 0.2695.

Benign probability changes (iteration, prob):
Iteration 0: Benign prob = 0.0011
Iteration 5: Benign prob = 0.0013
Iteration 6: Benign prob = 0.0014
Iteration 7: Benign prob = 0.0016
Iteration 8: Benign prob = 0.0016
Iteration 9: Benign prob = 0.0016
Iteration 10: Benign prob = 0.0016
Iteration 11: Benign prob = 0.0017
Iteration 12: Benign prob = 0.0019
Iteration 13: Benign prob = 0.0021
Iteration 14: Benign prob = 0.0021
Iteration 19: Benign prob = 0.0021
Iteration 20: Benign prob = 0.0022
Iteration 23: Benign prob = 0.0022
Iteration 27: Benign prob = 0.0023
Iteration 28: Benign prob = 0.0024
Iteration 31: Benign prob = 0.0025
Iteration 34: Benign prob = 0.0025
Iteration 38: Benign prob = 0.0026
Iteration 39: Benign prob = 0.0027
Iteration 43: Benign prob = 0.0028
Iteration 44: Benign prob = 0.0030
Iteration 45: Benign prob = 0.0031
Iteration 47: Benign prob = 0.0032
Iteration 50: Benign prob = 0.0033
Iteration 51: Benign prob = 0.0048
Iteration 58: Benign prob = 0.0049
Iteration 59: Benign prob = 0.0050
Iteration 68: Benign prob = 0.0050
Iteration 69: Benign prob = 0.0053
Iteration 71: Benign prob = 0.0054
Iteration 72: Benign prob = 0.0055
Iteration 74: Benign prob = 0.0064
Iteration 92: Benign prob = 0.0066
Iteration 98: Benign prob = 0.0073
Iteration 111: Benign prob = 0.0073
Iteration 113: Benign prob = 0.0075
Iteration 114: Benign prob = 0.0075
Iteration 116: Benign prob = 0.0080
Iteration 121: Benign prob = 0.0083
Iteration 126: Benign prob = 0.0093
Iteration 136: Benign prob = 0.0094
Iteration 142: Benign prob = 0.0094
Iteration 143: Benign prob = 0.0096
Iteration 145: Benign prob = 0.0100
Iteration 146: Benign prob = 0.0107
Iteration 149: Benign prob = 0.0109
Iteration 151: Benign prob = 0.0109
Iteration 152: Benign prob = 0.0111
Iteration 154: Benign prob = 0.0114
Iteration 156: Benign prob = 0.0115
Iteration 157: Benign prob = 0.0121
Iteration 158: Benign prob = 0.0125
Iteration 160: Benign prob = 0.0125
Iteration 162: Benign prob = 0.0127
Iteration 170: Benign prob = 0.0133
Iteration 190: Benign prob = 0.0136
Iteration 194: Benign prob = 0.0138
Iteration 195: Benign prob = 0.0144
Iteration 204: Benign prob = 0.0147
Iteration 206: Benign prob = 0.0158
Iteration 216: Benign prob = 0.0161
Iteration 218: Benign prob = 0.0166
Iteration 229: Benign prob = 0.0168
Iteration 231: Benign prob = 0.0175
Iteration 235: Benign prob = 0.0176
Iteration 238: Benign prob = 0.0180
Iteration 243: Benign prob = 0.0185
Iteration 247: Benign prob = 0.0189
Iteration 251: Benign prob = 0.0195
Iteration 252: Benign prob = 0.0201
Iteration 256: Benign prob = 0.0205
Iteration 262: Benign prob = 0.0208
Iteration 266: Benign prob = 0.0211
Iteration 288: Benign prob = 0.0213
Iteration 294: Benign prob = 0.0219
Iteration 328: Benign prob = 0.0224
Iteration 342: Benign prob = 0.0241
Iteration 343: Benign prob = 0.0245
Iteration 347: Benign prob = 0.0256
Iteration 352: Benign prob = 0.0260
Iteration 361: Benign prob = 0.0270
Iteration 371: Benign prob = 0.0275
Iteration 381: Benign prob = 0.0306
Iteration 385: Benign prob = 0.0323
Iteration 406: Benign prob = 0.0329
Iteration 408: Benign prob = 0.0330
Iteration 426: Benign prob = 0.0339
Iteration 439: Benign prob = 0.0339
Iteration 444: Benign prob = 0.0351
Iteration 457: Benign prob = 0.0356
Iteration 465: Benign prob = 0.0374
Iteration 470: Benign prob = 0.0379
Iteration 488: Benign prob = 0.0389
Iteration 507: Benign prob = 0.0406
Iteration 535: Benign prob = 0.0413
Iteration 536: Benign prob = 0.0422
Iteration 538: Benign prob = 0.0444
Iteration 556: Benign prob = 0.0459
Iteration 558: Benign prob = 0.0460
Iteration 560: Benign prob = 0.0464
Iteration 564: Benign prob = 0.0500
Iteration 580: Benign prob = 0.0501
Iteration 632: Benign prob = 0.0519
Iteration 667: Benign prob = 0.0540
Iteration 701: Benign prob = 0.0566
Iteration 704: Benign prob = 0.0591
Iteration 712: Benign prob = 0.0604
Iteration 750: Benign prob = 0.0605
Iteration 758: Benign prob = 0.0610
Iteration 771: Benign prob = 0.0639
Iteration 780: Benign prob = 0.0667
Iteration 793: Benign prob = 0.0677
Iteration 833: Benign prob = 0.0690
Iteration 834: Benign prob = 0.0751
Iteration 836: Benign prob = 0.0760
Iteration 848: Benign prob = 0.0785
Iteration 882: Benign prob = 0.0853
Iteration 905: Benign prob = 0.0872
Iteration 912: Benign prob = 0.0919
Iteration 918: Benign prob = 0.0927
Iteration 922: Benign prob = 0.0928
Iteration 927: Benign prob = 0.1018
Iteration 947: Benign prob = 0.1025
Iteration 956: Benign prob = 0.1063
Iteration 958: Benign prob = 0.1196
Iteration 988: Benign prob = 0.1221
Iteration 1004: Benign prob = 0.1315
Iteration 1008: Benign prob = 0.1389
Iteration 1031: Benign prob = 0.1448
Iteration 1034: Benign prob = 0.1518
Iteration 1043: Benign prob = 0.1624
Iteration 1053: Benign prob = 0.1645
Iteration 1057: Benign prob = 0.1785
Iteration 1094: Benign prob = 0.1901
Iteration 1129: Benign prob = 0.1902
Iteration 1150: Benign prob = 0.1917
Iteration 1161: Benign prob = 0.1936
Iteration 1175: Benign prob = 0.1987
Iteration 1182: Benign prob = 0.2005
Iteration 1189: Benign prob = 0.2086
Iteration 1214: Benign prob = 0.2218
Iteration 1263: Benign prob = 0.2342
Iteration 1271: Benign prob = 0.2364
Iteration 1291: Benign prob = 0.2451
Iteration 1299: Benign prob = 0.2509
Iteration 1302: Benign prob = 0.2534
Iteration 1304: Benign prob = 0.2549
Iteration 1316: Benign prob = 0.2573
Iteration 1322: Benign prob = 0.2695
Iteration 1338: Benign prob = 0.2841
Iteration 1348: Benign prob = 0.2997
Iteration 1356: Benign prob = 0.3006
Iteration 1374: Benign prob = 0.3065
Iteration 1379: Benign prob = 0.3065
Iteration 1399: Benign prob = 0.3071
Iteration 1406: Benign prob = 0.3077
Iteration 1424: Benign prob = 0.3159
Iteration 1457: Benign prob = 0.3218
Iteration 1474: Benign prob = 0.3267
Iteration 1503: Benign prob = 0.3318
Iteration 1533: Benign prob = 0.3370
Iteration 1546: Benign prob = 0.3507
Iteration 1603: Benign prob = 0.3849
Iteration 1613: Benign prob = 0.3907
Iteration 1658: Benign prob = 0.3933
Iteration 1680: Benign prob = 0.4004
Iteration 1695: Benign prob = 0.4065
Iteration 1717: Benign prob = 0.4247
Iteration 1730: Benign prob = 0.4363
Iteration 1741: Benign prob = 0.4365
Iteration 1748: Benign prob = 0.4387
Iteration 1764: Benign prob = 0.4509
Iteration 1778: Benign prob = 0.4589
Iteration 1802: Benign prob = 0.4628
Iteration 1814: Benign prob = 0.4858
Iteration 1899: Benign prob = 0.4899
Iteration 1909: Benign prob = 0.4937
Iteration 1915: Benign prob = 0.5111
Iteration 1934: Benign prob = 0.5169
Iteration 1951: Benign prob = 0.5212
Iteration 1967: Benign prob = 0.5290
Iteration 1995: Benign prob = 0.5355
Iteration 2023: Benign prob = 0.5428
Iteration 2056: Benign prob = 0.5646

 Completed Adversarial Image for image 5 in 3.48 minutes.

--- Adversarial Prediction Results for image 5: (/home/users/atodorova/alisa-thesis/malnet-cnn/test/smssend/igexin/00ED6D1821B7DF8782DCE627233815FC42C0808795AFAFBF3972BE0513230F3C.png) ---
Predicted class: 11 (benign)
Confidence     : 0.5646
True class     : 34 (smssend)


=== [6/10] Creating EA Adversarial Image for /home/users/atodorova/alisa-thesis/malnet-cnn/test/smssend/koomer/2D9CBF3475740B0892F9B74BA9B5E36D15FD63C75C03115477894BCDD002BFBD.png ===

--- Original Prediction Results ---
Predicted class: 4 (adware)

Confidence     : 0.9999

True class     : 34 (smssend)

Target ('benign') class: 11 (benign)

[INFO] Benign class became best class at iteration 1035 with confidence 0.3270!

Targeted adversarial image created in 1847 iterations.
Benign first predicted at iteration 1035 with confidence 0.3270.

Benign probability changes (iteration, prob):
Iteration 0: Benign prob = 0.0013
Iteration 7: Benign prob = 0.0014
Iteration 8: Benign prob = 0.0014
Iteration 9: Benign prob = 0.0016
Iteration 11: Benign prob = 0.0016
Iteration 12: Benign prob = 0.0018
Iteration 13: Benign prob = 0.0020
Iteration 16: Benign prob = 0.0021
Iteration 19: Benign prob = 0.0022
Iteration 22: Benign prob = 0.0023
Iteration 25: Benign prob = 0.0024
Iteration 26: Benign prob = 0.0026
Iteration 30: Benign prob = 0.0027
Iteration 32: Benign prob = 0.0029
Iteration 39: Benign prob = 0.0034
Iteration 41: Benign prob = 0.0036
Iteration 44: Benign prob = 0.0036
Iteration 47: Benign prob = 0.0040
Iteration 49: Benign prob = 0.0041
Iteration 51: Benign prob = 0.0044
Iteration 53: Benign prob = 0.0045
Iteration 54: Benign prob = 0.0048
Iteration 56: Benign prob = 0.0049
Iteration 59: Benign prob = 0.0050
Iteration 60: Benign prob = 0.0053
Iteration 67: Benign prob = 0.0055
Iteration 73: Benign prob = 0.0056
Iteration 75: Benign prob = 0.0059
Iteration 76: Benign prob = 0.0066
Iteration 84: Benign prob = 0.0067
Iteration 95: Benign prob = 0.0069
Iteration 98: Benign prob = 0.0074
Iteration 102: Benign prob = 0.0079
Iteration 104: Benign prob = 0.0080
Iteration 109: Benign prob = 0.0084
Iteration 111: Benign prob = 0.0087
Iteration 116: Benign prob = 0.0089
Iteration 117: Benign prob = 0.0091
Iteration 121: Benign prob = 0.0092
Iteration 127: Benign prob = 0.0094
Iteration 132: Benign prob = 0.0098
Iteration 133: Benign prob = 0.0104
Iteration 140: Benign prob = 0.0108
Iteration 143: Benign prob = 0.0118
Iteration 153: Benign prob = 0.0125
Iteration 157: Benign prob = 0.0127
Iteration 158: Benign prob = 0.0133
Iteration 167: Benign prob = 0.0149
Iteration 183: Benign prob = 0.0150
Iteration 200: Benign prob = 0.0150
Iteration 203: Benign prob = 0.0154
Iteration 206: Benign prob = 0.0155
Iteration 212: Benign prob = 0.0162
Iteration 215: Benign prob = 0.0178
Iteration 221: Benign prob = 0.0181
Iteration 223: Benign prob = 0.0187
Iteration 227: Benign prob = 0.0191
Iteration 232: Benign prob = 0.0225
Iteration 240: Benign prob = 0.0225
Iteration 245: Benign prob = 0.0228
Iteration 251: Benign prob = 0.0243
Iteration 262: Benign prob = 0.0249
Iteration 263: Benign prob = 0.0256
Iteration 266: Benign prob = 0.0280
Iteration 270: Benign prob = 0.0300
Iteration 271: Benign prob = 0.0306
Iteration 275: Benign prob = 0.0308
Iteration 280: Benign prob = 0.0323
Iteration 287: Benign prob = 0.0334
Iteration 291: Benign prob = 0.0371
Iteration 293: Benign prob = 0.0403
Iteration 305: Benign prob = 0.0410
Iteration 306: Benign prob = 0.0453
Iteration 315: Benign prob = 0.0461
Iteration 326: Benign prob = 0.0471
Iteration 332: Benign prob = 0.0489
Iteration 345: Benign prob = 0.0511
Iteration 346: Benign prob = 0.0520
Iteration 353: Benign prob = 0.0530
Iteration 354: Benign prob = 0.0577
Iteration 355: Benign prob = 0.0590
Iteration 356: Benign prob = 0.0649
Iteration 378: Benign prob = 0.0780
Iteration 405: Benign prob = 0.0806
Iteration 407: Benign prob = 0.0922
Iteration 422: Benign prob = 0.0923
Iteration 425: Benign prob = 0.0947
Iteration 440: Benign prob = 0.0948
Iteration 441: Benign prob = 0.0953
Iteration 443: Benign prob = 0.0972
Iteration 445: Benign prob = 0.0985
Iteration 446: Benign prob = 0.0986
Iteration 447: Benign prob = 0.1059
Iteration 461: Benign prob = 0.1066
Iteration 464: Benign prob = 0.1104
Iteration 468: Benign prob = 0.1165
Iteration 476: Benign prob = 0.1218
Iteration 477: Benign prob = 0.1242
Iteration 486: Benign prob = 0.1334
Iteration 488: Benign prob = 0.1388
Iteration 492: Benign prob = 0.1433
Iteration 511: Benign prob = 0.1533
Iteration 538: Benign prob = 0.1575
Iteration 572: Benign prob = 0.1624
Iteration 595: Benign prob = 0.1627
Iteration 607: Benign prob = 0.1679
Iteration 620: Benign prob = 0.1725
Iteration 640: Benign prob = 0.1761
Iteration 649: Benign prob = 0.1768
Iteration 660: Benign prob = 0.1797
Iteration 662: Benign prob = 0.1929
Iteration 706: Benign prob = 0.1999
Iteration 725: Benign prob = 0.2056
Iteration 730: Benign prob = 0.2065
Iteration 739: Benign prob = 0.2120
Iteration 762: Benign prob = 0.2234
Iteration 768: Benign prob = 0.2263
Iteration 801: Benign prob = 0.2281
Iteration 803: Benign prob = 0.2325
Iteration 805: Benign prob = 0.2337
Iteration 807: Benign prob = 0.2444
Iteration 838: Benign prob = 0.2484
Iteration 864: Benign prob = 0.2559
Iteration 867: Benign prob = 0.2706
Iteration 868: Benign prob = 0.2805
Iteration 897: Benign prob = 0.2811
Iteration 918: Benign prob = 0.2843
Iteration 927: Benign prob = 0.2846
Iteration 933: Benign prob = 0.2876
Iteration 935: Benign prob = 0.2889
Iteration 953: Benign prob = 0.2950
Iteration 964: Benign prob = 0.2970
Iteration 981: Benign prob = 0.3015
Iteration 987: Benign prob = 0.3145
Iteration 1005: Benign prob = 0.3149
Iteration 1010: Benign prob = 0.3189
Iteration 1035: Benign prob = 0.3270
Iteration 1043: Benign prob = 0.3318
Iteration 1075: Benign prob = 0.3379
Iteration 1076: Benign prob = 0.3438
Iteration 1089: Benign prob = 0.3443
Iteration 1107: Benign prob = 0.3449
Iteration 1126: Benign prob = 0.3453
Iteration 1143: Benign prob = 0.3590
Iteration 1162: Benign prob = 0.3619
Iteration 1170: Benign prob = 0.3666
Iteration 1211: Benign prob = 0.3694
Iteration 1241: Benign prob = 0.3808
Iteration 1268: Benign prob = 0.3865
Iteration 1282: Benign prob = 0.3987
Iteration 1301: Benign prob = 0.4036
Iteration 1330: Benign prob = 0.4115
Iteration 1339: Benign prob = 0.4143
Iteration 1355: Benign prob = 0.4189
Iteration 1364: Benign prob = 0.4221
Iteration 1375: Benign prob = 0.4226
Iteration 1398: Benign prob = 0.4355
Iteration 1403: Benign prob = 0.4466
Iteration 1437: Benign prob = 0.4502
Iteration 1451: Benign prob = 0.4559
Iteration 1486: Benign prob = 0.4671
Iteration 1560: Benign prob = 0.4684
Iteration 1563: Benign prob = 0.4695
Iteration 1570: Benign prob = 0.4782
Iteration 1627: Benign prob = 0.4814
Iteration 1628: Benign prob = 0.4918
Iteration 1638: Benign prob = 0.4954
Iteration 1661: Benign prob = 0.4966
Iteration 1689: Benign prob = 0.5083
Iteration 1706: Benign prob = 0.5136
Iteration 1780: Benign prob = 0.5178
Iteration 1790: Benign prob = 0.5253
Iteration 1813: Benign prob = 0.5305
Iteration 1847: Benign prob = 0.5607

 Completed Adversarial Image for image 6 in 3.11 minutes.

--- Adversarial Prediction Results for image 6: (/home/users/atodorova/alisa-thesis/malnet-cnn/test/smssend/koomer/2D9CBF3475740B0892F9B74BA9B5E36D15FD63C75C03115477894BCDD002BFBD.png) ---
Predicted class: 11 (benign)
Confidence     : 0.5607
True class     : 34 (smssend)


=== [7/10] Creating EA Adversarial Image for /home/users/atodorova/alisa-thesis/malnet-cnn/test/smssend/koomer/C9DD7B4F7F8F8A3208064AECC6DA1E03040A8BF323724E1A1BAACDE056326294.png ===

--- Original Prediction Results ---
Predicted class: 4 (adware)

Confidence     : 1.0000

True class     : 34 (smssend)

Target ('benign') class: 11 (benign)

[INFO] Benign class became best class at iteration 1180 with confidence 0.3227!

Targeted adversarial image created in 1792 iterations.
Benign first predicted at iteration 1180 with confidence 0.3227.

Benign probability changes (iteration, prob):
Iteration 0: Benign prob = 0.0006
Iteration 3: Benign prob = 0.0008
Iteration 4: Benign prob = 0.0019
Iteration 5: Benign prob = 0.0019
Iteration 10: Benign prob = 0.0023
Iteration 12: Benign prob = 0.0024
Iteration 18: Benign prob = 0.0025
Iteration 26: Benign prob = 0.0025
Iteration 29: Benign prob = 0.0025
Iteration 30: Benign prob = 0.0026
Iteration 31: Benign prob = 0.0026
Iteration 33: Benign prob = 0.0028
Iteration 34: Benign prob = 0.0036
Iteration 44: Benign prob = 0.0040
Iteration 46: Benign prob = 0.0040
Iteration 48: Benign prob = 0.0043
Iteration 57: Benign prob = 0.0052
Iteration 64: Benign prob = 0.0053
Iteration 66: Benign prob = 0.0055
Iteration 68: Benign prob = 0.0058
Iteration 70: Benign prob = 0.0068
Iteration 73: Benign prob = 0.0071
Iteration 74: Benign prob = 0.0075
Iteration 76: Benign prob = 0.0082
Iteration 79: Benign prob = 0.0083
Iteration 80: Benign prob = 0.0087
Iteration 81: Benign prob = 0.0087
Iteration 83: Benign prob = 0.0090
Iteration 84: Benign prob = 0.0100
Iteration 85: Benign prob = 0.0106
Iteration 86: Benign prob = 0.0108
Iteration 92: Benign prob = 0.0120
Iteration 93: Benign prob = 0.0121
Iteration 95: Benign prob = 0.0122
Iteration 97: Benign prob = 0.0146
Iteration 103: Benign prob = 0.0161
Iteration 105: Benign prob = 0.0168
Iteration 108: Benign prob = 0.0192
Iteration 116: Benign prob = 0.0213
Iteration 118: Benign prob = 0.0214
Iteration 119: Benign prob = 0.0226
Iteration 121: Benign prob = 0.0231
Iteration 122: Benign prob = 0.0233
Iteration 124: Benign prob = 0.0254
Iteration 126: Benign prob = 0.0257
Iteration 135: Benign prob = 0.0268
Iteration 140: Benign prob = 0.0322
Iteration 147: Benign prob = 0.0331
Iteration 148: Benign prob = 0.0362
Iteration 152: Benign prob = 0.0376
Iteration 156: Benign prob = 0.0397
Iteration 160: Benign prob = 0.0411
Iteration 163: Benign prob = 0.0416
Iteration 166: Benign prob = 0.0438
Iteration 168: Benign prob = 0.0441
Iteration 179: Benign prob = 0.0453
Iteration 180: Benign prob = 0.0462
Iteration 193: Benign prob = 0.0470
Iteration 197: Benign prob = 0.0533
Iteration 211: Benign prob = 0.0560
Iteration 219: Benign prob = 0.0617
Iteration 220: Benign prob = 0.0619
Iteration 226: Benign prob = 0.0630
Iteration 229: Benign prob = 0.0723
Iteration 246: Benign prob = 0.0735
Iteration 250: Benign prob = 0.0755
Iteration 252: Benign prob = 0.0792
Iteration 261: Benign prob = 0.0821
Iteration 267: Benign prob = 0.0889
Iteration 275: Benign prob = 0.0914
Iteration 293: Benign prob = 0.0932
Iteration 302: Benign prob = 0.0935
Iteration 304: Benign prob = 0.0962
Iteration 312: Benign prob = 0.0990
Iteration 314: Benign prob = 0.1008
Iteration 323: Benign prob = 0.1016
Iteration 334: Benign prob = 0.1086
Iteration 340: Benign prob = 0.1111
Iteration 352: Benign prob = 0.1141
Iteration 356: Benign prob = 0.1152
Iteration 367: Benign prob = 0.1192
Iteration 371: Benign prob = 0.1237
Iteration 389: Benign prob = 0.1317
Iteration 393: Benign prob = 0.1321
Iteration 408: Benign prob = 0.1331
Iteration 413: Benign prob = 0.1407
Iteration 425: Benign prob = 0.1426
Iteration 442: Benign prob = 0.1481
Iteration 455: Benign prob = 0.1520
Iteration 459: Benign prob = 0.1538
Iteration 474: Benign prob = 0.1610
Iteration 535: Benign prob = 0.1652
Iteration 541: Benign prob = 0.1653
Iteration 591: Benign prob = 0.1736
Iteration 606: Benign prob = 0.1748
Iteration 613: Benign prob = 0.1753
Iteration 639: Benign prob = 0.1791
Iteration 640: Benign prob = 0.1798
Iteration 644: Benign prob = 0.1812
Iteration 659: Benign prob = 0.1926
Iteration 666: Benign prob = 0.1983
Iteration 690: Benign prob = 0.1995
Iteration 711: Benign prob = 0.2101
Iteration 714: Benign prob = 0.2130
Iteration 741: Benign prob = 0.2229
Iteration 792: Benign prob = 0.2234
Iteration 877: Benign prob = 0.2304
Iteration 945: Benign prob = 0.2307
Iteration 960: Benign prob = 0.2376
Iteration 1008: Benign prob = 0.2579
Iteration 1011: Benign prob = 0.2616
Iteration 1033: Benign prob = 0.2716
Iteration 1046: Benign prob = 0.2755
Iteration 1053: Benign prob = 0.2890
Iteration 1073: Benign prob = 0.3026
Iteration 1104: Benign prob = 0.3065
Iteration 1123: Benign prob = 0.3100
Iteration 1127: Benign prob = 0.3103
Iteration 1148: Benign prob = 0.3111
Iteration 1155: Benign prob = 0.3114
Iteration 1180: Benign prob = 0.3227
Iteration 1185: Benign prob = 0.3308
Iteration 1189: Benign prob = 0.3355
Iteration 1196: Benign prob = 0.3409
Iteration 1206: Benign prob = 0.3414
Iteration 1210: Benign prob = 0.3568
Iteration 1240: Benign prob = 0.3711
Iteration 1241: Benign prob = 0.3800
Iteration 1255: Benign prob = 0.3859
Iteration 1264: Benign prob = 0.3937
Iteration 1266: Benign prob = 0.4022
Iteration 1275: Benign prob = 0.4029
Iteration 1276: Benign prob = 0.4146
Iteration 1303: Benign prob = 0.4150
Iteration 1337: Benign prob = 0.4436
Iteration 1416: Benign prob = 0.4455
Iteration 1420: Benign prob = 0.4467
Iteration 1424: Benign prob = 0.4596
Iteration 1466: Benign prob = 0.4631
Iteration 1486: Benign prob = 0.4651
Iteration 1531: Benign prob = 0.4653
Iteration 1534: Benign prob = 0.4710
Iteration 1565: Benign prob = 0.4839
Iteration 1640: Benign prob = 0.4982
Iteration 1679: Benign prob = 0.5000
Iteration 1692: Benign prob = 0.5050
Iteration 1700: Benign prob = 0.5078
Iteration 1709: Benign prob = 0.5287
Iteration 1711: Benign prob = 0.5315
Iteration 1738: Benign prob = 0.5323
Iteration 1748: Benign prob = 0.5338
Iteration 1765: Benign prob = 0.5378
Iteration 1777: Benign prob = 0.5427
Iteration 1785: Benign prob = 0.5468
Iteration 1792: Benign prob = 0.5635

 Completed Adversarial Image for image 7 in 3.05 minutes.

--- Adversarial Prediction Results for image 7: (/home/users/atodorova/alisa-thesis/malnet-cnn/test/smssend/koomer/C9DD7B4F7F8F8A3208064AECC6DA1E03040A8BF323724E1A1BAACDE056326294.png) ---
Predicted class: 11 (benign)
Confidence     : 0.5635
True class     : 34 (smssend)


=== [8/10] Creating EA Adversarial Image for /home/users/atodorova/alisa-thesis/malnet-cnn/test/smssend/minimob/59B9BEA8A43CD84578BD007963D81DE1C6A98BE5965F3C08BFFD76C84317F344.png ===

--- Original Prediction Results ---
Predicted class: 42 (trojan)

Confidence     : 0.4089

True class     : 34 (smssend)

Target ('benign') class: 11 (benign)

[INFO] Benign class became best class at iteration 597 with confidence 0.3224!

Targeted adversarial image created in 1115 iterations.
Benign first predicted at iteration 597 with confidence 0.3224.

Benign probability changes (iteration, prob):
Iteration 0: Benign prob = 0.0158
Iteration 357: Benign prob = 0.0173
Iteration 360: Benign prob = 0.0179
Iteration 363: Benign prob = 0.0210
Iteration 364: Benign prob = 0.0225
Iteration 365: Benign prob = 0.0257
Iteration 369: Benign prob = 0.0275
Iteration 370: Benign prob = 0.0280
Iteration 373: Benign prob = 0.0298
Iteration 375: Benign prob = 0.0302
Iteration 377: Benign prob = 0.0310
Iteration 379: Benign prob = 0.0369
Iteration 381: Benign prob = 0.0382
Iteration 382: Benign prob = 0.0410
Iteration 385: Benign prob = 0.0415
Iteration 386: Benign prob = 0.0426
Iteration 389: Benign prob = 0.0490
Iteration 392: Benign prob = 0.0503
Iteration 393: Benign prob = 0.0593
Iteration 397: Benign prob = 0.0622
Iteration 398: Benign prob = 0.0625
Iteration 400: Benign prob = 0.0723
Iteration 403: Benign prob = 0.0790
Iteration 405: Benign prob = 0.0808
Iteration 409: Benign prob = 0.0869
Iteration 412: Benign prob = 0.0890
Iteration 421: Benign prob = 0.0896
Iteration 422: Benign prob = 0.1006
Iteration 427: Benign prob = 0.1031
Iteration 429: Benign prob = 0.1077
Iteration 430: Benign prob = 0.1132
Iteration 434: Benign prob = 0.1136
Iteration 442: Benign prob = 0.1148
Iteration 446: Benign prob = 0.1237
Iteration 453: Benign prob = 0.1314
Iteration 454: Benign prob = 0.1335
Iteration 459: Benign prob = 0.1349
Iteration 461: Benign prob = 0.1480
Iteration 462: Benign prob = 0.1562
Iteration 468: Benign prob = 0.1579
Iteration 473: Benign prob = 0.1588
Iteration 474: Benign prob = 0.1803
Iteration 479: Benign prob = 0.1837
Iteration 481: Benign prob = 0.1873
Iteration 486: Benign prob = 0.1893
Iteration 489: Benign prob = 0.1931
Iteration 490: Benign prob = 0.1974
Iteration 496: Benign prob = 0.1996
Iteration 498: Benign prob = 0.2003
Iteration 499: Benign prob = 0.2102
Iteration 501: Benign prob = 0.2193
Iteration 502: Benign prob = 0.2194
Iteration 505: Benign prob = 0.2212
Iteration 506: Benign prob = 0.2327
Iteration 514: Benign prob = 0.2422
Iteration 515: Benign prob = 0.2557
Iteration 517: Benign prob = 0.2598
Iteration 525: Benign prob = 0.2643
Iteration 530: Benign prob = 0.2827
Iteration 539: Benign prob = 0.2943
Iteration 542: Benign prob = 0.2972
Iteration 550: Benign prob = 0.3050
Iteration 567: Benign prob = 0.3193
Iteration 587: Benign prob = 0.3209
Iteration 596: Benign prob = 0.3216
Iteration 597: Benign prob = 0.3224
Iteration 598: Benign prob = 0.3249
Iteration 606: Benign prob = 0.3282
Iteration 630: Benign prob = 0.3369
Iteration 644: Benign prob = 0.3472
Iteration 657: Benign prob = 0.3544
Iteration 658: Benign prob = 0.3704
Iteration 666: Benign prob = 0.3724
Iteration 670: Benign prob = 0.3927
Iteration 690: Benign prob = 0.4073
Iteration 697: Benign prob = 0.4178
Iteration 705: Benign prob = 0.4240
Iteration 716: Benign prob = 0.4298
Iteration 747: Benign prob = 0.4385
Iteration 749: Benign prob = 0.4404
Iteration 812: Benign prob = 0.4418
Iteration 814: Benign prob = 0.4525
Iteration 818: Benign prob = 0.4603
Iteration 822: Benign prob = 0.4643
Iteration 844: Benign prob = 0.4755
Iteration 877: Benign prob = 0.4822
Iteration 885: Benign prob = 0.4888
Iteration 910: Benign prob = 0.4995
Iteration 1006: Benign prob = 0.5023
Iteration 1016: Benign prob = 0.5125
Iteration 1047: Benign prob = 0.5150
Iteration 1065: Benign prob = 0.5151
Iteration 1073: Benign prob = 0.5179
Iteration 1093: Benign prob = 0.5315
Iteration 1108: Benign prob = 0.5482
Iteration 1115: Benign prob = 0.5592

 Completed Adversarial Image for image 8 in 1.90 minutes.

--- Adversarial Prediction Results for image 8: (/home/users/atodorova/alisa-thesis/malnet-cnn/test/smssend/minimob/59B9BEA8A43CD84578BD007963D81DE1C6A98BE5965F3C08BFFD76C84317F344.png) ---
Predicted class: 11 (benign)
Confidence     : 0.5592
True class     : 34 (smssend)


=== [9/10] Creating EA Adversarial Image for /home/users/atodorova/alisa-thesis/malnet-cnn/test/smssend/minimob/84E145B07E4F76CA3D82FB1E7A8D5F1CD2C9FC5E05B399756A8F2C8765D0E1AB.png ===

--- Original Prediction Results ---
Predicted class: 42 (trojan)

Confidence     : 0.5920

True class     : 34 (smssend)

Target ('benign') class: 11 (benign)

[INFO] Benign class became best class at iteration 1915 with confidence 0.2962!

Targeted adversarial image created in 4428 iterations.
Benign first predicted at iteration 1915 with confidence 0.2962.

Benign probability changes (iteration, prob):
Iteration 0: Benign prob = 0.0006
Iteration 1: Benign prob = 0.0006
Iteration 2: Benign prob = 0.0011
Iteration 3: Benign prob = 0.0014
Iteration 5: Benign prob = 0.0016
Iteration 6: Benign prob = 0.0016
Iteration 8: Benign prob = 0.0017
Iteration 9: Benign prob = 0.0017
Iteration 10: Benign prob = 0.0019
Iteration 12: Benign prob = 0.0019
Iteration 17: Benign prob = 0.0020
Iteration 18: Benign prob = 0.0022
Iteration 20: Benign prob = 0.0023
Iteration 22: Benign prob = 0.0024
Iteration 27: Benign prob = 0.0029
Iteration 30: Benign prob = 0.0032
Iteration 33: Benign prob = 0.0033
Iteration 35: Benign prob = 0.0034
Iteration 36: Benign prob = 0.0035
Iteration 38: Benign prob = 0.0038
Iteration 39: Benign prob = 0.0038
Iteration 41: Benign prob = 0.0043
Iteration 45: Benign prob = 0.0043
Iteration 46: Benign prob = 0.0047
Iteration 48: Benign prob = 0.0056
Iteration 50: Benign prob = 0.0062
Iteration 52: Benign prob = 0.0065
Iteration 53: Benign prob = 0.0065
Iteration 56: Benign prob = 0.0068
Iteration 58: Benign prob = 0.0068
Iteration 62: Benign prob = 0.0081
Iteration 68: Benign prob = 0.0094
Iteration 74: Benign prob = 0.0096
Iteration 78: Benign prob = 0.0098
Iteration 83: Benign prob = 0.0103
Iteration 87: Benign prob = 0.0104
Iteration 91: Benign prob = 0.0111
Iteration 107: Benign prob = 0.0116
Iteration 112: Benign prob = 0.0117
Iteration 120: Benign prob = 0.0128
Iteration 133: Benign prob = 0.0130
Iteration 137: Benign prob = 0.0134
Iteration 142: Benign prob = 0.0137
Iteration 147: Benign prob = 0.0138
Iteration 150: Benign prob = 0.0142
Iteration 152: Benign prob = 0.0143
Iteration 155: Benign prob = 0.0145
Iteration 158: Benign prob = 0.0146
Iteration 162: Benign prob = 0.0148
Iteration 168: Benign prob = 0.0153
Iteration 173: Benign prob = 0.0162
Iteration 176: Benign prob = 0.0168
Iteration 186: Benign prob = 0.0178
Iteration 191: Benign prob = 0.0181
Iteration 192: Benign prob = 0.0213
Iteration 193: Benign prob = 0.0217
Iteration 194: Benign prob = 0.0233
Iteration 218: Benign prob = 0.0243
Iteration 260: Benign prob = 0.0250
Iteration 266: Benign prob = 0.0251
Iteration 280: Benign prob = 0.0252
Iteration 290: Benign prob = 0.0253
Iteration 292: Benign prob = 0.0269
Iteration 322: Benign prob = 0.0278
Iteration 338: Benign prob = 0.0297
Iteration 367: Benign prob = 0.0303
Iteration 387: Benign prob = 0.0313
Iteration 405: Benign prob = 0.0319
Iteration 406: Benign prob = 0.0325
Iteration 437: Benign prob = 0.0330
Iteration 447: Benign prob = 0.0337
Iteration 460: Benign prob = 0.0341
Iteration 483: Benign prob = 0.0342
Iteration 485: Benign prob = 0.0352
Iteration 494: Benign prob = 0.0353
Iteration 505: Benign prob = 0.0359
Iteration 513: Benign prob = 0.0397
Iteration 529: Benign prob = 0.0405
Iteration 549: Benign prob = 0.0410
Iteration 558: Benign prob = 0.0416
Iteration 563: Benign prob = 0.0417
Iteration 566: Benign prob = 0.0432
Iteration 587: Benign prob = 0.0433
Iteration 591: Benign prob = 0.0449
Iteration 597: Benign prob = 0.0467
Iteration 604: Benign prob = 0.0469
Iteration 605: Benign prob = 0.0578
Iteration 642: Benign prob = 0.0588
Iteration 643: Benign prob = 0.0599
Iteration 651: Benign prob = 0.0608
Iteration 657: Benign prob = 0.0675
Iteration 665: Benign prob = 0.0696
Iteration 673: Benign prob = 0.0709
Iteration 678: Benign prob = 0.0728
Iteration 684: Benign prob = 0.0802
Iteration 690: Benign prob = 0.0828
Iteration 694: Benign prob = 0.0958
Iteration 698: Benign prob = 0.1019
Iteration 723: Benign prob = 0.1036
Iteration 730: Benign prob = 0.1130
Iteration 760: Benign prob = 0.1139
Iteration 765: Benign prob = 0.1228
Iteration 791: Benign prob = 0.1300
Iteration 801: Benign prob = 0.1303
Iteration 819: Benign prob = 0.1327
Iteration 827: Benign prob = 0.1345
Iteration 830: Benign prob = 0.1392
Iteration 865: Benign prob = 0.1457
Iteration 867: Benign prob = 0.1470
Iteration 910: Benign prob = 0.1483
Iteration 913: Benign prob = 0.1505
Iteration 947: Benign prob = 0.1574
Iteration 996: Benign prob = 0.1601
Iteration 1049: Benign prob = 0.1615
Iteration 1055: Benign prob = 0.1700
Iteration 1092: Benign prob = 0.1711
Iteration 1133: Benign prob = 0.1719
Iteration 1135: Benign prob = 0.1808
Iteration 1165: Benign prob = 0.1852
Iteration 1166: Benign prob = 0.1884
Iteration 1188: Benign prob = 0.1943
Iteration 1199: Benign prob = 0.1956
Iteration 1218: Benign prob = 0.2045
Iteration 1224: Benign prob = 0.2053
Iteration 1242: Benign prob = 0.2054
Iteration 1256: Benign prob = 0.2175
Iteration 1304: Benign prob = 0.2194
Iteration 1318: Benign prob = 0.2209
Iteration 1332: Benign prob = 0.2214
Iteration 1346: Benign prob = 0.2278
Iteration 1424: Benign prob = 0.2281
Iteration 1444: Benign prob = 0.2285
Iteration 1488: Benign prob = 0.2330
Iteration 1490: Benign prob = 0.2365
Iteration 1495: Benign prob = 0.2405
Iteration 1580: Benign prob = 0.2469
Iteration 1599: Benign prob = 0.2515
Iteration 1612: Benign prob = 0.2541
Iteration 1639: Benign prob = 0.2552
Iteration 1660: Benign prob = 0.2571
Iteration 1730: Benign prob = 0.2594
Iteration 1734: Benign prob = 0.2620
Iteration 1744: Benign prob = 0.2666
Iteration 1748: Benign prob = 0.2673
Iteration 1814: Benign prob = 0.2678
Iteration 1829: Benign prob = 0.2794
Iteration 1887: Benign prob = 0.2800
Iteration 1914: Benign prob = 0.2851
Iteration 1915: Benign prob = 0.2962
Iteration 1939: Benign prob = 0.3022
Iteration 1967: Benign prob = 0.3091
Iteration 2016: Benign prob = 0.3162
Iteration 2020: Benign prob = 0.3188
Iteration 2022: Benign prob = 0.3232
Iteration 2083: Benign prob = 0.3259
Iteration 2110: Benign prob = 0.3270
Iteration 2114: Benign prob = 0.3298
Iteration 2124: Benign prob = 0.3356
Iteration 2217: Benign prob = 0.3397
Iteration 2275: Benign prob = 0.3443
Iteration 2319: Benign prob = 0.3485
Iteration 2391: Benign prob = 0.3497
Iteration 2394: Benign prob = 0.3505
Iteration 2421: Benign prob = 0.3510
Iteration 2451: Benign prob = 0.3518
Iteration 2452: Benign prob = 0.3530
Iteration 2463: Benign prob = 0.3632
Iteration 2508: Benign prob = 0.3672
Iteration 2580: Benign prob = 0.3674
Iteration 2626: Benign prob = 0.3760
Iteration 2667: Benign prob = 0.3785
Iteration 2682: Benign prob = 0.3803
Iteration 2750: Benign prob = 0.3895
Iteration 2762: Benign prob = 0.3975
Iteration 2804: Benign prob = 0.4093
Iteration 2855: Benign prob = 0.4133
Iteration 2867: Benign prob = 0.4161
Iteration 2874: Benign prob = 0.4196
Iteration 2888: Benign prob = 0.4199
Iteration 2890: Benign prob = 0.4266
Iteration 2907: Benign prob = 0.4396
Iteration 2915: Benign prob = 0.4439
Iteration 2982: Benign prob = 0.4453
Iteration 3048: Benign prob = 0.4469
Iteration 3089: Benign prob = 0.4543
Iteration 3132: Benign prob = 0.4570
Iteration 3147: Benign prob = 0.4595
Iteration 3176: Benign prob = 0.4609
Iteration 3190: Benign prob = 0.4706
Iteration 3259: Benign prob = 0.4728
Iteration 3406: Benign prob = 0.4743
Iteration 3436: Benign prob = 0.4765
Iteration 3441: Benign prob = 0.4840
Iteration 3468: Benign prob = 0.4902
Iteration 3628: Benign prob = 0.4952
Iteration 3789: Benign prob = 0.5004
Iteration 3790: Benign prob = 0.5009
Iteration 3837: Benign prob = 0.5048
Iteration 3862: Benign prob = 0.5051
Iteration 3873: Benign prob = 0.5078
Iteration 3908: Benign prob = 0.5119
Iteration 3921: Benign prob = 0.5169
Iteration 3927: Benign prob = 0.5180
Iteration 3941: Benign prob = 0.5229
Iteration 3971: Benign prob = 0.5303
Iteration 4240: Benign prob = 0.5310
Iteration 4304: Benign prob = 0.5326
Iteration 4305: Benign prob = 0.5348
Iteration 4323: Benign prob = 0.5387
Iteration 4378: Benign prob = 0.5446
Iteration 4405: Benign prob = 0.5459
Iteration 4428: Benign prob = 0.5546

 Completed Adversarial Image for image 9 in 7.45 minutes.

--- Adversarial Prediction Results for image 9: (/home/users/atodorova/alisa-thesis/malnet-cnn/test/smssend/minimob/84E145B07E4F76CA3D82FB1E7A8D5F1CD2C9FC5E05B399756A8F2C8765D0E1AB.png) ---
Predicted class: 11 (benign)
Confidence     : 0.5546
True class     : 34 (smssend)


=== [10/10] Creating EA Adversarial Image for /home/users/atodorova/alisa-thesis/malnet-cnn/test/smssend/minimob/475C5DEF53F731AD2B1E9E15F8F6A6A8BE7C48777F7DBA6485B7AC738BA373A1.png ===

--- Original Prediction Results ---
Predicted class: 42 (trojan)

Confidence     : 0.3781

True class     : 34 (smssend)

Target ('benign') class: 11 (benign)

[INFO] Benign class became best class at iteration 4310 with confidence 0.2927!

Targeted adversarial image created in 6455 iterations.
Benign first predicted at iteration 4310 with confidence 0.2927.

Benign probability changes (iteration, prob):
Iteration 0: Benign prob = 0.0008
Iteration 3: Benign prob = 0.0010
Iteration 4: Benign prob = 0.0010
Iteration 5: Benign prob = 0.0011
Iteration 6: Benign prob = 0.0012
Iteration 7: Benign prob = 0.0015
Iteration 8: Benign prob = 0.0018
Iteration 10: Benign prob = 0.0021
Iteration 11: Benign prob = 0.0022
Iteration 12: Benign prob = 0.0022
Iteration 15: Benign prob = 0.0023
Iteration 16: Benign prob = 0.0023
Iteration 17: Benign prob = 0.0025
Iteration 18: Benign prob = 0.0025
Iteration 19: Benign prob = 0.0026
Iteration 20: Benign prob = 0.0030
Iteration 24: Benign prob = 0.0031
Iteration 28: Benign prob = 0.0034
Iteration 35: Benign prob = 0.0036
Iteration 40: Benign prob = 0.0037
Iteration 42: Benign prob = 0.0040
Iteration 43: Benign prob = 0.0043
Iteration 55: Benign prob = 0.0044
Iteration 59: Benign prob = 0.0052
Iteration 65: Benign prob = 0.0054
Iteration 77: Benign prob = 0.0055
Iteration 81: Benign prob = 0.0057
Iteration 85: Benign prob = 0.0058
Iteration 88: Benign prob = 0.0059
Iteration 102: Benign prob = 0.0060
Iteration 103: Benign prob = 0.0067
Iteration 105: Benign prob = 0.0069
Iteration 108: Benign prob = 0.0069
Iteration 111: Benign prob = 0.0071
Iteration 119: Benign prob = 0.0074
Iteration 123: Benign prob = 0.0075
Iteration 124: Benign prob = 0.0077
Iteration 127: Benign prob = 0.0078
Iteration 133: Benign prob = 0.0084
Iteration 138: Benign prob = 0.0093
Iteration 140: Benign prob = 0.0094
Iteration 144: Benign prob = 0.0096
Iteration 160: Benign prob = 0.0098
Iteration 175: Benign prob = 0.0098
Iteration 180: Benign prob = 0.0098
Iteration 181: Benign prob = 0.0099
Iteration 183: Benign prob = 0.0100
Iteration 184: Benign prob = 0.0102
Iteration 188: Benign prob = 0.0104
Iteration 190: Benign prob = 0.0104
Iteration 194: Benign prob = 0.0104
Iteration 195: Benign prob = 0.0105
Iteration 201: Benign prob = 0.0109
Iteration 203: Benign prob = 0.0116
Iteration 206: Benign prob = 0.0123
Iteration 216: Benign prob = 0.0128
Iteration 230: Benign prob = 0.0128
Iteration 241: Benign prob = 0.0129
Iteration 242: Benign prob = 0.0129
Iteration 248: Benign prob = 0.0132
Iteration 251: Benign prob = 0.0132
Iteration 255: Benign prob = 0.0135
Iteration 268: Benign prob = 0.0137
Iteration 279: Benign prob = 0.0138
Iteration 287: Benign prob = 0.0140
Iteration 288: Benign prob = 0.0142
Iteration 296: Benign prob = 0.0145
Iteration 317: Benign prob = 0.0146
Iteration 318: Benign prob = 0.0150
Iteration 323: Benign prob = 0.0157
Iteration 328: Benign prob = 0.0162
Iteration 335: Benign prob = 0.0165
Iteration 343: Benign prob = 0.0175
Iteration 368: Benign prob = 0.0184
Iteration 372: Benign prob = 0.0187
Iteration 385: Benign prob = 0.0191
Iteration 391: Benign prob = 0.0197
Iteration 414: Benign prob = 0.0198
Iteration 416: Benign prob = 0.0203
Iteration 418: Benign prob = 0.0217
Iteration 434: Benign prob = 0.0224
Iteration 469: Benign prob = 0.0229
Iteration 473: Benign prob = 0.0242
Iteration 481: Benign prob = 0.0247
Iteration 489: Benign prob = 0.0249
Iteration 495: Benign prob = 0.0256
Iteration 506: Benign prob = 0.0266
Iteration 513: Benign prob = 0.0268
Iteration 535: Benign prob = 0.0271
Iteration 555: Benign prob = 0.0272
Iteration 568: Benign prob = 0.0273
Iteration 575: Benign prob = 0.0276
Iteration 578: Benign prob = 0.0283
Iteration 592: Benign prob = 0.0294
Iteration 606: Benign prob = 0.0300
Iteration 655: Benign prob = 0.0329
Iteration 684: Benign prob = 0.0331
Iteration 712: Benign prob = 0.0338
Iteration 732: Benign prob = 0.0340
Iteration 739: Benign prob = 0.0354
Iteration 833: Benign prob = 0.0356
Iteration 837: Benign prob = 0.0358
Iteration 848: Benign prob = 0.0370
Iteration 884: Benign prob = 0.0375
Iteration 918: Benign prob = 0.0377
Iteration 922: Benign prob = 0.0378
Iteration 931: Benign prob = 0.0378
Iteration 934: Benign prob = 0.0408
Iteration 948: Benign prob = 0.0409
Iteration 982: Benign prob = 0.0410
Iteration 1049: Benign prob = 0.0411
Iteration 1073: Benign prob = 0.0433
Iteration 1080: Benign prob = 0.0444
Iteration 1128: Benign prob = 0.0471
Iteration 1132: Benign prob = 0.0487
Iteration 1157: Benign prob = 0.0496
Iteration 1162: Benign prob = 0.0507
Iteration 1170: Benign prob = 0.0508
Iteration 1176: Benign prob = 0.0524
Iteration 1177: Benign prob = 0.0526
Iteration 1224: Benign prob = 0.0539
Iteration 1289: Benign prob = 0.0540
Iteration 1290: Benign prob = 0.0555
Iteration 1299: Benign prob = 0.0560
Iteration 1302: Benign prob = 0.0570
Iteration 1309: Benign prob = 0.0594
Iteration 1311: Benign prob = 0.0613
Iteration 1364: Benign prob = 0.0616
Iteration 1381: Benign prob = 0.0633
Iteration 1417: Benign prob = 0.0634
Iteration 1442: Benign prob = 0.0653
Iteration 1449: Benign prob = 0.0667
Iteration 1460: Benign prob = 0.0670
Iteration 1483: Benign prob = 0.0680
Iteration 1527: Benign prob = 0.0689
Iteration 1536: Benign prob = 0.0700
Iteration 1610: Benign prob = 0.0722
Iteration 1629: Benign prob = 0.0726
Iteration 1644: Benign prob = 0.0762
Iteration 1701: Benign prob = 0.0776
Iteration 1733: Benign prob = 0.0787
Iteration 1741: Benign prob = 0.0794
Iteration 1757: Benign prob = 0.0799
Iteration 1766: Benign prob = 0.0815
Iteration 1799: Benign prob = 0.0822
Iteration 1817: Benign prob = 0.0835
Iteration 1929: Benign prob = 0.0866
Iteration 1976: Benign prob = 0.0900
Iteration 2001: Benign prob = 0.0925
Iteration 2015: Benign prob = 0.0949
Iteration 2066: Benign prob = 0.0960
Iteration 2110: Benign prob = 0.0980
Iteration 2117: Benign prob = 0.0997
Iteration 2129: Benign prob = 0.1014
Iteration 2154: Benign prob = 0.1025
Iteration 2157: Benign prob = 0.1040
Iteration 2210: Benign prob = 0.1073
Iteration 2227: Benign prob = 0.1081
Iteration 2234: Benign prob = 0.1083
Iteration 2256: Benign prob = 0.1104
Iteration 2292: Benign prob = 0.1130
Iteration 2308: Benign prob = 0.1157
Iteration 2339: Benign prob = 0.1173
Iteration 2363: Benign prob = 0.1227
Iteration 2365: Benign prob = 0.1262
Iteration 2417: Benign prob = 0.1292
Iteration 2425: Benign prob = 0.1320
Iteration 2450: Benign prob = 0.1358
Iteration 2506: Benign prob = 0.1385
Iteration 2537: Benign prob = 0.1414
Iteration 2601: Benign prob = 0.1447
Iteration 2649: Benign prob = 0.1459
Iteration 2685: Benign prob = 0.1490
Iteration 2686: Benign prob = 0.1498
Iteration 2706: Benign prob = 0.1549
Iteration 2723: Benign prob = 0.1549
Iteration 2748: Benign prob = 0.1569
Iteration 2752: Benign prob = 0.1591
Iteration 2763: Benign prob = 0.1608
Iteration 2771: Benign prob = 0.1639
Iteration 2800: Benign prob = 0.1672
Iteration 2836: Benign prob = 0.1682
Iteration 2880: Benign prob = 0.1700
Iteration 2898: Benign prob = 0.1726
Iteration 2930: Benign prob = 0.1751
Iteration 3034: Benign prob = 0.1758
Iteration 3037: Benign prob = 0.1787
Iteration 3062: Benign prob = 0.1805
Iteration 3092: Benign prob = 0.1827
Iteration 3094: Benign prob = 0.1851
Iteration 3149: Benign prob = 0.1933
Iteration 3190: Benign prob = 0.1946
Iteration 3221: Benign prob = 0.1961
Iteration 3222: Benign prob = 0.1983
Iteration 3262: Benign prob = 0.2047
Iteration 3267: Benign prob = 0.2096
Iteration 3333: Benign prob = 0.2117
Iteration 3368: Benign prob = 0.2123
Iteration 3371: Benign prob = 0.2145
Iteration 3378: Benign prob = 0.2250
Iteration 3428: Benign prob = 0.2295
Iteration 3524: Benign prob = 0.2317
Iteration 3735: Benign prob = 0.2390
Iteration 3756: Benign prob = 0.2436
Iteration 3789: Benign prob = 0.2454
Iteration 3829: Benign prob = 0.2456
Iteration 3982: Benign prob = 0.2491
Iteration 4022: Benign prob = 0.2495
Iteration 4053: Benign prob = 0.2505
Iteration 4058: Benign prob = 0.2524
Iteration 4063: Benign prob = 0.2557
Iteration 4085: Benign prob = 0.2591
Iteration 4110: Benign prob = 0.2652
Iteration 4126: Benign prob = 0.2702
Iteration 4167: Benign prob = 0.2716
Iteration 4191: Benign prob = 0.2763
Iteration 4229: Benign prob = 0.2790
Iteration 4252: Benign prob = 0.2851
Iteration 4305: Benign prob = 0.2920
Iteration 4310: Benign prob = 0.2927
Iteration 4322: Benign prob = 0.2986
Iteration 4376: Benign prob = 0.3013
Iteration 4442: Benign prob = 0.3037
Iteration 4456: Benign prob = 0.3046
Iteration 4466: Benign prob = 0.3172
Iteration 4482: Benign prob = 0.3185
Iteration 4509: Benign prob = 0.3203
Iteration 4615: Benign prob = 0.3240
Iteration 4634: Benign prob = 0.3255
Iteration 4707: Benign prob = 0.3369
Iteration 4794: Benign prob = 0.3377
Iteration 4812: Benign prob = 0.3492
Iteration 4861: Benign prob = 0.3571
Iteration 4998: Benign prob = 0.3581
Iteration 5051: Benign prob = 0.3590
Iteration 5100: Benign prob = 0.3607
Iteration 5138: Benign prob = 0.3675
Iteration 5169: Benign prob = 0.3752
Iteration 5237: Benign prob = 0.3770
Iteration 5257: Benign prob = 0.3802
Iteration 5272: Benign prob = 0.3859
Iteration 5322: Benign prob = 0.3862
Iteration 5346: Benign prob = 0.3867
Iteration 5434: Benign prob = 0.3877
Iteration 5450: Benign prob = 0.4009
Iteration 5464: Benign prob = 0.4043
Iteration 5516: Benign prob = 0.4047
Iteration 5520: Benign prob = 0.4057
Iteration 5540: Benign prob = 0.4144
Iteration 5565: Benign prob = 0.4149
Iteration 5598: Benign prob = 0.4245
Iteration 5599: Benign prob = 0.4334
Iteration 5604: Benign prob = 0.4398
Iteration 5611: Benign prob = 0.4406
Iteration 5651: Benign prob = 0.4445
Iteration 5657: Benign prob = 0.4458
Iteration 5674: Benign prob = 0.4493
Iteration 5713: Benign prob = 0.4637
Iteration 5788: Benign prob = 0.4690
Iteration 5814: Benign prob = 0.4707
Iteration 5824: Benign prob = 0.4715
Iteration 5908: Benign prob = 0.4734
Iteration 5964: Benign prob = 0.4740
Iteration 6006: Benign prob = 0.4763
Iteration 6040: Benign prob = 0.4765
Iteration 6041: Benign prob = 0.4814
Iteration 6099: Benign prob = 0.4839
Iteration 6113: Benign prob = 0.4932
Iteration 6185: Benign prob = 0.5192
Iteration 6193: Benign prob = 0.5205
Iteration 6201: Benign prob = 0.5215
Iteration 6259: Benign prob = 0.5273
Iteration 6260: Benign prob = 0.5278
Iteration 6269: Benign prob = 0.5311
Iteration 6302: Benign prob = 0.5448
Iteration 6341: Benign prob = 0.5479
Iteration 6354: Benign prob = 0.5489
Iteration 6436: Benign prob = 0.5494
Iteration 6455: Benign prob = 0.5502

 Completed Adversarial Image for image 10 in 11.00 minutes.

--- Adversarial Prediction Results for image 10: (/home/users/atodorova/alisa-thesis/malnet-cnn/test/smssend/minimob/475C5DEF53F731AD2B1E9E15F8F6A6A8BE7C48777F7DBA6485B7AC738BA373A1.png) ---
Predicted class: 11 (benign)
Confidence     : 0.5502
True class     : 34 (smssend)
