Requirement already satisfied: torchvision in ./y/envs/thesis_env_310/lib/python3.10/site-packages (0.20.1+cu121)
Requirement already satisfied: tqdm in ./y/envs/thesis_env_310/lib/python3.10/site-packages (4.67.1)
Requirement already satisfied: numpy in ./y/envs/thesis_env_310/lib/python3.10/site-packages (from torchvision) (2.1.2)
Requirement already satisfied: torch==2.5.1 in ./y/envs/thesis_env_310/lib/python3.10/site-packages (from torchvision) (2.5.1+cu121)
Requirement already satisfied: pillow!=8.3.*,>=5.3.0 in ./y/envs/thesis_env_310/lib/python3.10/site-packages (from torchvision) (11.0.0)
Requirement already satisfied: filelock in ./y/envs/thesis_env_310/lib/python3.10/site-packages (from torch==2.5.1->torchvision) (3.13.1)
Requirement already satisfied: typing-extensions>=4.8.0 in ./y/envs/thesis_env_310/lib/python3.10/site-packages (from torch==2.5.1->torchvision) (4.12.2)
Requirement already satisfied: networkx in ./y/envs/thesis_env_310/lib/python3.10/site-packages (from torch==2.5.1->torchvision) (3.3)
Requirement already satisfied: jinja2 in ./y/envs/thesis_env_310/lib/python3.10/site-packages (from torch==2.5.1->torchvision) (3.1.4)
Requirement already satisfied: fsspec in ./y/envs/thesis_env_310/lib/python3.10/site-packages (from torch==2.5.1->torchvision) (2024.6.1)
Requirement already satisfied: nvidia-cuda-nvrtc-cu12==12.1.105 in ./y/envs/thesis_env_310/lib/python3.10/site-packages (from torch==2.5.1->torchvision) (12.1.105)
Requirement already satisfied: nvidia-cuda-runtime-cu12==12.1.105 in ./y/envs/thesis_env_310/lib/python3.10/site-packages (from torch==2.5.1->torchvision) (12.1.105)
Requirement already satisfied: nvidia-cuda-cupti-cu12==12.1.105 in ./y/envs/thesis_env_310/lib/python3.10/site-packages (from torch==2.5.1->torchvision) (12.1.105)
Requirement already satisfied: nvidia-cudnn-cu12==9.1.0.70 in ./y/envs/thesis_env_310/lib/python3.10/site-packages (from torch==2.5.1->torchvision) (9.1.0.70)
Requirement already satisfied: nvidia-cublas-cu12==12.1.3.1 in ./y/envs/thesis_env_310/lib/python3.10/site-packages (from torch==2.5.1->torchvision) (12.1.3.1)
Requirement already satisfied: nvidia-cufft-cu12==11.0.2.54 in ./y/envs/thesis_env_310/lib/python3.10/site-packages (from torch==2.5.1->torchvision) (11.0.2.54)
Requirement already satisfied: nvidia-curand-cu12==10.3.2.106 in ./y/envs/thesis_env_310/lib/python3.10/site-packages (from torch==2.5.1->torchvision) (10.3.2.106)
Requirement already satisfied: nvidia-cusolver-cu12==11.4.5.107 in ./y/envs/thesis_env_310/lib/python3.10/site-packages (from torch==2.5.1->torchvision) (11.4.5.107)
Requirement already satisfied: nvidia-cusparse-cu12==12.1.0.106 in ./y/envs/thesis_env_310/lib/python3.10/site-packages (from torch==2.5.1->torchvision) (12.1.0.106)
Requirement already satisfied: nvidia-nccl-cu12==2.21.5 in ./y/envs/thesis_env_310/lib/python3.10/site-packages (from torch==2.5.1->torchvision) (2.21.5)
Requirement already satisfied: nvidia-nvtx-cu12==12.1.105 in ./y/envs/thesis_env_310/lib/python3.10/site-packages (from torch==2.5.1->torchvision) (12.1.105)
Requirement already satisfied: triton==3.1.0 in ./y/envs/thesis_env_310/lib/python3.10/site-packages (from torch==2.5.1->torchvision) (3.1.0)
Requirement already satisfied: sympy==1.13.1 in ./y/envs/thesis_env_310/lib/python3.10/site-packages (from torch==2.5.1->torchvision) (1.13.1)
Requirement already satisfied: nvidia-nvjitlink-cu12 in ./y/envs/thesis_env_310/lib/python3.10/site-packages (from nvidia-cusolver-cu12==11.4.5.107->torch==2.5.1->torchvision) (12.1.105)
Requirement already satisfied: mpmath<1.4,>=1.1.0 in ./y/envs/thesis_env_310/lib/python3.10/site-packages (from sympy==1.13.1->torch==2.5.1->torchvision) (1.3.0)
Requirement already satisfied: MarkupSafe>=2.0 in ./y/envs/thesis_env_310/lib/python3.10/site-packages (from jinja2->torch==2.5.1->torchvision) (2.1.5)
Using device: cuda
Device name: Tesla V100-SXM2-16GB
Using 1 GPUs.


=== [1/10] Creating EA Adversarial Image for /home/users/atodorova/alisa-thesis/malnet-cnn/test/downloader/genpua/0B9DF6D33939EE950E7EC32862592AE2E7BEE3A9308A3AAE5FE4C5A4D5C05BCA.png ===

--- Original Prediction Results ---
Predicted class: 4 (adware)

Confidence     : 0.4030

True class     : 16 (downloader)

Target ('benign') class: 11 (benign)

[INFO] Benign class became best class at iteration 975 with confidence 0.3069!

Targeted adversarial image created in 1990 iterations.
Benign first predicted at iteration 975 with confidence 0.3069.

Benign probability changes (iteration, prob):
Iteration 0: Benign prob = 0.0007
Iteration 1: Benign prob = 0.0011
Iteration 2: Benign prob = 0.0011
Iteration 3: Benign prob = 0.0014
Iteration 4: Benign prob = 0.0017
Iteration 6: Benign prob = 0.0019
Iteration 8: Benign prob = 0.0021
Iteration 11: Benign prob = 0.0022
Iteration 15: Benign prob = 0.0022
Iteration 17: Benign prob = 0.0023
Iteration 21: Benign prob = 0.0023
Iteration 26: Benign prob = 0.0024
Iteration 28: Benign prob = 0.0025
Iteration 30: Benign prob = 0.0029
Iteration 39: Benign prob = 0.0030
Iteration 43: Benign prob = 0.0031
Iteration 44: Benign prob = 0.0032
Iteration 46: Benign prob = 0.0035
Iteration 48: Benign prob = 0.0035
Iteration 51: Benign prob = 0.0039
Iteration 55: Benign prob = 0.0040
Iteration 57: Benign prob = 0.0042
Iteration 60: Benign prob = 0.0043
Iteration 62: Benign prob = 0.0045
Iteration 64: Benign prob = 0.0046
Iteration 65: Benign prob = 0.0050
Iteration 69: Benign prob = 0.0051
Iteration 74: Benign prob = 0.0051
Iteration 75: Benign prob = 0.0052
Iteration 89: Benign prob = 0.0059
Iteration 94: Benign prob = 0.0060
Iteration 96: Benign prob = 0.0064
Iteration 99: Benign prob = 0.0065
Iteration 101: Benign prob = 0.0068
Iteration 104: Benign prob = 0.0073
Iteration 108: Benign prob = 0.0074
Iteration 124: Benign prob = 0.0078
Iteration 127: Benign prob = 0.0080
Iteration 160: Benign prob = 0.0081
Iteration 162: Benign prob = 0.0083
Iteration 163: Benign prob = 0.0086
Iteration 173: Benign prob = 0.0089
Iteration 174: Benign prob = 0.0089
Iteration 178: Benign prob = 0.0099
Iteration 187: Benign prob = 0.0099
Iteration 195: Benign prob = 0.0099
Iteration 198: Benign prob = 0.0103
Iteration 204: Benign prob = 0.0112
Iteration 219: Benign prob = 0.0113
Iteration 226: Benign prob = 0.0121
Iteration 229: Benign prob = 0.0123
Iteration 249: Benign prob = 0.0128
Iteration 252: Benign prob = 0.0130
Iteration 285: Benign prob = 0.0134
Iteration 290: Benign prob = 0.0136
Iteration 293: Benign prob = 0.0140
Iteration 294: Benign prob = 0.0141
Iteration 298: Benign prob = 0.0145
Iteration 312: Benign prob = 0.0147
Iteration 317: Benign prob = 0.0150
Iteration 320: Benign prob = 0.0151
Iteration 340: Benign prob = 0.0155
Iteration 347: Benign prob = 0.0170
Iteration 353: Benign prob = 0.0177
Iteration 372: Benign prob = 0.0185
Iteration 373: Benign prob = 0.0185
Iteration 374: Benign prob = 0.0193
Iteration 377: Benign prob = 0.0194
Iteration 378: Benign prob = 0.0199
Iteration 380: Benign prob = 0.0202
Iteration 381: Benign prob = 0.0204
Iteration 382: Benign prob = 0.0221
Iteration 386: Benign prob = 0.0225
Iteration 387: Benign prob = 0.0229
Iteration 390: Benign prob = 0.0257
Iteration 395: Benign prob = 0.0293
Iteration 396: Benign prob = 0.0308
Iteration 399: Benign prob = 0.0351
Iteration 404: Benign prob = 0.0379
Iteration 406: Benign prob = 0.0395
Iteration 410: Benign prob = 0.0395
Iteration 412: Benign prob = 0.0405
Iteration 414: Benign prob = 0.0414
Iteration 415: Benign prob = 0.0506
Iteration 424: Benign prob = 0.0517
Iteration 425: Benign prob = 0.0524
Iteration 428: Benign prob = 0.0544
Iteration 430: Benign prob = 0.0566
Iteration 440: Benign prob = 0.0633
Iteration 458: Benign prob = 0.0649
Iteration 466: Benign prob = 0.0668
Iteration 468: Benign prob = 0.0737
Iteration 481: Benign prob = 0.0758
Iteration 486: Benign prob = 0.0861
Iteration 488: Benign prob = 0.0887
Iteration 495: Benign prob = 0.0897
Iteration 498: Benign prob = 0.1077
Iteration 501: Benign prob = 0.1187
Iteration 502: Benign prob = 0.1197
Iteration 511: Benign prob = 0.1232
Iteration 525: Benign prob = 0.1268
Iteration 535: Benign prob = 0.1363
Iteration 550: Benign prob = 0.1371
Iteration 564: Benign prob = 0.1424
Iteration 582: Benign prob = 0.1453
Iteration 591: Benign prob = 0.1502
Iteration 602: Benign prob = 0.1507
Iteration 613: Benign prob = 0.1574
Iteration 616: Benign prob = 0.1608
Iteration 617: Benign prob = 0.1634
Iteration 618: Benign prob = 0.1640
Iteration 626: Benign prob = 0.1652
Iteration 630: Benign prob = 0.1728
Iteration 632: Benign prob = 0.1753
Iteration 661: Benign prob = 0.1786
Iteration 664: Benign prob = 0.1876
Iteration 668: Benign prob = 0.1878
Iteration 672: Benign prob = 0.1958
Iteration 696: Benign prob = 0.2004
Iteration 702: Benign prob = 0.2097
Iteration 703: Benign prob = 0.2198
Iteration 705: Benign prob = 0.2202
Iteration 709: Benign prob = 0.2347
Iteration 746: Benign prob = 0.2359
Iteration 747: Benign prob = 0.2375
Iteration 755: Benign prob = 0.2418
Iteration 787: Benign prob = 0.2472
Iteration 795: Benign prob = 0.2544
Iteration 798: Benign prob = 0.2613
Iteration 801: Benign prob = 0.2626
Iteration 816: Benign prob = 0.2672
Iteration 817: Benign prob = 0.2756
Iteration 850: Benign prob = 0.2823
Iteration 864: Benign prob = 0.2883
Iteration 879: Benign prob = 0.2938
Iteration 892: Benign prob = 0.2962
Iteration 911: Benign prob = 0.2967
Iteration 924: Benign prob = 0.3018
Iteration 975: Benign prob = 0.3069
Iteration 991: Benign prob = 0.3080
Iteration 998: Benign prob = 0.3222
Iteration 1028: Benign prob = 0.3242
Iteration 1047: Benign prob = 0.3257
Iteration 1055: Benign prob = 0.3297
Iteration 1071: Benign prob = 0.3331
Iteration 1073: Benign prob = 0.3339
Iteration 1077: Benign prob = 0.3359
Iteration 1087: Benign prob = 0.3387
Iteration 1118: Benign prob = 0.3435
Iteration 1147: Benign prob = 0.3437
Iteration 1150: Benign prob = 0.3599
Iteration 1216: Benign prob = 0.3651
Iteration 1228: Benign prob = 0.3674
Iteration 1243: Benign prob = 0.3676
Iteration 1244: Benign prob = 0.3690
Iteration 1307: Benign prob = 0.3830
Iteration 1342: Benign prob = 0.3914
Iteration 1374: Benign prob = 0.3954
Iteration 1375: Benign prob = 0.4012
Iteration 1390: Benign prob = 0.4048
Iteration 1396: Benign prob = 0.4164
Iteration 1445: Benign prob = 0.4295
Iteration 1458: Benign prob = 0.4310
Iteration 1525: Benign prob = 0.4353
Iteration 1538: Benign prob = 0.4379
Iteration 1549: Benign prob = 0.4573
Iteration 1562: Benign prob = 0.4638
Iteration 1609: Benign prob = 0.4779
Iteration 1650: Benign prob = 0.4799
Iteration 1660: Benign prob = 0.4833
Iteration 1694: Benign prob = 0.4870
Iteration 1701: Benign prob = 0.4984
Iteration 1732: Benign prob = 0.5089
Iteration 1768: Benign prob = 0.5125
Iteration 1791: Benign prob = 0.5136
Iteration 1798: Benign prob = 0.5138
Iteration 1813: Benign prob = 0.5246
Iteration 1881: Benign prob = 0.5308
Iteration 1891: Benign prob = 0.5311
Iteration 1901: Benign prob = 0.5383
Iteration 1910: Benign prob = 0.5416
Iteration 1913: Benign prob = 0.5469
Iteration 1990: Benign prob = 0.5550

 Completed Adversarial Image for image 1 in 3.18 minutes.

--- Adversarial Prediction Results for image 1: (/home/users/atodorova/alisa-thesis/malnet-cnn/test/downloader/genpua/0B9DF6D33939EE950E7EC32862592AE2E7BEE3A9308A3AAE5FE4C5A4D5C05BCA.png) ---
Predicted class: 11 (benign)
Confidence     : 0.5550
True class     : 16 (downloader)


=== [2/10] Creating EA Adversarial Image for /home/users/atodorova/alisa-thesis/malnet-cnn/test/downloader/genpua/0D1F3BCA5A1ADF1636E9EBC0FA9A43C35B22BA4E8ED8976223258B39AC41316A.png ===

--- Original Prediction Results ---
Predicted class: 15 (clickfraud++riskware)

Confidence     : 0.3217

True class     : 16 (downloader)

Target ('benign') class: 11 (benign)

[INFO] Benign class became best class at iteration 425 with confidence 0.3385!

Targeted adversarial image created in 810 iterations.
Benign first predicted at iteration 425 with confidence 0.3385.

Benign probability changes (iteration, prob):
Iteration 0: Benign prob = 0.0006
Iteration 1: Benign prob = 0.0011
Iteration 2: Benign prob = 0.0011
Iteration 3: Benign prob = 0.0015
Iteration 5: Benign prob = 0.0015
Iteration 6: Benign prob = 0.0016
Iteration 7: Benign prob = 0.0017
Iteration 8: Benign prob = 0.0017
Iteration 11: Benign prob = 0.0018
Iteration 12: Benign prob = 0.0019
Iteration 13: Benign prob = 0.0020
Iteration 15: Benign prob = 0.0021
Iteration 16: Benign prob = 0.0021
Iteration 18: Benign prob = 0.0021
Iteration 20: Benign prob = 0.0023
Iteration 25: Benign prob = 0.0023
Iteration 26: Benign prob = 0.0026
Iteration 27: Benign prob = 0.0026
Iteration 37: Benign prob = 0.0028
Iteration 39: Benign prob = 0.0028
Iteration 41: Benign prob = 0.0031
Iteration 42: Benign prob = 0.0031
Iteration 44: Benign prob = 0.0035
Iteration 48: Benign prob = 0.0039
Iteration 50: Benign prob = 0.0039
Iteration 51: Benign prob = 0.0039
Iteration 53: Benign prob = 0.0040
Iteration 56: Benign prob = 0.0040
Iteration 57: Benign prob = 0.0048
Iteration 60: Benign prob = 0.0051
Iteration 64: Benign prob = 0.0053
Iteration 68: Benign prob = 0.0055
Iteration 69: Benign prob = 0.0056
Iteration 71: Benign prob = 0.0059
Iteration 74: Benign prob = 0.0063
Iteration 75: Benign prob = 0.0065
Iteration 76: Benign prob = 0.0069
Iteration 77: Benign prob = 0.0079
Iteration 81: Benign prob = 0.0089
Iteration 84: Benign prob = 0.0108
Iteration 85: Benign prob = 0.0113
Iteration 87: Benign prob = 0.0124
Iteration 88: Benign prob = 0.0133
Iteration 92: Benign prob = 0.0135
Iteration 94: Benign prob = 0.0136
Iteration 95: Benign prob = 0.0143
Iteration 96: Benign prob = 0.0159
Iteration 97: Benign prob = 0.0169
Iteration 98: Benign prob = 0.0174
Iteration 102: Benign prob = 0.0187
Iteration 104: Benign prob = 0.0206
Iteration 105: Benign prob = 0.0213
Iteration 109: Benign prob = 0.0239
Iteration 115: Benign prob = 0.0250
Iteration 117: Benign prob = 0.0257
Iteration 126: Benign prob = 0.0259
Iteration 127: Benign prob = 0.0294
Iteration 132: Benign prob = 0.0295
Iteration 134: Benign prob = 0.0301
Iteration 136: Benign prob = 0.0344
Iteration 139: Benign prob = 0.0359
Iteration 142: Benign prob = 0.0380
Iteration 145: Benign prob = 0.0413
Iteration 146: Benign prob = 0.0429
Iteration 148: Benign prob = 0.0461
Iteration 150: Benign prob = 0.0533
Iteration 156: Benign prob = 0.0562
Iteration 157: Benign prob = 0.0611
Iteration 164: Benign prob = 0.0680
Iteration 165: Benign prob = 0.0692
Iteration 172: Benign prob = 0.0724
Iteration 174: Benign prob = 0.0726
Iteration 175: Benign prob = 0.0751
Iteration 177: Benign prob = 0.0803
Iteration 182: Benign prob = 0.0828
Iteration 184: Benign prob = 0.0839
Iteration 186: Benign prob = 0.0879
Iteration 187: Benign prob = 0.0883
Iteration 189: Benign prob = 0.0941
Iteration 190: Benign prob = 0.0973
Iteration 195: Benign prob = 0.1047
Iteration 198: Benign prob = 0.1206
Iteration 207: Benign prob = 0.1250
Iteration 217: Benign prob = 0.1264
Iteration 222: Benign prob = 0.1321
Iteration 230: Benign prob = 0.1395
Iteration 232: Benign prob = 0.1431
Iteration 235: Benign prob = 0.1487
Iteration 236: Benign prob = 0.1529
Iteration 241: Benign prob = 0.1598
Iteration 243: Benign prob = 0.1664
Iteration 248: Benign prob = 0.1753
Iteration 253: Benign prob = 0.1783
Iteration 271: Benign prob = 0.1806
Iteration 272: Benign prob = 0.1875
Iteration 281: Benign prob = 0.2154
Iteration 286: Benign prob = 0.2175
Iteration 311: Benign prob = 0.2179
Iteration 313: Benign prob = 0.2203
Iteration 319: Benign prob = 0.2232
Iteration 321: Benign prob = 0.2281
Iteration 327: Benign prob = 0.2287
Iteration 329: Benign prob = 0.2364
Iteration 332: Benign prob = 0.2382
Iteration 336: Benign prob = 0.2473
Iteration 346: Benign prob = 0.2608
Iteration 353: Benign prob = 0.2612
Iteration 356: Benign prob = 0.2818
Iteration 393: Benign prob = 0.2882
Iteration 400: Benign prob = 0.3084
Iteration 402: Benign prob = 0.3312
Iteration 425: Benign prob = 0.3385
Iteration 436: Benign prob = 0.3443
Iteration 446: Benign prob = 0.3521
Iteration 457: Benign prob = 0.3610
Iteration 465: Benign prob = 0.3611
Iteration 476: Benign prob = 0.3617
Iteration 479: Benign prob = 0.3728
Iteration 481: Benign prob = 0.3766
Iteration 495: Benign prob = 0.3977
Iteration 500: Benign prob = 0.4001
Iteration 524: Benign prob = 0.4110
Iteration 530: Benign prob = 0.4205
Iteration 556: Benign prob = 0.4340
Iteration 597: Benign prob = 0.4490
Iteration 599: Benign prob = 0.4606
Iteration 615: Benign prob = 0.4627
Iteration 617: Benign prob = 0.4641
Iteration 626: Benign prob = 0.4791
Iteration 634: Benign prob = 0.4817
Iteration 644: Benign prob = 0.4945
Iteration 664: Benign prob = 0.4955
Iteration 702: Benign prob = 0.5009
Iteration 703: Benign prob = 0.5020
Iteration 715: Benign prob = 0.5026
Iteration 726: Benign prob = 0.5050
Iteration 758: Benign prob = 0.5066
Iteration 768: Benign prob = 0.5104
Iteration 772: Benign prob = 0.5189
Iteration 796: Benign prob = 0.5373
Iteration 810: Benign prob = 0.5593

 Completed Adversarial Image for image 2 in 1.30 minutes.

--- Adversarial Prediction Results for image 2: (/home/users/atodorova/alisa-thesis/malnet-cnn/test/downloader/genpua/0D1F3BCA5A1ADF1636E9EBC0FA9A43C35B22BA4E8ED8976223258B39AC41316A.png) ---
Predicted class: 11 (benign)
Confidence     : 0.5593
True class     : 16 (downloader)


=== [3/10] Creating EA Adversarial Image for /home/users/atodorova/alisa-thesis/malnet-cnn/test/downloader/hiddenapps/1A76E9A0290ADD5E1165668C367FE25952DF5F3EF16BBC7E8CC41E86A35891C8.png ===

--- Original Prediction Results ---
Predicted class: 4 (adware)

Confidence     : 0.3298

True class     : 16 (downloader)

Target ('benign') class: 11 (benign)

[INFO] Benign class became best class at iteration 770 with confidence 0.3510!

Targeted adversarial image created in 1568 iterations.
Benign first predicted at iteration 770 with confidence 0.3510.

Benign probability changes (iteration, prob):
Iteration 0: Benign prob = 0.0004
Iteration 1: Benign prob = 0.0006
Iteration 2: Benign prob = 0.0007
Iteration 4: Benign prob = 0.0008
Iteration 5: Benign prob = 0.0014
Iteration 7: Benign prob = 0.0016
Iteration 8: Benign prob = 0.0017
Iteration 9: Benign prob = 0.0019
Iteration 11: Benign prob = 0.0021
Iteration 14: Benign prob = 0.0022
Iteration 19: Benign prob = 0.0022
Iteration 20: Benign prob = 0.0022
Iteration 21: Benign prob = 0.0023
Iteration 25: Benign prob = 0.0024
Iteration 26: Benign prob = 0.0025
Iteration 29: Benign prob = 0.0028
Iteration 35: Benign prob = 0.0028
Iteration 38: Benign prob = 0.0031
Iteration 43: Benign prob = 0.0036
Iteration 44: Benign prob = 0.0037
Iteration 47: Benign prob = 0.0040
Iteration 49: Benign prob = 0.0040
Iteration 51: Benign prob = 0.0043
Iteration 55: Benign prob = 0.0045
Iteration 57: Benign prob = 0.0048
Iteration 63: Benign prob = 0.0051
Iteration 65: Benign prob = 0.0055
Iteration 75: Benign prob = 0.0055
Iteration 76: Benign prob = 0.0056
Iteration 80: Benign prob = 0.0060
Iteration 84: Benign prob = 0.0063
Iteration 85: Benign prob = 0.0065
Iteration 87: Benign prob = 0.0070
Iteration 89: Benign prob = 0.0080
Iteration 94: Benign prob = 0.0080
Iteration 112: Benign prob = 0.0080
Iteration 116: Benign prob = 0.0084
Iteration 124: Benign prob = 0.0086
Iteration 131: Benign prob = 0.0088
Iteration 139: Benign prob = 0.0096
Iteration 154: Benign prob = 0.0097
Iteration 155: Benign prob = 0.0098
Iteration 156: Benign prob = 0.0099
Iteration 157: Benign prob = 0.0106
Iteration 189: Benign prob = 0.0109
Iteration 191: Benign prob = 0.0113
Iteration 200: Benign prob = 0.0130
Iteration 202: Benign prob = 0.0132
Iteration 207: Benign prob = 0.0135
Iteration 208: Benign prob = 0.0167
Iteration 239: Benign prob = 0.0172
Iteration 240: Benign prob = 0.0179
Iteration 242: Benign prob = 0.0187
Iteration 247: Benign prob = 0.0192
Iteration 250: Benign prob = 0.0196
Iteration 251: Benign prob = 0.0203
Iteration 257: Benign prob = 0.0212
Iteration 261: Benign prob = 0.0214
Iteration 262: Benign prob = 0.0216
Iteration 263: Benign prob = 0.0218
Iteration 264: Benign prob = 0.0232
Iteration 266: Benign prob = 0.0240
Iteration 268: Benign prob = 0.0244
Iteration 269: Benign prob = 0.0275
Iteration 279: Benign prob = 0.0277
Iteration 280: Benign prob = 0.0295
Iteration 281: Benign prob = 0.0312
Iteration 295: Benign prob = 0.0329
Iteration 297: Benign prob = 0.0332
Iteration 302: Benign prob = 0.0336
Iteration 303: Benign prob = 0.0364
Iteration 320: Benign prob = 0.0371
Iteration 326: Benign prob = 0.0372
Iteration 332: Benign prob = 0.0385
Iteration 334: Benign prob = 0.0393
Iteration 353: Benign prob = 0.0455
Iteration 373: Benign prob = 0.0458
Iteration 378: Benign prob = 0.0477
Iteration 383: Benign prob = 0.0478
Iteration 387: Benign prob = 0.0516
Iteration 392: Benign prob = 0.0556
Iteration 400: Benign prob = 0.0564
Iteration 402: Benign prob = 0.0578
Iteration 406: Benign prob = 0.0618
Iteration 407: Benign prob = 0.0640
Iteration 418: Benign prob = 0.0651
Iteration 433: Benign prob = 0.0659
Iteration 436: Benign prob = 0.0672
Iteration 437: Benign prob = 0.0691
Iteration 439: Benign prob = 0.0717
Iteration 440: Benign prob = 0.0756
Iteration 441: Benign prob = 0.0782
Iteration 448: Benign prob = 0.0812
Iteration 452: Benign prob = 0.0813
Iteration 459: Benign prob = 0.0875
Iteration 460: Benign prob = 0.0887
Iteration 461: Benign prob = 0.0900
Iteration 466: Benign prob = 0.0931
Iteration 471: Benign prob = 0.0936
Iteration 473: Benign prob = 0.0985
Iteration 475: Benign prob = 0.1006
Iteration 480: Benign prob = 0.1040
Iteration 485: Benign prob = 0.1222
Iteration 486: Benign prob = 0.1278
Iteration 498: Benign prob = 0.1359
Iteration 500: Benign prob = 0.1412
Iteration 505: Benign prob = 0.1453
Iteration 509: Benign prob = 0.1523
Iteration 513: Benign prob = 0.1532
Iteration 519: Benign prob = 0.1568
Iteration 520: Benign prob = 0.1596
Iteration 539: Benign prob = 0.1618
Iteration 548: Benign prob = 0.1625
Iteration 550: Benign prob = 0.1775
Iteration 559: Benign prob = 0.1881
Iteration 574: Benign prob = 0.1886
Iteration 576: Benign prob = 0.1945
Iteration 580: Benign prob = 0.2064
Iteration 586: Benign prob = 0.2079
Iteration 589: Benign prob = 0.2120
Iteration 590: Benign prob = 0.2282
Iteration 596: Benign prob = 0.2308
Iteration 600: Benign prob = 0.2346
Iteration 649: Benign prob = 0.2406
Iteration 661: Benign prob = 0.2416
Iteration 663: Benign prob = 0.2433
Iteration 678: Benign prob = 0.2484
Iteration 683: Benign prob = 0.2486
Iteration 692: Benign prob = 0.2496
Iteration 695: Benign prob = 0.2594
Iteration 697: Benign prob = 0.2671
Iteration 704: Benign prob = 0.2887
Iteration 717: Benign prob = 0.2894
Iteration 721: Benign prob = 0.2991
Iteration 745: Benign prob = 0.3026
Iteration 746: Benign prob = 0.3091
Iteration 761: Benign prob = 0.3142
Iteration 770: Benign prob = 0.3510
Iteration 826: Benign prob = 0.3538
Iteration 828: Benign prob = 0.3551
Iteration 886: Benign prob = 0.3593
Iteration 892: Benign prob = 0.3716
Iteration 901: Benign prob = 0.3757
Iteration 925: Benign prob = 0.3811
Iteration 943: Benign prob = 0.3963
Iteration 952: Benign prob = 0.3966
Iteration 958: Benign prob = 0.4081
Iteration 1015: Benign prob = 0.4284
Iteration 1027: Benign prob = 0.4309
Iteration 1050: Benign prob = 0.4403
Iteration 1058: Benign prob = 0.4476
Iteration 1104: Benign prob = 0.4519
Iteration 1112: Benign prob = 0.4573
Iteration 1114: Benign prob = 0.4581
Iteration 1149: Benign prob = 0.4682
Iteration 1161: Benign prob = 0.4718
Iteration 1163: Benign prob = 0.4735
Iteration 1173: Benign prob = 0.4812
Iteration 1205: Benign prob = 0.4859
Iteration 1217: Benign prob = 0.4872
Iteration 1220: Benign prob = 0.4877
Iteration 1223: Benign prob = 0.4930
Iteration 1260: Benign prob = 0.4973
Iteration 1315: Benign prob = 0.4975
Iteration 1345: Benign prob = 0.5007
Iteration 1349: Benign prob = 0.5053
Iteration 1354: Benign prob = 0.5054
Iteration 1416: Benign prob = 0.5055
Iteration 1417: Benign prob = 0.5086
Iteration 1423: Benign prob = 0.5090
Iteration 1431: Benign prob = 0.5208
Iteration 1450: Benign prob = 0.5224
Iteration 1503: Benign prob = 0.5229
Iteration 1505: Benign prob = 0.5267
Iteration 1507: Benign prob = 0.5269
Iteration 1517: Benign prob = 0.5330
Iteration 1528: Benign prob = 0.5362
Iteration 1536: Benign prob = 0.5403
Iteration 1560: Benign prob = 0.5430
Iteration 1563: Benign prob = 0.5492
Iteration 1568: Benign prob = 0.5546

 Completed Adversarial Image for image 3 in 2.52 minutes.

--- Adversarial Prediction Results for image 3: (/home/users/atodorova/alisa-thesis/malnet-cnn/test/downloader/hiddenapps/1A76E9A0290ADD5E1165668C367FE25952DF5F3EF16BBC7E8CC41E86A35891C8.png) ---
Predicted class: 11 (benign)
Confidence     : 0.5546
True class     : 16 (downloader)


=== [4/10] Creating EA Adversarial Image for /home/users/atodorova/alisa-thesis/malnet-cnn/test/downloader/hiddenapps/5B8052A1E55717D2AC0080AA3E69A95D035266D52D45F45F4B76FE53FFA9BB11.png ===

--- Original Prediction Results ---
Predicted class: 15 (clickfraud++riskware)

Confidence     : 0.3333

True class     : 16 (downloader)

Target ('benign') class: 11 (benign)

[INFO] Benign class became best class at iteration 2071 with confidence 0.3082!

Targeted adversarial image created in 3031 iterations.
Benign first predicted at iteration 2071 with confidence 0.3082.

Benign probability changes (iteration, prob):
Iteration 0: Benign prob = 0.0003
Iteration 1: Benign prob = 0.0005
Iteration 2: Benign prob = 0.0005
Iteration 3: Benign prob = 0.0005
Iteration 4: Benign prob = 0.0009
Iteration 6: Benign prob = 0.0011
Iteration 7: Benign prob = 0.0012
Iteration 8: Benign prob = 0.0016
Iteration 9: Benign prob = 0.0016
Iteration 10: Benign prob = 0.0016
Iteration 11: Benign prob = 0.0017
Iteration 12: Benign prob = 0.0017
Iteration 13: Benign prob = 0.0019
Iteration 14: Benign prob = 0.0020
Iteration 20: Benign prob = 0.0020
Iteration 22: Benign prob = 0.0021
Iteration 26: Benign prob = 0.0021
Iteration 27: Benign prob = 0.0021
Iteration 29: Benign prob = 0.0023
Iteration 31: Benign prob = 0.0023
Iteration 32: Benign prob = 0.0023
Iteration 34: Benign prob = 0.0024
Iteration 36: Benign prob = 0.0025
Iteration 42: Benign prob = 0.0026
Iteration 47: Benign prob = 0.0026
Iteration 50: Benign prob = 0.0027
Iteration 52: Benign prob = 0.0032
Iteration 56: Benign prob = 0.0033
Iteration 57: Benign prob = 0.0035
Iteration 73: Benign prob = 0.0037
Iteration 92: Benign prob = 0.0037
Iteration 97: Benign prob = 0.0039
Iteration 111: Benign prob = 0.0041
Iteration 123: Benign prob = 0.0042
Iteration 125: Benign prob = 0.0043
Iteration 126: Benign prob = 0.0044
Iteration 130: Benign prob = 0.0045
Iteration 131: Benign prob = 0.0045
Iteration 150: Benign prob = 0.0046
Iteration 157: Benign prob = 0.0048
Iteration 160: Benign prob = 0.0048
Iteration 166: Benign prob = 0.0049
Iteration 171: Benign prob = 0.0053
Iteration 174: Benign prob = 0.0053
Iteration 187: Benign prob = 0.0054
Iteration 199: Benign prob = 0.0055
Iteration 205: Benign prob = 0.0057
Iteration 227: Benign prob = 0.0057
Iteration 228: Benign prob = 0.0057
Iteration 238: Benign prob = 0.0058
Iteration 244: Benign prob = 0.0058
Iteration 245: Benign prob = 0.0059
Iteration 254: Benign prob = 0.0060
Iteration 276: Benign prob = 0.0061
Iteration 294: Benign prob = 0.0062
Iteration 298: Benign prob = 0.0064
Iteration 321: Benign prob = 0.0064
Iteration 326: Benign prob = 0.0064
Iteration 340: Benign prob = 0.0064
Iteration 373: Benign prob = 0.0068
Iteration 383: Benign prob = 0.0071
Iteration 392: Benign prob = 0.0072
Iteration 398: Benign prob = 0.0073
Iteration 404: Benign prob = 0.0074
Iteration 406: Benign prob = 0.0076
Iteration 413: Benign prob = 0.0078
Iteration 419: Benign prob = 0.0082
Iteration 433: Benign prob = 0.0085
Iteration 434: Benign prob = 0.0086
Iteration 444: Benign prob = 0.0089
Iteration 453: Benign prob = 0.0098
Iteration 464: Benign prob = 0.0102
Iteration 475: Benign prob = 0.0102
Iteration 481: Benign prob = 0.0105
Iteration 482: Benign prob = 0.0107
Iteration 490: Benign prob = 0.0108
Iteration 492: Benign prob = 0.0111
Iteration 495: Benign prob = 0.0115
Iteration 513: Benign prob = 0.0122
Iteration 520: Benign prob = 0.0133
Iteration 536: Benign prob = 0.0136
Iteration 556: Benign prob = 0.0148
Iteration 566: Benign prob = 0.0148
Iteration 572: Benign prob = 0.0149
Iteration 585: Benign prob = 0.0152
Iteration 596: Benign prob = 0.0152
Iteration 598: Benign prob = 0.0155
Iteration 603: Benign prob = 0.0162
Iteration 606: Benign prob = 0.0163
Iteration 610: Benign prob = 0.0167
Iteration 632: Benign prob = 0.0173
Iteration 661: Benign prob = 0.0174
Iteration 665: Benign prob = 0.0179
Iteration 670: Benign prob = 0.0187
Iteration 679: Benign prob = 0.0190
Iteration 682: Benign prob = 0.0191
Iteration 687: Benign prob = 0.0198
Iteration 690: Benign prob = 0.0200
Iteration 701: Benign prob = 0.0217
Iteration 711: Benign prob = 0.0219
Iteration 730: Benign prob = 0.0221
Iteration 734: Benign prob = 0.0221
Iteration 740: Benign prob = 0.0225
Iteration 758: Benign prob = 0.0228
Iteration 766: Benign prob = 0.0228
Iteration 780: Benign prob = 0.0240
Iteration 788: Benign prob = 0.0240
Iteration 795: Benign prob = 0.0247
Iteration 805: Benign prob = 0.0247
Iteration 830: Benign prob = 0.0250
Iteration 836: Benign prob = 0.0252
Iteration 842: Benign prob = 0.0254
Iteration 877: Benign prob = 0.0257
Iteration 883: Benign prob = 0.0271
Iteration 898: Benign prob = 0.0278
Iteration 902: Benign prob = 0.0286
Iteration 933: Benign prob = 0.0292
Iteration 935: Benign prob = 0.0317
Iteration 938: Benign prob = 0.0336
Iteration 962: Benign prob = 0.0349
Iteration 989: Benign prob = 0.0353
Iteration 998: Benign prob = 0.0357
Iteration 1001: Benign prob = 0.0358
Iteration 1006: Benign prob = 0.0380
Iteration 1034: Benign prob = 0.0405
Iteration 1056: Benign prob = 0.0428
Iteration 1069: Benign prob = 0.0430
Iteration 1094: Benign prob = 0.0442
Iteration 1097: Benign prob = 0.0445
Iteration 1100: Benign prob = 0.0492
Iteration 1109: Benign prob = 0.0533
Iteration 1120: Benign prob = 0.0585
Iteration 1126: Benign prob = 0.0590
Iteration 1129: Benign prob = 0.0591
Iteration 1139: Benign prob = 0.0602
Iteration 1145: Benign prob = 0.0606
Iteration 1150: Benign prob = 0.0641
Iteration 1152: Benign prob = 0.0654
Iteration 1160: Benign prob = 0.0658
Iteration 1177: Benign prob = 0.0734
Iteration 1224: Benign prob = 0.0749
Iteration 1253: Benign prob = 0.0777
Iteration 1254: Benign prob = 0.0784
Iteration 1270: Benign prob = 0.0805
Iteration 1284: Benign prob = 0.0812
Iteration 1285: Benign prob = 0.0814
Iteration 1298: Benign prob = 0.0827
Iteration 1312: Benign prob = 0.0854
Iteration 1315: Benign prob = 0.0869
Iteration 1319: Benign prob = 0.0887
Iteration 1320: Benign prob = 0.0913
Iteration 1333: Benign prob = 0.0916
Iteration 1337: Benign prob = 0.0917
Iteration 1338: Benign prob = 0.0923
Iteration 1341: Benign prob = 0.0925
Iteration 1342: Benign prob = 0.0932
Iteration 1354: Benign prob = 0.0934
Iteration 1363: Benign prob = 0.0974
Iteration 1378: Benign prob = 0.0985
Iteration 1388: Benign prob = 0.1006
Iteration 1392: Benign prob = 0.1067
Iteration 1411: Benign prob = 0.1148
Iteration 1437: Benign prob = 0.1149
Iteration 1454: Benign prob = 0.1283
Iteration 1482: Benign prob = 0.1370
Iteration 1513: Benign prob = 0.1371
Iteration 1514: Benign prob = 0.1377
Iteration 1563: Benign prob = 0.1381
Iteration 1568: Benign prob = 0.1385
Iteration 1570: Benign prob = 0.1398
Iteration 1575: Benign prob = 0.1430
Iteration 1578: Benign prob = 0.1441
Iteration 1610: Benign prob = 0.1471
Iteration 1632: Benign prob = 0.1493
Iteration 1645: Benign prob = 0.1505
Iteration 1695: Benign prob = 0.1527
Iteration 1705: Benign prob = 0.1540
Iteration 1717: Benign prob = 0.1650
Iteration 1764: Benign prob = 0.1687
Iteration 1779: Benign prob = 0.1699
Iteration 1789: Benign prob = 0.1714
Iteration 1799: Benign prob = 0.1739
Iteration 1803: Benign prob = 0.1769
Iteration 1818: Benign prob = 0.2097
Iteration 1876: Benign prob = 0.2111
Iteration 1884: Benign prob = 0.2176
Iteration 1897: Benign prob = 0.2186
Iteration 1900: Benign prob = 0.2253
Iteration 1902: Benign prob = 0.2332
Iteration 1924: Benign prob = 0.2387
Iteration 1938: Benign prob = 0.2415
Iteration 1939: Benign prob = 0.2457
Iteration 1957: Benign prob = 0.2494
Iteration 1961: Benign prob = 0.2544
Iteration 1970: Benign prob = 0.2558
Iteration 1977: Benign prob = 0.2585
Iteration 1979: Benign prob = 0.2624
Iteration 1994: Benign prob = 0.2631
Iteration 1995: Benign prob = 0.2706
Iteration 2000: Benign prob = 0.2805
Iteration 2052: Benign prob = 0.2914
Iteration 2053: Benign prob = 0.2939
Iteration 2064: Benign prob = 0.2964
Iteration 2067: Benign prob = 0.2987
Iteration 2070: Benign prob = 0.2991
Iteration 2071: Benign prob = 0.3082
Iteration 2083: Benign prob = 0.3146
Iteration 2106: Benign prob = 0.3184
Iteration 2113: Benign prob = 0.3190
Iteration 2132: Benign prob = 0.3233
Iteration 2138: Benign prob = 0.3268
Iteration 2140: Benign prob = 0.3323
Iteration 2144: Benign prob = 0.3363
Iteration 2147: Benign prob = 0.3481
Iteration 2151: Benign prob = 0.3498
Iteration 2154: Benign prob = 0.3527
Iteration 2218: Benign prob = 0.3537
Iteration 2231: Benign prob = 0.3556
Iteration 2242: Benign prob = 0.3594
Iteration 2252: Benign prob = 0.3668
Iteration 2263: Benign prob = 0.3692
Iteration 2282: Benign prob = 0.3702
Iteration 2294: Benign prob = 0.3757
Iteration 2327: Benign prob = 0.3767
Iteration 2343: Benign prob = 0.3837
Iteration 2384: Benign prob = 0.3927
Iteration 2388: Benign prob = 0.3984
Iteration 2436: Benign prob = 0.4011
Iteration 2492: Benign prob = 0.4093
Iteration 2495: Benign prob = 0.4139
Iteration 2505: Benign prob = 0.4160
Iteration 2509: Benign prob = 0.4161
Iteration 2547: Benign prob = 0.4422
Iteration 2622: Benign prob = 0.4504
Iteration 2681: Benign prob = 0.4535
Iteration 2691: Benign prob = 0.4540
Iteration 2695: Benign prob = 0.4561
Iteration 2706: Benign prob = 0.4663
Iteration 2726: Benign prob = 0.4669
Iteration 2767: Benign prob = 0.4684
Iteration 2789: Benign prob = 0.4691
Iteration 2806: Benign prob = 0.4782
Iteration 2845: Benign prob = 0.4838
Iteration 2882: Benign prob = 0.4867
Iteration 2897: Benign prob = 0.4967
Iteration 2904: Benign prob = 0.4989
Iteration 2943: Benign prob = 0.5031
Iteration 2952: Benign prob = 0.5056
Iteration 2976: Benign prob = 0.5335
Iteration 3014: Benign prob = 0.5402
Iteration 3031: Benign prob = 0.5518

 Completed Adversarial Image for image 4 in 4.85 minutes.

--- Adversarial Prediction Results for image 4: (/home/users/atodorova/alisa-thesis/malnet-cnn/test/downloader/hiddenapps/5B8052A1E55717D2AC0080AA3E69A95D035266D52D45F45F4B76FE53FFA9BB11.png) ---
Predicted class: 11 (benign)
Confidence     : 0.5518
True class     : 16 (downloader)


=== [5/10] Creating EA Adversarial Image for /home/users/atodorova/alisa-thesis/malnet-cnn/test/downloader/jiagu/0BE71AAB19AEFFE84B9E8B38F25BD4D3E462EAA7E2ADED10D9AA93FD6DDBD562.png ===

--- Original Prediction Results ---
Predicted class: 15 (clickfraud++riskware)

Confidence     : 0.4166

True class     : 16 (downloader)

Target ('benign') class: 11 (benign)

[INFO] Benign class became best class at iteration 992 with confidence 0.3709!

Targeted adversarial image created in 1805 iterations.
Benign first predicted at iteration 992 with confidence 0.3709.

Benign probability changes (iteration, prob):
Iteration 0: Benign prob = 0.0004
Iteration 1: Benign prob = 0.0010
Iteration 2: Benign prob = 0.0014
Iteration 3: Benign prob = 0.0015
Iteration 4: Benign prob = 0.0020
Iteration 6: Benign prob = 0.0020
Iteration 9: Benign prob = 0.0020
Iteration 10: Benign prob = 0.0023
Iteration 14: Benign prob = 0.0023
Iteration 19: Benign prob = 0.0024
Iteration 25: Benign prob = 0.0025
Iteration 28: Benign prob = 0.0026
Iteration 33: Benign prob = 0.0030
Iteration 40: Benign prob = 0.0032
Iteration 43: Benign prob = 0.0034
Iteration 47: Benign prob = 0.0035
Iteration 53: Benign prob = 0.0038
Iteration 69: Benign prob = 0.0045
Iteration 80: Benign prob = 0.0046
Iteration 89: Benign prob = 0.0048
Iteration 95: Benign prob = 0.0049
Iteration 96: Benign prob = 0.0050
Iteration 97: Benign prob = 0.0056
Iteration 98: Benign prob = 0.0057
Iteration 108: Benign prob = 0.0061
Iteration 113: Benign prob = 0.0068
Iteration 120: Benign prob = 0.0068
Iteration 123: Benign prob = 0.0074
Iteration 127: Benign prob = 0.0082
Iteration 134: Benign prob = 0.0084
Iteration 152: Benign prob = 0.0092
Iteration 159: Benign prob = 0.0093
Iteration 161: Benign prob = 0.0105
Iteration 169: Benign prob = 0.0118
Iteration 176: Benign prob = 0.0129
Iteration 180: Benign prob = 0.0132
Iteration 184: Benign prob = 0.0141
Iteration 186: Benign prob = 0.0170
Iteration 192: Benign prob = 0.0189
Iteration 197: Benign prob = 0.0201
Iteration 199: Benign prob = 0.0208
Iteration 200: Benign prob = 0.0212
Iteration 202: Benign prob = 0.0215
Iteration 211: Benign prob = 0.0258
Iteration 214: Benign prob = 0.0265
Iteration 216: Benign prob = 0.0268
Iteration 221: Benign prob = 0.0283
Iteration 228: Benign prob = 0.0287
Iteration 232: Benign prob = 0.0295
Iteration 233: Benign prob = 0.0296
Iteration 234: Benign prob = 0.0324
Iteration 236: Benign prob = 0.0349
Iteration 239: Benign prob = 0.0357
Iteration 245: Benign prob = 0.0388
Iteration 246: Benign prob = 0.0412
Iteration 252: Benign prob = 0.0507
Iteration 256: Benign prob = 0.0536
Iteration 262: Benign prob = 0.0551
Iteration 264: Benign prob = 0.0568
Iteration 265: Benign prob = 0.0651
Iteration 274: Benign prob = 0.0721
Iteration 277: Benign prob = 0.0884
Iteration 290: Benign prob = 0.0939
Iteration 292: Benign prob = 0.0943
Iteration 293: Benign prob = 0.0972
Iteration 301: Benign prob = 0.1000
Iteration 329: Benign prob = 0.1034
Iteration 332: Benign prob = 0.1034
Iteration 333: Benign prob = 0.1064
Iteration 351: Benign prob = 0.1137
Iteration 352: Benign prob = 0.1153
Iteration 369: Benign prob = 0.1174
Iteration 379: Benign prob = 0.1189
Iteration 391: Benign prob = 0.1323
Iteration 431: Benign prob = 0.1330
Iteration 435: Benign prob = 0.1341
Iteration 436: Benign prob = 0.1379
Iteration 444: Benign prob = 0.1412
Iteration 459: Benign prob = 0.1427
Iteration 463: Benign prob = 0.1486
Iteration 477: Benign prob = 0.1601
Iteration 484: Benign prob = 0.1611
Iteration 486: Benign prob = 0.1671
Iteration 515: Benign prob = 0.1695
Iteration 525: Benign prob = 0.1869
Iteration 532: Benign prob = 0.2019
Iteration 573: Benign prob = 0.2041
Iteration 576: Benign prob = 0.2155
Iteration 613: Benign prob = 0.2166
Iteration 616: Benign prob = 0.2182
Iteration 622: Benign prob = 0.2346
Iteration 650: Benign prob = 0.2358
Iteration 661: Benign prob = 0.2470
Iteration 684: Benign prob = 0.2525
Iteration 702: Benign prob = 0.2677
Iteration 703: Benign prob = 0.2839
Iteration 749: Benign prob = 0.2916
Iteration 756: Benign prob = 0.3028
Iteration 757: Benign prob = 0.3054
Iteration 764: Benign prob = 0.3096
Iteration 766: Benign prob = 0.3160
Iteration 779: Benign prob = 0.3224
Iteration 791: Benign prob = 0.3266
Iteration 813: Benign prob = 0.3268
Iteration 817: Benign prob = 0.3380
Iteration 828: Benign prob = 0.3444
Iteration 837: Benign prob = 0.3456
Iteration 844: Benign prob = 0.3477
Iteration 852: Benign prob = 0.3488
Iteration 881: Benign prob = 0.3534
Iteration 908: Benign prob = 0.3539
Iteration 909: Benign prob = 0.3560
Iteration 955: Benign prob = 0.3610
Iteration 992: Benign prob = 0.3709
Iteration 994: Benign prob = 0.3721
Iteration 995: Benign prob = 0.3889
Iteration 998: Benign prob = 0.3914
Iteration 1017: Benign prob = 0.4312
Iteration 1058: Benign prob = 0.4327
Iteration 1090: Benign prob = 0.4350
Iteration 1098: Benign prob = 0.4440
Iteration 1143: Benign prob = 0.4461
Iteration 1176: Benign prob = 0.4512
Iteration 1182: Benign prob = 0.4559
Iteration 1187: Benign prob = 0.4673
Iteration 1227: Benign prob = 0.4726
Iteration 1253: Benign prob = 0.4785
Iteration 1259: Benign prob = 0.4786
Iteration 1342: Benign prob = 0.4786
Iteration 1343: Benign prob = 0.4795
Iteration 1373: Benign prob = 0.4811
Iteration 1375: Benign prob = 0.4867
Iteration 1377: Benign prob = 0.4903
Iteration 1384: Benign prob = 0.4956
Iteration 1398: Benign prob = 0.4971
Iteration 1409: Benign prob = 0.5001
Iteration 1413: Benign prob = 0.5182
Iteration 1444: Benign prob = 0.5304
Iteration 1585: Benign prob = 0.5318
Iteration 1598: Benign prob = 0.5335
Iteration 1600: Benign prob = 0.5338
Iteration 1619: Benign prob = 0.5362
Iteration 1697: Benign prob = 0.5440
Iteration 1745: Benign prob = 0.5454
Iteration 1798: Benign prob = 0.5493
Iteration 1805: Benign prob = 0.5572

 Completed Adversarial Image for image 5 in 2.88 minutes.

--- Adversarial Prediction Results for image 5: (/home/users/atodorova/alisa-thesis/malnet-cnn/test/downloader/jiagu/0BE71AAB19AEFFE84B9E8B38F25BD4D3E462EAA7E2ADED10D9AA93FD6DDBD562.png) ---
Predicted class: 11 (benign)
Confidence     : 0.5572
True class     : 16 (downloader)


=== [6/10] Creating EA Adversarial Image for /home/users/atodorova/alisa-thesis/malnet-cnn/test/downloader/jiagu/1A09B97EA30FCD7902A379DD23B0071C6C0C1C34D11D67A5986E6B4772ECFFCB.png ===

--- Original Prediction Results ---
Predicted class: 15 (clickfraud++riskware)

Confidence     : 0.3279

True class     : 16 (downloader)

Target ('benign') class: 11 (benign)

[INFO] Benign class became best class at iteration 3493 with confidence 0.3190!

Targeted adversarial image created in 6063 iterations.
Benign first predicted at iteration 3493 with confidence 0.3190.

Benign probability changes (iteration, prob):
Iteration 0: Benign prob = 0.0003
Iteration 1: Benign prob = 0.0007
Iteration 2: Benign prob = 0.0009
Iteration 3: Benign prob = 0.0009
Iteration 4: Benign prob = 0.0011
Iteration 5: Benign prob = 0.0012
Iteration 6: Benign prob = 0.0013
Iteration 7: Benign prob = 0.0014
Iteration 8: Benign prob = 0.0017
Iteration 12: Benign prob = 0.0019
Iteration 16: Benign prob = 0.0020
Iteration 19: Benign prob = 0.0021
Iteration 21: Benign prob = 0.0021
Iteration 22: Benign prob = 0.0022
Iteration 26: Benign prob = 0.0022
Iteration 33: Benign prob = 0.0024
Iteration 34: Benign prob = 0.0025
Iteration 36: Benign prob = 0.0026
Iteration 41: Benign prob = 0.0028
Iteration 47: Benign prob = 0.0030
Iteration 56: Benign prob = 0.0031
Iteration 61: Benign prob = 0.0033
Iteration 74: Benign prob = 0.0034
Iteration 78: Benign prob = 0.0035
Iteration 83: Benign prob = 0.0036
Iteration 84: Benign prob = 0.0038
Iteration 100: Benign prob = 0.0039
Iteration 101: Benign prob = 0.0039
Iteration 104: Benign prob = 0.0042
Iteration 106: Benign prob = 0.0047
Iteration 114: Benign prob = 0.0050
Iteration 118: Benign prob = 0.0050
Iteration 122: Benign prob = 0.0051
Iteration 128: Benign prob = 0.0053
Iteration 138: Benign prob = 0.0054
Iteration 139: Benign prob = 0.0066
Iteration 146: Benign prob = 0.0070
Iteration 151: Benign prob = 0.0071
Iteration 162: Benign prob = 0.0073
Iteration 163: Benign prob = 0.0075
Iteration 177: Benign prob = 0.0075
Iteration 178: Benign prob = 0.0077
Iteration 180: Benign prob = 0.0080
Iteration 192: Benign prob = 0.0081
Iteration 193: Benign prob = 0.0083
Iteration 194: Benign prob = 0.0086
Iteration 199: Benign prob = 0.0093
Iteration 211: Benign prob = 0.0098
Iteration 219: Benign prob = 0.0101
Iteration 221: Benign prob = 0.0105
Iteration 231: Benign prob = 0.0110
Iteration 252: Benign prob = 0.0124
Iteration 257: Benign prob = 0.0126
Iteration 271: Benign prob = 0.0131
Iteration 279: Benign prob = 0.0132
Iteration 293: Benign prob = 0.0137
Iteration 295: Benign prob = 0.0153
Iteration 302: Benign prob = 0.0179
Iteration 324: Benign prob = 0.0179
Iteration 335: Benign prob = 0.0182
Iteration 339: Benign prob = 0.0195
Iteration 402: Benign prob = 0.0200
Iteration 409: Benign prob = 0.0203
Iteration 419: Benign prob = 0.0210
Iteration 435: Benign prob = 0.0212
Iteration 437: Benign prob = 0.0222
Iteration 455: Benign prob = 0.0230
Iteration 503: Benign prob = 0.0232
Iteration 508: Benign prob = 0.0232
Iteration 525: Benign prob = 0.0259
Iteration 544: Benign prob = 0.0265
Iteration 589: Benign prob = 0.0266
Iteration 604: Benign prob = 0.0272
Iteration 610: Benign prob = 0.0273
Iteration 622: Benign prob = 0.0277
Iteration 648: Benign prob = 0.0292
Iteration 659: Benign prob = 0.0309
Iteration 700: Benign prob = 0.0322
Iteration 704: Benign prob = 0.0341
Iteration 708: Benign prob = 0.0348
Iteration 748: Benign prob = 0.0350
Iteration 777: Benign prob = 0.0351
Iteration 782: Benign prob = 0.0352
Iteration 783: Benign prob = 0.0391
Iteration 813: Benign prob = 0.0392
Iteration 815: Benign prob = 0.0399
Iteration 853: Benign prob = 0.0411
Iteration 877: Benign prob = 0.0417
Iteration 882: Benign prob = 0.0441
Iteration 949: Benign prob = 0.0454
Iteration 958: Benign prob = 0.0467
Iteration 970: Benign prob = 0.0472
Iteration 992: Benign prob = 0.0476
Iteration 1005: Benign prob = 0.0479
Iteration 1006: Benign prob = 0.0481
Iteration 1032: Benign prob = 0.0526
Iteration 1051: Benign prob = 0.0536
Iteration 1052: Benign prob = 0.0537
Iteration 1053: Benign prob = 0.0546
Iteration 1062: Benign prob = 0.0559
Iteration 1074: Benign prob = 0.0579
Iteration 1091: Benign prob = 0.0601
Iteration 1103: Benign prob = 0.0604
Iteration 1163: Benign prob = 0.0606
Iteration 1179: Benign prob = 0.0609
Iteration 1186: Benign prob = 0.0633
Iteration 1195: Benign prob = 0.0711
Iteration 1211: Benign prob = 0.0721
Iteration 1232: Benign prob = 0.0729
Iteration 1277: Benign prob = 0.0745
Iteration 1281: Benign prob = 0.0757
Iteration 1288: Benign prob = 0.0761
Iteration 1289: Benign prob = 0.0771
Iteration 1311: Benign prob = 0.0773
Iteration 1340: Benign prob = 0.0864
Iteration 1394: Benign prob = 0.0869
Iteration 1421: Benign prob = 0.0911
Iteration 1435: Benign prob = 0.0913
Iteration 1447: Benign prob = 0.0935
Iteration 1464: Benign prob = 0.0944
Iteration 1526: Benign prob = 0.0968
Iteration 1558: Benign prob = 0.0980
Iteration 1560: Benign prob = 0.0990
Iteration 1565: Benign prob = 0.1003
Iteration 1621: Benign prob = 0.1005
Iteration 1639: Benign prob = 0.1016
Iteration 1651: Benign prob = 0.1053
Iteration 1687: Benign prob = 0.1065
Iteration 1698: Benign prob = 0.1080
Iteration 1713: Benign prob = 0.1083
Iteration 1714: Benign prob = 0.1115
Iteration 1716: Benign prob = 0.1116
Iteration 1748: Benign prob = 0.1118
Iteration 1760: Benign prob = 0.1130
Iteration 1763: Benign prob = 0.1186
Iteration 1795: Benign prob = 0.1192
Iteration 1797: Benign prob = 0.1217
Iteration 1806: Benign prob = 0.1256
Iteration 1823: Benign prob = 0.1349
Iteration 1856: Benign prob = 0.1394
Iteration 1859: Benign prob = 0.1399
Iteration 1860: Benign prob = 0.1419
Iteration 1873: Benign prob = 0.1425
Iteration 1887: Benign prob = 0.1436
Iteration 1951: Benign prob = 0.1446
Iteration 1955: Benign prob = 0.1466
Iteration 1989: Benign prob = 0.1496
Iteration 2020: Benign prob = 0.1530
Iteration 2041: Benign prob = 0.1531
Iteration 2092: Benign prob = 0.1568
Iteration 2100: Benign prob = 0.1582
Iteration 2123: Benign prob = 0.1604
Iteration 2185: Benign prob = 0.1659
Iteration 2210: Benign prob = 0.1663
Iteration 2232: Benign prob = 0.1673
Iteration 2261: Benign prob = 0.1734
Iteration 2316: Benign prob = 0.1755
Iteration 2322: Benign prob = 0.1775
Iteration 2333: Benign prob = 0.1800
Iteration 2337: Benign prob = 0.1838
Iteration 2342: Benign prob = 0.1845
Iteration 2344: Benign prob = 0.1870
Iteration 2351: Benign prob = 0.1877
Iteration 2355: Benign prob = 0.1901
Iteration 2368: Benign prob = 0.1921
Iteration 2391: Benign prob = 0.2028
Iteration 2423: Benign prob = 0.2075
Iteration 2436: Benign prob = 0.2089
Iteration 2449: Benign prob = 0.2094
Iteration 2460: Benign prob = 0.2174
Iteration 2545: Benign prob = 0.2206
Iteration 2551: Benign prob = 0.2208
Iteration 2574: Benign prob = 0.2261
Iteration 2576: Benign prob = 0.2284
Iteration 2578: Benign prob = 0.2300
Iteration 2580: Benign prob = 0.2332
Iteration 2625: Benign prob = 0.2341
Iteration 2657: Benign prob = 0.2386
Iteration 2740: Benign prob = 0.2471
Iteration 2801: Benign prob = 0.2487
Iteration 2840: Benign prob = 0.2568
Iteration 2863: Benign prob = 0.2629
Iteration 2931: Benign prob = 0.2676
Iteration 2959: Benign prob = 0.2721
Iteration 3012: Benign prob = 0.2763
Iteration 3044: Benign prob = 0.2864
Iteration 3154: Benign prob = 0.2871
Iteration 3158: Benign prob = 0.2912
Iteration 3186: Benign prob = 0.2954
Iteration 3288: Benign prob = 0.2973
Iteration 3380: Benign prob = 0.3003
Iteration 3433: Benign prob = 0.3115
Iteration 3487: Benign prob = 0.3128
Iteration 3493: Benign prob = 0.3190
Iteration 3509: Benign prob = 0.3261
Iteration 3580: Benign prob = 0.3288
Iteration 3609: Benign prob = 0.3335
Iteration 3658: Benign prob = 0.3359
Iteration 3661: Benign prob = 0.3489
Iteration 3695: Benign prob = 0.3546
Iteration 3725: Benign prob = 0.3595
Iteration 3733: Benign prob = 0.3648
Iteration 3769: Benign prob = 0.3659
Iteration 3778: Benign prob = 0.3688
Iteration 3819: Benign prob = 0.3732
Iteration 3850: Benign prob = 0.3739
Iteration 3888: Benign prob = 0.3800
Iteration 3919: Benign prob = 0.3860
Iteration 3966: Benign prob = 0.3890
Iteration 3974: Benign prob = 0.4007
Iteration 4072: Benign prob = 0.4089
Iteration 4077: Benign prob = 0.4117
Iteration 4113: Benign prob = 0.4140
Iteration 4239: Benign prob = 0.4193
Iteration 4249: Benign prob = 0.4195
Iteration 4295: Benign prob = 0.4251
Iteration 4328: Benign prob = 0.4276
Iteration 4459: Benign prob = 0.4294
Iteration 4476: Benign prob = 0.4349
Iteration 4608: Benign prob = 0.4356
Iteration 4627: Benign prob = 0.4487
Iteration 4741: Benign prob = 0.4571
Iteration 4819: Benign prob = 0.4630
Iteration 4823: Benign prob = 0.4719
Iteration 4906: Benign prob = 0.4828
Iteration 4910: Benign prob = 0.4872
Iteration 4977: Benign prob = 0.4951
Iteration 4993: Benign prob = 0.4953
Iteration 5019: Benign prob = 0.4958
Iteration 5036: Benign prob = 0.4959
Iteration 5076: Benign prob = 0.5007
Iteration 5120: Benign prob = 0.5034
Iteration 5179: Benign prob = 0.5052
Iteration 5191: Benign prob = 0.5085
Iteration 5237: Benign prob = 0.5098
Iteration 5352: Benign prob = 0.5176
Iteration 5381: Benign prob = 0.5202
Iteration 5512: Benign prob = 0.5221
Iteration 5550: Benign prob = 0.5223
Iteration 5591: Benign prob = 0.5224
Iteration 5700: Benign prob = 0.5242
Iteration 5710: Benign prob = 0.5332
Iteration 5746: Benign prob = 0.5342
Iteration 5756: Benign prob = 0.5370
Iteration 5890: Benign prob = 0.5433
Iteration 5975: Benign prob = 0.5452
Iteration 6052: Benign prob = 0.5453
Iteration 6058: Benign prob = 0.5467
Iteration 6063: Benign prob = 0.5524

 Completed Adversarial Image for image 6 in 9.68 minutes.

--- Adversarial Prediction Results for image 6: (/home/users/atodorova/alisa-thesis/malnet-cnn/test/downloader/jiagu/1A09B97EA30FCD7902A379DD23B0071C6C0C1C34D11D67A5986E6B4772ECFFCB.png) ---
Predicted class: 11 (benign)
Confidence     : 0.5524
True class     : 16 (downloader)


=== [7/10] Creating EA Adversarial Image for /home/users/atodorova/alisa-thesis/malnet-cnn/test/downloader/openconnection/0A9032DD56B2599B3027AE78E63D0D23555C76F78348402007041F278F3A1716.png ===

--- Original Prediction Results ---
Predicted class: 42 (trojan)

Confidence     : 0.4840

True class     : 16 (downloader)

Target ('benign') class: 11 (benign)

[INFO] Benign class became best class at iteration 1168 with confidence 0.2780!

Targeted adversarial image created in 1935 iterations.
Benign first predicted at iteration 1168 with confidence 0.2780.

Benign probability changes (iteration, prob):
Iteration 0: Benign prob = 0.0010
Iteration 3: Benign prob = 0.0011
Iteration 4: Benign prob = 0.0012
Iteration 5: Benign prob = 0.0016
Iteration 6: Benign prob = 0.0020
Iteration 10: Benign prob = 0.0020
Iteration 11: Benign prob = 0.0021
Iteration 12: Benign prob = 0.0023
Iteration 14: Benign prob = 0.0024
Iteration 16: Benign prob = 0.0025
Iteration 20: Benign prob = 0.0026
Iteration 21: Benign prob = 0.0029
Iteration 24: Benign prob = 0.0029
Iteration 27: Benign prob = 0.0030
Iteration 31: Benign prob = 0.0031
Iteration 39: Benign prob = 0.0031
Iteration 40: Benign prob = 0.0032
Iteration 45: Benign prob = 0.0034
Iteration 49: Benign prob = 0.0038
Iteration 52: Benign prob = 0.0039
Iteration 56: Benign prob = 0.0040
Iteration 57: Benign prob = 0.0040
Iteration 58: Benign prob = 0.0043
Iteration 59: Benign prob = 0.0044
Iteration 62: Benign prob = 0.0049
Iteration 74: Benign prob = 0.0052
Iteration 76: Benign prob = 0.0053
Iteration 78: Benign prob = 0.0057
Iteration 82: Benign prob = 0.0057
Iteration 83: Benign prob = 0.0060
Iteration 84: Benign prob = 0.0061
Iteration 86: Benign prob = 0.0064
Iteration 89: Benign prob = 0.0065
Iteration 105: Benign prob = 0.0067
Iteration 110: Benign prob = 0.0068
Iteration 112: Benign prob = 0.0069
Iteration 113: Benign prob = 0.0072
Iteration 126: Benign prob = 0.0075
Iteration 144: Benign prob = 0.0078
Iteration 147: Benign prob = 0.0080
Iteration 161: Benign prob = 0.0083
Iteration 162: Benign prob = 0.0087
Iteration 177: Benign prob = 0.0092
Iteration 178: Benign prob = 0.0095
Iteration 184: Benign prob = 0.0101
Iteration 214: Benign prob = 0.0104
Iteration 232: Benign prob = 0.0105
Iteration 233: Benign prob = 0.0112
Iteration 251: Benign prob = 0.0117
Iteration 253: Benign prob = 0.0122
Iteration 258: Benign prob = 0.0127
Iteration 279: Benign prob = 0.0128
Iteration 284: Benign prob = 0.0129
Iteration 306: Benign prob = 0.0132
Iteration 311: Benign prob = 0.0134
Iteration 312: Benign prob = 0.0137
Iteration 320: Benign prob = 0.0139
Iteration 321: Benign prob = 0.0144
Iteration 335: Benign prob = 0.0146
Iteration 339: Benign prob = 0.0152
Iteration 351: Benign prob = 0.0153
Iteration 355: Benign prob = 0.0153
Iteration 364: Benign prob = 0.0153
Iteration 367: Benign prob = 0.0157
Iteration 372: Benign prob = 0.0162
Iteration 385: Benign prob = 0.0176
Iteration 391: Benign prob = 0.0178
Iteration 417: Benign prob = 0.0179
Iteration 433: Benign prob = 0.0188
Iteration 436: Benign prob = 0.0188
Iteration 439: Benign prob = 0.0191
Iteration 446: Benign prob = 0.0193
Iteration 452: Benign prob = 0.0196
Iteration 454: Benign prob = 0.0206
Iteration 458: Benign prob = 0.0208
Iteration 468: Benign prob = 0.0212
Iteration 470: Benign prob = 0.0226
Iteration 472: Benign prob = 0.0228
Iteration 492: Benign prob = 0.0233
Iteration 498: Benign prob = 0.0243
Iteration 511: Benign prob = 0.0273
Iteration 523: Benign prob = 0.0274
Iteration 541: Benign prob = 0.0276
Iteration 543: Benign prob = 0.0286
Iteration 544: Benign prob = 0.0289
Iteration 549: Benign prob = 0.0351
Iteration 571: Benign prob = 0.0366
Iteration 587: Benign prob = 0.0372
Iteration 590: Benign prob = 0.0377
Iteration 592: Benign prob = 0.0409
Iteration 599: Benign prob = 0.0425
Iteration 609: Benign prob = 0.0433
Iteration 613: Benign prob = 0.0442
Iteration 636: Benign prob = 0.0451
Iteration 640: Benign prob = 0.0472
Iteration 641: Benign prob = 0.0473
Iteration 655: Benign prob = 0.0474
Iteration 668: Benign prob = 0.0476
Iteration 672: Benign prob = 0.0481
Iteration 684: Benign prob = 0.0485
Iteration 689: Benign prob = 0.0504
Iteration 692: Benign prob = 0.0514
Iteration 705: Benign prob = 0.0518
Iteration 708: Benign prob = 0.0521
Iteration 709: Benign prob = 0.0584
Iteration 722: Benign prob = 0.0587
Iteration 724: Benign prob = 0.0613
Iteration 731: Benign prob = 0.0626
Iteration 748: Benign prob = 0.0635
Iteration 755: Benign prob = 0.0660
Iteration 765: Benign prob = 0.0710
Iteration 769: Benign prob = 0.0735
Iteration 782: Benign prob = 0.0758
Iteration 785: Benign prob = 0.0838
Iteration 816: Benign prob = 0.0868
Iteration 824: Benign prob = 0.0894
Iteration 827: Benign prob = 0.0895
Iteration 831: Benign prob = 0.0930
Iteration 844: Benign prob = 0.0995
Iteration 877: Benign prob = 0.1066
Iteration 878: Benign prob = 0.1067
Iteration 897: Benign prob = 0.1101
Iteration 898: Benign prob = 0.1114
Iteration 906: Benign prob = 0.1221
Iteration 917: Benign prob = 0.1265
Iteration 924: Benign prob = 0.1306
Iteration 926: Benign prob = 0.1399
Iteration 938: Benign prob = 0.1425
Iteration 951: Benign prob = 0.1508
Iteration 968: Benign prob = 0.1620
Iteration 974: Benign prob = 0.1819
Iteration 975: Benign prob = 0.1866
Iteration 1000: Benign prob = 0.1885
Iteration 1011: Benign prob = 0.1915
Iteration 1029: Benign prob = 0.1934
Iteration 1037: Benign prob = 0.1964
Iteration 1038: Benign prob = 0.1996
Iteration 1055: Benign prob = 0.2023
Iteration 1064: Benign prob = 0.2078
Iteration 1073: Benign prob = 0.2263
Iteration 1084: Benign prob = 0.2338
Iteration 1089: Benign prob = 0.2374
Iteration 1094: Benign prob = 0.2459
Iteration 1116: Benign prob = 0.2698
Iteration 1168: Benign prob = 0.2780
Iteration 1179: Benign prob = 0.2785
Iteration 1184: Benign prob = 0.2830
Iteration 1190: Benign prob = 0.3091
Iteration 1219: Benign prob = 0.3126
Iteration 1223: Benign prob = 0.3226
Iteration 1228: Benign prob = 0.3240
Iteration 1259: Benign prob = 0.3297
Iteration 1271: Benign prob = 0.3303
Iteration 1277: Benign prob = 0.3333
Iteration 1283: Benign prob = 0.3356
Iteration 1297: Benign prob = 0.3394
Iteration 1301: Benign prob = 0.3505
Iteration 1311: Benign prob = 0.3524
Iteration 1326: Benign prob = 0.3596
Iteration 1351: Benign prob = 0.3618
Iteration 1355: Benign prob = 0.3633
Iteration 1356: Benign prob = 0.3662
Iteration 1366: Benign prob = 0.3846
Iteration 1392: Benign prob = 0.4085
Iteration 1408: Benign prob = 0.4212
Iteration 1432: Benign prob = 0.4252
Iteration 1442: Benign prob = 0.4302
Iteration 1455: Benign prob = 0.4306
Iteration 1463: Benign prob = 0.4322
Iteration 1469: Benign prob = 0.4353
Iteration 1498: Benign prob = 0.4583
Iteration 1508: Benign prob = 0.4618
Iteration 1510: Benign prob = 0.4632
Iteration 1515: Benign prob = 0.4750
Iteration 1554: Benign prob = 0.4783
Iteration 1566: Benign prob = 0.4873
Iteration 1586: Benign prob = 0.4904
Iteration 1606: Benign prob = 0.5045
Iteration 1632: Benign prob = 0.5082
Iteration 1633: Benign prob = 0.5128
Iteration 1653: Benign prob = 0.5192
Iteration 1675: Benign prob = 0.5224
Iteration 1708: Benign prob = 0.5284
Iteration 1709: Benign prob = 0.5300
Iteration 1736: Benign prob = 0.5378
Iteration 1789: Benign prob = 0.5412
Iteration 1839: Benign prob = 0.5443
Iteration 1868: Benign prob = 0.5458
Iteration 1935: Benign prob = 0.5557

 Completed Adversarial Image for image 7 in 3.10 minutes.

--- Adversarial Prediction Results for image 7: (/home/users/atodorova/alisa-thesis/malnet-cnn/test/downloader/openconnection/0A9032DD56B2599B3027AE78E63D0D23555C76F78348402007041F278F3A1716.png) ---
Predicted class: 11 (benign)
Confidence     : 0.5557
True class     : 16 (downloader)


=== [8/10] Creating EA Adversarial Image for /home/users/atodorova/alisa-thesis/malnet-cnn/test/downloader/openconnection/0C1C3FE15C3588239738B2F2991ED62F70C3BCF93104539162B44DD502E810FB.png ===

--- Original Prediction Results ---
Predicted class: 4 (adware)

Confidence     : 0.3917

True class     : 16 (downloader)

Target ('benign') class: 11 (benign)

[INFO] Benign class became best class at iteration 3402 with confidence 0.3047!

Targeted adversarial image created in 4786 iterations.
Benign first predicted at iteration 3402 with confidence 0.3047.

Benign probability changes (iteration, prob):
Iteration 0: Benign prob = 0.0008
Iteration 5: Benign prob = 0.0010
Iteration 6: Benign prob = 0.0012
Iteration 7: Benign prob = 0.0014
Iteration 9: Benign prob = 0.0016
Iteration 10: Benign prob = 0.0019
Iteration 11: Benign prob = 0.0020
Iteration 12: Benign prob = 0.0022
Iteration 13: Benign prob = 0.0022
Iteration 18: Benign prob = 0.0023
Iteration 19: Benign prob = 0.0025
Iteration 21: Benign prob = 0.0026
Iteration 23: Benign prob = 0.0026
Iteration 24: Benign prob = 0.0027
Iteration 28: Benign prob = 0.0029
Iteration 30: Benign prob = 0.0029
Iteration 31: Benign prob = 0.0032
Iteration 40: Benign prob = 0.0033
Iteration 41: Benign prob = 0.0035
Iteration 44: Benign prob = 0.0037
Iteration 48: Benign prob = 0.0039
Iteration 50: Benign prob = 0.0040
Iteration 51: Benign prob = 0.0041
Iteration 53: Benign prob = 0.0042
Iteration 59: Benign prob = 0.0043
Iteration 61: Benign prob = 0.0045
Iteration 66: Benign prob = 0.0046
Iteration 68: Benign prob = 0.0048
Iteration 79: Benign prob = 0.0049
Iteration 80: Benign prob = 0.0051
Iteration 81: Benign prob = 0.0054
Iteration 86: Benign prob = 0.0058
Iteration 98: Benign prob = 0.0058
Iteration 99: Benign prob = 0.0058
Iteration 105: Benign prob = 0.0061
Iteration 113: Benign prob = 0.0062
Iteration 116: Benign prob = 0.0064
Iteration 122: Benign prob = 0.0065
Iteration 148: Benign prob = 0.0068
Iteration 157: Benign prob = 0.0069
Iteration 159: Benign prob = 0.0070
Iteration 162: Benign prob = 0.0071
Iteration 167: Benign prob = 0.0071
Iteration 172: Benign prob = 0.0072
Iteration 178: Benign prob = 0.0072
Iteration 179: Benign prob = 0.0073
Iteration 187: Benign prob = 0.0074
Iteration 189: Benign prob = 0.0075
Iteration 191: Benign prob = 0.0079
Iteration 197: Benign prob = 0.0079
Iteration 198: Benign prob = 0.0085
Iteration 201: Benign prob = 0.0089
Iteration 212: Benign prob = 0.0091
Iteration 217: Benign prob = 0.0092
Iteration 224: Benign prob = 0.0092
Iteration 238: Benign prob = 0.0094
Iteration 242: Benign prob = 0.0096
Iteration 257: Benign prob = 0.0097
Iteration 264: Benign prob = 0.0097
Iteration 268: Benign prob = 0.0100
Iteration 273: Benign prob = 0.0103
Iteration 274: Benign prob = 0.0104
Iteration 275: Benign prob = 0.0114
Iteration 278: Benign prob = 0.0118
Iteration 299: Benign prob = 0.0119
Iteration 301: Benign prob = 0.0120
Iteration 318: Benign prob = 0.0121
Iteration 320: Benign prob = 0.0123
Iteration 325: Benign prob = 0.0123
Iteration 329: Benign prob = 0.0126
Iteration 330: Benign prob = 0.0127
Iteration 336: Benign prob = 0.0132
Iteration 337: Benign prob = 0.0140
Iteration 340: Benign prob = 0.0141
Iteration 342: Benign prob = 0.0142
Iteration 357: Benign prob = 0.0143
Iteration 366: Benign prob = 0.0144
Iteration 387: Benign prob = 0.0145
Iteration 389: Benign prob = 0.0146
Iteration 391: Benign prob = 0.0146
Iteration 413: Benign prob = 0.0149
Iteration 425: Benign prob = 0.0150
Iteration 434: Benign prob = 0.0151
Iteration 448: Benign prob = 0.0155
Iteration 468: Benign prob = 0.0155
Iteration 481: Benign prob = 0.0158
Iteration 482: Benign prob = 0.0173
Iteration 518: Benign prob = 0.0174
Iteration 523: Benign prob = 0.0176
Iteration 526: Benign prob = 0.0183
Iteration 537: Benign prob = 0.0185
Iteration 544: Benign prob = 0.0186
Iteration 565: Benign prob = 0.0187
Iteration 567: Benign prob = 0.0190
Iteration 574: Benign prob = 0.0191
Iteration 581: Benign prob = 0.0194
Iteration 582: Benign prob = 0.0195
Iteration 590: Benign prob = 0.0197
Iteration 592: Benign prob = 0.0198
Iteration 608: Benign prob = 0.0211
Iteration 648: Benign prob = 0.0213
Iteration 655: Benign prob = 0.0222
Iteration 675: Benign prob = 0.0223
Iteration 683: Benign prob = 0.0223
Iteration 684: Benign prob = 0.0248
Iteration 737: Benign prob = 0.0255
Iteration 762: Benign prob = 0.0256
Iteration 765: Benign prob = 0.0261
Iteration 804: Benign prob = 0.0262
Iteration 806: Benign prob = 0.0271
Iteration 830: Benign prob = 0.0284
Iteration 837: Benign prob = 0.0289
Iteration 851: Benign prob = 0.0290
Iteration 854: Benign prob = 0.0296
Iteration 855: Benign prob = 0.0306
Iteration 919: Benign prob = 0.0314
Iteration 938: Benign prob = 0.0320
Iteration 942: Benign prob = 0.0324
Iteration 963: Benign prob = 0.0333
Iteration 973: Benign prob = 0.0342
Iteration 981: Benign prob = 0.0344
Iteration 1007: Benign prob = 0.0345
Iteration 1015: Benign prob = 0.0362
Iteration 1036: Benign prob = 0.0369
Iteration 1049: Benign prob = 0.0370
Iteration 1050: Benign prob = 0.0371
Iteration 1051: Benign prob = 0.0376
Iteration 1076: Benign prob = 0.0380
Iteration 1083: Benign prob = 0.0383
Iteration 1091: Benign prob = 0.0385
Iteration 1122: Benign prob = 0.0406
Iteration 1125: Benign prob = 0.0413
Iteration 1194: Benign prob = 0.0419
Iteration 1218: Benign prob = 0.0422
Iteration 1232: Benign prob = 0.0425
Iteration 1236: Benign prob = 0.0436
Iteration 1237: Benign prob = 0.0452
Iteration 1304: Benign prob = 0.0460
Iteration 1323: Benign prob = 0.0460
Iteration 1325: Benign prob = 0.0461
Iteration 1328: Benign prob = 0.0468
Iteration 1350: Benign prob = 0.0483
Iteration 1355: Benign prob = 0.0510
Iteration 1360: Benign prob = 0.0521
Iteration 1423: Benign prob = 0.0559
Iteration 1475: Benign prob = 0.0622
Iteration 1590: Benign prob = 0.0643
Iteration 1591: Benign prob = 0.0665
Iteration 1671: Benign prob = 0.0672
Iteration 1674: Benign prob = 0.0706
Iteration 1684: Benign prob = 0.0707
Iteration 1709: Benign prob = 0.0735
Iteration 1762: Benign prob = 0.0741
Iteration 1774: Benign prob = 0.0748
Iteration 1834: Benign prob = 0.0775
Iteration 1876: Benign prob = 0.0796
Iteration 1927: Benign prob = 0.0804
Iteration 1935: Benign prob = 0.0817
Iteration 1960: Benign prob = 0.0853
Iteration 1974: Benign prob = 0.0859
Iteration 1992: Benign prob = 0.0864
Iteration 2022: Benign prob = 0.0880
Iteration 2043: Benign prob = 0.0918
Iteration 2076: Benign prob = 0.0945
Iteration 2089: Benign prob = 0.0950
Iteration 2102: Benign prob = 0.0976
Iteration 2144: Benign prob = 0.1016
Iteration 2201: Benign prob = 0.1027
Iteration 2226: Benign prob = 0.1049
Iteration 2257: Benign prob = 0.1089
Iteration 2271: Benign prob = 0.1114
Iteration 2315: Benign prob = 0.1130
Iteration 2335: Benign prob = 0.1167
Iteration 2361: Benign prob = 0.1172
Iteration 2369: Benign prob = 0.1195
Iteration 2371: Benign prob = 0.1211
Iteration 2378: Benign prob = 0.1216
Iteration 2381: Benign prob = 0.1228
Iteration 2408: Benign prob = 0.1251
Iteration 2440: Benign prob = 0.1253
Iteration 2445: Benign prob = 0.1260
Iteration 2465: Benign prob = 0.1280
Iteration 2481: Benign prob = 0.1291
Iteration 2503: Benign prob = 0.1305
Iteration 2546: Benign prob = 0.1329
Iteration 2611: Benign prob = 0.1332
Iteration 2620: Benign prob = 0.1340
Iteration 2628: Benign prob = 0.1347
Iteration 2642: Benign prob = 0.1361
Iteration 2658: Benign prob = 0.1399
Iteration 2661: Benign prob = 0.1402
Iteration 2708: Benign prob = 0.1453
Iteration 2757: Benign prob = 0.1505
Iteration 2773: Benign prob = 0.1522
Iteration 2801: Benign prob = 0.1543
Iteration 2807: Benign prob = 0.1548
Iteration 2818: Benign prob = 0.1578
Iteration 2819: Benign prob = 0.1619
Iteration 2834: Benign prob = 0.1620
Iteration 2856: Benign prob = 0.1624
Iteration 2872: Benign prob = 0.1659
Iteration 2880: Benign prob = 0.1677
Iteration 2893: Benign prob = 0.1704
Iteration 2897: Benign prob = 0.1743
Iteration 2925: Benign prob = 0.1758
Iteration 2941: Benign prob = 0.1768
Iteration 2959: Benign prob = 0.1780
Iteration 3000: Benign prob = 0.1831
Iteration 3022: Benign prob = 0.1901
Iteration 3033: Benign prob = 0.1905
Iteration 3058: Benign prob = 0.1916
Iteration 3083: Benign prob = 0.1934
Iteration 3091: Benign prob = 0.1960
Iteration 3112: Benign prob = 0.2000
Iteration 3130: Benign prob = 0.2008
Iteration 3138: Benign prob = 0.2020
Iteration 3141: Benign prob = 0.2021
Iteration 3156: Benign prob = 0.2071
Iteration 3179: Benign prob = 0.2084
Iteration 3192: Benign prob = 0.2112
Iteration 3209: Benign prob = 0.2125
Iteration 3248: Benign prob = 0.2127
Iteration 3253: Benign prob = 0.2187
Iteration 3255: Benign prob = 0.2201
Iteration 3263: Benign prob = 0.2237
Iteration 3273: Benign prob = 0.2254
Iteration 3284: Benign prob = 0.2281
Iteration 3288: Benign prob = 0.2420
Iteration 3289: Benign prob = 0.2437
Iteration 3302: Benign prob = 0.2465
Iteration 3313: Benign prob = 0.2687
Iteration 3317: Benign prob = 0.2695
Iteration 3321: Benign prob = 0.2711
Iteration 3378: Benign prob = 0.2759
Iteration 3390: Benign prob = 0.2873
Iteration 3402: Benign prob = 0.3047
Iteration 3412: Benign prob = 0.3138
Iteration 3477: Benign prob = 0.3163
Iteration 3518: Benign prob = 0.3298
Iteration 3571: Benign prob = 0.3311
Iteration 3576: Benign prob = 0.3321
Iteration 3628: Benign prob = 0.3408
Iteration 3737: Benign prob = 0.3619
Iteration 3759: Benign prob = 0.3711
Iteration 3846: Benign prob = 0.3712
Iteration 3858: Benign prob = 0.3729
Iteration 3871: Benign prob = 0.3767
Iteration 3906: Benign prob = 0.3792
Iteration 3928: Benign prob = 0.3902
Iteration 3970: Benign prob = 0.3947
Iteration 3975: Benign prob = 0.4020
Iteration 3997: Benign prob = 0.4258
Iteration 4041: Benign prob = 0.4271
Iteration 4049: Benign prob = 0.4292
Iteration 4075: Benign prob = 0.4406
Iteration 4134: Benign prob = 0.4481
Iteration 4147: Benign prob = 0.4629
Iteration 4152: Benign prob = 0.4667
Iteration 4164: Benign prob = 0.4692
Iteration 4187: Benign prob = 0.4765
Iteration 4218: Benign prob = 0.4802
Iteration 4277: Benign prob = 0.4861
Iteration 4281: Benign prob = 0.4912
Iteration 4305: Benign prob = 0.4947
Iteration 4326: Benign prob = 0.4986
Iteration 4328: Benign prob = 0.5020
Iteration 4359: Benign prob = 0.5023
Iteration 4363: Benign prob = 0.5047
Iteration 4368: Benign prob = 0.5070
Iteration 4397: Benign prob = 0.5088
Iteration 4414: Benign prob = 0.5151
Iteration 4445: Benign prob = 0.5158
Iteration 4460: Benign prob = 0.5160
Iteration 4479: Benign prob = 0.5196
Iteration 4544: Benign prob = 0.5221
Iteration 4553: Benign prob = 0.5361
Iteration 4670: Benign prob = 0.5399
Iteration 4711: Benign prob = 0.5408
Iteration 4750: Benign prob = 0.5465
Iteration 4786: Benign prob = 0.5520

 Completed Adversarial Image for image 8 in 7.60 minutes.

--- Adversarial Prediction Results for image 8: (/home/users/atodorova/alisa-thesis/malnet-cnn/test/downloader/openconnection/0C1C3FE15C3588239738B2F2991ED62F70C3BCF93104539162B44DD502E810FB.png) ---
Predicted class: 11 (benign)
Confidence     : 0.5520
True class     : 16 (downloader)


=== [9/10] Creating EA Adversarial Image for /home/users/atodorova/alisa-thesis/malnet-cnn/test/downloader/tencentprotect/0EC11455F84D9F7A9761B78FFC4080D26F643E0BC8D2A3151ED9EBD9A969B4CB.png ===

--- Original Prediction Results ---
Predicted class: 42 (trojan)

Confidence     : 0.9971

True class     : 16 (downloader)

Target ('benign') class: 11 (benign)

[INFO] Benign class became best class at iteration 2496 with confidence 0.2854!

Targeted adversarial image created in 3650 iterations.
Benign first predicted at iteration 2496 with confidence 0.2854.

Benign probability changes (iteration, prob):
Iteration 0: Benign prob = 0.0004
Iteration 1: Benign prob = 0.0005
Iteration 2: Benign prob = 0.0006
Iteration 3: Benign prob = 0.0007
Iteration 4: Benign prob = 0.0008
Iteration 5: Benign prob = 0.0011
Iteration 6: Benign prob = 0.0012
Iteration 7: Benign prob = 0.0014
Iteration 8: Benign prob = 0.0016
Iteration 9: Benign prob = 0.0018
Iteration 11: Benign prob = 0.0019
Iteration 16: Benign prob = 0.0020
Iteration 17: Benign prob = 0.0020
Iteration 18: Benign prob = 0.0021
Iteration 20: Benign prob = 0.0021
Iteration 24: Benign prob = 0.0021
Iteration 25: Benign prob = 0.0022
Iteration 26: Benign prob = 0.0022
Iteration 27: Benign prob = 0.0023
Iteration 28: Benign prob = 0.0023
Iteration 29: Benign prob = 0.0024
Iteration 30: Benign prob = 0.0027
Iteration 36: Benign prob = 0.0027
Iteration 38: Benign prob = 0.0027
Iteration 39: Benign prob = 0.0028
Iteration 40: Benign prob = 0.0030
Iteration 55: Benign prob = 0.0031
Iteration 58: Benign prob = 0.0031
Iteration 59: Benign prob = 0.0032
Iteration 71: Benign prob = 0.0032
Iteration 79: Benign prob = 0.0033
Iteration 91: Benign prob = 0.0037
Iteration 106: Benign prob = 0.0037
Iteration 107: Benign prob = 0.0038
Iteration 134: Benign prob = 0.0039
Iteration 136: Benign prob = 0.0039
Iteration 139: Benign prob = 0.0039
Iteration 142: Benign prob = 0.0040
Iteration 145: Benign prob = 0.0044
Iteration 148: Benign prob = 0.0045
Iteration 152: Benign prob = 0.0048
Iteration 155: Benign prob = 0.0049
Iteration 165: Benign prob = 0.0055
Iteration 175: Benign prob = 0.0056
Iteration 177: Benign prob = 0.0060
Iteration 178: Benign prob = 0.0061
Iteration 179: Benign prob = 0.0063
Iteration 184: Benign prob = 0.0063
Iteration 185: Benign prob = 0.0066
Iteration 187: Benign prob = 0.0066
Iteration 189: Benign prob = 0.0066
Iteration 191: Benign prob = 0.0076
Iteration 192: Benign prob = 0.0078
Iteration 195: Benign prob = 0.0080
Iteration 202: Benign prob = 0.0083
Iteration 208: Benign prob = 0.0088
Iteration 210: Benign prob = 0.0091
Iteration 211: Benign prob = 0.0094
Iteration 212: Benign prob = 0.0098
Iteration 218: Benign prob = 0.0101
Iteration 226: Benign prob = 0.0103
Iteration 228: Benign prob = 0.0109
Iteration 244: Benign prob = 0.0113
Iteration 257: Benign prob = 0.0116
Iteration 283: Benign prob = 0.0120
Iteration 286: Benign prob = 0.0125
Iteration 299: Benign prob = 0.0125
Iteration 315: Benign prob = 0.0127
Iteration 331: Benign prob = 0.0127
Iteration 339: Benign prob = 0.0135
Iteration 349: Benign prob = 0.0140
Iteration 350: Benign prob = 0.0141
Iteration 358: Benign prob = 0.0143
Iteration 366: Benign prob = 0.0155
Iteration 378: Benign prob = 0.0155
Iteration 383: Benign prob = 0.0158
Iteration 384: Benign prob = 0.0167
Iteration 425: Benign prob = 0.0181
Iteration 441: Benign prob = 0.0203
Iteration 466: Benign prob = 0.0214
Iteration 497: Benign prob = 0.0217
Iteration 505: Benign prob = 0.0228
Iteration 508: Benign prob = 0.0231
Iteration 527: Benign prob = 0.0243
Iteration 529: Benign prob = 0.0247
Iteration 562: Benign prob = 0.0250
Iteration 568: Benign prob = 0.0253
Iteration 578: Benign prob = 0.0258
Iteration 579: Benign prob = 0.0261
Iteration 583: Benign prob = 0.0264
Iteration 600: Benign prob = 0.0264
Iteration 629: Benign prob = 0.0268
Iteration 633: Benign prob = 0.0270
Iteration 674: Benign prob = 0.0273
Iteration 675: Benign prob = 0.0285
Iteration 681: Benign prob = 0.0288
Iteration 696: Benign prob = 0.0289
Iteration 703: Benign prob = 0.0292
Iteration 715: Benign prob = 0.0315
Iteration 720: Benign prob = 0.0317
Iteration 734: Benign prob = 0.0333
Iteration 765: Benign prob = 0.0334
Iteration 774: Benign prob = 0.0337
Iteration 784: Benign prob = 0.0342
Iteration 804: Benign prob = 0.0344
Iteration 811: Benign prob = 0.0353
Iteration 832: Benign prob = 0.0360
Iteration 852: Benign prob = 0.0366
Iteration 857: Benign prob = 0.0366
Iteration 867: Benign prob = 0.0371
Iteration 886: Benign prob = 0.0373
Iteration 904: Benign prob = 0.0380
Iteration 909: Benign prob = 0.0384
Iteration 926: Benign prob = 0.0390
Iteration 945: Benign prob = 0.0415
Iteration 985: Benign prob = 0.0420
Iteration 987: Benign prob = 0.0421
Iteration 989: Benign prob = 0.0439
Iteration 1056: Benign prob = 0.0452
Iteration 1067: Benign prob = 0.0457
Iteration 1072: Benign prob = 0.0474
Iteration 1106: Benign prob = 0.0500
Iteration 1151: Benign prob = 0.0518
Iteration 1161: Benign prob = 0.0522
Iteration 1225: Benign prob = 0.0534
Iteration 1235: Benign prob = 0.0538
Iteration 1238: Benign prob = 0.0543
Iteration 1257: Benign prob = 0.0580
Iteration 1285: Benign prob = 0.0625
Iteration 1289: Benign prob = 0.0625
Iteration 1319: Benign prob = 0.0655
Iteration 1327: Benign prob = 0.0659
Iteration 1347: Benign prob = 0.0660
Iteration 1355: Benign prob = 0.0688
Iteration 1392: Benign prob = 0.0696
Iteration 1426: Benign prob = 0.0710
Iteration 1484: Benign prob = 0.0723
Iteration 1485: Benign prob = 0.0759
Iteration 1499: Benign prob = 0.0768
Iteration 1509: Benign prob = 0.0769
Iteration 1566: Benign prob = 0.0769
Iteration 1568: Benign prob = 0.0784
Iteration 1574: Benign prob = 0.0788
Iteration 1575: Benign prob = 0.0803
Iteration 1576: Benign prob = 0.0823
Iteration 1581: Benign prob = 0.0856
Iteration 1598: Benign prob = 0.0872
Iteration 1634: Benign prob = 0.0937
Iteration 1675: Benign prob = 0.0952
Iteration 1727: Benign prob = 0.0954
Iteration 1736: Benign prob = 0.0955
Iteration 1738: Benign prob = 0.1017
Iteration 1771: Benign prob = 0.1062
Iteration 1788: Benign prob = 0.1125
Iteration 1796: Benign prob = 0.1183
Iteration 1803: Benign prob = 0.1201
Iteration 1846: Benign prob = 0.1216
Iteration 1847: Benign prob = 0.1250
Iteration 1852: Benign prob = 0.1272
Iteration 1857: Benign prob = 0.1290
Iteration 1892: Benign prob = 0.1341
Iteration 1927: Benign prob = 0.1361
Iteration 1932: Benign prob = 0.1450
Iteration 1953: Benign prob = 0.1474
Iteration 1977: Benign prob = 0.1550
Iteration 1986: Benign prob = 0.1579
Iteration 1994: Benign prob = 0.1589
Iteration 2003: Benign prob = 0.1613
Iteration 2010: Benign prob = 0.1620
Iteration 2021: Benign prob = 0.1685
Iteration 2029: Benign prob = 0.1706
Iteration 2046: Benign prob = 0.1759
Iteration 2060: Benign prob = 0.1834
Iteration 2079: Benign prob = 0.1945
Iteration 2085: Benign prob = 0.1980
Iteration 2108: Benign prob = 0.2017
Iteration 2145: Benign prob = 0.2018
Iteration 2149: Benign prob = 0.2065
Iteration 2154: Benign prob = 0.2122
Iteration 2171: Benign prob = 0.2143
Iteration 2175: Benign prob = 0.2194
Iteration 2183: Benign prob = 0.2225
Iteration 2224: Benign prob = 0.2238
Iteration 2244: Benign prob = 0.2247
Iteration 2255: Benign prob = 0.2308
Iteration 2274: Benign prob = 0.2383
Iteration 2275: Benign prob = 0.2419
Iteration 2293: Benign prob = 0.2421
Iteration 2344: Benign prob = 0.2425
Iteration 2350: Benign prob = 0.2445
Iteration 2352: Benign prob = 0.2447
Iteration 2366: Benign prob = 0.2475
Iteration 2368: Benign prob = 0.2496
Iteration 2370: Benign prob = 0.2519
Iteration 2377: Benign prob = 0.2527
Iteration 2387: Benign prob = 0.2544
Iteration 2396: Benign prob = 0.2586
Iteration 2428: Benign prob = 0.2590
Iteration 2437: Benign prob = 0.2635
Iteration 2443: Benign prob = 0.2651
Iteration 2454: Benign prob = 0.2751
Iteration 2476: Benign prob = 0.2758
Iteration 2496: Benign prob = 0.2854
Iteration 2517: Benign prob = 0.3041
Iteration 2585: Benign prob = 0.3051
Iteration 2596: Benign prob = 0.3122
Iteration 2604: Benign prob = 0.3181
Iteration 2611: Benign prob = 0.3197
Iteration 2630: Benign prob = 0.3214
Iteration 2631: Benign prob = 0.3319
Iteration 2674: Benign prob = 0.3367
Iteration 2719: Benign prob = 0.3368
Iteration 2753: Benign prob = 0.3393
Iteration 2761: Benign prob = 0.3446
Iteration 2773: Benign prob = 0.3469
Iteration 2775: Benign prob = 0.3498
Iteration 2782: Benign prob = 0.3526
Iteration 2794: Benign prob = 0.3592
Iteration 2798: Benign prob = 0.3647
Iteration 2843: Benign prob = 0.3685
Iteration 2868: Benign prob = 0.3720
Iteration 2903: Benign prob = 0.3755
Iteration 2907: Benign prob = 0.3823
Iteration 2925: Benign prob = 0.3859
Iteration 2961: Benign prob = 0.3860
Iteration 2977: Benign prob = 0.3887
Iteration 2997: Benign prob = 0.3896
Iteration 3041: Benign prob = 0.4099
Iteration 3050: Benign prob = 0.4154
Iteration 3080: Benign prob = 0.4157
Iteration 3085: Benign prob = 0.4253
Iteration 3107: Benign prob = 0.4278
Iteration 3118: Benign prob = 0.4334
Iteration 3131: Benign prob = 0.4569
Iteration 3157: Benign prob = 0.4598
Iteration 3210: Benign prob = 0.4605
Iteration 3211: Benign prob = 0.4635
Iteration 3214: Benign prob = 0.4737
Iteration 3222: Benign prob = 0.4813
Iteration 3270: Benign prob = 0.4837
Iteration 3342: Benign prob = 0.4873
Iteration 3409: Benign prob = 0.4904
Iteration 3423: Benign prob = 0.4941
Iteration 3429: Benign prob = 0.4962
Iteration 3432: Benign prob = 0.4980
Iteration 3442: Benign prob = 0.5169
Iteration 3529: Benign prob = 0.5249
Iteration 3558: Benign prob = 0.5290
Iteration 3607: Benign prob = 0.5302
Iteration 3628: Benign prob = 0.5305
Iteration 3632: Benign prob = 0.5414
Iteration 3634: Benign prob = 0.5463
Iteration 3642: Benign prob = 0.5500
Iteration 3650: Benign prob = 0.5568

 Completed Adversarial Image for image 9 in 5.80 minutes.

--- Adversarial Prediction Results for image 9: (/home/users/atodorova/alisa-thesis/malnet-cnn/test/downloader/tencentprotect/0EC11455F84D9F7A9761B78FFC4080D26F643E0BC8D2A3151ED9EBD9A969B4CB.png) ---
Predicted class: 11 (benign)
Confidence     : 0.5568
True class     : 16 (downloader)


=== [10/10] Creating EA Adversarial Image for /home/users/atodorova/alisa-thesis/malnet-cnn/test/downloader/tencentprotect/4B7560420EDE159023FB404B9E990E92AF85B93D7074A781E96C63C354532C2B.png ===

--- Original Prediction Results ---
Predicted class: 42 (trojan)

Confidence     : 0.4156

True class     : 16 (downloader)

Target ('benign') class: 11 (benign)

[INFO] Benign class became best class at iteration 2885 with confidence 0.3107!

Targeted adversarial image created in 3857 iterations.
Benign first predicted at iteration 2885 with confidence 0.3107.

Benign probability changes (iteration, prob):
Iteration 0: Benign prob = 0.0006
Iteration 4: Benign prob = 0.0010
Iteration 5: Benign prob = 0.0011
Iteration 6: Benign prob = 0.0017
Iteration 7: Benign prob = 0.0017
Iteration 8: Benign prob = 0.0017
Iteration 10: Benign prob = 0.0019
Iteration 11: Benign prob = 0.0021
Iteration 16: Benign prob = 0.0022
Iteration 19: Benign prob = 0.0022
Iteration 20: Benign prob = 0.0023
Iteration 22: Benign prob = 0.0024
Iteration 24: Benign prob = 0.0025
Iteration 26: Benign prob = 0.0034
Iteration 32: Benign prob = 0.0036
Iteration 40: Benign prob = 0.0037
Iteration 42: Benign prob = 0.0037
Iteration 44: Benign prob = 0.0039
Iteration 49: Benign prob = 0.0042
Iteration 56: Benign prob = 0.0045
Iteration 62: Benign prob = 0.0047
Iteration 66: Benign prob = 0.0048
Iteration 70: Benign prob = 0.0049
Iteration 74: Benign prob = 0.0052
Iteration 77: Benign prob = 0.0057
Iteration 80: Benign prob = 0.0058
Iteration 81: Benign prob = 0.0059
Iteration 82: Benign prob = 0.0061
Iteration 99: Benign prob = 0.0062
Iteration 100: Benign prob = 0.0063
Iteration 101: Benign prob = 0.0064
Iteration 102: Benign prob = 0.0065
Iteration 103: Benign prob = 0.0066
Iteration 136: Benign prob = 0.0069
Iteration 145: Benign prob = 0.0070
Iteration 148: Benign prob = 0.0071
Iteration 152: Benign prob = 0.0074
Iteration 161: Benign prob = 0.0080
Iteration 184: Benign prob = 0.0080
Iteration 189: Benign prob = 0.0084
Iteration 203: Benign prob = 0.0087
Iteration 204: Benign prob = 0.0088
Iteration 210: Benign prob = 0.0089
Iteration 211: Benign prob = 0.0092
Iteration 216: Benign prob = 0.0103
Iteration 230: Benign prob = 0.0105
Iteration 252: Benign prob = 0.0108
Iteration 255: Benign prob = 0.0108
Iteration 256: Benign prob = 0.0112
Iteration 262: Benign prob = 0.0113
Iteration 267: Benign prob = 0.0114
Iteration 272: Benign prob = 0.0114
Iteration 275: Benign prob = 0.0115
Iteration 276: Benign prob = 0.0116
Iteration 286: Benign prob = 0.0118
Iteration 288: Benign prob = 0.0119
Iteration 292: Benign prob = 0.0119
Iteration 294: Benign prob = 0.0121
Iteration 298: Benign prob = 0.0126
Iteration 302: Benign prob = 0.0133
Iteration 343: Benign prob = 0.0157
Iteration 383: Benign prob = 0.0160
Iteration 402: Benign prob = 0.0160
Iteration 409: Benign prob = 0.0166
Iteration 410: Benign prob = 0.0175
Iteration 412: Benign prob = 0.0176
Iteration 439: Benign prob = 0.0178
Iteration 446: Benign prob = 0.0178
Iteration 448: Benign prob = 0.0185
Iteration 463: Benign prob = 0.0187
Iteration 466: Benign prob = 0.0189
Iteration 490: Benign prob = 0.0196
Iteration 501: Benign prob = 0.0197
Iteration 509: Benign prob = 0.0212
Iteration 524: Benign prob = 0.0213
Iteration 539: Benign prob = 0.0214
Iteration 548: Benign prob = 0.0215
Iteration 555: Benign prob = 0.0222
Iteration 587: Benign prob = 0.0235
Iteration 595: Benign prob = 0.0236
Iteration 604: Benign prob = 0.0238
Iteration 632: Benign prob = 0.0250
Iteration 663: Benign prob = 0.0257
Iteration 664: Benign prob = 0.0268
Iteration 684: Benign prob = 0.0272
Iteration 725: Benign prob = 0.0272
Iteration 735: Benign prob = 0.0277
Iteration 752: Benign prob = 0.0291
Iteration 792: Benign prob = 0.0302
Iteration 806: Benign prob = 0.0302
Iteration 811: Benign prob = 0.0308
Iteration 813: Benign prob = 0.0309
Iteration 824: Benign prob = 0.0314
Iteration 828: Benign prob = 0.0321
Iteration 847: Benign prob = 0.0330
Iteration 848: Benign prob = 0.0333
Iteration 878: Benign prob = 0.0349
Iteration 880: Benign prob = 0.0352
Iteration 892: Benign prob = 0.0358
Iteration 897: Benign prob = 0.0359
Iteration 918: Benign prob = 0.0369
Iteration 933: Benign prob = 0.0370
Iteration 937: Benign prob = 0.0379
Iteration 954: Benign prob = 0.0384
Iteration 964: Benign prob = 0.0390
Iteration 998: Benign prob = 0.0391
Iteration 999: Benign prob = 0.0395
Iteration 1004: Benign prob = 0.0397
Iteration 1015: Benign prob = 0.0404
Iteration 1030: Benign prob = 0.0417
Iteration 1035: Benign prob = 0.0431
Iteration 1072: Benign prob = 0.0436
Iteration 1078: Benign prob = 0.0455
Iteration 1104: Benign prob = 0.0470
Iteration 1154: Benign prob = 0.0476
Iteration 1161: Benign prob = 0.0482
Iteration 1164: Benign prob = 0.0492
Iteration 1174: Benign prob = 0.0506
Iteration 1188: Benign prob = 0.0530
Iteration 1238: Benign prob = 0.0540
Iteration 1265: Benign prob = 0.0566
Iteration 1298: Benign prob = 0.0567
Iteration 1304: Benign prob = 0.0593
Iteration 1322: Benign prob = 0.0605
Iteration 1354: Benign prob = 0.0611
Iteration 1371: Benign prob = 0.0647
Iteration 1414: Benign prob = 0.0656
Iteration 1450: Benign prob = 0.0661
Iteration 1454: Benign prob = 0.0665
Iteration 1489: Benign prob = 0.0669
Iteration 1490: Benign prob = 0.0692
Iteration 1560: Benign prob = 0.0698
Iteration 1608: Benign prob = 0.0715
Iteration 1630: Benign prob = 0.0716
Iteration 1634: Benign prob = 0.0729
Iteration 1650: Benign prob = 0.0745
Iteration 1652: Benign prob = 0.0762
Iteration 1654: Benign prob = 0.0762
Iteration 1689: Benign prob = 0.0765
Iteration 1698: Benign prob = 0.0789
Iteration 1722: Benign prob = 0.0816
Iteration 1756: Benign prob = 0.0831
Iteration 1879: Benign prob = 0.0838
Iteration 1884: Benign prob = 0.0841
Iteration 1908: Benign prob = 0.0878
Iteration 1910: Benign prob = 0.0894
Iteration 1913: Benign prob = 0.0903
Iteration 1933: Benign prob = 0.0930
Iteration 1951: Benign prob = 0.0970
Iteration 1965: Benign prob = 0.1024
Iteration 1981: Benign prob = 0.1035
Iteration 2020: Benign prob = 0.1039
Iteration 2029: Benign prob = 0.1041
Iteration 2040: Benign prob = 0.1046
Iteration 2046: Benign prob = 0.1051
Iteration 2052: Benign prob = 0.1063
Iteration 2066: Benign prob = 0.1083
Iteration 2074: Benign prob = 0.1090
Iteration 2122: Benign prob = 0.1098
Iteration 2148: Benign prob = 0.1129
Iteration 2149: Benign prob = 0.1154
Iteration 2175: Benign prob = 0.1163
Iteration 2176: Benign prob = 0.1167
Iteration 2206: Benign prob = 0.1179
Iteration 2233: Benign prob = 0.1185
Iteration 2244: Benign prob = 0.1231
Iteration 2266: Benign prob = 0.1237
Iteration 2283: Benign prob = 0.1347
Iteration 2286: Benign prob = 0.1395
Iteration 2287: Benign prob = 0.1462
Iteration 2344: Benign prob = 0.1469
Iteration 2353: Benign prob = 0.1474
Iteration 2405: Benign prob = 0.1514
Iteration 2406: Benign prob = 0.1529
Iteration 2412: Benign prob = 0.1532
Iteration 2413: Benign prob = 0.1533
Iteration 2416: Benign prob = 0.1540
Iteration 2434: Benign prob = 0.1559
Iteration 2441: Benign prob = 0.1569
Iteration 2469: Benign prob = 0.1585
Iteration 2472: Benign prob = 0.1655
Iteration 2525: Benign prob = 0.1747
Iteration 2528: Benign prob = 0.1761
Iteration 2547: Benign prob = 0.1814
Iteration 2557: Benign prob = 0.1818
Iteration 2570: Benign prob = 0.1966
Iteration 2587: Benign prob = 0.1970
Iteration 2593: Benign prob = 0.2044
Iteration 2596: Benign prob = 0.2081
Iteration 2603: Benign prob = 0.2107
Iteration 2623: Benign prob = 0.2160
Iteration 2629: Benign prob = 0.2169
Iteration 2644: Benign prob = 0.2197
Iteration 2670: Benign prob = 0.2297
Iteration 2701: Benign prob = 0.2395
Iteration 2716: Benign prob = 0.2435
Iteration 2748: Benign prob = 0.2447
Iteration 2766: Benign prob = 0.2458
Iteration 2767: Benign prob = 0.2487
Iteration 2783: Benign prob = 0.2591
Iteration 2784: Benign prob = 0.2610
Iteration 2785: Benign prob = 0.2638
Iteration 2789: Benign prob = 0.2678
Iteration 2791: Benign prob = 0.2682
Iteration 2792: Benign prob = 0.2696
Iteration 2795: Benign prob = 0.2785
Iteration 2816: Benign prob = 0.2900
Iteration 2820: Benign prob = 0.2955
Iteration 2828: Benign prob = 0.2970
Iteration 2839: Benign prob = 0.3034
Iteration 2850: Benign prob = 0.3086
Iteration 2873: Benign prob = 0.3087
Iteration 2885: Benign prob = 0.3107
Iteration 2900: Benign prob = 0.3143
Iteration 2908: Benign prob = 0.3330
Iteration 2927: Benign prob = 0.3348
Iteration 2929: Benign prob = 0.3395
Iteration 2960: Benign prob = 0.3435
Iteration 2968: Benign prob = 0.3458
Iteration 2981: Benign prob = 0.3617
Iteration 3111: Benign prob = 0.3701
Iteration 3152: Benign prob = 0.3779
Iteration 3189: Benign prob = 0.3841
Iteration 3190: Benign prob = 0.3970
Iteration 3200: Benign prob = 0.3978
Iteration 3201: Benign prob = 0.4168
Iteration 3226: Benign prob = 0.4234
Iteration 3227: Benign prob = 0.4235
Iteration 3235: Benign prob = 0.4271
Iteration 3259: Benign prob = 0.4339
Iteration 3283: Benign prob = 0.4364
Iteration 3296: Benign prob = 0.4370
Iteration 3305: Benign prob = 0.4385
Iteration 3317: Benign prob = 0.4461
Iteration 3338: Benign prob = 0.4479
Iteration 3393: Benign prob = 0.4537
Iteration 3427: Benign prob = 0.4571
Iteration 3430: Benign prob = 0.4616
Iteration 3468: Benign prob = 0.4829
Iteration 3593: Benign prob = 0.4830
Iteration 3629: Benign prob = 0.4853
Iteration 3641: Benign prob = 0.4866
Iteration 3653: Benign prob = 0.4907
Iteration 3654: Benign prob = 0.4955
Iteration 3661: Benign prob = 0.5059
Iteration 3673: Benign prob = 0.5191
Iteration 3724: Benign prob = 0.5342
Iteration 3820: Benign prob = 0.5403
Iteration 3846: Benign prob = 0.5420
Iteration 3852: Benign prob = 0.5492
Iteration 3857: Benign prob = 0.5562

 Completed Adversarial Image for image 10 in 6.15 minutes.

--- Adversarial Prediction Results for image 10: (/home/users/atodorova/alisa-thesis/malnet-cnn/test/downloader/tencentprotect/4B7560420EDE159023FB404B9E990E92AF85B93D7074A781E96C63C354532C2B.png) ---
Predicted class: 11 (benign)
Confidence     : 0.5562
True class     : 16 (downloader)
