Requirement already satisfied: torchvision in ./y/envs/thesis_env_310/lib/python3.10/site-packages (0.20.1+cu121)
Requirement already satisfied: tqdm in ./y/envs/thesis_env_310/lib/python3.10/site-packages (4.67.1)
Requirement already satisfied: numpy in ./y/envs/thesis_env_310/lib/python3.10/site-packages (from torchvision) (2.1.2)
Requirement already satisfied: torch==2.5.1 in ./y/envs/thesis_env_310/lib/python3.10/site-packages (from torchvision) (2.5.1+cu121)
Requirement already satisfied: pillow!=8.3.*,>=5.3.0 in ./y/envs/thesis_env_310/lib/python3.10/site-packages (from torchvision) (11.0.0)
Requirement already satisfied: filelock in ./y/envs/thesis_env_310/lib/python3.10/site-packages (from torch==2.5.1->torchvision) (3.13.1)
Requirement already satisfied: typing-extensions>=4.8.0 in ./y/envs/thesis_env_310/lib/python3.10/site-packages (from torch==2.5.1->torchvision) (4.12.2)
Requirement already satisfied: networkx in ./y/envs/thesis_env_310/lib/python3.10/site-packages (from torch==2.5.1->torchvision) (3.3)
Requirement already satisfied: jinja2 in ./y/envs/thesis_env_310/lib/python3.10/site-packages (from torch==2.5.1->torchvision) (3.1.4)
Requirement already satisfied: fsspec in ./y/envs/thesis_env_310/lib/python3.10/site-packages (from torch==2.5.1->torchvision) (2024.6.1)
Requirement already satisfied: nvidia-cuda-nvrtc-cu12==12.1.105 in ./y/envs/thesis_env_310/lib/python3.10/site-packages (from torch==2.5.1->torchvision) (12.1.105)
Requirement already satisfied: nvidia-cuda-runtime-cu12==12.1.105 in ./y/envs/thesis_env_310/lib/python3.10/site-packages (from torch==2.5.1->torchvision) (12.1.105)
Requirement already satisfied: nvidia-cuda-cupti-cu12==12.1.105 in ./y/envs/thesis_env_310/lib/python3.10/site-packages (from torch==2.5.1->torchvision) (12.1.105)
Requirement already satisfied: nvidia-cudnn-cu12==9.1.0.70 in ./y/envs/thesis_env_310/lib/python3.10/site-packages (from torch==2.5.1->torchvision) (9.1.0.70)
Requirement already satisfied: nvidia-cublas-cu12==12.1.3.1 in ./y/envs/thesis_env_310/lib/python3.10/site-packages (from torch==2.5.1->torchvision) (12.1.3.1)
Requirement already satisfied: nvidia-cufft-cu12==11.0.2.54 in ./y/envs/thesis_env_310/lib/python3.10/site-packages (from torch==2.5.1->torchvision) (11.0.2.54)
Requirement already satisfied: nvidia-curand-cu12==10.3.2.106 in ./y/envs/thesis_env_310/lib/python3.10/site-packages (from torch==2.5.1->torchvision) (10.3.2.106)
Requirement already satisfied: nvidia-cusolver-cu12==11.4.5.107 in ./y/envs/thesis_env_310/lib/python3.10/site-packages (from torch==2.5.1->torchvision) (11.4.5.107)
Requirement already satisfied: nvidia-cusparse-cu12==12.1.0.106 in ./y/envs/thesis_env_310/lib/python3.10/site-packages (from torch==2.5.1->torchvision) (12.1.0.106)
Requirement already satisfied: nvidia-nccl-cu12==2.21.5 in ./y/envs/thesis_env_310/lib/python3.10/site-packages (from torch==2.5.1->torchvision) (2.21.5)
Requirement already satisfied: nvidia-nvtx-cu12==12.1.105 in ./y/envs/thesis_env_310/lib/python3.10/site-packages (from torch==2.5.1->torchvision) (12.1.105)
Requirement already satisfied: triton==3.1.0 in ./y/envs/thesis_env_310/lib/python3.10/site-packages (from torch==2.5.1->torchvision) (3.1.0)
Requirement already satisfied: sympy==1.13.1 in ./y/envs/thesis_env_310/lib/python3.10/site-packages (from torch==2.5.1->torchvision) (1.13.1)
Requirement already satisfied: nvidia-nvjitlink-cu12 in ./y/envs/thesis_env_310/lib/python3.10/site-packages (from nvidia-cusolver-cu12==11.4.5.107->torch==2.5.1->torchvision) (12.1.105)
Requirement already satisfied: mpmath<1.4,>=1.1.0 in ./y/envs/thesis_env_310/lib/python3.10/site-packages (from sympy==1.13.1->torch==2.5.1->torchvision) (1.3.0)
Requirement already satisfied: MarkupSafe>=2.0 in ./y/envs/thesis_env_310/lib/python3.10/site-packages (from jinja2->torch==2.5.1->torchvision) (2.1.5)
Using device: cuda
Device name: Tesla V100-SXM2-16GB
Using 1 GPUs.


=== [1/10] Creating EA Adversarial Image for /home/users/atodorova/alisa-thesis/malnet-cnn/test/riskware/adwo/3AA7C7795E2492EDDAFF2D102C61354269D2C5BFEE039F772F390DFBABD28401.png ===

--- Original Prediction Results ---
Predicted class: 42 (trojan)

Confidence     : 0.4709

True class     : 30 (riskware)

Target ('benign') class: 11 (benign)

[INFO] Benign class became best class at iteration 795 with confidence 0.3802!

Targeted adversarial image created in 1271 iterations.
Benign first predicted at iteration 795 with confidence 0.3802.

Benign probability changes (iteration, prob):
Iteration 0: Benign prob = 0.0022
Iteration 56: Benign prob = 0.0025
Iteration 58: Benign prob = 0.0029
Iteration 60: Benign prob = 0.0032
Iteration 61: Benign prob = 0.0056
Iteration 62: Benign prob = 0.0057
Iteration 63: Benign prob = 0.0060
Iteration 65: Benign prob = 0.0065
Iteration 68: Benign prob = 0.0073
Iteration 69: Benign prob = 0.0080
Iteration 72: Benign prob = 0.0085
Iteration 73: Benign prob = 0.0088
Iteration 74: Benign prob = 0.0099
Iteration 76: Benign prob = 0.0142
Iteration 83: Benign prob = 0.0151
Iteration 86: Benign prob = 0.0163
Iteration 87: Benign prob = 0.0175
Iteration 89: Benign prob = 0.0183
Iteration 93: Benign prob = 0.0185
Iteration 96: Benign prob = 0.0193
Iteration 98: Benign prob = 0.0212
Iteration 99: Benign prob = 0.0213
Iteration 101: Benign prob = 0.0219
Iteration 103: Benign prob = 0.0235
Iteration 105: Benign prob = 0.0253
Iteration 110: Benign prob = 0.0265
Iteration 114: Benign prob = 0.0278
Iteration 121: Benign prob = 0.0294
Iteration 122: Benign prob = 0.0296
Iteration 126: Benign prob = 0.0350
Iteration 127: Benign prob = 0.0353
Iteration 128: Benign prob = 0.0444
Iteration 138: Benign prob = 0.0500
Iteration 143: Benign prob = 0.0544
Iteration 147: Benign prob = 0.0570
Iteration 151: Benign prob = 0.0588
Iteration 153: Benign prob = 0.0649
Iteration 156: Benign prob = 0.0683
Iteration 158: Benign prob = 0.0713
Iteration 164: Benign prob = 0.0796
Iteration 172: Benign prob = 0.0805
Iteration 174: Benign prob = 0.0828
Iteration 177: Benign prob = 0.0907
Iteration 187: Benign prob = 0.0909
Iteration 188: Benign prob = 0.0968
Iteration 194: Benign prob = 0.1023
Iteration 204: Benign prob = 0.1033
Iteration 217: Benign prob = 0.1039
Iteration 218: Benign prob = 0.1103
Iteration 223: Benign prob = 0.1118
Iteration 228: Benign prob = 0.1181
Iteration 238: Benign prob = 0.1439
Iteration 266: Benign prob = 0.1491
Iteration 291: Benign prob = 0.1529
Iteration 295: Benign prob = 0.1531
Iteration 299: Benign prob = 0.1544
Iteration 300: Benign prob = 0.1568
Iteration 307: Benign prob = 0.1603
Iteration 311: Benign prob = 0.1634
Iteration 358: Benign prob = 0.1718
Iteration 369: Benign prob = 0.1800
Iteration 378: Benign prob = 0.1850
Iteration 381: Benign prob = 0.1884
Iteration 394: Benign prob = 0.1922
Iteration 406: Benign prob = 0.2055
Iteration 440: Benign prob = 0.2212
Iteration 486: Benign prob = 0.2269
Iteration 502: Benign prob = 0.2318
Iteration 506: Benign prob = 0.2329
Iteration 513: Benign prob = 0.2350
Iteration 525: Benign prob = 0.2437
Iteration 572: Benign prob = 0.2478
Iteration 576: Benign prob = 0.2638
Iteration 605: Benign prob = 0.2679
Iteration 617: Benign prob = 0.2888
Iteration 636: Benign prob = 0.2907
Iteration 648: Benign prob = 0.2966
Iteration 650: Benign prob = 0.2979
Iteration 668: Benign prob = 0.3259
Iteration 691: Benign prob = 0.3312
Iteration 705: Benign prob = 0.3438
Iteration 707: Benign prob = 0.3461
Iteration 712: Benign prob = 0.3544
Iteration 717: Benign prob = 0.3614
Iteration 747: Benign prob = 0.3737
Iteration 779: Benign prob = 0.3755
Iteration 795: Benign prob = 0.3802
Iteration 796: Benign prob = 0.3918
Iteration 816: Benign prob = 0.4095
Iteration 817: Benign prob = 0.4271
Iteration 878: Benign prob = 0.4283
Iteration 879: Benign prob = 0.4302
Iteration 880: Benign prob = 0.4418
Iteration 884: Benign prob = 0.4419
Iteration 889: Benign prob = 0.4440
Iteration 892: Benign prob = 0.4465
Iteration 911: Benign prob = 0.4489
Iteration 986: Benign prob = 0.4494
Iteration 990: Benign prob = 0.4522
Iteration 991: Benign prob = 0.4593
Iteration 1028: Benign prob = 0.4639
Iteration 1046: Benign prob = 0.4700
Iteration 1055: Benign prob = 0.4781
Iteration 1059: Benign prob = 0.4848
Iteration 1060: Benign prob = 0.4867
Iteration 1073: Benign prob = 0.4949
Iteration 1077: Benign prob = 0.4977
Iteration 1087: Benign prob = 0.5025
Iteration 1118: Benign prob = 0.5025
Iteration 1147: Benign prob = 0.5063
Iteration 1157: Benign prob = 0.5171
Iteration 1164: Benign prob = 0.5357
Iteration 1228: Benign prob = 0.5446
Iteration 1271: Benign prob = 0.5615

 Completed Adversarial Image for image 1 in 2.01 minutes.

--- Adversarial Prediction Results for image 1: (/home/users/atodorova/alisa-thesis/malnet-cnn/test/riskware/adwo/3AA7C7795E2492EDDAFF2D102C61354269D2C5BFEE039F772F390DFBABD28401.png) ---
Predicted class: 11 (benign)
Confidence     : 0.5615
True class     : 30 (riskware)


=== [2/10] Creating EA Adversarial Image for /home/users/atodorova/alisa-thesis/malnet-cnn/test/riskware/adwo/088C5B402F9E217574DBCB64885824606A553ABBF2D2129B7EE0FB7CEEEBC7BF.png ===

--- Original Prediction Results ---
Predicted class: 42 (trojan)

Confidence     : 0.4630

True class     : 30 (riskware)

Target ('benign') class: 11 (benign)

[INFO] Benign class became best class at iteration 1476 with confidence 0.2923!

Targeted adversarial image created in 2665 iterations.
Benign first predicted at iteration 1476 with confidence 0.2923.

Benign probability changes (iteration, prob):
Iteration 0: Benign prob = 0.0012
Iteration 8: Benign prob = 0.0015
Iteration 9: Benign prob = 0.0016
Iteration 11: Benign prob = 0.0020
Iteration 21: Benign prob = 0.0021
Iteration 23: Benign prob = 0.0021
Iteration 25: Benign prob = 0.0023
Iteration 38: Benign prob = 0.0024
Iteration 41: Benign prob = 0.0027
Iteration 42: Benign prob = 0.0029
Iteration 44: Benign prob = 0.0031
Iteration 45: Benign prob = 0.0034
Iteration 56: Benign prob = 0.0034
Iteration 57: Benign prob = 0.0035
Iteration 59: Benign prob = 0.0035
Iteration 63: Benign prob = 0.0036
Iteration 64: Benign prob = 0.0036
Iteration 65: Benign prob = 0.0040
Iteration 66: Benign prob = 0.0050
Iteration 72: Benign prob = 0.0053
Iteration 80: Benign prob = 0.0054
Iteration 84: Benign prob = 0.0055
Iteration 98: Benign prob = 0.0056
Iteration 103: Benign prob = 0.0071
Iteration 117: Benign prob = 0.0077
Iteration 125: Benign prob = 0.0080
Iteration 134: Benign prob = 0.0086
Iteration 136: Benign prob = 0.0087
Iteration 152: Benign prob = 0.0091
Iteration 157: Benign prob = 0.0092
Iteration 176: Benign prob = 0.0096
Iteration 183: Benign prob = 0.0109
Iteration 201: Benign prob = 0.0113
Iteration 211: Benign prob = 0.0114
Iteration 226: Benign prob = 0.0115
Iteration 227: Benign prob = 0.0116
Iteration 229: Benign prob = 0.0117
Iteration 232: Benign prob = 0.0120
Iteration 236: Benign prob = 0.0121
Iteration 237: Benign prob = 0.0125
Iteration 238: Benign prob = 0.0131
Iteration 244: Benign prob = 0.0138
Iteration 245: Benign prob = 0.0145
Iteration 252: Benign prob = 0.0154
Iteration 254: Benign prob = 0.0166
Iteration 259: Benign prob = 0.0169
Iteration 265: Benign prob = 0.0173
Iteration 272: Benign prob = 0.0185
Iteration 285: Benign prob = 0.0196
Iteration 294: Benign prob = 0.0203
Iteration 300: Benign prob = 0.0206
Iteration 301: Benign prob = 0.0206
Iteration 313: Benign prob = 0.0207
Iteration 315: Benign prob = 0.0208
Iteration 318: Benign prob = 0.0224
Iteration 323: Benign prob = 0.0229
Iteration 327: Benign prob = 0.0238
Iteration 328: Benign prob = 0.0242
Iteration 331: Benign prob = 0.0262
Iteration 332: Benign prob = 0.0268
Iteration 333: Benign prob = 0.0296
Iteration 338: Benign prob = 0.0308
Iteration 341: Benign prob = 0.0313
Iteration 342: Benign prob = 0.0336
Iteration 348: Benign prob = 0.0349
Iteration 349: Benign prob = 0.0359
Iteration 359: Benign prob = 0.0407
Iteration 367: Benign prob = 0.0422
Iteration 370: Benign prob = 0.0465
Iteration 379: Benign prob = 0.0493
Iteration 383: Benign prob = 0.0495
Iteration 384: Benign prob = 0.0503
Iteration 387: Benign prob = 0.0517
Iteration 388: Benign prob = 0.0523
Iteration 389: Benign prob = 0.0553
Iteration 397: Benign prob = 0.0564
Iteration 409: Benign prob = 0.0569
Iteration 413: Benign prob = 0.0589
Iteration 418: Benign prob = 0.0592
Iteration 419: Benign prob = 0.0614
Iteration 422: Benign prob = 0.0661
Iteration 424: Benign prob = 0.0708
Iteration 426: Benign prob = 0.0734
Iteration 429: Benign prob = 0.0745
Iteration 435: Benign prob = 0.0752
Iteration 438: Benign prob = 0.0766
Iteration 442: Benign prob = 0.0771
Iteration 443: Benign prob = 0.0798
Iteration 444: Benign prob = 0.0849
Iteration 445: Benign prob = 0.0858
Iteration 450: Benign prob = 0.0865
Iteration 456: Benign prob = 0.0896
Iteration 459: Benign prob = 0.0946
Iteration 479: Benign prob = 0.1076
Iteration 510: Benign prob = 0.1129
Iteration 538: Benign prob = 0.1136
Iteration 546: Benign prob = 0.1146
Iteration 548: Benign prob = 0.1182
Iteration 567: Benign prob = 0.1209
Iteration 574: Benign prob = 0.1211
Iteration 580: Benign prob = 0.1285
Iteration 582: Benign prob = 0.1290
Iteration 593: Benign prob = 0.1333
Iteration 601: Benign prob = 0.1350
Iteration 610: Benign prob = 0.1425
Iteration 630: Benign prob = 0.1429
Iteration 639: Benign prob = 0.1434
Iteration 652: Benign prob = 0.1440
Iteration 665: Benign prob = 0.1441
Iteration 667: Benign prob = 0.1605
Iteration 736: Benign prob = 0.1607
Iteration 774: Benign prob = 0.1635
Iteration 782: Benign prob = 0.1668
Iteration 797: Benign prob = 0.1713
Iteration 830: Benign prob = 0.1845
Iteration 839: Benign prob = 0.1860
Iteration 844: Benign prob = 0.1866
Iteration 849: Benign prob = 0.1870
Iteration 852: Benign prob = 0.1884
Iteration 870: Benign prob = 0.1992
Iteration 917: Benign prob = 0.2017
Iteration 942: Benign prob = 0.2052
Iteration 1016: Benign prob = 0.2081
Iteration 1020: Benign prob = 0.2087
Iteration 1055: Benign prob = 0.2103
Iteration 1080: Benign prob = 0.2138
Iteration 1091: Benign prob = 0.2208
Iteration 1114: Benign prob = 0.2224
Iteration 1202: Benign prob = 0.2253
Iteration 1222: Benign prob = 0.2282
Iteration 1245: Benign prob = 0.2419
Iteration 1329: Benign prob = 0.2454
Iteration 1358: Benign prob = 0.2488
Iteration 1375: Benign prob = 0.2547
Iteration 1381: Benign prob = 0.2592
Iteration 1382: Benign prob = 0.2599
Iteration 1415: Benign prob = 0.2654
Iteration 1427: Benign prob = 0.2677
Iteration 1442: Benign prob = 0.2724
Iteration 1462: Benign prob = 0.2857
Iteration 1476: Benign prob = 0.2923
Iteration 1482: Benign prob = 0.2962
Iteration 1491: Benign prob = 0.2992
Iteration 1505: Benign prob = 0.3017
Iteration 1556: Benign prob = 0.3102
Iteration 1559: Benign prob = 0.3137
Iteration 1568: Benign prob = 0.3185
Iteration 1577: Benign prob = 0.3253
Iteration 1580: Benign prob = 0.3389
Iteration 1640: Benign prob = 0.3441
Iteration 1648: Benign prob = 0.3493
Iteration 1659: Benign prob = 0.3558
Iteration 1675: Benign prob = 0.3606
Iteration 1716: Benign prob = 0.3683
Iteration 1726: Benign prob = 0.3752
Iteration 1785: Benign prob = 0.3790
Iteration 1842: Benign prob = 0.4001
Iteration 1909: Benign prob = 0.4053
Iteration 1968: Benign prob = 0.4077
Iteration 1991: Benign prob = 0.4322
Iteration 1997: Benign prob = 0.4508
Iteration 2038: Benign prob = 0.4704
Iteration 2102: Benign prob = 0.4708
Iteration 2119: Benign prob = 0.4763
Iteration 2138: Benign prob = 0.4814
Iteration 2181: Benign prob = 0.4870
Iteration 2204: Benign prob = 0.4911
Iteration 2207: Benign prob = 0.4923
Iteration 2253: Benign prob = 0.4961
Iteration 2274: Benign prob = 0.5034
Iteration 2282: Benign prob = 0.5053
Iteration 2315: Benign prob = 0.5088
Iteration 2346: Benign prob = 0.5276
Iteration 2475: Benign prob = 0.5279
Iteration 2509: Benign prob = 0.5358
Iteration 2533: Benign prob = 0.5397
Iteration 2555: Benign prob = 0.5415
Iteration 2593: Benign prob = 0.5495
Iteration 2665: Benign prob = 0.5515

 Completed Adversarial Image for image 2 in 4.18 minutes.

--- Adversarial Prediction Results for image 2: (/home/users/atodorova/alisa-thesis/malnet-cnn/test/riskware/adwo/088C5B402F9E217574DBCB64885824606A553ABBF2D2129B7EE0FB7CEEEBC7BF.png) ---
Predicted class: 11 (benign)
Confidence     : 0.5515
True class     : 30 (riskware)


=== [3/10] Creating EA Adversarial Image for /home/users/atodorova/alisa-thesis/malnet-cnn/test/riskware/anroidosfictus/0B0880956E7FE187D44D4D7F5519ED86378CFC81FDE87562737C726732A5B02D.png ===

--- Original Prediction Results ---
Predicted class: 42 (trojan)

Confidence     : 0.5485

True class     : 30 (riskware)

Target ('benign') class: 11 (benign)

[INFO] Benign class became best class at iteration 1523 with confidence 0.3024!

Targeted adversarial image created in 2938 iterations.
Benign first predicted at iteration 1523 with confidence 0.3024.

Benign probability changes (iteration, prob):
Iteration 0: Benign prob = 0.0010
Iteration 5: Benign prob = 0.0011
Iteration 6: Benign prob = 0.0012
Iteration 7: Benign prob = 0.0014
Iteration 8: Benign prob = 0.0015
Iteration 10: Benign prob = 0.0016
Iteration 11: Benign prob = 0.0017
Iteration 12: Benign prob = 0.0021
Iteration 14: Benign prob = 0.0023
Iteration 16: Benign prob = 0.0023
Iteration 17: Benign prob = 0.0023
Iteration 20: Benign prob = 0.0025
Iteration 25: Benign prob = 0.0025
Iteration 26: Benign prob = 0.0026
Iteration 28: Benign prob = 0.0027
Iteration 33: Benign prob = 0.0027
Iteration 36: Benign prob = 0.0028
Iteration 38: Benign prob = 0.0029
Iteration 39: Benign prob = 0.0029
Iteration 40: Benign prob = 0.0030
Iteration 42: Benign prob = 0.0031
Iteration 47: Benign prob = 0.0033
Iteration 50: Benign prob = 0.0034
Iteration 56: Benign prob = 0.0035
Iteration 57: Benign prob = 0.0038
Iteration 58: Benign prob = 0.0039
Iteration 59: Benign prob = 0.0039
Iteration 60: Benign prob = 0.0040
Iteration 66: Benign prob = 0.0041
Iteration 69: Benign prob = 0.0041
Iteration 70: Benign prob = 0.0045
Iteration 77: Benign prob = 0.0047
Iteration 82: Benign prob = 0.0048
Iteration 86: Benign prob = 0.0049
Iteration 92: Benign prob = 0.0051
Iteration 98: Benign prob = 0.0052
Iteration 102: Benign prob = 0.0053
Iteration 103: Benign prob = 0.0054
Iteration 107: Benign prob = 0.0055
Iteration 108: Benign prob = 0.0061
Iteration 114: Benign prob = 0.0064
Iteration 115: Benign prob = 0.0065
Iteration 117: Benign prob = 0.0068
Iteration 127: Benign prob = 0.0078
Iteration 139: Benign prob = 0.0080
Iteration 140: Benign prob = 0.0082
Iteration 143: Benign prob = 0.0083
Iteration 146: Benign prob = 0.0084
Iteration 158: Benign prob = 0.0085
Iteration 159: Benign prob = 0.0086
Iteration 161: Benign prob = 0.0087
Iteration 167: Benign prob = 0.0091
Iteration 177: Benign prob = 0.0092
Iteration 198: Benign prob = 0.0095
Iteration 199: Benign prob = 0.0106
Iteration 205: Benign prob = 0.0107
Iteration 206: Benign prob = 0.0110
Iteration 224: Benign prob = 0.0117
Iteration 229: Benign prob = 0.0119
Iteration 239: Benign prob = 0.0120
Iteration 243: Benign prob = 0.0134
Iteration 244: Benign prob = 0.0136
Iteration 250: Benign prob = 0.0138
Iteration 251: Benign prob = 0.0145
Iteration 253: Benign prob = 0.0168
Iteration 263: Benign prob = 0.0182
Iteration 264: Benign prob = 0.0183
Iteration 272: Benign prob = 0.0196
Iteration 276: Benign prob = 0.0210
Iteration 280: Benign prob = 0.0221
Iteration 291: Benign prob = 0.0227
Iteration 297: Benign prob = 0.0237
Iteration 313: Benign prob = 0.0245
Iteration 320: Benign prob = 0.0253
Iteration 337: Benign prob = 0.0254
Iteration 338: Benign prob = 0.0255
Iteration 342: Benign prob = 0.0260
Iteration 343: Benign prob = 0.0268
Iteration 348: Benign prob = 0.0280
Iteration 350: Benign prob = 0.0288
Iteration 352: Benign prob = 0.0298
Iteration 355: Benign prob = 0.0300
Iteration 359: Benign prob = 0.0317
Iteration 364: Benign prob = 0.0330
Iteration 372: Benign prob = 0.0331
Iteration 376: Benign prob = 0.0387
Iteration 379: Benign prob = 0.0399
Iteration 389: Benign prob = 0.0444
Iteration 398: Benign prob = 0.0445
Iteration 410: Benign prob = 0.0468
Iteration 412: Benign prob = 0.0483
Iteration 418: Benign prob = 0.0491
Iteration 430: Benign prob = 0.0492
Iteration 431: Benign prob = 0.0507
Iteration 454: Benign prob = 0.0512
Iteration 461: Benign prob = 0.0514
Iteration 465: Benign prob = 0.0573
Iteration 481: Benign prob = 0.0577
Iteration 491: Benign prob = 0.0579
Iteration 492: Benign prob = 0.0597
Iteration 493: Benign prob = 0.0656
Iteration 518: Benign prob = 0.0688
Iteration 522: Benign prob = 0.0759
Iteration 549: Benign prob = 0.0780
Iteration 558: Benign prob = 0.0787
Iteration 562: Benign prob = 0.0824
Iteration 572: Benign prob = 0.0835
Iteration 577: Benign prob = 0.0839
Iteration 609: Benign prob = 0.0887
Iteration 616: Benign prob = 0.0896
Iteration 619: Benign prob = 0.0898
Iteration 626: Benign prob = 0.0908
Iteration 629: Benign prob = 0.0966
Iteration 651: Benign prob = 0.0985
Iteration 658: Benign prob = 0.1058
Iteration 660: Benign prob = 0.1116
Iteration 696: Benign prob = 0.1216
Iteration 698: Benign prob = 0.1220
Iteration 729: Benign prob = 0.1221
Iteration 730: Benign prob = 0.1230
Iteration 734: Benign prob = 0.1241
Iteration 736: Benign prob = 0.1241
Iteration 744: Benign prob = 0.1266
Iteration 764: Benign prob = 0.1300
Iteration 770: Benign prob = 0.1321
Iteration 771: Benign prob = 0.1330
Iteration 772: Benign prob = 0.1356
Iteration 792: Benign prob = 0.1385
Iteration 804: Benign prob = 0.1399
Iteration 822: Benign prob = 0.1419
Iteration 834: Benign prob = 0.1454
Iteration 857: Benign prob = 0.1558
Iteration 880: Benign prob = 0.1581
Iteration 887: Benign prob = 0.1626
Iteration 893: Benign prob = 0.1679
Iteration 906: Benign prob = 0.1699
Iteration 934: Benign prob = 0.1720
Iteration 944: Benign prob = 0.1758
Iteration 951: Benign prob = 0.1830
Iteration 958: Benign prob = 0.1901
Iteration 1024: Benign prob = 0.1961
Iteration 1037: Benign prob = 0.1965
Iteration 1059: Benign prob = 0.2033
Iteration 1080: Benign prob = 0.2047
Iteration 1084: Benign prob = 0.2051
Iteration 1117: Benign prob = 0.2055
Iteration 1119: Benign prob = 0.2107
Iteration 1120: Benign prob = 0.2137
Iteration 1181: Benign prob = 0.2182
Iteration 1197: Benign prob = 0.2239
Iteration 1247: Benign prob = 0.2253
Iteration 1281: Benign prob = 0.2384
Iteration 1291: Benign prob = 0.2422
Iteration 1332: Benign prob = 0.2447
Iteration 1359: Benign prob = 0.2457
Iteration 1366: Benign prob = 0.2503
Iteration 1371: Benign prob = 0.2544
Iteration 1429: Benign prob = 0.2618
Iteration 1435: Benign prob = 0.2624
Iteration 1443: Benign prob = 0.2701
Iteration 1452: Benign prob = 0.2791
Iteration 1477: Benign prob = 0.2803
Iteration 1484: Benign prob = 0.2900
Iteration 1494: Benign prob = 0.2937
Iteration 1523: Benign prob = 0.3024
Iteration 1533: Benign prob = 0.3042
Iteration 1539: Benign prob = 0.3072
Iteration 1557: Benign prob = 0.3140
Iteration 1581: Benign prob = 0.3215
Iteration 1601: Benign prob = 0.3224
Iteration 1658: Benign prob = 0.3237
Iteration 1670: Benign prob = 0.3240
Iteration 1791: Benign prob = 0.3304
Iteration 1801: Benign prob = 0.3327
Iteration 1804: Benign prob = 0.3345
Iteration 1829: Benign prob = 0.3364
Iteration 1835: Benign prob = 0.3462
Iteration 1838: Benign prob = 0.3472
Iteration 1874: Benign prob = 0.3540
Iteration 1927: Benign prob = 0.3586
Iteration 1942: Benign prob = 0.3671
Iteration 1952: Benign prob = 0.3774
Iteration 1997: Benign prob = 0.3784
Iteration 1998: Benign prob = 0.3886
Iteration 2050: Benign prob = 0.3894
Iteration 2062: Benign prob = 0.4011
Iteration 2155: Benign prob = 0.4102
Iteration 2160: Benign prob = 0.4119
Iteration 2188: Benign prob = 0.4137
Iteration 2232: Benign prob = 0.4210
Iteration 2296: Benign prob = 0.4254
Iteration 2308: Benign prob = 0.4306
Iteration 2329: Benign prob = 0.4342
Iteration 2353: Benign prob = 0.4407
Iteration 2388: Benign prob = 0.4508
Iteration 2412: Benign prob = 0.4554
Iteration 2418: Benign prob = 0.4559
Iteration 2447: Benign prob = 0.4607
Iteration 2479: Benign prob = 0.4612
Iteration 2482: Benign prob = 0.4690
Iteration 2529: Benign prob = 0.4710
Iteration 2540: Benign prob = 0.4740
Iteration 2569: Benign prob = 0.4813
Iteration 2573: Benign prob = 0.4839
Iteration 2583: Benign prob = 0.4919
Iteration 2671: Benign prob = 0.4950
Iteration 2686: Benign prob = 0.4991
Iteration 2711: Benign prob = 0.5143
Iteration 2817: Benign prob = 0.5189
Iteration 2826: Benign prob = 0.5421
Iteration 2938: Benign prob = 0.5529

 Completed Adversarial Image for image 3 in 4.61 minutes.

--- Adversarial Prediction Results for image 3: (/home/users/atodorova/alisa-thesis/malnet-cnn/test/riskware/anroidosfictus/0B0880956E7FE187D44D4D7F5519ED86378CFC81FDE87562737C726732A5B02D.png) ---
Predicted class: 11 (benign)
Confidence     : 0.5529
True class     : 30 (riskware)


=== [4/10] Creating EA Adversarial Image for /home/users/atodorova/alisa-thesis/malnet-cnn/test/riskware/anroidosfictus/6C4B78C92F1BA59C877A1D024CB4B7D409A0DFF9E1A0533080820BF1B4472D3A.png ===

--- Original Prediction Results ---
Predicted class: 42 (trojan)

Confidence     : 0.4308

True class     : 30 (riskware)

Target ('benign') class: 11 (benign)

[INFO] Benign class became best class at iteration 968 with confidence 0.3040!

Targeted adversarial image created in 1798 iterations.
Benign first predicted at iteration 968 with confidence 0.3040.

Benign probability changes (iteration, prob):
Iteration 0: Benign prob = 0.0012
Iteration 4: Benign prob = 0.0013
Iteration 5: Benign prob = 0.0014
Iteration 6: Benign prob = 0.0015
Iteration 7: Benign prob = 0.0016
Iteration 9: Benign prob = 0.0017
Iteration 10: Benign prob = 0.0020
Iteration 14: Benign prob = 0.0020
Iteration 15: Benign prob = 0.0021
Iteration 17: Benign prob = 0.0021
Iteration 18: Benign prob = 0.0023
Iteration 27: Benign prob = 0.0023
Iteration 30: Benign prob = 0.0025
Iteration 31: Benign prob = 0.0026
Iteration 34: Benign prob = 0.0026
Iteration 36: Benign prob = 0.0027
Iteration 37: Benign prob = 0.0030
Iteration 38: Benign prob = 0.0031
Iteration 43: Benign prob = 0.0031
Iteration 45: Benign prob = 0.0035
Iteration 48: Benign prob = 0.0035
Iteration 50: Benign prob = 0.0038
Iteration 52: Benign prob = 0.0041
Iteration 56: Benign prob = 0.0048
Iteration 66: Benign prob = 0.0048
Iteration 67: Benign prob = 0.0050
Iteration 68: Benign prob = 0.0051
Iteration 69: Benign prob = 0.0056
Iteration 75: Benign prob = 0.0058
Iteration 82: Benign prob = 0.0068
Iteration 99: Benign prob = 0.0070
Iteration 100: Benign prob = 0.0073
Iteration 102: Benign prob = 0.0077
Iteration 109: Benign prob = 0.0077
Iteration 122: Benign prob = 0.0079
Iteration 128: Benign prob = 0.0087
Iteration 140: Benign prob = 0.0089
Iteration 161: Benign prob = 0.0090
Iteration 163: Benign prob = 0.0090
Iteration 166: Benign prob = 0.0093
Iteration 167: Benign prob = 0.0095
Iteration 168: Benign prob = 0.0100
Iteration 185: Benign prob = 0.0106
Iteration 187: Benign prob = 0.0107
Iteration 199: Benign prob = 0.0108
Iteration 207: Benign prob = 0.0117
Iteration 227: Benign prob = 0.0124
Iteration 229: Benign prob = 0.0125
Iteration 251: Benign prob = 0.0129
Iteration 261: Benign prob = 0.0135
Iteration 262: Benign prob = 0.0137
Iteration 270: Benign prob = 0.0138
Iteration 271: Benign prob = 0.0143
Iteration 275: Benign prob = 0.0147
Iteration 279: Benign prob = 0.0155
Iteration 284: Benign prob = 0.0160
Iteration 295: Benign prob = 0.0160
Iteration 298: Benign prob = 0.0173
Iteration 308: Benign prob = 0.0175
Iteration 313: Benign prob = 0.0185
Iteration 327: Benign prob = 0.0194
Iteration 331: Benign prob = 0.0198
Iteration 335: Benign prob = 0.0199
Iteration 338: Benign prob = 0.0211
Iteration 339: Benign prob = 0.0214
Iteration 340: Benign prob = 0.0217
Iteration 350: Benign prob = 0.0248
Iteration 361: Benign prob = 0.0262
Iteration 383: Benign prob = 0.0270
Iteration 386: Benign prob = 0.0272
Iteration 394: Benign prob = 0.0282
Iteration 404: Benign prob = 0.0291
Iteration 409: Benign prob = 0.0303
Iteration 421: Benign prob = 0.0319
Iteration 426: Benign prob = 0.0322
Iteration 431: Benign prob = 0.0323
Iteration 435: Benign prob = 0.0343
Iteration 438: Benign prob = 0.0377
Iteration 450: Benign prob = 0.0398
Iteration 462: Benign prob = 0.0426
Iteration 472: Benign prob = 0.0459
Iteration 482: Benign prob = 0.0469
Iteration 494: Benign prob = 0.0491
Iteration 495: Benign prob = 0.0527
Iteration 515: Benign prob = 0.0577
Iteration 529: Benign prob = 0.0583
Iteration 536: Benign prob = 0.0605
Iteration 538: Benign prob = 0.0610
Iteration 540: Benign prob = 0.0629
Iteration 541: Benign prob = 0.0687
Iteration 560: Benign prob = 0.0771
Iteration 573: Benign prob = 0.0816
Iteration 582: Benign prob = 0.0837
Iteration 589: Benign prob = 0.0845
Iteration 591: Benign prob = 0.0873
Iteration 597: Benign prob = 0.0904
Iteration 598: Benign prob = 0.0915
Iteration 608: Benign prob = 0.0990
Iteration 622: Benign prob = 0.1016
Iteration 641: Benign prob = 0.1110
Iteration 662: Benign prob = 0.1180
Iteration 680: Benign prob = 0.1210
Iteration 700: Benign prob = 0.1270
Iteration 706: Benign prob = 0.1337
Iteration 708: Benign prob = 0.1394
Iteration 715: Benign prob = 0.1439
Iteration 721: Benign prob = 0.1512
Iteration 735: Benign prob = 0.1532
Iteration 737: Benign prob = 0.1539
Iteration 741: Benign prob = 0.1805
Iteration 748: Benign prob = 0.1835
Iteration 756: Benign prob = 0.1854
Iteration 757: Benign prob = 0.1868
Iteration 758: Benign prob = 0.1903
Iteration 762: Benign prob = 0.1950
Iteration 771: Benign prob = 0.2070
Iteration 778: Benign prob = 0.2091
Iteration 785: Benign prob = 0.2099
Iteration 788: Benign prob = 0.2107
Iteration 794: Benign prob = 0.2449
Iteration 824: Benign prob = 0.2452
Iteration 847: Benign prob = 0.2462
Iteration 858: Benign prob = 0.2468
Iteration 862: Benign prob = 0.2518
Iteration 868: Benign prob = 0.2544
Iteration 872: Benign prob = 0.2613
Iteration 895: Benign prob = 0.2616
Iteration 899: Benign prob = 0.2633
Iteration 926: Benign prob = 0.2669
Iteration 931: Benign prob = 0.2892
Iteration 955: Benign prob = 0.2976
Iteration 968: Benign prob = 0.3040
Iteration 975: Benign prob = 0.3082
Iteration 981: Benign prob = 0.3145
Iteration 988: Benign prob = 0.3167
Iteration 1002: Benign prob = 0.3265
Iteration 1029: Benign prob = 0.3270
Iteration 1050: Benign prob = 0.3297
Iteration 1054: Benign prob = 0.3429
Iteration 1087: Benign prob = 0.3623
Iteration 1155: Benign prob = 0.3639
Iteration 1159: Benign prob = 0.3650
Iteration 1161: Benign prob = 0.3666
Iteration 1162: Benign prob = 0.3692
Iteration 1164: Benign prob = 0.3816
Iteration 1193: Benign prob = 0.3898
Iteration 1213: Benign prob = 0.3965
Iteration 1217: Benign prob = 0.4015
Iteration 1230: Benign prob = 0.4025
Iteration 1242: Benign prob = 0.4121
Iteration 1270: Benign prob = 0.4225
Iteration 1296: Benign prob = 0.4287
Iteration 1297: Benign prob = 0.4399
Iteration 1328: Benign prob = 0.4555
Iteration 1341: Benign prob = 0.4690
Iteration 1370: Benign prob = 0.4697
Iteration 1395: Benign prob = 0.4845
Iteration 1480: Benign prob = 0.4866
Iteration 1524: Benign prob = 0.4937
Iteration 1544: Benign prob = 0.4952
Iteration 1546: Benign prob = 0.5035
Iteration 1548: Benign prob = 0.5053
Iteration 1569: Benign prob = 0.5076
Iteration 1640: Benign prob = 0.5197
Iteration 1665: Benign prob = 0.5211
Iteration 1681: Benign prob = 0.5226
Iteration 1700: Benign prob = 0.5324
Iteration 1726: Benign prob = 0.5332
Iteration 1740: Benign prob = 0.5445
Iteration 1798: Benign prob = 0.5557

 Completed Adversarial Image for image 4 in 2.85 minutes.

--- Adversarial Prediction Results for image 4: (/home/users/atodorova/alisa-thesis/malnet-cnn/test/riskware/anroidosfictus/6C4B78C92F1BA59C877A1D024CB4B7D409A0DFF9E1A0533080820BF1B4472D3A.png) ---
Predicted class: 11 (benign)
Confidence     : 0.5557
True class     : 30 (riskware)


=== [5/10] Creating EA Adversarial Image for /home/users/atodorova/alisa-thesis/malnet-cnn/test/riskware/avagent/5DCCE85A2A5BEC8A9BCAC33BF7D417A173444BB20C48D1A9E83F12B6879748D7.png ===

--- Original Prediction Results ---
Predicted class: 42 (trojan)

Confidence     : 0.5031

True class     : 30 (riskware)

Target ('benign') class: 11 (benign)

[INFO] Benign class became best class at iteration 1253 with confidence 0.3462!

Targeted adversarial image created in 2232 iterations.
Benign first predicted at iteration 1253 with confidence 0.3462.

Benign probability changes (iteration, prob):
Iteration 0: Benign prob = 0.0046
Iteration 55: Benign prob = 0.0048
Iteration 56: Benign prob = 0.0053
Iteration 58: Benign prob = 0.0054
Iteration 59: Benign prob = 0.0058
Iteration 60: Benign prob = 0.0058
Iteration 61: Benign prob = 0.0070
Iteration 62: Benign prob = 0.0074
Iteration 63: Benign prob = 0.0078
Iteration 66: Benign prob = 0.0084
Iteration 67: Benign prob = 0.0108
Iteration 72: Benign prob = 0.0115
Iteration 73: Benign prob = 0.0127
Iteration 75: Benign prob = 0.0132
Iteration 76: Benign prob = 0.0141
Iteration 77: Benign prob = 0.0142
Iteration 78: Benign prob = 0.0155
Iteration 85: Benign prob = 0.0174
Iteration 86: Benign prob = 0.0182
Iteration 89: Benign prob = 0.0189
Iteration 98: Benign prob = 0.0193
Iteration 100: Benign prob = 0.0207
Iteration 101: Benign prob = 0.0235
Iteration 104: Benign prob = 0.0242
Iteration 109: Benign prob = 0.0246
Iteration 110: Benign prob = 0.0256
Iteration 113: Benign prob = 0.0269
Iteration 114: Benign prob = 0.0292
Iteration 126: Benign prob = 0.0307
Iteration 127: Benign prob = 0.0331
Iteration 133: Benign prob = 0.0358
Iteration 140: Benign prob = 0.0379
Iteration 155: Benign prob = 0.0419
Iteration 161: Benign prob = 0.0447
Iteration 163: Benign prob = 0.0454
Iteration 170: Benign prob = 0.0508
Iteration 177: Benign prob = 0.0528
Iteration 184: Benign prob = 0.0529
Iteration 186: Benign prob = 0.0568
Iteration 193: Benign prob = 0.0569
Iteration 199: Benign prob = 0.0569
Iteration 200: Benign prob = 0.0580
Iteration 201: Benign prob = 0.0664
Iteration 203: Benign prob = 0.0674
Iteration 223: Benign prob = 0.0684
Iteration 229: Benign prob = 0.0687
Iteration 237: Benign prob = 0.0694
Iteration 241: Benign prob = 0.0764
Iteration 244: Benign prob = 0.0768
Iteration 253: Benign prob = 0.0872
Iteration 266: Benign prob = 0.0918
Iteration 276: Benign prob = 0.0919
Iteration 296: Benign prob = 0.0971
Iteration 312: Benign prob = 0.1009
Iteration 327: Benign prob = 0.1033
Iteration 343: Benign prob = 0.1078
Iteration 344: Benign prob = 0.1182
Iteration 377: Benign prob = 0.1205
Iteration 384: Benign prob = 0.1230
Iteration 394: Benign prob = 0.1314
Iteration 404: Benign prob = 0.1357
Iteration 405: Benign prob = 0.1400
Iteration 441: Benign prob = 0.1403
Iteration 478: Benign prob = 0.1427
Iteration 519: Benign prob = 0.1439
Iteration 536: Benign prob = 0.1466
Iteration 540: Benign prob = 0.1603
Iteration 562: Benign prob = 0.1661
Iteration 568: Benign prob = 0.1683
Iteration 569: Benign prob = 0.1715
Iteration 580: Benign prob = 0.1729
Iteration 625: Benign prob = 0.1803
Iteration 664: Benign prob = 0.1803
Iteration 673: Benign prob = 0.1852
Iteration 687: Benign prob = 0.1883
Iteration 699: Benign prob = 0.1974
Iteration 704: Benign prob = 0.2100
Iteration 725: Benign prob = 0.2134
Iteration 727: Benign prob = 0.2159
Iteration 728: Benign prob = 0.2181
Iteration 747: Benign prob = 0.2187
Iteration 775: Benign prob = 0.2195
Iteration 786: Benign prob = 0.2198
Iteration 814: Benign prob = 0.2215
Iteration 817: Benign prob = 0.2243
Iteration 819: Benign prob = 0.2295
Iteration 850: Benign prob = 0.2314
Iteration 865: Benign prob = 0.2335
Iteration 916: Benign prob = 0.2352
Iteration 917: Benign prob = 0.2381
Iteration 924: Benign prob = 0.2460
Iteration 950: Benign prob = 0.2468
Iteration 956: Benign prob = 0.2504
Iteration 970: Benign prob = 0.2519
Iteration 987: Benign prob = 0.2616
Iteration 1012: Benign prob = 0.2673
Iteration 1052: Benign prob = 0.2774
Iteration 1067: Benign prob = 0.2845
Iteration 1116: Benign prob = 0.2902
Iteration 1177: Benign prob = 0.2952
Iteration 1179: Benign prob = 0.2976
Iteration 1210: Benign prob = 0.3027
Iteration 1218: Benign prob = 0.3039
Iteration 1227: Benign prob = 0.3045
Iteration 1235: Benign prob = 0.3046
Iteration 1246: Benign prob = 0.3171
Iteration 1253: Benign prob = 0.3462
Iteration 1258: Benign prob = 0.3516
Iteration 1275: Benign prob = 0.3671
Iteration 1302: Benign prob = 0.3676
Iteration 1311: Benign prob = 0.3682
Iteration 1315: Benign prob = 0.3711
Iteration 1328: Benign prob = 0.3770
Iteration 1340: Benign prob = 0.3810
Iteration 1352: Benign prob = 0.3844
Iteration 1397: Benign prob = 0.3862
Iteration 1442: Benign prob = 0.3948
Iteration 1444: Benign prob = 0.3975
Iteration 1460: Benign prob = 0.4124
Iteration 1488: Benign prob = 0.4169
Iteration 1495: Benign prob = 0.4186
Iteration 1501: Benign prob = 0.4192
Iteration 1529: Benign prob = 0.4204
Iteration 1535: Benign prob = 0.4254
Iteration 1563: Benign prob = 0.4255
Iteration 1570: Benign prob = 0.4311
Iteration 1582: Benign prob = 0.4318
Iteration 1601: Benign prob = 0.4330
Iteration 1627: Benign prob = 0.4461
Iteration 1674: Benign prob = 0.4478
Iteration 1702: Benign prob = 0.4508
Iteration 1703: Benign prob = 0.4510
Iteration 1727: Benign prob = 0.4519
Iteration 1742: Benign prob = 0.4541
Iteration 1750: Benign prob = 0.4573
Iteration 1777: Benign prob = 0.4578
Iteration 1778: Benign prob = 0.4584
Iteration 1817: Benign prob = 0.4675
Iteration 1822: Benign prob = 0.4714
Iteration 1830: Benign prob = 0.4788
Iteration 1870: Benign prob = 0.4802
Iteration 1872: Benign prob = 0.4874
Iteration 1969: Benign prob = 0.4893
Iteration 1972: Benign prob = 0.4901
Iteration 2055: Benign prob = 0.4944
Iteration 2066: Benign prob = 0.4970
Iteration 2076: Benign prob = 0.5088
Iteration 2086: Benign prob = 0.5159
Iteration 2115: Benign prob = 0.5304
Iteration 2146: Benign prob = 0.5367
Iteration 2159: Benign prob = 0.5410
Iteration 2179: Benign prob = 0.5495
Iteration 2232: Benign prob = 0.5601

 Completed Adversarial Image for image 5 in 3.51 minutes.

--- Adversarial Prediction Results for image 5: (/home/users/atodorova/alisa-thesis/malnet-cnn/test/riskware/avagent/5DCCE85A2A5BEC8A9BCAC33BF7D417A173444BB20C48D1A9E83F12B6879748D7.png) ---
Predicted class: 11 (benign)
Confidence     : 0.5601
True class     : 30 (riskware)


=== [6/10] Creating EA Adversarial Image for /home/users/atodorova/alisa-thesis/malnet-cnn/test/riskware/avagent/BA0F333E79BEAC2E80C61CDD1060D0FCD6D6233F35EB1FAE3FD8F55BB398B95A.png ===

--- Original Prediction Results ---
Predicted class: 4 (adware)

Confidence     : 0.9986

True class     : 30 (riskware)

Target ('benign') class: 11 (benign)

[INFO] Benign class became best class at iteration 4170 with confidence 0.3281!

Targeted adversarial image created in 5283 iterations.
Benign first predicted at iteration 4170 with confidence 0.3281.

Benign probability changes (iteration, prob):
Iteration 0: Benign prob = 0.0006
Iteration 5: Benign prob = 0.0006
Iteration 6: Benign prob = 0.0007
Iteration 7: Benign prob = 0.0013
Iteration 8: Benign prob = 0.0015
Iteration 11: Benign prob = 0.0016
Iteration 13: Benign prob = 0.0018
Iteration 15: Benign prob = 0.0019
Iteration 20: Benign prob = 0.0019
Iteration 21: Benign prob = 0.0020
Iteration 25: Benign prob = 0.0021
Iteration 29: Benign prob = 0.0022
Iteration 33: Benign prob = 0.0025
Iteration 36: Benign prob = 0.0025
Iteration 38: Benign prob = 0.0026
Iteration 39: Benign prob = 0.0026
Iteration 40: Benign prob = 0.0028
Iteration 41: Benign prob = 0.0029
Iteration 42: Benign prob = 0.0031
Iteration 45: Benign prob = 0.0036
Iteration 62: Benign prob = 0.0037
Iteration 67: Benign prob = 0.0038
Iteration 68: Benign prob = 0.0042
Iteration 70: Benign prob = 0.0045
Iteration 72: Benign prob = 0.0046
Iteration 79: Benign prob = 0.0049
Iteration 84: Benign prob = 0.0055
Iteration 90: Benign prob = 0.0056
Iteration 92: Benign prob = 0.0060
Iteration 99: Benign prob = 0.0064
Iteration 102: Benign prob = 0.0064
Iteration 105: Benign prob = 0.0064
Iteration 106: Benign prob = 0.0066
Iteration 107: Benign prob = 0.0069
Iteration 108: Benign prob = 0.0070
Iteration 109: Benign prob = 0.0072
Iteration 110: Benign prob = 0.0074
Iteration 115: Benign prob = 0.0080
Iteration 118: Benign prob = 0.0084
Iteration 123: Benign prob = 0.0088
Iteration 124: Benign prob = 0.0092
Iteration 129: Benign prob = 0.0108
Iteration 137: Benign prob = 0.0118
Iteration 148: Benign prob = 0.0121
Iteration 153: Benign prob = 0.0123
Iteration 157: Benign prob = 0.0123
Iteration 166: Benign prob = 0.0125
Iteration 167: Benign prob = 0.0126
Iteration 168: Benign prob = 0.0128
Iteration 169: Benign prob = 0.0130
Iteration 171: Benign prob = 0.0134
Iteration 184: Benign prob = 0.0141
Iteration 185: Benign prob = 0.0142
Iteration 198: Benign prob = 0.0142
Iteration 199: Benign prob = 0.0146
Iteration 201: Benign prob = 0.0148
Iteration 206: Benign prob = 0.0148
Iteration 211: Benign prob = 0.0157
Iteration 218: Benign prob = 0.0163
Iteration 220: Benign prob = 0.0169
Iteration 233: Benign prob = 0.0170
Iteration 236: Benign prob = 0.0170
Iteration 237: Benign prob = 0.0176
Iteration 238: Benign prob = 0.0180
Iteration 243: Benign prob = 0.0197
Iteration 246: Benign prob = 0.0202
Iteration 267: Benign prob = 0.0206
Iteration 283: Benign prob = 0.0216
Iteration 309: Benign prob = 0.0221
Iteration 311: Benign prob = 0.0227
Iteration 313: Benign prob = 0.0253
Iteration 337: Benign prob = 0.0270
Iteration 352: Benign prob = 0.0272
Iteration 361: Benign prob = 0.0275
Iteration 368: Benign prob = 0.0293
Iteration 386: Benign prob = 0.0317
Iteration 407: Benign prob = 0.0318
Iteration 431: Benign prob = 0.0325
Iteration 437: Benign prob = 0.0327
Iteration 458: Benign prob = 0.0330
Iteration 462: Benign prob = 0.0346
Iteration 467: Benign prob = 0.0347
Iteration 482: Benign prob = 0.0348
Iteration 485: Benign prob = 0.0358
Iteration 506: Benign prob = 0.0365
Iteration 507: Benign prob = 0.0365
Iteration 508: Benign prob = 0.0372
Iteration 509: Benign prob = 0.0376
Iteration 541: Benign prob = 0.0385
Iteration 574: Benign prob = 0.0403
Iteration 600: Benign prob = 0.0403
Iteration 601: Benign prob = 0.0408
Iteration 608: Benign prob = 0.0415
Iteration 614: Benign prob = 0.0417
Iteration 619: Benign prob = 0.0433
Iteration 646: Benign prob = 0.0448
Iteration 649: Benign prob = 0.0459
Iteration 668: Benign prob = 0.0470
Iteration 679: Benign prob = 0.0471
Iteration 680: Benign prob = 0.0485
Iteration 701: Benign prob = 0.0501
Iteration 708: Benign prob = 0.0510
Iteration 731: Benign prob = 0.0513
Iteration 755: Benign prob = 0.0529
Iteration 763: Benign prob = 0.0571
Iteration 769: Benign prob = 0.0574
Iteration 787: Benign prob = 0.0589
Iteration 807: Benign prob = 0.0591
Iteration 819: Benign prob = 0.0604
Iteration 825: Benign prob = 0.0613
Iteration 834: Benign prob = 0.0622
Iteration 862: Benign prob = 0.0636
Iteration 881: Benign prob = 0.0638
Iteration 882: Benign prob = 0.0646
Iteration 885: Benign prob = 0.0654
Iteration 894: Benign prob = 0.0657
Iteration 906: Benign prob = 0.0707
Iteration 909: Benign prob = 0.0727
Iteration 924: Benign prob = 0.0729
Iteration 940: Benign prob = 0.0734
Iteration 941: Benign prob = 0.0744
Iteration 943: Benign prob = 0.0768
Iteration 964: Benign prob = 0.0785
Iteration 981: Benign prob = 0.0828
Iteration 993: Benign prob = 0.0844
Iteration 994: Benign prob = 0.0847
Iteration 1025: Benign prob = 0.0945
Iteration 1053: Benign prob = 0.0947
Iteration 1088: Benign prob = 0.0949
Iteration 1094: Benign prob = 0.0983
Iteration 1097: Benign prob = 0.1014
Iteration 1109: Benign prob = 0.1014
Iteration 1183: Benign prob = 0.1033
Iteration 1187: Benign prob = 0.1039
Iteration 1197: Benign prob = 0.1040
Iteration 1210: Benign prob = 0.1076
Iteration 1214: Benign prob = 0.1107
Iteration 1250: Benign prob = 0.1121
Iteration 1260: Benign prob = 0.1214
Iteration 1314: Benign prob = 0.1234
Iteration 1379: Benign prob = 0.1234
Iteration 1400: Benign prob = 0.1320
Iteration 1469: Benign prob = 0.1329
Iteration 1520: Benign prob = 0.1339
Iteration 1587: Benign prob = 0.1349
Iteration 1598: Benign prob = 0.1395
Iteration 1630: Benign prob = 0.1398
Iteration 1639: Benign prob = 0.1407
Iteration 1664: Benign prob = 0.1408
Iteration 1671: Benign prob = 0.1518
Iteration 1761: Benign prob = 0.1531
Iteration 1780: Benign prob = 0.1561
Iteration 1824: Benign prob = 0.1576
Iteration 1842: Benign prob = 0.1636
Iteration 1856: Benign prob = 0.1643
Iteration 1929: Benign prob = 0.1652
Iteration 1975: Benign prob = 0.1653
Iteration 2000: Benign prob = 0.1665
Iteration 2062: Benign prob = 0.1675
Iteration 2226: Benign prob = 0.1708
Iteration 2308: Benign prob = 0.1741
Iteration 2324: Benign prob = 0.1779
Iteration 2338: Benign prob = 0.1803
Iteration 2500: Benign prob = 0.1810
Iteration 2526: Benign prob = 0.1841
Iteration 2528: Benign prob = 0.1859
Iteration 2558: Benign prob = 0.1892
Iteration 2673: Benign prob = 0.1913
Iteration 2744: Benign prob = 0.1917
Iteration 2818: Benign prob = 0.1940
Iteration 2920: Benign prob = 0.1943
Iteration 2939: Benign prob = 0.1949
Iteration 2997: Benign prob = 0.2005
Iteration 3127: Benign prob = 0.2011
Iteration 3148: Benign prob = 0.2025
Iteration 3166: Benign prob = 0.2042
Iteration 3192: Benign prob = 0.2125
Iteration 3260: Benign prob = 0.2137
Iteration 3300: Benign prob = 0.2168
Iteration 3354: Benign prob = 0.2195
Iteration 3376: Benign prob = 0.2205
Iteration 3377: Benign prob = 0.2211
Iteration 3388: Benign prob = 0.2223
Iteration 3410: Benign prob = 0.2237
Iteration 3462: Benign prob = 0.2264
Iteration 3524: Benign prob = 0.2300
Iteration 3527: Benign prob = 0.2333
Iteration 3564: Benign prob = 0.2361
Iteration 3576: Benign prob = 0.2370
Iteration 3668: Benign prob = 0.2370
Iteration 3684: Benign prob = 0.2375
Iteration 3709: Benign prob = 0.2394
Iteration 3731: Benign prob = 0.2428
Iteration 3758: Benign prob = 0.2431
Iteration 3782: Benign prob = 0.2441
Iteration 3846: Benign prob = 0.2455
Iteration 3879: Benign prob = 0.2509
Iteration 3904: Benign prob = 0.2558
Iteration 3953: Benign prob = 0.2627
Iteration 3975: Benign prob = 0.2648
Iteration 3990: Benign prob = 0.2891
Iteration 4071: Benign prob = 0.2896
Iteration 4097: Benign prob = 0.3014
Iteration 4113: Benign prob = 0.3041
Iteration 4118: Benign prob = 0.3075
Iteration 4129: Benign prob = 0.3126
Iteration 4144: Benign prob = 0.3146
Iteration 4149: Benign prob = 0.3165
Iteration 4170: Benign prob = 0.3281
Iteration 4213: Benign prob = 0.3303
Iteration 4254: Benign prob = 0.3372
Iteration 4255: Benign prob = 0.3376
Iteration 4264: Benign prob = 0.3415
Iteration 4292: Benign prob = 0.3501
Iteration 4348: Benign prob = 0.3551
Iteration 4381: Benign prob = 0.3609
Iteration 4418: Benign prob = 0.3619
Iteration 4424: Benign prob = 0.3699
Iteration 4481: Benign prob = 0.3720
Iteration 4487: Benign prob = 0.3801
Iteration 4510: Benign prob = 0.3876
Iteration 4533: Benign prob = 0.3967
Iteration 4586: Benign prob = 0.4014
Iteration 4593: Benign prob = 0.4025
Iteration 4602: Benign prob = 0.4118
Iteration 4623: Benign prob = 0.4185
Iteration 4647: Benign prob = 0.4226
Iteration 4657: Benign prob = 0.4245
Iteration 4686: Benign prob = 0.4298
Iteration 4690: Benign prob = 0.4321
Iteration 4697: Benign prob = 0.4414
Iteration 4730: Benign prob = 0.4444
Iteration 4733: Benign prob = 0.4449
Iteration 4752: Benign prob = 0.4480
Iteration 4783: Benign prob = 0.4554
Iteration 4820: Benign prob = 0.4562
Iteration 4851: Benign prob = 0.4733
Iteration 4884: Benign prob = 0.4763
Iteration 4912: Benign prob = 0.4820
Iteration 4934: Benign prob = 0.4849
Iteration 4935: Benign prob = 0.4850
Iteration 4985: Benign prob = 0.4909
Iteration 5034: Benign prob = 0.4967
Iteration 5039: Benign prob = 0.5030
Iteration 5071: Benign prob = 0.5059
Iteration 5075: Benign prob = 0.5119
Iteration 5104: Benign prob = 0.5385
Iteration 5108: Benign prob = 0.5396
Iteration 5148: Benign prob = 0.5414
Iteration 5208: Benign prob = 0.5449
Iteration 5235: Benign prob = 0.5457
Iteration 5244: Benign prob = 0.5498
Iteration 5283: Benign prob = 0.5509

 Completed Adversarial Image for image 6 in 8.26 minutes.

--- Adversarial Prediction Results for image 6: (/home/users/atodorova/alisa-thesis/malnet-cnn/test/riskware/avagent/BA0F333E79BEAC2E80C61CDD1060D0FCD6D6233F35EB1FAE3FD8F55BB398B95A.png) ---
Predicted class: 11 (benign)
Confidence     : 0.5509
True class     : 30 (riskware)


=== [7/10] Creating EA Adversarial Image for /home/users/atodorova/alisa-thesis/malnet-cnn/test/riskware/bauts/1BAE34D86CEA58D9D40230B6BCBECD56066CB4F208340A4A4122026FA686E95A.png ===

--- Original Prediction Results ---
Predicted class: 42 (trojan)

Confidence     : 0.4053

True class     : 30 (riskware)

Target ('benign') class: 11 (benign)

[INFO] Benign class became best class at iteration 7365 with confidence 0.2901!

Failed to generate adversarial image in 10000 iterations.
Benign first predicted at iteration 7365 with confidence 0.2901.

Benign probability changes (iteration, prob):
Iteration 0: Benign prob = 0.0005
Iteration 1: Benign prob = 0.0006
Iteration 2: Benign prob = 0.0008
Iteration 3: Benign prob = 0.0011
Iteration 4: Benign prob = 0.0017
Iteration 5: Benign prob = 0.0019
Iteration 7: Benign prob = 0.0019
Iteration 11: Benign prob = 0.0020
Iteration 13: Benign prob = 0.0023
Iteration 14: Benign prob = 0.0027
Iteration 24: Benign prob = 0.0028
Iteration 25: Benign prob = 0.0030
Iteration 27: Benign prob = 0.0030
Iteration 28: Benign prob = 0.0030
Iteration 29: Benign prob = 0.0032
Iteration 30: Benign prob = 0.0034
Iteration 32: Benign prob = 0.0034
Iteration 34: Benign prob = 0.0036
Iteration 35: Benign prob = 0.0037
Iteration 36: Benign prob = 0.0037
Iteration 37: Benign prob = 0.0039
Iteration 38: Benign prob = 0.0039
Iteration 39: Benign prob = 0.0044
Iteration 45: Benign prob = 0.0044
Iteration 46: Benign prob = 0.0044
Iteration 47: Benign prob = 0.0046
Iteration 49: Benign prob = 0.0048
Iteration 50: Benign prob = 0.0051
Iteration 61: Benign prob = 0.0053
Iteration 64: Benign prob = 0.0056
Iteration 67: Benign prob = 0.0057
Iteration 68: Benign prob = 0.0059
Iteration 69: Benign prob = 0.0060
Iteration 74: Benign prob = 0.0060
Iteration 75: Benign prob = 0.0063
Iteration 78: Benign prob = 0.0064
Iteration 82: Benign prob = 0.0073
Iteration 100: Benign prob = 0.0074
Iteration 109: Benign prob = 0.0074
Iteration 111: Benign prob = 0.0075
Iteration 112: Benign prob = 0.0076
Iteration 114: Benign prob = 0.0085
Iteration 120: Benign prob = 0.0099
Iteration 134: Benign prob = 0.0101
Iteration 136: Benign prob = 0.0103
Iteration 144: Benign prob = 0.0104
Iteration 145: Benign prob = 0.0106
Iteration 147: Benign prob = 0.0107
Iteration 150: Benign prob = 0.0108
Iteration 153: Benign prob = 0.0108
Iteration 154: Benign prob = 0.0119
Iteration 163: Benign prob = 0.0125
Iteration 173: Benign prob = 0.0135
Iteration 177: Benign prob = 0.0136
Iteration 185: Benign prob = 0.0137
Iteration 191: Benign prob = 0.0140
Iteration 194: Benign prob = 0.0144
Iteration 198: Benign prob = 0.0154
Iteration 229: Benign prob = 0.0154
Iteration 272: Benign prob = 0.0167
Iteration 278: Benign prob = 0.0170
Iteration 288: Benign prob = 0.0172
Iteration 306: Benign prob = 0.0178
Iteration 316: Benign prob = 0.0183
Iteration 327: Benign prob = 0.0185
Iteration 349: Benign prob = 0.0201
Iteration 369: Benign prob = 0.0204
Iteration 373: Benign prob = 0.0209
Iteration 386: Benign prob = 0.0211
Iteration 392: Benign prob = 0.0222
Iteration 421: Benign prob = 0.0236
Iteration 510: Benign prob = 0.0252
Iteration 538: Benign prob = 0.0256
Iteration 590: Benign prob = 0.0263
Iteration 600: Benign prob = 0.0265
Iteration 628: Benign prob = 0.0274
Iteration 642: Benign prob = 0.0276
Iteration 656: Benign prob = 0.0279
Iteration 664: Benign prob = 0.0285
Iteration 727: Benign prob = 0.0286
Iteration 772: Benign prob = 0.0294
Iteration 779: Benign prob = 0.0303
Iteration 783: Benign prob = 0.0313
Iteration 784: Benign prob = 0.0319
Iteration 787: Benign prob = 0.0340
Iteration 840: Benign prob = 0.0340
Iteration 843: Benign prob = 0.0344
Iteration 854: Benign prob = 0.0369
Iteration 862: Benign prob = 0.0375
Iteration 886: Benign prob = 0.0385
Iteration 889: Benign prob = 0.0386
Iteration 891: Benign prob = 0.0391
Iteration 925: Benign prob = 0.0392
Iteration 929: Benign prob = 0.0403
Iteration 940: Benign prob = 0.0410
Iteration 949: Benign prob = 0.0413
Iteration 988: Benign prob = 0.0417
Iteration 1001: Benign prob = 0.0423
Iteration 1029: Benign prob = 0.0424
Iteration 1036: Benign prob = 0.0430
Iteration 1038: Benign prob = 0.0432
Iteration 1042: Benign prob = 0.0432
Iteration 1049: Benign prob = 0.0447
Iteration 1050: Benign prob = 0.0458
Iteration 1151: Benign prob = 0.0473
Iteration 1153: Benign prob = 0.0475
Iteration 1182: Benign prob = 0.0521
Iteration 1342: Benign prob = 0.0529
Iteration 1346: Benign prob = 0.0535
Iteration 1359: Benign prob = 0.0535
Iteration 1363: Benign prob = 0.0541
Iteration 1367: Benign prob = 0.0549
Iteration 1394: Benign prob = 0.0557
Iteration 1396: Benign prob = 0.0569
Iteration 1427: Benign prob = 0.0576
Iteration 1484: Benign prob = 0.0584
Iteration 1490: Benign prob = 0.0585
Iteration 1492: Benign prob = 0.0589
Iteration 1497: Benign prob = 0.0604
Iteration 1519: Benign prob = 0.0636
Iteration 1569: Benign prob = 0.0639
Iteration 1575: Benign prob = 0.0664
Iteration 1636: Benign prob = 0.0690
Iteration 1650: Benign prob = 0.0691
Iteration 1652: Benign prob = 0.0703
Iteration 1666: Benign prob = 0.0708
Iteration 1690: Benign prob = 0.0708
Iteration 1736: Benign prob = 0.0713
Iteration 1768: Benign prob = 0.0716
Iteration 1776: Benign prob = 0.0717
Iteration 1785: Benign prob = 0.0741
Iteration 1792: Benign prob = 0.0774
Iteration 1804: Benign prob = 0.0786
Iteration 1852: Benign prob = 0.0791
Iteration 1863: Benign prob = 0.0810
Iteration 1896: Benign prob = 0.0826
Iteration 1904: Benign prob = 0.0845
Iteration 1912: Benign prob = 0.0848
Iteration 1941: Benign prob = 0.0860
Iteration 1960: Benign prob = 0.0866
Iteration 1976: Benign prob = 0.0872
Iteration 1977: Benign prob = 0.0885
Iteration 2005: Benign prob = 0.0891
Iteration 2027: Benign prob = 0.0896
Iteration 2078: Benign prob = 0.0926
Iteration 2103: Benign prob = 0.0929
Iteration 2125: Benign prob = 0.0937
Iteration 2170: Benign prob = 0.0940
Iteration 2190: Benign prob = 0.0949
Iteration 2202: Benign prob = 0.0960
Iteration 2286: Benign prob = 0.0978
Iteration 2320: Benign prob = 0.1004
Iteration 2371: Benign prob = 0.1020
Iteration 2421: Benign prob = 0.1038
Iteration 2544: Benign prob = 0.1044
Iteration 2560: Benign prob = 0.1044
Iteration 2620: Benign prob = 0.1070
Iteration 2657: Benign prob = 0.1085
Iteration 2665: Benign prob = 0.1088
Iteration 2740: Benign prob = 0.1092
Iteration 2773: Benign prob = 0.1100
Iteration 2789: Benign prob = 0.1115
Iteration 2819: Benign prob = 0.1124
Iteration 3014: Benign prob = 0.1151
Iteration 3049: Benign prob = 0.1180
Iteration 3081: Benign prob = 0.1185
Iteration 3100: Benign prob = 0.1192
Iteration 3109: Benign prob = 0.1202
Iteration 3154: Benign prob = 0.1216
Iteration 3185: Benign prob = 0.1228
Iteration 3245: Benign prob = 0.1229
Iteration 3247: Benign prob = 0.1230
Iteration 3259: Benign prob = 0.1272
Iteration 3302: Benign prob = 0.1278
Iteration 3366: Benign prob = 0.1280
Iteration 3375: Benign prob = 0.1292
Iteration 3382: Benign prob = 0.1293
Iteration 3406: Benign prob = 0.1346
Iteration 3453: Benign prob = 0.1365
Iteration 3523: Benign prob = 0.1388
Iteration 3587: Benign prob = 0.1394
Iteration 3634: Benign prob = 0.1412
Iteration 3688: Benign prob = 0.1437
Iteration 3704: Benign prob = 0.1490
Iteration 3820: Benign prob = 0.1515
Iteration 3902: Benign prob = 0.1535
Iteration 3991: Benign prob = 0.1576
Iteration 4040: Benign prob = 0.1581
Iteration 4055: Benign prob = 0.1588
Iteration 4075: Benign prob = 0.1615
Iteration 4085: Benign prob = 0.1625
Iteration 4094: Benign prob = 0.1634
Iteration 4125: Benign prob = 0.1638
Iteration 4148: Benign prob = 0.1687
Iteration 4327: Benign prob = 0.1694
Iteration 4373: Benign prob = 0.1701
Iteration 4404: Benign prob = 0.1702
Iteration 4405: Benign prob = 0.1721
Iteration 4420: Benign prob = 0.1737
Iteration 4447: Benign prob = 0.1748
Iteration 4478: Benign prob = 0.1751
Iteration 4534: Benign prob = 0.1766
Iteration 4560: Benign prob = 0.1797
Iteration 4562: Benign prob = 0.1828
Iteration 4573: Benign prob = 0.1857
Iteration 4620: Benign prob = 0.1888
Iteration 4683: Benign prob = 0.1895
Iteration 4773: Benign prob = 0.1900
Iteration 4873: Benign prob = 0.1935
Iteration 4905: Benign prob = 0.1938
Iteration 4914: Benign prob = 0.1945
Iteration 4984: Benign prob = 0.1951
Iteration 4992: Benign prob = 0.1955
Iteration 4993: Benign prob = 0.2010
Iteration 5002: Benign prob = 0.2026
Iteration 5062: Benign prob = 0.2075
Iteration 5098: Benign prob = 0.2094
Iteration 5303: Benign prob = 0.2097
Iteration 5308: Benign prob = 0.2116
Iteration 5317: Benign prob = 0.2163
Iteration 5370: Benign prob = 0.2169
Iteration 5398: Benign prob = 0.2184
Iteration 5410: Benign prob = 0.2228
Iteration 5504: Benign prob = 0.2307
Iteration 5683: Benign prob = 0.2379
Iteration 5686: Benign prob = 0.2431
Iteration 5760: Benign prob = 0.2473
Iteration 5829: Benign prob = 0.2494
Iteration 5931: Benign prob = 0.2494
Iteration 6047: Benign prob = 0.2515
Iteration 6069: Benign prob = 0.2522
Iteration 6077: Benign prob = 0.2523
Iteration 6168: Benign prob = 0.2526
Iteration 6174: Benign prob = 0.2547
Iteration 6251: Benign prob = 0.2581
Iteration 6323: Benign prob = 0.2586
Iteration 6325: Benign prob = 0.2608
Iteration 6372: Benign prob = 0.2624
Iteration 6512: Benign prob = 0.2637
Iteration 6586: Benign prob = 0.2666
Iteration 6691: Benign prob = 0.2674
Iteration 6762: Benign prob = 0.2735
Iteration 6848: Benign prob = 0.2757
Iteration 6864: Benign prob = 0.2760
Iteration 6968: Benign prob = 0.2771
Iteration 7061: Benign prob = 0.2777
Iteration 7102: Benign prob = 0.2797
Iteration 7331: Benign prob = 0.2840
Iteration 7365: Benign prob = 0.2901
Iteration 7423: Benign prob = 0.2995
Iteration 7456: Benign prob = 0.3022
Iteration 7550: Benign prob = 0.3028
Iteration 7627: Benign prob = 0.3030
Iteration 7645: Benign prob = 0.3055
Iteration 7764: Benign prob = 0.3061
Iteration 7772: Benign prob = 0.3061
Iteration 7809: Benign prob = 0.3075
Iteration 7833: Benign prob = 0.3167
Iteration 7867: Benign prob = 0.3167
Iteration 7873: Benign prob = 0.3171
Iteration 7874: Benign prob = 0.3184
Iteration 7894: Benign prob = 0.3191
Iteration 7957: Benign prob = 0.3203
Iteration 7964: Benign prob = 0.3221
Iteration 8050: Benign prob = 0.3260
Iteration 8127: Benign prob = 0.3314
Iteration 8207: Benign prob = 0.3329
Iteration 8265: Benign prob = 0.3341
Iteration 8376: Benign prob = 0.3353
Iteration 8455: Benign prob = 0.3384
Iteration 8531: Benign prob = 0.3401
Iteration 8597: Benign prob = 0.3433
Iteration 8684: Benign prob = 0.3480
Iteration 8765: Benign prob = 0.3485
Iteration 8781: Benign prob = 0.3490
Iteration 8818: Benign prob = 0.3522
Iteration 8975: Benign prob = 0.3540
Iteration 9003: Benign prob = 0.3580
Iteration 9179: Benign prob = 0.3610
Iteration 9267: Benign prob = 0.3631
Iteration 9271: Benign prob = 0.3633
Iteration 9503: Benign prob = 0.3637
Iteration 9622: Benign prob = 0.3638
Iteration 9624: Benign prob = 0.3644
Iteration 9628: Benign prob = 0.3655
Iteration 9638: Benign prob = 0.3658
Iteration 9675: Benign prob = 0.3661
Iteration 9687: Benign prob = 0.3757
Iteration 9928: Benign prob = 0.3804
Iteration 9987: Benign prob = 0.3881

 Completed Adversarial Image for image 7 in 15.70 minutes.

--- Adversarial Prediction Results for image 7: (/home/users/atodorova/alisa-thesis/malnet-cnn/test/riskware/bauts/1BAE34D86CEA58D9D40230B6BCBECD56066CB4F208340A4A4122026FA686E95A.png) ---
Predicted class: 42 (trojan)
Confidence     : 0.4053
True class     : 30 (riskware)


=== [8/10] Creating EA Adversarial Image for /home/users/atodorova/alisa-thesis/malnet-cnn/test/riskware/bauts/D2FE2773679F4B479FCCDC8F36B72131C56E5D030BC4B7B92C983BC9807CC0CA.png ===

--- Original Prediction Results ---
Predicted class: 42 (trojan)

Confidence     : 0.4060

True class     : 30 (riskware)

Target ('benign') class: 11 (benign)

[INFO] Benign class became best class at iteration 5481 with confidence 0.3251!

Targeted adversarial image created in 8793 iterations.
Benign first predicted at iteration 5481 with confidence 0.3251.

Benign probability changes (iteration, prob):
Iteration 0: Benign prob = 0.0011
Iteration 2: Benign prob = 0.0014
Iteration 3: Benign prob = 0.0014
Iteration 4: Benign prob = 0.0018
Iteration 9: Benign prob = 0.0020
Iteration 12: Benign prob = 0.0021
Iteration 14: Benign prob = 0.0021
Iteration 16: Benign prob = 0.0022
Iteration 17: Benign prob = 0.0022
Iteration 18: Benign prob = 0.0023
Iteration 22: Benign prob = 0.0027
Iteration 23: Benign prob = 0.0029
Iteration 26: Benign prob = 0.0032
Iteration 30: Benign prob = 0.0034
Iteration 31: Benign prob = 0.0035
Iteration 32: Benign prob = 0.0041
Iteration 35: Benign prob = 0.0042
Iteration 38: Benign prob = 0.0042
Iteration 39: Benign prob = 0.0044
Iteration 41: Benign prob = 0.0045
Iteration 48: Benign prob = 0.0047
Iteration 52: Benign prob = 0.0054
Iteration 60: Benign prob = 0.0056
Iteration 63: Benign prob = 0.0056
Iteration 64: Benign prob = 0.0058
Iteration 72: Benign prob = 0.0058
Iteration 78: Benign prob = 0.0062
Iteration 79: Benign prob = 0.0064
Iteration 80: Benign prob = 0.0064
Iteration 91: Benign prob = 0.0070
Iteration 107: Benign prob = 0.0073
Iteration 112: Benign prob = 0.0078
Iteration 124: Benign prob = 0.0082
Iteration 128: Benign prob = 0.0083
Iteration 131: Benign prob = 0.0085
Iteration 135: Benign prob = 0.0086
Iteration 147: Benign prob = 0.0100
Iteration 171: Benign prob = 0.0103
Iteration 188: Benign prob = 0.0103
Iteration 196: Benign prob = 0.0104
Iteration 213: Benign prob = 0.0117
Iteration 214: Benign prob = 0.0124
Iteration 221: Benign prob = 0.0125
Iteration 235: Benign prob = 0.0129
Iteration 253: Benign prob = 0.0139
Iteration 282: Benign prob = 0.0143
Iteration 285: Benign prob = 0.0148
Iteration 299: Benign prob = 0.0148
Iteration 318: Benign prob = 0.0155
Iteration 359: Benign prob = 0.0157
Iteration 360: Benign prob = 0.0158
Iteration 362: Benign prob = 0.0162
Iteration 374: Benign prob = 0.0166
Iteration 378: Benign prob = 0.0169
Iteration 384: Benign prob = 0.0175
Iteration 409: Benign prob = 0.0175
Iteration 416: Benign prob = 0.0178
Iteration 417: Benign prob = 0.0186
Iteration 420: Benign prob = 0.0190
Iteration 452: Benign prob = 0.0193
Iteration 467: Benign prob = 0.0194
Iteration 473: Benign prob = 0.0196
Iteration 502: Benign prob = 0.0221
Iteration 512: Benign prob = 0.0225
Iteration 536: Benign prob = 0.0228
Iteration 574: Benign prob = 0.0236
Iteration 579: Benign prob = 0.0252
Iteration 605: Benign prob = 0.0253
Iteration 623: Benign prob = 0.0262
Iteration 679: Benign prob = 0.0268
Iteration 707: Benign prob = 0.0278
Iteration 742: Benign prob = 0.0282
Iteration 751: Benign prob = 0.0290
Iteration 832: Benign prob = 0.0296
Iteration 835: Benign prob = 0.0310
Iteration 865: Benign prob = 0.0315
Iteration 871: Benign prob = 0.0325
Iteration 880: Benign prob = 0.0331
Iteration 973: Benign prob = 0.0332
Iteration 1003: Benign prob = 0.0337
Iteration 1011: Benign prob = 0.0339
Iteration 1050: Benign prob = 0.0348
Iteration 1054: Benign prob = 0.0352
Iteration 1058: Benign prob = 0.0359
Iteration 1074: Benign prob = 0.0360
Iteration 1091: Benign prob = 0.0375
Iteration 1105: Benign prob = 0.0395
Iteration 1141: Benign prob = 0.0397
Iteration 1145: Benign prob = 0.0404
Iteration 1184: Benign prob = 0.0420
Iteration 1229: Benign prob = 0.0437
Iteration 1230: Benign prob = 0.0441
Iteration 1328: Benign prob = 0.0443
Iteration 1359: Benign prob = 0.0458
Iteration 1361: Benign prob = 0.0471
Iteration 1446: Benign prob = 0.0478
Iteration 1500: Benign prob = 0.0499
Iteration 1554: Benign prob = 0.0507
Iteration 1565: Benign prob = 0.0523
Iteration 1601: Benign prob = 0.0527
Iteration 1629: Benign prob = 0.0531
Iteration 1635: Benign prob = 0.0533
Iteration 1657: Benign prob = 0.0544
Iteration 1711: Benign prob = 0.0576
Iteration 1823: Benign prob = 0.0587
Iteration 1845: Benign prob = 0.0592
Iteration 1918: Benign prob = 0.0630
Iteration 1936: Benign prob = 0.0668
Iteration 1957: Benign prob = 0.0670
Iteration 1986: Benign prob = 0.0678
Iteration 2021: Benign prob = 0.0687
Iteration 2030: Benign prob = 0.0702
Iteration 2073: Benign prob = 0.0720
Iteration 2083: Benign prob = 0.0733
Iteration 2137: Benign prob = 0.0738
Iteration 2168: Benign prob = 0.0739
Iteration 2174: Benign prob = 0.0741
Iteration 2211: Benign prob = 0.0761
Iteration 2215: Benign prob = 0.0771
Iteration 2235: Benign prob = 0.0788
Iteration 2246: Benign prob = 0.0789
Iteration 2249: Benign prob = 0.0790
Iteration 2268: Benign prob = 0.0822
Iteration 2271: Benign prob = 0.0824
Iteration 2277: Benign prob = 0.0825
Iteration 2289: Benign prob = 0.0831
Iteration 2302: Benign prob = 0.0856
Iteration 2323: Benign prob = 0.0857
Iteration 2332: Benign prob = 0.0857
Iteration 2404: Benign prob = 0.0858
Iteration 2423: Benign prob = 0.0859
Iteration 2451: Benign prob = 0.0861
Iteration 2453: Benign prob = 0.0868
Iteration 2497: Benign prob = 0.0875
Iteration 2518: Benign prob = 0.0884
Iteration 2526: Benign prob = 0.0889
Iteration 2537: Benign prob = 0.0901
Iteration 2580: Benign prob = 0.0904
Iteration 2590: Benign prob = 0.0910
Iteration 2613: Benign prob = 0.0950
Iteration 2639: Benign prob = 0.0951
Iteration 2645: Benign prob = 0.0968
Iteration 2692: Benign prob = 0.1013
Iteration 2743: Benign prob = 0.1033
Iteration 2779: Benign prob = 0.1044
Iteration 2791: Benign prob = 0.1057
Iteration 2794: Benign prob = 0.1084
Iteration 2826: Benign prob = 0.1109
Iteration 2905: Benign prob = 0.1155
Iteration 2972: Benign prob = 0.1210
Iteration 3057: Benign prob = 0.1238
Iteration 3096: Benign prob = 0.1243
Iteration 3125: Benign prob = 0.1259
Iteration 3130: Benign prob = 0.1273
Iteration 3190: Benign prob = 0.1315
Iteration 3257: Benign prob = 0.1318
Iteration 3273: Benign prob = 0.1331
Iteration 3329: Benign prob = 0.1332
Iteration 3352: Benign prob = 0.1333
Iteration 3361: Benign prob = 0.1343
Iteration 3376: Benign prob = 0.1381
Iteration 3431: Benign prob = 0.1398
Iteration 3434: Benign prob = 0.1447
Iteration 3458: Benign prob = 0.1491
Iteration 3515: Benign prob = 0.1533
Iteration 3590: Benign prob = 0.1533
Iteration 3592: Benign prob = 0.1579
Iteration 3639: Benign prob = 0.1634
Iteration 3665: Benign prob = 0.1645
Iteration 3800: Benign prob = 0.1649
Iteration 3807: Benign prob = 0.1649
Iteration 3834: Benign prob = 0.1698
Iteration 3874: Benign prob = 0.1798
Iteration 4058: Benign prob = 0.1817
Iteration 4066: Benign prob = 0.1819
Iteration 4115: Benign prob = 0.1823
Iteration 4124: Benign prob = 0.1850
Iteration 4141: Benign prob = 0.1864
Iteration 4150: Benign prob = 0.1871
Iteration 4160: Benign prob = 0.1881
Iteration 4188: Benign prob = 0.1899
Iteration 4254: Benign prob = 0.1926
Iteration 4296: Benign prob = 0.1955
Iteration 4322: Benign prob = 0.1994
Iteration 4379: Benign prob = 0.2023
Iteration 4403: Benign prob = 0.2059
Iteration 4410: Benign prob = 0.2071
Iteration 4437: Benign prob = 0.2083
Iteration 4446: Benign prob = 0.2106
Iteration 4466: Benign prob = 0.2108
Iteration 4480: Benign prob = 0.2131
Iteration 4495: Benign prob = 0.2132
Iteration 4520: Benign prob = 0.2180
Iteration 4594: Benign prob = 0.2269
Iteration 4660: Benign prob = 0.2283
Iteration 4698: Benign prob = 0.2284
Iteration 4704: Benign prob = 0.2319
Iteration 4739: Benign prob = 0.2320
Iteration 4786: Benign prob = 0.2341
Iteration 4788: Benign prob = 0.2372
Iteration 4829: Benign prob = 0.2376
Iteration 4835: Benign prob = 0.2382
Iteration 4837: Benign prob = 0.2385
Iteration 4882: Benign prob = 0.2396
Iteration 4889: Benign prob = 0.2402
Iteration 4960: Benign prob = 0.2406
Iteration 4984: Benign prob = 0.2430
Iteration 4996: Benign prob = 0.2437
Iteration 4999: Benign prob = 0.2535
Iteration 5029: Benign prob = 0.2542
Iteration 5043: Benign prob = 0.2575
Iteration 5055: Benign prob = 0.2754
Iteration 5169: Benign prob = 0.2784
Iteration 5267: Benign prob = 0.2790
Iteration 5301: Benign prob = 0.2808
Iteration 5302: Benign prob = 0.2822
Iteration 5309: Benign prob = 0.2846
Iteration 5356: Benign prob = 0.2891
Iteration 5371: Benign prob = 0.2949
Iteration 5439: Benign prob = 0.2997
Iteration 5443: Benign prob = 0.3019
Iteration 5462: Benign prob = 0.3076
Iteration 5473: Benign prob = 0.3084
Iteration 5475: Benign prob = 0.3102
Iteration 5481: Benign prob = 0.3251
Iteration 5652: Benign prob = 0.3275
Iteration 5681: Benign prob = 0.3291
Iteration 5696: Benign prob = 0.3378
Iteration 5774: Benign prob = 0.3415
Iteration 5868: Benign prob = 0.3449
Iteration 5870: Benign prob = 0.3491
Iteration 5898: Benign prob = 0.3492
Iteration 5910: Benign prob = 0.3539
Iteration 6057: Benign prob = 0.3601
Iteration 6125: Benign prob = 0.3604
Iteration 6130: Benign prob = 0.3673
Iteration 6183: Benign prob = 0.3716
Iteration 6205: Benign prob = 0.3738
Iteration 6227: Benign prob = 0.3816
Iteration 6283: Benign prob = 0.3835
Iteration 6357: Benign prob = 0.3900
Iteration 6526: Benign prob = 0.3928
Iteration 6535: Benign prob = 0.3958
Iteration 6553: Benign prob = 0.4003
Iteration 6568: Benign prob = 0.4018
Iteration 6580: Benign prob = 0.4043
Iteration 6629: Benign prob = 0.4055
Iteration 6669: Benign prob = 0.4101
Iteration 6708: Benign prob = 0.4112
Iteration 6773: Benign prob = 0.4161
Iteration 6782: Benign prob = 0.4187
Iteration 6801: Benign prob = 0.4214
Iteration 6872: Benign prob = 0.4234
Iteration 6931: Benign prob = 0.4280
Iteration 6961: Benign prob = 0.4311
Iteration 7036: Benign prob = 0.4369
Iteration 7146: Benign prob = 0.4415
Iteration 7177: Benign prob = 0.4416
Iteration 7212: Benign prob = 0.4429
Iteration 7223: Benign prob = 0.4475
Iteration 7282: Benign prob = 0.4549
Iteration 7373: Benign prob = 0.4568
Iteration 7466: Benign prob = 0.4569
Iteration 7516: Benign prob = 0.4604
Iteration 7524: Benign prob = 0.4618
Iteration 7569: Benign prob = 0.4634
Iteration 7632: Benign prob = 0.4729
Iteration 7670: Benign prob = 0.4757
Iteration 7722: Benign prob = 0.4761
Iteration 7735: Benign prob = 0.4783
Iteration 7797: Benign prob = 0.4797
Iteration 7806: Benign prob = 0.4834
Iteration 7828: Benign prob = 0.4863
Iteration 7895: Benign prob = 0.4877
Iteration 7925: Benign prob = 0.4987
Iteration 7961: Benign prob = 0.5053
Iteration 8069: Benign prob = 0.5063
Iteration 8074: Benign prob = 0.5097
Iteration 8176: Benign prob = 0.5173
Iteration 8287: Benign prob = 0.5181
Iteration 8377: Benign prob = 0.5207
Iteration 8390: Benign prob = 0.5237
Iteration 8408: Benign prob = 0.5256
Iteration 8473: Benign prob = 0.5289
Iteration 8517: Benign prob = 0.5337
Iteration 8530: Benign prob = 0.5383
Iteration 8596: Benign prob = 0.5385
Iteration 8657: Benign prob = 0.5386
Iteration 8680: Benign prob = 0.5398
Iteration 8695: Benign prob = 0.5437
Iteration 8710: Benign prob = 0.5463
Iteration 8793: Benign prob = 0.5515

 Completed Adversarial Image for image 8 in 13.77 minutes.

--- Adversarial Prediction Results for image 8: (/home/users/atodorova/alisa-thesis/malnet-cnn/test/riskware/bauts/D2FE2773679F4B479FCCDC8F36B72131C56E5D030BC4B7B92C983BC9807CC0CA.png) ---
Predicted class: 11 (benign)
Confidence     : 0.5515
True class     : 30 (riskware)


=== [9/10] Creating EA Adversarial Image for /home/users/atodorova/alisa-thesis/malnet-cnn/test/riskware/deng/0A551C7C07459E2E6D41B16F002D9388E2D7DFBF750339CBFE0D7777EDFB9BC5.png ===

--- Original Prediction Results ---
Predicted class: 42 (trojan)

Confidence     : 0.3657

True class     : 30 (riskware)

Target ('benign') class: 11 (benign)

[INFO] Benign class became best class at iteration 4070 with confidence 0.2664!

Targeted adversarial image created in 7989 iterations.
Benign first predicted at iteration 4070 with confidence 0.2664.

Benign probability changes (iteration, prob):
Iteration 0: Benign prob = 0.0010
Iteration 4: Benign prob = 0.0012
Iteration 5: Benign prob = 0.0014
Iteration 6: Benign prob = 0.0015
Iteration 7: Benign prob = 0.0015
Iteration 8: Benign prob = 0.0018
Iteration 12: Benign prob = 0.0018
Iteration 13: Benign prob = 0.0019
Iteration 14: Benign prob = 0.0020
Iteration 15: Benign prob = 0.0020
Iteration 16: Benign prob = 0.0022
Iteration 19: Benign prob = 0.0023
Iteration 21: Benign prob = 0.0025
Iteration 23: Benign prob = 0.0025
Iteration 24: Benign prob = 0.0026
Iteration 26: Benign prob = 0.0027
Iteration 27: Benign prob = 0.0028
Iteration 28: Benign prob = 0.0032
Iteration 33: Benign prob = 0.0034
Iteration 34: Benign prob = 0.0036
Iteration 38: Benign prob = 0.0038
Iteration 40: Benign prob = 0.0041
Iteration 42: Benign prob = 0.0044
Iteration 45: Benign prob = 0.0050
Iteration 49: Benign prob = 0.0051
Iteration 54: Benign prob = 0.0053
Iteration 56: Benign prob = 0.0060
Iteration 57: Benign prob = 0.0061
Iteration 76: Benign prob = 0.0063
Iteration 79: Benign prob = 0.0063
Iteration 81: Benign prob = 0.0065
Iteration 82: Benign prob = 0.0066
Iteration 90: Benign prob = 0.0069
Iteration 95: Benign prob = 0.0069
Iteration 100: Benign prob = 0.0070
Iteration 101: Benign prob = 0.0070
Iteration 102: Benign prob = 0.0072
Iteration 103: Benign prob = 0.0076
Iteration 113: Benign prob = 0.0079
Iteration 127: Benign prob = 0.0080
Iteration 130: Benign prob = 0.0083
Iteration 140: Benign prob = 0.0084
Iteration 143: Benign prob = 0.0090
Iteration 144: Benign prob = 0.0103
Iteration 151: Benign prob = 0.0106
Iteration 161: Benign prob = 0.0107
Iteration 171: Benign prob = 0.0113
Iteration 180: Benign prob = 0.0114
Iteration 183: Benign prob = 0.0116
Iteration 185: Benign prob = 0.0119
Iteration 196: Benign prob = 0.0121
Iteration 202: Benign prob = 0.0124
Iteration 204: Benign prob = 0.0127
Iteration 215: Benign prob = 0.0127
Iteration 219: Benign prob = 0.0128
Iteration 221: Benign prob = 0.0138
Iteration 231: Benign prob = 0.0140
Iteration 249: Benign prob = 0.0147
Iteration 255: Benign prob = 0.0153
Iteration 272: Benign prob = 0.0154
Iteration 274: Benign prob = 0.0169
Iteration 280: Benign prob = 0.0173
Iteration 289: Benign prob = 0.0176
Iteration 323: Benign prob = 0.0178
Iteration 327: Benign prob = 0.0187
Iteration 380: Benign prob = 0.0189
Iteration 400: Benign prob = 0.0194
Iteration 427: Benign prob = 0.0207
Iteration 472: Benign prob = 0.0214
Iteration 483: Benign prob = 0.0215
Iteration 485: Benign prob = 0.0231
Iteration 492: Benign prob = 0.0234
Iteration 500: Benign prob = 0.0242
Iteration 515: Benign prob = 0.0247
Iteration 525: Benign prob = 0.0248
Iteration 529: Benign prob = 0.0253
Iteration 544: Benign prob = 0.0253
Iteration 551: Benign prob = 0.0261
Iteration 557: Benign prob = 0.0265
Iteration 583: Benign prob = 0.0268
Iteration 606: Benign prob = 0.0283
Iteration 619: Benign prob = 0.0292
Iteration 620: Benign prob = 0.0299
Iteration 624: Benign prob = 0.0321
Iteration 626: Benign prob = 0.0334
Iteration 637: Benign prob = 0.0336
Iteration 647: Benign prob = 0.0339
Iteration 656: Benign prob = 0.0348
Iteration 664: Benign prob = 0.0386
Iteration 680: Benign prob = 0.0388
Iteration 687: Benign prob = 0.0394
Iteration 703: Benign prob = 0.0401
Iteration 706: Benign prob = 0.0408
Iteration 714: Benign prob = 0.0421
Iteration 729: Benign prob = 0.0437
Iteration 734: Benign prob = 0.0439
Iteration 754: Benign prob = 0.0446
Iteration 755: Benign prob = 0.0463
Iteration 757: Benign prob = 0.0476
Iteration 763: Benign prob = 0.0495
Iteration 778: Benign prob = 0.0510
Iteration 793: Benign prob = 0.0516
Iteration 853: Benign prob = 0.0519
Iteration 875: Benign prob = 0.0535
Iteration 900: Benign prob = 0.0543
Iteration 902: Benign prob = 0.0552
Iteration 904: Benign prob = 0.0554
Iteration 907: Benign prob = 0.0565
Iteration 941: Benign prob = 0.0570
Iteration 957: Benign prob = 0.0573
Iteration 958: Benign prob = 0.0573
Iteration 962: Benign prob = 0.0594
Iteration 994: Benign prob = 0.0600
Iteration 998: Benign prob = 0.0614
Iteration 1005: Benign prob = 0.0621
Iteration 1012: Benign prob = 0.0632
Iteration 1024: Benign prob = 0.0633
Iteration 1038: Benign prob = 0.0635
Iteration 1046: Benign prob = 0.0646
Iteration 1067: Benign prob = 0.0656
Iteration 1100: Benign prob = 0.0658
Iteration 1111: Benign prob = 0.0670
Iteration 1129: Benign prob = 0.0691
Iteration 1174: Benign prob = 0.0717
Iteration 1226: Benign prob = 0.0722
Iteration 1237: Benign prob = 0.0727
Iteration 1257: Benign prob = 0.0748
Iteration 1271: Benign prob = 0.0771
Iteration 1273: Benign prob = 0.0786
Iteration 1274: Benign prob = 0.0800
Iteration 1306: Benign prob = 0.0812
Iteration 1322: Benign prob = 0.0840
Iteration 1325: Benign prob = 0.0849
Iteration 1368: Benign prob = 0.0850
Iteration 1379: Benign prob = 0.0865
Iteration 1391: Benign prob = 0.0895
Iteration 1476: Benign prob = 0.0913
Iteration 1492: Benign prob = 0.0914
Iteration 1524: Benign prob = 0.0915
Iteration 1554: Benign prob = 0.0932
Iteration 1577: Benign prob = 0.0948
Iteration 1606: Benign prob = 0.0982
Iteration 1608: Benign prob = 0.0995
Iteration 1612: Benign prob = 0.1022
Iteration 1613: Benign prob = 0.1037
Iteration 1632: Benign prob = 0.1039
Iteration 1636: Benign prob = 0.1045
Iteration 1643: Benign prob = 0.1061
Iteration 1649: Benign prob = 0.1080
Iteration 1685: Benign prob = 0.1103
Iteration 1687: Benign prob = 0.1120
Iteration 1723: Benign prob = 0.1121
Iteration 1729: Benign prob = 0.1126
Iteration 1731: Benign prob = 0.1159
Iteration 1767: Benign prob = 0.1252
Iteration 1773: Benign prob = 0.1262
Iteration 1827: Benign prob = 0.1296
Iteration 1828: Benign prob = 0.1334
Iteration 1849: Benign prob = 0.1343
Iteration 1855: Benign prob = 0.1357
Iteration 1899: Benign prob = 0.1371
Iteration 1922: Benign prob = 0.1393
Iteration 1932: Benign prob = 0.1418
Iteration 1959: Benign prob = 0.1421
Iteration 1988: Benign prob = 0.1439
Iteration 1989: Benign prob = 0.1508
Iteration 2172: Benign prob = 0.1513
Iteration 2201: Benign prob = 0.1533
Iteration 2202: Benign prob = 0.1533
Iteration 2260: Benign prob = 0.1543
Iteration 2277: Benign prob = 0.1571
Iteration 2293: Benign prob = 0.1572
Iteration 2295: Benign prob = 0.1582
Iteration 2302: Benign prob = 0.1616
Iteration 2403: Benign prob = 0.1623
Iteration 2414: Benign prob = 0.1624
Iteration 2435: Benign prob = 0.1652
Iteration 2479: Benign prob = 0.1662
Iteration 2499: Benign prob = 0.1732
Iteration 2505: Benign prob = 0.1753
Iteration 2518: Benign prob = 0.1764
Iteration 2560: Benign prob = 0.1766
Iteration 2600: Benign prob = 0.1793
Iteration 2727: Benign prob = 0.1821
Iteration 2732: Benign prob = 0.1835
Iteration 2791: Benign prob = 0.1900
Iteration 2899: Benign prob = 0.1947
Iteration 2924: Benign prob = 0.1960
Iteration 3071: Benign prob = 0.1980
Iteration 3089: Benign prob = 0.1990
Iteration 3117: Benign prob = 0.2013
Iteration 3201: Benign prob = 0.2040
Iteration 3246: Benign prob = 0.2050
Iteration 3262: Benign prob = 0.2055
Iteration 3263: Benign prob = 0.2062
Iteration 3273: Benign prob = 0.2095
Iteration 3295: Benign prob = 0.2101
Iteration 3314: Benign prob = 0.2127
Iteration 3344: Benign prob = 0.2133
Iteration 3368: Benign prob = 0.2168
Iteration 3413: Benign prob = 0.2172
Iteration 3416: Benign prob = 0.2194
Iteration 3452: Benign prob = 0.2214
Iteration 3478: Benign prob = 0.2217
Iteration 3509: Benign prob = 0.2246
Iteration 3517: Benign prob = 0.2247
Iteration 3551: Benign prob = 0.2315
Iteration 3639: Benign prob = 0.2328
Iteration 3644: Benign prob = 0.2377
Iteration 3654: Benign prob = 0.2378
Iteration 3664: Benign prob = 0.2431
Iteration 3769: Benign prob = 0.2433
Iteration 3787: Benign prob = 0.2438
Iteration 3796: Benign prob = 0.2468
Iteration 3817: Benign prob = 0.2470
Iteration 3818: Benign prob = 0.2494
Iteration 3847: Benign prob = 0.2521
Iteration 3858: Benign prob = 0.2525
Iteration 3866: Benign prob = 0.2534
Iteration 3937: Benign prob = 0.2556
Iteration 3947: Benign prob = 0.2610
Iteration 3971: Benign prob = 0.2618
Iteration 4070: Benign prob = 0.2664
Iteration 4099: Benign prob = 0.2681
Iteration 4116: Benign prob = 0.2701
Iteration 4178: Benign prob = 0.2707
Iteration 4198: Benign prob = 0.2719
Iteration 4208: Benign prob = 0.2719
Iteration 4213: Benign prob = 0.2743
Iteration 4235: Benign prob = 0.2788
Iteration 4250: Benign prob = 0.2803
Iteration 4251: Benign prob = 0.2826
Iteration 4257: Benign prob = 0.2855
Iteration 4273: Benign prob = 0.2888
Iteration 4284: Benign prob = 0.2902
Iteration 4336: Benign prob = 0.2913
Iteration 4395: Benign prob = 0.2939
Iteration 4413: Benign prob = 0.2947
Iteration 4436: Benign prob = 0.3031
Iteration 4529: Benign prob = 0.3038
Iteration 4567: Benign prob = 0.3052
Iteration 4709: Benign prob = 0.3130
Iteration 4772: Benign prob = 0.3155
Iteration 4828: Benign prob = 0.3181
Iteration 4848: Benign prob = 0.3212
Iteration 4985: Benign prob = 0.3226
Iteration 4986: Benign prob = 0.3286
Iteration 5004: Benign prob = 0.3295
Iteration 5010: Benign prob = 0.3355
Iteration 5028: Benign prob = 0.3365
Iteration 5034: Benign prob = 0.3417
Iteration 5092: Benign prob = 0.3435
Iteration 5171: Benign prob = 0.3469
Iteration 5204: Benign prob = 0.3474
Iteration 5229: Benign prob = 0.3492
Iteration 5257: Benign prob = 0.3581
Iteration 5307: Benign prob = 0.3586
Iteration 5308: Benign prob = 0.3598
Iteration 5356: Benign prob = 0.3606
Iteration 5359: Benign prob = 0.3620
Iteration 5377: Benign prob = 0.3652
Iteration 5410: Benign prob = 0.3726
Iteration 5521: Benign prob = 0.3806
Iteration 5657: Benign prob = 0.3828
Iteration 5674: Benign prob = 0.3855
Iteration 5678: Benign prob = 0.3890
Iteration 5685: Benign prob = 0.3892
Iteration 5705: Benign prob = 0.3929
Iteration 5759: Benign prob = 0.3946
Iteration 5761: Benign prob = 0.3965
Iteration 5801: Benign prob = 0.4026
Iteration 5809: Benign prob = 0.4032
Iteration 5838: Benign prob = 0.4042
Iteration 5840: Benign prob = 0.4071
Iteration 5845: Benign prob = 0.4083
Iteration 5847: Benign prob = 0.4088
Iteration 5865: Benign prob = 0.4124
Iteration 5877: Benign prob = 0.4198
Iteration 5965: Benign prob = 0.4252
Iteration 6088: Benign prob = 0.4366
Iteration 6170: Benign prob = 0.4390
Iteration 6262: Benign prob = 0.4396
Iteration 6331: Benign prob = 0.4462
Iteration 6364: Benign prob = 0.4476
Iteration 6365: Benign prob = 0.4522
Iteration 6433: Benign prob = 0.4552
Iteration 6464: Benign prob = 0.4585
Iteration 6495: Benign prob = 0.4639
Iteration 6515: Benign prob = 0.4648
Iteration 6526: Benign prob = 0.4659
Iteration 6548: Benign prob = 0.4662
Iteration 6572: Benign prob = 0.4685
Iteration 6687: Benign prob = 0.4742
Iteration 6693: Benign prob = 0.4742
Iteration 6729: Benign prob = 0.4779
Iteration 6774: Benign prob = 0.4782
Iteration 6838: Benign prob = 0.4790
Iteration 6855: Benign prob = 0.4827
Iteration 6890: Benign prob = 0.4866
Iteration 6897: Benign prob = 0.4886
Iteration 6974: Benign prob = 0.4914
Iteration 6977: Benign prob = 0.4923
Iteration 7010: Benign prob = 0.4962
Iteration 7041: Benign prob = 0.5020
Iteration 7154: Benign prob = 0.5043
Iteration 7187: Benign prob = 0.5045
Iteration 7215: Benign prob = 0.5056
Iteration 7239: Benign prob = 0.5176
Iteration 7278: Benign prob = 0.5201
Iteration 7282: Benign prob = 0.5215
Iteration 7346: Benign prob = 0.5231
Iteration 7407: Benign prob = 0.5299
Iteration 7518: Benign prob = 0.5329
Iteration 7563: Benign prob = 0.5378
Iteration 7688: Benign prob = 0.5381
Iteration 7738: Benign prob = 0.5384
Iteration 7759: Benign prob = 0.5427
Iteration 7781: Benign prob = 0.5431
Iteration 7870: Benign prob = 0.5433
Iteration 7989: Benign prob = 0.5520

 Completed Adversarial Image for image 9 in 12.55 minutes.

--- Adversarial Prediction Results for image 9: (/home/users/atodorova/alisa-thesis/malnet-cnn/test/riskware/deng/0A551C7C07459E2E6D41B16F002D9388E2D7DFBF750339CBFE0D7777EDFB9BC5.png) ---
Predicted class: 11 (benign)
Confidence     : 0.5520
True class     : 30 (riskware)


=== [10/10] Creating EA Adversarial Image for /home/users/atodorova/alisa-thesis/malnet-cnn/test/riskware/deng/1D30FCA8C2EBD78D384D37F2E55276E8104CAED82DC961080A659C4E18BF0DAD.png ===

--- Original Prediction Results ---
Predicted class: 42 (trojan)

Confidence     : 0.4255

True class     : 30 (riskware)

Target ('benign') class: 11 (benign)

Failed to generate adversarial image in 10000 iterations.

[ERROR] Error to generate adversarial image for 10 (/home/users/atodorova/alisa-thesis/malnet-cnn/test/riskware/deng/1D30FCA8C2EBD78D384D37F2E55276E8104CAED82DC961080A659C4E18BF0DAD.png): unsupported format string passed to NoneType.__format__
