Requirement already satisfied: torchvision in ./y/envs/thesis_env_310/lib/python3.10/site-packages (0.20.1+cu121)
Requirement already satisfied: tqdm in ./y/envs/thesis_env_310/lib/python3.10/site-packages (4.67.1)
Requirement already satisfied: numpy in ./y/envs/thesis_env_310/lib/python3.10/site-packages (from torchvision) (2.1.2)
Requirement already satisfied: torch==2.5.1 in ./y/envs/thesis_env_310/lib/python3.10/site-packages (from torchvision) (2.5.1+cu121)
Requirement already satisfied: pillow!=8.3.*,>=5.3.0 in ./y/envs/thesis_env_310/lib/python3.10/site-packages (from torchvision) (11.0.0)
Requirement already satisfied: filelock in ./y/envs/thesis_env_310/lib/python3.10/site-packages (from torch==2.5.1->torchvision) (3.13.1)
Requirement already satisfied: typing-extensions>=4.8.0 in ./y/envs/thesis_env_310/lib/python3.10/site-packages (from torch==2.5.1->torchvision) (4.12.2)
Requirement already satisfied: networkx in ./y/envs/thesis_env_310/lib/python3.10/site-packages (from torch==2.5.1->torchvision) (3.3)
Requirement already satisfied: jinja2 in ./y/envs/thesis_env_310/lib/python3.10/site-packages (from torch==2.5.1->torchvision) (3.1.4)
Requirement already satisfied: fsspec in ./y/envs/thesis_env_310/lib/python3.10/site-packages (from torch==2.5.1->torchvision) (2024.6.1)
Requirement already satisfied: nvidia-cuda-nvrtc-cu12==12.1.105 in ./y/envs/thesis_env_310/lib/python3.10/site-packages (from torch==2.5.1->torchvision) (12.1.105)
Requirement already satisfied: nvidia-cuda-runtime-cu12==12.1.105 in ./y/envs/thesis_env_310/lib/python3.10/site-packages (from torch==2.5.1->torchvision) (12.1.105)
Requirement already satisfied: nvidia-cuda-cupti-cu12==12.1.105 in ./y/envs/thesis_env_310/lib/python3.10/site-packages (from torch==2.5.1->torchvision) (12.1.105)
Requirement already satisfied: nvidia-cudnn-cu12==9.1.0.70 in ./y/envs/thesis_env_310/lib/python3.10/site-packages (from torch==2.5.1->torchvision) (9.1.0.70)
Requirement already satisfied: nvidia-cublas-cu12==12.1.3.1 in ./y/envs/thesis_env_310/lib/python3.10/site-packages (from torch==2.5.1->torchvision) (12.1.3.1)
Requirement already satisfied: nvidia-cufft-cu12==11.0.2.54 in ./y/envs/thesis_env_310/lib/python3.10/site-packages (from torch==2.5.1->torchvision) (11.0.2.54)
Requirement already satisfied: nvidia-curand-cu12==10.3.2.106 in ./y/envs/thesis_env_310/lib/python3.10/site-packages (from torch==2.5.1->torchvision) (10.3.2.106)
Requirement already satisfied: nvidia-cusolver-cu12==11.4.5.107 in ./y/envs/thesis_env_310/lib/python3.10/site-packages (from torch==2.5.1->torchvision) (11.4.5.107)
Requirement already satisfied: nvidia-cusparse-cu12==12.1.0.106 in ./y/envs/thesis_env_310/lib/python3.10/site-packages (from torch==2.5.1->torchvision) (12.1.0.106)
Requirement already satisfied: nvidia-nccl-cu12==2.21.5 in ./y/envs/thesis_env_310/lib/python3.10/site-packages (from torch==2.5.1->torchvision) (2.21.5)
Requirement already satisfied: nvidia-nvtx-cu12==12.1.105 in ./y/envs/thesis_env_310/lib/python3.10/site-packages (from torch==2.5.1->torchvision) (12.1.105)
Requirement already satisfied: triton==3.1.0 in ./y/envs/thesis_env_310/lib/python3.10/site-packages (from torch==2.5.1->torchvision) (3.1.0)
Requirement already satisfied: sympy==1.13.1 in ./y/envs/thesis_env_310/lib/python3.10/site-packages (from torch==2.5.1->torchvision) (1.13.1)
Requirement already satisfied: nvidia-nvjitlink-cu12 in ./y/envs/thesis_env_310/lib/python3.10/site-packages (from nvidia-cusolver-cu12==11.4.5.107->torch==2.5.1->torchvision) (12.1.105)
Requirement already satisfied: mpmath<1.4,>=1.1.0 in ./y/envs/thesis_env_310/lib/python3.10/site-packages (from sympy==1.13.1->torch==2.5.1->torchvision) (1.3.0)
Requirement already satisfied: MarkupSafe>=2.0 in ./y/envs/thesis_env_310/lib/python3.10/site-packages (from jinja2->torch==2.5.1->torchvision) (2.1.5)
Using device: cuda
Device name: Tesla V100-SXM2-16GB
Using 1 GPUs.


=== [1/10] Creating EA Adversarial Image for /home/users/atodorova/alisa-thesis/malnet-cnn/test/worm/spybot/449FAE366E10B33E0CCD8F8BBE8DE02D969AC128D281DE6655FE9205B26BD712.png ===

--- Original Prediction Results ---
Predicted class: 42 (trojan)

Confidence     : 0.3281

True class     : 46 (worm)

Target ('benign') class: 11 (benign)

[INFO] Benign class became best class at iteration 1212 with confidence 0.3395!

Targeted adversarial image created in 2231 iterations.
Benign first predicted at iteration 1212 with confidence 0.3395.

Benign probability changes (iteration, prob):
Iteration 0: Benign prob = 0.0005
Iteration 1: Benign prob = 0.0006
Iteration 2: Benign prob = 0.0006
Iteration 3: Benign prob = 0.0008
Iteration 4: Benign prob = 0.0011
Iteration 5: Benign prob = 0.0012
Iteration 6: Benign prob = 0.0017
Iteration 7: Benign prob = 0.0019
Iteration 11: Benign prob = 0.0019
Iteration 12: Benign prob = 0.0020
Iteration 14: Benign prob = 0.0021
Iteration 18: Benign prob = 0.0024
Iteration 23: Benign prob = 0.0025
Iteration 24: Benign prob = 0.0025
Iteration 26: Benign prob = 0.0025
Iteration 28: Benign prob = 0.0031
Iteration 39: Benign prob = 0.0035
Iteration 48: Benign prob = 0.0037
Iteration 59: Benign prob = 0.0038
Iteration 60: Benign prob = 0.0039
Iteration 64: Benign prob = 0.0041
Iteration 74: Benign prob = 0.0046
Iteration 76: Benign prob = 0.0046
Iteration 83: Benign prob = 0.0048
Iteration 93: Benign prob = 0.0049
Iteration 95: Benign prob = 0.0050
Iteration 96: Benign prob = 0.0054
Iteration 105: Benign prob = 0.0058
Iteration 112: Benign prob = 0.0064
Iteration 114: Benign prob = 0.0066
Iteration 118: Benign prob = 0.0068
Iteration 125: Benign prob = 0.0071
Iteration 128: Benign prob = 0.0080
Iteration 139: Benign prob = 0.0087
Iteration 145: Benign prob = 0.0088
Iteration 146: Benign prob = 0.0089
Iteration 155: Benign prob = 0.0091
Iteration 156: Benign prob = 0.0092
Iteration 162: Benign prob = 0.0094
Iteration 164: Benign prob = 0.0101
Iteration 168: Benign prob = 0.0104
Iteration 178: Benign prob = 0.0107
Iteration 180: Benign prob = 0.0111
Iteration 187: Benign prob = 0.0113
Iteration 196: Benign prob = 0.0116
Iteration 199: Benign prob = 0.0118
Iteration 203: Benign prob = 0.0119
Iteration 204: Benign prob = 0.0120
Iteration 207: Benign prob = 0.0125
Iteration 214: Benign prob = 0.0127
Iteration 217: Benign prob = 0.0129
Iteration 220: Benign prob = 0.0131
Iteration 222: Benign prob = 0.0131
Iteration 225: Benign prob = 0.0137
Iteration 230: Benign prob = 0.0142
Iteration 235: Benign prob = 0.0149
Iteration 243: Benign prob = 0.0155
Iteration 267: Benign prob = 0.0155
Iteration 273: Benign prob = 0.0162
Iteration 279: Benign prob = 0.0173
Iteration 290: Benign prob = 0.0176
Iteration 291: Benign prob = 0.0178
Iteration 293: Benign prob = 0.0179
Iteration 294: Benign prob = 0.0184
Iteration 299: Benign prob = 0.0200
Iteration 302: Benign prob = 0.0220
Iteration 315: Benign prob = 0.0225
Iteration 316: Benign prob = 0.0231
Iteration 320: Benign prob = 0.0244
Iteration 323: Benign prob = 0.0262
Iteration 324: Benign prob = 0.0267
Iteration 340: Benign prob = 0.0275
Iteration 342: Benign prob = 0.0292
Iteration 353: Benign prob = 0.0305
Iteration 360: Benign prob = 0.0307
Iteration 370: Benign prob = 0.0329
Iteration 371: Benign prob = 0.0332
Iteration 372: Benign prob = 0.0355
Iteration 374: Benign prob = 0.0359
Iteration 376: Benign prob = 0.0367
Iteration 377: Benign prob = 0.0374
Iteration 380: Benign prob = 0.0387
Iteration 381: Benign prob = 0.0405
Iteration 385: Benign prob = 0.0408
Iteration 394: Benign prob = 0.0412
Iteration 402: Benign prob = 0.0413
Iteration 406: Benign prob = 0.0435
Iteration 409: Benign prob = 0.0449
Iteration 410: Benign prob = 0.0480
Iteration 421: Benign prob = 0.0595
Iteration 429: Benign prob = 0.0596
Iteration 433: Benign prob = 0.0614
Iteration 435: Benign prob = 0.0637
Iteration 463: Benign prob = 0.0652
Iteration 464: Benign prob = 0.0654
Iteration 466: Benign prob = 0.0662
Iteration 468: Benign prob = 0.0700
Iteration 485: Benign prob = 0.0713
Iteration 488: Benign prob = 0.0722
Iteration 491: Benign prob = 0.0730
Iteration 495: Benign prob = 0.0746
Iteration 496: Benign prob = 0.0771
Iteration 498: Benign prob = 0.0776
Iteration 501: Benign prob = 0.0801
Iteration 509: Benign prob = 0.0832
Iteration 514: Benign prob = 0.0899
Iteration 544: Benign prob = 0.0904
Iteration 548: Benign prob = 0.0980
Iteration 550: Benign prob = 0.0981
Iteration 556: Benign prob = 0.1071
Iteration 572: Benign prob = 0.1217
Iteration 584: Benign prob = 0.1257
Iteration 593: Benign prob = 0.1289
Iteration 599: Benign prob = 0.1451
Iteration 617: Benign prob = 0.1476
Iteration 623: Benign prob = 0.1522
Iteration 630: Benign prob = 0.1552
Iteration 632: Benign prob = 0.1646
Iteration 691: Benign prob = 0.1745
Iteration 706: Benign prob = 0.1785
Iteration 743: Benign prob = 0.1852
Iteration 757: Benign prob = 0.1923
Iteration 778: Benign prob = 0.1937
Iteration 787: Benign prob = 0.1940
Iteration 795: Benign prob = 0.2042
Iteration 800: Benign prob = 0.2114
Iteration 803: Benign prob = 0.2131
Iteration 833: Benign prob = 0.2214
Iteration 861: Benign prob = 0.2274
Iteration 873: Benign prob = 0.2361
Iteration 878: Benign prob = 0.2381
Iteration 879: Benign prob = 0.2399
Iteration 884: Benign prob = 0.2481
Iteration 911: Benign prob = 0.2573
Iteration 975: Benign prob = 0.2583
Iteration 984: Benign prob = 0.2652
Iteration 991: Benign prob = 0.2721
Iteration 1012: Benign prob = 0.2794
Iteration 1014: Benign prob = 0.2815
Iteration 1035: Benign prob = 0.2946
Iteration 1046: Benign prob = 0.2950
Iteration 1059: Benign prob = 0.2956
Iteration 1060: Benign prob = 0.3005
Iteration 1073: Benign prob = 0.3030
Iteration 1077: Benign prob = 0.3034
Iteration 1087: Benign prob = 0.3070
Iteration 1136: Benign prob = 0.3185
Iteration 1194: Benign prob = 0.3200
Iteration 1212: Benign prob = 0.3395
Iteration 1256: Benign prob = 0.3428
Iteration 1266: Benign prob = 0.3445
Iteration 1280: Benign prob = 0.3450
Iteration 1307: Benign prob = 0.3686
Iteration 1342: Benign prob = 0.3737
Iteration 1351: Benign prob = 0.3750
Iteration 1357: Benign prob = 0.3884
Iteration 1396: Benign prob = 0.3887
Iteration 1406: Benign prob = 0.4005
Iteration 1421: Benign prob = 0.4082
Iteration 1434: Benign prob = 0.4101
Iteration 1443: Benign prob = 0.4115
Iteration 1444: Benign prob = 0.4132
Iteration 1480: Benign prob = 0.4149
Iteration 1485: Benign prob = 0.4183
Iteration 1490: Benign prob = 0.4235
Iteration 1549: Benign prob = 0.4252
Iteration 1551: Benign prob = 0.4285
Iteration 1609: Benign prob = 0.4323
Iteration 1616: Benign prob = 0.4345
Iteration 1644: Benign prob = 0.4396
Iteration 1650: Benign prob = 0.4445
Iteration 1688: Benign prob = 0.4512
Iteration 1696: Benign prob = 0.4585
Iteration 1742: Benign prob = 0.4594
Iteration 1746: Benign prob = 0.4607
Iteration 1791: Benign prob = 0.4679
Iteration 1807: Benign prob = 0.4743
Iteration 1813: Benign prob = 0.4745
Iteration 1880: Benign prob = 0.4803
Iteration 1894: Benign prob = 0.4817
Iteration 1910: Benign prob = 0.4883
Iteration 1932: Benign prob = 0.4919
Iteration 1953: Benign prob = 0.5044
Iteration 1961: Benign prob = 0.5152
Iteration 2058: Benign prob = 0.5167
Iteration 2082: Benign prob = 0.5265
Iteration 2092: Benign prob = 0.5269
Iteration 2096: Benign prob = 0.5286
Iteration 2110: Benign prob = 0.5322
Iteration 2146: Benign prob = 0.5360
Iteration 2157: Benign prob = 0.5391
Iteration 2198: Benign prob = 0.5492
Iteration 2231: Benign prob = 0.5523

 Completed Adversarial Image for image 1 in 3.53 minutes.

--- Adversarial Prediction Results for image 1: (/home/users/atodorova/alisa-thesis/malnet-cnn/test/worm/spybot/449FAE366E10B33E0CCD8F8BBE8DE02D969AC128D281DE6655FE9205B26BD712.png) ---
Predicted class: 11 (benign)
Confidence     : 0.5523
True class     : 46 (worm)


=== [2/10] Creating EA Adversarial Image for /home/users/atodorova/alisa-thesis/malnet-cnn/test/worm/ramnit/37D408853915C1D36304101FFCADDAC0FA1AAA5E9189BEDE9D924D37680AE23A.png ===

--- Original Prediction Results ---
Predicted class: 42 (trojan)

Confidence     : 0.3861

True class     : 46 (worm)

Target ('benign') class: 11 (benign)

[INFO] Benign class became best class at iteration 5082 with confidence 0.2798!

Targeted adversarial image created in 7756 iterations.
Benign first predicted at iteration 5082 with confidence 0.2798.

Benign probability changes (iteration, prob):
Iteration 0: Benign prob = 0.0010
Iteration 3: Benign prob = 0.0013
Iteration 4: Benign prob = 0.0017
Iteration 5: Benign prob = 0.0017
Iteration 7: Benign prob = 0.0018
Iteration 9: Benign prob = 0.0018
Iteration 10: Benign prob = 0.0019
Iteration 11: Benign prob = 0.0021
Iteration 14: Benign prob = 0.0023
Iteration 16: Benign prob = 0.0023
Iteration 17: Benign prob = 0.0025
Iteration 27: Benign prob = 0.0026
Iteration 29: Benign prob = 0.0027
Iteration 31: Benign prob = 0.0027
Iteration 33: Benign prob = 0.0029
Iteration 43: Benign prob = 0.0030
Iteration 46: Benign prob = 0.0030
Iteration 48: Benign prob = 0.0031
Iteration 51: Benign prob = 0.0031
Iteration 57: Benign prob = 0.0032
Iteration 59: Benign prob = 0.0034
Iteration 61: Benign prob = 0.0036
Iteration 67: Benign prob = 0.0040
Iteration 72: Benign prob = 0.0041
Iteration 88: Benign prob = 0.0041
Iteration 91: Benign prob = 0.0041
Iteration 92: Benign prob = 0.0044
Iteration 95: Benign prob = 0.0049
Iteration 119: Benign prob = 0.0051
Iteration 128: Benign prob = 0.0052
Iteration 129: Benign prob = 0.0054
Iteration 135: Benign prob = 0.0054
Iteration 138: Benign prob = 0.0056
Iteration 141: Benign prob = 0.0057
Iteration 144: Benign prob = 0.0057
Iteration 146: Benign prob = 0.0059
Iteration 152: Benign prob = 0.0061
Iteration 153: Benign prob = 0.0063
Iteration 157: Benign prob = 0.0064
Iteration 169: Benign prob = 0.0064
Iteration 172: Benign prob = 0.0065
Iteration 178: Benign prob = 0.0069
Iteration 191: Benign prob = 0.0072
Iteration 192: Benign prob = 0.0075
Iteration 203: Benign prob = 0.0078
Iteration 204: Benign prob = 0.0083
Iteration 225: Benign prob = 0.0085
Iteration 241: Benign prob = 0.0092
Iteration 249: Benign prob = 0.0095
Iteration 250: Benign prob = 0.0095
Iteration 277: Benign prob = 0.0096
Iteration 285: Benign prob = 0.0098
Iteration 287: Benign prob = 0.0101
Iteration 295: Benign prob = 0.0103
Iteration 309: Benign prob = 0.0103
Iteration 314: Benign prob = 0.0106
Iteration 334: Benign prob = 0.0121
Iteration 345: Benign prob = 0.0122
Iteration 353: Benign prob = 0.0134
Iteration 378: Benign prob = 0.0137
Iteration 380: Benign prob = 0.0145
Iteration 389: Benign prob = 0.0152
Iteration 418: Benign prob = 0.0152
Iteration 441: Benign prob = 0.0153
Iteration 451: Benign prob = 0.0155
Iteration 463: Benign prob = 0.0162
Iteration 487: Benign prob = 0.0163
Iteration 504: Benign prob = 0.0172
Iteration 530: Benign prob = 0.0173
Iteration 533: Benign prob = 0.0174
Iteration 538: Benign prob = 0.0195
Iteration 555: Benign prob = 0.0198
Iteration 587: Benign prob = 0.0206
Iteration 592: Benign prob = 0.0210
Iteration 594: Benign prob = 0.0212
Iteration 597: Benign prob = 0.0213
Iteration 608: Benign prob = 0.0223
Iteration 616: Benign prob = 0.0243
Iteration 658: Benign prob = 0.0251
Iteration 660: Benign prob = 0.0253
Iteration 679: Benign prob = 0.0267
Iteration 687: Benign prob = 0.0268
Iteration 706: Benign prob = 0.0275
Iteration 728: Benign prob = 0.0281
Iteration 753: Benign prob = 0.0295
Iteration 754: Benign prob = 0.0298
Iteration 788: Benign prob = 0.0304
Iteration 797: Benign prob = 0.0313
Iteration 841: Benign prob = 0.0319
Iteration 848: Benign prob = 0.0333
Iteration 850: Benign prob = 0.0339
Iteration 877: Benign prob = 0.0340
Iteration 883: Benign prob = 0.0348
Iteration 914: Benign prob = 0.0354
Iteration 934: Benign prob = 0.0355
Iteration 935: Benign prob = 0.0365
Iteration 957: Benign prob = 0.0368
Iteration 967: Benign prob = 0.0369
Iteration 1010: Benign prob = 0.0379
Iteration 1016: Benign prob = 0.0383
Iteration 1039: Benign prob = 0.0384
Iteration 1066: Benign prob = 0.0404
Iteration 1071: Benign prob = 0.0405
Iteration 1117: Benign prob = 0.0410
Iteration 1119: Benign prob = 0.0415
Iteration 1152: Benign prob = 0.0421
Iteration 1165: Benign prob = 0.0434
Iteration 1238: Benign prob = 0.0442
Iteration 1258: Benign prob = 0.0468
Iteration 1319: Benign prob = 0.0474
Iteration 1363: Benign prob = 0.0476
Iteration 1369: Benign prob = 0.0485
Iteration 1383: Benign prob = 0.0495
Iteration 1392: Benign prob = 0.0509
Iteration 1410: Benign prob = 0.0510
Iteration 1432: Benign prob = 0.0512
Iteration 1464: Benign prob = 0.0513
Iteration 1488: Benign prob = 0.0551
Iteration 1489: Benign prob = 0.0569
Iteration 1491: Benign prob = 0.0570
Iteration 1548: Benign prob = 0.0588
Iteration 1551: Benign prob = 0.0593
Iteration 1689: Benign prob = 0.0603
Iteration 1710: Benign prob = 0.0615
Iteration 1755: Benign prob = 0.0617
Iteration 1759: Benign prob = 0.0618
Iteration 1798: Benign prob = 0.0629
Iteration 1815: Benign prob = 0.0631
Iteration 1844: Benign prob = 0.0649
Iteration 1858: Benign prob = 0.0650
Iteration 1870: Benign prob = 0.0650
Iteration 1880: Benign prob = 0.0653
Iteration 1895: Benign prob = 0.0670
Iteration 1951: Benign prob = 0.0674
Iteration 1958: Benign prob = 0.0677
Iteration 1997: Benign prob = 0.0691
Iteration 2057: Benign prob = 0.0710
Iteration 2109: Benign prob = 0.0716
Iteration 2113: Benign prob = 0.0721
Iteration 2141: Benign prob = 0.0737
Iteration 2162: Benign prob = 0.0754
Iteration 2196: Benign prob = 0.0759
Iteration 2243: Benign prob = 0.0775
Iteration 2271: Benign prob = 0.0786
Iteration 2281: Benign prob = 0.0788
Iteration 2302: Benign prob = 0.0789
Iteration 2304: Benign prob = 0.0811
Iteration 2313: Benign prob = 0.0813
Iteration 2337: Benign prob = 0.0836
Iteration 2364: Benign prob = 0.0851
Iteration 2406: Benign prob = 0.0868
Iteration 2447: Benign prob = 0.0872
Iteration 2468: Benign prob = 0.0880
Iteration 2492: Benign prob = 0.0891
Iteration 2504: Benign prob = 0.0900
Iteration 2506: Benign prob = 0.0910
Iteration 2513: Benign prob = 0.0928
Iteration 2515: Benign prob = 0.0932
Iteration 2549: Benign prob = 0.0934
Iteration 2558: Benign prob = 0.0935
Iteration 2562: Benign prob = 0.0941
Iteration 2572: Benign prob = 0.0972
Iteration 2646: Benign prob = 0.0982
Iteration 2647: Benign prob = 0.0993
Iteration 2654: Benign prob = 0.1011
Iteration 2665: Benign prob = 0.1022
Iteration 2667: Benign prob = 0.1027
Iteration 2704: Benign prob = 0.1037
Iteration 2725: Benign prob = 0.1044
Iteration 2734: Benign prob = 0.1053
Iteration 2740: Benign prob = 0.1066
Iteration 2743: Benign prob = 0.1075
Iteration 2776: Benign prob = 0.1086
Iteration 2828: Benign prob = 0.1106
Iteration 2879: Benign prob = 0.1140
Iteration 3106: Benign prob = 0.1167
Iteration 3153: Benign prob = 0.1176
Iteration 3196: Benign prob = 0.1178
Iteration 3202: Benign prob = 0.1201
Iteration 3208: Benign prob = 0.1224
Iteration 3265: Benign prob = 0.1229
Iteration 3268: Benign prob = 0.1231
Iteration 3335: Benign prob = 0.1242
Iteration 3363: Benign prob = 0.1248
Iteration 3393: Benign prob = 0.1273
Iteration 3411: Benign prob = 0.1275
Iteration 3424: Benign prob = 0.1287
Iteration 3454: Benign prob = 0.1321
Iteration 3477: Benign prob = 0.1327
Iteration 3517: Benign prob = 0.1338
Iteration 3531: Benign prob = 0.1381
Iteration 3583: Benign prob = 0.1488
Iteration 3633: Benign prob = 0.1504
Iteration 3652: Benign prob = 0.1554
Iteration 3845: Benign prob = 0.1588
Iteration 3928: Benign prob = 0.1620
Iteration 3935: Benign prob = 0.1631
Iteration 3982: Benign prob = 0.1714
Iteration 4047: Benign prob = 0.1727
Iteration 4057: Benign prob = 0.1731
Iteration 4063: Benign prob = 0.1758
Iteration 4077: Benign prob = 0.1764
Iteration 4100: Benign prob = 0.1779
Iteration 4114: Benign prob = 0.1806
Iteration 4116: Benign prob = 0.1816
Iteration 4125: Benign prob = 0.1859
Iteration 4128: Benign prob = 0.1859
Iteration 4133: Benign prob = 0.1877
Iteration 4159: Benign prob = 0.1889
Iteration 4164: Benign prob = 0.1934
Iteration 4184: Benign prob = 0.1950
Iteration 4189: Benign prob = 0.2034
Iteration 4192: Benign prob = 0.2086
Iteration 4209: Benign prob = 0.2090
Iteration 4222: Benign prob = 0.2126
Iteration 4239: Benign prob = 0.2149
Iteration 4245: Benign prob = 0.2174
Iteration 4250: Benign prob = 0.2182
Iteration 4267: Benign prob = 0.2228
Iteration 4421: Benign prob = 0.2232
Iteration 4433: Benign prob = 0.2235
Iteration 4455: Benign prob = 0.2237
Iteration 4466: Benign prob = 0.2274
Iteration 4523: Benign prob = 0.2290
Iteration 4528: Benign prob = 0.2308
Iteration 4540: Benign prob = 0.2443
Iteration 4643: Benign prob = 0.2521
Iteration 4662: Benign prob = 0.2531
Iteration 4703: Benign prob = 0.2535
Iteration 4740: Benign prob = 0.2549
Iteration 4741: Benign prob = 0.2578
Iteration 4785: Benign prob = 0.2586
Iteration 4814: Benign prob = 0.2602
Iteration 4818: Benign prob = 0.2635
Iteration 4834: Benign prob = 0.2706
Iteration 4968: Benign prob = 0.2790
Iteration 5082: Benign prob = 0.2798
Iteration 5124: Benign prob = 0.2819
Iteration 5156: Benign prob = 0.2845
Iteration 5170: Benign prob = 0.2858
Iteration 5221: Benign prob = 0.2899
Iteration 5268: Benign prob = 0.3013
Iteration 5368: Benign prob = 0.3066
Iteration 5383: Benign prob = 0.3141
Iteration 5483: Benign prob = 0.3232
Iteration 5581: Benign prob = 0.3250
Iteration 5596: Benign prob = 0.3322
Iteration 5613: Benign prob = 0.3325
Iteration 5614: Benign prob = 0.3380
Iteration 5636: Benign prob = 0.3396
Iteration 5765: Benign prob = 0.3474
Iteration 5785: Benign prob = 0.3482
Iteration 5786: Benign prob = 0.3567
Iteration 5860: Benign prob = 0.3599
Iteration 5912: Benign prob = 0.3619
Iteration 5931: Benign prob = 0.3621
Iteration 5940: Benign prob = 0.3669
Iteration 5944: Benign prob = 0.3685
Iteration 5955: Benign prob = 0.3693
Iteration 5959: Benign prob = 0.3752
Iteration 6007: Benign prob = 0.3817
Iteration 6069: Benign prob = 0.3901
Iteration 6121: Benign prob = 0.3958
Iteration 6124: Benign prob = 0.3992
Iteration 6164: Benign prob = 0.4028
Iteration 6191: Benign prob = 0.4037
Iteration 6224: Benign prob = 0.4052
Iteration 6232: Benign prob = 0.4128
Iteration 6268: Benign prob = 0.4156
Iteration 6285: Benign prob = 0.4347
Iteration 6388: Benign prob = 0.4477
Iteration 6513: Benign prob = 0.4483
Iteration 6541: Benign prob = 0.4527
Iteration 6554: Benign prob = 0.4533
Iteration 6571: Benign prob = 0.4569
Iteration 6591: Benign prob = 0.4612
Iteration 6598: Benign prob = 0.4622
Iteration 6623: Benign prob = 0.4632
Iteration 6649: Benign prob = 0.4664
Iteration 6700: Benign prob = 0.4774
Iteration 6714: Benign prob = 0.4793
Iteration 6772: Benign prob = 0.4836
Iteration 6818: Benign prob = 0.4850
Iteration 6825: Benign prob = 0.4905
Iteration 6941: Benign prob = 0.4909
Iteration 7038: Benign prob = 0.4914
Iteration 7073: Benign prob = 0.4939
Iteration 7077: Benign prob = 0.4952
Iteration 7089: Benign prob = 0.5034
Iteration 7249: Benign prob = 0.5055
Iteration 7326: Benign prob = 0.5077
Iteration 7369: Benign prob = 0.5096
Iteration 7385: Benign prob = 0.5113
Iteration 7399: Benign prob = 0.5121
Iteration 7449: Benign prob = 0.5143
Iteration 7468: Benign prob = 0.5278
Iteration 7485: Benign prob = 0.5311
Iteration 7547: Benign prob = 0.5317
Iteration 7565: Benign prob = 0.5323
Iteration 7619: Benign prob = 0.5332
Iteration 7622: Benign prob = 0.5401
Iteration 7657: Benign prob = 0.5403
Iteration 7668: Benign prob = 0.5456
Iteration 7736: Benign prob = 0.5497
Iteration 7756: Benign prob = 0.5526

 Completed Adversarial Image for image 2 in 12.33 minutes.

--- Adversarial Prediction Results for image 2: (/home/users/atodorova/alisa-thesis/malnet-cnn/test/worm/ramnit/37D408853915C1D36304101FFCADDAC0FA1AAA5E9189BEDE9D924D37680AE23A.png) ---
Predicted class: 11 (benign)
Confidence     : 0.5526
True class     : 46 (worm)


=== [3/10] Creating EA Adversarial Image for /home/users/atodorova/alisa-thesis/malnet-cnn/test/worm/picsys/2CF16087FBA070A57D10F8DD26B8F54254FEFDD3940656C8F8556CDA6DE7D83C.png ===

--- Original Prediction Results ---
Predicted class: 42 (trojan)

Confidence     : 0.4540

True class     : 46 (worm)

Target ('benign') class: 11 (benign)

[INFO] Benign class became best class at iteration 876 with confidence 0.3649!

Targeted adversarial image created in 1384 iterations.
Benign first predicted at iteration 876 with confidence 0.3649.

Benign probability changes (iteration, prob):
Iteration 0: Benign prob = 0.0006
Iteration 1: Benign prob = 0.0006
Iteration 2: Benign prob = 0.0009
Iteration 4: Benign prob = 0.0010
Iteration 5: Benign prob = 0.0011
Iteration 6: Benign prob = 0.0012
Iteration 7: Benign prob = 0.0013
Iteration 8: Benign prob = 0.0014
Iteration 9: Benign prob = 0.0015
Iteration 10: Benign prob = 0.0016
Iteration 11: Benign prob = 0.0016
Iteration 12: Benign prob = 0.0017
Iteration 16: Benign prob = 0.0018
Iteration 17: Benign prob = 0.0019
Iteration 18: Benign prob = 0.0019
Iteration 19: Benign prob = 0.0020
Iteration 22: Benign prob = 0.0020
Iteration 23: Benign prob = 0.0022
Iteration 24: Benign prob = 0.0023
Iteration 26: Benign prob = 0.0024
Iteration 27: Benign prob = 0.0025
Iteration 40: Benign prob = 0.0027
Iteration 44: Benign prob = 0.0028
Iteration 52: Benign prob = 0.0031
Iteration 54: Benign prob = 0.0031
Iteration 57: Benign prob = 0.0035
Iteration 60: Benign prob = 0.0036
Iteration 64: Benign prob = 0.0036
Iteration 68: Benign prob = 0.0037
Iteration 69: Benign prob = 0.0039
Iteration 73: Benign prob = 0.0042
Iteration 84: Benign prob = 0.0043
Iteration 86: Benign prob = 0.0045
Iteration 88: Benign prob = 0.0046
Iteration 90: Benign prob = 0.0048
Iteration 94: Benign prob = 0.0049
Iteration 96: Benign prob = 0.0054
Iteration 108: Benign prob = 0.0055
Iteration 110: Benign prob = 0.0055
Iteration 115: Benign prob = 0.0057
Iteration 122: Benign prob = 0.0065
Iteration 127: Benign prob = 0.0066
Iteration 129: Benign prob = 0.0068
Iteration 134: Benign prob = 0.0069
Iteration 135: Benign prob = 0.0071
Iteration 138: Benign prob = 0.0071
Iteration 141: Benign prob = 0.0072
Iteration 147: Benign prob = 0.0072
Iteration 148: Benign prob = 0.0074
Iteration 154: Benign prob = 0.0078
Iteration 158: Benign prob = 0.0081
Iteration 183: Benign prob = 0.0081
Iteration 189: Benign prob = 0.0082
Iteration 191: Benign prob = 0.0085
Iteration 198: Benign prob = 0.0087
Iteration 206: Benign prob = 0.0087
Iteration 209: Benign prob = 0.0088
Iteration 210: Benign prob = 0.0097
Iteration 216: Benign prob = 0.0106
Iteration 229: Benign prob = 0.0110
Iteration 234: Benign prob = 0.0112
Iteration 239: Benign prob = 0.0113
Iteration 246: Benign prob = 0.0122
Iteration 249: Benign prob = 0.0130
Iteration 253: Benign prob = 0.0142
Iteration 258: Benign prob = 0.0144
Iteration 263: Benign prob = 0.0151
Iteration 266: Benign prob = 0.0152
Iteration 267: Benign prob = 0.0153
Iteration 268: Benign prob = 0.0158
Iteration 269: Benign prob = 0.0165
Iteration 270: Benign prob = 0.0168
Iteration 273: Benign prob = 0.0187
Iteration 283: Benign prob = 0.0200
Iteration 285: Benign prob = 0.0210
Iteration 292: Benign prob = 0.0247
Iteration 294: Benign prob = 0.0251
Iteration 297: Benign prob = 0.0253
Iteration 299: Benign prob = 0.0279
Iteration 300: Benign prob = 0.0323
Iteration 313: Benign prob = 0.0343
Iteration 315: Benign prob = 0.0370
Iteration 317: Benign prob = 0.0397
Iteration 318: Benign prob = 0.0467
Iteration 323: Benign prob = 0.0549
Iteration 326: Benign prob = 0.0555
Iteration 328: Benign prob = 0.0600
Iteration 334: Benign prob = 0.0648
Iteration 363: Benign prob = 0.0656
Iteration 372: Benign prob = 0.0717
Iteration 374: Benign prob = 0.0753
Iteration 378: Benign prob = 0.0773
Iteration 380: Benign prob = 0.0787
Iteration 389: Benign prob = 0.0868
Iteration 397: Benign prob = 0.0879
Iteration 403: Benign prob = 0.0920
Iteration 422: Benign prob = 0.0927
Iteration 428: Benign prob = 0.0950
Iteration 430: Benign prob = 0.0964
Iteration 431: Benign prob = 0.1020
Iteration 435: Benign prob = 0.1087
Iteration 453: Benign prob = 0.1096
Iteration 459: Benign prob = 0.1244
Iteration 469: Benign prob = 0.1430
Iteration 503: Benign prob = 0.1517
Iteration 506: Benign prob = 0.1553
Iteration 526: Benign prob = 0.1639
Iteration 534: Benign prob = 0.1707
Iteration 557: Benign prob = 0.1716
Iteration 560: Benign prob = 0.1743
Iteration 596: Benign prob = 0.1773
Iteration 630: Benign prob = 0.1852
Iteration 640: Benign prob = 0.1880
Iteration 657: Benign prob = 0.1948
Iteration 658: Benign prob = 0.2191
Iteration 686: Benign prob = 0.2294
Iteration 689: Benign prob = 0.2363
Iteration 706: Benign prob = 0.2396
Iteration 710: Benign prob = 0.2423
Iteration 712: Benign prob = 0.2463
Iteration 716: Benign prob = 0.2483
Iteration 734: Benign prob = 0.2509
Iteration 736: Benign prob = 0.2704
Iteration 743: Benign prob = 0.2769
Iteration 763: Benign prob = 0.2851
Iteration 765: Benign prob = 0.2938
Iteration 784: Benign prob = 0.2996
Iteration 792: Benign prob = 0.3072
Iteration 793: Benign prob = 0.3155
Iteration 799: Benign prob = 0.3229
Iteration 831: Benign prob = 0.3306
Iteration 832: Benign prob = 0.3331
Iteration 855: Benign prob = 0.3420
Iteration 868: Benign prob = 0.3437
Iteration 870: Benign prob = 0.3440
Iteration 874: Benign prob = 0.3536
Iteration 876: Benign prob = 0.3649
Iteration 878: Benign prob = 0.3703
Iteration 925: Benign prob = 0.3780
Iteration 930: Benign prob = 0.3883
Iteration 956: Benign prob = 0.3891
Iteration 958: Benign prob = 0.3926
Iteration 979: Benign prob = 0.3966
Iteration 983: Benign prob = 0.3989
Iteration 1026: Benign prob = 0.4176
Iteration 1035: Benign prob = 0.4243
Iteration 1046: Benign prob = 0.4276
Iteration 1059: Benign prob = 0.4373
Iteration 1064: Benign prob = 0.4386
Iteration 1074: Benign prob = 0.4417
Iteration 1077: Benign prob = 0.4417
Iteration 1078: Benign prob = 0.4461
Iteration 1085: Benign prob = 0.4485
Iteration 1097: Benign prob = 0.4607
Iteration 1105: Benign prob = 0.4614
Iteration 1130: Benign prob = 0.4663
Iteration 1169: Benign prob = 0.4716
Iteration 1172: Benign prob = 0.4728
Iteration 1173: Benign prob = 0.4796
Iteration 1194: Benign prob = 0.5030
Iteration 1198: Benign prob = 0.5113
Iteration 1213: Benign prob = 0.5272
Iteration 1218: Benign prob = 0.5283
Iteration 1238: Benign prob = 0.5284
Iteration 1278: Benign prob = 0.5386
Iteration 1310: Benign prob = 0.5483
Iteration 1384: Benign prob = 0.5568

 Completed Adversarial Image for image 3 in 2.20 minutes.

--- Adversarial Prediction Results for image 3: (/home/users/atodorova/alisa-thesis/malnet-cnn/test/worm/picsys/2CF16087FBA070A57D10F8DD26B8F54254FEFDD3940656C8F8556CDA6DE7D83C.png) ---
Predicted class: 11 (benign)
Confidence     : 0.5568
True class     : 46 (worm)


=== [4/10] Creating EA Adversarial Image for /home/users/atodorova/alisa-thesis/malnet-cnn/test/worm/mabezat/B76D59887280DE7AA5F24A857E9A4397B2EC14B94537F6E48A03A1838C50BCCB.png ===

--- Original Prediction Results ---
Predicted class: 42 (trojan)

Confidence     : 0.4734

True class     : 46 (worm)

Target ('benign') class: 11 (benign)

[INFO] Benign class became best class at iteration 2449 with confidence 0.2718!

Targeted adversarial image created in 4852 iterations.
Benign first predicted at iteration 2449 with confidence 0.2718.

Benign probability changes (iteration, prob):
Iteration 0: Benign prob = 0.0014
Iteration 3: Benign prob = 0.0016
Iteration 5: Benign prob = 0.0021
Iteration 7: Benign prob = 0.0022
Iteration 9: Benign prob = 0.0022
Iteration 12: Benign prob = 0.0024
Iteration 14: Benign prob = 0.0025
Iteration 19: Benign prob = 0.0026
Iteration 20: Benign prob = 0.0027
Iteration 21: Benign prob = 0.0027
Iteration 22: Benign prob = 0.0027
Iteration 23: Benign prob = 0.0028
Iteration 24: Benign prob = 0.0029
Iteration 26: Benign prob = 0.0030
Iteration 29: Benign prob = 0.0031
Iteration 30: Benign prob = 0.0033
Iteration 37: Benign prob = 0.0034
Iteration 43: Benign prob = 0.0036
Iteration 60: Benign prob = 0.0038
Iteration 68: Benign prob = 0.0040
Iteration 85: Benign prob = 0.0042
Iteration 97: Benign prob = 0.0043
Iteration 98: Benign prob = 0.0044
Iteration 102: Benign prob = 0.0044
Iteration 118: Benign prob = 0.0045
Iteration 120: Benign prob = 0.0045
Iteration 121: Benign prob = 0.0047
Iteration 125: Benign prob = 0.0047
Iteration 128: Benign prob = 0.0048
Iteration 130: Benign prob = 0.0051
Iteration 136: Benign prob = 0.0051
Iteration 139: Benign prob = 0.0053
Iteration 140: Benign prob = 0.0057
Iteration 154: Benign prob = 0.0058
Iteration 163: Benign prob = 0.0059
Iteration 165: Benign prob = 0.0061
Iteration 169: Benign prob = 0.0062
Iteration 174: Benign prob = 0.0064
Iteration 175: Benign prob = 0.0065
Iteration 176: Benign prob = 0.0065
Iteration 178: Benign prob = 0.0070
Iteration 183: Benign prob = 0.0072
Iteration 184: Benign prob = 0.0078
Iteration 187: Benign prob = 0.0083
Iteration 200: Benign prob = 0.0084
Iteration 212: Benign prob = 0.0088
Iteration 223: Benign prob = 0.0094
Iteration 240: Benign prob = 0.0100
Iteration 254: Benign prob = 0.0101
Iteration 255: Benign prob = 0.0102
Iteration 259: Benign prob = 0.0111
Iteration 274: Benign prob = 0.0112
Iteration 282: Benign prob = 0.0114
Iteration 298: Benign prob = 0.0119
Iteration 317: Benign prob = 0.0121
Iteration 368: Benign prob = 0.0123
Iteration 380: Benign prob = 0.0125
Iteration 383: Benign prob = 0.0125
Iteration 406: Benign prob = 0.0129
Iteration 410: Benign prob = 0.0130
Iteration 414: Benign prob = 0.0134
Iteration 416: Benign prob = 0.0140
Iteration 419: Benign prob = 0.0145
Iteration 428: Benign prob = 0.0164
Iteration 469: Benign prob = 0.0169
Iteration 470: Benign prob = 0.0172
Iteration 489: Benign prob = 0.0174
Iteration 493: Benign prob = 0.0179
Iteration 504: Benign prob = 0.0182
Iteration 521: Benign prob = 0.0191
Iteration 523: Benign prob = 0.0192
Iteration 532: Benign prob = 0.0194
Iteration 540: Benign prob = 0.0195
Iteration 541: Benign prob = 0.0204
Iteration 565: Benign prob = 0.0217
Iteration 602: Benign prob = 0.0217
Iteration 626: Benign prob = 0.0218
Iteration 627: Benign prob = 0.0228
Iteration 633: Benign prob = 0.0239
Iteration 649: Benign prob = 0.0245
Iteration 672: Benign prob = 0.0248
Iteration 673: Benign prob = 0.0250
Iteration 675: Benign prob = 0.0271
Iteration 688: Benign prob = 0.0273
Iteration 699: Benign prob = 0.0297
Iteration 717: Benign prob = 0.0300
Iteration 733: Benign prob = 0.0321
Iteration 756: Benign prob = 0.0326
Iteration 761: Benign prob = 0.0336
Iteration 763: Benign prob = 0.0344
Iteration 765: Benign prob = 0.0346
Iteration 768: Benign prob = 0.0353
Iteration 784: Benign prob = 0.0354
Iteration 789: Benign prob = 0.0354
Iteration 791: Benign prob = 0.0378
Iteration 818: Benign prob = 0.0392
Iteration 844: Benign prob = 0.0402
Iteration 851: Benign prob = 0.0407
Iteration 861: Benign prob = 0.0427
Iteration 862: Benign prob = 0.0429
Iteration 876: Benign prob = 0.0453
Iteration 906: Benign prob = 0.0464
Iteration 947: Benign prob = 0.0474
Iteration 962: Benign prob = 0.0483
Iteration 980: Benign prob = 0.0491
Iteration 986: Benign prob = 0.0503
Iteration 993: Benign prob = 0.0530
Iteration 1013: Benign prob = 0.0534
Iteration 1014: Benign prob = 0.0534
Iteration 1018: Benign prob = 0.0539
Iteration 1047: Benign prob = 0.0554
Iteration 1064: Benign prob = 0.0565
Iteration 1090: Benign prob = 0.0571
Iteration 1103: Benign prob = 0.0573
Iteration 1115: Benign prob = 0.0576
Iteration 1120: Benign prob = 0.0578
Iteration 1128: Benign prob = 0.0580
Iteration 1138: Benign prob = 0.0595
Iteration 1171: Benign prob = 0.0611
Iteration 1175: Benign prob = 0.0697
Iteration 1179: Benign prob = 0.0698
Iteration 1203: Benign prob = 0.0733
Iteration 1227: Benign prob = 0.0798
Iteration 1233: Benign prob = 0.0800
Iteration 1265: Benign prob = 0.0805
Iteration 1274: Benign prob = 0.0812
Iteration 1289: Benign prob = 0.0814
Iteration 1292: Benign prob = 0.0827
Iteration 1293: Benign prob = 0.0904
Iteration 1309: Benign prob = 0.0932
Iteration 1341: Benign prob = 0.0951
Iteration 1348: Benign prob = 0.0953
Iteration 1367: Benign prob = 0.0968
Iteration 1395: Benign prob = 0.1032
Iteration 1412: Benign prob = 0.1044
Iteration 1441: Benign prob = 0.1093
Iteration 1464: Benign prob = 0.1106
Iteration 1466: Benign prob = 0.1107
Iteration 1470: Benign prob = 0.1167
Iteration 1484: Benign prob = 0.1190
Iteration 1493: Benign prob = 0.1234
Iteration 1503: Benign prob = 0.1262
Iteration 1506: Benign prob = 0.1294
Iteration 1575: Benign prob = 0.1349
Iteration 1601: Benign prob = 0.1364
Iteration 1603: Benign prob = 0.1404
Iteration 1620: Benign prob = 0.1417
Iteration 1648: Benign prob = 0.1493
Iteration 1651: Benign prob = 0.1514
Iteration 1720: Benign prob = 0.1545
Iteration 1757: Benign prob = 0.1602
Iteration 1768: Benign prob = 0.1635
Iteration 1787: Benign prob = 0.1639
Iteration 1798: Benign prob = 0.1702
Iteration 1807: Benign prob = 0.1710
Iteration 1825: Benign prob = 0.1744
Iteration 1879: Benign prob = 0.1771
Iteration 1906: Benign prob = 0.1805
Iteration 1918: Benign prob = 0.1850
Iteration 1932: Benign prob = 0.1867
Iteration 1959: Benign prob = 0.1876
Iteration 1971: Benign prob = 0.1902
Iteration 1975: Benign prob = 0.1910
Iteration 1985: Benign prob = 0.1939
Iteration 1997: Benign prob = 0.2009
Iteration 2052: Benign prob = 0.2011
Iteration 2060: Benign prob = 0.2045
Iteration 2081: Benign prob = 0.2094
Iteration 2115: Benign prob = 0.2101
Iteration 2131: Benign prob = 0.2101
Iteration 2137: Benign prob = 0.2102
Iteration 2160: Benign prob = 0.2111
Iteration 2184: Benign prob = 0.2144
Iteration 2188: Benign prob = 0.2205
Iteration 2206: Benign prob = 0.2254
Iteration 2209: Benign prob = 0.2290
Iteration 2245: Benign prob = 0.2303
Iteration 2254: Benign prob = 0.2343
Iteration 2263: Benign prob = 0.2459
Iteration 2264: Benign prob = 0.2472
Iteration 2308: Benign prob = 0.2499
Iteration 2364: Benign prob = 0.2501
Iteration 2370: Benign prob = 0.2532
Iteration 2376: Benign prob = 0.2590
Iteration 2378: Benign prob = 0.2593
Iteration 2393: Benign prob = 0.2618
Iteration 2395: Benign prob = 0.2627
Iteration 2396: Benign prob = 0.2645
Iteration 2398: Benign prob = 0.2704
Iteration 2449: Benign prob = 0.2718
Iteration 2462: Benign prob = 0.2766
Iteration 2468: Benign prob = 0.2790
Iteration 2486: Benign prob = 0.2821
Iteration 2531: Benign prob = 0.2822
Iteration 2540: Benign prob = 0.2890
Iteration 2619: Benign prob = 0.2978
Iteration 2640: Benign prob = 0.2986
Iteration 2641: Benign prob = 0.3027
Iteration 2650: Benign prob = 0.3040
Iteration 2651: Benign prob = 0.3047
Iteration 2683: Benign prob = 0.3092
Iteration 2693: Benign prob = 0.3103
Iteration 2738: Benign prob = 0.3170
Iteration 2742: Benign prob = 0.3229
Iteration 2809: Benign prob = 0.3259
Iteration 2810: Benign prob = 0.3278
Iteration 2824: Benign prob = 0.3292
Iteration 2851: Benign prob = 0.3389
Iteration 2952: Benign prob = 0.3409
Iteration 2984: Benign prob = 0.3414
Iteration 3004: Benign prob = 0.3422
Iteration 3043: Benign prob = 0.3448
Iteration 3066: Benign prob = 0.3541
Iteration 3133: Benign prob = 0.3557
Iteration 3144: Benign prob = 0.3560
Iteration 3153: Benign prob = 0.3586
Iteration 3156: Benign prob = 0.3690
Iteration 3213: Benign prob = 0.3717
Iteration 3245: Benign prob = 0.3762
Iteration 3289: Benign prob = 0.3769
Iteration 3329: Benign prob = 0.3776
Iteration 3376: Benign prob = 0.3807
Iteration 3383: Benign prob = 0.3848
Iteration 3385: Benign prob = 0.3890
Iteration 3394: Benign prob = 0.4002
Iteration 3413: Benign prob = 0.4003
Iteration 3415: Benign prob = 0.4008
Iteration 3423: Benign prob = 0.4192
Iteration 3532: Benign prob = 0.4194
Iteration 3559: Benign prob = 0.4223
Iteration 3578: Benign prob = 0.4249
Iteration 3602: Benign prob = 0.4339
Iteration 3660: Benign prob = 0.4340
Iteration 3684: Benign prob = 0.4389
Iteration 3695: Benign prob = 0.4413
Iteration 3722: Benign prob = 0.4415
Iteration 3800: Benign prob = 0.4446
Iteration 3807: Benign prob = 0.4449
Iteration 3884: Benign prob = 0.4485
Iteration 3894: Benign prob = 0.4505
Iteration 3907: Benign prob = 0.4508
Iteration 3924: Benign prob = 0.4527
Iteration 3952: Benign prob = 0.4598
Iteration 4009: Benign prob = 0.4607
Iteration 4010: Benign prob = 0.4670
Iteration 4016: Benign prob = 0.4722
Iteration 4065: Benign prob = 0.4732
Iteration 4097: Benign prob = 0.4747
Iteration 4124: Benign prob = 0.4781
Iteration 4151: Benign prob = 0.4782
Iteration 4158: Benign prob = 0.4803
Iteration 4181: Benign prob = 0.4806
Iteration 4204: Benign prob = 0.4814
Iteration 4211: Benign prob = 0.4828
Iteration 4228: Benign prob = 0.4959
Iteration 4300: Benign prob = 0.4967
Iteration 4311: Benign prob = 0.4988
Iteration 4312: Benign prob = 0.5012
Iteration 4314: Benign prob = 0.5098
Iteration 4342: Benign prob = 0.5119
Iteration 4346: Benign prob = 0.5127
Iteration 4390: Benign prob = 0.5161
Iteration 4410: Benign prob = 0.5206
Iteration 4467: Benign prob = 0.5240
Iteration 4475: Benign prob = 0.5273
Iteration 4488: Benign prob = 0.5283
Iteration 4499: Benign prob = 0.5323
Iteration 4562: Benign prob = 0.5355
Iteration 4576: Benign prob = 0.5463
Iteration 4747: Benign prob = 0.5467
Iteration 4748: Benign prob = 0.5483
Iteration 4818: Benign prob = 0.5488
Iteration 4852: Benign prob = 0.5527

 Completed Adversarial Image for image 4 in 7.68 minutes.

--- Adversarial Prediction Results for image 4: (/home/users/atodorova/alisa-thesis/malnet-cnn/test/worm/mabezat/B76D59887280DE7AA5F24A857E9A4397B2EC14B94537F6E48A03A1838C50BCCB.png) ---
Predicted class: 11 (benign)
Confidence     : 0.5527
True class     : 46 (worm)


=== [5/10] Creating EA Adversarial Image for /home/users/atodorova/alisa-thesis/malnet-cnn/test/worm/klez/59FA0DE7BF1CD0A94B45EBDD76FC9482ADEA571F6E48A381B523CDF2185761CD.png ===

--- Original Prediction Results ---
Predicted class: 4 (adware)

Confidence     : 1.0000

True class     : 46 (worm)

Target ('benign') class: 11 (benign)

Failed to generate adversarial image in 10000 iterations.

[ERROR] Error to generate adversarial image for 5 (/home/users/atodorova/alisa-thesis/malnet-cnn/test/worm/klez/59FA0DE7BF1CD0A94B45EBDD76FC9482ADEA571F6E48A381B523CDF2185761CD.png): unsupported format string passed to NoneType.__format__


=== [6/10] Creating EA Adversarial Image for /home/users/atodorova/alisa-thesis/malnet-cnn/test/worm/downadup/9FD90F3E0DD660D7D34EBEBA00EDD765D293586E51B3AFAFE40081DD2D21C11E.png ===

--- Original Prediction Results ---
Predicted class: 42 (trojan)

Confidence     : 0.4022

True class     : 46 (worm)

Target ('benign') class: 11 (benign)

[INFO] Benign class became best class at iteration 8147 with confidence 0.2888!

Failed to generate adversarial image in 10000 iterations.
Benign first predicted at iteration 8147 with confidence 0.2888.

Benign probability changes (iteration, prob):
Iteration 0: Benign prob = 0.0008
Iteration 1: Benign prob = 0.0008
Iteration 2: Benign prob = 0.0010
Iteration 3: Benign prob = 0.0013
Iteration 4: Benign prob = 0.0014
Iteration 5: Benign prob = 0.0015
Iteration 6: Benign prob = 0.0018
Iteration 7: Benign prob = 0.0019
Iteration 8: Benign prob = 0.0021
Iteration 9: Benign prob = 0.0023
Iteration 13: Benign prob = 0.0023
Iteration 14: Benign prob = 0.0025
Iteration 19: Benign prob = 0.0025
Iteration 20: Benign prob = 0.0026
Iteration 27: Benign prob = 0.0027
Iteration 28: Benign prob = 0.0028
Iteration 29: Benign prob = 0.0032
Iteration 33: Benign prob = 0.0033
Iteration 40: Benign prob = 0.0035
Iteration 41: Benign prob = 0.0036
Iteration 45: Benign prob = 0.0037
Iteration 50: Benign prob = 0.0038
Iteration 51: Benign prob = 0.0038
Iteration 52: Benign prob = 0.0042
Iteration 53: Benign prob = 0.0044
Iteration 55: Benign prob = 0.0046
Iteration 60: Benign prob = 0.0047
Iteration 76: Benign prob = 0.0047
Iteration 84: Benign prob = 0.0048
Iteration 91: Benign prob = 0.0053
Iteration 100: Benign prob = 0.0058
Iteration 107: Benign prob = 0.0060
Iteration 113: Benign prob = 0.0061
Iteration 114: Benign prob = 0.0063
Iteration 129: Benign prob = 0.0069
Iteration 131: Benign prob = 0.0072
Iteration 132: Benign prob = 0.0076
Iteration 136: Benign prob = 0.0079
Iteration 142: Benign prob = 0.0079
Iteration 144: Benign prob = 0.0084
Iteration 147: Benign prob = 0.0092
Iteration 166: Benign prob = 0.0093
Iteration 167: Benign prob = 0.0108
Iteration 174: Benign prob = 0.0113
Iteration 195: Benign prob = 0.0119
Iteration 198: Benign prob = 0.0125
Iteration 223: Benign prob = 0.0134
Iteration 235: Benign prob = 0.0141
Iteration 252: Benign prob = 0.0162
Iteration 260: Benign prob = 0.0170
Iteration 265: Benign prob = 0.0171
Iteration 273: Benign prob = 0.0175
Iteration 290: Benign prob = 0.0176
Iteration 303: Benign prob = 0.0180
Iteration 310: Benign prob = 0.0186
Iteration 315: Benign prob = 0.0189
Iteration 358: Benign prob = 0.0198
Iteration 380: Benign prob = 0.0201
Iteration 386: Benign prob = 0.0210
Iteration 414: Benign prob = 0.0217
Iteration 431: Benign prob = 0.0228
Iteration 441: Benign prob = 0.0230
Iteration 448: Benign prob = 0.0234
Iteration 450: Benign prob = 0.0239
Iteration 480: Benign prob = 0.0240
Iteration 493: Benign prob = 0.0241
Iteration 517: Benign prob = 0.0243
Iteration 553: Benign prob = 0.0244
Iteration 554: Benign prob = 0.0250
Iteration 558: Benign prob = 0.0263
Iteration 579: Benign prob = 0.0268
Iteration 589: Benign prob = 0.0269
Iteration 594: Benign prob = 0.0271
Iteration 624: Benign prob = 0.0272
Iteration 640: Benign prob = 0.0284
Iteration 662: Benign prob = 0.0288
Iteration 673: Benign prob = 0.0288
Iteration 674: Benign prob = 0.0288
Iteration 692: Benign prob = 0.0304
Iteration 704: Benign prob = 0.0305
Iteration 706: Benign prob = 0.0308
Iteration 718: Benign prob = 0.0318
Iteration 735: Benign prob = 0.0321
Iteration 737: Benign prob = 0.0326
Iteration 738: Benign prob = 0.0327
Iteration 795: Benign prob = 0.0342
Iteration 816: Benign prob = 0.0360
Iteration 854: Benign prob = 0.0366
Iteration 869: Benign prob = 0.0368
Iteration 888: Benign prob = 0.0382
Iteration 890: Benign prob = 0.0390
Iteration 965: Benign prob = 0.0394
Iteration 985: Benign prob = 0.0412
Iteration 1045: Benign prob = 0.0413
Iteration 1057: Benign prob = 0.0417
Iteration 1071: Benign prob = 0.0433
Iteration 1079: Benign prob = 0.0435
Iteration 1104: Benign prob = 0.0436
Iteration 1113: Benign prob = 0.0444
Iteration 1138: Benign prob = 0.0446
Iteration 1182: Benign prob = 0.0452
Iteration 1197: Benign prob = 0.0461
Iteration 1223: Benign prob = 0.0464
Iteration 1244: Benign prob = 0.0500
Iteration 1261: Benign prob = 0.0507
Iteration 1317: Benign prob = 0.0508
Iteration 1323: Benign prob = 0.0514
Iteration 1396: Benign prob = 0.0521
Iteration 1405: Benign prob = 0.0575
Iteration 1461: Benign prob = 0.0585
Iteration 1489: Benign prob = 0.0591
Iteration 1498: Benign prob = 0.0599
Iteration 1537: Benign prob = 0.0600
Iteration 1560: Benign prob = 0.0604
Iteration 1576: Benign prob = 0.0606
Iteration 1583: Benign prob = 0.0621
Iteration 1613: Benign prob = 0.0633
Iteration 1681: Benign prob = 0.0641
Iteration 1701: Benign prob = 0.0641
Iteration 1702: Benign prob = 0.0645
Iteration 1742: Benign prob = 0.0651
Iteration 1745: Benign prob = 0.0656
Iteration 1760: Benign prob = 0.0658
Iteration 1814: Benign prob = 0.0664
Iteration 1827: Benign prob = 0.0674
Iteration 1828: Benign prob = 0.0678
Iteration 1831: Benign prob = 0.0683
Iteration 1849: Benign prob = 0.0706
Iteration 1856: Benign prob = 0.0717
Iteration 1942: Benign prob = 0.0723
Iteration 1970: Benign prob = 0.0733
Iteration 1972: Benign prob = 0.0736
Iteration 2002: Benign prob = 0.0738
Iteration 2008: Benign prob = 0.0746
Iteration 2011: Benign prob = 0.0752
Iteration 2056: Benign prob = 0.0757
Iteration 2114: Benign prob = 0.0758
Iteration 2116: Benign prob = 0.0765
Iteration 2163: Benign prob = 0.0768
Iteration 2229: Benign prob = 0.0768
Iteration 2235: Benign prob = 0.0778
Iteration 2265: Benign prob = 0.0792
Iteration 2283: Benign prob = 0.0794
Iteration 2308: Benign prob = 0.0801
Iteration 2337: Benign prob = 0.0810
Iteration 2383: Benign prob = 0.0819
Iteration 2540: Benign prob = 0.0851
Iteration 2567: Benign prob = 0.0852
Iteration 2642: Benign prob = 0.0856
Iteration 2657: Benign prob = 0.0858
Iteration 2711: Benign prob = 0.0865
Iteration 2813: Benign prob = 0.0904
Iteration 2883: Benign prob = 0.0911
Iteration 3066: Benign prob = 0.0923
Iteration 3075: Benign prob = 0.0923
Iteration 3076: Benign prob = 0.0931
Iteration 3088: Benign prob = 0.0958
Iteration 3182: Benign prob = 0.0961
Iteration 3241: Benign prob = 0.1006
Iteration 3267: Benign prob = 0.1010
Iteration 3280: Benign prob = 0.1020
Iteration 3463: Benign prob = 0.1057
Iteration 3558: Benign prob = 0.1063
Iteration 3565: Benign prob = 0.1080
Iteration 3601: Benign prob = 0.1080
Iteration 3614: Benign prob = 0.1084
Iteration 3671: Benign prob = 0.1097
Iteration 3677: Benign prob = 0.1115
Iteration 3683: Benign prob = 0.1124
Iteration 3697: Benign prob = 0.1132
Iteration 3727: Benign prob = 0.1137
Iteration 3735: Benign prob = 0.1153
Iteration 3768: Benign prob = 0.1155
Iteration 3781: Benign prob = 0.1169
Iteration 3801: Benign prob = 0.1180
Iteration 3817: Benign prob = 0.1198
Iteration 3823: Benign prob = 0.1201
Iteration 3833: Benign prob = 0.1222
Iteration 3914: Benign prob = 0.1239
Iteration 3924: Benign prob = 0.1251
Iteration 3925: Benign prob = 0.1252
Iteration 4037: Benign prob = 0.1256
Iteration 4080: Benign prob = 0.1300
Iteration 4167: Benign prob = 0.1321
Iteration 4257: Benign prob = 0.1329
Iteration 4311: Benign prob = 0.1363
Iteration 4383: Benign prob = 0.1378
Iteration 4419: Benign prob = 0.1410
Iteration 4523: Benign prob = 0.1423
Iteration 4533: Benign prob = 0.1444
Iteration 4599: Benign prob = 0.1456
Iteration 4600: Benign prob = 0.1475
Iteration 4866: Benign prob = 0.1481
Iteration 4904: Benign prob = 0.1483
Iteration 4914: Benign prob = 0.1485
Iteration 4963: Benign prob = 0.1494
Iteration 4964: Benign prob = 0.1525
Iteration 4999: Benign prob = 0.1538
Iteration 5057: Benign prob = 0.1573
Iteration 5081: Benign prob = 0.1576
Iteration 5101: Benign prob = 0.1580
Iteration 5122: Benign prob = 0.1586
Iteration 5136: Benign prob = 0.1596
Iteration 5150: Benign prob = 0.1599
Iteration 5170: Benign prob = 0.1607
Iteration 5229: Benign prob = 0.1618
Iteration 5246: Benign prob = 0.1625
Iteration 5282: Benign prob = 0.1629
Iteration 5306: Benign prob = 0.1657
Iteration 5376: Benign prob = 0.1660
Iteration 5416: Benign prob = 0.1662
Iteration 5422: Benign prob = 0.1677
Iteration 5500: Benign prob = 0.1679
Iteration 5567: Benign prob = 0.1696
Iteration 5584: Benign prob = 0.1771
Iteration 5714: Benign prob = 0.1792
Iteration 5836: Benign prob = 0.1811
Iteration 5857: Benign prob = 0.1840
Iteration 5946: Benign prob = 0.1847
Iteration 5953: Benign prob = 0.1851
Iteration 5957: Benign prob = 0.1878
Iteration 6062: Benign prob = 0.1900
Iteration 6187: Benign prob = 0.1904
Iteration 6195: Benign prob = 0.1970
Iteration 6221: Benign prob = 0.1992
Iteration 6239: Benign prob = 0.1998
Iteration 6313: Benign prob = 0.2045
Iteration 6326: Benign prob = 0.2055
Iteration 6330: Benign prob = 0.2101
Iteration 6407: Benign prob = 0.2134
Iteration 6435: Benign prob = 0.2140
Iteration 6462: Benign prob = 0.2165
Iteration 6554: Benign prob = 0.2219
Iteration 6641: Benign prob = 0.2223
Iteration 6751: Benign prob = 0.2283
Iteration 6763: Benign prob = 0.2300
Iteration 6820: Benign prob = 0.2309
Iteration 6846: Benign prob = 0.2317
Iteration 6895: Benign prob = 0.2323
Iteration 6900: Benign prob = 0.2333
Iteration 6926: Benign prob = 0.2347
Iteration 6945: Benign prob = 0.2348
Iteration 6947: Benign prob = 0.2380
Iteration 7012: Benign prob = 0.2425
Iteration 7045: Benign prob = 0.2446
Iteration 7089: Benign prob = 0.2471
Iteration 7208: Benign prob = 0.2486
Iteration 7263: Benign prob = 0.2494
Iteration 7272: Benign prob = 0.2504
Iteration 7278: Benign prob = 0.2512
Iteration 7315: Benign prob = 0.2514
Iteration 7517: Benign prob = 0.2557
Iteration 7543: Benign prob = 0.2564
Iteration 7798: Benign prob = 0.2612
Iteration 7908: Benign prob = 0.2624
Iteration 7923: Benign prob = 0.2642
Iteration 7932: Benign prob = 0.2642
Iteration 7965: Benign prob = 0.2654
Iteration 7966: Benign prob = 0.2692
Iteration 8001: Benign prob = 0.2724
Iteration 8019: Benign prob = 0.2770
Iteration 8045: Benign prob = 0.2802
Iteration 8147: Benign prob = 0.2888
Iteration 8185: Benign prob = 0.2923
Iteration 8299: Benign prob = 0.2989
Iteration 8543: Benign prob = 0.3029
Iteration 8562: Benign prob = 0.3029
Iteration 8634: Benign prob = 0.3034
Iteration 8639: Benign prob = 0.3096
Iteration 8669: Benign prob = 0.3116
Iteration 8747: Benign prob = 0.3124
Iteration 8792: Benign prob = 0.3177
Iteration 8938: Benign prob = 0.3219
Iteration 9171: Benign prob = 0.3224
Iteration 9210: Benign prob = 0.3243
Iteration 9280: Benign prob = 0.3253
Iteration 9443: Benign prob = 0.3303
Iteration 9478: Benign prob = 0.3338
Iteration 9561: Benign prob = 0.3373
Iteration 9598: Benign prob = 0.3385
Iteration 9625: Benign prob = 0.3420
Iteration 9681: Benign prob = 0.3422
Iteration 9685: Benign prob = 0.3423
Iteration 9711: Benign prob = 0.3458
Iteration 9764: Benign prob = 0.3474
Iteration 9768: Benign prob = 0.3489
Iteration 9812: Benign prob = 0.3492
Iteration 9821: Benign prob = 0.3509
Iteration 9856: Benign prob = 0.3514
Iteration 9886: Benign prob = 0.3522
Iteration 9902: Benign prob = 0.3543
Iteration 9920: Benign prob = 0.3619

 Completed Adversarial Image for image 6 in 15.88 minutes.

--- Adversarial Prediction Results for image 6: (/home/users/atodorova/alisa-thesis/malnet-cnn/test/worm/downadup/9FD90F3E0DD660D7D34EBEBA00EDD765D293586E51B3AFAFE40081DD2D21C11E.png) ---
Predicted class: 42 (trojan)
Confidence     : 0.4022
True class     : 46 (worm)


=== [7/10] Creating EA Adversarial Image for /home/users/atodorova/alisa-thesis/malnet-cnn/test/worm/downadup/C0B8A06A5F6A14983AB8772D83ACBFB0E5D289C2A14F6D61D8804B764239AAAC.png ===

--- Original Prediction Results ---
Predicted class: 4 (adware)

Confidence     : 1.0000

True class     : 46 (worm)

Target ('benign') class: 11 (benign)

[INFO] Benign class became best class at iteration 7140 with confidence 0.3355!

Failed to generate adversarial image in 10000 iterations.
Benign first predicted at iteration 7140 with confidence 0.3355.

Benign probability changes (iteration, prob):
Iteration 0: Benign prob = 0.0007
Iteration 2: Benign prob = 0.0008
Iteration 3: Benign prob = 0.0011
Iteration 4: Benign prob = 0.0012
Iteration 5: Benign prob = 0.0014
Iteration 7: Benign prob = 0.0015
Iteration 8: Benign prob = 0.0016
Iteration 10: Benign prob = 0.0017
Iteration 11: Benign prob = 0.0019
Iteration 12: Benign prob = 0.0019
Iteration 14: Benign prob = 0.0020
Iteration 15: Benign prob = 0.0020
Iteration 16: Benign prob = 0.0021
Iteration 17: Benign prob = 0.0021
Iteration 19: Benign prob = 0.0021
Iteration 20: Benign prob = 0.0022
Iteration 22: Benign prob = 0.0023
Iteration 25: Benign prob = 0.0027
Iteration 38: Benign prob = 0.0028
Iteration 40: Benign prob = 0.0029
Iteration 48: Benign prob = 0.0031
Iteration 53: Benign prob = 0.0031
Iteration 56: Benign prob = 0.0032
Iteration 65: Benign prob = 0.0033
Iteration 69: Benign prob = 0.0034
Iteration 72: Benign prob = 0.0034
Iteration 74: Benign prob = 0.0035
Iteration 76: Benign prob = 0.0037
Iteration 77: Benign prob = 0.0038
Iteration 86: Benign prob = 0.0042
Iteration 92: Benign prob = 0.0042
Iteration 95: Benign prob = 0.0043
Iteration 102: Benign prob = 0.0043
Iteration 111: Benign prob = 0.0044
Iteration 114: Benign prob = 0.0051
Iteration 116: Benign prob = 0.0053
Iteration 122: Benign prob = 0.0060
Iteration 131: Benign prob = 0.0065
Iteration 147: Benign prob = 0.0068
Iteration 163: Benign prob = 0.0070
Iteration 167: Benign prob = 0.0072
Iteration 175: Benign prob = 0.0072
Iteration 180: Benign prob = 0.0074
Iteration 190: Benign prob = 0.0077
Iteration 197: Benign prob = 0.0081
Iteration 204: Benign prob = 0.0087
Iteration 217: Benign prob = 0.0091
Iteration 230: Benign prob = 0.0092
Iteration 232: Benign prob = 0.0092
Iteration 234: Benign prob = 0.0103
Iteration 259: Benign prob = 0.0112
Iteration 271: Benign prob = 0.0112
Iteration 292: Benign prob = 0.0113
Iteration 293: Benign prob = 0.0119
Iteration 294: Benign prob = 0.0121
Iteration 310: Benign prob = 0.0125
Iteration 323: Benign prob = 0.0127
Iteration 326: Benign prob = 0.0131
Iteration 344: Benign prob = 0.0143
Iteration 348: Benign prob = 0.0144
Iteration 356: Benign prob = 0.0149
Iteration 394: Benign prob = 0.0150
Iteration 395: Benign prob = 0.0157
Iteration 404: Benign prob = 0.0160
Iteration 408: Benign prob = 0.0161
Iteration 414: Benign prob = 0.0171
Iteration 463: Benign prob = 0.0175
Iteration 493: Benign prob = 0.0176
Iteration 524: Benign prob = 0.0179
Iteration 559: Benign prob = 0.0179
Iteration 568: Benign prob = 0.0183
Iteration 585: Benign prob = 0.0194
Iteration 595: Benign prob = 0.0195
Iteration 603: Benign prob = 0.0203
Iteration 620: Benign prob = 0.0206
Iteration 631: Benign prob = 0.0212
Iteration 664: Benign prob = 0.0224
Iteration 710: Benign prob = 0.0229
Iteration 719: Benign prob = 0.0234
Iteration 731: Benign prob = 0.0235
Iteration 791: Benign prob = 0.0237
Iteration 810: Benign prob = 0.0237
Iteration 827: Benign prob = 0.0242
Iteration 845: Benign prob = 0.0243
Iteration 860: Benign prob = 0.0247
Iteration 887: Benign prob = 0.0249
Iteration 889: Benign prob = 0.0250
Iteration 890: Benign prob = 0.0254
Iteration 905: Benign prob = 0.0255
Iteration 955: Benign prob = 0.0264
Iteration 1055: Benign prob = 0.0265
Iteration 1073: Benign prob = 0.0267
Iteration 1078: Benign prob = 0.0267
Iteration 1080: Benign prob = 0.0280
Iteration 1119: Benign prob = 0.0284
Iteration 1130: Benign prob = 0.0288
Iteration 1137: Benign prob = 0.0310
Iteration 1176: Benign prob = 0.0311
Iteration 1187: Benign prob = 0.0314
Iteration 1236: Benign prob = 0.0333
Iteration 1248: Benign prob = 0.0335
Iteration 1272: Benign prob = 0.0335
Iteration 1275: Benign prob = 0.0338
Iteration 1307: Benign prob = 0.0344
Iteration 1340: Benign prob = 0.0352
Iteration 1440: Benign prob = 0.0353
Iteration 1446: Benign prob = 0.0353
Iteration 1454: Benign prob = 0.0355
Iteration 1467: Benign prob = 0.0361
Iteration 1481: Benign prob = 0.0369
Iteration 1503: Benign prob = 0.0375
Iteration 1575: Benign prob = 0.0376
Iteration 1586: Benign prob = 0.0383
Iteration 1621: Benign prob = 0.0385
Iteration 1625: Benign prob = 0.0391
Iteration 1631: Benign prob = 0.0400
Iteration 1640: Benign prob = 0.0409
Iteration 1683: Benign prob = 0.0415
Iteration 1712: Benign prob = 0.0427
Iteration 1723: Benign prob = 0.0433
Iteration 1728: Benign prob = 0.0435
Iteration 1823: Benign prob = 0.0436
Iteration 1848: Benign prob = 0.0446
Iteration 1853: Benign prob = 0.0450
Iteration 1864: Benign prob = 0.0451
Iteration 1874: Benign prob = 0.0463
Iteration 1894: Benign prob = 0.0466
Iteration 1927: Benign prob = 0.0473
Iteration 1962: Benign prob = 0.0475
Iteration 1995: Benign prob = 0.0482
Iteration 2017: Benign prob = 0.0486
Iteration 2036: Benign prob = 0.0487
Iteration 2040: Benign prob = 0.0495
Iteration 2052: Benign prob = 0.0516
Iteration 2065: Benign prob = 0.0520
Iteration 2068: Benign prob = 0.0531
Iteration 2088: Benign prob = 0.0533
Iteration 2124: Benign prob = 0.0537
Iteration 2135: Benign prob = 0.0545
Iteration 2141: Benign prob = 0.0571
Iteration 2219: Benign prob = 0.0592
Iteration 2246: Benign prob = 0.0626
Iteration 2269: Benign prob = 0.0634
Iteration 2286: Benign prob = 0.0663
Iteration 2332: Benign prob = 0.0672
Iteration 2393: Benign prob = 0.0677
Iteration 2410: Benign prob = 0.0682
Iteration 2411: Benign prob = 0.0696
Iteration 2424: Benign prob = 0.0708
Iteration 2428: Benign prob = 0.0710
Iteration 2429: Benign prob = 0.0715
Iteration 2447: Benign prob = 0.0716
Iteration 2460: Benign prob = 0.0731
Iteration 2505: Benign prob = 0.0757
Iteration 2524: Benign prob = 0.0762
Iteration 2549: Benign prob = 0.0767
Iteration 2556: Benign prob = 0.0786
Iteration 2600: Benign prob = 0.0794
Iteration 2630: Benign prob = 0.0814
Iteration 2637: Benign prob = 0.0827
Iteration 2783: Benign prob = 0.0831
Iteration 2797: Benign prob = 0.0839
Iteration 2803: Benign prob = 0.0865
Iteration 2881: Benign prob = 0.0868
Iteration 2925: Benign prob = 0.0890
Iteration 2940: Benign prob = 0.0893
Iteration 2976: Benign prob = 0.0916
Iteration 3009: Benign prob = 0.0930
Iteration 3022: Benign prob = 0.0944
Iteration 3073: Benign prob = 0.0978
Iteration 3126: Benign prob = 0.0985
Iteration 3191: Benign prob = 0.0995
Iteration 3239: Benign prob = 0.1017
Iteration 3303: Benign prob = 0.1025
Iteration 3304: Benign prob = 0.1057
Iteration 3356: Benign prob = 0.1061
Iteration 3426: Benign prob = 0.1079
Iteration 3444: Benign prob = 0.1079
Iteration 3449: Benign prob = 0.1083
Iteration 3457: Benign prob = 0.1089
Iteration 3477: Benign prob = 0.1102
Iteration 3494: Benign prob = 0.1108
Iteration 3559: Benign prob = 0.1113
Iteration 3563: Benign prob = 0.1149
Iteration 3602: Benign prob = 0.1169
Iteration 3672: Benign prob = 0.1177
Iteration 3678: Benign prob = 0.1190
Iteration 3752: Benign prob = 0.1198
Iteration 3754: Benign prob = 0.1200
Iteration 3759: Benign prob = 0.1209
Iteration 3771: Benign prob = 0.1211
Iteration 3797: Benign prob = 0.1226
Iteration 3853: Benign prob = 0.1306
Iteration 3883: Benign prob = 0.1338
Iteration 3941: Benign prob = 0.1360
Iteration 3959: Benign prob = 0.1367
Iteration 3983: Benign prob = 0.1385
Iteration 3986: Benign prob = 0.1395
Iteration 4022: Benign prob = 0.1411
Iteration 4071: Benign prob = 0.1433
Iteration 4143: Benign prob = 0.1454
Iteration 4157: Benign prob = 0.1465
Iteration 4208: Benign prob = 0.1471
Iteration 4256: Benign prob = 0.1486
Iteration 4280: Benign prob = 0.1507
Iteration 4299: Benign prob = 0.1524
Iteration 4376: Benign prob = 0.1539
Iteration 4434: Benign prob = 0.1541
Iteration 4466: Benign prob = 0.1651
Iteration 4530: Benign prob = 0.1652
Iteration 4532: Benign prob = 0.1663
Iteration 4577: Benign prob = 0.1673
Iteration 4592: Benign prob = 0.1695
Iteration 4600: Benign prob = 0.1697
Iteration 4603: Benign prob = 0.1709
Iteration 4633: Benign prob = 0.1725
Iteration 4653: Benign prob = 0.1769
Iteration 4750: Benign prob = 0.1780
Iteration 4890: Benign prob = 0.1787
Iteration 4891: Benign prob = 0.1806
Iteration 4927: Benign prob = 0.1858
Iteration 4946: Benign prob = 0.1937
Iteration 5066: Benign prob = 0.1945
Iteration 5135: Benign prob = 0.1966
Iteration 5164: Benign prob = 0.1969
Iteration 5176: Benign prob = 0.1978
Iteration 5204: Benign prob = 0.2012
Iteration 5234: Benign prob = 0.2059
Iteration 5239: Benign prob = 0.2077
Iteration 5320: Benign prob = 0.2094
Iteration 5332: Benign prob = 0.2120
Iteration 5341: Benign prob = 0.2161
Iteration 5364: Benign prob = 0.2174
Iteration 5403: Benign prob = 0.2205
Iteration 5475: Benign prob = 0.2224
Iteration 5484: Benign prob = 0.2281
Iteration 5570: Benign prob = 0.2315
Iteration 5646: Benign prob = 0.2319
Iteration 5718: Benign prob = 0.2411
Iteration 5763: Benign prob = 0.2431
Iteration 5971: Benign prob = 0.2460
Iteration 6080: Benign prob = 0.2491
Iteration 6146: Benign prob = 0.2518
Iteration 6227: Benign prob = 0.2678
Iteration 6407: Benign prob = 0.2740
Iteration 6409: Benign prob = 0.2755
Iteration 6426: Benign prob = 0.2794
Iteration 6452: Benign prob = 0.2831
Iteration 6467: Benign prob = 0.2862
Iteration 6489: Benign prob = 0.2881
Iteration 6518: Benign prob = 0.2887
Iteration 6545: Benign prob = 0.2889
Iteration 6581: Benign prob = 0.2941
Iteration 6624: Benign prob = 0.2947
Iteration 6625: Benign prob = 0.2966
Iteration 6650: Benign prob = 0.2995
Iteration 6724: Benign prob = 0.3001
Iteration 6726: Benign prob = 0.3037
Iteration 6739: Benign prob = 0.3055
Iteration 6753: Benign prob = 0.3072
Iteration 6757: Benign prob = 0.3099
Iteration 6822: Benign prob = 0.3105
Iteration 6849: Benign prob = 0.3111
Iteration 6874: Benign prob = 0.3138
Iteration 6929: Benign prob = 0.3175
Iteration 7025: Benign prob = 0.3198
Iteration 7065: Benign prob = 0.3203
Iteration 7134: Benign prob = 0.3311
Iteration 7140: Benign prob = 0.3355
Iteration 7340: Benign prob = 0.3359
Iteration 7396: Benign prob = 0.3498
Iteration 7464: Benign prob = 0.3590
Iteration 7658: Benign prob = 0.3652
Iteration 7724: Benign prob = 0.3657
Iteration 7740: Benign prob = 0.3704
Iteration 7741: Benign prob = 0.3779
Iteration 7831: Benign prob = 0.3789
Iteration 7855: Benign prob = 0.3815
Iteration 7879: Benign prob = 0.3836
Iteration 7880: Benign prob = 0.3851
Iteration 7912: Benign prob = 0.3865
Iteration 7966: Benign prob = 0.3926
Iteration 8036: Benign prob = 0.4097
Iteration 8050: Benign prob = 0.4108
Iteration 8121: Benign prob = 0.4126
Iteration 8125: Benign prob = 0.4127
Iteration 8148: Benign prob = 0.4129
Iteration 8151: Benign prob = 0.4178
Iteration 8183: Benign prob = 0.4286
Iteration 8284: Benign prob = 0.4315
Iteration 8335: Benign prob = 0.4336
Iteration 8343: Benign prob = 0.4341
Iteration 8358: Benign prob = 0.4361
Iteration 8378: Benign prob = 0.4370
Iteration 8411: Benign prob = 0.4419
Iteration 8514: Benign prob = 0.4432
Iteration 8549: Benign prob = 0.4450
Iteration 8578: Benign prob = 0.4455
Iteration 8631: Benign prob = 0.4483
Iteration 8694: Benign prob = 0.4504
Iteration 8698: Benign prob = 0.4512
Iteration 8750: Benign prob = 0.4543
Iteration 8787: Benign prob = 0.4610
Iteration 8806: Benign prob = 0.4635
Iteration 8898: Benign prob = 0.4722
Iteration 8908: Benign prob = 0.4725
Iteration 8922: Benign prob = 0.4737
Iteration 8987: Benign prob = 0.4745
Iteration 9004: Benign prob = 0.4759
Iteration 9010: Benign prob = 0.4807
Iteration 9033: Benign prob = 0.4812
Iteration 9091: Benign prob = 0.4815
Iteration 9095: Benign prob = 0.4837
Iteration 9171: Benign prob = 0.4929
Iteration 9221: Benign prob = 0.4931
Iteration 9222: Benign prob = 0.4992
Iteration 9279: Benign prob = 0.5045
Iteration 9282: Benign prob = 0.5052
Iteration 9378: Benign prob = 0.5109
Iteration 9509: Benign prob = 0.5110
Iteration 9510: Benign prob = 0.5119
Iteration 9715: Benign prob = 0.5138
Iteration 9813: Benign prob = 0.5139
Iteration 9816: Benign prob = 0.5142
Iteration 9817: Benign prob = 0.5158

 Completed Adversarial Image for image 7 in 15.84 minutes.

--- Adversarial Prediction Results for image 7: (/home/users/atodorova/alisa-thesis/malnet-cnn/test/worm/downadup/C0B8A06A5F6A14983AB8772D83ACBFB0E5D289C2A14F6D61D8804B764239AAAC.png) ---
Predicted class: 42 (trojan)
Confidence     : 0.4895
True class     : 46 (worm)


=== [8/10] Creating EA Adversarial Image for /home/users/atodorova/alisa-thesis/malnet-cnn/test/worm/allaple/EBF13E616116FEE02148DC554703555F3CA4A7C4494859F2F074E39F874ED9B7.png ===

--- Original Prediction Results ---
Predicted class: 4 (adware)

Confidence     : 1.0000

True class     : 46 (worm)

Target ('benign') class: 11 (benign)

[INFO] Benign class became best class at iteration 7770 with confidence 0.2901!

Failed to generate adversarial image in 10000 iterations.
Benign first predicted at iteration 7770 with confidence 0.2901.

Benign probability changes (iteration, prob):
Iteration 0: Benign prob = 0.0005
Iteration 1: Benign prob = 0.0006
Iteration 2: Benign prob = 0.0007
Iteration 3: Benign prob = 0.0009
Iteration 4: Benign prob = 0.0012
Iteration 5: Benign prob = 0.0015
Iteration 6: Benign prob = 0.0016
Iteration 7: Benign prob = 0.0016
Iteration 9: Benign prob = 0.0017
Iteration 11: Benign prob = 0.0018
Iteration 13: Benign prob = 0.0018
Iteration 14: Benign prob = 0.0022
Iteration 19: Benign prob = 0.0023
Iteration 23: Benign prob = 0.0024
Iteration 27: Benign prob = 0.0027
Iteration 35: Benign prob = 0.0028
Iteration 42: Benign prob = 0.0028
Iteration 50: Benign prob = 0.0030
Iteration 58: Benign prob = 0.0030
Iteration 62: Benign prob = 0.0031
Iteration 66: Benign prob = 0.0031
Iteration 67: Benign prob = 0.0032
Iteration 74: Benign prob = 0.0033
Iteration 87: Benign prob = 0.0033
Iteration 89: Benign prob = 0.0036
Iteration 90: Benign prob = 0.0038
Iteration 103: Benign prob = 0.0041
Iteration 109: Benign prob = 0.0041
Iteration 110: Benign prob = 0.0042
Iteration 113: Benign prob = 0.0047
Iteration 119: Benign prob = 0.0047
Iteration 122: Benign prob = 0.0050
Iteration 137: Benign prob = 0.0051
Iteration 140: Benign prob = 0.0053
Iteration 146: Benign prob = 0.0055
Iteration 155: Benign prob = 0.0056
Iteration 183: Benign prob = 0.0057
Iteration 184: Benign prob = 0.0060
Iteration 186: Benign prob = 0.0065
Iteration 197: Benign prob = 0.0065
Iteration 210: Benign prob = 0.0066
Iteration 215: Benign prob = 0.0067
Iteration 220: Benign prob = 0.0067
Iteration 222: Benign prob = 0.0067
Iteration 223: Benign prob = 0.0068
Iteration 226: Benign prob = 0.0069
Iteration 229: Benign prob = 0.0072
Iteration 230: Benign prob = 0.0076
Iteration 242: Benign prob = 0.0077
Iteration 248: Benign prob = 0.0081
Iteration 260: Benign prob = 0.0082
Iteration 266: Benign prob = 0.0084
Iteration 267: Benign prob = 0.0088
Iteration 272: Benign prob = 0.0089
Iteration 281: Benign prob = 0.0090
Iteration 287: Benign prob = 0.0095
Iteration 293: Benign prob = 0.0096
Iteration 297: Benign prob = 0.0104
Iteration 308: Benign prob = 0.0112
Iteration 310: Benign prob = 0.0116
Iteration 333: Benign prob = 0.0128
Iteration 341: Benign prob = 0.0130
Iteration 348: Benign prob = 0.0130
Iteration 368: Benign prob = 0.0145
Iteration 380: Benign prob = 0.0153
Iteration 385: Benign prob = 0.0168
Iteration 389: Benign prob = 0.0169
Iteration 399: Benign prob = 0.0176
Iteration 406: Benign prob = 0.0178
Iteration 418: Benign prob = 0.0180
Iteration 425: Benign prob = 0.0185
Iteration 445: Benign prob = 0.0185
Iteration 466: Benign prob = 0.0186
Iteration 473: Benign prob = 0.0196
Iteration 474: Benign prob = 0.0201
Iteration 482: Benign prob = 0.0221
Iteration 510: Benign prob = 0.0224
Iteration 520: Benign prob = 0.0227
Iteration 540: Benign prob = 0.0227
Iteration 543: Benign prob = 0.0230
Iteration 564: Benign prob = 0.0240
Iteration 590: Benign prob = 0.0244
Iteration 621: Benign prob = 0.0247
Iteration 622: Benign prob = 0.0248
Iteration 642: Benign prob = 0.0251
Iteration 659: Benign prob = 0.0254
Iteration 682: Benign prob = 0.0257
Iteration 734: Benign prob = 0.0262
Iteration 773: Benign prob = 0.0266
Iteration 800: Benign prob = 0.0285
Iteration 827: Benign prob = 0.0288
Iteration 841: Benign prob = 0.0296
Iteration 853: Benign prob = 0.0296
Iteration 869: Benign prob = 0.0299
Iteration 893: Benign prob = 0.0305
Iteration 918: Benign prob = 0.0312
Iteration 955: Benign prob = 0.0317
Iteration 990: Benign prob = 0.0322
Iteration 997: Benign prob = 0.0336
Iteration 1018: Benign prob = 0.0339
Iteration 1052: Benign prob = 0.0343
Iteration 1060: Benign prob = 0.0347
Iteration 1078: Benign prob = 0.0348
Iteration 1087: Benign prob = 0.0348
Iteration 1091: Benign prob = 0.0357
Iteration 1098: Benign prob = 0.0360
Iteration 1099: Benign prob = 0.0360
Iteration 1145: Benign prob = 0.0363
Iteration 1169: Benign prob = 0.0363
Iteration 1172: Benign prob = 0.0368
Iteration 1185: Benign prob = 0.0376
Iteration 1201: Benign prob = 0.0378
Iteration 1232: Benign prob = 0.0385
Iteration 1312: Benign prob = 0.0385
Iteration 1313: Benign prob = 0.0387
Iteration 1325: Benign prob = 0.0388
Iteration 1326: Benign prob = 0.0388
Iteration 1332: Benign prob = 0.0396
Iteration 1347: Benign prob = 0.0401
Iteration 1358: Benign prob = 0.0406
Iteration 1370: Benign prob = 0.0413
Iteration 1387: Benign prob = 0.0430
Iteration 1408: Benign prob = 0.0432
Iteration 1412: Benign prob = 0.0438
Iteration 1465: Benign prob = 0.0441
Iteration 1500: Benign prob = 0.0453
Iteration 1501: Benign prob = 0.0456
Iteration 1561: Benign prob = 0.0463
Iteration 1563: Benign prob = 0.0475
Iteration 1599: Benign prob = 0.0506
Iteration 1670: Benign prob = 0.0510
Iteration 1715: Benign prob = 0.0512
Iteration 1724: Benign prob = 0.0520
Iteration 1767: Benign prob = 0.0525
Iteration 1779: Benign prob = 0.0526
Iteration 1787: Benign prob = 0.0536
Iteration 1788: Benign prob = 0.0537
Iteration 1791: Benign prob = 0.0541
Iteration 1869: Benign prob = 0.0544
Iteration 1889: Benign prob = 0.0549
Iteration 1966: Benign prob = 0.0563
Iteration 1989: Benign prob = 0.0577
Iteration 2044: Benign prob = 0.0582
Iteration 2046: Benign prob = 0.0585
Iteration 2110: Benign prob = 0.0587
Iteration 2113: Benign prob = 0.0589
Iteration 2125: Benign prob = 0.0591
Iteration 2132: Benign prob = 0.0605
Iteration 2265: Benign prob = 0.0616
Iteration 2301: Benign prob = 0.0635
Iteration 2346: Benign prob = 0.0642
Iteration 2396: Benign prob = 0.0651
Iteration 2428: Benign prob = 0.0666
Iteration 2436: Benign prob = 0.0682
Iteration 2476: Benign prob = 0.0711
Iteration 2532: Benign prob = 0.0713
Iteration 2544: Benign prob = 0.0716
Iteration 2571: Benign prob = 0.0765
Iteration 2688: Benign prob = 0.0773
Iteration 2770: Benign prob = 0.0782
Iteration 2826: Benign prob = 0.0794
Iteration 2898: Benign prob = 0.0794
Iteration 2910: Benign prob = 0.0802
Iteration 2921: Benign prob = 0.0820
Iteration 2961: Benign prob = 0.0824
Iteration 3001: Benign prob = 0.0828
Iteration 3012: Benign prob = 0.0833
Iteration 3178: Benign prob = 0.0839
Iteration 3197: Benign prob = 0.0840
Iteration 3198: Benign prob = 0.0851
Iteration 3219: Benign prob = 0.0859
Iteration 3222: Benign prob = 0.0879
Iteration 3254: Benign prob = 0.0888
Iteration 3331: Benign prob = 0.0890
Iteration 3336: Benign prob = 0.0894
Iteration 3496: Benign prob = 0.0911
Iteration 3609: Benign prob = 0.0917
Iteration 3641: Benign prob = 0.0921
Iteration 3647: Benign prob = 0.0924
Iteration 3665: Benign prob = 0.0927
Iteration 3674: Benign prob = 0.0938
Iteration 3708: Benign prob = 0.0944
Iteration 3709: Benign prob = 0.0961
Iteration 3737: Benign prob = 0.0971
Iteration 3864: Benign prob = 0.0984
Iteration 3904: Benign prob = 0.1022
Iteration 3964: Benign prob = 0.1023
Iteration 4000: Benign prob = 0.1035
Iteration 4061: Benign prob = 0.1056
Iteration 4125: Benign prob = 0.1100
Iteration 4176: Benign prob = 0.1108
Iteration 4223: Benign prob = 0.1113
Iteration 4245: Benign prob = 0.1122
Iteration 4309: Benign prob = 0.1150
Iteration 4344: Benign prob = 0.1160
Iteration 4392: Benign prob = 0.1178
Iteration 4436: Benign prob = 0.1225
Iteration 4480: Benign prob = 0.1229
Iteration 4533: Benign prob = 0.1238
Iteration 4548: Benign prob = 0.1253
Iteration 4560: Benign prob = 0.1277
Iteration 4580: Benign prob = 0.1289
Iteration 4675: Benign prob = 0.1298
Iteration 4688: Benign prob = 0.1306
Iteration 4700: Benign prob = 0.1307
Iteration 4724: Benign prob = 0.1310
Iteration 4727: Benign prob = 0.1334
Iteration 4736: Benign prob = 0.1336
Iteration 4837: Benign prob = 0.1356
Iteration 4957: Benign prob = 0.1371
Iteration 4962: Benign prob = 0.1398
Iteration 5065: Benign prob = 0.1404
Iteration 5121: Benign prob = 0.1420
Iteration 5124: Benign prob = 0.1430
Iteration 5143: Benign prob = 0.1433
Iteration 5144: Benign prob = 0.1442
Iteration 5156: Benign prob = 0.1445
Iteration 5176: Benign prob = 0.1478
Iteration 5257: Benign prob = 0.1482
Iteration 5288: Benign prob = 0.1499
Iteration 5291: Benign prob = 0.1520
Iteration 5357: Benign prob = 0.1560
Iteration 5442: Benign prob = 0.1570
Iteration 5494: Benign prob = 0.1578
Iteration 5525: Benign prob = 0.1608
Iteration 5575: Benign prob = 0.1616
Iteration 5628: Benign prob = 0.1622
Iteration 5700: Benign prob = 0.1635
Iteration 5701: Benign prob = 0.1639
Iteration 5719: Benign prob = 0.1650
Iteration 5726: Benign prob = 0.1677
Iteration 5763: Benign prob = 0.1679
Iteration 5767: Benign prob = 0.1697
Iteration 5796: Benign prob = 0.1749
Iteration 5829: Benign prob = 0.1763
Iteration 5870: Benign prob = 0.1779
Iteration 5914: Benign prob = 0.1780
Iteration 5942: Benign prob = 0.1785
Iteration 5947: Benign prob = 0.1826
Iteration 6092: Benign prob = 0.1853
Iteration 6134: Benign prob = 0.1855
Iteration 6140: Benign prob = 0.1911
Iteration 6146: Benign prob = 0.1946
Iteration 6239: Benign prob = 0.1975
Iteration 6286: Benign prob = 0.2003
Iteration 6329: Benign prob = 0.2009
Iteration 6450: Benign prob = 0.2023
Iteration 6506: Benign prob = 0.2025
Iteration 6534: Benign prob = 0.2042
Iteration 6580: Benign prob = 0.2046
Iteration 6605: Benign prob = 0.2055
Iteration 6667: Benign prob = 0.2060
Iteration 6687: Benign prob = 0.2062
Iteration 6778: Benign prob = 0.2107
Iteration 6791: Benign prob = 0.2198
Iteration 6815: Benign prob = 0.2279
Iteration 6874: Benign prob = 0.2315
Iteration 7043: Benign prob = 0.2344
Iteration 7084: Benign prob = 0.2345
Iteration 7100: Benign prob = 0.2360
Iteration 7120: Benign prob = 0.2400
Iteration 7219: Benign prob = 0.2404
Iteration 7272: Benign prob = 0.2418
Iteration 7317: Benign prob = 0.2527
Iteration 7346: Benign prob = 0.2557
Iteration 7416: Benign prob = 0.2596
Iteration 7489: Benign prob = 0.2612
Iteration 7558: Benign prob = 0.2685
Iteration 7663: Benign prob = 0.2688
Iteration 7672: Benign prob = 0.2706
Iteration 7704: Benign prob = 0.2756
Iteration 7725: Benign prob = 0.2762
Iteration 7727: Benign prob = 0.2829
Iteration 7764: Benign prob = 0.2833
Iteration 7769: Benign prob = 0.2834
Iteration 7770: Benign prob = 0.2901
Iteration 7928: Benign prob = 0.2932
Iteration 7986: Benign prob = 0.2946
Iteration 8111: Benign prob = 0.2978
Iteration 8162: Benign prob = 0.2980
Iteration 8239: Benign prob = 0.3052
Iteration 8270: Benign prob = 0.3064
Iteration 8298: Benign prob = 0.3091
Iteration 8318: Benign prob = 0.3136
Iteration 8377: Benign prob = 0.3155
Iteration 8493: Benign prob = 0.3172
Iteration 8497: Benign prob = 0.3193
Iteration 8504: Benign prob = 0.3216
Iteration 8523: Benign prob = 0.3217
Iteration 8565: Benign prob = 0.3235
Iteration 8568: Benign prob = 0.3273
Iteration 8624: Benign prob = 0.3295
Iteration 8674: Benign prob = 0.3372
Iteration 8746: Benign prob = 0.3415
Iteration 8844: Benign prob = 0.3485
Iteration 8857: Benign prob = 0.3505
Iteration 8902: Benign prob = 0.3508
Iteration 8942: Benign prob = 0.3511
Iteration 8967: Benign prob = 0.3520
Iteration 9007: Benign prob = 0.3554
Iteration 9082: Benign prob = 0.3559
Iteration 9096: Benign prob = 0.3560
Iteration 9173: Benign prob = 0.3591
Iteration 9251: Benign prob = 0.3602
Iteration 9258: Benign prob = 0.3614
Iteration 9287: Benign prob = 0.3619
Iteration 9368: Benign prob = 0.3645
Iteration 9399: Benign prob = 0.3664
Iteration 9417: Benign prob = 0.3693
Iteration 9502: Benign prob = 0.3768
Iteration 9553: Benign prob = 0.3794
Iteration 9754: Benign prob = 0.3809
Iteration 9798: Benign prob = 0.3835
Iteration 9848: Benign prob = 0.3862
Iteration 9878: Benign prob = 0.3906
Iteration 9921: Benign prob = 0.3920
Iteration 9981: Benign prob = 0.3935
Iteration 9991: Benign prob = 0.3949

 Completed Adversarial Image for image 8 in 15.75 minutes.

--- Adversarial Prediction Results for image 8: (/home/users/atodorova/alisa-thesis/malnet-cnn/test/worm/allaple/EBF13E616116FEE02148DC554703555F3CA4A7C4494859F2F074E39F874ED9B7.png) ---
Predicted class: 42 (trojan)
Confidence     : 0.6011
True class     : 46 (worm)


=== [9/10] Creating EA Adversarial Image for /home/users/atodorova/alisa-thesis/malnet-cnn/test/worm/allaple/BD6EA6B1C5CBC6C8537B653C4476D47B993F03C4E557EFE50833E9976C69EEED.png ===

--- Original Prediction Results ---
Predicted class: 4 (adware)

Confidence     : 1.0000

True class     : 46 (worm)

Target ('benign') class: 11 (benign)

[INFO] Benign class became best class at iteration 1061 with confidence 0.3399!

Targeted adversarial image created in 1512 iterations.
Benign first predicted at iteration 1061 with confidence 0.3399.

Benign probability changes (iteration, prob):
Iteration 0: Benign prob = 0.0007
Iteration 4: Benign prob = 0.0010
Iteration 5: Benign prob = 0.0014
Iteration 6: Benign prob = 0.0016
Iteration 7: Benign prob = 0.0016
Iteration 10: Benign prob = 0.0017
Iteration 11: Benign prob = 0.0017
Iteration 12: Benign prob = 0.0017
Iteration 13: Benign prob = 0.0017
Iteration 14: Benign prob = 0.0019
Iteration 15: Benign prob = 0.0019
Iteration 17: Benign prob = 0.0022
Iteration 23: Benign prob = 0.0022
Iteration 27: Benign prob = 0.0023
Iteration 28: Benign prob = 0.0023
Iteration 30: Benign prob = 0.0025
Iteration 32: Benign prob = 0.0028
Iteration 34: Benign prob = 0.0030
Iteration 35: Benign prob = 0.0031
Iteration 41: Benign prob = 0.0032
Iteration 42: Benign prob = 0.0034
Iteration 45: Benign prob = 0.0035
Iteration 48: Benign prob = 0.0037
Iteration 50: Benign prob = 0.0038
Iteration 53: Benign prob = 0.0038
Iteration 54: Benign prob = 0.0040
Iteration 56: Benign prob = 0.0042
Iteration 67: Benign prob = 0.0043
Iteration 79: Benign prob = 0.0044
Iteration 82: Benign prob = 0.0045
Iteration 83: Benign prob = 0.0049
Iteration 104: Benign prob = 0.0049
Iteration 106: Benign prob = 0.0053
Iteration 111: Benign prob = 0.0054
Iteration 120: Benign prob = 0.0054
Iteration 121: Benign prob = 0.0055
Iteration 124: Benign prob = 0.0058
Iteration 134: Benign prob = 0.0064
Iteration 137: Benign prob = 0.0067
Iteration 145: Benign prob = 0.0069
Iteration 149: Benign prob = 0.0071
Iteration 161: Benign prob = 0.0071
Iteration 167: Benign prob = 0.0073
Iteration 170: Benign prob = 0.0077
Iteration 171: Benign prob = 0.0087
Iteration 173: Benign prob = 0.0087
Iteration 175: Benign prob = 0.0089
Iteration 190: Benign prob = 0.0090
Iteration 193: Benign prob = 0.0096
Iteration 196: Benign prob = 0.0100
Iteration 202: Benign prob = 0.0104
Iteration 225: Benign prob = 0.0109
Iteration 233: Benign prob = 0.0118
Iteration 238: Benign prob = 0.0125
Iteration 248: Benign prob = 0.0126
Iteration 262: Benign prob = 0.0127
Iteration 263: Benign prob = 0.0136
Iteration 265: Benign prob = 0.0143
Iteration 273: Benign prob = 0.0155
Iteration 280: Benign prob = 0.0157
Iteration 281: Benign prob = 0.0160
Iteration 282: Benign prob = 0.0170
Iteration 283: Benign prob = 0.0171
Iteration 284: Benign prob = 0.0173
Iteration 285: Benign prob = 0.0197
Iteration 286: Benign prob = 0.0201
Iteration 289: Benign prob = 0.0225
Iteration 291: Benign prob = 0.0230
Iteration 294: Benign prob = 0.0239
Iteration 299: Benign prob = 0.0256
Iteration 305: Benign prob = 0.0258
Iteration 307: Benign prob = 0.0261
Iteration 312: Benign prob = 0.0272
Iteration 313: Benign prob = 0.0279
Iteration 314: Benign prob = 0.0284
Iteration 316: Benign prob = 0.0294
Iteration 319: Benign prob = 0.0306
Iteration 320: Benign prob = 0.0308
Iteration 323: Benign prob = 0.0336
Iteration 334: Benign prob = 0.0362
Iteration 337: Benign prob = 0.0368
Iteration 344: Benign prob = 0.0385
Iteration 347: Benign prob = 0.0388
Iteration 358: Benign prob = 0.0405
Iteration 360: Benign prob = 0.0417
Iteration 362: Benign prob = 0.0417
Iteration 364: Benign prob = 0.0455
Iteration 365: Benign prob = 0.0466
Iteration 367: Benign prob = 0.0481
Iteration 385: Benign prob = 0.0497
Iteration 403: Benign prob = 0.0507
Iteration 406: Benign prob = 0.0534
Iteration 407: Benign prob = 0.0582
Iteration 414: Benign prob = 0.0594
Iteration 416: Benign prob = 0.0630
Iteration 419: Benign prob = 0.0635
Iteration 420: Benign prob = 0.0750
Iteration 429: Benign prob = 0.0810
Iteration 446: Benign prob = 0.0815
Iteration 454: Benign prob = 0.0856
Iteration 461: Benign prob = 0.0958
Iteration 467: Benign prob = 0.0961
Iteration 484: Benign prob = 0.1030
Iteration 491: Benign prob = 0.1046
Iteration 495: Benign prob = 0.1097
Iteration 506: Benign prob = 0.1165
Iteration 517: Benign prob = 0.1283
Iteration 525: Benign prob = 0.1322
Iteration 547: Benign prob = 0.1486
Iteration 560: Benign prob = 0.1555
Iteration 581: Benign prob = 0.1577
Iteration 592: Benign prob = 0.1605
Iteration 622: Benign prob = 0.1612
Iteration 623: Benign prob = 0.1653
Iteration 658: Benign prob = 0.1695
Iteration 661: Benign prob = 0.1717
Iteration 669: Benign prob = 0.1720
Iteration 670: Benign prob = 0.1728
Iteration 674: Benign prob = 0.1854
Iteration 712: Benign prob = 0.1857
Iteration 717: Benign prob = 0.1884
Iteration 742: Benign prob = 0.1933
Iteration 748: Benign prob = 0.2103
Iteration 761: Benign prob = 0.2113
Iteration 782: Benign prob = 0.2114
Iteration 796: Benign prob = 0.2160
Iteration 815: Benign prob = 0.2187
Iteration 822: Benign prob = 0.2217
Iteration 837: Benign prob = 0.2310
Iteration 853: Benign prob = 0.2390
Iteration 885: Benign prob = 0.2449
Iteration 894: Benign prob = 0.2561
Iteration 906: Benign prob = 0.2675
Iteration 916: Benign prob = 0.2854
Iteration 952: Benign prob = 0.2978
Iteration 966: Benign prob = 0.3016
Iteration 967: Benign prob = 0.3037
Iteration 993: Benign prob = 0.3049
Iteration 1020: Benign prob = 0.3187
Iteration 1059: Benign prob = 0.3293
Iteration 1061: Benign prob = 0.3399
Iteration 1072: Benign prob = 0.3599
Iteration 1095: Benign prob = 0.3951
Iteration 1149: Benign prob = 0.4088
Iteration 1161: Benign prob = 0.4111
Iteration 1175: Benign prob = 0.4180
Iteration 1185: Benign prob = 0.4239
Iteration 1199: Benign prob = 0.4276
Iteration 1206: Benign prob = 0.4373
Iteration 1238: Benign prob = 0.4420
Iteration 1349: Benign prob = 0.4466
Iteration 1370: Benign prob = 0.4502
Iteration 1375: Benign prob = 0.4571
Iteration 1400: Benign prob = 0.4612
Iteration 1403: Benign prob = 0.4641
Iteration 1425: Benign prob = 0.4717
Iteration 1454: Benign prob = 0.4795
Iteration 1460: Benign prob = 0.5100
Iteration 1507: Benign prob = 0.5194
Iteration 1512: Benign prob = 0.5563

 Completed Adversarial Image for image 9 in 2.39 minutes.

--- Adversarial Prediction Results for image 9: (/home/users/atodorova/alisa-thesis/malnet-cnn/test/worm/allaple/BD6EA6B1C5CBC6C8537B653C4476D47B993F03C4E557EFE50833E9976C69EEED.png) ---
Predicted class: 11 (benign)
Confidence     : 0.5563
True class     : 46 (worm)


=== [10/10] Creating EA Adversarial Image for /home/users/atodorova/alisa-thesis/malnet-cnn/test/worm/allaple/209F9F353B36C9602C61D2B3335F321DA6C5D8CF4169029972769B5DA0AC4E67.png ===

--- Original Prediction Results ---
Predicted class: 4 (adware)

Confidence     : 0.3818

True class     : 46 (worm)

Target ('benign') class: 11 (benign)

[INFO] Benign class became best class at iteration 2723 with confidence 0.2795!

Targeted adversarial image created in 3942 iterations.
Benign first predicted at iteration 2723 with confidence 0.2795.

Benign probability changes (iteration, prob):
Iteration 0: Benign prob = 0.0011
Iteration 11: Benign prob = 0.0012
Iteration 12: Benign prob = 0.0013
Iteration 13: Benign prob = 0.0015
Iteration 14: Benign prob = 0.0015
Iteration 17: Benign prob = 0.0017
Iteration 22: Benign prob = 0.0019
Iteration 23: Benign prob = 0.0020
Iteration 24: Benign prob = 0.0022
Iteration 29: Benign prob = 0.0022
Iteration 32: Benign prob = 0.0023
Iteration 34: Benign prob = 0.0024
Iteration 38: Benign prob = 0.0026
Iteration 43: Benign prob = 0.0026
Iteration 44: Benign prob = 0.0032
Iteration 48: Benign prob = 0.0034
Iteration 71: Benign prob = 0.0036
Iteration 72: Benign prob = 0.0036
Iteration 77: Benign prob = 0.0037
Iteration 83: Benign prob = 0.0038
Iteration 85: Benign prob = 0.0038
Iteration 88: Benign prob = 0.0040
Iteration 94: Benign prob = 0.0042
Iteration 97: Benign prob = 0.0045
Iteration 98: Benign prob = 0.0045
Iteration 101: Benign prob = 0.0049
Iteration 105: Benign prob = 0.0049
Iteration 106: Benign prob = 0.0051
Iteration 117: Benign prob = 0.0051
Iteration 118: Benign prob = 0.0053
Iteration 121: Benign prob = 0.0054
Iteration 122: Benign prob = 0.0055
Iteration 123: Benign prob = 0.0057
Iteration 130: Benign prob = 0.0059
Iteration 135: Benign prob = 0.0067
Iteration 142: Benign prob = 0.0069
Iteration 151: Benign prob = 0.0070
Iteration 152: Benign prob = 0.0070
Iteration 154: Benign prob = 0.0077
Iteration 164: Benign prob = 0.0078
Iteration 165: Benign prob = 0.0080
Iteration 172: Benign prob = 0.0081
Iteration 179: Benign prob = 0.0084
Iteration 180: Benign prob = 0.0092
Iteration 205: Benign prob = 0.0093
Iteration 210: Benign prob = 0.0093
Iteration 220: Benign prob = 0.0094
Iteration 223: Benign prob = 0.0095
Iteration 231: Benign prob = 0.0097
Iteration 238: Benign prob = 0.0100
Iteration 239: Benign prob = 0.0104
Iteration 248: Benign prob = 0.0108
Iteration 260: Benign prob = 0.0118
Iteration 272: Benign prob = 0.0122
Iteration 291: Benign prob = 0.0128
Iteration 302: Benign prob = 0.0131
Iteration 304: Benign prob = 0.0132
Iteration 309: Benign prob = 0.0134
Iteration 313: Benign prob = 0.0136
Iteration 315: Benign prob = 0.0144
Iteration 331: Benign prob = 0.0151
Iteration 340: Benign prob = 0.0164
Iteration 349: Benign prob = 0.0165
Iteration 352: Benign prob = 0.0180
Iteration 356: Benign prob = 0.0183
Iteration 363: Benign prob = 0.0185
Iteration 365: Benign prob = 0.0185
Iteration 375: Benign prob = 0.0196
Iteration 383: Benign prob = 0.0198
Iteration 392: Benign prob = 0.0198
Iteration 394: Benign prob = 0.0199
Iteration 402: Benign prob = 0.0203
Iteration 406: Benign prob = 0.0205
Iteration 419: Benign prob = 0.0209
Iteration 428: Benign prob = 0.0209
Iteration 430: Benign prob = 0.0217
Iteration 444: Benign prob = 0.0218
Iteration 449: Benign prob = 0.0218
Iteration 452: Benign prob = 0.0220
Iteration 456: Benign prob = 0.0228
Iteration 461: Benign prob = 0.0233
Iteration 472: Benign prob = 0.0243
Iteration 475: Benign prob = 0.0246
Iteration 492: Benign prob = 0.0255
Iteration 499: Benign prob = 0.0255
Iteration 501: Benign prob = 0.0259
Iteration 515: Benign prob = 0.0260
Iteration 516: Benign prob = 0.0263
Iteration 527: Benign prob = 0.0272
Iteration 544: Benign prob = 0.0274
Iteration 552: Benign prob = 0.0276
Iteration 557: Benign prob = 0.0276
Iteration 559: Benign prob = 0.0286
Iteration 571: Benign prob = 0.0292
Iteration 597: Benign prob = 0.0298
Iteration 639: Benign prob = 0.0308
Iteration 641: Benign prob = 0.0310
Iteration 654: Benign prob = 0.0314
Iteration 666: Benign prob = 0.0319
Iteration 691: Benign prob = 0.0335
Iteration 694: Benign prob = 0.0350
Iteration 725: Benign prob = 0.0363
Iteration 752: Benign prob = 0.0367
Iteration 769: Benign prob = 0.0369
Iteration 778: Benign prob = 0.0372
Iteration 786: Benign prob = 0.0380
Iteration 814: Benign prob = 0.0383
Iteration 843: Benign prob = 0.0385
Iteration 850: Benign prob = 0.0397
Iteration 861: Benign prob = 0.0400
Iteration 874: Benign prob = 0.0415
Iteration 880: Benign prob = 0.0430
Iteration 891: Benign prob = 0.0442
Iteration 919: Benign prob = 0.0456
Iteration 937: Benign prob = 0.0474
Iteration 969: Benign prob = 0.0492
Iteration 976: Benign prob = 0.0494
Iteration 983: Benign prob = 0.0527
Iteration 987: Benign prob = 0.0539
Iteration 989: Benign prob = 0.0550
Iteration 1021: Benign prob = 0.0553
Iteration 1026: Benign prob = 0.0557
Iteration 1046: Benign prob = 0.0568
Iteration 1056: Benign prob = 0.0571
Iteration 1077: Benign prob = 0.0588
Iteration 1082: Benign prob = 0.0593
Iteration 1115: Benign prob = 0.0605
Iteration 1181: Benign prob = 0.0622
Iteration 1188: Benign prob = 0.0643
Iteration 1215: Benign prob = 0.0645
Iteration 1235: Benign prob = 0.0647
Iteration 1245: Benign prob = 0.0669
Iteration 1258: Benign prob = 0.0698
Iteration 1291: Benign prob = 0.0723
Iteration 1295: Benign prob = 0.0744
Iteration 1313: Benign prob = 0.0769
Iteration 1362: Benign prob = 0.0775
Iteration 1380: Benign prob = 0.0781
Iteration 1434: Benign prob = 0.0799
Iteration 1436: Benign prob = 0.0822
Iteration 1457: Benign prob = 0.0873
Iteration 1516: Benign prob = 0.0890
Iteration 1518: Benign prob = 0.0927
Iteration 1523: Benign prob = 0.0982
Iteration 1531: Benign prob = 0.0991
Iteration 1580: Benign prob = 0.1020
Iteration 1582: Benign prob = 0.1052
Iteration 1629: Benign prob = 0.1081
Iteration 1651: Benign prob = 0.1109
Iteration 1657: Benign prob = 0.1115
Iteration 1743: Benign prob = 0.1152
Iteration 1758: Benign prob = 0.1168
Iteration 1761: Benign prob = 0.1170
Iteration 1846: Benign prob = 0.1188
Iteration 1850: Benign prob = 0.1237
Iteration 1879: Benign prob = 0.1241
Iteration 1894: Benign prob = 0.1252
Iteration 1896: Benign prob = 0.1265
Iteration 1898: Benign prob = 0.1270
Iteration 1902: Benign prob = 0.1294
Iteration 1921: Benign prob = 0.1320
Iteration 1956: Benign prob = 0.1350
Iteration 1977: Benign prob = 0.1389
Iteration 2077: Benign prob = 0.1390
Iteration 2096: Benign prob = 0.1499
Iteration 2121: Benign prob = 0.1514
Iteration 2139: Benign prob = 0.1528
Iteration 2146: Benign prob = 0.1558
Iteration 2186: Benign prob = 0.1589
Iteration 2194: Benign prob = 0.1604
Iteration 2218: Benign prob = 0.1645
Iteration 2243: Benign prob = 0.1666
Iteration 2339: Benign prob = 0.1684
Iteration 2341: Benign prob = 0.1688
Iteration 2350: Benign prob = 0.1704
Iteration 2351: Benign prob = 0.1795
Iteration 2372: Benign prob = 0.1852
Iteration 2416: Benign prob = 0.1878
Iteration 2422: Benign prob = 0.1941
Iteration 2444: Benign prob = 0.1952
Iteration 2448: Benign prob = 0.2009
Iteration 2464: Benign prob = 0.2076
Iteration 2478: Benign prob = 0.2077
Iteration 2490: Benign prob = 0.2080
Iteration 2495: Benign prob = 0.2231
Iteration 2518: Benign prob = 0.2299
Iteration 2556: Benign prob = 0.2332
Iteration 2557: Benign prob = 0.2333
Iteration 2572: Benign prob = 0.2349
Iteration 2579: Benign prob = 0.2518
Iteration 2611: Benign prob = 0.2530
Iteration 2623: Benign prob = 0.2546
Iteration 2639: Benign prob = 0.2646
Iteration 2657: Benign prob = 0.2648
Iteration 2678: Benign prob = 0.2657
Iteration 2706: Benign prob = 0.2731
Iteration 2723: Benign prob = 0.2795
Iteration 2724: Benign prob = 0.2831
Iteration 2735: Benign prob = 0.2848
Iteration 2764: Benign prob = 0.2873
Iteration 2798: Benign prob = 0.2888
Iteration 2820: Benign prob = 0.2902
Iteration 2826: Benign prob = 0.2913
Iteration 2840: Benign prob = 0.2970
Iteration 2862: Benign prob = 0.2981
Iteration 2863: Benign prob = 0.3056
Iteration 2927: Benign prob = 0.3074
Iteration 2950: Benign prob = 0.3134
Iteration 2988: Benign prob = 0.3199
Iteration 2999: Benign prob = 0.3268
Iteration 3109: Benign prob = 0.3284
Iteration 3133: Benign prob = 0.3336
Iteration 3161: Benign prob = 0.3343
Iteration 3198: Benign prob = 0.3357
Iteration 3207: Benign prob = 0.3365
Iteration 3218: Benign prob = 0.3417
Iteration 3265: Benign prob = 0.3482
Iteration 3266: Benign prob = 0.3545
Iteration 3306: Benign prob = 0.3562
Iteration 3310: Benign prob = 0.3592
Iteration 3323: Benign prob = 0.3602
Iteration 3325: Benign prob = 0.3713
Iteration 3367: Benign prob = 0.3718
Iteration 3377: Benign prob = 0.3909
Iteration 3383: Benign prob = 0.4024
Iteration 3409: Benign prob = 0.4032
Iteration 3456: Benign prob = 0.4081
Iteration 3461: Benign prob = 0.4106
Iteration 3482: Benign prob = 0.4296
Iteration 3502: Benign prob = 0.4301
Iteration 3514: Benign prob = 0.4319
Iteration 3522: Benign prob = 0.4393
Iteration 3533: Benign prob = 0.4415
Iteration 3550: Benign prob = 0.4514
Iteration 3567: Benign prob = 0.4531
Iteration 3601: Benign prob = 0.4556
Iteration 3651: Benign prob = 0.4636
Iteration 3673: Benign prob = 0.4998
Iteration 3686: Benign prob = 0.5030
Iteration 3706: Benign prob = 0.5041
Iteration 3708: Benign prob = 0.5053
Iteration 3746: Benign prob = 0.5074
Iteration 3800: Benign prob = 0.5119
Iteration 3810: Benign prob = 0.5155
Iteration 3855: Benign prob = 0.5225
Iteration 3868: Benign prob = 0.5281
Iteration 3872: Benign prob = 0.5325
Iteration 3889: Benign prob = 0.5335
Iteration 3904: Benign prob = 0.5469
Iteration 3942: Benign prob = 0.5557

 Completed Adversarial Image for image 10 in 6.18 minutes.

--- Adversarial Prediction Results for image 10: (/home/users/atodorova/alisa-thesis/malnet-cnn/test/worm/allaple/209F9F353B36C9602C61D2B3335F321DA6C5D8CF4169029972769B5DA0AC4E67.png) ---
Predicted class: 11 (benign)
Confidence     : 0.5557
True class     : 46 (worm)
