Requirement already satisfied: torchvision in ./y/envs/thesis_env_310/lib/python3.10/site-packages (0.20.1+cu121)
Requirement already satisfied: tqdm in ./y/envs/thesis_env_310/lib/python3.10/site-packages (4.67.1)
Requirement already satisfied: numpy in ./y/envs/thesis_env_310/lib/python3.10/site-packages (from torchvision) (2.1.2)
Requirement already satisfied: torch==2.5.1 in ./y/envs/thesis_env_310/lib/python3.10/site-packages (from torchvision) (2.5.1+cu121)
Requirement already satisfied: pillow!=8.3.*,>=5.3.0 in ./y/envs/thesis_env_310/lib/python3.10/site-packages (from torchvision) (11.0.0)
Requirement already satisfied: filelock in ./y/envs/thesis_env_310/lib/python3.10/site-packages (from torch==2.5.1->torchvision) (3.13.1)
Requirement already satisfied: typing-extensions>=4.8.0 in ./y/envs/thesis_env_310/lib/python3.10/site-packages (from torch==2.5.1->torchvision) (4.12.2)
Requirement already satisfied: networkx in ./y/envs/thesis_env_310/lib/python3.10/site-packages (from torch==2.5.1->torchvision) (3.3)
Requirement already satisfied: jinja2 in ./y/envs/thesis_env_310/lib/python3.10/site-packages (from torch==2.5.1->torchvision) (3.1.4)
Requirement already satisfied: fsspec in ./y/envs/thesis_env_310/lib/python3.10/site-packages (from torch==2.5.1->torchvision) (2024.6.1)
Requirement already satisfied: nvidia-cuda-nvrtc-cu12==12.1.105 in ./y/envs/thesis_env_310/lib/python3.10/site-packages (from torch==2.5.1->torchvision) (12.1.105)
Requirement already satisfied: nvidia-cuda-runtime-cu12==12.1.105 in ./y/envs/thesis_env_310/lib/python3.10/site-packages (from torch==2.5.1->torchvision) (12.1.105)
Requirement already satisfied: nvidia-cuda-cupti-cu12==12.1.105 in ./y/envs/thesis_env_310/lib/python3.10/site-packages (from torch==2.5.1->torchvision) (12.1.105)
Requirement already satisfied: nvidia-cudnn-cu12==9.1.0.70 in ./y/envs/thesis_env_310/lib/python3.10/site-packages (from torch==2.5.1->torchvision) (9.1.0.70)
Requirement already satisfied: nvidia-cublas-cu12==12.1.3.1 in ./y/envs/thesis_env_310/lib/python3.10/site-packages (from torch==2.5.1->torchvision) (12.1.3.1)
Requirement already satisfied: nvidia-cufft-cu12==11.0.2.54 in ./y/envs/thesis_env_310/lib/python3.10/site-packages (from torch==2.5.1->torchvision) (11.0.2.54)
Requirement already satisfied: nvidia-curand-cu12==10.3.2.106 in ./y/envs/thesis_env_310/lib/python3.10/site-packages (from torch==2.5.1->torchvision) (10.3.2.106)
Requirement already satisfied: nvidia-cusolver-cu12==11.4.5.107 in ./y/envs/thesis_env_310/lib/python3.10/site-packages (from torch==2.5.1->torchvision) (11.4.5.107)
Requirement already satisfied: nvidia-cusparse-cu12==12.1.0.106 in ./y/envs/thesis_env_310/lib/python3.10/site-packages (from torch==2.5.1->torchvision) (12.1.0.106)
Requirement already satisfied: nvidia-nccl-cu12==2.21.5 in ./y/envs/thesis_env_310/lib/python3.10/site-packages (from torch==2.5.1->torchvision) (2.21.5)
Requirement already satisfied: nvidia-nvtx-cu12==12.1.105 in ./y/envs/thesis_env_310/lib/python3.10/site-packages (from torch==2.5.1->torchvision) (12.1.105)
Requirement already satisfied: triton==3.1.0 in ./y/envs/thesis_env_310/lib/python3.10/site-packages (from torch==2.5.1->torchvision) (3.1.0)
Requirement already satisfied: sympy==1.13.1 in ./y/envs/thesis_env_310/lib/python3.10/site-packages (from torch==2.5.1->torchvision) (1.13.1)
Requirement already satisfied: nvidia-nvjitlink-cu12 in ./y/envs/thesis_env_310/lib/python3.10/site-packages (from nvidia-cusolver-cu12==11.4.5.107->torch==2.5.1->torchvision) (12.1.105)
Requirement already satisfied: mpmath<1.4,>=1.1.0 in ./y/envs/thesis_env_310/lib/python3.10/site-packages (from sympy==1.13.1->torch==2.5.1->torchvision) (1.3.0)
Requirement already satisfied: MarkupSafe>=2.0 in ./y/envs/thesis_env_310/lib/python3.10/site-packages (from jinja2->torch==2.5.1->torchvision) (2.1.5)
Using device: cuda
Device name: Tesla V100-SXM2-16GB
Using 1 GPUs.


=== [1/10] Creating EA Adversarial Image for /home/users/atodorova/alisa-thesis/malnet-cnn/test/risktool++riskware++virus/badpac/1E054F0849B3DDE0FB30E10BE265BC8A606D1A9D33ECC8B96B02E49A44486446.png ===

--- Original Prediction Results ---
Predicted class: 4 (adware)

Confidence     : 1.0000

True class     : 29 (risktool++riskware++virus)

Target ('benign') class: 11 (benign)

[INFO] Benign class became best class at iteration 1896 with confidence 0.2888!

Targeted adversarial image created in 2826 iterations.
Benign first predicted at iteration 1896 with confidence 0.2888.

Benign probability changes (iteration, prob):
Iteration 0: Benign prob = 0.0003
Iteration 1: Benign prob = 0.0006
Iteration 3: Benign prob = 0.0008
Iteration 4: Benign prob = 0.0010
Iteration 5: Benign prob = 0.0013
Iteration 6: Benign prob = 0.0016
Iteration 7: Benign prob = 0.0016
Iteration 8: Benign prob = 0.0017
Iteration 11: Benign prob = 0.0018
Iteration 12: Benign prob = 0.0019
Iteration 13: Benign prob = 0.0021
Iteration 16: Benign prob = 0.0024
Iteration 20: Benign prob = 0.0025
Iteration 24: Benign prob = 0.0025
Iteration 26: Benign prob = 0.0026
Iteration 28: Benign prob = 0.0026
Iteration 31: Benign prob = 0.0031
Iteration 43: Benign prob = 0.0033
Iteration 44: Benign prob = 0.0034
Iteration 48: Benign prob = 0.0034
Iteration 51: Benign prob = 0.0034
Iteration 60: Benign prob = 0.0034
Iteration 62: Benign prob = 0.0035
Iteration 69: Benign prob = 0.0037
Iteration 75: Benign prob = 0.0037
Iteration 86: Benign prob = 0.0038
Iteration 94: Benign prob = 0.0040
Iteration 95: Benign prob = 0.0041
Iteration 105: Benign prob = 0.0041
Iteration 108: Benign prob = 0.0043
Iteration 114: Benign prob = 0.0044
Iteration 117: Benign prob = 0.0047
Iteration 125: Benign prob = 0.0050
Iteration 131: Benign prob = 0.0051
Iteration 136: Benign prob = 0.0054
Iteration 138: Benign prob = 0.0064
Iteration 147: Benign prob = 0.0065
Iteration 151: Benign prob = 0.0065
Iteration 152: Benign prob = 0.0069
Iteration 156: Benign prob = 0.0071
Iteration 162: Benign prob = 0.0073
Iteration 164: Benign prob = 0.0073
Iteration 168: Benign prob = 0.0074
Iteration 171: Benign prob = 0.0077
Iteration 172: Benign prob = 0.0081
Iteration 180: Benign prob = 0.0082
Iteration 188: Benign prob = 0.0084
Iteration 194: Benign prob = 0.0092
Iteration 195: Benign prob = 0.0109
Iteration 217: Benign prob = 0.0111
Iteration 225: Benign prob = 0.0112
Iteration 226: Benign prob = 0.0114
Iteration 230: Benign prob = 0.0115
Iteration 247: Benign prob = 0.0116
Iteration 252: Benign prob = 0.0118
Iteration 253: Benign prob = 0.0119
Iteration 273: Benign prob = 0.0119
Iteration 276: Benign prob = 0.0125
Iteration 285: Benign prob = 0.0133
Iteration 291: Benign prob = 0.0134
Iteration 294: Benign prob = 0.0136
Iteration 295: Benign prob = 0.0139
Iteration 298: Benign prob = 0.0141
Iteration 307: Benign prob = 0.0142
Iteration 311: Benign prob = 0.0144
Iteration 340: Benign prob = 0.0144
Iteration 345: Benign prob = 0.0147
Iteration 353: Benign prob = 0.0152
Iteration 358: Benign prob = 0.0154
Iteration 373: Benign prob = 0.0156
Iteration 374: Benign prob = 0.0158
Iteration 378: Benign prob = 0.0162
Iteration 387: Benign prob = 0.0168
Iteration 418: Benign prob = 0.0169
Iteration 421: Benign prob = 0.0170
Iteration 424: Benign prob = 0.0175
Iteration 425: Benign prob = 0.0178
Iteration 435: Benign prob = 0.0196
Iteration 466: Benign prob = 0.0197
Iteration 491: Benign prob = 0.0202
Iteration 529: Benign prob = 0.0208
Iteration 533: Benign prob = 0.0218
Iteration 576: Benign prob = 0.0224
Iteration 594: Benign prob = 0.0231
Iteration 596: Benign prob = 0.0233
Iteration 602: Benign prob = 0.0238
Iteration 623: Benign prob = 0.0254
Iteration 644: Benign prob = 0.0258
Iteration 660: Benign prob = 0.0262
Iteration 663: Benign prob = 0.0270
Iteration 694: Benign prob = 0.0275
Iteration 696: Benign prob = 0.0280
Iteration 711: Benign prob = 0.0282
Iteration 712: Benign prob = 0.0289
Iteration 713: Benign prob = 0.0290
Iteration 717: Benign prob = 0.0292
Iteration 746: Benign prob = 0.0301
Iteration 760: Benign prob = 0.0309
Iteration 761: Benign prob = 0.0313
Iteration 778: Benign prob = 0.0333
Iteration 803: Benign prob = 0.0343
Iteration 826: Benign prob = 0.0358
Iteration 864: Benign prob = 0.0379
Iteration 878: Benign prob = 0.0379
Iteration 879: Benign prob = 0.0385
Iteration 892: Benign prob = 0.0388
Iteration 898: Benign prob = 0.0390
Iteration 911: Benign prob = 0.0405
Iteration 961: Benign prob = 0.0421
Iteration 998: Benign prob = 0.0431
Iteration 1035: Benign prob = 0.0438
Iteration 1046: Benign prob = 0.0439
Iteration 1060: Benign prob = 0.0448
Iteration 1071: Benign prob = 0.0453
Iteration 1072: Benign prob = 0.0454
Iteration 1073: Benign prob = 0.0459
Iteration 1077: Benign prob = 0.0467
Iteration 1087: Benign prob = 0.0469
Iteration 1118: Benign prob = 0.0493
Iteration 1163: Benign prob = 0.0498
Iteration 1212: Benign prob = 0.0519
Iteration 1255: Benign prob = 0.0526
Iteration 1271: Benign prob = 0.0532
Iteration 1296: Benign prob = 0.0572
Iteration 1300: Benign prob = 0.0577
Iteration 1318: Benign prob = 0.0584
Iteration 1325: Benign prob = 0.0601
Iteration 1342: Benign prob = 0.0609
Iteration 1348: Benign prob = 0.0622
Iteration 1351: Benign prob = 0.0643
Iteration 1357: Benign prob = 0.0657
Iteration 1362: Benign prob = 0.0675
Iteration 1374: Benign prob = 0.0681
Iteration 1375: Benign prob = 0.0701
Iteration 1385: Benign prob = 0.0703
Iteration 1390: Benign prob = 0.0708
Iteration 1392: Benign prob = 0.0714
Iteration 1394: Benign prob = 0.0773
Iteration 1406: Benign prob = 0.0799
Iteration 1429: Benign prob = 0.0805
Iteration 1442: Benign prob = 0.0814
Iteration 1443: Benign prob = 0.0832
Iteration 1445: Benign prob = 0.0835
Iteration 1446: Benign prob = 0.0862
Iteration 1470: Benign prob = 0.0894
Iteration 1480: Benign prob = 0.0898
Iteration 1485: Benign prob = 0.0924
Iteration 1493: Benign prob = 0.0951
Iteration 1495: Benign prob = 0.0967
Iteration 1523: Benign prob = 0.0992
Iteration 1527: Benign prob = 0.0992
Iteration 1533: Benign prob = 0.1055
Iteration 1540: Benign prob = 0.1077
Iteration 1549: Benign prob = 0.1109
Iteration 1562: Benign prob = 0.1132
Iteration 1563: Benign prob = 0.1222
Iteration 1581: Benign prob = 0.1242
Iteration 1602: Benign prob = 0.1279
Iteration 1605: Benign prob = 0.1309
Iteration 1612: Benign prob = 0.1354
Iteration 1623: Benign prob = 0.1480
Iteration 1644: Benign prob = 0.1507
Iteration 1649: Benign prob = 0.1603
Iteration 1650: Benign prob = 0.1607
Iteration 1652: Benign prob = 0.1622
Iteration 1655: Benign prob = 0.1652
Iteration 1659: Benign prob = 0.1675
Iteration 1671: Benign prob = 0.1731
Iteration 1673: Benign prob = 0.1792
Iteration 1685: Benign prob = 0.1797
Iteration 1688: Benign prob = 0.1927
Iteration 1726: Benign prob = 0.1937
Iteration 1727: Benign prob = 0.1954
Iteration 1732: Benign prob = 0.2013
Iteration 1734: Benign prob = 0.2042
Iteration 1736: Benign prob = 0.2047
Iteration 1746: Benign prob = 0.2135
Iteration 1768: Benign prob = 0.2136
Iteration 1776: Benign prob = 0.2165
Iteration 1779: Benign prob = 0.2191
Iteration 1786: Benign prob = 0.2229
Iteration 1791: Benign prob = 0.2239
Iteration 1807: Benign prob = 0.2312
Iteration 1808: Benign prob = 0.2449
Iteration 1818: Benign prob = 0.2455
Iteration 1845: Benign prob = 0.2506
Iteration 1861: Benign prob = 0.2564
Iteration 1880: Benign prob = 0.2574
Iteration 1881: Benign prob = 0.2611
Iteration 1891: Benign prob = 0.2616
Iteration 1894: Benign prob = 0.2676
Iteration 1896: Benign prob = 0.2888
Iteration 1910: Benign prob = 0.2898
Iteration 1911: Benign prob = 0.2998
Iteration 1937: Benign prob = 0.3072
Iteration 1960: Benign prob = 0.3104
Iteration 1992: Benign prob = 0.3154
Iteration 2005: Benign prob = 0.3231
Iteration 2023: Benign prob = 0.3240
Iteration 2031: Benign prob = 0.3284
Iteration 2037: Benign prob = 0.3339
Iteration 2052: Benign prob = 0.3384
Iteration 2058: Benign prob = 0.3448
Iteration 2063: Benign prob = 0.3452
Iteration 2092: Benign prob = 0.3630
Iteration 2111: Benign prob = 0.3639
Iteration 2128: Benign prob = 0.3772
Iteration 2131: Benign prob = 0.3821
Iteration 2168: Benign prob = 0.4026
Iteration 2230: Benign prob = 0.4062
Iteration 2232: Benign prob = 0.4093
Iteration 2239: Benign prob = 0.4122
Iteration 2240: Benign prob = 0.4135
Iteration 2280: Benign prob = 0.4191
Iteration 2290: Benign prob = 0.4196
Iteration 2326: Benign prob = 0.4211
Iteration 2344: Benign prob = 0.4251
Iteration 2367: Benign prob = 0.4341
Iteration 2389: Benign prob = 0.4351
Iteration 2408: Benign prob = 0.4354
Iteration 2434: Benign prob = 0.4365
Iteration 2440: Benign prob = 0.4432
Iteration 2475: Benign prob = 0.4553
Iteration 2481: Benign prob = 0.4737
Iteration 2573: Benign prob = 0.4831
Iteration 2577: Benign prob = 0.4911
Iteration 2619: Benign prob = 0.4956
Iteration 2627: Benign prob = 0.4969
Iteration 2642: Benign prob = 0.5029
Iteration 2695: Benign prob = 0.5130
Iteration 2696: Benign prob = 0.5174
Iteration 2726: Benign prob = 0.5388
Iteration 2793: Benign prob = 0.5421
Iteration 2826: Benign prob = 0.5529

 Completed Adversarial Image for image 1 in 4.96 minutes.

--- Adversarial Prediction Results for image 1: (/home/users/atodorova/alisa-thesis/malnet-cnn/test/risktool++riskware++virus/badpac/1E054F0849B3DDE0FB30E10BE265BC8A606D1A9D33ECC8B96B02E49A44486446.png) ---
Predicted class: 11 (benign)
Confidence     : 0.5529
True class     : 29 (risktool++riskware++virus)


=== [2/10] Creating EA Adversarial Image for /home/users/atodorova/alisa-thesis/malnet-cnn/test/risktool++riskware++virus/badpac/601D4116EDD7D6906B19EF9E368B4502ACD5EF6C63B0F8ECADAD8C292645A5EC.png ===

--- Original Prediction Results ---
Predicted class: 4 (adware)

Confidence     : 0.3854

True class     : 29 (risktool++riskware++virus)

Target ('benign') class: 11 (benign)

[INFO] Benign class became best class at iteration 8830 with confidence 0.2855!

Failed to generate adversarial image in 10000 iterations.
Benign first predicted at iteration 8830 with confidence 0.2855.

Benign probability changes (iteration, prob):
Iteration 0: Benign prob = 0.0007
Iteration 4: Benign prob = 0.0012
Iteration 5: Benign prob = 0.0015
Iteration 6: Benign prob = 0.0016
Iteration 8: Benign prob = 0.0020
Iteration 17: Benign prob = 0.0022
Iteration 18: Benign prob = 0.0022
Iteration 20: Benign prob = 0.0023
Iteration 21: Benign prob = 0.0023
Iteration 23: Benign prob = 0.0024
Iteration 24: Benign prob = 0.0028
Iteration 25: Benign prob = 0.0030
Iteration 32: Benign prob = 0.0033
Iteration 44: Benign prob = 0.0034
Iteration 49: Benign prob = 0.0034
Iteration 50: Benign prob = 0.0035
Iteration 52: Benign prob = 0.0036
Iteration 55: Benign prob = 0.0038
Iteration 62: Benign prob = 0.0039
Iteration 66: Benign prob = 0.0039
Iteration 73: Benign prob = 0.0042
Iteration 93: Benign prob = 0.0042
Iteration 96: Benign prob = 0.0046
Iteration 105: Benign prob = 0.0047
Iteration 106: Benign prob = 0.0050
Iteration 111: Benign prob = 0.0053
Iteration 120: Benign prob = 0.0058
Iteration 132: Benign prob = 0.0060
Iteration 141: Benign prob = 0.0062
Iteration 172: Benign prob = 0.0066
Iteration 180: Benign prob = 0.0067
Iteration 195: Benign prob = 0.0069
Iteration 200: Benign prob = 0.0073
Iteration 211: Benign prob = 0.0075
Iteration 216: Benign prob = 0.0081
Iteration 218: Benign prob = 0.0084
Iteration 225: Benign prob = 0.0086
Iteration 230: Benign prob = 0.0092
Iteration 247: Benign prob = 0.0092
Iteration 251: Benign prob = 0.0097
Iteration 273: Benign prob = 0.0099
Iteration 275: Benign prob = 0.0102
Iteration 277: Benign prob = 0.0102
Iteration 282: Benign prob = 0.0105
Iteration 283: Benign prob = 0.0106
Iteration 296: Benign prob = 0.0110
Iteration 304: Benign prob = 0.0110
Iteration 305: Benign prob = 0.0118
Iteration 341: Benign prob = 0.0119
Iteration 348: Benign prob = 0.0128
Iteration 351: Benign prob = 0.0129
Iteration 355: Benign prob = 0.0130
Iteration 358: Benign prob = 0.0130
Iteration 362: Benign prob = 0.0136
Iteration 364: Benign prob = 0.0137
Iteration 368: Benign prob = 0.0140
Iteration 389: Benign prob = 0.0145
Iteration 396: Benign prob = 0.0145
Iteration 401: Benign prob = 0.0149
Iteration 417: Benign prob = 0.0150
Iteration 421: Benign prob = 0.0151
Iteration 426: Benign prob = 0.0153
Iteration 427: Benign prob = 0.0156
Iteration 451: Benign prob = 0.0164
Iteration 463: Benign prob = 0.0168
Iteration 478: Benign prob = 0.0183
Iteration 508: Benign prob = 0.0184
Iteration 519: Benign prob = 0.0188
Iteration 525: Benign prob = 0.0191
Iteration 535: Benign prob = 0.0202
Iteration 548: Benign prob = 0.0204
Iteration 550: Benign prob = 0.0213
Iteration 572: Benign prob = 0.0213
Iteration 576: Benign prob = 0.0213
Iteration 602: Benign prob = 0.0218
Iteration 604: Benign prob = 0.0221
Iteration 625: Benign prob = 0.0222
Iteration 637: Benign prob = 0.0227
Iteration 658: Benign prob = 0.0229
Iteration 672: Benign prob = 0.0237
Iteration 699: Benign prob = 0.0246
Iteration 706: Benign prob = 0.0248
Iteration 714: Benign prob = 0.0251
Iteration 722: Benign prob = 0.0252
Iteration 728: Benign prob = 0.0255
Iteration 747: Benign prob = 0.0256
Iteration 794: Benign prob = 0.0263
Iteration 804: Benign prob = 0.0267
Iteration 822: Benign prob = 0.0272
Iteration 823: Benign prob = 0.0275
Iteration 862: Benign prob = 0.0285
Iteration 904: Benign prob = 0.0291
Iteration 906: Benign prob = 0.0304
Iteration 919: Benign prob = 0.0306
Iteration 927: Benign prob = 0.0308
Iteration 928: Benign prob = 0.0311
Iteration 938: Benign prob = 0.0318
Iteration 945: Benign prob = 0.0326
Iteration 947: Benign prob = 0.0329
Iteration 970: Benign prob = 0.0338
Iteration 1008: Benign prob = 0.0356
Iteration 1010: Benign prob = 0.0368
Iteration 1034: Benign prob = 0.0370
Iteration 1060: Benign prob = 0.0390
Iteration 1091: Benign prob = 0.0396
Iteration 1124: Benign prob = 0.0420
Iteration 1136: Benign prob = 0.0426
Iteration 1147: Benign prob = 0.0437
Iteration 1193: Benign prob = 0.0443
Iteration 1197: Benign prob = 0.0445
Iteration 1201: Benign prob = 0.0452
Iteration 1217: Benign prob = 0.0462
Iteration 1258: Benign prob = 0.0469
Iteration 1262: Benign prob = 0.0472
Iteration 1315: Benign prob = 0.0490
Iteration 1360: Benign prob = 0.0496
Iteration 1366: Benign prob = 0.0510
Iteration 1399: Benign prob = 0.0512
Iteration 1407: Benign prob = 0.0528
Iteration 1474: Benign prob = 0.0534
Iteration 1480: Benign prob = 0.0538
Iteration 1483: Benign prob = 0.0539
Iteration 1504: Benign prob = 0.0550
Iteration 1530: Benign prob = 0.0550
Iteration 1536: Benign prob = 0.0555
Iteration 1539: Benign prob = 0.0561
Iteration 1544: Benign prob = 0.0578
Iteration 1550: Benign prob = 0.0583
Iteration 1566: Benign prob = 0.0589
Iteration 1596: Benign prob = 0.0589
Iteration 1670: Benign prob = 0.0608
Iteration 1711: Benign prob = 0.0629
Iteration 1744: Benign prob = 0.0632
Iteration 1773: Benign prob = 0.0639
Iteration 1790: Benign prob = 0.0651
Iteration 1844: Benign prob = 0.0681
Iteration 1865: Benign prob = 0.0682
Iteration 2009: Benign prob = 0.0683
Iteration 2020: Benign prob = 0.0700
Iteration 2069: Benign prob = 0.0718
Iteration 2081: Benign prob = 0.0722
Iteration 2091: Benign prob = 0.0728
Iteration 2139: Benign prob = 0.0768
Iteration 2160: Benign prob = 0.0780
Iteration 2196: Benign prob = 0.0780
Iteration 2206: Benign prob = 0.0781
Iteration 2214: Benign prob = 0.0819
Iteration 2328: Benign prob = 0.0830
Iteration 2333: Benign prob = 0.0832
Iteration 2375: Benign prob = 0.0859
Iteration 2392: Benign prob = 0.0870
Iteration 2590: Benign prob = 0.0878
Iteration 2602: Benign prob = 0.0878
Iteration 2608: Benign prob = 0.0883
Iteration 2612: Benign prob = 0.0890
Iteration 2614: Benign prob = 0.0917
Iteration 2671: Benign prob = 0.0917
Iteration 2674: Benign prob = 0.0918
Iteration 2705: Benign prob = 0.0945
Iteration 2739: Benign prob = 0.0950
Iteration 2769: Benign prob = 0.0952
Iteration 2770: Benign prob = 0.0952
Iteration 2799: Benign prob = 0.0960
Iteration 2810: Benign prob = 0.0966
Iteration 2817: Benign prob = 0.0975
Iteration 2830: Benign prob = 0.0995
Iteration 2852: Benign prob = 0.1030
Iteration 2923: Benign prob = 0.1061
Iteration 3113: Benign prob = 0.1064
Iteration 3166: Benign prob = 0.1101
Iteration 3421: Benign prob = 0.1103
Iteration 3424: Benign prob = 0.1106
Iteration 3453: Benign prob = 0.1121
Iteration 3522: Benign prob = 0.1124
Iteration 3577: Benign prob = 0.1125
Iteration 3615: Benign prob = 0.1127
Iteration 3645: Benign prob = 0.1137
Iteration 3656: Benign prob = 0.1139
Iteration 3658: Benign prob = 0.1149
Iteration 3689: Benign prob = 0.1151
Iteration 3787: Benign prob = 0.1152
Iteration 3802: Benign prob = 0.1175
Iteration 3890: Benign prob = 0.1186
Iteration 3929: Benign prob = 0.1194
Iteration 4023: Benign prob = 0.1234
Iteration 4039: Benign prob = 0.1235
Iteration 4068: Benign prob = 0.1241
Iteration 4147: Benign prob = 0.1259
Iteration 4163: Benign prob = 0.1285
Iteration 4220: Benign prob = 0.1315
Iteration 4255: Benign prob = 0.1374
Iteration 4312: Benign prob = 0.1377
Iteration 4489: Benign prob = 0.1384
Iteration 4530: Benign prob = 0.1387
Iteration 4532: Benign prob = 0.1398
Iteration 4559: Benign prob = 0.1402
Iteration 4576: Benign prob = 0.1426
Iteration 4627: Benign prob = 0.1433
Iteration 4636: Benign prob = 0.1437
Iteration 4650: Benign prob = 0.1439
Iteration 4750: Benign prob = 0.1446
Iteration 4788: Benign prob = 0.1456
Iteration 4789: Benign prob = 0.1461
Iteration 4883: Benign prob = 0.1480
Iteration 4979: Benign prob = 0.1504
Iteration 5042: Benign prob = 0.1516
Iteration 5141: Benign prob = 0.1537
Iteration 5192: Benign prob = 0.1579
Iteration 5330: Benign prob = 0.1582
Iteration 5350: Benign prob = 0.1588
Iteration 5361: Benign prob = 0.1601
Iteration 5365: Benign prob = 0.1618
Iteration 5393: Benign prob = 0.1646
Iteration 5413: Benign prob = 0.1658
Iteration 5415: Benign prob = 0.1682
Iteration 5475: Benign prob = 0.1694
Iteration 5493: Benign prob = 0.1697
Iteration 5524: Benign prob = 0.1729
Iteration 5622: Benign prob = 0.1792
Iteration 5719: Benign prob = 0.1816
Iteration 5856: Benign prob = 0.1823
Iteration 5889: Benign prob = 0.1846
Iteration 5960: Benign prob = 0.1862
Iteration 5977: Benign prob = 0.1864
Iteration 6001: Benign prob = 0.1920
Iteration 6055: Benign prob = 0.1995
Iteration 6112: Benign prob = 0.2008
Iteration 6120: Benign prob = 0.2013
Iteration 6330: Benign prob = 0.2018
Iteration 6333: Benign prob = 0.2022
Iteration 6444: Benign prob = 0.2064
Iteration 6599: Benign prob = 0.2098
Iteration 6683: Benign prob = 0.2103
Iteration 6686: Benign prob = 0.2146
Iteration 6858: Benign prob = 0.2185
Iteration 6876: Benign prob = 0.2205
Iteration 6891: Benign prob = 0.2206
Iteration 6914: Benign prob = 0.2208
Iteration 6922: Benign prob = 0.2248
Iteration 7026: Benign prob = 0.2253
Iteration 7028: Benign prob = 0.2272
Iteration 7063: Benign prob = 0.2289
Iteration 7126: Benign prob = 0.2298
Iteration 7130: Benign prob = 0.2303
Iteration 7154: Benign prob = 0.2319
Iteration 7251: Benign prob = 0.2323
Iteration 7295: Benign prob = 0.2352
Iteration 7352: Benign prob = 0.2419
Iteration 7379: Benign prob = 0.2420
Iteration 7433: Benign prob = 0.2449
Iteration 7578: Benign prob = 0.2458
Iteration 7581: Benign prob = 0.2467
Iteration 7628: Benign prob = 0.2505
Iteration 7666: Benign prob = 0.2527
Iteration 7926: Benign prob = 0.2571
Iteration 8209: Benign prob = 0.2576
Iteration 8222: Benign prob = 0.2578
Iteration 8240: Benign prob = 0.2578
Iteration 8241: Benign prob = 0.2614
Iteration 8361: Benign prob = 0.2614
Iteration 8401: Benign prob = 0.2656
Iteration 8481: Benign prob = 0.2660
Iteration 8617: Benign prob = 0.2699
Iteration 8697: Benign prob = 0.2765
Iteration 8732: Benign prob = 0.2808
Iteration 8736: Benign prob = 0.2817
Iteration 8749: Benign prob = 0.2819
Iteration 8796: Benign prob = 0.2825
Iteration 8815: Benign prob = 0.2832
Iteration 8830: Benign prob = 0.2855
Iteration 8843: Benign prob = 0.2866
Iteration 8922: Benign prob = 0.2898
Iteration 8926: Benign prob = 0.2963
Iteration 8957: Benign prob = 0.2963
Iteration 8959: Benign prob = 0.2981
Iteration 9100: Benign prob = 0.2991
Iteration 9169: Benign prob = 0.3004
Iteration 9176: Benign prob = 0.3020
Iteration 9182: Benign prob = 0.3090
Iteration 9363: Benign prob = 0.3091
Iteration 9412: Benign prob = 0.3099
Iteration 9424: Benign prob = 0.3187
Iteration 9604: Benign prob = 0.3211
Iteration 9639: Benign prob = 0.3297
Iteration 9761: Benign prob = 0.3308
Iteration 9782: Benign prob = 0.3316
Iteration 9922: Benign prob = 0.3397

 Completed Adversarial Image for image 2 in 17.49 minutes.

--- Adversarial Prediction Results for image 2: (/home/users/atodorova/alisa-thesis/malnet-cnn/test/risktool++riskware++virus/badpac/601D4116EDD7D6906B19EF9E368B4502ACD5EF6C63B0F8ECADAD8C292645A5EC.png) ---
Predicted class: 4 (adware)
Confidence     : 0.3854
True class     : 29 (risktool++riskware++virus)


=== [3/10] Creating EA Adversarial Image for /home/users/atodorova/alisa-thesis/malnet-cnn/test/risktool++riskware++virus/badpac/32050F0FFAC3C5A46146068EAB37585236E2BF2F946D09B0C2EE490E04FFFFD8.png ===

--- Original Prediction Results ---
Predicted class: 4 (adware)

Confidence     : 1.0000

True class     : 29 (risktool++riskware++virus)

Target ('benign') class: 11 (benign)

[INFO] Benign class became best class at iteration 3568 with confidence 0.2786!

Targeted adversarial image created in 6274 iterations.
Benign first predicted at iteration 3568 with confidence 0.2786.

Benign probability changes (iteration, prob):
Iteration 0: Benign prob = 0.0019
Iteration 8: Benign prob = 0.0019
Iteration 10: Benign prob = 0.0021
Iteration 14: Benign prob = 0.0022
Iteration 15: Benign prob = 0.0022
Iteration 17: Benign prob = 0.0024
Iteration 19: Benign prob = 0.0024
Iteration 20: Benign prob = 0.0025
Iteration 22: Benign prob = 0.0027
Iteration 26: Benign prob = 0.0027
Iteration 33: Benign prob = 0.0029
Iteration 34: Benign prob = 0.0029
Iteration 35: Benign prob = 0.0030
Iteration 37: Benign prob = 0.0030
Iteration 38: Benign prob = 0.0033
Iteration 39: Benign prob = 0.0034
Iteration 50: Benign prob = 0.0035
Iteration 52: Benign prob = 0.0037
Iteration 56: Benign prob = 0.0038
Iteration 60: Benign prob = 0.0041
Iteration 76: Benign prob = 0.0044
Iteration 82: Benign prob = 0.0046
Iteration 89: Benign prob = 0.0046
Iteration 90: Benign prob = 0.0050
Iteration 95: Benign prob = 0.0053
Iteration 98: Benign prob = 0.0054
Iteration 99: Benign prob = 0.0059
Iteration 115: Benign prob = 0.0063
Iteration 122: Benign prob = 0.0064
Iteration 125: Benign prob = 0.0065
Iteration 132: Benign prob = 0.0069
Iteration 137: Benign prob = 0.0069
Iteration 139: Benign prob = 0.0070
Iteration 140: Benign prob = 0.0072
Iteration 145: Benign prob = 0.0076
Iteration 152: Benign prob = 0.0078
Iteration 153: Benign prob = 0.0079
Iteration 156: Benign prob = 0.0084
Iteration 164: Benign prob = 0.0086
Iteration 166: Benign prob = 0.0094
Iteration 168: Benign prob = 0.0098
Iteration 169: Benign prob = 0.0099
Iteration 179: Benign prob = 0.0107
Iteration 200: Benign prob = 0.0107
Iteration 205: Benign prob = 0.0109
Iteration 208: Benign prob = 0.0111
Iteration 209: Benign prob = 0.0112
Iteration 232: Benign prob = 0.0114
Iteration 233: Benign prob = 0.0114
Iteration 234: Benign prob = 0.0119
Iteration 238: Benign prob = 0.0119
Iteration 251: Benign prob = 0.0120
Iteration 254: Benign prob = 0.0130
Iteration 271: Benign prob = 0.0130
Iteration 275: Benign prob = 0.0132
Iteration 280: Benign prob = 0.0135
Iteration 281: Benign prob = 0.0138
Iteration 283: Benign prob = 0.0146
Iteration 299: Benign prob = 0.0155
Iteration 302: Benign prob = 0.0162
Iteration 318: Benign prob = 0.0171
Iteration 323: Benign prob = 0.0173
Iteration 324: Benign prob = 0.0184
Iteration 327: Benign prob = 0.0190
Iteration 328: Benign prob = 0.0196
Iteration 331: Benign prob = 0.0197
Iteration 337: Benign prob = 0.0198
Iteration 346: Benign prob = 0.0209
Iteration 351: Benign prob = 0.0230
Iteration 352: Benign prob = 0.0230
Iteration 355: Benign prob = 0.0230
Iteration 356: Benign prob = 0.0232
Iteration 359: Benign prob = 0.0241
Iteration 374: Benign prob = 0.0246
Iteration 399: Benign prob = 0.0260
Iteration 428: Benign prob = 0.0263
Iteration 430: Benign prob = 0.0265
Iteration 453: Benign prob = 0.0268
Iteration 458: Benign prob = 0.0280
Iteration 461: Benign prob = 0.0299
Iteration 472: Benign prob = 0.0301
Iteration 481: Benign prob = 0.0304
Iteration 489: Benign prob = 0.0309
Iteration 499: Benign prob = 0.0310
Iteration 500: Benign prob = 0.0311
Iteration 508: Benign prob = 0.0320
Iteration 512: Benign prob = 0.0325
Iteration 514: Benign prob = 0.0330
Iteration 517: Benign prob = 0.0333
Iteration 520: Benign prob = 0.0335
Iteration 521: Benign prob = 0.0343
Iteration 534: Benign prob = 0.0344
Iteration 549: Benign prob = 0.0365
Iteration 572: Benign prob = 0.0369
Iteration 578: Benign prob = 0.0369
Iteration 594: Benign prob = 0.0400
Iteration 624: Benign prob = 0.0402
Iteration 627: Benign prob = 0.0464
Iteration 630: Benign prob = 0.0468
Iteration 636: Benign prob = 0.0483
Iteration 646: Benign prob = 0.0491
Iteration 651: Benign prob = 0.0495
Iteration 664: Benign prob = 0.0510
Iteration 676: Benign prob = 0.0515
Iteration 686: Benign prob = 0.0519
Iteration 740: Benign prob = 0.0521
Iteration 744: Benign prob = 0.0524
Iteration 755: Benign prob = 0.0532
Iteration 768: Benign prob = 0.0546
Iteration 792: Benign prob = 0.0584
Iteration 828: Benign prob = 0.0606
Iteration 840: Benign prob = 0.0615
Iteration 848: Benign prob = 0.0658
Iteration 858: Benign prob = 0.0666
Iteration 879: Benign prob = 0.0674
Iteration 913: Benign prob = 0.0680
Iteration 927: Benign prob = 0.0682
Iteration 930: Benign prob = 0.0690
Iteration 944: Benign prob = 0.0704
Iteration 947: Benign prob = 0.0717
Iteration 970: Benign prob = 0.0744
Iteration 1017: Benign prob = 0.0758
Iteration 1080: Benign prob = 0.0761
Iteration 1122: Benign prob = 0.0777
Iteration 1133: Benign prob = 0.0785
Iteration 1134: Benign prob = 0.0844
Iteration 1153: Benign prob = 0.0853
Iteration 1191: Benign prob = 0.0863
Iteration 1202: Benign prob = 0.0874
Iteration 1204: Benign prob = 0.0880
Iteration 1236: Benign prob = 0.0896
Iteration 1253: Benign prob = 0.0897
Iteration 1260: Benign prob = 0.0919
Iteration 1291: Benign prob = 0.0919
Iteration 1352: Benign prob = 0.0940
Iteration 1358: Benign prob = 0.0943
Iteration 1359: Benign prob = 0.0960
Iteration 1374: Benign prob = 0.0965
Iteration 1400: Benign prob = 0.0966
Iteration 1457: Benign prob = 0.1004
Iteration 1496: Benign prob = 0.1017
Iteration 1533: Benign prob = 0.1048
Iteration 1553: Benign prob = 0.1059
Iteration 1586: Benign prob = 0.1062
Iteration 1603: Benign prob = 0.1101
Iteration 1652: Benign prob = 0.1105
Iteration 1705: Benign prob = 0.1116
Iteration 1790: Benign prob = 0.1120
Iteration 1794: Benign prob = 0.1126
Iteration 1798: Benign prob = 0.1200
Iteration 1878: Benign prob = 0.1233
Iteration 1885: Benign prob = 0.1237
Iteration 1920: Benign prob = 0.1243
Iteration 1925: Benign prob = 0.1282
Iteration 1931: Benign prob = 0.1298
Iteration 1946: Benign prob = 0.1342
Iteration 2042: Benign prob = 0.1364
Iteration 2044: Benign prob = 0.1370
Iteration 2049: Benign prob = 0.1381
Iteration 2081: Benign prob = 0.1384
Iteration 2088: Benign prob = 0.1440
Iteration 2207: Benign prob = 0.1444
Iteration 2233: Benign prob = 0.1448
Iteration 2244: Benign prob = 0.1482
Iteration 2271: Benign prob = 0.1489
Iteration 2308: Benign prob = 0.1489
Iteration 2337: Benign prob = 0.1503
Iteration 2349: Benign prob = 0.1511
Iteration 2384: Benign prob = 0.1544
Iteration 2423: Benign prob = 0.1560
Iteration 2439: Benign prob = 0.1561
Iteration 2519: Benign prob = 0.1567
Iteration 2523: Benign prob = 0.1568
Iteration 2532: Benign prob = 0.1613
Iteration 2614: Benign prob = 0.1627
Iteration 2637: Benign prob = 0.1629
Iteration 2646: Benign prob = 0.1642
Iteration 2673: Benign prob = 0.1691
Iteration 2700: Benign prob = 0.1731
Iteration 2736: Benign prob = 0.1745
Iteration 2769: Benign prob = 0.1754
Iteration 2787: Benign prob = 0.1821
Iteration 2840: Benign prob = 0.1867
Iteration 2858: Benign prob = 0.1926
Iteration 2891: Benign prob = 0.1974
Iteration 2999: Benign prob = 0.2088
Iteration 3111: Benign prob = 0.2113
Iteration 3123: Benign prob = 0.2151
Iteration 3195: Benign prob = 0.2156
Iteration 3206: Benign prob = 0.2157
Iteration 3214: Benign prob = 0.2167
Iteration 3224: Benign prob = 0.2187
Iteration 3296: Benign prob = 0.2255
Iteration 3319: Benign prob = 0.2373
Iteration 3350: Benign prob = 0.2432
Iteration 3390: Benign prob = 0.2438
Iteration 3405: Benign prob = 0.2528
Iteration 3461: Benign prob = 0.2535
Iteration 3489: Benign prob = 0.2547
Iteration 3495: Benign prob = 0.2649
Iteration 3528: Benign prob = 0.2670
Iteration 3540: Benign prob = 0.2733
Iteration 3567: Benign prob = 0.2755
Iteration 3568: Benign prob = 0.2786
Iteration 3603: Benign prob = 0.2800
Iteration 3618: Benign prob = 0.2819
Iteration 3625: Benign prob = 0.2874
Iteration 3733: Benign prob = 0.2907
Iteration 3742: Benign prob = 0.3017
Iteration 3829: Benign prob = 0.3065
Iteration 3855: Benign prob = 0.3084
Iteration 3881: Benign prob = 0.3100
Iteration 3882: Benign prob = 0.3121
Iteration 3889: Benign prob = 0.3169
Iteration 3894: Benign prob = 0.3173
Iteration 3978: Benign prob = 0.3174
Iteration 4006: Benign prob = 0.3230
Iteration 4050: Benign prob = 0.3325
Iteration 4091: Benign prob = 0.3426
Iteration 4212: Benign prob = 0.3479
Iteration 4263: Benign prob = 0.3488
Iteration 4285: Benign prob = 0.3512
Iteration 4300: Benign prob = 0.3518
Iteration 4306: Benign prob = 0.3628
Iteration 4401: Benign prob = 0.3696
Iteration 4412: Benign prob = 0.3718
Iteration 4413: Benign prob = 0.3824
Iteration 4419: Benign prob = 0.3844
Iteration 4474: Benign prob = 0.3882
Iteration 4527: Benign prob = 0.3919
Iteration 4566: Benign prob = 0.3938
Iteration 4580: Benign prob = 0.3979
Iteration 4624: Benign prob = 0.3984
Iteration 4626: Benign prob = 0.4046
Iteration 4638: Benign prob = 0.4057
Iteration 4701: Benign prob = 0.4231
Iteration 4839: Benign prob = 0.4266
Iteration 4856: Benign prob = 0.4280
Iteration 4877: Benign prob = 0.4299
Iteration 4896: Benign prob = 0.4386
Iteration 4904: Benign prob = 0.4413
Iteration 4920: Benign prob = 0.4451
Iteration 4927: Benign prob = 0.4454
Iteration 4978: Benign prob = 0.4459
Iteration 4995: Benign prob = 0.4483
Iteration 4996: Benign prob = 0.4492
Iteration 5002: Benign prob = 0.4559
Iteration 5007: Benign prob = 0.4581
Iteration 5034: Benign prob = 0.4585
Iteration 5100: Benign prob = 0.4636
Iteration 5128: Benign prob = 0.4657
Iteration 5131: Benign prob = 0.4694
Iteration 5154: Benign prob = 0.4719
Iteration 5297: Benign prob = 0.4730
Iteration 5298: Benign prob = 0.4775
Iteration 5334: Benign prob = 0.4845
Iteration 5450: Benign prob = 0.4871
Iteration 5477: Benign prob = 0.4879
Iteration 5486: Benign prob = 0.4889
Iteration 5521: Benign prob = 0.4917
Iteration 5537: Benign prob = 0.4944
Iteration 5540: Benign prob = 0.4968
Iteration 5552: Benign prob = 0.4988
Iteration 5563: Benign prob = 0.5000
Iteration 5602: Benign prob = 0.5067
Iteration 5625: Benign prob = 0.5113
Iteration 5730: Benign prob = 0.5169
Iteration 5858: Benign prob = 0.5213
Iteration 5861: Benign prob = 0.5256
Iteration 5877: Benign prob = 0.5305
Iteration 5957: Benign prob = 0.5334
Iteration 6016: Benign prob = 0.5370
Iteration 6077: Benign prob = 0.5422
Iteration 6274: Benign prob = 0.5543

 Completed Adversarial Image for image 3 in 10.97 minutes.

--- Adversarial Prediction Results for image 3: (/home/users/atodorova/alisa-thesis/malnet-cnn/test/risktool++riskware++virus/badpac/32050F0FFAC3C5A46146068EAB37585236E2BF2F946D09B0C2EE490E04FFFFD8.png) ---
Predicted class: 11 (benign)
Confidence     : 0.5543
True class     : 29 (risktool++riskware++virus)


=== [4/10] Creating EA Adversarial Image for /home/users/atodorova/alisa-thesis/malnet-cnn/test/risktool++riskware++virus/badpac/101182A89D8B89FE85763AFA5BAABC4325C7724A8AB11128C3930B27F64F6582.png ===

--- Original Prediction Results ---
Predicted class: 4 (adware)

Confidence     : 1.0000

True class     : 29 (risktool++riskware++virus)

Target ('benign') class: 11 (benign)

[INFO] Benign class became best class at iteration 773 with confidence 0.2733!

Targeted adversarial image created in 1843 iterations.
Benign first predicted at iteration 773 with confidence 0.2733.

Benign probability changes (iteration, prob):
Iteration 0: Benign prob = 0.0019
Iteration 19: Benign prob = 0.0020
Iteration 22: Benign prob = 0.0021
Iteration 24: Benign prob = 0.0022
Iteration 26: Benign prob = 0.0022
Iteration 27: Benign prob = 0.0023
Iteration 29: Benign prob = 0.0025
Iteration 30: Benign prob = 0.0026
Iteration 31: Benign prob = 0.0026
Iteration 32: Benign prob = 0.0027
Iteration 33: Benign prob = 0.0027
Iteration 41: Benign prob = 0.0029
Iteration 45: Benign prob = 0.0030
Iteration 47: Benign prob = 0.0031
Iteration 49: Benign prob = 0.0032
Iteration 50: Benign prob = 0.0035
Iteration 54: Benign prob = 0.0038
Iteration 55: Benign prob = 0.0038
Iteration 59: Benign prob = 0.0039
Iteration 60: Benign prob = 0.0039
Iteration 64: Benign prob = 0.0041
Iteration 65: Benign prob = 0.0042
Iteration 68: Benign prob = 0.0043
Iteration 70: Benign prob = 0.0045
Iteration 72: Benign prob = 0.0049
Iteration 74: Benign prob = 0.0052
Iteration 75: Benign prob = 0.0054
Iteration 76: Benign prob = 0.0062
Iteration 79: Benign prob = 0.0068
Iteration 82: Benign prob = 0.0077
Iteration 88: Benign prob = 0.0105
Iteration 89: Benign prob = 0.0112
Iteration 92: Benign prob = 0.0114
Iteration 95: Benign prob = 0.0126
Iteration 96: Benign prob = 0.0135
Iteration 103: Benign prob = 0.0155
Iteration 105: Benign prob = 0.0177
Iteration 106: Benign prob = 0.0179
Iteration 107: Benign prob = 0.0184
Iteration 109: Benign prob = 0.0192
Iteration 116: Benign prob = 0.0209
Iteration 117: Benign prob = 0.0267
Iteration 118: Benign prob = 0.0288
Iteration 127: Benign prob = 0.0289
Iteration 128: Benign prob = 0.0297
Iteration 129: Benign prob = 0.0300
Iteration 130: Benign prob = 0.0306
Iteration 131: Benign prob = 0.0327
Iteration 132: Benign prob = 0.0349
Iteration 144: Benign prob = 0.0385
Iteration 151: Benign prob = 0.0412
Iteration 165: Benign prob = 0.0437
Iteration 167: Benign prob = 0.0448
Iteration 173: Benign prob = 0.0509
Iteration 174: Benign prob = 0.0515
Iteration 191: Benign prob = 0.0542
Iteration 207: Benign prob = 0.0579
Iteration 228: Benign prob = 0.0601
Iteration 238: Benign prob = 0.0645
Iteration 246: Benign prob = 0.0662
Iteration 248: Benign prob = 0.0673
Iteration 262: Benign prob = 0.0714
Iteration 265: Benign prob = 0.0733
Iteration 269: Benign prob = 0.0737
Iteration 286: Benign prob = 0.0799
Iteration 287: Benign prob = 0.0802
Iteration 301: Benign prob = 0.0842
Iteration 308: Benign prob = 0.0860
Iteration 323: Benign prob = 0.0865
Iteration 336: Benign prob = 0.0875
Iteration 341: Benign prob = 0.0898
Iteration 342: Benign prob = 0.0948
Iteration 362: Benign prob = 0.0971
Iteration 364: Benign prob = 0.0996
Iteration 365: Benign prob = 0.1020
Iteration 377: Benign prob = 0.1034
Iteration 398: Benign prob = 0.1043
Iteration 406: Benign prob = 0.1048
Iteration 410: Benign prob = 0.1052
Iteration 411: Benign prob = 0.1065
Iteration 429: Benign prob = 0.1087
Iteration 430: Benign prob = 0.1127
Iteration 439: Benign prob = 0.1256
Iteration 443: Benign prob = 0.1260
Iteration 456: Benign prob = 0.1262
Iteration 470: Benign prob = 0.1324
Iteration 492: Benign prob = 0.1387
Iteration 504: Benign prob = 0.1407
Iteration 510: Benign prob = 0.1448
Iteration 515: Benign prob = 0.1549
Iteration 526: Benign prob = 0.1575
Iteration 535: Benign prob = 0.1603
Iteration 549: Benign prob = 0.1631
Iteration 554: Benign prob = 0.1760
Iteration 555: Benign prob = 0.1770
Iteration 571: Benign prob = 0.1838
Iteration 573: Benign prob = 0.1852
Iteration 600: Benign prob = 0.1863
Iteration 618: Benign prob = 0.1933
Iteration 634: Benign prob = 0.2053
Iteration 647: Benign prob = 0.2178
Iteration 680: Benign prob = 0.2195
Iteration 686: Benign prob = 0.2217
Iteration 692: Benign prob = 0.2220
Iteration 693: Benign prob = 0.2340
Iteration 713: Benign prob = 0.2455
Iteration 729: Benign prob = 0.2531
Iteration 744: Benign prob = 0.2548
Iteration 759: Benign prob = 0.2584
Iteration 763: Benign prob = 0.2623
Iteration 773: Benign prob = 0.2733
Iteration 789: Benign prob = 0.2747
Iteration 793: Benign prob = 0.2855
Iteration 800: Benign prob = 0.2858
Iteration 804: Benign prob = 0.2924
Iteration 805: Benign prob = 0.3031
Iteration 835: Benign prob = 0.3041
Iteration 844: Benign prob = 0.3391
Iteration 887: Benign prob = 0.3447
Iteration 901: Benign prob = 0.3571
Iteration 916: Benign prob = 0.3576
Iteration 931: Benign prob = 0.3604
Iteration 948: Benign prob = 0.3757
Iteration 966: Benign prob = 0.3810
Iteration 980: Benign prob = 0.3858
Iteration 989: Benign prob = 0.3961
Iteration 992: Benign prob = 0.3977
Iteration 1003: Benign prob = 0.3989
Iteration 1061: Benign prob = 0.4105
Iteration 1073: Benign prob = 0.4144
Iteration 1083: Benign prob = 0.4216
Iteration 1133: Benign prob = 0.4248
Iteration 1143: Benign prob = 0.4374
Iteration 1170: Benign prob = 0.4413
Iteration 1173: Benign prob = 0.4432
Iteration 1178: Benign prob = 0.4436
Iteration 1194: Benign prob = 0.4601
Iteration 1207: Benign prob = 0.4631
Iteration 1226: Benign prob = 0.4696
Iteration 1251: Benign prob = 0.4816
Iteration 1283: Benign prob = 0.4850
Iteration 1332: Benign prob = 0.4887
Iteration 1354: Benign prob = 0.5009
Iteration 1455: Benign prob = 0.5046
Iteration 1496: Benign prob = 0.5071
Iteration 1517: Benign prob = 0.5105
Iteration 1589: Benign prob = 0.5169
Iteration 1612: Benign prob = 0.5182
Iteration 1615: Benign prob = 0.5285
Iteration 1722: Benign prob = 0.5362
Iteration 1741: Benign prob = 0.5376
Iteration 1774: Benign prob = 0.5421
Iteration 1808: Benign prob = 0.5454
Iteration 1809: Benign prob = 0.5456
Iteration 1843: Benign prob = 0.5585

 Completed Adversarial Image for image 4 in 3.25 minutes.

--- Adversarial Prediction Results for image 4: (/home/users/atodorova/alisa-thesis/malnet-cnn/test/risktool++riskware++virus/badpac/101182A89D8B89FE85763AFA5BAABC4325C7724A8AB11128C3930B27F64F6582.png) ---
Predicted class: 11 (benign)
Confidence     : 0.5585
True class     : 29 (risktool++riskware++virus)


=== [5/10] Creating EA Adversarial Image for /home/users/atodorova/alisa-thesis/malnet-cnn/test/risktool++riskware++virus/badpac/A69BF8AE68FC7B5A739E358D931B19989DF5EF1655EB4825036DEAF96D49B053.png ===

--- Original Prediction Results ---
Predicted class: 4 (adware)

Confidence     : 1.0000

True class     : 29 (risktool++riskware++virus)

Target ('benign') class: 11 (benign)

[INFO] Benign class became best class at iteration 6647 with confidence 0.3075!

Failed to generate adversarial image in 10000 iterations.
Benign first predicted at iteration 6647 with confidence 0.3075.

Benign probability changes (iteration, prob):
Iteration 0: Benign prob = 0.0014
Iteration 4: Benign prob = 0.0016
Iteration 6: Benign prob = 0.0017
Iteration 10: Benign prob = 0.0019
Iteration 11: Benign prob = 0.0020
Iteration 13: Benign prob = 0.0022
Iteration 17: Benign prob = 0.0024
Iteration 21: Benign prob = 0.0025
Iteration 25: Benign prob = 0.0026
Iteration 28: Benign prob = 0.0028
Iteration 33: Benign prob = 0.0031
Iteration 35: Benign prob = 0.0032
Iteration 38: Benign prob = 0.0033
Iteration 40: Benign prob = 0.0033
Iteration 45: Benign prob = 0.0036
Iteration 47: Benign prob = 0.0036
Iteration 52: Benign prob = 0.0038
Iteration 56: Benign prob = 0.0043
Iteration 60: Benign prob = 0.0043
Iteration 61: Benign prob = 0.0044
Iteration 62: Benign prob = 0.0046
Iteration 71: Benign prob = 0.0054
Iteration 73: Benign prob = 0.0054
Iteration 79: Benign prob = 0.0061
Iteration 90: Benign prob = 0.0062
Iteration 92: Benign prob = 0.0065
Iteration 97: Benign prob = 0.0066
Iteration 101: Benign prob = 0.0069
Iteration 107: Benign prob = 0.0070
Iteration 110: Benign prob = 0.0071
Iteration 111: Benign prob = 0.0072
Iteration 116: Benign prob = 0.0072
Iteration 123: Benign prob = 0.0075
Iteration 127: Benign prob = 0.0077
Iteration 128: Benign prob = 0.0083
Iteration 133: Benign prob = 0.0084
Iteration 147: Benign prob = 0.0084
Iteration 148: Benign prob = 0.0089
Iteration 161: Benign prob = 0.0093
Iteration 171: Benign prob = 0.0095
Iteration 185: Benign prob = 0.0096
Iteration 192: Benign prob = 0.0096
Iteration 193: Benign prob = 0.0097
Iteration 203: Benign prob = 0.0099
Iteration 206: Benign prob = 0.0100
Iteration 212: Benign prob = 0.0112
Iteration 240: Benign prob = 0.0122
Iteration 241: Benign prob = 0.0124
Iteration 259: Benign prob = 0.0127
Iteration 261: Benign prob = 0.0129
Iteration 267: Benign prob = 0.0142
Iteration 288: Benign prob = 0.0147
Iteration 290: Benign prob = 0.0148
Iteration 298: Benign prob = 0.0152
Iteration 299: Benign prob = 0.0154
Iteration 307: Benign prob = 0.0157
Iteration 313: Benign prob = 0.0158
Iteration 323: Benign prob = 0.0167
Iteration 325: Benign prob = 0.0169
Iteration 333: Benign prob = 0.0178
Iteration 337: Benign prob = 0.0184
Iteration 363: Benign prob = 0.0193
Iteration 365: Benign prob = 0.0203
Iteration 386: Benign prob = 0.0204
Iteration 389: Benign prob = 0.0212
Iteration 440: Benign prob = 0.0213
Iteration 450: Benign prob = 0.0221
Iteration 475: Benign prob = 0.0225
Iteration 496: Benign prob = 0.0225
Iteration 499: Benign prob = 0.0226
Iteration 506: Benign prob = 0.0237
Iteration 528: Benign prob = 0.0237
Iteration 540: Benign prob = 0.0240
Iteration 552: Benign prob = 0.0241
Iteration 554: Benign prob = 0.0266
Iteration 576: Benign prob = 0.0271
Iteration 604: Benign prob = 0.0272
Iteration 618: Benign prob = 0.0274
Iteration 621: Benign prob = 0.0284
Iteration 626: Benign prob = 0.0300
Iteration 639: Benign prob = 0.0318
Iteration 674: Benign prob = 0.0334
Iteration 685: Benign prob = 0.0338
Iteration 690: Benign prob = 0.0342
Iteration 702: Benign prob = 0.0345
Iteration 706: Benign prob = 0.0352
Iteration 731: Benign prob = 0.0353
Iteration 748: Benign prob = 0.0369
Iteration 794: Benign prob = 0.0372
Iteration 803: Benign prob = 0.0389
Iteration 815: Benign prob = 0.0392
Iteration 822: Benign prob = 0.0397
Iteration 885: Benign prob = 0.0420
Iteration 910: Benign prob = 0.0442
Iteration 943: Benign prob = 0.0444
Iteration 954: Benign prob = 0.0456
Iteration 1016: Benign prob = 0.0458
Iteration 1034: Benign prob = 0.0465
Iteration 1049: Benign prob = 0.0480
Iteration 1074: Benign prob = 0.0507
Iteration 1081: Benign prob = 0.0512
Iteration 1149: Benign prob = 0.0514
Iteration 1172: Benign prob = 0.0526
Iteration 1204: Benign prob = 0.0536
Iteration 1215: Benign prob = 0.0541
Iteration 1216: Benign prob = 0.0542
Iteration 1261: Benign prob = 0.0551
Iteration 1318: Benign prob = 0.0557
Iteration 1326: Benign prob = 0.0566
Iteration 1377: Benign prob = 0.0571
Iteration 1516: Benign prob = 0.0604
Iteration 1532: Benign prob = 0.0607
Iteration 1560: Benign prob = 0.0608
Iteration 1566: Benign prob = 0.0611
Iteration 1582: Benign prob = 0.0619
Iteration 1584: Benign prob = 0.0621
Iteration 1608: Benign prob = 0.0647
Iteration 1651: Benign prob = 0.0650
Iteration 1686: Benign prob = 0.0655
Iteration 1696: Benign prob = 0.0663
Iteration 1711: Benign prob = 0.0674
Iteration 1791: Benign prob = 0.0674
Iteration 1805: Benign prob = 0.0690
Iteration 1849: Benign prob = 0.0691
Iteration 1884: Benign prob = 0.0713
Iteration 1902: Benign prob = 0.0716
Iteration 1908: Benign prob = 0.0721
Iteration 1919: Benign prob = 0.0732
Iteration 1950: Benign prob = 0.0762
Iteration 1998: Benign prob = 0.0804
Iteration 2039: Benign prob = 0.0808
Iteration 2040: Benign prob = 0.0826
Iteration 2081: Benign prob = 0.0831
Iteration 2090: Benign prob = 0.0850
Iteration 2102: Benign prob = 0.0870
Iteration 2128: Benign prob = 0.0903
Iteration 2174: Benign prob = 0.0903
Iteration 2180: Benign prob = 0.0908
Iteration 2260: Benign prob = 0.0951
Iteration 2283: Benign prob = 0.0969
Iteration 2284: Benign prob = 0.0982
Iteration 2424: Benign prob = 0.0987
Iteration 2499: Benign prob = 0.0991
Iteration 2515: Benign prob = 0.0992
Iteration 2540: Benign prob = 0.1001
Iteration 2544: Benign prob = 0.1036
Iteration 2603: Benign prob = 0.1047
Iteration 2734: Benign prob = 0.1051
Iteration 2746: Benign prob = 0.1071
Iteration 2814: Benign prob = 0.1112
Iteration 2834: Benign prob = 0.1163
Iteration 2875: Benign prob = 0.1165
Iteration 3017: Benign prob = 0.1180
Iteration 3019: Benign prob = 0.1193
Iteration 3032: Benign prob = 0.1227
Iteration 3064: Benign prob = 0.1240
Iteration 3076: Benign prob = 0.1243
Iteration 3085: Benign prob = 0.1260
Iteration 3095: Benign prob = 0.1266
Iteration 3097: Benign prob = 0.1270
Iteration 3111: Benign prob = 0.1273
Iteration 3128: Benign prob = 0.1275
Iteration 3147: Benign prob = 0.1280
Iteration 3155: Benign prob = 0.1293
Iteration 3166: Benign prob = 0.1316
Iteration 3212: Benign prob = 0.1323
Iteration 3250: Benign prob = 0.1338
Iteration 3258: Benign prob = 0.1339
Iteration 3288: Benign prob = 0.1346
Iteration 3297: Benign prob = 0.1396
Iteration 3379: Benign prob = 0.1406
Iteration 3432: Benign prob = 0.1415
Iteration 3445: Benign prob = 0.1469
Iteration 3501: Benign prob = 0.1470
Iteration 3502: Benign prob = 0.1532
Iteration 3544: Benign prob = 0.1533
Iteration 3591: Benign prob = 0.1544
Iteration 3602: Benign prob = 0.1571
Iteration 3696: Benign prob = 0.1608
Iteration 3703: Benign prob = 0.1631
Iteration 3712: Benign prob = 0.1639
Iteration 3724: Benign prob = 0.1678
Iteration 3774: Benign prob = 0.1704
Iteration 3777: Benign prob = 0.1712
Iteration 3799: Benign prob = 0.1754
Iteration 3978: Benign prob = 0.1778
Iteration 3986: Benign prob = 0.1813
Iteration 4140: Benign prob = 0.1842
Iteration 4158: Benign prob = 0.1874
Iteration 4241: Benign prob = 0.1925
Iteration 4278: Benign prob = 0.1934
Iteration 4289: Benign prob = 0.1935
Iteration 4290: Benign prob = 0.1965
Iteration 4305: Benign prob = 0.1978
Iteration 4331: Benign prob = 0.1978
Iteration 4346: Benign prob = 0.2007
Iteration 4456: Benign prob = 0.2052
Iteration 4486: Benign prob = 0.2074
Iteration 4568: Benign prob = 0.2085
Iteration 4637: Benign prob = 0.2106
Iteration 4651: Benign prob = 0.2140
Iteration 4675: Benign prob = 0.2161
Iteration 4718: Benign prob = 0.2277
Iteration 4870: Benign prob = 0.2284
Iteration 4892: Benign prob = 0.2391
Iteration 4991: Benign prob = 0.2414
Iteration 5159: Benign prob = 0.2438
Iteration 5171: Benign prob = 0.2441
Iteration 5178: Benign prob = 0.2485
Iteration 5189: Benign prob = 0.2492
Iteration 5212: Benign prob = 0.2498
Iteration 5248: Benign prob = 0.2516
Iteration 5278: Benign prob = 0.2579
Iteration 5299: Benign prob = 0.2589
Iteration 5333: Benign prob = 0.2608
Iteration 5380: Benign prob = 0.2608
Iteration 5422: Benign prob = 0.2645
Iteration 5434: Benign prob = 0.2666
Iteration 5487: Benign prob = 0.2717
Iteration 5585: Benign prob = 0.2722
Iteration 5663: Benign prob = 0.2737
Iteration 5679: Benign prob = 0.2749
Iteration 5703: Benign prob = 0.2801
Iteration 5848: Benign prob = 0.2857
Iteration 5897: Benign prob = 0.2881
Iteration 5899: Benign prob = 0.2892
Iteration 5969: Benign prob = 0.2894
Iteration 6016: Benign prob = 0.2899
Iteration 6032: Benign prob = 0.2911
Iteration 6088: Benign prob = 0.2920
Iteration 6177: Benign prob = 0.2922
Iteration 6216: Benign prob = 0.2930
Iteration 6307: Benign prob = 0.2956
Iteration 6350: Benign prob = 0.2960
Iteration 6371: Benign prob = 0.2962
Iteration 6392: Benign prob = 0.2989
Iteration 6461: Benign prob = 0.3010
Iteration 6476: Benign prob = 0.3041
Iteration 6647: Benign prob = 0.3075
Iteration 6675: Benign prob = 0.3147
Iteration 6681: Benign prob = 0.3154
Iteration 6758: Benign prob = 0.3244
Iteration 6830: Benign prob = 0.3245
Iteration 6845: Benign prob = 0.3253
Iteration 6880: Benign prob = 0.3285
Iteration 6901: Benign prob = 0.3299
Iteration 6924: Benign prob = 0.3340
Iteration 7125: Benign prob = 0.3385
Iteration 7182: Benign prob = 0.3482
Iteration 7206: Benign prob = 0.3567
Iteration 7208: Benign prob = 0.3593
Iteration 7239: Benign prob = 0.3601
Iteration 7312: Benign prob = 0.3645
Iteration 7357: Benign prob = 0.3689
Iteration 7367: Benign prob = 0.3691
Iteration 7368: Benign prob = 0.3747
Iteration 7561: Benign prob = 0.3786
Iteration 7599: Benign prob = 0.3806
Iteration 7606: Benign prob = 0.3831
Iteration 7678: Benign prob = 0.3850
Iteration 7834: Benign prob = 0.3893
Iteration 7902: Benign prob = 0.3942
Iteration 7925: Benign prob = 0.3947
Iteration 8024: Benign prob = 0.3963
Iteration 8074: Benign prob = 0.3989
Iteration 8156: Benign prob = 0.3989
Iteration 8195: Benign prob = 0.3999
Iteration 8205: Benign prob = 0.4017
Iteration 8292: Benign prob = 0.4023
Iteration 8400: Benign prob = 0.4029
Iteration 8425: Benign prob = 0.4052
Iteration 8503: Benign prob = 0.4076
Iteration 8539: Benign prob = 0.4087
Iteration 8542: Benign prob = 0.4135
Iteration 8591: Benign prob = 0.4151
Iteration 8607: Benign prob = 0.4154
Iteration 8650: Benign prob = 0.4211
Iteration 8657: Benign prob = 0.4217
Iteration 8957: Benign prob = 0.4256
Iteration 9026: Benign prob = 0.4310
Iteration 9165: Benign prob = 0.4335
Iteration 9236: Benign prob = 0.4341
Iteration 9251: Benign prob = 0.4356
Iteration 9276: Benign prob = 0.4373
Iteration 9310: Benign prob = 0.4390
Iteration 9315: Benign prob = 0.4425
Iteration 9390: Benign prob = 0.4436
Iteration 9498: Benign prob = 0.4471
Iteration 9593: Benign prob = 0.4531
Iteration 9622: Benign prob = 0.4568
Iteration 9668: Benign prob = 0.4570
Iteration 9726: Benign prob = 0.4638
Iteration 9751: Benign prob = 0.4646
Iteration 9767: Benign prob = 0.4701
Iteration 9836: Benign prob = 0.4732
Iteration 9870: Benign prob = 0.4776
Iteration 9879: Benign prob = 0.4810
Iteration 9990: Benign prob = 0.4825

 Completed Adversarial Image for image 5 in 17.51 minutes.

--- Adversarial Prediction Results for image 5: (/home/users/atodorova/alisa-thesis/malnet-cnn/test/risktool++riskware++virus/badpac/A69BF8AE68FC7B5A739E358D931B19989DF5EF1655EB4825036DEAF96D49B053.png) ---
Predicted class: 42 (trojan)
Confidence     : 0.4648
True class     : 29 (risktool++riskware++virus)


=== [6/10] Creating EA Adversarial Image for /home/users/atodorova/alisa-thesis/malnet-cnn/test/risktool++riskware++virus/jiagu/04D6F5D44B64ABDAB4AF5FABD41AF5CE5D87321E1DC9CE91C84146D637868D14.png ===

--- Original Prediction Results ---
Predicted class: 15 (clickfraud++riskware)

Confidence     : 0.3043

True class     : 29 (risktool++riskware++virus)

Target ('benign') class: 11 (benign)

Failed to generate adversarial image in 10000 iterations.

[ERROR] Error to generate adversarial image for 6 (/home/users/atodorova/alisa-thesis/malnet-cnn/test/risktool++riskware++virus/jiagu/04D6F5D44B64ABDAB4AF5FABD41AF5CE5D87321E1DC9CE91C84146D637868D14.png): unsupported format string passed to NoneType.__format__


=== [7/10] Creating EA Adversarial Image for /home/users/atodorova/alisa-thesis/malnet-cnn/test/risktool++riskware++virus/jiagu/DD9869FC7B5ED2710D5B94E964BE9BF32C91BBC7D61E3EF8C9ADF45FD20AB3F7.png ===

--- Original Prediction Results ---
Predicted class: 4 (adware)

Confidence     : 0.3777

True class     : 29 (risktool++riskware++virus)

Target ('benign') class: 11 (benign)

[INFO] Benign class became best class at iteration 1095 with confidence 0.3438!

Targeted adversarial image created in 1726 iterations.
Benign first predicted at iteration 1095 with confidence 0.3438.

Benign probability changes (iteration, prob):
Iteration 0: Benign prob = 0.0006
Iteration 1: Benign prob = 0.0010
Iteration 2: Benign prob = 0.0011
Iteration 3: Benign prob = 0.0015
Iteration 4: Benign prob = 0.0016
Iteration 5: Benign prob = 0.0018
Iteration 6: Benign prob = 0.0018
Iteration 7: Benign prob = 0.0019
Iteration 9: Benign prob = 0.0019
Iteration 10: Benign prob = 0.0022
Iteration 13: Benign prob = 0.0024
Iteration 17: Benign prob = 0.0026
Iteration 18: Benign prob = 0.0027
Iteration 22: Benign prob = 0.0028
Iteration 25: Benign prob = 0.0029
Iteration 27: Benign prob = 0.0030
Iteration 33: Benign prob = 0.0032
Iteration 45: Benign prob = 0.0033
Iteration 48: Benign prob = 0.0034
Iteration 50: Benign prob = 0.0034
Iteration 51: Benign prob = 0.0035
Iteration 57: Benign prob = 0.0039
Iteration 68: Benign prob = 0.0042
Iteration 71: Benign prob = 0.0043
Iteration 75: Benign prob = 0.0046
Iteration 81: Benign prob = 0.0049
Iteration 84: Benign prob = 0.0051
Iteration 85: Benign prob = 0.0052
Iteration 87: Benign prob = 0.0054
Iteration 89: Benign prob = 0.0054
Iteration 90: Benign prob = 0.0056
Iteration 91: Benign prob = 0.0061
Iteration 93: Benign prob = 0.0062
Iteration 97: Benign prob = 0.0066
Iteration 102: Benign prob = 0.0067
Iteration 103: Benign prob = 0.0068
Iteration 104: Benign prob = 0.0070
Iteration 105: Benign prob = 0.0076
Iteration 108: Benign prob = 0.0077
Iteration 109: Benign prob = 0.0080
Iteration 111: Benign prob = 0.0086
Iteration 113: Benign prob = 0.0098
Iteration 116: Benign prob = 0.0101
Iteration 120: Benign prob = 0.0107
Iteration 121: Benign prob = 0.0116
Iteration 125: Benign prob = 0.0123
Iteration 126: Benign prob = 0.0129
Iteration 127: Benign prob = 0.0145
Iteration 128: Benign prob = 0.0158
Iteration 133: Benign prob = 0.0161
Iteration 135: Benign prob = 0.0170
Iteration 137: Benign prob = 0.0189
Iteration 139: Benign prob = 0.0194
Iteration 140: Benign prob = 0.0212
Iteration 141: Benign prob = 0.0245
Iteration 146: Benign prob = 0.0270
Iteration 153: Benign prob = 0.0342
Iteration 174: Benign prob = 0.0348
Iteration 181: Benign prob = 0.0381
Iteration 190: Benign prob = 0.0383
Iteration 199: Benign prob = 0.0387
Iteration 205: Benign prob = 0.0449
Iteration 213: Benign prob = 0.0460
Iteration 219: Benign prob = 0.0477
Iteration 230: Benign prob = 0.0534
Iteration 233: Benign prob = 0.0552
Iteration 237: Benign prob = 0.0576
Iteration 242: Benign prob = 0.0584
Iteration 251: Benign prob = 0.0590
Iteration 254: Benign prob = 0.0608
Iteration 260: Benign prob = 0.0610
Iteration 261: Benign prob = 0.0658
Iteration 264: Benign prob = 0.0673
Iteration 270: Benign prob = 0.0677
Iteration 283: Benign prob = 0.0714
Iteration 285: Benign prob = 0.0718
Iteration 294: Benign prob = 0.0750
Iteration 303: Benign prob = 0.0757
Iteration 308: Benign prob = 0.0775
Iteration 320: Benign prob = 0.0804
Iteration 321: Benign prob = 0.0833
Iteration 330: Benign prob = 0.0847
Iteration 332: Benign prob = 0.0852
Iteration 337: Benign prob = 0.0868
Iteration 338: Benign prob = 0.0956
Iteration 373: Benign prob = 0.0959
Iteration 381: Benign prob = 0.0988
Iteration 384: Benign prob = 0.0991
Iteration 393: Benign prob = 0.1012
Iteration 400: Benign prob = 0.1021
Iteration 424: Benign prob = 0.1042
Iteration 433: Benign prob = 0.1082
Iteration 446: Benign prob = 0.1107
Iteration 468: Benign prob = 0.1124
Iteration 478: Benign prob = 0.1251
Iteration 526: Benign prob = 0.1283
Iteration 529: Benign prob = 0.1378
Iteration 578: Benign prob = 0.1392
Iteration 579: Benign prob = 0.1554
Iteration 592: Benign prob = 0.1626
Iteration 610: Benign prob = 0.1682
Iteration 620: Benign prob = 0.1707
Iteration 640: Benign prob = 0.1808
Iteration 641: Benign prob = 0.1970
Iteration 651: Benign prob = 0.2038
Iteration 670: Benign prob = 0.2072
Iteration 677: Benign prob = 0.2137
Iteration 681: Benign prob = 0.2179
Iteration 686: Benign prob = 0.2200
Iteration 689: Benign prob = 0.2219
Iteration 697: Benign prob = 0.2279
Iteration 706: Benign prob = 0.2284
Iteration 707: Benign prob = 0.2302
Iteration 718: Benign prob = 0.2389
Iteration 735: Benign prob = 0.2447
Iteration 742: Benign prob = 0.2582
Iteration 770: Benign prob = 0.2592
Iteration 774: Benign prob = 0.2618
Iteration 775: Benign prob = 0.2670
Iteration 776: Benign prob = 0.2692
Iteration 777: Benign prob = 0.2693
Iteration 812: Benign prob = 0.2719
Iteration 816: Benign prob = 0.2731
Iteration 819: Benign prob = 0.2799
Iteration 834: Benign prob = 0.2829
Iteration 865: Benign prob = 0.2848
Iteration 905: Benign prob = 0.2979
Iteration 933: Benign prob = 0.3007
Iteration 945: Benign prob = 0.3011
Iteration 977: Benign prob = 0.3061
Iteration 987: Benign prob = 0.3142
Iteration 1032: Benign prob = 0.3207
Iteration 1035: Benign prob = 0.3323
Iteration 1039: Benign prob = 0.3331
Iteration 1095: Benign prob = 0.3438
Iteration 1101: Benign prob = 0.3456
Iteration 1130: Benign prob = 0.3498
Iteration 1142: Benign prob = 0.3512
Iteration 1162: Benign prob = 0.3576
Iteration 1171: Benign prob = 0.3614
Iteration 1173: Benign prob = 0.3659
Iteration 1175: Benign prob = 0.3674
Iteration 1180: Benign prob = 0.3770
Iteration 1188: Benign prob = 0.3907
Iteration 1189: Benign prob = 0.3918
Iteration 1213: Benign prob = 0.3984
Iteration 1240: Benign prob = 0.4015
Iteration 1252: Benign prob = 0.4023
Iteration 1266: Benign prob = 0.4097
Iteration 1275: Benign prob = 0.4127
Iteration 1287: Benign prob = 0.4197
Iteration 1294: Benign prob = 0.4225
Iteration 1312: Benign prob = 0.4243
Iteration 1332: Benign prob = 0.4333
Iteration 1367: Benign prob = 0.4375
Iteration 1374: Benign prob = 0.4414
Iteration 1379: Benign prob = 0.4490
Iteration 1406: Benign prob = 0.4538
Iteration 1463: Benign prob = 0.4569
Iteration 1465: Benign prob = 0.4683
Iteration 1469: Benign prob = 0.4690
Iteration 1508: Benign prob = 0.4711
Iteration 1536: Benign prob = 0.4769
Iteration 1564: Benign prob = 0.4787
Iteration 1572: Benign prob = 0.4841
Iteration 1577: Benign prob = 0.4899
Iteration 1591: Benign prob = 0.4944
Iteration 1600: Benign prob = 0.4982
Iteration 1604: Benign prob = 0.4992
Iteration 1619: Benign prob = 0.4995
Iteration 1622: Benign prob = 0.5147
Iteration 1635: Benign prob = 0.5155
Iteration 1642: Benign prob = 0.5271
Iteration 1656: Benign prob = 0.5295
Iteration 1664: Benign prob = 0.5312
Iteration 1691: Benign prob = 0.5460
Iteration 1726: Benign prob = 0.5583

 Completed Adversarial Image for image 7 in 3.00 minutes.

--- Adversarial Prediction Results for image 7: (/home/users/atodorova/alisa-thesis/malnet-cnn/test/risktool++riskware++virus/jiagu/DD9869FC7B5ED2710D5B94E964BE9BF32C91BBC7D61E3EF8C9ADF45FD20AB3F7.png) ---
Predicted class: 11 (benign)
Confidence     : 0.5583
True class     : 29 (risktool++riskware++virus)


=== [8/10] Creating EA Adversarial Image for /home/users/atodorova/alisa-thesis/malnet-cnn/test/risktool++riskware++virus/jiagu/A1C5A032A5923ACBC3B807E6A95DBE3050A7E9D5EB0EFC8EFCCF7C88509D6256.png ===

--- Original Prediction Results ---
Predicted class: 4 (adware)

Confidence     : 0.3498

True class     : 29 (risktool++riskware++virus)

Target ('benign') class: 11 (benign)

[INFO] Benign class became best class at iteration 4284 with confidence 0.3056!

Targeted adversarial image created in 7433 iterations.
Benign first predicted at iteration 4284 with confidence 0.3056.

Benign probability changes (iteration, prob):
Iteration 0: Benign prob = 0.0008
Iteration 2: Benign prob = 0.0009
Iteration 3: Benign prob = 0.0012
Iteration 4: Benign prob = 0.0014
Iteration 5: Benign prob = 0.0015
Iteration 6: Benign prob = 0.0015
Iteration 7: Benign prob = 0.0017
Iteration 8: Benign prob = 0.0018
Iteration 10: Benign prob = 0.0018
Iteration 12: Benign prob = 0.0019
Iteration 13: Benign prob = 0.0020
Iteration 15: Benign prob = 0.0023
Iteration 16: Benign prob = 0.0024
Iteration 23: Benign prob = 0.0025
Iteration 26: Benign prob = 0.0026
Iteration 34: Benign prob = 0.0027
Iteration 35: Benign prob = 0.0027
Iteration 37: Benign prob = 0.0028
Iteration 41: Benign prob = 0.0031
Iteration 44: Benign prob = 0.0032
Iteration 46: Benign prob = 0.0032
Iteration 47: Benign prob = 0.0035
Iteration 53: Benign prob = 0.0035
Iteration 55: Benign prob = 0.0036
Iteration 58: Benign prob = 0.0036
Iteration 59: Benign prob = 0.0037
Iteration 62: Benign prob = 0.0037
Iteration 63: Benign prob = 0.0038
Iteration 64: Benign prob = 0.0040
Iteration 73: Benign prob = 0.0040
Iteration 74: Benign prob = 0.0041
Iteration 76: Benign prob = 0.0041
Iteration 85: Benign prob = 0.0043
Iteration 86: Benign prob = 0.0044
Iteration 93: Benign prob = 0.0046
Iteration 99: Benign prob = 0.0048
Iteration 100: Benign prob = 0.0048
Iteration 101: Benign prob = 0.0050
Iteration 104: Benign prob = 0.0054
Iteration 112: Benign prob = 0.0056
Iteration 115: Benign prob = 0.0058
Iteration 117: Benign prob = 0.0060
Iteration 120: Benign prob = 0.0061
Iteration 122: Benign prob = 0.0067
Iteration 125: Benign prob = 0.0067
Iteration 127: Benign prob = 0.0068
Iteration 130: Benign prob = 0.0075
Iteration 145: Benign prob = 0.0077
Iteration 146: Benign prob = 0.0079
Iteration 150: Benign prob = 0.0084
Iteration 153: Benign prob = 0.0084
Iteration 163: Benign prob = 0.0085
Iteration 164: Benign prob = 0.0087
Iteration 170: Benign prob = 0.0091
Iteration 172: Benign prob = 0.0096
Iteration 173: Benign prob = 0.0102
Iteration 177: Benign prob = 0.0107
Iteration 185: Benign prob = 0.0112
Iteration 186: Benign prob = 0.0113
Iteration 190: Benign prob = 0.0116
Iteration 192: Benign prob = 0.0122
Iteration 194: Benign prob = 0.0124
Iteration 198: Benign prob = 0.0127
Iteration 205: Benign prob = 0.0128
Iteration 207: Benign prob = 0.0132
Iteration 208: Benign prob = 0.0136
Iteration 217: Benign prob = 0.0138
Iteration 220: Benign prob = 0.0142
Iteration 239: Benign prob = 0.0144
Iteration 243: Benign prob = 0.0149
Iteration 244: Benign prob = 0.0152
Iteration 248: Benign prob = 0.0154
Iteration 250: Benign prob = 0.0157
Iteration 308: Benign prob = 0.0157
Iteration 312: Benign prob = 0.0161
Iteration 331: Benign prob = 0.0162
Iteration 334: Benign prob = 0.0164
Iteration 377: Benign prob = 0.0166
Iteration 384: Benign prob = 0.0175
Iteration 390: Benign prob = 0.0178
Iteration 404: Benign prob = 0.0186
Iteration 410: Benign prob = 0.0192
Iteration 417: Benign prob = 0.0203
Iteration 426: Benign prob = 0.0205
Iteration 429: Benign prob = 0.0213
Iteration 439: Benign prob = 0.0218
Iteration 441: Benign prob = 0.0219
Iteration 448: Benign prob = 0.0226
Iteration 473: Benign prob = 0.0232
Iteration 484: Benign prob = 0.0243
Iteration 515: Benign prob = 0.0264
Iteration 586: Benign prob = 0.0276
Iteration 605: Benign prob = 0.0282
Iteration 616: Benign prob = 0.0288
Iteration 628: Benign prob = 0.0304
Iteration 637: Benign prob = 0.0310
Iteration 651: Benign prob = 0.0324
Iteration 652: Benign prob = 0.0325
Iteration 672: Benign prob = 0.0331
Iteration 689: Benign prob = 0.0353
Iteration 695: Benign prob = 0.0363
Iteration 701: Benign prob = 0.0370
Iteration 718: Benign prob = 0.0371
Iteration 748: Benign prob = 0.0391
Iteration 751: Benign prob = 0.0395
Iteration 782: Benign prob = 0.0404
Iteration 797: Benign prob = 0.0416
Iteration 839: Benign prob = 0.0418
Iteration 850: Benign prob = 0.0422
Iteration 854: Benign prob = 0.0423
Iteration 861: Benign prob = 0.0455
Iteration 872: Benign prob = 0.0470
Iteration 880: Benign prob = 0.0472
Iteration 882: Benign prob = 0.0483
Iteration 912: Benign prob = 0.0486
Iteration 916: Benign prob = 0.0524
Iteration 937: Benign prob = 0.0525
Iteration 942: Benign prob = 0.0589
Iteration 951: Benign prob = 0.0590
Iteration 954: Benign prob = 0.0624
Iteration 976: Benign prob = 0.0633
Iteration 1012: Benign prob = 0.0661
Iteration 1032: Benign prob = 0.0672
Iteration 1058: Benign prob = 0.0681
Iteration 1099: Benign prob = 0.0687
Iteration 1120: Benign prob = 0.0697
Iteration 1127: Benign prob = 0.0732
Iteration 1160: Benign prob = 0.0756
Iteration 1196: Benign prob = 0.0765
Iteration 1230: Benign prob = 0.0783
Iteration 1231: Benign prob = 0.0827
Iteration 1250: Benign prob = 0.0828
Iteration 1262: Benign prob = 0.0835
Iteration 1267: Benign prob = 0.0857
Iteration 1271: Benign prob = 0.0877
Iteration 1279: Benign prob = 0.0882
Iteration 1343: Benign prob = 0.0888
Iteration 1354: Benign prob = 0.0936
Iteration 1399: Benign prob = 0.0960
Iteration 1434: Benign prob = 0.0963
Iteration 1454: Benign prob = 0.0968
Iteration 1467: Benign prob = 0.0971
Iteration 1468: Benign prob = 0.0975
Iteration 1471: Benign prob = 0.1002
Iteration 1485: Benign prob = 0.1011
Iteration 1521: Benign prob = 0.1019
Iteration 1557: Benign prob = 0.1023
Iteration 1605: Benign prob = 0.1028
Iteration 1625: Benign prob = 0.1044
Iteration 1661: Benign prob = 0.1045
Iteration 1676: Benign prob = 0.1056
Iteration 1689: Benign prob = 0.1090
Iteration 1692: Benign prob = 0.1109
Iteration 1703: Benign prob = 0.1116
Iteration 1709: Benign prob = 0.1130
Iteration 1753: Benign prob = 0.1138
Iteration 1792: Benign prob = 0.1189
Iteration 1798: Benign prob = 0.1194
Iteration 1810: Benign prob = 0.1227
Iteration 1860: Benign prob = 0.1230
Iteration 1913: Benign prob = 0.1237
Iteration 1933: Benign prob = 0.1252
Iteration 1951: Benign prob = 0.1306
Iteration 1966: Benign prob = 0.1311
Iteration 1999: Benign prob = 0.1332
Iteration 2008: Benign prob = 0.1332
Iteration 2037: Benign prob = 0.1335
Iteration 2044: Benign prob = 0.1342
Iteration 2051: Benign prob = 0.1363
Iteration 2103: Benign prob = 0.1386
Iteration 2154: Benign prob = 0.1389
Iteration 2166: Benign prob = 0.1420
Iteration 2229: Benign prob = 0.1487
Iteration 2249: Benign prob = 0.1489
Iteration 2253: Benign prob = 0.1495
Iteration 2257: Benign prob = 0.1502
Iteration 2260: Benign prob = 0.1519
Iteration 2267: Benign prob = 0.1527
Iteration 2361: Benign prob = 0.1527
Iteration 2362: Benign prob = 0.1530
Iteration 2364: Benign prob = 0.1546
Iteration 2404: Benign prob = 0.1557
Iteration 2436: Benign prob = 0.1600
Iteration 2448: Benign prob = 0.1604
Iteration 2533: Benign prob = 0.1622
Iteration 2552: Benign prob = 0.1626
Iteration 2553: Benign prob = 0.1657
Iteration 2559: Benign prob = 0.1688
Iteration 2580: Benign prob = 0.1693
Iteration 2588: Benign prob = 0.1723
Iteration 2598: Benign prob = 0.1741
Iteration 2600: Benign prob = 0.1788
Iteration 2705: Benign prob = 0.1823
Iteration 2734: Benign prob = 0.1842
Iteration 2777: Benign prob = 0.1846
Iteration 2821: Benign prob = 0.1868
Iteration 2837: Benign prob = 0.1879
Iteration 2847: Benign prob = 0.1894
Iteration 2892: Benign prob = 0.1932
Iteration 2933: Benign prob = 0.1970
Iteration 2980: Benign prob = 0.1988
Iteration 3032: Benign prob = 0.2000
Iteration 3050: Benign prob = 0.2035
Iteration 3084: Benign prob = 0.2062
Iteration 3098: Benign prob = 0.2150
Iteration 3222: Benign prob = 0.2176
Iteration 3324: Benign prob = 0.2231
Iteration 3337: Benign prob = 0.2248
Iteration 3372: Benign prob = 0.2288
Iteration 3376: Benign prob = 0.2318
Iteration 3423: Benign prob = 0.2320
Iteration 3534: Benign prob = 0.2369
Iteration 3542: Benign prob = 0.2389
Iteration 3577: Benign prob = 0.2408
Iteration 3674: Benign prob = 0.2450
Iteration 3710: Benign prob = 0.2464
Iteration 3731: Benign prob = 0.2473
Iteration 3751: Benign prob = 0.2513
Iteration 3864: Benign prob = 0.2527
Iteration 3930: Benign prob = 0.2548
Iteration 3932: Benign prob = 0.2607
Iteration 3961: Benign prob = 0.2617
Iteration 3973: Benign prob = 0.2635
Iteration 4027: Benign prob = 0.2638
Iteration 4075: Benign prob = 0.2656
Iteration 4095: Benign prob = 0.2751
Iteration 4098: Benign prob = 0.2828
Iteration 4145: Benign prob = 0.2851
Iteration 4169: Benign prob = 0.2876
Iteration 4197: Benign prob = 0.2971
Iteration 4238: Benign prob = 0.2995
Iteration 4244: Benign prob = 0.3015
Iteration 4284: Benign prob = 0.3056
Iteration 4305: Benign prob = 0.3073
Iteration 4358: Benign prob = 0.3103
Iteration 4359: Benign prob = 0.3113
Iteration 4382: Benign prob = 0.3136
Iteration 4424: Benign prob = 0.3178
Iteration 4428: Benign prob = 0.3208
Iteration 4448: Benign prob = 0.3211
Iteration 4516: Benign prob = 0.3295
Iteration 4535: Benign prob = 0.3302
Iteration 4576: Benign prob = 0.3303
Iteration 4607: Benign prob = 0.3343
Iteration 4646: Benign prob = 0.3394
Iteration 4727: Benign prob = 0.3467
Iteration 4840: Benign prob = 0.3515
Iteration 4887: Benign prob = 0.3519
Iteration 4911: Benign prob = 0.3557
Iteration 4918: Benign prob = 0.3595
Iteration 4963: Benign prob = 0.3712
Iteration 5003: Benign prob = 0.3805
Iteration 5055: Benign prob = 0.3825
Iteration 5066: Benign prob = 0.3892
Iteration 5116: Benign prob = 0.3912
Iteration 5122: Benign prob = 0.3950
Iteration 5225: Benign prob = 0.3966
Iteration 5270: Benign prob = 0.4006
Iteration 5301: Benign prob = 0.4031
Iteration 5343: Benign prob = 0.4075
Iteration 5424: Benign prob = 0.4082
Iteration 5429: Benign prob = 0.4108
Iteration 5554: Benign prob = 0.4126
Iteration 5578: Benign prob = 0.4277
Iteration 5585: Benign prob = 0.4301
Iteration 5659: Benign prob = 0.4327
Iteration 5680: Benign prob = 0.4338
Iteration 5687: Benign prob = 0.4369
Iteration 5711: Benign prob = 0.4417
Iteration 5718: Benign prob = 0.4419
Iteration 5737: Benign prob = 0.4440
Iteration 5820: Benign prob = 0.4442
Iteration 5831: Benign prob = 0.4443
Iteration 5864: Benign prob = 0.4497
Iteration 5936: Benign prob = 0.4524
Iteration 5951: Benign prob = 0.4531
Iteration 5970: Benign prob = 0.4548
Iteration 5989: Benign prob = 0.4581
Iteration 6030: Benign prob = 0.4695
Iteration 6121: Benign prob = 0.4719
Iteration 6243: Benign prob = 0.4736
Iteration 6274: Benign prob = 0.4757
Iteration 6341: Benign prob = 0.4775
Iteration 6360: Benign prob = 0.4824
Iteration 6403: Benign prob = 0.4834
Iteration 6436: Benign prob = 0.4837
Iteration 6437: Benign prob = 0.4866
Iteration 6453: Benign prob = 0.4917
Iteration 6465: Benign prob = 0.4919
Iteration 6476: Benign prob = 0.4959
Iteration 6494: Benign prob = 0.4977
Iteration 6508: Benign prob = 0.5016
Iteration 6516: Benign prob = 0.5022
Iteration 6531: Benign prob = 0.5050
Iteration 6679: Benign prob = 0.5054
Iteration 6761: Benign prob = 0.5082
Iteration 6776: Benign prob = 0.5085
Iteration 6777: Benign prob = 0.5102
Iteration 6817: Benign prob = 0.5182
Iteration 6882: Benign prob = 0.5185
Iteration 6891: Benign prob = 0.5188
Iteration 6892: Benign prob = 0.5223
Iteration 6970: Benign prob = 0.5223
Iteration 6983: Benign prob = 0.5237
Iteration 7065: Benign prob = 0.5241
Iteration 7107: Benign prob = 0.5259
Iteration 7125: Benign prob = 0.5288
Iteration 7127: Benign prob = 0.5312
Iteration 7164: Benign prob = 0.5330
Iteration 7202: Benign prob = 0.5355
Iteration 7263: Benign prob = 0.5365
Iteration 7264: Benign prob = 0.5389
Iteration 7276: Benign prob = 0.5394
Iteration 7281: Benign prob = 0.5490
Iteration 7419: Benign prob = 0.5494
Iteration 7433: Benign prob = 0.5545

 Completed Adversarial Image for image 8 in 13.00 minutes.

--- Adversarial Prediction Results for image 8: (/home/users/atodorova/alisa-thesis/malnet-cnn/test/risktool++riskware++virus/jiagu/A1C5A032A5923ACBC3B807E6A95DBE3050A7E9D5EB0EFC8EFCCF7C88509D6256.png) ---
Predicted class: 11 (benign)
Confidence     : 0.5545
True class     : 29 (risktool++riskware++virus)


=== [9/10] Creating EA Adversarial Image for /home/users/atodorova/alisa-thesis/malnet-cnn/test/risktool++riskware++virus/skymobi/CF362489F596AC5E9C974777E59A8106723EAB1FAD13517F045D0E894241544A.png ===

--- Original Prediction Results ---
Predicted class: 42 (trojan)

Confidence     : 0.3976

True class     : 29 (risktool++riskware++virus)

Target ('benign') class: 11 (benign)

[INFO] Benign class became best class at iteration 6478 with confidence 0.2814!

Failed to generate adversarial image in 10000 iterations.
Benign first predicted at iteration 6478 with confidence 0.2814.

Benign probability changes (iteration, prob):
Iteration 0: Benign prob = 0.0016
Iteration 8: Benign prob = 0.0017
Iteration 10: Benign prob = 0.0017
Iteration 14: Benign prob = 0.0018
Iteration 15: Benign prob = 0.0018
Iteration 16: Benign prob = 0.0022
Iteration 25: Benign prob = 0.0023
Iteration 28: Benign prob = 0.0026
Iteration 30: Benign prob = 0.0026
Iteration 36: Benign prob = 0.0027
Iteration 37: Benign prob = 0.0029
Iteration 38: Benign prob = 0.0030
Iteration 39: Benign prob = 0.0031
Iteration 41: Benign prob = 0.0033
Iteration 43: Benign prob = 0.0034
Iteration 49: Benign prob = 0.0039
Iteration 50: Benign prob = 0.0040
Iteration 53: Benign prob = 0.0040
Iteration 55: Benign prob = 0.0042
Iteration 56: Benign prob = 0.0042
Iteration 62: Benign prob = 0.0044
Iteration 72: Benign prob = 0.0051
Iteration 88: Benign prob = 0.0058
Iteration 89: Benign prob = 0.0059
Iteration 93: Benign prob = 0.0061
Iteration 101: Benign prob = 0.0062
Iteration 107: Benign prob = 0.0064
Iteration 112: Benign prob = 0.0067
Iteration 116: Benign prob = 0.0073
Iteration 125: Benign prob = 0.0074
Iteration 130: Benign prob = 0.0080
Iteration 140: Benign prob = 0.0081
Iteration 142: Benign prob = 0.0086
Iteration 147: Benign prob = 0.0087
Iteration 158: Benign prob = 0.0087
Iteration 166: Benign prob = 0.0088
Iteration 167: Benign prob = 0.0089
Iteration 168: Benign prob = 0.0092
Iteration 175: Benign prob = 0.0093
Iteration 176: Benign prob = 0.0093
Iteration 180: Benign prob = 0.0099
Iteration 186: Benign prob = 0.0101
Iteration 204: Benign prob = 0.0102
Iteration 212: Benign prob = 0.0103
Iteration 215: Benign prob = 0.0110
Iteration 226: Benign prob = 0.0116
Iteration 236: Benign prob = 0.0118
Iteration 244: Benign prob = 0.0138
Iteration 271: Benign prob = 0.0149
Iteration 302: Benign prob = 0.0153
Iteration 307: Benign prob = 0.0167
Iteration 309: Benign prob = 0.0173
Iteration 333: Benign prob = 0.0184
Iteration 393: Benign prob = 0.0184
Iteration 402: Benign prob = 0.0185
Iteration 404: Benign prob = 0.0192
Iteration 407: Benign prob = 0.0196
Iteration 409: Benign prob = 0.0200
Iteration 426: Benign prob = 0.0203
Iteration 432: Benign prob = 0.0209
Iteration 435: Benign prob = 0.0221
Iteration 442: Benign prob = 0.0227
Iteration 449: Benign prob = 0.0227
Iteration 461: Benign prob = 0.0236
Iteration 476: Benign prob = 0.0239
Iteration 496: Benign prob = 0.0242
Iteration 504: Benign prob = 0.0258
Iteration 555: Benign prob = 0.0264
Iteration 603: Benign prob = 0.0267
Iteration 617: Benign prob = 0.0270
Iteration 632: Benign prob = 0.0273
Iteration 669: Benign prob = 0.0279
Iteration 676: Benign prob = 0.0280
Iteration 686: Benign prob = 0.0281
Iteration 687: Benign prob = 0.0282
Iteration 714: Benign prob = 0.0302
Iteration 736: Benign prob = 0.0310
Iteration 775: Benign prob = 0.0314
Iteration 790: Benign prob = 0.0326
Iteration 796: Benign prob = 0.0338
Iteration 807: Benign prob = 0.0343
Iteration 821: Benign prob = 0.0355
Iteration 854: Benign prob = 0.0359
Iteration 861: Benign prob = 0.0369
Iteration 891: Benign prob = 0.0381
Iteration 892: Benign prob = 0.0386
Iteration 896: Benign prob = 0.0397
Iteration 930: Benign prob = 0.0403
Iteration 983: Benign prob = 0.0403
Iteration 997: Benign prob = 0.0406
Iteration 1000: Benign prob = 0.0412
Iteration 1016: Benign prob = 0.0414
Iteration 1026: Benign prob = 0.0423
Iteration 1040: Benign prob = 0.0428
Iteration 1061: Benign prob = 0.0430
Iteration 1148: Benign prob = 0.0441
Iteration 1150: Benign prob = 0.0446
Iteration 1156: Benign prob = 0.0468
Iteration 1177: Benign prob = 0.0472
Iteration 1199: Benign prob = 0.0474
Iteration 1211: Benign prob = 0.0475
Iteration 1215: Benign prob = 0.0483
Iteration 1239: Benign prob = 0.0488
Iteration 1240: Benign prob = 0.0503
Iteration 1256: Benign prob = 0.0503
Iteration 1257: Benign prob = 0.0519
Iteration 1262: Benign prob = 0.0538
Iteration 1289: Benign prob = 0.0566
Iteration 1353: Benign prob = 0.0587
Iteration 1445: Benign prob = 0.0593
Iteration 1498: Benign prob = 0.0598
Iteration 1544: Benign prob = 0.0606
Iteration 1563: Benign prob = 0.0612
Iteration 1646: Benign prob = 0.0617
Iteration 1656: Benign prob = 0.0643
Iteration 1699: Benign prob = 0.0652
Iteration 1700: Benign prob = 0.0656
Iteration 1719: Benign prob = 0.0658
Iteration 1724: Benign prob = 0.0680
Iteration 1817: Benign prob = 0.0686
Iteration 1821: Benign prob = 0.0688
Iteration 1840: Benign prob = 0.0696
Iteration 1847: Benign prob = 0.0700
Iteration 1855: Benign prob = 0.0701
Iteration 1869: Benign prob = 0.0705
Iteration 1872: Benign prob = 0.0710
Iteration 1875: Benign prob = 0.0718
Iteration 1878: Benign prob = 0.0731
Iteration 1939: Benign prob = 0.0740
Iteration 1972: Benign prob = 0.0758
Iteration 1991: Benign prob = 0.0780
Iteration 1998: Benign prob = 0.0784
Iteration 2035: Benign prob = 0.0785
Iteration 2063: Benign prob = 0.0792
Iteration 2161: Benign prob = 0.0811
Iteration 2309: Benign prob = 0.0812
Iteration 2313: Benign prob = 0.0834
Iteration 2332: Benign prob = 0.0855
Iteration 2349: Benign prob = 0.0859
Iteration 2361: Benign prob = 0.0868
Iteration 2384: Benign prob = 0.0868
Iteration 2407: Benign prob = 0.0893
Iteration 2410: Benign prob = 0.0904
Iteration 2437: Benign prob = 0.0965
Iteration 2485: Benign prob = 0.0966
Iteration 2512: Benign prob = 0.0969
Iteration 2544: Benign prob = 0.0994
Iteration 2561: Benign prob = 0.1010
Iteration 2579: Benign prob = 0.1017
Iteration 2622: Benign prob = 0.1023
Iteration 2648: Benign prob = 0.1025
Iteration 2655: Benign prob = 0.1027
Iteration 2676: Benign prob = 0.1064
Iteration 2717: Benign prob = 0.1083
Iteration 2724: Benign prob = 0.1098
Iteration 2736: Benign prob = 0.1128
Iteration 2772: Benign prob = 0.1203
Iteration 2864: Benign prob = 0.1212
Iteration 2904: Benign prob = 0.1226
Iteration 2919: Benign prob = 0.1252
Iteration 2995: Benign prob = 0.1253
Iteration 3011: Benign prob = 0.1267
Iteration 3062: Benign prob = 0.1282
Iteration 3132: Benign prob = 0.1294
Iteration 3164: Benign prob = 0.1306
Iteration 3185: Benign prob = 0.1310
Iteration 3189: Benign prob = 0.1311
Iteration 3195: Benign prob = 0.1312
Iteration 3205: Benign prob = 0.1312
Iteration 3221: Benign prob = 0.1318
Iteration 3251: Benign prob = 0.1337
Iteration 3252: Benign prob = 0.1360
Iteration 3340: Benign prob = 0.1373
Iteration 3420: Benign prob = 0.1382
Iteration 3422: Benign prob = 0.1392
Iteration 3465: Benign prob = 0.1398
Iteration 3474: Benign prob = 0.1430
Iteration 3512: Benign prob = 0.1477
Iteration 3610: Benign prob = 0.1486
Iteration 3702: Benign prob = 0.1500
Iteration 3793: Benign prob = 0.1506
Iteration 3846: Benign prob = 0.1522
Iteration 3857: Benign prob = 0.1529
Iteration 3890: Benign prob = 0.1537
Iteration 3891: Benign prob = 0.1538
Iteration 3894: Benign prob = 0.1564
Iteration 3959: Benign prob = 0.1573
Iteration 4032: Benign prob = 0.1580
Iteration 4049: Benign prob = 0.1601
Iteration 4083: Benign prob = 0.1618
Iteration 4225: Benign prob = 0.1635
Iteration 4232: Benign prob = 0.1643
Iteration 4283: Benign prob = 0.1646
Iteration 4314: Benign prob = 0.1699
Iteration 4391: Benign prob = 0.1736
Iteration 4425: Benign prob = 0.1750
Iteration 4429: Benign prob = 0.1756
Iteration 4433: Benign prob = 0.1761
Iteration 4439: Benign prob = 0.1774
Iteration 4479: Benign prob = 0.1820
Iteration 4538: Benign prob = 0.1832
Iteration 4544: Benign prob = 0.1845
Iteration 4559: Benign prob = 0.1862
Iteration 4569: Benign prob = 0.1867
Iteration 4588: Benign prob = 0.1922
Iteration 4595: Benign prob = 0.1923
Iteration 4644: Benign prob = 0.1926
Iteration 4686: Benign prob = 0.1941
Iteration 4689: Benign prob = 0.1964
Iteration 4696: Benign prob = 0.1966
Iteration 4773: Benign prob = 0.1974
Iteration 4783: Benign prob = 0.1982
Iteration 4830: Benign prob = 0.1988
Iteration 4854: Benign prob = 0.2007
Iteration 5003: Benign prob = 0.2048
Iteration 5034: Benign prob = 0.2057
Iteration 5060: Benign prob = 0.2061
Iteration 5088: Benign prob = 0.2070
Iteration 5178: Benign prob = 0.2119
Iteration 5190: Benign prob = 0.2143
Iteration 5213: Benign prob = 0.2162
Iteration 5217: Benign prob = 0.2164
Iteration 5286: Benign prob = 0.2179
Iteration 5304: Benign prob = 0.2221
Iteration 5317: Benign prob = 0.2301
Iteration 5372: Benign prob = 0.2323
Iteration 5379: Benign prob = 0.2348
Iteration 5413: Benign prob = 0.2368
Iteration 5489: Benign prob = 0.2397
Iteration 5538: Benign prob = 0.2420
Iteration 5574: Benign prob = 0.2422
Iteration 5631: Benign prob = 0.2425
Iteration 5646: Benign prob = 0.2432
Iteration 5774: Benign prob = 0.2437
Iteration 5874: Benign prob = 0.2439
Iteration 5875: Benign prob = 0.2471
Iteration 5919: Benign prob = 0.2472
Iteration 5932: Benign prob = 0.2484
Iteration 6017: Benign prob = 0.2521
Iteration 6022: Benign prob = 0.2533
Iteration 6042: Benign prob = 0.2548
Iteration 6108: Benign prob = 0.2559
Iteration 6114: Benign prob = 0.2567
Iteration 6134: Benign prob = 0.2571
Iteration 6224: Benign prob = 0.2600
Iteration 6353: Benign prob = 0.2640
Iteration 6354: Benign prob = 0.2667
Iteration 6393: Benign prob = 0.2681
Iteration 6402: Benign prob = 0.2723
Iteration 6412: Benign prob = 0.2746
Iteration 6426: Benign prob = 0.2749
Iteration 6433: Benign prob = 0.2781
Iteration 6478: Benign prob = 0.2814
Iteration 6519: Benign prob = 0.2821
Iteration 6564: Benign prob = 0.2822
Iteration 6584: Benign prob = 0.2842
Iteration 6646: Benign prob = 0.2859
Iteration 6652: Benign prob = 0.2870
Iteration 6665: Benign prob = 0.2894
Iteration 6768: Benign prob = 0.2915
Iteration 6772: Benign prob = 0.2922
Iteration 6782: Benign prob = 0.2942
Iteration 6855: Benign prob = 0.2998
Iteration 6865: Benign prob = 0.3015
Iteration 6882: Benign prob = 0.3034
Iteration 6917: Benign prob = 0.3044
Iteration 6974: Benign prob = 0.3074
Iteration 7088: Benign prob = 0.3085
Iteration 7141: Benign prob = 0.3095
Iteration 7142: Benign prob = 0.3120
Iteration 7147: Benign prob = 0.3150
Iteration 7172: Benign prob = 0.3152
Iteration 7174: Benign prob = 0.3156
Iteration 7189: Benign prob = 0.3178
Iteration 7261: Benign prob = 0.3250
Iteration 7262: Benign prob = 0.3257
Iteration 7327: Benign prob = 0.3262
Iteration 7393: Benign prob = 0.3333
Iteration 7621: Benign prob = 0.3358
Iteration 7626: Benign prob = 0.3364
Iteration 7646: Benign prob = 0.3402
Iteration 7678: Benign prob = 0.3452
Iteration 7766: Benign prob = 0.3489
Iteration 7784: Benign prob = 0.3500
Iteration 7838: Benign prob = 0.3508
Iteration 7852: Benign prob = 0.3516
Iteration 7905: Benign prob = 0.3517
Iteration 7928: Benign prob = 0.3561
Iteration 7966: Benign prob = 0.3572
Iteration 7975: Benign prob = 0.3575
Iteration 8046: Benign prob = 0.3601
Iteration 8076: Benign prob = 0.3607
Iteration 8077: Benign prob = 0.3623
Iteration 8110: Benign prob = 0.3656
Iteration 8117: Benign prob = 0.3723
Iteration 8177: Benign prob = 0.3725
Iteration 8209: Benign prob = 0.3740
Iteration 8266: Benign prob = 0.3754
Iteration 8268: Benign prob = 0.3762
Iteration 8287: Benign prob = 0.3798
Iteration 8317: Benign prob = 0.3824
Iteration 8347: Benign prob = 0.3849
Iteration 8358: Benign prob = 0.3865
Iteration 8396: Benign prob = 0.3912
Iteration 8618: Benign prob = 0.3928
Iteration 8624: Benign prob = 0.3987
Iteration 8672: Benign prob = 0.4019
Iteration 8814: Benign prob = 0.4136
Iteration 8833: Benign prob = 0.4164
Iteration 8863: Benign prob = 0.4192
Iteration 8974: Benign prob = 0.4316
Iteration 9164: Benign prob = 0.4355
Iteration 9188: Benign prob = 0.4395
Iteration 9426: Benign prob = 0.4427
Iteration 9483: Benign prob = 0.4498
Iteration 9531: Benign prob = 0.4512
Iteration 9535: Benign prob = 0.4513
Iteration 9589: Benign prob = 0.4530
Iteration 9688: Benign prob = 0.4561
Iteration 9711: Benign prob = 0.4579
Iteration 9779: Benign prob = 0.4622
Iteration 9974: Benign prob = 0.4625

 Completed Adversarial Image for image 9 in 16.29 minutes.

--- Adversarial Prediction Results for image 9: (/home/users/atodorova/alisa-thesis/malnet-cnn/test/risktool++riskware++virus/skymobi/CF362489F596AC5E9C974777E59A8106723EAB1FAD13517F045D0E894241544A.png) ---
Predicted class: 42 (trojan)
Confidence     : 0.3976
True class     : 29 (risktool++riskware++virus)


=== [10/10] Creating EA Adversarial Image for /home/users/atodorova/alisa-thesis/malnet-cnn/test/risktool++riskware++virus/skymobi/47C1AA9096D8063E15156B82C45FC2273A2A0C20FB5B3D062B6F19AFDA546354.png ===

--- Original Prediction Results ---
Predicted class: 42 (trojan)

Confidence     : 0.4442

True class     : 29 (risktool++riskware++virus)

Target ('benign') class: 11 (benign)

[INFO] Benign class became best class at iteration 693 with confidence 0.2890!

Targeted adversarial image created in 2435 iterations.
Benign first predicted at iteration 693 with confidence 0.2890.

Benign probability changes (iteration, prob):
Iteration 0: Benign prob = 0.0023
Iteration 60: Benign prob = 0.0024
Iteration 63: Benign prob = 0.0027
Iteration 66: Benign prob = 0.0028
Iteration 68: Benign prob = 0.0035
Iteration 73: Benign prob = 0.0041
Iteration 76: Benign prob = 0.0042
Iteration 77: Benign prob = 0.0046
Iteration 80: Benign prob = 0.0056
Iteration 82: Benign prob = 0.0067
Iteration 83: Benign prob = 0.0070
Iteration 85: Benign prob = 0.0071
Iteration 86: Benign prob = 0.0085
Iteration 88: Benign prob = 0.0099
Iteration 91: Benign prob = 0.0110
Iteration 94: Benign prob = 0.0129
Iteration 96: Benign prob = 0.0141
Iteration 97: Benign prob = 0.0153
Iteration 99: Benign prob = 0.0157
Iteration 102: Benign prob = 0.0199
Iteration 105: Benign prob = 0.0245
Iteration 110: Benign prob = 0.0258
Iteration 113: Benign prob = 0.0260
Iteration 114: Benign prob = 0.0263
Iteration 119: Benign prob = 0.0282
Iteration 123: Benign prob = 0.0300
Iteration 125: Benign prob = 0.0326
Iteration 127: Benign prob = 0.0341
Iteration 128: Benign prob = 0.0399
Iteration 132: Benign prob = 0.0427
Iteration 142: Benign prob = 0.0440
Iteration 145: Benign prob = 0.0457
Iteration 153: Benign prob = 0.0493
Iteration 154: Benign prob = 0.0495
Iteration 156: Benign prob = 0.0507
Iteration 157: Benign prob = 0.0513
Iteration 159: Benign prob = 0.0524
Iteration 166: Benign prob = 0.0543
Iteration 167: Benign prob = 0.0548
Iteration 173: Benign prob = 0.0607
Iteration 190: Benign prob = 0.0612
Iteration 196: Benign prob = 0.0615
Iteration 205: Benign prob = 0.0617
Iteration 206: Benign prob = 0.0632
Iteration 207: Benign prob = 0.0641
Iteration 208: Benign prob = 0.0645
Iteration 213: Benign prob = 0.0651
Iteration 221: Benign prob = 0.0686
Iteration 230: Benign prob = 0.0758
Iteration 242: Benign prob = 0.0782
Iteration 245: Benign prob = 0.0923
Iteration 256: Benign prob = 0.0933
Iteration 264: Benign prob = 0.0964
Iteration 272: Benign prob = 0.0970
Iteration 279: Benign prob = 0.1029
Iteration 291: Benign prob = 0.1053
Iteration 292: Benign prob = 0.1123
Iteration 311: Benign prob = 0.1150
Iteration 318: Benign prob = 0.1196
Iteration 325: Benign prob = 0.1252
Iteration 337: Benign prob = 0.1315
Iteration 343: Benign prob = 0.1405
Iteration 346: Benign prob = 0.1416
Iteration 350: Benign prob = 0.1433
Iteration 353: Benign prob = 0.1440
Iteration 356: Benign prob = 0.1469
Iteration 357: Benign prob = 0.1482
Iteration 366: Benign prob = 0.1543
Iteration 368: Benign prob = 0.1557
Iteration 395: Benign prob = 0.1603
Iteration 410: Benign prob = 0.1686
Iteration 420: Benign prob = 0.1728
Iteration 423: Benign prob = 0.1810
Iteration 427: Benign prob = 0.1811
Iteration 431: Benign prob = 0.1821
Iteration 444: Benign prob = 0.1870
Iteration 450: Benign prob = 0.2028
Iteration 453: Benign prob = 0.2077
Iteration 486: Benign prob = 0.2121
Iteration 488: Benign prob = 0.2190
Iteration 491: Benign prob = 0.2293
Iteration 496: Benign prob = 0.2295
Iteration 528: Benign prob = 0.2308
Iteration 569: Benign prob = 0.2325
Iteration 583: Benign prob = 0.2423
Iteration 591: Benign prob = 0.2474
Iteration 600: Benign prob = 0.2518
Iteration 637: Benign prob = 0.2637
Iteration 643: Benign prob = 0.2640
Iteration 650: Benign prob = 0.2801
Iteration 669: Benign prob = 0.2847
Iteration 693: Benign prob = 0.2890
Iteration 722: Benign prob = 0.2987
Iteration 736: Benign prob = 0.3105
Iteration 770: Benign prob = 0.3120
Iteration 794: Benign prob = 0.3130
Iteration 798: Benign prob = 0.3213
Iteration 816: Benign prob = 0.3246
Iteration 831: Benign prob = 0.3292
Iteration 898: Benign prob = 0.3374
Iteration 899: Benign prob = 0.3386
Iteration 925: Benign prob = 0.3429
Iteration 978: Benign prob = 0.3529
Iteration 1000: Benign prob = 0.3589
Iteration 1016: Benign prob = 0.3654
Iteration 1022: Benign prob = 0.3810
Iteration 1067: Benign prob = 0.4174
Iteration 1166: Benign prob = 0.4305
Iteration 1233: Benign prob = 0.4356
Iteration 1291: Benign prob = 0.4370
Iteration 1308: Benign prob = 0.4432
Iteration 1328: Benign prob = 0.4474
Iteration 1339: Benign prob = 0.4515
Iteration 1359: Benign prob = 0.4549
Iteration 1418: Benign prob = 0.4616
Iteration 1523: Benign prob = 0.4697
Iteration 1584: Benign prob = 0.4814
Iteration 1736: Benign prob = 0.4845
Iteration 1749: Benign prob = 0.4849
Iteration 1761: Benign prob = 0.4852
Iteration 1762: Benign prob = 0.4864
Iteration 1765: Benign prob = 0.4942
Iteration 1860: Benign prob = 0.4989
Iteration 1863: Benign prob = 0.5005
Iteration 1877: Benign prob = 0.5059
Iteration 1938: Benign prob = 0.5078
Iteration 1984: Benign prob = 0.5110
Iteration 2005: Benign prob = 0.5110
Iteration 2008: Benign prob = 0.5155
Iteration 2014: Benign prob = 0.5158
Iteration 2017: Benign prob = 0.5168
Iteration 2032: Benign prob = 0.5203
Iteration 2054: Benign prob = 0.5258
Iteration 2112: Benign prob = 0.5259
Iteration 2194: Benign prob = 0.5329
Iteration 2214: Benign prob = 0.5396
Iteration 2270: Benign prob = 0.5414
Iteration 2308: Benign prob = 0.5462
Iteration 2419: Benign prob = 0.5482
Iteration 2435: Benign prob = 0.5563

 Completed Adversarial Image for image 10 in 3.86 minutes.

--- Adversarial Prediction Results for image 10: (/home/users/atodorova/alisa-thesis/malnet-cnn/test/risktool++riskware++virus/skymobi/47C1AA9096D8063E15156B82C45FC2273A2A0C20FB5B3D062B6F19AFDA546354.png) ---
Predicted class: 11 (benign)
Confidence     : 0.5563
True class     : 29 (risktool++riskware++virus)
