Available CUDA devices: 1
Using device: cuda:0
Device name: NVIDIA GeForce RTX 4060 Ti
Using 1 GPUs.


=== [1/10] Creating EA Adversarial Image for C:\Users\Boss\Downloads\malnet-images\test\adware++virus\artemis\6A9FF25D4EA001D26A4D34FA4DE9C9FD8086EC5997FD90BD5B4F89D2FCE90386.png ===

--- Original Prediction Results ---
Predicted class: 42 (trojan)

Confidence     : 1.0000

True class     : 7 (adware++virus)

Target ('benign') class: 11 (benign)

[INFO] Benign class became best class at iteration 1347 with confidence 0.3388!

Targeted adversarial image created in 2270 iterations.
Benign first predicted at iteration 1347 with confidence 0.3388.

Benign probability changes (iteration, prob):
Iteration 0: Benign prob = 0.0004
Iteration 1: Benign prob = 0.0006
Iteration 3: Benign prob = 0.0008
Iteration 4: Benign prob = 0.0011
Iteration 5: Benign prob = 0.0011
Iteration 6: Benign prob = 0.0017
Iteration 7: Benign prob = 0.0017
Iteration 8: Benign prob = 0.0019
Iteration 9: Benign prob = 0.0019
Iteration 14: Benign prob = 0.0020
Iteration 15: Benign prob = 0.0020
Iteration 17: Benign prob = 0.0021
Iteration 18: Benign prob = 0.0023
Iteration 22: Benign prob = 0.0025
Iteration 26: Benign prob = 0.0026
Iteration 27: Benign prob = 0.0027
Iteration 29: Benign prob = 0.0030
Iteration 39: Benign prob = 0.0030
Iteration 44: Benign prob = 0.0031
Iteration 46: Benign prob = 0.0034
Iteration 54: Benign prob = 0.0035
Iteration 58: Benign prob = 0.0039
Iteration 59: Benign prob = 0.0042
Iteration 60: Benign prob = 0.0042
Iteration 66: Benign prob = 0.0043
Iteration 74: Benign prob = 0.0045
Iteration 75: Benign prob = 0.0046
Iteration 80: Benign prob = 0.0049
Iteration 86: Benign prob = 0.0050
Iteration 101: Benign prob = 0.0053
Iteration 109: Benign prob = 0.0055
Iteration 121: Benign prob = 0.0058
Iteration 127: Benign prob = 0.0059
Iteration 145: Benign prob = 0.0062
Iteration 154: Benign prob = 0.0063
Iteration 155: Benign prob = 0.0063
Iteration 160: Benign prob = 0.0064
Iteration 164: Benign prob = 0.0067
Iteration 172: Benign prob = 0.0071
Iteration 178: Benign prob = 0.0071
Iteration 184: Benign prob = 0.0073
Iteration 186: Benign prob = 0.0075
Iteration 187: Benign prob = 0.0076
Iteration 195: Benign prob = 0.0077
Iteration 196: Benign prob = 0.0078
Iteration 198: Benign prob = 0.0079
Iteration 199: Benign prob = 0.0082
Iteration 221: Benign prob = 0.0086
Iteration 247: Benign prob = 0.0094
Iteration 252: Benign prob = 0.0096
Iteration 261: Benign prob = 0.0098
Iteration 288: Benign prob = 0.0100
Iteration 290: Benign prob = 0.0103
Iteration 291: Benign prob = 0.0104
Iteration 293: Benign prob = 0.0104
Iteration 294: Benign prob = 0.0107
Iteration 297: Benign prob = 0.0111
Iteration 311: Benign prob = 0.0128
Iteration 315: Benign prob = 0.0130
Iteration 320: Benign prob = 0.0133
Iteration 358: Benign prob = 0.0134
Iteration 360: Benign prob = 0.0138
Iteration 374: Benign prob = 0.0146
Iteration 416: Benign prob = 0.0151
Iteration 425: Benign prob = 0.0154
Iteration 433: Benign prob = 0.0158
Iteration 474: Benign prob = 0.0166
Iteration 525: Benign prob = 0.0171
Iteration 533: Benign prob = 0.0174
Iteration 540: Benign prob = 0.0188
Iteration 549: Benign prob = 0.0203
Iteration 550: Benign prob = 0.0209
Iteration 555: Benign prob = 0.0222
Iteration 559: Benign prob = 0.0236
Iteration 576: Benign prob = 0.0238
Iteration 582: Benign prob = 0.0251
Iteration 583: Benign prob = 0.0253
Iteration 591: Benign prob = 0.0263
Iteration 592: Benign prob = 0.0277
Iteration 600: Benign prob = 0.0286
Iteration 605: Benign prob = 0.0312
Iteration 607: Benign prob = 0.0350
Iteration 609: Benign prob = 0.0352
Iteration 613: Benign prob = 0.0358
Iteration 617: Benign prob = 0.0366
Iteration 619: Benign prob = 0.0378
Iteration 623: Benign prob = 0.0390
Iteration 630: Benign prob = 0.0397
Iteration 632: Benign prob = 0.0413
Iteration 641: Benign prob = 0.0415
Iteration 645: Benign prob = 0.0449
Iteration 652: Benign prob = 0.0470
Iteration 661: Benign prob = 0.0486
Iteration 663: Benign prob = 0.0490
Iteration 668: Benign prob = 0.0502
Iteration 677: Benign prob = 0.0508
Iteration 685: Benign prob = 0.0513
Iteration 689: Benign prob = 0.0515
Iteration 690: Benign prob = 0.0515
Iteration 691: Benign prob = 0.0550
Iteration 692: Benign prob = 0.0551
Iteration 693: Benign prob = 0.0582
Iteration 697: Benign prob = 0.0613
Iteration 707: Benign prob = 0.0621
Iteration 709: Benign prob = 0.0707
Iteration 714: Benign prob = 0.0728
Iteration 728: Benign prob = 0.0819
Iteration 745: Benign prob = 0.0868
Iteration 748: Benign prob = 0.0880
Iteration 755: Benign prob = 0.0919
Iteration 760: Benign prob = 0.0956
Iteration 761: Benign prob = 0.1012
Iteration 771: Benign prob = 0.1104
Iteration 777: Benign prob = 0.1163
Iteration 779: Benign prob = 0.1317
Iteration 795: Benign prob = 0.1355
Iteration 798: Benign prob = 0.1402
Iteration 800: Benign prob = 0.1471
Iteration 803: Benign prob = 0.1516
Iteration 808: Benign prob = 0.1570
Iteration 842: Benign prob = 0.1603
Iteration 848: Benign prob = 0.1647
Iteration 849: Benign prob = 0.1664
Iteration 878: Benign prob = 0.1744
Iteration 884: Benign prob = 0.1853
Iteration 911: Benign prob = 0.1900
Iteration 919: Benign prob = 0.1920
Iteration 924: Benign prob = 0.2055
Iteration 961: Benign prob = 0.2090
Iteration 984: Benign prob = 0.2135
Iteration 987: Benign prob = 0.2206
Iteration 994: Benign prob = 0.2241
Iteration 1012: Benign prob = 0.2242
Iteration 1014: Benign prob = 0.2246
Iteration 1017: Benign prob = 0.2309
Iteration 1035: Benign prob = 0.2330
Iteration 1046: Benign prob = 0.2346
Iteration 1055: Benign prob = 0.2387
Iteration 1060: Benign prob = 0.2391
Iteration 1062: Benign prob = 0.2724
Iteration 1063: Benign prob = 0.2737
Iteration 1072: Benign prob = 0.2770
Iteration 1077: Benign prob = 0.2772
Iteration 1087: Benign prob = 0.2823
Iteration 1110: Benign prob = 0.2892
Iteration 1157: Benign prob = 0.2945
Iteration 1164: Benign prob = 0.2950
Iteration 1214: Benign prob = 0.3031
Iteration 1228: Benign prob = 0.3054
Iteration 1231: Benign prob = 0.3059
Iteration 1244: Benign prob = 0.3104
Iteration 1268: Benign prob = 0.3161
Iteration 1272: Benign prob = 0.3228
Iteration 1325: Benign prob = 0.3284
Iteration 1347: Benign prob = 0.3388
Iteration 1374: Benign prob = 0.3390
Iteration 1375: Benign prob = 0.3517
Iteration 1419: Benign prob = 0.3525
Iteration 1421: Benign prob = 0.3545
Iteration 1429: Benign prob = 0.3597
Iteration 1443: Benign prob = 0.3684
Iteration 1485: Benign prob = 0.3696
Iteration 1490: Benign prob = 0.3731
Iteration 1494: Benign prob = 0.3765
Iteration 1533: Benign prob = 0.3830
Iteration 1547: Benign prob = 0.3929
Iteration 1556: Benign prob = 0.3985
Iteration 1609: Benign prob = 0.3993
Iteration 1616: Benign prob = 0.4002
Iteration 1646: Benign prob = 0.4006
Iteration 1659: Benign prob = 0.4100
Iteration 1688: Benign prob = 0.4129
Iteration 1694: Benign prob = 0.4181
Iteration 1746: Benign prob = 0.4203
Iteration 1761: Benign prob = 0.4248
Iteration 1779: Benign prob = 0.4306
Iteration 1798: Benign prob = 0.4332
Iteration 1813: Benign prob = 0.4371
Iteration 1880: Benign prob = 0.4448
Iteration 1881: Benign prob = 0.4469
Iteration 1891: Benign prob = 0.4508
Iteration 1902: Benign prob = 0.4623
Iteration 1932: Benign prob = 0.4653
Iteration 1937: Benign prob = 0.4786
Iteration 1961: Benign prob = 0.4871
Iteration 1990: Benign prob = 0.5026
Iteration 2023: Benign prob = 0.5043
Iteration 2041: Benign prob = 0.5137
Iteration 2052: Benign prob = 0.5246
Iteration 2111: Benign prob = 0.5394
Iteration 2200: Benign prob = 0.5454
Iteration 2240: Benign prob = 0.5469
Iteration 2270: Benign prob = 0.5556

 Completed Adversarial Image for image 1 in 5.70 minutes.

--- Adversarial Prediction Results for image 1: (C:\Users\Boss\Downloads\malnet-images\test\adware++virus\artemis\6A9FF25D4EA001D26A4D34FA4DE9C9FD8086EC5997FD90BD5B4F89D2FCE90386.png) ---
Predicted class: 11 (benign)
Confidence     : 0.5516
True class     : 7 (adware++virus)


=== [2/10] Creating EA Adversarial Image for C:\Users\Boss\Downloads\malnet-images\test\adware++virus\dowgin\9D9638A185C98D14B867599AA48903D75D84285D51C4319A95525AE071A525EC.png ===

--- Original Prediction Results ---
Predicted class: 4 (adware)

Confidence     : 1.0000

True class     : 7 (adware++virus)

Target ('benign') class: 11 (benign)

[INFO] Benign class became best class at iteration 2770 with confidence 0.2819!

Targeted adversarial image created in 5277 iterations.
Benign first predicted at iteration 2770 with confidence 0.2819.

Benign probability changes (iteration, prob):
Iteration 0: Benign prob = 0.0010
Iteration 4: Benign prob = 0.0013
Iteration 6: Benign prob = 0.0018
Iteration 7: Benign prob = 0.0019
Iteration 10: Benign prob = 0.0019
Iteration 11: Benign prob = 0.0020
Iteration 15: Benign prob = 0.0023
Iteration 17: Benign prob = 0.0024
Iteration 18: Benign prob = 0.0027
Iteration 21: Benign prob = 0.0028
Iteration 23: Benign prob = 0.0028
Iteration 24: Benign prob = 0.0029
Iteration 30: Benign prob = 0.0034
Iteration 37: Benign prob = 0.0036
Iteration 38: Benign prob = 0.0037
Iteration 42: Benign prob = 0.0037
Iteration 43: Benign prob = 0.0042
Iteration 51: Benign prob = 0.0043
Iteration 55: Benign prob = 0.0044
Iteration 56: Benign prob = 0.0046
Iteration 59: Benign prob = 0.0048
Iteration 60: Benign prob = 0.0050
Iteration 61: Benign prob = 0.0054
Iteration 63: Benign prob = 0.0055
Iteration 64: Benign prob = 0.0058
Iteration 76: Benign prob = 0.0061
Iteration 78: Benign prob = 0.0063
Iteration 83: Benign prob = 0.0063
Iteration 84: Benign prob = 0.0065
Iteration 86: Benign prob = 0.0065
Iteration 88: Benign prob = 0.0069
Iteration 94: Benign prob = 0.0071
Iteration 114: Benign prob = 0.0072
Iteration 119: Benign prob = 0.0077
Iteration 126: Benign prob = 0.0080
Iteration 132: Benign prob = 0.0082
Iteration 136: Benign prob = 0.0083
Iteration 145: Benign prob = 0.0084
Iteration 149: Benign prob = 0.0088
Iteration 159: Benign prob = 0.0096
Iteration 164: Benign prob = 0.0101
Iteration 176: Benign prob = 0.0108
Iteration 185: Benign prob = 0.0111
Iteration 191: Benign prob = 0.0111
Iteration 193: Benign prob = 0.0122
Iteration 242: Benign prob = 0.0129
Iteration 251: Benign prob = 0.0130
Iteration 254: Benign prob = 0.0141
Iteration 272: Benign prob = 0.0144
Iteration 298: Benign prob = 0.0144
Iteration 310: Benign prob = 0.0156
Iteration 317: Benign prob = 0.0158
Iteration 329: Benign prob = 0.0162
Iteration 337: Benign prob = 0.0165
Iteration 365: Benign prob = 0.0173
Iteration 405: Benign prob = 0.0174
Iteration 416: Benign prob = 0.0178
Iteration 427: Benign prob = 0.0179
Iteration 433: Benign prob = 0.0182
Iteration 439: Benign prob = 0.0183
Iteration 441: Benign prob = 0.0190
Iteration 443: Benign prob = 0.0195
Iteration 463: Benign prob = 0.0199
Iteration 464: Benign prob = 0.0200
Iteration 467: Benign prob = 0.0202
Iteration 500: Benign prob = 0.0203
Iteration 510: Benign prob = 0.0205
Iteration 521: Benign prob = 0.0224
Iteration 534: Benign prob = 0.0235
Iteration 542: Benign prob = 0.0235
Iteration 557: Benign prob = 0.0238
Iteration 567: Benign prob = 0.0258
Iteration 657: Benign prob = 0.0261
Iteration 675: Benign prob = 0.0261
Iteration 678: Benign prob = 0.0268
Iteration 701: Benign prob = 0.0270
Iteration 723: Benign prob = 0.0281
Iteration 763: Benign prob = 0.0282
Iteration 767: Benign prob = 0.0285
Iteration 793: Benign prob = 0.0289
Iteration 798: Benign prob = 0.0293
Iteration 803: Benign prob = 0.0302
Iteration 828: Benign prob = 0.0304
Iteration 829: Benign prob = 0.0310
Iteration 852: Benign prob = 0.0334
Iteration 858: Benign prob = 0.0342
Iteration 874: Benign prob = 0.0348
Iteration 890: Benign prob = 0.0349
Iteration 921: Benign prob = 0.0358
Iteration 924: Benign prob = 0.0365
Iteration 927: Benign prob = 0.0367
Iteration 932: Benign prob = 0.0376
Iteration 934: Benign prob = 0.0385
Iteration 944: Benign prob = 0.0388
Iteration 958: Benign prob = 0.0399
Iteration 971: Benign prob = 0.0406
Iteration 975: Benign prob = 0.0411
Iteration 978: Benign prob = 0.0412
Iteration 983: Benign prob = 0.0431
Iteration 1004: Benign prob = 0.0448
Iteration 1018: Benign prob = 0.0451
Iteration 1020: Benign prob = 0.0466
Iteration 1050: Benign prob = 0.0506
Iteration 1053: Benign prob = 0.0518
Iteration 1104: Benign prob = 0.0531
Iteration 1106: Benign prob = 0.0543
Iteration 1118: Benign prob = 0.0560
Iteration 1122: Benign prob = 0.0564
Iteration 1128: Benign prob = 0.0589
Iteration 1160: Benign prob = 0.0593
Iteration 1180: Benign prob = 0.0604
Iteration 1215: Benign prob = 0.0614
Iteration 1224: Benign prob = 0.0645
Iteration 1228: Benign prob = 0.0663
Iteration 1255: Benign prob = 0.0712
Iteration 1263: Benign prob = 0.0716
Iteration 1269: Benign prob = 0.0752
Iteration 1360: Benign prob = 0.0757
Iteration 1402: Benign prob = 0.0795
Iteration 1462: Benign prob = 0.0880
Iteration 1506: Benign prob = 0.0933
Iteration 1527: Benign prob = 0.0961
Iteration 1549: Benign prob = 0.0978
Iteration 1632: Benign prob = 0.1010
Iteration 1663: Benign prob = 0.1031
Iteration 1680: Benign prob = 0.1073
Iteration 1682: Benign prob = 0.1084
Iteration 1693: Benign prob = 0.1098
Iteration 1705: Benign prob = 0.1140
Iteration 1718: Benign prob = 0.1146
Iteration 1755: Benign prob = 0.1199
Iteration 1765: Benign prob = 0.1228
Iteration 1795: Benign prob = 0.1242
Iteration 1798: Benign prob = 0.1260
Iteration 1819: Benign prob = 0.1277
Iteration 1847: Benign prob = 0.1286
Iteration 1871: Benign prob = 0.1293
Iteration 1874: Benign prob = 0.1405
Iteration 1894: Benign prob = 0.1463
Iteration 1922: Benign prob = 0.1506
Iteration 1975: Benign prob = 0.1587
Iteration 1982: Benign prob = 0.1593
Iteration 2004: Benign prob = 0.1606
Iteration 2030: Benign prob = 0.1632
Iteration 2049: Benign prob = 0.1651
Iteration 2060: Benign prob = 0.1723
Iteration 2076: Benign prob = 0.1835
Iteration 2106: Benign prob = 0.1841
Iteration 2152: Benign prob = 0.1859
Iteration 2177: Benign prob = 0.1881
Iteration 2178: Benign prob = 0.1883
Iteration 2183: Benign prob = 0.1912
Iteration 2226: Benign prob = 0.1913
Iteration 2261: Benign prob = 0.1969
Iteration 2283: Benign prob = 0.1977
Iteration 2300: Benign prob = 0.2019
Iteration 2345: Benign prob = 0.2034
Iteration 2355: Benign prob = 0.2101
Iteration 2392: Benign prob = 0.2127
Iteration 2421: Benign prob = 0.2149
Iteration 2498: Benign prob = 0.2163
Iteration 2499: Benign prob = 0.2201
Iteration 2576: Benign prob = 0.2202
Iteration 2593: Benign prob = 0.2235
Iteration 2621: Benign prob = 0.2319
Iteration 2625: Benign prob = 0.2342
Iteration 2637: Benign prob = 0.2348
Iteration 2667: Benign prob = 0.2354
Iteration 2673: Benign prob = 0.2397
Iteration 2686: Benign prob = 0.2434
Iteration 2695: Benign prob = 0.2539
Iteration 2701: Benign prob = 0.2595
Iteration 2703: Benign prob = 0.2613
Iteration 2722: Benign prob = 0.2653
Iteration 2732: Benign prob = 0.2689
Iteration 2752: Benign prob = 0.2713
Iteration 2770: Benign prob = 0.2819
Iteration 2785: Benign prob = 0.2821
Iteration 2812: Benign prob = 0.2842
Iteration 2848: Benign prob = 0.2860
Iteration 2859: Benign prob = 0.2947
Iteration 2943: Benign prob = 0.2951
Iteration 2956: Benign prob = 0.2968
Iteration 3033: Benign prob = 0.3112
Iteration 3102: Benign prob = 0.3144
Iteration 3115: Benign prob = 0.3169
Iteration 3133: Benign prob = 0.3299
Iteration 3157: Benign prob = 0.3336
Iteration 3227: Benign prob = 0.3348
Iteration 3230: Benign prob = 0.3368
Iteration 3232: Benign prob = 0.3377
Iteration 3325: Benign prob = 0.3432
Iteration 3326: Benign prob = 0.3457
Iteration 3373: Benign prob = 0.3476
Iteration 3385: Benign prob = 0.3519
Iteration 3399: Benign prob = 0.3519
Iteration 3420: Benign prob = 0.3541
Iteration 3434: Benign prob = 0.3588
Iteration 3456: Benign prob = 0.3626
Iteration 3512: Benign prob = 0.3676
Iteration 3538: Benign prob = 0.3747
Iteration 3584: Benign prob = 0.3882
Iteration 3656: Benign prob = 0.3903
Iteration 3733: Benign prob = 0.3906
Iteration 3776: Benign prob = 0.4002
Iteration 3826: Benign prob = 0.4045
Iteration 3977: Benign prob = 0.4056
Iteration 3980: Benign prob = 0.4065
Iteration 4009: Benign prob = 0.4079
Iteration 4046: Benign prob = 0.4268
Iteration 4058: Benign prob = 0.4291
Iteration 4063: Benign prob = 0.4400
Iteration 4078: Benign prob = 0.4401
Iteration 4090: Benign prob = 0.4415
Iteration 4095: Benign prob = 0.4443
Iteration 4163: Benign prob = 0.4494
Iteration 4214: Benign prob = 0.4505
Iteration 4319: Benign prob = 0.4571
Iteration 4444: Benign prob = 0.4633
Iteration 4502: Benign prob = 0.4636
Iteration 4624: Benign prob = 0.4666
Iteration 4659: Benign prob = 0.4716
Iteration 4703: Benign prob = 0.4745
Iteration 4723: Benign prob = 0.4766
Iteration 4792: Benign prob = 0.4793
Iteration 4796: Benign prob = 0.4847
Iteration 4818: Benign prob = 0.4883
Iteration 4827: Benign prob = 0.4980
Iteration 4890: Benign prob = 0.5041
Iteration 5005: Benign prob = 0.5046
Iteration 5052: Benign prob = 0.5161
Iteration 5115: Benign prob = 0.5190
Iteration 5132: Benign prob = 0.5195
Iteration 5146: Benign prob = 0.5249
Iteration 5147: Benign prob = 0.5388
Iteration 5183: Benign prob = 0.5390
Iteration 5192: Benign prob = 0.5405
Iteration 5206: Benign prob = 0.5436
Iteration 5232: Benign prob = 0.5449
Iteration 5277: Benign prob = 0.5609

 Completed Adversarial Image for image 2 in 13.06 minutes.

--- Adversarial Prediction Results for image 2: (C:\Users\Boss\Downloads\malnet-images\test\adware++virus\dowgin\9D9638A185C98D14B867599AA48903D75D84285D51C4319A95525AE071A525EC.png) ---
Predicted class: 11 (benign)
Confidence     : 0.5591
True class     : 7 (adware++virus)


=== [3/10] Creating EA Adversarial Image for C:\Users\Boss\Downloads\malnet-images\test\adware++virus\dowgin\D1133E4DE5131B86B7591CBA9DA945608BF6D3FC35A2945237571492E9BA02F6.png ===

--- Original Prediction Results ---
Predicted class: 4 (adware)

Confidence     : 1.0000

True class     : 7 (adware++virus)

Target ('benign') class: 11 (benign)

[INFO] Benign class became best class at iteration 1501 with confidence 0.3083!

Targeted adversarial image created in 2371 iterations.
Benign first predicted at iteration 1501 with confidence 0.3083.

Benign probability changes (iteration, prob):
Iteration 0: Benign prob = 0.0007
Iteration 2: Benign prob = 0.0010
Iteration 3: Benign prob = 0.0011
Iteration 4: Benign prob = 0.0012
Iteration 5: Benign prob = 0.0015
Iteration 7: Benign prob = 0.0016
Iteration 8: Benign prob = 0.0016
Iteration 9: Benign prob = 0.0020
Iteration 11: Benign prob = 0.0020
Iteration 17: Benign prob = 0.0024
Iteration 26: Benign prob = 0.0027
Iteration 27: Benign prob = 0.0029
Iteration 40: Benign prob = 0.0029
Iteration 41: Benign prob = 0.0030
Iteration 42: Benign prob = 0.0031
Iteration 45: Benign prob = 0.0032
Iteration 48: Benign prob = 0.0034
Iteration 57: Benign prob = 0.0034
Iteration 61: Benign prob = 0.0035
Iteration 62: Benign prob = 0.0038
Iteration 69: Benign prob = 0.0039
Iteration 70: Benign prob = 0.0040
Iteration 74: Benign prob = 0.0044
Iteration 75: Benign prob = 0.0048
Iteration 76: Benign prob = 0.0049
Iteration 78: Benign prob = 0.0049
Iteration 84: Benign prob = 0.0055
Iteration 86: Benign prob = 0.0055
Iteration 87: Benign prob = 0.0057
Iteration 88: Benign prob = 0.0057
Iteration 90: Benign prob = 0.0060
Iteration 95: Benign prob = 0.0061
Iteration 96: Benign prob = 0.0063
Iteration 100: Benign prob = 0.0064
Iteration 102: Benign prob = 0.0065
Iteration 109: Benign prob = 0.0068
Iteration 116: Benign prob = 0.0069
Iteration 121: Benign prob = 0.0075
Iteration 123: Benign prob = 0.0079
Iteration 126: Benign prob = 0.0080
Iteration 134: Benign prob = 0.0083
Iteration 135: Benign prob = 0.0084
Iteration 156: Benign prob = 0.0086
Iteration 157: Benign prob = 0.0087
Iteration 160: Benign prob = 0.0097
Iteration 166: Benign prob = 0.0098
Iteration 172: Benign prob = 0.0100
Iteration 173: Benign prob = 0.0102
Iteration 188: Benign prob = 0.0102
Iteration 195: Benign prob = 0.0102
Iteration 196: Benign prob = 0.0108
Iteration 204: Benign prob = 0.0111
Iteration 207: Benign prob = 0.0112
Iteration 212: Benign prob = 0.0113
Iteration 213: Benign prob = 0.0121
Iteration 218: Benign prob = 0.0125
Iteration 221: Benign prob = 0.0128
Iteration 223: Benign prob = 0.0135
Iteration 245: Benign prob = 0.0137
Iteration 254: Benign prob = 0.0144
Iteration 261: Benign prob = 0.0146
Iteration 275: Benign prob = 0.0149
Iteration 296: Benign prob = 0.0149
Iteration 305: Benign prob = 0.0154
Iteration 335: Benign prob = 0.0155
Iteration 340: Benign prob = 0.0156
Iteration 350: Benign prob = 0.0157
Iteration 359: Benign prob = 0.0160
Iteration 370: Benign prob = 0.0166
Iteration 371: Benign prob = 0.0171
Iteration 395: Benign prob = 0.0177
Iteration 399: Benign prob = 0.0178
Iteration 415: Benign prob = 0.0179
Iteration 430: Benign prob = 0.0192
Iteration 432: Benign prob = 0.0194
Iteration 441: Benign prob = 0.0200
Iteration 457: Benign prob = 0.0209
Iteration 460: Benign prob = 0.0213
Iteration 462: Benign prob = 0.0217
Iteration 466: Benign prob = 0.0229
Iteration 469: Benign prob = 0.0255
Iteration 514: Benign prob = 0.0279
Iteration 536: Benign prob = 0.0284
Iteration 537: Benign prob = 0.0308
Iteration 551: Benign prob = 0.0322
Iteration 554: Benign prob = 0.0325
Iteration 562: Benign prob = 0.0333
Iteration 590: Benign prob = 0.0333
Iteration 591: Benign prob = 0.0337
Iteration 633: Benign prob = 0.0360
Iteration 638: Benign prob = 0.0363
Iteration 659: Benign prob = 0.0367
Iteration 661: Benign prob = 0.0375
Iteration 662: Benign prob = 0.0377
Iteration 675: Benign prob = 0.0400
Iteration 684: Benign prob = 0.0417
Iteration 702: Benign prob = 0.0423
Iteration 703: Benign prob = 0.0439
Iteration 717: Benign prob = 0.0465
Iteration 720: Benign prob = 0.0478
Iteration 741: Benign prob = 0.0485
Iteration 752: Benign prob = 0.0517
Iteration 756: Benign prob = 0.0574
Iteration 758: Benign prob = 0.0582
Iteration 776: Benign prob = 0.0606
Iteration 787: Benign prob = 0.0629
Iteration 792: Benign prob = 0.0644
Iteration 802: Benign prob = 0.0669
Iteration 828: Benign prob = 0.0682
Iteration 833: Benign prob = 0.0693
Iteration 843: Benign prob = 0.0712
Iteration 847: Benign prob = 0.0741
Iteration 854: Benign prob = 0.0747
Iteration 866: Benign prob = 0.0766
Iteration 885: Benign prob = 0.0767
Iteration 892: Benign prob = 0.0790
Iteration 896: Benign prob = 0.0839
Iteration 903: Benign prob = 0.0839
Iteration 905: Benign prob = 0.0850
Iteration 909: Benign prob = 0.0872
Iteration 913: Benign prob = 0.0877
Iteration 914: Benign prob = 0.0889
Iteration 929: Benign prob = 0.0953
Iteration 939: Benign prob = 0.0956
Iteration 966: Benign prob = 0.0986
Iteration 975: Benign prob = 0.1049
Iteration 993: Benign prob = 0.1065
Iteration 999: Benign prob = 0.1106
Iteration 1029: Benign prob = 0.1156
Iteration 1033: Benign prob = 0.1158
Iteration 1036: Benign prob = 0.1172
Iteration 1042: Benign prob = 0.1211
Iteration 1044: Benign prob = 0.1216
Iteration 1070: Benign prob = 0.1226
Iteration 1071: Benign prob = 0.1253
Iteration 1072: Benign prob = 0.1272
Iteration 1075: Benign prob = 0.1306
Iteration 1089: Benign prob = 0.1376
Iteration 1102: Benign prob = 0.1458
Iteration 1133: Benign prob = 0.1511
Iteration 1156: Benign prob = 0.1539
Iteration 1170: Benign prob = 0.1569
Iteration 1202: Benign prob = 0.1603
Iteration 1204: Benign prob = 0.1616
Iteration 1209: Benign prob = 0.1624
Iteration 1210: Benign prob = 0.1660
Iteration 1224: Benign prob = 0.1670
Iteration 1227: Benign prob = 0.1688
Iteration 1234: Benign prob = 0.1696
Iteration 1251: Benign prob = 0.1714
Iteration 1265: Benign prob = 0.1717
Iteration 1271: Benign prob = 0.1764
Iteration 1287: Benign prob = 0.1780
Iteration 1311: Benign prob = 0.1959
Iteration 1367: Benign prob = 0.2001
Iteration 1380: Benign prob = 0.2066
Iteration 1384: Benign prob = 0.2091
Iteration 1398: Benign prob = 0.2111
Iteration 1428: Benign prob = 0.2119
Iteration 1434: Benign prob = 0.2147
Iteration 1444: Benign prob = 0.2203
Iteration 1449: Benign prob = 0.2316
Iteration 1466: Benign prob = 0.2352
Iteration 1468: Benign prob = 0.2451
Iteration 1477: Benign prob = 0.2579
Iteration 1481: Benign prob = 0.2626
Iteration 1496: Benign prob = 0.2664
Iteration 1497: Benign prob = 0.2764
Iteration 1501: Benign prob = 0.3083
Iteration 1525: Benign prob = 0.3125
Iteration 1530: Benign prob = 0.3268
Iteration 1531: Benign prob = 0.3275
Iteration 1551: Benign prob = 0.3397
Iteration 1566: Benign prob = 0.3408
Iteration 1607: Benign prob = 0.3524
Iteration 1610: Benign prob = 0.3588
Iteration 1629: Benign prob = 0.3690
Iteration 1638: Benign prob = 0.3695
Iteration 1644: Benign prob = 0.3721
Iteration 1645: Benign prob = 0.3773
Iteration 1651: Benign prob = 0.3798
Iteration 1656: Benign prob = 0.3814
Iteration 1663: Benign prob = 0.3917
Iteration 1665: Benign prob = 0.3932
Iteration 1697: Benign prob = 0.3939
Iteration 1724: Benign prob = 0.3944
Iteration 1811: Benign prob = 0.4003
Iteration 1846: Benign prob = 0.4007
Iteration 1849: Benign prob = 0.4060
Iteration 1857: Benign prob = 0.4221
Iteration 1935: Benign prob = 0.4320
Iteration 1950: Benign prob = 0.4322
Iteration 1954: Benign prob = 0.4352
Iteration 1986: Benign prob = 0.4382
Iteration 1992: Benign prob = 0.4444
Iteration 2005: Benign prob = 0.4790
Iteration 2127: Benign prob = 0.4799
Iteration 2136: Benign prob = 0.4810
Iteration 2149: Benign prob = 0.4848
Iteration 2174: Benign prob = 0.5103
Iteration 2187: Benign prob = 0.5145
Iteration 2204: Benign prob = 0.5256
Iteration 2266: Benign prob = 0.5308
Iteration 2286: Benign prob = 0.5441
Iteration 2360: Benign prob = 0.5443
Iteration 2365: Benign prob = 0.5454
Iteration 2371: Benign prob = 0.5544

 Completed Adversarial Image for image 3 in 5.83 minutes.

--- Adversarial Prediction Results for image 3: (C:\Users\Boss\Downloads\malnet-images\test\adware++virus\dowgin\D1133E4DE5131B86B7591CBA9DA945608BF6D3FC35A2945237571492E9BA02F6.png) ---
Predicted class: 11 (benign)
Confidence     : 0.5503
True class     : 7 (adware++virus)


=== [4/10] Creating EA Adversarial Image for C:\Users\Boss\Downloads\malnet-images\test\adware++virus\fictus\3BC5F117C6854D80D0AF526BD480A15FD70812B0587E557BCE30BE29CA9CEA72.png ===

--- Original Prediction Results ---
Predicted class: 42 (trojan)

Confidence     : 0.4250

True class     : 7 (adware++virus)

Target ('benign') class: 11 (benign)

[INFO] Benign class became best class at iteration 6134 with confidence 0.3109!

Failed to generate adversarial image in 10000 iterations.
Benign first predicted at iteration 6134 with confidence 0.3109.

Benign probability changes (iteration, prob):
Iteration 0: Benign prob = 0.0013
Iteration 6: Benign prob = 0.0015
Iteration 7: Benign prob = 0.0016
Iteration 8: Benign prob = 0.0016
Iteration 9: Benign prob = 0.0018
Iteration 10: Benign prob = 0.0018
Iteration 12: Benign prob = 0.0020
Iteration 14: Benign prob = 0.0020
Iteration 17: Benign prob = 0.0021
Iteration 20: Benign prob = 0.0024
Iteration 24: Benign prob = 0.0024
Iteration 26: Benign prob = 0.0025
Iteration 28: Benign prob = 0.0025
Iteration 35: Benign prob = 0.0027
Iteration 37: Benign prob = 0.0029
Iteration 42: Benign prob = 0.0031
Iteration 49: Benign prob = 0.0031
Iteration 50: Benign prob = 0.0034
Iteration 57: Benign prob = 0.0034
Iteration 59: Benign prob = 0.0035
Iteration 61: Benign prob = 0.0036
Iteration 68: Benign prob = 0.0038
Iteration 72: Benign prob = 0.0038
Iteration 76: Benign prob = 0.0040
Iteration 80: Benign prob = 0.0040
Iteration 81: Benign prob = 0.0041
Iteration 85: Benign prob = 0.0041
Iteration 87: Benign prob = 0.0045
Iteration 88: Benign prob = 0.0049
Iteration 93: Benign prob = 0.0051
Iteration 97: Benign prob = 0.0052
Iteration 98: Benign prob = 0.0060
Iteration 113: Benign prob = 0.0061
Iteration 123: Benign prob = 0.0063
Iteration 127: Benign prob = 0.0064
Iteration 133: Benign prob = 0.0074
Iteration 163: Benign prob = 0.0079
Iteration 171: Benign prob = 0.0081
Iteration 188: Benign prob = 0.0083
Iteration 191: Benign prob = 0.0083
Iteration 195: Benign prob = 0.0083
Iteration 196: Benign prob = 0.0085
Iteration 203: Benign prob = 0.0087
Iteration 211: Benign prob = 0.0089
Iteration 219: Benign prob = 0.0095
Iteration 234: Benign prob = 0.0098
Iteration 240: Benign prob = 0.0104
Iteration 242: Benign prob = 0.0105
Iteration 244: Benign prob = 0.0108
Iteration 260: Benign prob = 0.0121
Iteration 293: Benign prob = 0.0122
Iteration 320: Benign prob = 0.0128
Iteration 342: Benign prob = 0.0128
Iteration 344: Benign prob = 0.0129
Iteration 357: Benign prob = 0.0143
Iteration 375: Benign prob = 0.0147
Iteration 402: Benign prob = 0.0147
Iteration 405: Benign prob = 0.0170
Iteration 445: Benign prob = 0.0171
Iteration 480: Benign prob = 0.0173
Iteration 496: Benign prob = 0.0175
Iteration 508: Benign prob = 0.0176
Iteration 512: Benign prob = 0.0179
Iteration 539: Benign prob = 0.0180
Iteration 540: Benign prob = 0.0180
Iteration 544: Benign prob = 0.0181
Iteration 569: Benign prob = 0.0184
Iteration 573: Benign prob = 0.0184
Iteration 579: Benign prob = 0.0186
Iteration 581: Benign prob = 0.0197
Iteration 659: Benign prob = 0.0208
Iteration 670: Benign prob = 0.0213
Iteration 719: Benign prob = 0.0214
Iteration 737: Benign prob = 0.0238
Iteration 743: Benign prob = 0.0252
Iteration 790: Benign prob = 0.0255
Iteration 799: Benign prob = 0.0257
Iteration 823: Benign prob = 0.0265
Iteration 857: Benign prob = 0.0266
Iteration 924: Benign prob = 0.0282
Iteration 942: Benign prob = 0.0286
Iteration 944: Benign prob = 0.0287
Iteration 979: Benign prob = 0.0288
Iteration 986: Benign prob = 0.0289
Iteration 1001: Benign prob = 0.0291
Iteration 1014: Benign prob = 0.0299
Iteration 1062: Benign prob = 0.0307
Iteration 1077: Benign prob = 0.0309
Iteration 1113: Benign prob = 0.0315
Iteration 1116: Benign prob = 0.0320
Iteration 1119: Benign prob = 0.0321
Iteration 1155: Benign prob = 0.0330
Iteration 1177: Benign prob = 0.0337
Iteration 1179: Benign prob = 0.0349
Iteration 1187: Benign prob = 0.0368
Iteration 1192: Benign prob = 0.0370
Iteration 1199: Benign prob = 0.0381
Iteration 1232: Benign prob = 0.0386
Iteration 1285: Benign prob = 0.0388
Iteration 1290: Benign prob = 0.0394
Iteration 1297: Benign prob = 0.0398
Iteration 1318: Benign prob = 0.0407
Iteration 1336: Benign prob = 0.0412
Iteration 1347: Benign prob = 0.0429
Iteration 1370: Benign prob = 0.0431
Iteration 1413: Benign prob = 0.0440
Iteration 1417: Benign prob = 0.0441
Iteration 1423: Benign prob = 0.0453
Iteration 1444: Benign prob = 0.0458
Iteration 1503: Benign prob = 0.0470
Iteration 1530: Benign prob = 0.0476
Iteration 1598: Benign prob = 0.0477
Iteration 1666: Benign prob = 0.0485
Iteration 1718: Benign prob = 0.0488
Iteration 1749: Benign prob = 0.0494
Iteration 1762: Benign prob = 0.0496
Iteration 1774: Benign prob = 0.0500
Iteration 1778: Benign prob = 0.0502
Iteration 1793: Benign prob = 0.0503
Iteration 1797: Benign prob = 0.0506
Iteration 1805: Benign prob = 0.0508
Iteration 1825: Benign prob = 0.0514
Iteration 1868: Benign prob = 0.0516
Iteration 1877: Benign prob = 0.0529
Iteration 1927: Benign prob = 0.0531
Iteration 1929: Benign prob = 0.0536
Iteration 1939: Benign prob = 0.0541
Iteration 1967: Benign prob = 0.0542
Iteration 1985: Benign prob = 0.0545
Iteration 2027: Benign prob = 0.0548
Iteration 2040: Benign prob = 0.0556
Iteration 2056: Benign prob = 0.0564
Iteration 2080: Benign prob = 0.0569
Iteration 2122: Benign prob = 0.0571
Iteration 2205: Benign prob = 0.0572
Iteration 2235: Benign prob = 0.0576
Iteration 2236: Benign prob = 0.0589
Iteration 2366: Benign prob = 0.0609
Iteration 2466: Benign prob = 0.0623
Iteration 2480: Benign prob = 0.0629
Iteration 2506: Benign prob = 0.0641
Iteration 2557: Benign prob = 0.0646
Iteration 2559: Benign prob = 0.0699
Iteration 2611: Benign prob = 0.0711
Iteration 2630: Benign prob = 0.0731
Iteration 2638: Benign prob = 0.0735
Iteration 2650: Benign prob = 0.0743
Iteration 2670: Benign prob = 0.0749
Iteration 2674: Benign prob = 0.0768
Iteration 2710: Benign prob = 0.0807
Iteration 2777: Benign prob = 0.0809
Iteration 2778: Benign prob = 0.0850
Iteration 2911: Benign prob = 0.0859
Iteration 2927: Benign prob = 0.0864
Iteration 2961: Benign prob = 0.0866
Iteration 2997: Benign prob = 0.0902
Iteration 3088: Benign prob = 0.0904
Iteration 3093: Benign prob = 0.0941
Iteration 3212: Benign prob = 0.0949
Iteration 3246: Benign prob = 0.0949
Iteration 3247: Benign prob = 0.0966
Iteration 3266: Benign prob = 0.1019
Iteration 3294: Benign prob = 0.1030
Iteration 3390: Benign prob = 0.1032
Iteration 3413: Benign prob = 0.1069
Iteration 3500: Benign prob = 0.1074
Iteration 3512: Benign prob = 0.1117
Iteration 3544: Benign prob = 0.1124
Iteration 3609: Benign prob = 0.1128
Iteration 3619: Benign prob = 0.1131
Iteration 3626: Benign prob = 0.1134
Iteration 3640: Benign prob = 0.1151
Iteration 3642: Benign prob = 0.1154
Iteration 3655: Benign prob = 0.1175
Iteration 3659: Benign prob = 0.1178
Iteration 3695: Benign prob = 0.1182
Iteration 3730: Benign prob = 0.1200
Iteration 3831: Benign prob = 0.1202
Iteration 3836: Benign prob = 0.1216
Iteration 3855: Benign prob = 0.1238
Iteration 3860: Benign prob = 0.1283
Iteration 3925: Benign prob = 0.1302
Iteration 3942: Benign prob = 0.1323
Iteration 3946: Benign prob = 0.1326
Iteration 3953: Benign prob = 0.1336
Iteration 3974: Benign prob = 0.1401
Iteration 3983: Benign prob = 0.1407
Iteration 4018: Benign prob = 0.1418
Iteration 4045: Benign prob = 0.1454
Iteration 4134: Benign prob = 0.1462
Iteration 4245: Benign prob = 0.1463
Iteration 4246: Benign prob = 0.1543
Iteration 4321: Benign prob = 0.1597
Iteration 4347: Benign prob = 0.1652
Iteration 4363: Benign prob = 0.1665
Iteration 4390: Benign prob = 0.1681
Iteration 4503: Benign prob = 0.1694
Iteration 4510: Benign prob = 0.1705
Iteration 4513: Benign prob = 0.1714
Iteration 4536: Benign prob = 0.1769
Iteration 4584: Benign prob = 0.1780
Iteration 4654: Benign prob = 0.1782
Iteration 4717: Benign prob = 0.1784
Iteration 4733: Benign prob = 0.1794
Iteration 4735: Benign prob = 0.1817
Iteration 4812: Benign prob = 0.1934
Iteration 5012: Benign prob = 0.1947
Iteration 5057: Benign prob = 0.1955
Iteration 5063: Benign prob = 0.2025
Iteration 5135: Benign prob = 0.2056
Iteration 5174: Benign prob = 0.2117
Iteration 5195: Benign prob = 0.2118
Iteration 5219: Benign prob = 0.2130
Iteration 5302: Benign prob = 0.2208
Iteration 5332: Benign prob = 0.2231
Iteration 5480: Benign prob = 0.2239
Iteration 5486: Benign prob = 0.2264
Iteration 5491: Benign prob = 0.2268
Iteration 5496: Benign prob = 0.2269
Iteration 5519: Benign prob = 0.2301
Iteration 5540: Benign prob = 0.2311
Iteration 5547: Benign prob = 0.2324
Iteration 5567: Benign prob = 0.2357
Iteration 5578: Benign prob = 0.2365
Iteration 5588: Benign prob = 0.2367
Iteration 5595: Benign prob = 0.2457
Iteration 5618: Benign prob = 0.2475
Iteration 5640: Benign prob = 0.2501
Iteration 5656: Benign prob = 0.2512
Iteration 5675: Benign prob = 0.2527
Iteration 5714: Benign prob = 0.2578
Iteration 5716: Benign prob = 0.2579
Iteration 5786: Benign prob = 0.2641
Iteration 5812: Benign prob = 0.2660
Iteration 5857: Benign prob = 0.2708
Iteration 5870: Benign prob = 0.2737
Iteration 5880: Benign prob = 0.2775
Iteration 5899: Benign prob = 0.2821
Iteration 5921: Benign prob = 0.2888
Iteration 5944: Benign prob = 0.2920
Iteration 6023: Benign prob = 0.2933
Iteration 6036: Benign prob = 0.2934
Iteration 6037: Benign prob = 0.3058
Iteration 6064: Benign prob = 0.3091
Iteration 6134: Benign prob = 0.3109
Iteration 6144: Benign prob = 0.3154
Iteration 6203: Benign prob = 0.3155
Iteration 6209: Benign prob = 0.3208
Iteration 6269: Benign prob = 0.3241
Iteration 6316: Benign prob = 0.3341
Iteration 6435: Benign prob = 0.3374
Iteration 6555: Benign prob = 0.3419
Iteration 6562: Benign prob = 0.3432
Iteration 6575: Benign prob = 0.3485
Iteration 6608: Benign prob = 0.3485
Iteration 6625: Benign prob = 0.3511
Iteration 6689: Benign prob = 0.3518
Iteration 6710: Benign prob = 0.3523
Iteration 6714: Benign prob = 0.3529
Iteration 6729: Benign prob = 0.3565
Iteration 6808: Benign prob = 0.3587
Iteration 6842: Benign prob = 0.3624
Iteration 6870: Benign prob = 0.3691
Iteration 7132: Benign prob = 0.3701
Iteration 7159: Benign prob = 0.3725
Iteration 7170: Benign prob = 0.3730
Iteration 7186: Benign prob = 0.3741
Iteration 7219: Benign prob = 0.3760
Iteration 7306: Benign prob = 0.3770
Iteration 7312: Benign prob = 0.3778
Iteration 7405: Benign prob = 0.3804
Iteration 7421: Benign prob = 0.3833
Iteration 7535: Benign prob = 0.3873
Iteration 7633: Benign prob = 0.3927
Iteration 7637: Benign prob = 0.3933
Iteration 7760: Benign prob = 0.3944
Iteration 7818: Benign prob = 0.3952
Iteration 7839: Benign prob = 0.3962
Iteration 7880: Benign prob = 0.4031
Iteration 7922: Benign prob = 0.4033
Iteration 7960: Benign prob = 0.4036
Iteration 7969: Benign prob = 0.4049
Iteration 8018: Benign prob = 0.4053
Iteration 8038: Benign prob = 0.4062
Iteration 8062: Benign prob = 0.4150
Iteration 8204: Benign prob = 0.4261
Iteration 8366: Benign prob = 0.4314
Iteration 8383: Benign prob = 0.4320
Iteration 8404: Benign prob = 0.4360
Iteration 8440: Benign prob = 0.4365
Iteration 8459: Benign prob = 0.4370
Iteration 8518: Benign prob = 0.4435
Iteration 8542: Benign prob = 0.4490
Iteration 8556: Benign prob = 0.4507
Iteration 8641: Benign prob = 0.4529
Iteration 8908: Benign prob = 0.4546
Iteration 9010: Benign prob = 0.4558
Iteration 9020: Benign prob = 0.4621
Iteration 9408: Benign prob = 0.4626
Iteration 9424: Benign prob = 0.4628
Iteration 9455: Benign prob = 0.4632
Iteration 9515: Benign prob = 0.4711
Iteration 9529: Benign prob = 0.4769
Iteration 9572: Benign prob = 0.4779
Iteration 9636: Benign prob = 0.4807
Iteration 9676: Benign prob = 0.4828
Iteration 9793: Benign prob = 0.4853
Iteration 9857: Benign prob = 0.4872
Iteration 9882: Benign prob = 0.4923
Iteration 9946: Benign prob = 0.4934

 Completed Adversarial Image for image 4 in 24.59 minutes.

--- Adversarial Prediction Results for image 4: (C:\Users\Boss\Downloads\malnet-images\test\adware++virus\fictus\3BC5F117C6854D80D0AF526BD480A15FD70812B0587E557BCE30BE29CA9CEA72.png) ---
Predicted class: 42 (trojan)
Confidence     : 0.4248
True class     : 7 (adware++virus)


=== [5/10] Creating EA Adversarial Image for C:\Users\Boss\Downloads\malnet-images\test\adware++virus\hamob\440213CA373E0B1C37D06BB04FD7B5BAC671CBBD0AC7B3660D66C6934008EF6D.png ===

--- Original Prediction Results ---
Predicted class: 15 (clickfraud++riskware)

Confidence     : 0.3520

True class     : 7 (adware++virus)

Target ('benign') class: 11 (benign)

[INFO] Benign class became best class at iteration 7320 with confidence 0.3004!

Failed to generate adversarial image in 10000 iterations.
Benign first predicted at iteration 7320 with confidence 0.3004.

Benign probability changes (iteration, prob):
Iteration 0: Benign prob = 0.0009
Iteration 6: Benign prob = 0.0011
Iteration 7: Benign prob = 0.0014
Iteration 9: Benign prob = 0.0017
Iteration 11: Benign prob = 0.0017
Iteration 14: Benign prob = 0.0019
Iteration 15: Benign prob = 0.0020
Iteration 17: Benign prob = 0.0022
Iteration 19: Benign prob = 0.0025
Iteration 29: Benign prob = 0.0025
Iteration 31: Benign prob = 0.0027
Iteration 32: Benign prob = 0.0027
Iteration 34: Benign prob = 0.0028
Iteration 35: Benign prob = 0.0028
Iteration 38: Benign prob = 0.0030
Iteration 41: Benign prob = 0.0033
Iteration 42: Benign prob = 0.0034
Iteration 47: Benign prob = 0.0035
Iteration 55: Benign prob = 0.0037
Iteration 77: Benign prob = 0.0037
Iteration 78: Benign prob = 0.0038
Iteration 79: Benign prob = 0.0039
Iteration 84: Benign prob = 0.0040
Iteration 90: Benign prob = 0.0040
Iteration 92: Benign prob = 0.0040
Iteration 94: Benign prob = 0.0045
Iteration 108: Benign prob = 0.0045
Iteration 109: Benign prob = 0.0046
Iteration 118: Benign prob = 0.0046
Iteration 121: Benign prob = 0.0048
Iteration 131: Benign prob = 0.0051
Iteration 138: Benign prob = 0.0051
Iteration 139: Benign prob = 0.0052
Iteration 142: Benign prob = 0.0055
Iteration 159: Benign prob = 0.0056
Iteration 161: Benign prob = 0.0057
Iteration 162: Benign prob = 0.0060
Iteration 172: Benign prob = 0.0061
Iteration 178: Benign prob = 0.0063
Iteration 180: Benign prob = 0.0067
Iteration 187: Benign prob = 0.0070
Iteration 192: Benign prob = 0.0073
Iteration 193: Benign prob = 0.0074
Iteration 195: Benign prob = 0.0075
Iteration 196: Benign prob = 0.0075
Iteration 199: Benign prob = 0.0076
Iteration 207: Benign prob = 0.0082
Iteration 212: Benign prob = 0.0086
Iteration 215: Benign prob = 0.0087
Iteration 217: Benign prob = 0.0094
Iteration 238: Benign prob = 0.0095
Iteration 240: Benign prob = 0.0098
Iteration 241: Benign prob = 0.0101
Iteration 253: Benign prob = 0.0103
Iteration 260: Benign prob = 0.0106
Iteration 261: Benign prob = 0.0110
Iteration 284: Benign prob = 0.0110
Iteration 292: Benign prob = 0.0113
Iteration 310: Benign prob = 0.0116
Iteration 311: Benign prob = 0.0120
Iteration 321: Benign prob = 0.0129
Iteration 325: Benign prob = 0.0131
Iteration 340: Benign prob = 0.0132
Iteration 342: Benign prob = 0.0136
Iteration 351: Benign prob = 0.0137
Iteration 355: Benign prob = 0.0139
Iteration 367: Benign prob = 0.0147
Iteration 371: Benign prob = 0.0147
Iteration 372: Benign prob = 0.0152
Iteration 407: Benign prob = 0.0154
Iteration 410: Benign prob = 0.0158
Iteration 498: Benign prob = 0.0159
Iteration 501: Benign prob = 0.0163
Iteration 507: Benign prob = 0.0165
Iteration 516: Benign prob = 0.0168
Iteration 564: Benign prob = 0.0171
Iteration 565: Benign prob = 0.0173
Iteration 581: Benign prob = 0.0176
Iteration 583: Benign prob = 0.0187
Iteration 597: Benign prob = 0.0187
Iteration 612: Benign prob = 0.0190
Iteration 635: Benign prob = 0.0196
Iteration 674: Benign prob = 0.0200
Iteration 678: Benign prob = 0.0207
Iteration 717: Benign prob = 0.0211
Iteration 718: Benign prob = 0.0220
Iteration 756: Benign prob = 0.0222
Iteration 809: Benign prob = 0.0224
Iteration 811: Benign prob = 0.0227
Iteration 832: Benign prob = 0.0228
Iteration 843: Benign prob = 0.0239
Iteration 844: Benign prob = 0.0240
Iteration 871: Benign prob = 0.0243
Iteration 874: Benign prob = 0.0255
Iteration 890: Benign prob = 0.0261
Iteration 948: Benign prob = 0.0272
Iteration 953: Benign prob = 0.0277
Iteration 973: Benign prob = 0.0278
Iteration 977: Benign prob = 0.0293
Iteration 1037: Benign prob = 0.0294
Iteration 1057: Benign prob = 0.0301
Iteration 1072: Benign prob = 0.0318
Iteration 1107: Benign prob = 0.0319
Iteration 1141: Benign prob = 0.0321
Iteration 1152: Benign prob = 0.0324
Iteration 1167: Benign prob = 0.0333
Iteration 1175: Benign prob = 0.0340
Iteration 1180: Benign prob = 0.0343
Iteration 1217: Benign prob = 0.0344
Iteration 1222: Benign prob = 0.0383
Iteration 1232: Benign prob = 0.0384
Iteration 1263: Benign prob = 0.0390
Iteration 1267: Benign prob = 0.0394
Iteration 1271: Benign prob = 0.0399
Iteration 1272: Benign prob = 0.0403
Iteration 1278: Benign prob = 0.0405
Iteration 1281: Benign prob = 0.0412
Iteration 1291: Benign prob = 0.0421
Iteration 1313: Benign prob = 0.0423
Iteration 1326: Benign prob = 0.0426
Iteration 1328: Benign prob = 0.0434
Iteration 1331: Benign prob = 0.0436
Iteration 1332: Benign prob = 0.0444
Iteration 1368: Benign prob = 0.0460
Iteration 1465: Benign prob = 0.0461
Iteration 1467: Benign prob = 0.0477
Iteration 1484: Benign prob = 0.0488
Iteration 1521: Benign prob = 0.0495
Iteration 1531: Benign prob = 0.0500
Iteration 1571: Benign prob = 0.0505
Iteration 1606: Benign prob = 0.0508
Iteration 1613: Benign prob = 0.0511
Iteration 1635: Benign prob = 0.0512
Iteration 1651: Benign prob = 0.0516
Iteration 1659: Benign prob = 0.0519
Iteration 1663: Benign prob = 0.0522
Iteration 1664: Benign prob = 0.0530
Iteration 1678: Benign prob = 0.0534
Iteration 1686: Benign prob = 0.0541
Iteration 1692: Benign prob = 0.0544
Iteration 1697: Benign prob = 0.0546
Iteration 1702: Benign prob = 0.0550
Iteration 1731: Benign prob = 0.0551
Iteration 1738: Benign prob = 0.0555
Iteration 1739: Benign prob = 0.0572
Iteration 1790: Benign prob = 0.0576
Iteration 1895: Benign prob = 0.0585
Iteration 1900: Benign prob = 0.0589
Iteration 1940: Benign prob = 0.0590
Iteration 1949: Benign prob = 0.0591
Iteration 1953: Benign prob = 0.0603
Iteration 1966: Benign prob = 0.0617
Iteration 1989: Benign prob = 0.0620
Iteration 1997: Benign prob = 0.0627
Iteration 2001: Benign prob = 0.0638
Iteration 2030: Benign prob = 0.0651
Iteration 2058: Benign prob = 0.0654
Iteration 2061: Benign prob = 0.0657
Iteration 2099: Benign prob = 0.0666
Iteration 2104: Benign prob = 0.0674
Iteration 2118: Benign prob = 0.0676
Iteration 2131: Benign prob = 0.0678
Iteration 2135: Benign prob = 0.0681
Iteration 2160: Benign prob = 0.0710
Iteration 2202: Benign prob = 0.0713
Iteration 2243: Benign prob = 0.0733
Iteration 2284: Benign prob = 0.0733
Iteration 2312: Benign prob = 0.0743
Iteration 2333: Benign prob = 0.0762
Iteration 2342: Benign prob = 0.0787
Iteration 2438: Benign prob = 0.0798
Iteration 2487: Benign prob = 0.0798
Iteration 2532: Benign prob = 0.0819
Iteration 2534: Benign prob = 0.0858
Iteration 2555: Benign prob = 0.0869
Iteration 2593: Benign prob = 0.0882
Iteration 2595: Benign prob = 0.0901
Iteration 2610: Benign prob = 0.0918
Iteration 2642: Benign prob = 0.0949
Iteration 2679: Benign prob = 0.0958
Iteration 2757: Benign prob = 0.0967
Iteration 2799: Benign prob = 0.0991
Iteration 2856: Benign prob = 0.1006
Iteration 2898: Benign prob = 0.1031
Iteration 2961: Benign prob = 0.1050
Iteration 3032: Benign prob = 0.1064
Iteration 3085: Benign prob = 0.1076
Iteration 3131: Benign prob = 0.1089
Iteration 3195: Benign prob = 0.1111
Iteration 3278: Benign prob = 0.1130
Iteration 3338: Benign prob = 0.1158
Iteration 3449: Benign prob = 0.1167
Iteration 3515: Benign prob = 0.1173
Iteration 3546: Benign prob = 0.1193
Iteration 3609: Benign prob = 0.1221
Iteration 3635: Benign prob = 0.1221
Iteration 3640: Benign prob = 0.1249
Iteration 3693: Benign prob = 0.1253
Iteration 3700: Benign prob = 0.1259
Iteration 3749: Benign prob = 0.1425
Iteration 3776: Benign prob = 0.1473
Iteration 3783: Benign prob = 0.1507
Iteration 3896: Benign prob = 0.1527
Iteration 3904: Benign prob = 0.1612
Iteration 3997: Benign prob = 0.1629
Iteration 4034: Benign prob = 0.1634
Iteration 4047: Benign prob = 0.1677
Iteration 4101: Benign prob = 0.1693
Iteration 4144: Benign prob = 0.1695
Iteration 4200: Benign prob = 0.1697
Iteration 4203: Benign prob = 0.1706
Iteration 4227: Benign prob = 0.1724
Iteration 4250: Benign prob = 0.1728
Iteration 4255: Benign prob = 0.1747
Iteration 4312: Benign prob = 0.1787
Iteration 4320: Benign prob = 0.1792
Iteration 4325: Benign prob = 0.1807
Iteration 4374: Benign prob = 0.1810
Iteration 4397: Benign prob = 0.1865
Iteration 4493: Benign prob = 0.1870
Iteration 4495: Benign prob = 0.1910
Iteration 4504: Benign prob = 0.1998
Iteration 4590: Benign prob = 0.2015
Iteration 4646: Benign prob = 0.2018
Iteration 4747: Benign prob = 0.2038
Iteration 4779: Benign prob = 0.2058
Iteration 4880: Benign prob = 0.2092
Iteration 4914: Benign prob = 0.2099
Iteration 4954: Benign prob = 0.2102
Iteration 4965: Benign prob = 0.2108
Iteration 5001: Benign prob = 0.2113
Iteration 5005: Benign prob = 0.2119
Iteration 5011: Benign prob = 0.2120
Iteration 5025: Benign prob = 0.2171
Iteration 5048: Benign prob = 0.2178
Iteration 5120: Benign prob = 0.2213
Iteration 5245: Benign prob = 0.2221
Iteration 5276: Benign prob = 0.2233
Iteration 5298: Benign prob = 0.2277
Iteration 5433: Benign prob = 0.2286
Iteration 5474: Benign prob = 0.2288
Iteration 5508: Benign prob = 0.2303
Iteration 5513: Benign prob = 0.2412
Iteration 5541: Benign prob = 0.2425
Iteration 5754: Benign prob = 0.2426
Iteration 5756: Benign prob = 0.2473
Iteration 5892: Benign prob = 0.2496
Iteration 5894: Benign prob = 0.2500
Iteration 5898: Benign prob = 0.2573
Iteration 6155: Benign prob = 0.2577
Iteration 6197: Benign prob = 0.2579
Iteration 6222: Benign prob = 0.2639
Iteration 6313: Benign prob = 0.2647
Iteration 6397: Benign prob = 0.2667
Iteration 6491: Benign prob = 0.2668
Iteration 6643: Benign prob = 0.2690
Iteration 6661: Benign prob = 0.2709
Iteration 6679: Benign prob = 0.2714
Iteration 6691: Benign prob = 0.2747
Iteration 6748: Benign prob = 0.2793
Iteration 6775: Benign prob = 0.2821
Iteration 6795: Benign prob = 0.2877
Iteration 7102: Benign prob = 0.2891
Iteration 7206: Benign prob = 0.2917
Iteration 7213: Benign prob = 0.2979
Iteration 7320: Benign prob = 0.3004
Iteration 7338: Benign prob = 0.3040
Iteration 7454: Benign prob = 0.3053
Iteration 7528: Benign prob = 0.3126
Iteration 7716: Benign prob = 0.3135
Iteration 7727: Benign prob = 0.3145
Iteration 7740: Benign prob = 0.3158
Iteration 7791: Benign prob = 0.3218
Iteration 7798: Benign prob = 0.3234
Iteration 7824: Benign prob = 0.3302
Iteration 7905: Benign prob = 0.3304
Iteration 7989: Benign prob = 0.3326
Iteration 8093: Benign prob = 0.3367
Iteration 8225: Benign prob = 0.3382
Iteration 8294: Benign prob = 0.3392
Iteration 8340: Benign prob = 0.3530
Iteration 8472: Benign prob = 0.3550
Iteration 8519: Benign prob = 0.3565
Iteration 8529: Benign prob = 0.3598
Iteration 8538: Benign prob = 0.3598
Iteration 8541: Benign prob = 0.3607
Iteration 8547: Benign prob = 0.3618
Iteration 8601: Benign prob = 0.3653
Iteration 8678: Benign prob = 0.3670
Iteration 8721: Benign prob = 0.3728
Iteration 8886: Benign prob = 0.3767
Iteration 8915: Benign prob = 0.3825
Iteration 8955: Benign prob = 0.3886
Iteration 9093: Benign prob = 0.3895
Iteration 9175: Benign prob = 0.3910
Iteration 9192: Benign prob = 0.4091
Iteration 9218: Benign prob = 0.4134
Iteration 9348: Benign prob = 0.4173
Iteration 9366: Benign prob = 0.4173
Iteration 9487: Benign prob = 0.4218
Iteration 9502: Benign prob = 0.4227
Iteration 9543: Benign prob = 0.4240
Iteration 9558: Benign prob = 0.4245
Iteration 9561: Benign prob = 0.4252
Iteration 9599: Benign prob = 0.4375
Iteration 9622: Benign prob = 0.4376
Iteration 9701: Benign prob = 0.4389
Iteration 9785: Benign prob = 0.4394
Iteration 9789: Benign prob = 0.4455
Iteration 9840: Benign prob = 0.4468
Iteration 9894: Benign prob = 0.4486
Iteration 9899: Benign prob = 0.4516
Iteration 9929: Benign prob = 0.4526
Iteration 9935: Benign prob = 0.4537
Iteration 9940: Benign prob = 0.4631
Iteration 9960: Benign prob = 0.4638

 Completed Adversarial Image for image 5 in 24.66 minutes.

--- Adversarial Prediction Results for image 5: (C:\Users\Boss\Downloads\malnet-images\test\adware++virus\hamob\440213CA373E0B1C37D06BB04FD7B5BAC671CBBD0AC7B3660D66C6934008EF6D.png) ---
Predicted class: 15 (clickfraud++riskware)
Confidence     : 0.3523
True class     : 7 (adware++virus)


=== [6/10] Creating EA Adversarial Image for C:\Users\Boss\Downloads\malnet-images\test\adware++virus\jiagu\14221B3C80D631CE1F3295B61B361434972F42AB63F21DBD39710369B352A5F0.png ===

--- Original Prediction Results ---
Predicted class: 4 (adware)

Confidence     : 0.3682

True class     : 7 (adware++virus)

Target ('benign') class: 11 (benign)

[INFO] Benign class became best class at iteration 915 with confidence 0.2997!

Targeted adversarial image created in 1978 iterations.
Benign first predicted at iteration 915 with confidence 0.2997.

Benign probability changes (iteration, prob):
Iteration 0: Benign prob = 0.0006
Iteration 2: Benign prob = 0.0008
Iteration 3: Benign prob = 0.0013
Iteration 4: Benign prob = 0.0016
Iteration 6: Benign prob = 0.0017
Iteration 7: Benign prob = 0.0017
Iteration 9: Benign prob = 0.0019
Iteration 10: Benign prob = 0.0020
Iteration 13: Benign prob = 0.0021
Iteration 17: Benign prob = 0.0022
Iteration 19: Benign prob = 0.0022
Iteration 27: Benign prob = 0.0024
Iteration 41: Benign prob = 0.0025
Iteration 42: Benign prob = 0.0031
Iteration 44: Benign prob = 0.0031
Iteration 45: Benign prob = 0.0032
Iteration 46: Benign prob = 0.0035
Iteration 47: Benign prob = 0.0036
Iteration 49: Benign prob = 0.0039
Iteration 50: Benign prob = 0.0041
Iteration 53: Benign prob = 0.0047
Iteration 54: Benign prob = 0.0071
Iteration 55: Benign prob = 0.0079
Iteration 56: Benign prob = 0.0084
Iteration 66: Benign prob = 0.0089
Iteration 67: Benign prob = 0.0094
Iteration 68: Benign prob = 0.0100
Iteration 69: Benign prob = 0.0101
Iteration 70: Benign prob = 0.0111
Iteration 72: Benign prob = 0.0133
Iteration 76: Benign prob = 0.0137
Iteration 78: Benign prob = 0.0167
Iteration 81: Benign prob = 0.0171
Iteration 82: Benign prob = 0.0173
Iteration 83: Benign prob = 0.0186
Iteration 84: Benign prob = 0.0228
Iteration 86: Benign prob = 0.0233
Iteration 88: Benign prob = 0.0259
Iteration 90: Benign prob = 0.0287
Iteration 95: Benign prob = 0.0294
Iteration 102: Benign prob = 0.0327
Iteration 104: Benign prob = 0.0333
Iteration 106: Benign prob = 0.0345
Iteration 107: Benign prob = 0.0352
Iteration 109: Benign prob = 0.0390
Iteration 114: Benign prob = 0.0392
Iteration 116: Benign prob = 0.0446
Iteration 122: Benign prob = 0.0460
Iteration 130: Benign prob = 0.0468
Iteration 137: Benign prob = 0.0500
Iteration 148: Benign prob = 0.0506
Iteration 152: Benign prob = 0.0525
Iteration 165: Benign prob = 0.0538
Iteration 170: Benign prob = 0.0569
Iteration 183: Benign prob = 0.0636
Iteration 184: Benign prob = 0.0667
Iteration 197: Benign prob = 0.0685
Iteration 199: Benign prob = 0.0741
Iteration 213: Benign prob = 0.0768
Iteration 218: Benign prob = 0.0772
Iteration 222: Benign prob = 0.0815
Iteration 250: Benign prob = 0.0863
Iteration 259: Benign prob = 0.0864
Iteration 264: Benign prob = 0.0867
Iteration 314: Benign prob = 0.0897
Iteration 324: Benign prob = 0.0905
Iteration 336: Benign prob = 0.0907
Iteration 337: Benign prob = 0.0970
Iteration 353: Benign prob = 0.1029
Iteration 361: Benign prob = 0.1031
Iteration 372: Benign prob = 0.1045
Iteration 379: Benign prob = 0.1076
Iteration 385: Benign prob = 0.1076
Iteration 394: Benign prob = 0.1082
Iteration 395: Benign prob = 0.1090
Iteration 399: Benign prob = 0.1130
Iteration 405: Benign prob = 0.1151
Iteration 419: Benign prob = 0.1278
Iteration 458: Benign prob = 0.1296
Iteration 468: Benign prob = 0.1313
Iteration 472: Benign prob = 0.1413
Iteration 517: Benign prob = 0.1444
Iteration 526: Benign prob = 0.1487
Iteration 527: Benign prob = 0.1515
Iteration 538: Benign prob = 0.1536
Iteration 539: Benign prob = 0.1604
Iteration 592: Benign prob = 0.1626
Iteration 596: Benign prob = 0.1628
Iteration 604: Benign prob = 0.1656
Iteration 609: Benign prob = 0.1702
Iteration 614: Benign prob = 0.1711
Iteration 625: Benign prob = 0.1712
Iteration 643: Benign prob = 0.1779
Iteration 648: Benign prob = 0.1893
Iteration 656: Benign prob = 0.1935
Iteration 668: Benign prob = 0.1950
Iteration 669: Benign prob = 0.2038
Iteration 674: Benign prob = 0.2083
Iteration 680: Benign prob = 0.2120
Iteration 685: Benign prob = 0.2137
Iteration 696: Benign prob = 0.2186
Iteration 700: Benign prob = 0.2270
Iteration 707: Benign prob = 0.2276
Iteration 716: Benign prob = 0.2280
Iteration 719: Benign prob = 0.2346
Iteration 725: Benign prob = 0.2418
Iteration 727: Benign prob = 0.2472
Iteration 750: Benign prob = 0.2518
Iteration 765: Benign prob = 0.2521
Iteration 790: Benign prob = 0.2579
Iteration 815: Benign prob = 0.2648
Iteration 840: Benign prob = 0.2704
Iteration 846: Benign prob = 0.2747
Iteration 854: Benign prob = 0.2847
Iteration 864: Benign prob = 0.2849
Iteration 867: Benign prob = 0.2951
Iteration 900: Benign prob = 0.2953
Iteration 915: Benign prob = 0.2997
Iteration 928: Benign prob = 0.3086
Iteration 974: Benign prob = 0.3134
Iteration 976: Benign prob = 0.3227
Iteration 993: Benign prob = 0.3243
Iteration 1009: Benign prob = 0.3304
Iteration 1036: Benign prob = 0.3539
Iteration 1045: Benign prob = 0.3577
Iteration 1100: Benign prob = 0.3667
Iteration 1105: Benign prob = 0.3675
Iteration 1107: Benign prob = 0.3683
Iteration 1147: Benign prob = 0.3705
Iteration 1151: Benign prob = 0.3762
Iteration 1159: Benign prob = 0.3881
Iteration 1254: Benign prob = 0.3970
Iteration 1299: Benign prob = 0.4032
Iteration 1318: Benign prob = 0.4108
Iteration 1383: Benign prob = 0.4163
Iteration 1425: Benign prob = 0.4188
Iteration 1435: Benign prob = 0.4188
Iteration 1439: Benign prob = 0.4309
Iteration 1528: Benign prob = 0.4363
Iteration 1542: Benign prob = 0.4394
Iteration 1594: Benign prob = 0.4464
Iteration 1613: Benign prob = 0.4493
Iteration 1619: Benign prob = 0.4558
Iteration 1626: Benign prob = 0.4675
Iteration 1660: Benign prob = 0.4748
Iteration 1670: Benign prob = 0.4881
Iteration 1690: Benign prob = 0.4908
Iteration 1692: Benign prob = 0.4951
Iteration 1696: Benign prob = 0.4977
Iteration 1701: Benign prob = 0.4987
Iteration 1732: Benign prob = 0.5037
Iteration 1735: Benign prob = 0.5054
Iteration 1737: Benign prob = 0.5119
Iteration 1745: Benign prob = 0.5144
Iteration 1787: Benign prob = 0.5212
Iteration 1861: Benign prob = 0.5252
Iteration 1921: Benign prob = 0.5277
Iteration 1926: Benign prob = 0.5278
Iteration 1946: Benign prob = 0.5301
Iteration 1949: Benign prob = 0.5347
Iteration 1978: Benign prob = 0.5571

 Completed Adversarial Image for image 6 in 4.88 minutes.

--- Adversarial Prediction Results for image 6: (C:\Users\Boss\Downloads\malnet-images\test\adware++virus\jiagu\14221B3C80D631CE1F3295B61B361434972F42AB63F21DBD39710369B352A5F0.png) ---
Predicted class: 11 (benign)
Confidence     : 0.5561
True class     : 7 (adware++virus)


=== [7/10] Creating EA Adversarial Image for C:\Users\Boss\Downloads\malnet-images\test\adware++virus\kuguo\BFCA7EE95B8820ED3DC00D9049693F9A08A6146E11FA65C454DC3DD3D7854A13.png ===

--- Original Prediction Results ---
Predicted class: 4 (adware)

Confidence     : 1.0000

True class     : 7 (adware++virus)

Target ('benign') class: 11 (benign)

[INFO] Benign class became best class at iteration 5487 with confidence 0.2689!

Failed to generate adversarial image in 10000 iterations.
Benign first predicted at iteration 5487 with confidence 0.2689.

Benign probability changes (iteration, prob):
Iteration 0: Benign prob = 0.0002
Iteration 1: Benign prob = 0.0006
Iteration 2: Benign prob = 0.0007
Iteration 3: Benign prob = 0.0009
Iteration 5: Benign prob = 0.0010
Iteration 6: Benign prob = 0.0016
Iteration 7: Benign prob = 0.0017
Iteration 9: Benign prob = 0.0018
Iteration 11: Benign prob = 0.0020
Iteration 12: Benign prob = 0.0021
Iteration 14: Benign prob = 0.0022
Iteration 17: Benign prob = 0.0022
Iteration 18: Benign prob = 0.0023
Iteration 24: Benign prob = 0.0026
Iteration 26: Benign prob = 0.0028
Iteration 28: Benign prob = 0.0028
Iteration 30: Benign prob = 0.0029
Iteration 31: Benign prob = 0.0029
Iteration 35: Benign prob = 0.0029
Iteration 39: Benign prob = 0.0032
Iteration 43: Benign prob = 0.0034
Iteration 48: Benign prob = 0.0035
Iteration 49: Benign prob = 0.0037
Iteration 58: Benign prob = 0.0038
Iteration 60: Benign prob = 0.0039
Iteration 61: Benign prob = 0.0041
Iteration 62: Benign prob = 0.0042
Iteration 65: Benign prob = 0.0043
Iteration 71: Benign prob = 0.0044
Iteration 72: Benign prob = 0.0046
Iteration 77: Benign prob = 0.0049
Iteration 82: Benign prob = 0.0056
Iteration 85: Benign prob = 0.0063
Iteration 89: Benign prob = 0.0064
Iteration 96: Benign prob = 0.0070
Iteration 101: Benign prob = 0.0072
Iteration 117: Benign prob = 0.0081
Iteration 130: Benign prob = 0.0081
Iteration 133: Benign prob = 0.0084
Iteration 134: Benign prob = 0.0088
Iteration 138: Benign prob = 0.0088
Iteration 141: Benign prob = 0.0091
Iteration 157: Benign prob = 0.0098
Iteration 164: Benign prob = 0.0101
Iteration 165: Benign prob = 0.0113
Iteration 172: Benign prob = 0.0117
Iteration 189: Benign prob = 0.0117
Iteration 191: Benign prob = 0.0120
Iteration 208: Benign prob = 0.0128
Iteration 220: Benign prob = 0.0131
Iteration 238: Benign prob = 0.0135
Iteration 242: Benign prob = 0.0138
Iteration 247: Benign prob = 0.0144
Iteration 279: Benign prob = 0.0145
Iteration 284: Benign prob = 0.0147
Iteration 285: Benign prob = 0.0151
Iteration 292: Benign prob = 0.0151
Iteration 298: Benign prob = 0.0158
Iteration 303: Benign prob = 0.0159
Iteration 309: Benign prob = 0.0171
Iteration 338: Benign prob = 0.0172
Iteration 342: Benign prob = 0.0173
Iteration 348: Benign prob = 0.0177
Iteration 354: Benign prob = 0.0182
Iteration 373: Benign prob = 0.0182
Iteration 374: Benign prob = 0.0191
Iteration 383: Benign prob = 0.0192
Iteration 391: Benign prob = 0.0201
Iteration 395: Benign prob = 0.0224
Iteration 422: Benign prob = 0.0228
Iteration 426: Benign prob = 0.0229
Iteration 450: Benign prob = 0.0241
Iteration 490: Benign prob = 0.0245
Iteration 509: Benign prob = 0.0250
Iteration 513: Benign prob = 0.0252
Iteration 518: Benign prob = 0.0253
Iteration 520: Benign prob = 0.0259
Iteration 529: Benign prob = 0.0264
Iteration 538: Benign prob = 0.0267
Iteration 558: Benign prob = 0.0267
Iteration 564: Benign prob = 0.0277
Iteration 574: Benign prob = 0.0279
Iteration 575: Benign prob = 0.0288
Iteration 599: Benign prob = 0.0298
Iteration 615: Benign prob = 0.0303
Iteration 617: Benign prob = 0.0304
Iteration 618: Benign prob = 0.0319
Iteration 631: Benign prob = 0.0322
Iteration 637: Benign prob = 0.0333
Iteration 648: Benign prob = 0.0337
Iteration 705: Benign prob = 0.0338
Iteration 717: Benign prob = 0.0352
Iteration 747: Benign prob = 0.0352
Iteration 755: Benign prob = 0.0357
Iteration 781: Benign prob = 0.0363
Iteration 784: Benign prob = 0.0372
Iteration 787: Benign prob = 0.0382
Iteration 817: Benign prob = 0.0386
Iteration 822: Benign prob = 0.0387
Iteration 823: Benign prob = 0.0400
Iteration 825: Benign prob = 0.0403
Iteration 843: Benign prob = 0.0403
Iteration 844: Benign prob = 0.0412
Iteration 850: Benign prob = 0.0421
Iteration 859: Benign prob = 0.0424
Iteration 871: Benign prob = 0.0435
Iteration 880: Benign prob = 0.0445
Iteration 893: Benign prob = 0.0451
Iteration 914: Benign prob = 0.0453
Iteration 917: Benign prob = 0.0464
Iteration 960: Benign prob = 0.0479
Iteration 963: Benign prob = 0.0495
Iteration 999: Benign prob = 0.0498
Iteration 1019: Benign prob = 0.0516
Iteration 1043: Benign prob = 0.0538
Iteration 1070: Benign prob = 0.0538
Iteration 1163: Benign prob = 0.0542
Iteration 1212: Benign prob = 0.0558
Iteration 1222: Benign prob = 0.0563
Iteration 1237: Benign prob = 0.0573
Iteration 1241: Benign prob = 0.0586
Iteration 1246: Benign prob = 0.0593
Iteration 1269: Benign prob = 0.0597
Iteration 1316: Benign prob = 0.0612
Iteration 1369: Benign prob = 0.0629
Iteration 1406: Benign prob = 0.0634
Iteration 1440: Benign prob = 0.0639
Iteration 1444: Benign prob = 0.0660
Iteration 1457: Benign prob = 0.0670
Iteration 1503: Benign prob = 0.0675
Iteration 1504: Benign prob = 0.0683
Iteration 1563: Benign prob = 0.0703
Iteration 1582: Benign prob = 0.0717
Iteration 1604: Benign prob = 0.0719
Iteration 1637: Benign prob = 0.0723
Iteration 1664: Benign prob = 0.0726
Iteration 1668: Benign prob = 0.0756
Iteration 1714: Benign prob = 0.0764
Iteration 1717: Benign prob = 0.0772
Iteration 1749: Benign prob = 0.0772
Iteration 1757: Benign prob = 0.0789
Iteration 1855: Benign prob = 0.0792
Iteration 1860: Benign prob = 0.0793
Iteration 1918: Benign prob = 0.0796
Iteration 1923: Benign prob = 0.0814
Iteration 1928: Benign prob = 0.0824
Iteration 2006: Benign prob = 0.0837
Iteration 2008: Benign prob = 0.0844
Iteration 2026: Benign prob = 0.0865
Iteration 2034: Benign prob = 0.0867
Iteration 2082: Benign prob = 0.0882
Iteration 2096: Benign prob = 0.0900
Iteration 2170: Benign prob = 0.0916
Iteration 2185: Benign prob = 0.0943
Iteration 2232: Benign prob = 0.0948
Iteration 2234: Benign prob = 0.0969
Iteration 2259: Benign prob = 0.0974
Iteration 2277: Benign prob = 0.0982
Iteration 2279: Benign prob = 0.1047
Iteration 2319: Benign prob = 0.1062
Iteration 2368: Benign prob = 0.1072
Iteration 2396: Benign prob = 0.1078
Iteration 2398: Benign prob = 0.1121
Iteration 2448: Benign prob = 0.1161
Iteration 2467: Benign prob = 0.1174
Iteration 2473: Benign prob = 0.1175
Iteration 2492: Benign prob = 0.1185
Iteration 2502: Benign prob = 0.1198
Iteration 2505: Benign prob = 0.1218
Iteration 2535: Benign prob = 0.1224
Iteration 2558: Benign prob = 0.1255
Iteration 2597: Benign prob = 0.1272
Iteration 2612: Benign prob = 0.1296
Iteration 2685: Benign prob = 0.1301
Iteration 2695: Benign prob = 0.1303
Iteration 2709: Benign prob = 0.1355
Iteration 2764: Benign prob = 0.1367
Iteration 2784: Benign prob = 0.1389
Iteration 2856: Benign prob = 0.1396
Iteration 2887: Benign prob = 0.1397
Iteration 2896: Benign prob = 0.1410
Iteration 2975: Benign prob = 0.1429
Iteration 3004: Benign prob = 0.1485
Iteration 3010: Benign prob = 0.1501
Iteration 3035: Benign prob = 0.1525
Iteration 3086: Benign prob = 0.1544
Iteration 3191: Benign prob = 0.1588
Iteration 3199: Benign prob = 0.1605
Iteration 3235: Benign prob = 0.1611
Iteration 3252: Benign prob = 0.1613
Iteration 3257: Benign prob = 0.1688
Iteration 3371: Benign prob = 0.1697
Iteration 3433: Benign prob = 0.1707
Iteration 3465: Benign prob = 0.1708
Iteration 3518: Benign prob = 0.1726
Iteration 3538: Benign prob = 0.1748
Iteration 3586: Benign prob = 0.1782
Iteration 3619: Benign prob = 0.1842
Iteration 3650: Benign prob = 0.1873
Iteration 3885: Benign prob = 0.1892
Iteration 3996: Benign prob = 0.1922
Iteration 4032: Benign prob = 0.1946
Iteration 4095: Benign prob = 0.1963
Iteration 4154: Benign prob = 0.1998
Iteration 4189: Benign prob = 0.2069
Iteration 4324: Benign prob = 0.2072
Iteration 4325: Benign prob = 0.2131
Iteration 4349: Benign prob = 0.2187
Iteration 4457: Benign prob = 0.2199
Iteration 4459: Benign prob = 0.2222
Iteration 4475: Benign prob = 0.2253
Iteration 4689: Benign prob = 0.2253
Iteration 4694: Benign prob = 0.2258
Iteration 4720: Benign prob = 0.2292
Iteration 4730: Benign prob = 0.2294
Iteration 4733: Benign prob = 0.2296
Iteration 4741: Benign prob = 0.2311
Iteration 4754: Benign prob = 0.2328
Iteration 4815: Benign prob = 0.2358
Iteration 4823: Benign prob = 0.2362
Iteration 4898: Benign prob = 0.2373
Iteration 4933: Benign prob = 0.2386
Iteration 4938: Benign prob = 0.2396
Iteration 4939: Benign prob = 0.2434
Iteration 5005: Benign prob = 0.2449
Iteration 5066: Benign prob = 0.2463
Iteration 5154: Benign prob = 0.2482
Iteration 5179: Benign prob = 0.2483
Iteration 5256: Benign prob = 0.2506
Iteration 5279: Benign prob = 0.2520
Iteration 5294: Benign prob = 0.2551
Iteration 5338: Benign prob = 0.2585
Iteration 5344: Benign prob = 0.2596
Iteration 5377: Benign prob = 0.2610
Iteration 5417: Benign prob = 0.2659
Iteration 5487: Benign prob = 0.2689
Iteration 5498: Benign prob = 0.2690
Iteration 5501: Benign prob = 0.2700
Iteration 5504: Benign prob = 0.2765
Iteration 5519: Benign prob = 0.2784
Iteration 5563: Benign prob = 0.2807
Iteration 5644: Benign prob = 0.2812
Iteration 5652: Benign prob = 0.2865
Iteration 5673: Benign prob = 0.2905
Iteration 5684: Benign prob = 0.2910
Iteration 5747: Benign prob = 0.2960
Iteration 5808: Benign prob = 0.3019
Iteration 5811: Benign prob = 0.3058
Iteration 5951: Benign prob = 0.3060
Iteration 5983: Benign prob = 0.3203
Iteration 5994: Benign prob = 0.3207
Iteration 6008: Benign prob = 0.3249
Iteration 6081: Benign prob = 0.3290
Iteration 6257: Benign prob = 0.3339
Iteration 6291: Benign prob = 0.3360
Iteration 6301: Benign prob = 0.3366
Iteration 6330: Benign prob = 0.3390
Iteration 6345: Benign prob = 0.3476
Iteration 6398: Benign prob = 0.3553
Iteration 6500: Benign prob = 0.3567
Iteration 6562: Benign prob = 0.3585
Iteration 6597: Benign prob = 0.3683
Iteration 6772: Benign prob = 0.3741
Iteration 6871: Benign prob = 0.3744
Iteration 7021: Benign prob = 0.3781
Iteration 7025: Benign prob = 0.3802
Iteration 7031: Benign prob = 0.3805
Iteration 7160: Benign prob = 0.3808
Iteration 7335: Benign prob = 0.3814
Iteration 7341: Benign prob = 0.3815
Iteration 7461: Benign prob = 0.3828
Iteration 7497: Benign prob = 0.3875
Iteration 7657: Benign prob = 0.3917
Iteration 7807: Benign prob = 0.3923
Iteration 7845: Benign prob = 0.3940
Iteration 7888: Benign prob = 0.3975
Iteration 8088: Benign prob = 0.3998
Iteration 8118: Benign prob = 0.4031
Iteration 8170: Benign prob = 0.4035
Iteration 8176: Benign prob = 0.4068
Iteration 8288: Benign prob = 0.4080
Iteration 8328: Benign prob = 0.4096
Iteration 8391: Benign prob = 0.4114
Iteration 8440: Benign prob = 0.4117
Iteration 8444: Benign prob = 0.4156
Iteration 8448: Benign prob = 0.4210
Iteration 8477: Benign prob = 0.4239
Iteration 8584: Benign prob = 0.4248
Iteration 8605: Benign prob = 0.4323
Iteration 8660: Benign prob = 0.4351
Iteration 8701: Benign prob = 0.4491
Iteration 8748: Benign prob = 0.4502
Iteration 8758: Benign prob = 0.4531
Iteration 8762: Benign prob = 0.4537
Iteration 8789: Benign prob = 0.4568
Iteration 8795: Benign prob = 0.4599
Iteration 8798: Benign prob = 0.4614
Iteration 8843: Benign prob = 0.4667
Iteration 8869: Benign prob = 0.4686
Iteration 8878: Benign prob = 0.4695
Iteration 8929: Benign prob = 0.4698
Iteration 8955: Benign prob = 0.4725
Iteration 8960: Benign prob = 0.4726
Iteration 8974: Benign prob = 0.4746
Iteration 9093: Benign prob = 0.4865
Iteration 9301: Benign prob = 0.4934
Iteration 9415: Benign prob = 0.4960
Iteration 9449: Benign prob = 0.5008
Iteration 9599: Benign prob = 0.5022
Iteration 9610: Benign prob = 0.5038
Iteration 9632: Benign prob = 0.5046
Iteration 9645: Benign prob = 0.5084
Iteration 9769: Benign prob = 0.5110
Iteration 9777: Benign prob = 0.5137
Iteration 9815: Benign prob = 0.5167
Iteration 9915: Benign prob = 0.5191
Iteration 9922: Benign prob = 0.5205

 Completed Adversarial Image for image 7 in 24.71 minutes.

--- Adversarial Prediction Results for image 7: (C:\Users\Boss\Downloads\malnet-images\test\adware++virus\kuguo\BFCA7EE95B8820ED3DC00D9049693F9A08A6146E11FA65C454DC3DD3D7854A13.png) ---
Predicted class: 15 (clickfraud++riskware)
Confidence     : 0.3683
True class     : 7 (adware++virus)


=== [8/10] Creating EA Adversarial Image for C:\Users\Boss\Downloads\malnet-images\test\adware++virus\tencentprotect\85BA310D259D63DB61832025EA04B015D6CE51EB873F9069018E05AAC09A7184.png ===

--- Original Prediction Results ---
Predicted class: 42 (trojan)

Confidence     : 1.0000

True class     : 7 (adware++virus)

Target ('benign') class: 11 (benign)

[INFO] Benign class became best class at iteration 789 with confidence 0.3300!

Targeted adversarial image created in 1608 iterations.
Benign first predicted at iteration 789 with confidence 0.3300.

Benign probability changes (iteration, prob):
Iteration 0: Benign prob = 0.0005
Iteration 1: Benign prob = 0.0006
Iteration 3: Benign prob = 0.0013
Iteration 4: Benign prob = 0.0015
Iteration 7: Benign prob = 0.0017
Iteration 9: Benign prob = 0.0018
Iteration 11: Benign prob = 0.0018
Iteration 12: Benign prob = 0.0020
Iteration 16: Benign prob = 0.0021
Iteration 19: Benign prob = 0.0022
Iteration 20: Benign prob = 0.0022
Iteration 24: Benign prob = 0.0023
Iteration 26: Benign prob = 0.0024
Iteration 33: Benign prob = 0.0026
Iteration 35: Benign prob = 0.0027
Iteration 36: Benign prob = 0.0027
Iteration 37: Benign prob = 0.0028
Iteration 44: Benign prob = 0.0033
Iteration 46: Benign prob = 0.0034
Iteration 47: Benign prob = 0.0036
Iteration 49: Benign prob = 0.0039
Iteration 50: Benign prob = 0.0041
Iteration 60: Benign prob = 0.0041
Iteration 62: Benign prob = 0.0050
Iteration 69: Benign prob = 0.0051
Iteration 72: Benign prob = 0.0051
Iteration 78: Benign prob = 0.0058
Iteration 95: Benign prob = 0.0059
Iteration 101: Benign prob = 0.0060
Iteration 109: Benign prob = 0.0062
Iteration 117: Benign prob = 0.0066
Iteration 125: Benign prob = 0.0069
Iteration 141: Benign prob = 0.0072
Iteration 161: Benign prob = 0.0077
Iteration 177: Benign prob = 0.0078
Iteration 188: Benign prob = 0.0100
Iteration 194: Benign prob = 0.0107
Iteration 195: Benign prob = 0.0111
Iteration 196: Benign prob = 0.0132
Iteration 197: Benign prob = 0.0180
Iteration 204: Benign prob = 0.0183
Iteration 205: Benign prob = 0.0187
Iteration 206: Benign prob = 0.0210
Iteration 208: Benign prob = 0.0217
Iteration 209: Benign prob = 0.0222
Iteration 211: Benign prob = 0.0226
Iteration 212: Benign prob = 0.0245
Iteration 215: Benign prob = 0.0267
Iteration 217: Benign prob = 0.0269
Iteration 219: Benign prob = 0.0308
Iteration 224: Benign prob = 0.0316
Iteration 225: Benign prob = 0.0330
Iteration 226: Benign prob = 0.0345
Iteration 230: Benign prob = 0.0371
Iteration 236: Benign prob = 0.0433
Iteration 238: Benign prob = 0.0449
Iteration 246: Benign prob = 0.0469
Iteration 252: Benign prob = 0.0531
Iteration 253: Benign prob = 0.0539
Iteration 260: Benign prob = 0.0546
Iteration 261: Benign prob = 0.0576
Iteration 262: Benign prob = 0.0576
Iteration 266: Benign prob = 0.0632
Iteration 274: Benign prob = 0.0643
Iteration 276: Benign prob = 0.0647
Iteration 287: Benign prob = 0.0661
Iteration 288: Benign prob = 0.0718
Iteration 293: Benign prob = 0.0813
Iteration 299: Benign prob = 0.0848
Iteration 335: Benign prob = 0.0879
Iteration 342: Benign prob = 0.0887
Iteration 351: Benign prob = 0.0903
Iteration 354: Benign prob = 0.0924
Iteration 362: Benign prob = 0.0956
Iteration 370: Benign prob = 0.0964
Iteration 373: Benign prob = 0.1006
Iteration 377: Benign prob = 0.1028
Iteration 382: Benign prob = 0.1057
Iteration 383: Benign prob = 0.1067
Iteration 385: Benign prob = 0.1093
Iteration 387: Benign prob = 0.1157
Iteration 397: Benign prob = 0.1189
Iteration 398: Benign prob = 0.1315
Iteration 401: Benign prob = 0.1317
Iteration 408: Benign prob = 0.1426
Iteration 411: Benign prob = 0.1446
Iteration 413: Benign prob = 0.1449
Iteration 416: Benign prob = 0.1585
Iteration 430: Benign prob = 0.1612
Iteration 432: Benign prob = 0.1617
Iteration 437: Benign prob = 0.1665
Iteration 448: Benign prob = 0.1759
Iteration 453: Benign prob = 0.1777
Iteration 459: Benign prob = 0.1961
Iteration 491: Benign prob = 0.2067
Iteration 501: Benign prob = 0.2079
Iteration 507: Benign prob = 0.2126
Iteration 521: Benign prob = 0.2177
Iteration 537: Benign prob = 0.2205
Iteration 559: Benign prob = 0.2270
Iteration 568: Benign prob = 0.2343
Iteration 578: Benign prob = 0.2420
Iteration 607: Benign prob = 0.2565
Iteration 633: Benign prob = 0.2644
Iteration 647: Benign prob = 0.2817
Iteration 676: Benign prob = 0.2870
Iteration 696: Benign prob = 0.2876
Iteration 702: Benign prob = 0.2877
Iteration 704: Benign prob = 0.2982
Iteration 730: Benign prob = 0.3065
Iteration 751: Benign prob = 0.3117
Iteration 765: Benign prob = 0.3134
Iteration 781: Benign prob = 0.3188
Iteration 784: Benign prob = 0.3292
Iteration 789: Benign prob = 0.3300
Iteration 793: Benign prob = 0.3331
Iteration 822: Benign prob = 0.3417
Iteration 835: Benign prob = 0.3501
Iteration 862: Benign prob = 0.3734
Iteration 880: Benign prob = 0.3819
Iteration 911: Benign prob = 0.3943
Iteration 934: Benign prob = 0.3987
Iteration 946: Benign prob = 0.4144
Iteration 1003: Benign prob = 0.4205
Iteration 1026: Benign prob = 0.4213
Iteration 1041: Benign prob = 0.4232
Iteration 1049: Benign prob = 0.4261
Iteration 1094: Benign prob = 0.4328
Iteration 1186: Benign prob = 0.4401
Iteration 1202: Benign prob = 0.4460
Iteration 1229: Benign prob = 0.4531
Iteration 1249: Benign prob = 0.4534
Iteration 1254: Benign prob = 0.4786
Iteration 1276: Benign prob = 0.4806
Iteration 1282: Benign prob = 0.4818
Iteration 1322: Benign prob = 0.4877
Iteration 1385: Benign prob = 0.4926
Iteration 1386: Benign prob = 0.5031
Iteration 1427: Benign prob = 0.5041
Iteration 1435: Benign prob = 0.5048
Iteration 1451: Benign prob = 0.5302
Iteration 1533: Benign prob = 0.5315
Iteration 1554: Benign prob = 0.5326
Iteration 1587: Benign prob = 0.5355
Iteration 1589: Benign prob = 0.5479
Iteration 1608: Benign prob = 0.5503

 Completed Adversarial Image for image 8 in 3.99 minutes.

--- Adversarial Prediction Results for image 8: (C:\Users\Boss\Downloads\malnet-images\test\adware++virus\tencentprotect\85BA310D259D63DB61832025EA04B015D6CE51EB873F9069018E05AAC09A7184.png) ---
Predicted class: 11 (benign)
Confidence     : 0.5471
True class     : 7 (adware++virus)


=== [9/10] Creating EA Adversarial Image for C:\Users\Boss\Downloads\malnet-images\test\adware++virus\fictus\B1CAF87A34DFD9D144C1E28AB7DB1B2FF2B8FC6857A1AF6E9E663F29235D4D98.png ===

--- Original Prediction Results ---
Predicted class: 42 (trojan)

Confidence     : 0.4442

True class     : 7 (adware++virus)

Target ('benign') class: 11 (benign)

[INFO] Benign class became best class at iteration 2819 with confidence 0.2764!

Targeted adversarial image created in 4876 iterations.
Benign first predicted at iteration 2819 with confidence 0.2764.

Benign probability changes (iteration, prob):
Iteration 0: Benign prob = 0.0011
Iteration 7: Benign prob = 0.0014
Iteration 8: Benign prob = 0.0017
Iteration 10: Benign prob = 0.0018
Iteration 13: Benign prob = 0.0018
Iteration 14: Benign prob = 0.0019
Iteration 16: Benign prob = 0.0020
Iteration 18: Benign prob = 0.0021
Iteration 20: Benign prob = 0.0022
Iteration 21: Benign prob = 0.0023
Iteration 25: Benign prob = 0.0024
Iteration 27: Benign prob = 0.0024
Iteration 28: Benign prob = 0.0029
Iteration 29: Benign prob = 0.0031
Iteration 47: Benign prob = 0.0032
Iteration 48: Benign prob = 0.0033
Iteration 53: Benign prob = 0.0033
Iteration 61: Benign prob = 0.0035
Iteration 65: Benign prob = 0.0035
Iteration 66: Benign prob = 0.0036
Iteration 68: Benign prob = 0.0036
Iteration 71: Benign prob = 0.0038
Iteration 76: Benign prob = 0.0038
Iteration 78: Benign prob = 0.0041
Iteration 84: Benign prob = 0.0042
Iteration 85: Benign prob = 0.0044
Iteration 94: Benign prob = 0.0044
Iteration 99: Benign prob = 0.0046
Iteration 102: Benign prob = 0.0047
Iteration 104: Benign prob = 0.0047
Iteration 108: Benign prob = 0.0048
Iteration 117: Benign prob = 0.0049
Iteration 124: Benign prob = 0.0053
Iteration 125: Benign prob = 0.0054
Iteration 132: Benign prob = 0.0055
Iteration 143: Benign prob = 0.0056
Iteration 144: Benign prob = 0.0059
Iteration 145: Benign prob = 0.0060
Iteration 151: Benign prob = 0.0060
Iteration 152: Benign prob = 0.0060
Iteration 156: Benign prob = 0.0061
Iteration 163: Benign prob = 0.0062
Iteration 164: Benign prob = 0.0069
Iteration 176: Benign prob = 0.0070
Iteration 191: Benign prob = 0.0071
Iteration 195: Benign prob = 0.0072
Iteration 199: Benign prob = 0.0074
Iteration 200: Benign prob = 0.0079
Iteration 218: Benign prob = 0.0080
Iteration 223: Benign prob = 0.0080
Iteration 226: Benign prob = 0.0082
Iteration 229: Benign prob = 0.0082
Iteration 239: Benign prob = 0.0084
Iteration 251: Benign prob = 0.0085
Iteration 277: Benign prob = 0.0087
Iteration 284: Benign prob = 0.0091
Iteration 285: Benign prob = 0.0092
Iteration 312: Benign prob = 0.0092
Iteration 313: Benign prob = 0.0094
Iteration 316: Benign prob = 0.0096
Iteration 318: Benign prob = 0.0102
Iteration 357: Benign prob = 0.0102
Iteration 367: Benign prob = 0.0108
Iteration 370: Benign prob = 0.0111
Iteration 374: Benign prob = 0.0116
Iteration 377: Benign prob = 0.0116
Iteration 380: Benign prob = 0.0119
Iteration 381: Benign prob = 0.0123
Iteration 391: Benign prob = 0.0125
Iteration 392: Benign prob = 0.0131
Iteration 424: Benign prob = 0.0137
Iteration 448: Benign prob = 0.0143
Iteration 458: Benign prob = 0.0149
Iteration 485: Benign prob = 0.0152
Iteration 489: Benign prob = 0.0153
Iteration 491: Benign prob = 0.0154
Iteration 504: Benign prob = 0.0157
Iteration 513: Benign prob = 0.0158
Iteration 525: Benign prob = 0.0158
Iteration 526: Benign prob = 0.0172
Iteration 557: Benign prob = 0.0173
Iteration 558: Benign prob = 0.0180
Iteration 564: Benign prob = 0.0182
Iteration 570: Benign prob = 0.0188
Iteration 592: Benign prob = 0.0192
Iteration 626: Benign prob = 0.0197
Iteration 645: Benign prob = 0.0204
Iteration 662: Benign prob = 0.0205
Iteration 669: Benign prob = 0.0215
Iteration 673: Benign prob = 0.0221
Iteration 674: Benign prob = 0.0226
Iteration 685: Benign prob = 0.0227
Iteration 686: Benign prob = 0.0238
Iteration 704: Benign prob = 0.0238
Iteration 723: Benign prob = 0.0253
Iteration 729: Benign prob = 0.0259
Iteration 749: Benign prob = 0.0266
Iteration 771: Benign prob = 0.0267
Iteration 776: Benign prob = 0.0267
Iteration 779: Benign prob = 0.0293
Iteration 782: Benign prob = 0.0300
Iteration 791: Benign prob = 0.0312
Iteration 802: Benign prob = 0.0315
Iteration 822: Benign prob = 0.0315
Iteration 824: Benign prob = 0.0321
Iteration 825: Benign prob = 0.0322
Iteration 833: Benign prob = 0.0323
Iteration 836: Benign prob = 0.0333
Iteration 841: Benign prob = 0.0334
Iteration 846: Benign prob = 0.0362
Iteration 852: Benign prob = 0.0367
Iteration 868: Benign prob = 0.0410
Iteration 896: Benign prob = 0.0411
Iteration 897: Benign prob = 0.0459
Iteration 924: Benign prob = 0.0461
Iteration 927: Benign prob = 0.0474
Iteration 932: Benign prob = 0.0522
Iteration 948: Benign prob = 0.0525
Iteration 955: Benign prob = 0.0528
Iteration 968: Benign prob = 0.0565
Iteration 982: Benign prob = 0.0573
Iteration 997: Benign prob = 0.0575
Iteration 1004: Benign prob = 0.0595
Iteration 1005: Benign prob = 0.0599
Iteration 1047: Benign prob = 0.0622
Iteration 1053: Benign prob = 0.0670
Iteration 1105: Benign prob = 0.0671
Iteration 1107: Benign prob = 0.0672
Iteration 1109: Benign prob = 0.0675
Iteration 1129: Benign prob = 0.0679
Iteration 1149: Benign prob = 0.0680
Iteration 1161: Benign prob = 0.0690
Iteration 1190: Benign prob = 0.0703
Iteration 1195: Benign prob = 0.0712
Iteration 1218: Benign prob = 0.0727
Iteration 1226: Benign prob = 0.0728
Iteration 1255: Benign prob = 0.0768
Iteration 1256: Benign prob = 0.0837
Iteration 1325: Benign prob = 0.0852
Iteration 1332: Benign prob = 0.0870
Iteration 1349: Benign prob = 0.0889
Iteration 1380: Benign prob = 0.0921
Iteration 1404: Benign prob = 0.0965
Iteration 1410: Benign prob = 0.0987
Iteration 1424: Benign prob = 0.1060
Iteration 1471: Benign prob = 0.1061
Iteration 1486: Benign prob = 0.1072
Iteration 1487: Benign prob = 0.1119
Iteration 1496: Benign prob = 0.1177
Iteration 1594: Benign prob = 0.1208
Iteration 1641: Benign prob = 0.1215
Iteration 1664: Benign prob = 0.1230
Iteration 1665: Benign prob = 0.1236
Iteration 1697: Benign prob = 0.1242
Iteration 1714: Benign prob = 0.1268
Iteration 1771: Benign prob = 0.1287
Iteration 1791: Benign prob = 0.1290
Iteration 1824: Benign prob = 0.1315
Iteration 1832: Benign prob = 0.1324
Iteration 1833: Benign prob = 0.1348
Iteration 1834: Benign prob = 0.1367
Iteration 1850: Benign prob = 0.1390
Iteration 1851: Benign prob = 0.1426
Iteration 1882: Benign prob = 0.1454
Iteration 1900: Benign prob = 0.1485
Iteration 1941: Benign prob = 0.1539
Iteration 1978: Benign prob = 0.1584
Iteration 2002: Benign prob = 0.1601
Iteration 2004: Benign prob = 0.1608
Iteration 2022: Benign prob = 0.1644
Iteration 2032: Benign prob = 0.1645
Iteration 2043: Benign prob = 0.1667
Iteration 2050: Benign prob = 0.1781
Iteration 2073: Benign prob = 0.1802
Iteration 2096: Benign prob = 0.1817
Iteration 2135: Benign prob = 0.1861
Iteration 2157: Benign prob = 0.1904
Iteration 2173: Benign prob = 0.1907
Iteration 2206: Benign prob = 0.1924
Iteration 2215: Benign prob = 0.1935
Iteration 2236: Benign prob = 0.1958
Iteration 2247: Benign prob = 0.2014
Iteration 2315: Benign prob = 0.2015
Iteration 2335: Benign prob = 0.2023
Iteration 2339: Benign prob = 0.2151
Iteration 2342: Benign prob = 0.2155
Iteration 2386: Benign prob = 0.2231
Iteration 2420: Benign prob = 0.2251
Iteration 2429: Benign prob = 0.2294
Iteration 2467: Benign prob = 0.2416
Iteration 2529: Benign prob = 0.2491
Iteration 2563: Benign prob = 0.2492
Iteration 2586: Benign prob = 0.2526
Iteration 2591: Benign prob = 0.2542
Iteration 2629: Benign prob = 0.2577
Iteration 2700: Benign prob = 0.2580
Iteration 2710: Benign prob = 0.2586
Iteration 2736: Benign prob = 0.2707
Iteration 2805: Benign prob = 0.2725
Iteration 2819: Benign prob = 0.2764
Iteration 2836: Benign prob = 0.2776
Iteration 2837: Benign prob = 0.2864
Iteration 2874: Benign prob = 0.2927
Iteration 2889: Benign prob = 0.2930
Iteration 2936: Benign prob = 0.2954
Iteration 2956: Benign prob = 0.2999
Iteration 2985: Benign prob = 0.3059
Iteration 3011: Benign prob = 0.3082
Iteration 3036: Benign prob = 0.3083
Iteration 3057: Benign prob = 0.3109
Iteration 3066: Benign prob = 0.3235
Iteration 3102: Benign prob = 0.3242
Iteration 3157: Benign prob = 0.3264
Iteration 3170: Benign prob = 0.3308
Iteration 3190: Benign prob = 0.3351
Iteration 3212: Benign prob = 0.3420
Iteration 3225: Benign prob = 0.3451
Iteration 3234: Benign prob = 0.3483
Iteration 3256: Benign prob = 0.3489
Iteration 3271: Benign prob = 0.3503
Iteration 3300: Benign prob = 0.3528
Iteration 3315: Benign prob = 0.3635
Iteration 3334: Benign prob = 0.3639
Iteration 3396: Benign prob = 0.3693
Iteration 3421: Benign prob = 0.3721
Iteration 3480: Benign prob = 0.3747
Iteration 3482: Benign prob = 0.3774
Iteration 3490: Benign prob = 0.3806
Iteration 3552: Benign prob = 0.3858
Iteration 3574: Benign prob = 0.3887
Iteration 3593: Benign prob = 0.3994
Iteration 3666: Benign prob = 0.4004
Iteration 3699: Benign prob = 0.4037
Iteration 3737: Benign prob = 0.4062
Iteration 3820: Benign prob = 0.4096
Iteration 3827: Benign prob = 0.4172
Iteration 3889: Benign prob = 0.4345
Iteration 3950: Benign prob = 0.4384
Iteration 3982: Benign prob = 0.4395
Iteration 4031: Benign prob = 0.4476
Iteration 4117: Benign prob = 0.4501
Iteration 4199: Benign prob = 0.4637
Iteration 4219: Benign prob = 0.4658
Iteration 4314: Benign prob = 0.4708
Iteration 4371: Benign prob = 0.4744
Iteration 4414: Benign prob = 0.4780
Iteration 4453: Benign prob = 0.4815
Iteration 4454: Benign prob = 0.4901
Iteration 4460: Benign prob = 0.4978
Iteration 4480: Benign prob = 0.4989
Iteration 4508: Benign prob = 0.4990
Iteration 4513: Benign prob = 0.5106
Iteration 4516: Benign prob = 0.5163
Iteration 4631: Benign prob = 0.5218
Iteration 4665: Benign prob = 0.5303
Iteration 4694: Benign prob = 0.5331
Iteration 4797: Benign prob = 0.5340
Iteration 4802: Benign prob = 0.5352
Iteration 4819: Benign prob = 0.5373
Iteration 4823: Benign prob = 0.5376
Iteration 4841: Benign prob = 0.5416
Iteration 4844: Benign prob = 0.5424
Iteration 4854: Benign prob = 0.5429
Iteration 4863: Benign prob = 0.5497
Iteration 4876: Benign prob = 0.5557

 Completed Adversarial Image for image 9 in 12.29 minutes.

--- Adversarial Prediction Results for image 9: (C:\Users\Boss\Downloads\malnet-images\test\adware++virus\fictus\B1CAF87A34DFD9D144C1E28AB7DB1B2FF2B8FC6857A1AF6E9E663F29235D4D98.png) ---
Predicted class: 11 (benign)
Confidence     : 0.5520
True class     : 7 (adware++virus)


=== [10/10] Creating EA Adversarial Image for C:\Users\Boss\Downloads\malnet-images\test\adware++virus\viser\8D1291089BCA307D5C4F5901E86CABEEA58F9D7028AA88CEDFAEE8952DB6126D.png ===

--- Original Prediction Results ---
Predicted class: 42 (trojan)

Confidence     : 0.5714

True class     : 7 (adware++virus)

Target ('benign') class: 11 (benign)

[INFO] Benign class became best class at iteration 6886 with confidence 0.2954!

Failed to generate adversarial image in 10000 iterations.
Benign first predicted at iteration 6886 with confidence 0.2954.

Benign probability changes (iteration, prob):
Iteration 0: Benign prob = 0.0003
Iteration 1: Benign prob = 0.0005
Iteration 4: Benign prob = 0.0006
Iteration 6: Benign prob = 0.0006
Iteration 7: Benign prob = 0.0008
Iteration 8: Benign prob = 0.0009
Iteration 9: Benign prob = 0.0012
Iteration 10: Benign prob = 0.0014
Iteration 11: Benign prob = 0.0016
Iteration 12: Benign prob = 0.0017
Iteration 14: Benign prob = 0.0020
Iteration 16: Benign prob = 0.0022
Iteration 18: Benign prob = 0.0023
Iteration 21: Benign prob = 0.0023
Iteration 22: Benign prob = 0.0025
Iteration 24: Benign prob = 0.0027
Iteration 25: Benign prob = 0.0028
Iteration 29: Benign prob = 0.0029
Iteration 35: Benign prob = 0.0036
Iteration 37: Benign prob = 0.0037
Iteration 40: Benign prob = 0.0037
Iteration 43: Benign prob = 0.0040
Iteration 57: Benign prob = 0.0044
Iteration 58: Benign prob = 0.0048
Iteration 63: Benign prob = 0.0048
Iteration 65: Benign prob = 0.0050
Iteration 67: Benign prob = 0.0053
Iteration 74: Benign prob = 0.0053
Iteration 88: Benign prob = 0.0055
Iteration 96: Benign prob = 0.0057
Iteration 105: Benign prob = 0.0058
Iteration 108: Benign prob = 0.0058
Iteration 116: Benign prob = 0.0060
Iteration 117: Benign prob = 0.0063
Iteration 119: Benign prob = 0.0064
Iteration 132: Benign prob = 0.0070
Iteration 152: Benign prob = 0.0072
Iteration 154: Benign prob = 0.0074
Iteration 180: Benign prob = 0.0081
Iteration 184: Benign prob = 0.0081
Iteration 192: Benign prob = 0.0084
Iteration 200: Benign prob = 0.0091
Iteration 211: Benign prob = 0.0092
Iteration 231: Benign prob = 0.0095
Iteration 233: Benign prob = 0.0098
Iteration 241: Benign prob = 0.0098
Iteration 243: Benign prob = 0.0101
Iteration 252: Benign prob = 0.0102
Iteration 273: Benign prob = 0.0103
Iteration 278: Benign prob = 0.0105
Iteration 280: Benign prob = 0.0108
Iteration 286: Benign prob = 0.0114
Iteration 310: Benign prob = 0.0117
Iteration 318: Benign prob = 0.0121
Iteration 340: Benign prob = 0.0125
Iteration 357: Benign prob = 0.0133
Iteration 371: Benign prob = 0.0137
Iteration 389: Benign prob = 0.0138
Iteration 390: Benign prob = 0.0154
Iteration 393: Benign prob = 0.0155
Iteration 426: Benign prob = 0.0158
Iteration 448: Benign prob = 0.0163
Iteration 462: Benign prob = 0.0165
Iteration 521: Benign prob = 0.0169
Iteration 553: Benign prob = 0.0174
Iteration 580: Benign prob = 0.0174
Iteration 600: Benign prob = 0.0181
Iteration 624: Benign prob = 0.0183
Iteration 639: Benign prob = 0.0187
Iteration 650: Benign prob = 0.0189
Iteration 654: Benign prob = 0.0191
Iteration 669: Benign prob = 0.0192
Iteration 678: Benign prob = 0.0198
Iteration 680: Benign prob = 0.0199
Iteration 693: Benign prob = 0.0201
Iteration 722: Benign prob = 0.0202
Iteration 741: Benign prob = 0.0202
Iteration 754: Benign prob = 0.0207
Iteration 782: Benign prob = 0.0208
Iteration 784: Benign prob = 0.0211
Iteration 786: Benign prob = 0.0211
Iteration 791: Benign prob = 0.0216
Iteration 807: Benign prob = 0.0216
Iteration 819: Benign prob = 0.0221
Iteration 827: Benign prob = 0.0221
Iteration 830: Benign prob = 0.0230
Iteration 850: Benign prob = 0.0234
Iteration 852: Benign prob = 0.0235
Iteration 862: Benign prob = 0.0240
Iteration 901: Benign prob = 0.0242
Iteration 917: Benign prob = 0.0244
Iteration 929: Benign prob = 0.0245
Iteration 979: Benign prob = 0.0247
Iteration 987: Benign prob = 0.0256
Iteration 999: Benign prob = 0.0259
Iteration 1000: Benign prob = 0.0264
Iteration 1005: Benign prob = 0.0270
Iteration 1032: Benign prob = 0.0272
Iteration 1034: Benign prob = 0.0275
Iteration 1055: Benign prob = 0.0276
Iteration 1059: Benign prob = 0.0276
Iteration 1099: Benign prob = 0.0294
Iteration 1176: Benign prob = 0.0296
Iteration 1202: Benign prob = 0.0297
Iteration 1226: Benign prob = 0.0304
Iteration 1278: Benign prob = 0.0306
Iteration 1312: Benign prob = 0.0310
Iteration 1328: Benign prob = 0.0310
Iteration 1340: Benign prob = 0.0315
Iteration 1353: Benign prob = 0.0328
Iteration 1409: Benign prob = 0.0331
Iteration 1440: Benign prob = 0.0332
Iteration 1441: Benign prob = 0.0334
Iteration 1449: Benign prob = 0.0339
Iteration 1476: Benign prob = 0.0356
Iteration 1494: Benign prob = 0.0357
Iteration 1497: Benign prob = 0.0363
Iteration 1516: Benign prob = 0.0365
Iteration 1583: Benign prob = 0.0378
Iteration 1605: Benign prob = 0.0380
Iteration 1624: Benign prob = 0.0392
Iteration 1627: Benign prob = 0.0394
Iteration 1658: Benign prob = 0.0404
Iteration 1669: Benign prob = 0.0413
Iteration 1701: Benign prob = 0.0419
Iteration 1713: Benign prob = 0.0426
Iteration 1764: Benign prob = 0.0426
Iteration 1799: Benign prob = 0.0427
Iteration 1802: Benign prob = 0.0427
Iteration 1808: Benign prob = 0.0435
Iteration 1812: Benign prob = 0.0440
Iteration 1919: Benign prob = 0.0457
Iteration 2008: Benign prob = 0.0459
Iteration 2038: Benign prob = 0.0480
Iteration 2072: Benign prob = 0.0481
Iteration 2091: Benign prob = 0.0482
Iteration 2116: Benign prob = 0.0489
Iteration 2158: Benign prob = 0.0494
Iteration 2183: Benign prob = 0.0531
Iteration 2230: Benign prob = 0.0545
Iteration 2233: Benign prob = 0.0549
Iteration 2326: Benign prob = 0.0557
Iteration 2330: Benign prob = 0.0566
Iteration 2369: Benign prob = 0.0569
Iteration 2411: Benign prob = 0.0571
Iteration 2434: Benign prob = 0.0583
Iteration 2467: Benign prob = 0.0606
Iteration 2473: Benign prob = 0.0623
Iteration 2503: Benign prob = 0.0629
Iteration 2515: Benign prob = 0.0635
Iteration 2516: Benign prob = 0.0689
Iteration 2571: Benign prob = 0.0701
Iteration 2574: Benign prob = 0.0712
Iteration 2601: Benign prob = 0.0723
Iteration 2613: Benign prob = 0.0741
Iteration 2628: Benign prob = 0.0742
Iteration 2645: Benign prob = 0.0751
Iteration 2682: Benign prob = 0.0790
Iteration 2708: Benign prob = 0.0807
Iteration 2766: Benign prob = 0.0852
Iteration 2833: Benign prob = 0.0877
Iteration 2844: Benign prob = 0.0882
Iteration 2850: Benign prob = 0.0897
Iteration 2912: Benign prob = 0.0920
Iteration 2927: Benign prob = 0.0935
Iteration 2949: Benign prob = 0.0952
Iteration 2983: Benign prob = 0.0954
Iteration 2991: Benign prob = 0.0970
Iteration 2995: Benign prob = 0.0986
Iteration 3027: Benign prob = 0.1010
Iteration 3101: Benign prob = 0.1013
Iteration 3138: Benign prob = 0.1015
Iteration 3169: Benign prob = 0.1026
Iteration 3192: Benign prob = 0.1047
Iteration 3344: Benign prob = 0.1048
Iteration 3370: Benign prob = 0.1054
Iteration 3379: Benign prob = 0.1059
Iteration 3380: Benign prob = 0.1096
Iteration 3386: Benign prob = 0.1117
Iteration 3412: Benign prob = 0.1123
Iteration 3431: Benign prob = 0.1124
Iteration 3435: Benign prob = 0.1136
Iteration 3442: Benign prob = 0.1145
Iteration 3526: Benign prob = 0.1148
Iteration 3537: Benign prob = 0.1159
Iteration 3540: Benign prob = 0.1196
Iteration 3590: Benign prob = 0.1234
Iteration 3618: Benign prob = 0.1277
Iteration 3707: Benign prob = 0.1304
Iteration 3754: Benign prob = 0.1316
Iteration 3824: Benign prob = 0.1332
Iteration 3825: Benign prob = 0.1361
Iteration 3923: Benign prob = 0.1474
Iteration 4021: Benign prob = 0.1507
Iteration 4090: Benign prob = 0.1516
Iteration 4156: Benign prob = 0.1539
Iteration 4255: Benign prob = 0.1549
Iteration 4269: Benign prob = 0.1558
Iteration 4292: Benign prob = 0.1589
Iteration 4296: Benign prob = 0.1627
Iteration 4308: Benign prob = 0.1639
Iteration 4327: Benign prob = 0.1649
Iteration 4398: Benign prob = 0.1667
Iteration 4451: Benign prob = 0.1710
Iteration 4455: Benign prob = 0.1713
Iteration 4515: Benign prob = 0.1728
Iteration 4516: Benign prob = 0.1738
Iteration 4518: Benign prob = 0.1765
Iteration 4543: Benign prob = 0.1769
Iteration 4548: Benign prob = 0.1793
Iteration 4572: Benign prob = 0.1799
Iteration 4584: Benign prob = 0.1815
Iteration 4733: Benign prob = 0.1832
Iteration 4831: Benign prob = 0.1849
Iteration 4867: Benign prob = 0.1870
Iteration 4916: Benign prob = 0.1882
Iteration 4941: Benign prob = 0.1911
Iteration 4980: Benign prob = 0.1925
Iteration 4992: Benign prob = 0.1932
Iteration 4996: Benign prob = 0.1951
Iteration 5028: Benign prob = 0.2020
Iteration 5050: Benign prob = 0.2024
Iteration 5067: Benign prob = 0.2029
Iteration 5068: Benign prob = 0.2081
Iteration 5162: Benign prob = 0.2092
Iteration 5179: Benign prob = 0.2113
Iteration 5218: Benign prob = 0.2141
Iteration 5318: Benign prob = 0.2148
Iteration 5394: Benign prob = 0.2158
Iteration 5397: Benign prob = 0.2190
Iteration 5405: Benign prob = 0.2207
Iteration 5436: Benign prob = 0.2212
Iteration 5494: Benign prob = 0.2239
Iteration 5567: Benign prob = 0.2264
Iteration 5643: Benign prob = 0.2330
Iteration 5665: Benign prob = 0.2409
Iteration 5698: Benign prob = 0.2456
Iteration 5730: Benign prob = 0.2463
Iteration 5736: Benign prob = 0.2489
Iteration 5767: Benign prob = 0.2492
Iteration 5772: Benign prob = 0.2529
Iteration 5774: Benign prob = 0.2549
Iteration 5809: Benign prob = 0.2669
Iteration 5820: Benign prob = 0.2672
Iteration 6083: Benign prob = 0.2675
Iteration 6130: Benign prob = 0.2680
Iteration 6141: Benign prob = 0.2745
Iteration 6272: Benign prob = 0.2758
Iteration 6369: Benign prob = 0.2795
Iteration 6615: Benign prob = 0.2798
Iteration 6659: Benign prob = 0.2873
Iteration 6813: Benign prob = 0.2887
Iteration 6886: Benign prob = 0.2954
Iteration 6888: Benign prob = 0.2955
Iteration 6893: Benign prob = 0.2988
Iteration 6917: Benign prob = 0.3001
Iteration 7060: Benign prob = 0.3041
Iteration 7080: Benign prob = 0.3057
Iteration 7115: Benign prob = 0.3081
Iteration 7164: Benign prob = 0.3084
Iteration 7173: Benign prob = 0.3101
Iteration 7187: Benign prob = 0.3153
Iteration 7228: Benign prob = 0.3180
Iteration 7322: Benign prob = 0.3184
Iteration 7440: Benign prob = 0.3230
Iteration 7458: Benign prob = 0.3241
Iteration 7518: Benign prob = 0.3323
Iteration 7635: Benign prob = 0.3362
Iteration 7653: Benign prob = 0.3396
Iteration 7703: Benign prob = 0.3426
Iteration 7723: Benign prob = 0.3457
Iteration 7746: Benign prob = 0.3481
Iteration 7747: Benign prob = 0.3521
Iteration 7903: Benign prob = 0.3555
Iteration 7915: Benign prob = 0.3578
Iteration 7932: Benign prob = 0.3621
Iteration 7996: Benign prob = 0.3659
Iteration 8003: Benign prob = 0.3672
Iteration 8133: Benign prob = 0.3687
Iteration 8209: Benign prob = 0.3829
Iteration 8295: Benign prob = 0.3830
Iteration 8307: Benign prob = 0.3866
Iteration 8331: Benign prob = 0.3901
Iteration 8333: Benign prob = 0.3904
Iteration 8362: Benign prob = 0.3906
Iteration 8471: Benign prob = 0.3965
Iteration 8508: Benign prob = 0.4025
Iteration 8533: Benign prob = 0.4040
Iteration 8559: Benign prob = 0.4131
Iteration 8700: Benign prob = 0.4142
Iteration 8800: Benign prob = 0.4148
Iteration 8845: Benign prob = 0.4187
Iteration 8962: Benign prob = 0.4190
Iteration 9053: Benign prob = 0.4201
Iteration 9143: Benign prob = 0.4258
Iteration 9292: Benign prob = 0.4262
Iteration 9309: Benign prob = 0.4288
Iteration 9310: Benign prob = 0.4336
Iteration 9413: Benign prob = 0.4413
Iteration 9471: Benign prob = 0.4422
Iteration 9513: Benign prob = 0.4438
Iteration 9541: Benign prob = 0.4462
Iteration 9614: Benign prob = 0.4466
Iteration 9665: Benign prob = 0.4555
Iteration 9670: Benign prob = 0.4590

 Completed Adversarial Image for image 10 in 25.41 minutes.

--- Adversarial Prediction Results for image 10: (C:\Users\Boss\Downloads\malnet-images\test\adware++virus\viser\8D1291089BCA307D5C4F5901E86CABEEA58F9D7028AA88CEDFAEE8952DB6126D.png) ---
Predicted class: 42 (trojan)
Confidence     : 0.5715
True class     : 7 (adware++virus)
