Requirement already satisfied: torchvision in ./y/envs/thesis_env_310/lib/python3.10/site-packages (0.20.1+cu121)
Requirement already satisfied: tqdm in ./y/envs/thesis_env_310/lib/python3.10/site-packages (4.67.1)
Requirement already satisfied: numpy in ./y/envs/thesis_env_310/lib/python3.10/site-packages (from torchvision) (2.1.2)
Requirement already satisfied: torch==2.5.1 in ./y/envs/thesis_env_310/lib/python3.10/site-packages (from torchvision) (2.5.1+cu121)
Requirement already satisfied: pillow!=8.3.*,>=5.3.0 in ./y/envs/thesis_env_310/lib/python3.10/site-packages (from torchvision) (11.0.0)
Requirement already satisfied: filelock in ./y/envs/thesis_env_310/lib/python3.10/site-packages (from torch==2.5.1->torchvision) (3.13.1)
Requirement already satisfied: typing-extensions>=4.8.0 in ./y/envs/thesis_env_310/lib/python3.10/site-packages (from torch==2.5.1->torchvision) (4.12.2)
Requirement already satisfied: networkx in ./y/envs/thesis_env_310/lib/python3.10/site-packages (from torch==2.5.1->torchvision) (3.3)
Requirement already satisfied: jinja2 in ./y/envs/thesis_env_310/lib/python3.10/site-packages (from torch==2.5.1->torchvision) (3.1.4)
Requirement already satisfied: fsspec in ./y/envs/thesis_env_310/lib/python3.10/site-packages (from torch==2.5.1->torchvision) (2024.6.1)
Requirement already satisfied: nvidia-cuda-nvrtc-cu12==12.1.105 in ./y/envs/thesis_env_310/lib/python3.10/site-packages (from torch==2.5.1->torchvision) (12.1.105)
Requirement already satisfied: nvidia-cuda-runtime-cu12==12.1.105 in ./y/envs/thesis_env_310/lib/python3.10/site-packages (from torch==2.5.1->torchvision) (12.1.105)
Requirement already satisfied: nvidia-cuda-cupti-cu12==12.1.105 in ./y/envs/thesis_env_310/lib/python3.10/site-packages (from torch==2.5.1->torchvision) (12.1.105)
Requirement already satisfied: nvidia-cudnn-cu12==9.1.0.70 in ./y/envs/thesis_env_310/lib/python3.10/site-packages (from torch==2.5.1->torchvision) (9.1.0.70)
Requirement already satisfied: nvidia-cublas-cu12==12.1.3.1 in ./y/envs/thesis_env_310/lib/python3.10/site-packages (from torch==2.5.1->torchvision) (12.1.3.1)
Requirement already satisfied: nvidia-cufft-cu12==11.0.2.54 in ./y/envs/thesis_env_310/lib/python3.10/site-packages (from torch==2.5.1->torchvision) (11.0.2.54)
Requirement already satisfied: nvidia-curand-cu12==10.3.2.106 in ./y/envs/thesis_env_310/lib/python3.10/site-packages (from torch==2.5.1->torchvision) (10.3.2.106)
Requirement already satisfied: nvidia-cusolver-cu12==11.4.5.107 in ./y/envs/thesis_env_310/lib/python3.10/site-packages (from torch==2.5.1->torchvision) (11.4.5.107)
Requirement already satisfied: nvidia-cusparse-cu12==12.1.0.106 in ./y/envs/thesis_env_310/lib/python3.10/site-packages (from torch==2.5.1->torchvision) (12.1.0.106)
Requirement already satisfied: nvidia-nccl-cu12==2.21.5 in ./y/envs/thesis_env_310/lib/python3.10/site-packages (from torch==2.5.1->torchvision) (2.21.5)
Requirement already satisfied: nvidia-nvtx-cu12==12.1.105 in ./y/envs/thesis_env_310/lib/python3.10/site-packages (from torch==2.5.1->torchvision) (12.1.105)
Requirement already satisfied: triton==3.1.0 in ./y/envs/thesis_env_310/lib/python3.10/site-packages (from torch==2.5.1->torchvision) (3.1.0)
Requirement already satisfied: sympy==1.13.1 in ./y/envs/thesis_env_310/lib/python3.10/site-packages (from torch==2.5.1->torchvision) (1.13.1)
Requirement already satisfied: nvidia-nvjitlink-cu12 in ./y/envs/thesis_env_310/lib/python3.10/site-packages (from nvidia-cusolver-cu12==11.4.5.107->torch==2.5.1->torchvision) (12.1.105)
Requirement already satisfied: mpmath<1.4,>=1.1.0 in ./y/envs/thesis_env_310/lib/python3.10/site-packages (from sympy==1.13.1->torch==2.5.1->torchvision) (1.3.0)
Requirement already satisfied: MarkupSafe>=2.0 in ./y/envs/thesis_env_310/lib/python3.10/site-packages (from jinja2->torch==2.5.1->torchvision) (2.1.5)
Using device: cuda
Device name: Tesla V100-SXM2-16GB
Using 1 GPUs.


=== [1/10] Creating EA Adversarial Image for /home/users/atodorova/alisa-thesis/malnet-cnn/test/fakeangry/artemis/05CEEA4B1965CE17D0E2642B7B63602A215B7EE7D52B9255A0F101948CB49DFA.png ===

--- Original Prediction Results ---
Predicted class: 4 (adware)

Confidence     : 1.0000

True class     : 19 (fakeangry)

Target ('benign') class: 11 (benign)

[INFO] Benign class became best class at iteration 551 with confidence 0.3406!

Targeted adversarial image created in 803 iterations.
Benign first predicted at iteration 551 with confidence 0.3406.

Benign probability changes (iteration, prob):
Iteration 0: Benign prob = 0.0007
Iteration 3: Benign prob = 0.0008
Iteration 4: Benign prob = 0.0010
Iteration 5: Benign prob = 0.0011
Iteration 6: Benign prob = 0.0017
Iteration 7: Benign prob = 0.0019
Iteration 10: Benign prob = 0.0019
Iteration 11: Benign prob = 0.0020
Iteration 13: Benign prob = 0.0020
Iteration 14: Benign prob = 0.0021
Iteration 15: Benign prob = 0.0021
Iteration 16: Benign prob = 0.0022
Iteration 17: Benign prob = 0.0023
Iteration 21: Benign prob = 0.0025
Iteration 25: Benign prob = 0.0025
Iteration 27: Benign prob = 0.0027
Iteration 29: Benign prob = 0.0029
Iteration 41: Benign prob = 0.0031
Iteration 45: Benign prob = 0.0032
Iteration 46: Benign prob = 0.0033
Iteration 47: Benign prob = 0.0037
Iteration 50: Benign prob = 0.0044
Iteration 53: Benign prob = 0.0048
Iteration 54: Benign prob = 0.0053
Iteration 55: Benign prob = 0.0062
Iteration 56: Benign prob = 0.0064
Iteration 59: Benign prob = 0.0065
Iteration 60: Benign prob = 0.0075
Iteration 63: Benign prob = 0.0091
Iteration 66: Benign prob = 0.0103
Iteration 72: Benign prob = 0.0104
Iteration 73: Benign prob = 0.0121
Iteration 74: Benign prob = 0.0130
Iteration 77: Benign prob = 0.0140
Iteration 79: Benign prob = 0.0149
Iteration 81: Benign prob = 0.0156
Iteration 83: Benign prob = 0.0157
Iteration 84: Benign prob = 0.0178
Iteration 88: Benign prob = 0.0244
Iteration 93: Benign prob = 0.0252
Iteration 95: Benign prob = 0.0254
Iteration 101: Benign prob = 0.0280
Iteration 106: Benign prob = 0.0289
Iteration 108: Benign prob = 0.0306
Iteration 114: Benign prob = 0.0307
Iteration 117: Benign prob = 0.0310
Iteration 119: Benign prob = 0.0327
Iteration 124: Benign prob = 0.0332
Iteration 126: Benign prob = 0.0350
Iteration 136: Benign prob = 0.0376
Iteration 139: Benign prob = 0.0405
Iteration 145: Benign prob = 0.0429
Iteration 147: Benign prob = 0.0475
Iteration 150: Benign prob = 0.0481
Iteration 151: Benign prob = 0.0492
Iteration 154: Benign prob = 0.0496
Iteration 155: Benign prob = 0.0513
Iteration 159: Benign prob = 0.0519
Iteration 160: Benign prob = 0.0570
Iteration 162: Benign prob = 0.0583
Iteration 164: Benign prob = 0.0662
Iteration 168: Benign prob = 0.0676
Iteration 171: Benign prob = 0.0800
Iteration 187: Benign prob = 0.0818
Iteration 188: Benign prob = 0.0936
Iteration 203: Benign prob = 0.0951
Iteration 211: Benign prob = 0.1097
Iteration 222: Benign prob = 0.1147
Iteration 223: Benign prob = 0.1169
Iteration 225: Benign prob = 0.1176
Iteration 229: Benign prob = 0.1235
Iteration 247: Benign prob = 0.1270
Iteration 278: Benign prob = 0.1284
Iteration 280: Benign prob = 0.1386
Iteration 294: Benign prob = 0.1469
Iteration 298: Benign prob = 0.1478
Iteration 299: Benign prob = 0.1604
Iteration 307: Benign prob = 0.1646
Iteration 312: Benign prob = 0.1686
Iteration 321: Benign prob = 0.1695
Iteration 339: Benign prob = 0.1702
Iteration 340: Benign prob = 0.1715
Iteration 344: Benign prob = 0.1961
Iteration 360: Benign prob = 0.2006
Iteration 374: Benign prob = 0.2008
Iteration 378: Benign prob = 0.2084
Iteration 381: Benign prob = 0.2086
Iteration 425: Benign prob = 0.2135
Iteration 430: Benign prob = 0.2147
Iteration 433: Benign prob = 0.2438
Iteration 466: Benign prob = 0.2536
Iteration 474: Benign prob = 0.2626
Iteration 486: Benign prob = 0.2659
Iteration 488: Benign prob = 0.2787
Iteration 498: Benign prob = 0.2822
Iteration 514: Benign prob = 0.2902
Iteration 524: Benign prob = 0.3091
Iteration 536: Benign prob = 0.3183
Iteration 551: Benign prob = 0.3406
Iteration 572: Benign prob = 0.3425
Iteration 593: Benign prob = 0.3454
Iteration 594: Benign prob = 0.3479
Iteration 601: Benign prob = 0.3604
Iteration 609: Benign prob = 0.3735
Iteration 616: Benign prob = 0.3751
Iteration 623: Benign prob = 0.3936
Iteration 663: Benign prob = 0.3944
Iteration 670: Benign prob = 0.3948
Iteration 685: Benign prob = 0.4401
Iteration 689: Benign prob = 0.4492
Iteration 691: Benign prob = 0.4732
Iteration 696: Benign prob = 0.4893
Iteration 705: Benign prob = 0.4903
Iteration 743: Benign prob = 0.4952
Iteration 747: Benign prob = 0.5303
Iteration 778: Benign prob = 0.5391
Iteration 795: Benign prob = 0.5425
Iteration 796: Benign prob = 0.5429
Iteration 803: Benign prob = 0.5512

 Completed Adversarial Image for image 1 in 1.37 minutes.

--- Adversarial Prediction Results for image 1: (/home/users/atodorova/alisa-thesis/malnet-cnn/test/fakeangry/artemis/05CEEA4B1965CE17D0E2642B7B63602A215B7EE7D52B9255A0F101948CB49DFA.png) ---
Predicted class: 11 (benign)
Confidence     : 0.5512
True class     : 19 (fakeangry)


=== [2/10] Creating EA Adversarial Image for /home/users/atodorova/alisa-thesis/malnet-cnn/test/fakeangry/artemis/C052538D6BE72DA1BB203429DC8A95CBFBBD4A7C872CCF6F3EAF01C888A09682.png ===

--- Original Prediction Results ---
Predicted class: 42 (trojan)

Confidence     : 0.5115

True class     : 19 (fakeangry)

Target ('benign') class: 11 (benign)

[INFO] Benign class became best class at iteration 878 with confidence 0.3018!

Targeted adversarial image created in 2344 iterations.
Benign first predicted at iteration 878 with confidence 0.3018.

Benign probability changes (iteration, prob):
Iteration 0: Benign prob = 0.0015
Iteration 10: Benign prob = 0.0015
Iteration 11: Benign prob = 0.0017
Iteration 13: Benign prob = 0.0018
Iteration 14: Benign prob = 0.0020
Iteration 16: Benign prob = 0.0023
Iteration 18: Benign prob = 0.0024
Iteration 19: Benign prob = 0.0024
Iteration 20: Benign prob = 0.0025
Iteration 22: Benign prob = 0.0027
Iteration 23: Benign prob = 0.0031
Iteration 27: Benign prob = 0.0032
Iteration 28: Benign prob = 0.0032
Iteration 30: Benign prob = 0.0037
Iteration 35: Benign prob = 0.0038
Iteration 37: Benign prob = 0.0042
Iteration 40: Benign prob = 0.0045
Iteration 45: Benign prob = 0.0052
Iteration 46: Benign prob = 0.0055
Iteration 48: Benign prob = 0.0059
Iteration 50: Benign prob = 0.0060
Iteration 54: Benign prob = 0.0065
Iteration 55: Benign prob = 0.0067
Iteration 57: Benign prob = 0.0074
Iteration 62: Benign prob = 0.0078
Iteration 68: Benign prob = 0.0080
Iteration 71: Benign prob = 0.0086
Iteration 73: Benign prob = 0.0090
Iteration 74: Benign prob = 0.0098
Iteration 75: Benign prob = 0.0098
Iteration 76: Benign prob = 0.0113
Iteration 77: Benign prob = 0.0119
Iteration 78: Benign prob = 0.0127
Iteration 79: Benign prob = 0.0137
Iteration 80: Benign prob = 0.0160
Iteration 82: Benign prob = 0.0162
Iteration 85: Benign prob = 0.0171
Iteration 89: Benign prob = 0.0188
Iteration 90: Benign prob = 0.0192
Iteration 94: Benign prob = 0.0223
Iteration 98: Benign prob = 0.0225
Iteration 100: Benign prob = 0.0230
Iteration 105: Benign prob = 0.0236
Iteration 106: Benign prob = 0.0245
Iteration 108: Benign prob = 0.0270
Iteration 109: Benign prob = 0.0282
Iteration 111: Benign prob = 0.0344
Iteration 121: Benign prob = 0.0366
Iteration 122: Benign prob = 0.0412
Iteration 123: Benign prob = 0.0415
Iteration 124: Benign prob = 0.0418
Iteration 139: Benign prob = 0.0443
Iteration 141: Benign prob = 0.0450
Iteration 142: Benign prob = 0.0456
Iteration 146: Benign prob = 0.0463
Iteration 153: Benign prob = 0.0494
Iteration 172: Benign prob = 0.0500
Iteration 174: Benign prob = 0.0515
Iteration 192: Benign prob = 0.0547
Iteration 208: Benign prob = 0.0567
Iteration 212: Benign prob = 0.0592
Iteration 220: Benign prob = 0.0660
Iteration 221: Benign prob = 0.0680
Iteration 233: Benign prob = 0.0706
Iteration 240: Benign prob = 0.0715
Iteration 245: Benign prob = 0.0757
Iteration 250: Benign prob = 0.0809
Iteration 252: Benign prob = 0.0814
Iteration 256: Benign prob = 0.0905
Iteration 262: Benign prob = 0.0943
Iteration 307: Benign prob = 0.0955
Iteration 308: Benign prob = 0.0969
Iteration 309: Benign prob = 0.1003
Iteration 322: Benign prob = 0.1035
Iteration 323: Benign prob = 0.1122
Iteration 335: Benign prob = 0.1149
Iteration 341: Benign prob = 0.1180
Iteration 342: Benign prob = 0.1191
Iteration 361: Benign prob = 0.1268
Iteration 376: Benign prob = 0.1480
Iteration 384: Benign prob = 0.1550
Iteration 388: Benign prob = 0.1659
Iteration 418: Benign prob = 0.1723
Iteration 429: Benign prob = 0.1821
Iteration 447: Benign prob = 0.1861
Iteration 458: Benign prob = 0.1969
Iteration 484: Benign prob = 0.1991
Iteration 518: Benign prob = 0.2003
Iteration 523: Benign prob = 0.2016
Iteration 534: Benign prob = 0.2179
Iteration 545: Benign prob = 0.2183
Iteration 558: Benign prob = 0.2217
Iteration 570: Benign prob = 0.2282
Iteration 632: Benign prob = 0.2332
Iteration 721: Benign prob = 0.2360
Iteration 735: Benign prob = 0.2406
Iteration 736: Benign prob = 0.2524
Iteration 737: Benign prob = 0.2525
Iteration 782: Benign prob = 0.2611
Iteration 803: Benign prob = 0.2648
Iteration 828: Benign prob = 0.2649
Iteration 843: Benign prob = 0.2654
Iteration 845: Benign prob = 0.2706
Iteration 856: Benign prob = 0.2771
Iteration 857: Benign prob = 0.2791
Iteration 866: Benign prob = 0.2812
Iteration 867: Benign prob = 0.2899
Iteration 878: Benign prob = 0.3018
Iteration 883: Benign prob = 0.3045
Iteration 936: Benign prob = 0.3088
Iteration 979: Benign prob = 0.3308
Iteration 1051: Benign prob = 0.3319
Iteration 1065: Benign prob = 0.3332
Iteration 1087: Benign prob = 0.3383
Iteration 1110: Benign prob = 0.3385
Iteration 1140: Benign prob = 0.3434
Iteration 1197: Benign prob = 0.3456
Iteration 1198: Benign prob = 0.3498
Iteration 1277: Benign prob = 0.3503
Iteration 1286: Benign prob = 0.3579
Iteration 1293: Benign prob = 0.3623
Iteration 1299: Benign prob = 0.3650
Iteration 1337: Benign prob = 0.3658
Iteration 1355: Benign prob = 0.3684
Iteration 1364: Benign prob = 0.3685
Iteration 1374: Benign prob = 0.3717
Iteration 1422: Benign prob = 0.3766
Iteration 1457: Benign prob = 0.3811
Iteration 1459: Benign prob = 0.3851
Iteration 1497: Benign prob = 0.3855
Iteration 1567: Benign prob = 0.3876
Iteration 1571: Benign prob = 0.3880
Iteration 1581: Benign prob = 0.3900
Iteration 1594: Benign prob = 0.3924
Iteration 1595: Benign prob = 0.3947
Iteration 1602: Benign prob = 0.4082
Iteration 1622: Benign prob = 0.4144
Iteration 1658: Benign prob = 0.4160
Iteration 1669: Benign prob = 0.4241
Iteration 1676: Benign prob = 0.4249
Iteration 1680: Benign prob = 0.4256
Iteration 1683: Benign prob = 0.4269
Iteration 1728: Benign prob = 0.4283
Iteration 1730: Benign prob = 0.4335
Iteration 1748: Benign prob = 0.4363
Iteration 1771: Benign prob = 0.4399
Iteration 1793: Benign prob = 0.4402
Iteration 1810: Benign prob = 0.4437
Iteration 1819: Benign prob = 0.4678
Iteration 1868: Benign prob = 0.4746
Iteration 1925: Benign prob = 0.4806
Iteration 1997: Benign prob = 0.4838
Iteration 2009: Benign prob = 0.4922
Iteration 2016: Benign prob = 0.4940
Iteration 2076: Benign prob = 0.4951
Iteration 2078: Benign prob = 0.5077
Iteration 2107: Benign prob = 0.5084
Iteration 2180: Benign prob = 0.5121
Iteration 2195: Benign prob = 0.5315
Iteration 2277: Benign prob = 0.5329
Iteration 2284: Benign prob = 0.5495
Iteration 2344: Benign prob = 0.5519

 Completed Adversarial Image for image 2 in 4.03 minutes.

--- Adversarial Prediction Results for image 2: (/home/users/atodorova/alisa-thesis/malnet-cnn/test/fakeangry/artemis/C052538D6BE72DA1BB203429DC8A95CBFBBD4A7C872CCF6F3EAF01C888A09682.png) ---
Predicted class: 11 (benign)
Confidence     : 0.5519
True class     : 19 (fakeangry)


=== [3/10] Creating EA Adversarial Image for /home/users/atodorova/alisa-thesis/malnet-cnn/test/fakeangry/artemis/D46A169CCD4BE06F221473F899F3E83C354F8579E7AF8A953E9A9C8A3FEC05E2.png ===

--- Original Prediction Results ---
Predicted class: 4 (adware)

Confidence     : 1.0000

True class     : 19 (fakeangry)

Target ('benign') class: 11 (benign)

[INFO] Benign class became best class at iteration 1080 with confidence 0.3338!

Targeted adversarial image created in 1840 iterations.
Benign first predicted at iteration 1080 with confidence 0.3338.

Benign probability changes (iteration, prob):
Iteration 0: Benign prob = 0.0015
Iteration 7: Benign prob = 0.0016
Iteration 9: Benign prob = 0.0019
Iteration 14: Benign prob = 0.0020
Iteration 15: Benign prob = 0.0021
Iteration 16: Benign prob = 0.0024
Iteration 19: Benign prob = 0.0024
Iteration 26: Benign prob = 0.0025
Iteration 27: Benign prob = 0.0026
Iteration 30: Benign prob = 0.0026
Iteration 31: Benign prob = 0.0028
Iteration 33: Benign prob = 0.0032
Iteration 46: Benign prob = 0.0033
Iteration 55: Benign prob = 0.0034
Iteration 57: Benign prob = 0.0034
Iteration 59: Benign prob = 0.0035
Iteration 66: Benign prob = 0.0036
Iteration 71: Benign prob = 0.0036
Iteration 73: Benign prob = 0.0038
Iteration 80: Benign prob = 0.0038
Iteration 86: Benign prob = 0.0043
Iteration 91: Benign prob = 0.0044
Iteration 92: Benign prob = 0.0044
Iteration 93: Benign prob = 0.0046
Iteration 97: Benign prob = 0.0047
Iteration 99: Benign prob = 0.0050
Iteration 103: Benign prob = 0.0050
Iteration 105: Benign prob = 0.0051
Iteration 108: Benign prob = 0.0051
Iteration 111: Benign prob = 0.0051
Iteration 114: Benign prob = 0.0052
Iteration 115: Benign prob = 0.0057
Iteration 119: Benign prob = 0.0062
Iteration 130: Benign prob = 0.0065
Iteration 134: Benign prob = 0.0072
Iteration 138: Benign prob = 0.0075
Iteration 140: Benign prob = 0.0083
Iteration 155: Benign prob = 0.0092
Iteration 165: Benign prob = 0.0095
Iteration 166: Benign prob = 0.0095
Iteration 167: Benign prob = 0.0098
Iteration 171: Benign prob = 0.0102
Iteration 178: Benign prob = 0.0104
Iteration 196: Benign prob = 0.0108
Iteration 201: Benign prob = 0.0112
Iteration 204: Benign prob = 0.0117
Iteration 209: Benign prob = 0.0140
Iteration 227: Benign prob = 0.0143
Iteration 236: Benign prob = 0.0146
Iteration 237: Benign prob = 0.0147
Iteration 242: Benign prob = 0.0157
Iteration 244: Benign prob = 0.0178
Iteration 251: Benign prob = 0.0183
Iteration 258: Benign prob = 0.0184
Iteration 259: Benign prob = 0.0210
Iteration 265: Benign prob = 0.0211
Iteration 267: Benign prob = 0.0220
Iteration 274: Benign prob = 0.0227
Iteration 282: Benign prob = 0.0238
Iteration 288: Benign prob = 0.0238
Iteration 289: Benign prob = 0.0253
Iteration 293: Benign prob = 0.0299
Iteration 304: Benign prob = 0.0334
Iteration 326: Benign prob = 0.0349
Iteration 337: Benign prob = 0.0368
Iteration 339: Benign prob = 0.0410
Iteration 343: Benign prob = 0.0416
Iteration 355: Benign prob = 0.0419
Iteration 360: Benign prob = 0.0433
Iteration 363: Benign prob = 0.0449
Iteration 371: Benign prob = 0.0451
Iteration 376: Benign prob = 0.0463
Iteration 377: Benign prob = 0.0465
Iteration 401: Benign prob = 0.0478
Iteration 402: Benign prob = 0.0516
Iteration 413: Benign prob = 0.0529
Iteration 416: Benign prob = 0.0533
Iteration 418: Benign prob = 0.0547
Iteration 420: Benign prob = 0.0578
Iteration 421: Benign prob = 0.0584
Iteration 423: Benign prob = 0.0591
Iteration 430: Benign prob = 0.0617
Iteration 446: Benign prob = 0.0720
Iteration 452: Benign prob = 0.0733
Iteration 474: Benign prob = 0.0780
Iteration 479: Benign prob = 0.0798
Iteration 481: Benign prob = 0.0820
Iteration 483: Benign prob = 0.0828
Iteration 495: Benign prob = 0.0833
Iteration 496: Benign prob = 0.0892
Iteration 512: Benign prob = 0.0905
Iteration 513: Benign prob = 0.0943
Iteration 529: Benign prob = 0.0949
Iteration 540: Benign prob = 0.0959
Iteration 551: Benign prob = 0.0965
Iteration 568: Benign prob = 0.1012
Iteration 577: Benign prob = 0.1026
Iteration 583: Benign prob = 0.1033
Iteration 584: Benign prob = 0.1039
Iteration 585: Benign prob = 0.1078
Iteration 591: Benign prob = 0.1146
Iteration 610: Benign prob = 0.1164
Iteration 613: Benign prob = 0.1217
Iteration 619: Benign prob = 0.1323
Iteration 623: Benign prob = 0.1344
Iteration 633: Benign prob = 0.1345
Iteration 637: Benign prob = 0.1356
Iteration 642: Benign prob = 0.1395
Iteration 644: Benign prob = 0.1421
Iteration 673: Benign prob = 0.1454
Iteration 674: Benign prob = 0.1486
Iteration 691: Benign prob = 0.1537
Iteration 706: Benign prob = 0.1575
Iteration 714: Benign prob = 0.1604
Iteration 731: Benign prob = 0.1622
Iteration 732: Benign prob = 0.1648
Iteration 737: Benign prob = 0.1829
Iteration 798: Benign prob = 0.1848
Iteration 800: Benign prob = 0.1894
Iteration 801: Benign prob = 0.1963
Iteration 818: Benign prob = 0.1987
Iteration 832: Benign prob = 0.2026
Iteration 846: Benign prob = 0.2121
Iteration 849: Benign prob = 0.2153
Iteration 850: Benign prob = 0.2195
Iteration 862: Benign prob = 0.2218
Iteration 880: Benign prob = 0.2262
Iteration 881: Benign prob = 0.2332
Iteration 882: Benign prob = 0.2353
Iteration 893: Benign prob = 0.2358
Iteration 899: Benign prob = 0.2428
Iteration 914: Benign prob = 0.2542
Iteration 931: Benign prob = 0.2585
Iteration 932: Benign prob = 0.2677
Iteration 933: Benign prob = 0.2807
Iteration 938: Benign prob = 0.2835
Iteration 955: Benign prob = 0.2885
Iteration 962: Benign prob = 0.2971
Iteration 964: Benign prob = 0.2977
Iteration 997: Benign prob = 0.3045
Iteration 1017: Benign prob = 0.3070
Iteration 1043: Benign prob = 0.3173
Iteration 1075: Benign prob = 0.3183
Iteration 1080: Benign prob = 0.3338
Iteration 1108: Benign prob = 0.3505
Iteration 1121: Benign prob = 0.3516
Iteration 1127: Benign prob = 0.3542
Iteration 1132: Benign prob = 0.3699
Iteration 1178: Benign prob = 0.3958
Iteration 1188: Benign prob = 0.3967
Iteration 1202: Benign prob = 0.3990
Iteration 1219: Benign prob = 0.4070
Iteration 1227: Benign prob = 0.4085
Iteration 1230: Benign prob = 0.4117
Iteration 1235: Benign prob = 0.4144
Iteration 1236: Benign prob = 0.4151
Iteration 1273: Benign prob = 0.4161
Iteration 1290: Benign prob = 0.4235
Iteration 1304: Benign prob = 0.4300
Iteration 1306: Benign prob = 0.4358
Iteration 1307: Benign prob = 0.4558
Iteration 1368: Benign prob = 0.4640
Iteration 1371: Benign prob = 0.4682
Iteration 1376: Benign prob = 0.4727
Iteration 1461: Benign prob = 0.4758
Iteration 1475: Benign prob = 0.4775
Iteration 1491: Benign prob = 0.4882
Iteration 1496: Benign prob = 0.4972
Iteration 1516: Benign prob = 0.5090
Iteration 1547: Benign prob = 0.5110
Iteration 1600: Benign prob = 0.5139
Iteration 1627: Benign prob = 0.5211
Iteration 1676: Benign prob = 0.5240
Iteration 1701: Benign prob = 0.5285
Iteration 1712: Benign prob = 0.5296
Iteration 1717: Benign prob = 0.5307
Iteration 1725: Benign prob = 0.5354
Iteration 1741: Benign prob = 0.5363
Iteration 1745: Benign prob = 0.5391
Iteration 1808: Benign prob = 0.5482
Iteration 1840: Benign prob = 0.5612

 Completed Adversarial Image for image 3 in 3.16 minutes.

--- Adversarial Prediction Results for image 3: (/home/users/atodorova/alisa-thesis/malnet-cnn/test/fakeangry/artemis/D46A169CCD4BE06F221473F899F3E83C354F8579E7AF8A953E9A9C8A3FEC05E2.png) ---
Predicted class: 11 (benign)
Confidence     : 0.5612
True class     : 19 (fakeangry)


=== [4/10] Creating EA Adversarial Image for /home/users/atodorova/alisa-thesis/malnet-cnn/test/fakeangry/umeng/0C4602835176D1C9C3E778742490C7423F76EE2133097667EE8946FBD414F136.png ===

--- Original Prediction Results ---
Predicted class: 4 (adware)

Confidence     : 1.0000

True class     : 19 (fakeangry)

Target ('benign') class: 11 (benign)

[INFO] Benign class became best class at iteration 4700 with confidence 0.3137!

Targeted adversarial image created in 6821 iterations.
Benign first predicted at iteration 4700 with confidence 0.3137.

Benign probability changes (iteration, prob):
Iteration 0: Benign prob = 0.0010
Iteration 3: Benign prob = 0.0015
Iteration 4: Benign prob = 0.0017
Iteration 7: Benign prob = 0.0017
Iteration 9: Benign prob = 0.0019
Iteration 10: Benign prob = 0.0019
Iteration 14: Benign prob = 0.0021
Iteration 15: Benign prob = 0.0021
Iteration 16: Benign prob = 0.0023
Iteration 18: Benign prob = 0.0023
Iteration 20: Benign prob = 0.0025
Iteration 22: Benign prob = 0.0026
Iteration 27: Benign prob = 0.0027
Iteration 31: Benign prob = 0.0028
Iteration 37: Benign prob = 0.0029
Iteration 39: Benign prob = 0.0029
Iteration 40: Benign prob = 0.0032
Iteration 44: Benign prob = 0.0035
Iteration 49: Benign prob = 0.0038
Iteration 51: Benign prob = 0.0040
Iteration 52: Benign prob = 0.0041
Iteration 56: Benign prob = 0.0041
Iteration 57: Benign prob = 0.0044
Iteration 58: Benign prob = 0.0050
Iteration 64: Benign prob = 0.0051
Iteration 66: Benign prob = 0.0055
Iteration 70: Benign prob = 0.0058
Iteration 83: Benign prob = 0.0058
Iteration 87: Benign prob = 0.0063
Iteration 98: Benign prob = 0.0064
Iteration 102: Benign prob = 0.0065
Iteration 104: Benign prob = 0.0072
Iteration 117: Benign prob = 0.0074
Iteration 118: Benign prob = 0.0076
Iteration 124: Benign prob = 0.0085
Iteration 133: Benign prob = 0.0089
Iteration 136: Benign prob = 0.0093
Iteration 157: Benign prob = 0.0096
Iteration 167: Benign prob = 0.0097
Iteration 170: Benign prob = 0.0109
Iteration 171: Benign prob = 0.0114
Iteration 195: Benign prob = 0.0118
Iteration 220: Benign prob = 0.0124
Iteration 245: Benign prob = 0.0125
Iteration 256: Benign prob = 0.0128
Iteration 257: Benign prob = 0.0138
Iteration 259: Benign prob = 0.0138
Iteration 260: Benign prob = 0.0143
Iteration 262: Benign prob = 0.0151
Iteration 270: Benign prob = 0.0161
Iteration 324: Benign prob = 0.0170
Iteration 328: Benign prob = 0.0175
Iteration 345: Benign prob = 0.0178
Iteration 366: Benign prob = 0.0188
Iteration 375: Benign prob = 0.0189
Iteration 378: Benign prob = 0.0192
Iteration 411: Benign prob = 0.0195
Iteration 414: Benign prob = 0.0197
Iteration 420: Benign prob = 0.0199
Iteration 436: Benign prob = 0.0210
Iteration 452: Benign prob = 0.0214
Iteration 458: Benign prob = 0.0217
Iteration 461: Benign prob = 0.0223
Iteration 479: Benign prob = 0.0223
Iteration 480: Benign prob = 0.0227
Iteration 483: Benign prob = 0.0230
Iteration 517: Benign prob = 0.0231
Iteration 524: Benign prob = 0.0238
Iteration 525: Benign prob = 0.0248
Iteration 533: Benign prob = 0.0252
Iteration 537: Benign prob = 0.0253
Iteration 542: Benign prob = 0.0254
Iteration 551: Benign prob = 0.0255
Iteration 554: Benign prob = 0.0265
Iteration 575: Benign prob = 0.0272
Iteration 619: Benign prob = 0.0278
Iteration 625: Benign prob = 0.0287
Iteration 685: Benign prob = 0.0289
Iteration 690: Benign prob = 0.0290
Iteration 717: Benign prob = 0.0294
Iteration 747: Benign prob = 0.0297
Iteration 758: Benign prob = 0.0299
Iteration 761: Benign prob = 0.0311
Iteration 828: Benign prob = 0.0316
Iteration 849: Benign prob = 0.0327
Iteration 867: Benign prob = 0.0354
Iteration 910: Benign prob = 0.0358
Iteration 932: Benign prob = 0.0363
Iteration 946: Benign prob = 0.0365
Iteration 956: Benign prob = 0.0367
Iteration 983: Benign prob = 0.0368
Iteration 991: Benign prob = 0.0368
Iteration 992: Benign prob = 0.0402
Iteration 996: Benign prob = 0.0411
Iteration 1001: Benign prob = 0.0415
Iteration 1008: Benign prob = 0.0424
Iteration 1034: Benign prob = 0.0435
Iteration 1044: Benign prob = 0.0462
Iteration 1111: Benign prob = 0.0483
Iteration 1167: Benign prob = 0.0484
Iteration 1219: Benign prob = 0.0484
Iteration 1232: Benign prob = 0.0492
Iteration 1241: Benign prob = 0.0495
Iteration 1259: Benign prob = 0.0502
Iteration 1264: Benign prob = 0.0508
Iteration 1279: Benign prob = 0.0516
Iteration 1294: Benign prob = 0.0547
Iteration 1316: Benign prob = 0.0550
Iteration 1326: Benign prob = 0.0569
Iteration 1359: Benign prob = 0.0581
Iteration 1385: Benign prob = 0.0603
Iteration 1415: Benign prob = 0.0609
Iteration 1436: Benign prob = 0.0609
Iteration 1438: Benign prob = 0.0610
Iteration 1445: Benign prob = 0.0636
Iteration 1469: Benign prob = 0.0648
Iteration 1478: Benign prob = 0.0655
Iteration 1503: Benign prob = 0.0699
Iteration 1524: Benign prob = 0.0699
Iteration 1540: Benign prob = 0.0714
Iteration 1564: Benign prob = 0.0715
Iteration 1590: Benign prob = 0.0732
Iteration 1600: Benign prob = 0.0749
Iteration 1610: Benign prob = 0.0757
Iteration 1647: Benign prob = 0.0759
Iteration 1657: Benign prob = 0.0764
Iteration 1679: Benign prob = 0.0773
Iteration 1713: Benign prob = 0.0810
Iteration 1752: Benign prob = 0.0819
Iteration 1765: Benign prob = 0.0823
Iteration 1784: Benign prob = 0.0842
Iteration 1804: Benign prob = 0.0855
Iteration 1837: Benign prob = 0.0874
Iteration 1881: Benign prob = 0.0902
Iteration 1919: Benign prob = 0.0929
Iteration 1923: Benign prob = 0.0964
Iteration 1992: Benign prob = 0.0975
Iteration 2012: Benign prob = 0.1016
Iteration 2013: Benign prob = 0.1037
Iteration 2022: Benign prob = 0.1074
Iteration 2154: Benign prob = 0.1103
Iteration 2198: Benign prob = 0.1122
Iteration 2201: Benign prob = 0.1123
Iteration 2214: Benign prob = 0.1131
Iteration 2225: Benign prob = 0.1145
Iteration 2292: Benign prob = 0.1149
Iteration 2304: Benign prob = 0.1162
Iteration 2344: Benign prob = 0.1185
Iteration 2359: Benign prob = 0.1215
Iteration 2462: Benign prob = 0.1235
Iteration 2494: Benign prob = 0.1250
Iteration 2518: Benign prob = 0.1254
Iteration 2519: Benign prob = 0.1267
Iteration 2532: Benign prob = 0.1321
Iteration 2534: Benign prob = 0.1336
Iteration 2566: Benign prob = 0.1343
Iteration 2591: Benign prob = 0.1352
Iteration 2602: Benign prob = 0.1376
Iteration 2620: Benign prob = 0.1396
Iteration 2623: Benign prob = 0.1426
Iteration 2712: Benign prob = 0.1522
Iteration 2817: Benign prob = 0.1534
Iteration 2828: Benign prob = 0.1547
Iteration 2882: Benign prob = 0.1583
Iteration 3060: Benign prob = 0.1607
Iteration 3064: Benign prob = 0.1649
Iteration 3146: Benign prob = 0.1668
Iteration 3151: Benign prob = 0.1669
Iteration 3164: Benign prob = 0.1675
Iteration 3174: Benign prob = 0.1688
Iteration 3191: Benign prob = 0.1697
Iteration 3233: Benign prob = 0.1705
Iteration 3236: Benign prob = 0.1757
Iteration 3265: Benign prob = 0.1786
Iteration 3294: Benign prob = 0.1895
Iteration 3388: Benign prob = 0.1921
Iteration 3402: Benign prob = 0.1944
Iteration 3406: Benign prob = 0.1975
Iteration 3408: Benign prob = 0.2018
Iteration 3411: Benign prob = 0.2039
Iteration 3506: Benign prob = 0.2039
Iteration 3514: Benign prob = 0.2123
Iteration 3576: Benign prob = 0.2126
Iteration 3610: Benign prob = 0.2164
Iteration 3640: Benign prob = 0.2164
Iteration 3643: Benign prob = 0.2173
Iteration 3686: Benign prob = 0.2181
Iteration 3706: Benign prob = 0.2204
Iteration 3726: Benign prob = 0.2301
Iteration 3756: Benign prob = 0.2315
Iteration 3765: Benign prob = 0.2360
Iteration 3775: Benign prob = 0.2389
Iteration 3819: Benign prob = 0.2402
Iteration 3857: Benign prob = 0.2410
Iteration 3872: Benign prob = 0.2427
Iteration 3957: Benign prob = 0.2460
Iteration 3972: Benign prob = 0.2469
Iteration 3974: Benign prob = 0.2496
Iteration 3998: Benign prob = 0.2513
Iteration 4003: Benign prob = 0.2543
Iteration 4032: Benign prob = 0.2567
Iteration 4144: Benign prob = 0.2615
Iteration 4211: Benign prob = 0.2622
Iteration 4228: Benign prob = 0.2655
Iteration 4286: Benign prob = 0.2660
Iteration 4303: Benign prob = 0.2704
Iteration 4311: Benign prob = 0.2706
Iteration 4336: Benign prob = 0.2724
Iteration 4406: Benign prob = 0.2740
Iteration 4436: Benign prob = 0.2754
Iteration 4438: Benign prob = 0.2783
Iteration 4448: Benign prob = 0.2791
Iteration 4496: Benign prob = 0.2810
Iteration 4505: Benign prob = 0.2853
Iteration 4580: Benign prob = 0.2972
Iteration 4589: Benign prob = 0.3016
Iteration 4591: Benign prob = 0.3036
Iteration 4635: Benign prob = 0.3059
Iteration 4671: Benign prob = 0.3070
Iteration 4700: Benign prob = 0.3137
Iteration 4767: Benign prob = 0.3167
Iteration 4795: Benign prob = 0.3178
Iteration 4858: Benign prob = 0.3256
Iteration 4941: Benign prob = 0.3263
Iteration 4957: Benign prob = 0.3269
Iteration 4959: Benign prob = 0.3369
Iteration 4989: Benign prob = 0.3370
Iteration 5040: Benign prob = 0.3436
Iteration 5054: Benign prob = 0.3568
Iteration 5086: Benign prob = 0.3577
Iteration 5094: Benign prob = 0.3587
Iteration 5128: Benign prob = 0.3610
Iteration 5131: Benign prob = 0.3629
Iteration 5169: Benign prob = 0.3718
Iteration 5187: Benign prob = 0.3764
Iteration 5190: Benign prob = 0.3792
Iteration 5212: Benign prob = 0.3861
Iteration 5233: Benign prob = 0.3862
Iteration 5256: Benign prob = 0.3927
Iteration 5335: Benign prob = 0.3989
Iteration 5337: Benign prob = 0.4053
Iteration 5393: Benign prob = 0.4078
Iteration 5420: Benign prob = 0.4091
Iteration 5437: Benign prob = 0.4180
Iteration 5443: Benign prob = 0.4184
Iteration 5472: Benign prob = 0.4251
Iteration 5500: Benign prob = 0.4295
Iteration 5528: Benign prob = 0.4313
Iteration 5577: Benign prob = 0.4412
Iteration 5624: Benign prob = 0.4443
Iteration 5633: Benign prob = 0.4461
Iteration 5642: Benign prob = 0.4482
Iteration 5651: Benign prob = 0.4577
Iteration 5795: Benign prob = 0.4634
Iteration 5881: Benign prob = 0.4667
Iteration 5918: Benign prob = 0.4684
Iteration 5930: Benign prob = 0.4807
Iteration 5986: Benign prob = 0.4910
Iteration 6007: Benign prob = 0.4944
Iteration 6060: Benign prob = 0.4954
Iteration 6088: Benign prob = 0.5000
Iteration 6148: Benign prob = 0.5031
Iteration 6176: Benign prob = 0.5074
Iteration 6182: Benign prob = 0.5079
Iteration 6208: Benign prob = 0.5140
Iteration 6304: Benign prob = 0.5158
Iteration 6344: Benign prob = 0.5164
Iteration 6463: Benign prob = 0.5172
Iteration 6481: Benign prob = 0.5213
Iteration 6503: Benign prob = 0.5243
Iteration 6505: Benign prob = 0.5261
Iteration 6551: Benign prob = 0.5262
Iteration 6588: Benign prob = 0.5291
Iteration 6592: Benign prob = 0.5341
Iteration 6662: Benign prob = 0.5352
Iteration 6703: Benign prob = 0.5387
Iteration 6705: Benign prob = 0.5417
Iteration 6813: Benign prob = 0.5459
Iteration 6821: Benign prob = 0.5535

 Completed Adversarial Image for image 4 in 11.63 minutes.

--- Adversarial Prediction Results for image 4: (/home/users/atodorova/alisa-thesis/malnet-cnn/test/fakeangry/umeng/0C4602835176D1C9C3E778742490C7423F76EE2133097667EE8946FBD414F136.png) ---
Predicted class: 11 (benign)
Confidence     : 0.5535
True class     : 19 (fakeangry)


=== [5/10] Creating EA Adversarial Image for /home/users/atodorova/alisa-thesis/malnet-cnn/test/fakeangry/umeng/6EBFA44F091D261D75582699B19D81251ADB16D686314FE4A9087EB68095F8CF.png ===

--- Original Prediction Results ---
Predicted class: 42 (trojan)

Confidence     : 0.4668

True class     : 19 (fakeangry)

Target ('benign') class: 11 (benign)

[INFO] Benign class became best class at iteration 3131 with confidence 0.2954!

Targeted adversarial image created in 4530 iterations.
Benign first predicted at iteration 3131 with confidence 0.2954.

Benign probability changes (iteration, prob):
Iteration 0: Benign prob = 0.0007
Iteration 5: Benign prob = 0.0008
Iteration 6: Benign prob = 0.0010
Iteration 7: Benign prob = 0.0011
Iteration 8: Benign prob = 0.0011
Iteration 9: Benign prob = 0.0012
Iteration 11: Benign prob = 0.0013
Iteration 12: Benign prob = 0.0014
Iteration 13: Benign prob = 0.0015
Iteration 14: Benign prob = 0.0017
Iteration 15: Benign prob = 0.0017
Iteration 16: Benign prob = 0.0018
Iteration 17: Benign prob = 0.0020
Iteration 20: Benign prob = 0.0020
Iteration 21: Benign prob = 0.0021
Iteration 22: Benign prob = 0.0022
Iteration 23: Benign prob = 0.0022
Iteration 24: Benign prob = 0.0026
Iteration 26: Benign prob = 0.0027
Iteration 34: Benign prob = 0.0027
Iteration 35: Benign prob = 0.0028
Iteration 37: Benign prob = 0.0030
Iteration 40: Benign prob = 0.0032
Iteration 52: Benign prob = 0.0034
Iteration 53: Benign prob = 0.0034
Iteration 59: Benign prob = 0.0036
Iteration 62: Benign prob = 0.0036
Iteration 65: Benign prob = 0.0037
Iteration 66: Benign prob = 0.0039
Iteration 67: Benign prob = 0.0039
Iteration 77: Benign prob = 0.0040
Iteration 78: Benign prob = 0.0041
Iteration 88: Benign prob = 0.0042
Iteration 91: Benign prob = 0.0044
Iteration 103: Benign prob = 0.0045
Iteration 109: Benign prob = 0.0045
Iteration 110: Benign prob = 0.0046
Iteration 116: Benign prob = 0.0047
Iteration 125: Benign prob = 0.0051
Iteration 138: Benign prob = 0.0052
Iteration 147: Benign prob = 0.0054
Iteration 151: Benign prob = 0.0057
Iteration 155: Benign prob = 0.0058
Iteration 160: Benign prob = 0.0063
Iteration 169: Benign prob = 0.0070
Iteration 176: Benign prob = 0.0071
Iteration 180: Benign prob = 0.0075
Iteration 181: Benign prob = 0.0081
Iteration 192: Benign prob = 0.0087
Iteration 198: Benign prob = 0.0096
Iteration 222: Benign prob = 0.0097
Iteration 226: Benign prob = 0.0099
Iteration 228: Benign prob = 0.0101
Iteration 232: Benign prob = 0.0106
Iteration 238: Benign prob = 0.0110
Iteration 240: Benign prob = 0.0115
Iteration 253: Benign prob = 0.0118
Iteration 263: Benign prob = 0.0121
Iteration 268: Benign prob = 0.0122
Iteration 276: Benign prob = 0.0134
Iteration 316: Benign prob = 0.0150
Iteration 323: Benign prob = 0.0156
Iteration 345: Benign prob = 0.0158
Iteration 353: Benign prob = 0.0158
Iteration 355: Benign prob = 0.0163
Iteration 357: Benign prob = 0.0163
Iteration 363: Benign prob = 0.0167
Iteration 376: Benign prob = 0.0168
Iteration 388: Benign prob = 0.0173
Iteration 395: Benign prob = 0.0176
Iteration 398: Benign prob = 0.0189
Iteration 406: Benign prob = 0.0190
Iteration 421: Benign prob = 0.0197
Iteration 454: Benign prob = 0.0209
Iteration 473: Benign prob = 0.0209
Iteration 484: Benign prob = 0.0211
Iteration 533: Benign prob = 0.0223
Iteration 554: Benign prob = 0.0226
Iteration 565: Benign prob = 0.0228
Iteration 567: Benign prob = 0.0232
Iteration 609: Benign prob = 0.0233
Iteration 626: Benign prob = 0.0237
Iteration 627: Benign prob = 0.0239
Iteration 629: Benign prob = 0.0252
Iteration 638: Benign prob = 0.0253
Iteration 640: Benign prob = 0.0266
Iteration 644: Benign prob = 0.0275
Iteration 687: Benign prob = 0.0279
Iteration 705: Benign prob = 0.0285
Iteration 720: Benign prob = 0.0301
Iteration 743: Benign prob = 0.0307
Iteration 755: Benign prob = 0.0313
Iteration 791: Benign prob = 0.0320
Iteration 821: Benign prob = 0.0321
Iteration 847: Benign prob = 0.0338
Iteration 865: Benign prob = 0.0340
Iteration 882: Benign prob = 0.0352
Iteration 911: Benign prob = 0.0358
Iteration 912: Benign prob = 0.0367
Iteration 925: Benign prob = 0.0374
Iteration 954: Benign prob = 0.0381
Iteration 955: Benign prob = 0.0395
Iteration 961: Benign prob = 0.0397
Iteration 976: Benign prob = 0.0398
Iteration 991: Benign prob = 0.0398
Iteration 1011: Benign prob = 0.0401
Iteration 1041: Benign prob = 0.0420
Iteration 1093: Benign prob = 0.0424
Iteration 1108: Benign prob = 0.0426
Iteration 1110: Benign prob = 0.0443
Iteration 1112: Benign prob = 0.0452
Iteration 1117: Benign prob = 0.0453
Iteration 1138: Benign prob = 0.0470
Iteration 1149: Benign prob = 0.0475
Iteration 1163: Benign prob = 0.0477
Iteration 1199: Benign prob = 0.0498
Iteration 1202: Benign prob = 0.0501
Iteration 1233: Benign prob = 0.0501
Iteration 1255: Benign prob = 0.0513
Iteration 1262: Benign prob = 0.0515
Iteration 1277: Benign prob = 0.0529
Iteration 1278: Benign prob = 0.0535
Iteration 1305: Benign prob = 0.0549
Iteration 1310: Benign prob = 0.0559
Iteration 1326: Benign prob = 0.0574
Iteration 1359: Benign prob = 0.0583
Iteration 1363: Benign prob = 0.0594
Iteration 1370: Benign prob = 0.0608
Iteration 1371: Benign prob = 0.0618
Iteration 1415: Benign prob = 0.0627
Iteration 1434: Benign prob = 0.0663
Iteration 1449: Benign prob = 0.0686
Iteration 1464: Benign prob = 0.0693
Iteration 1478: Benign prob = 0.0697
Iteration 1511: Benign prob = 0.0732
Iteration 1534: Benign prob = 0.0755
Iteration 1538: Benign prob = 0.0757
Iteration 1557: Benign prob = 0.0793
Iteration 1636: Benign prob = 0.0813
Iteration 1645: Benign prob = 0.0816
Iteration 1651: Benign prob = 0.0848
Iteration 1657: Benign prob = 0.0850
Iteration 1674: Benign prob = 0.0883
Iteration 1709: Benign prob = 0.0893
Iteration 1717: Benign prob = 0.0905
Iteration 1736: Benign prob = 0.0941
Iteration 1789: Benign prob = 0.0942
Iteration 1793: Benign prob = 0.0998
Iteration 1797: Benign prob = 0.1014
Iteration 1830: Benign prob = 0.1045
Iteration 1845: Benign prob = 0.1054
Iteration 1872: Benign prob = 0.1056
Iteration 1877: Benign prob = 0.1129
Iteration 1920: Benign prob = 0.1144
Iteration 1922: Benign prob = 0.1173
Iteration 1932: Benign prob = 0.1208
Iteration 1946: Benign prob = 0.1261
Iteration 2008: Benign prob = 0.1286
Iteration 2016: Benign prob = 0.1290
Iteration 2036: Benign prob = 0.1414
Iteration 2074: Benign prob = 0.1439
Iteration 2082: Benign prob = 0.1485
Iteration 2093: Benign prob = 0.1515
Iteration 2137: Benign prob = 0.1527
Iteration 2139: Benign prob = 0.1610
Iteration 2158: Benign prob = 0.1631
Iteration 2228: Benign prob = 0.1704
Iteration 2273: Benign prob = 0.1717
Iteration 2274: Benign prob = 0.1757
Iteration 2316: Benign prob = 0.1782
Iteration 2340: Benign prob = 0.1832
Iteration 2344: Benign prob = 0.1843
Iteration 2370: Benign prob = 0.1846
Iteration 2379: Benign prob = 0.1863
Iteration 2387: Benign prob = 0.1886
Iteration 2392: Benign prob = 0.1901
Iteration 2393: Benign prob = 0.1904
Iteration 2418: Benign prob = 0.1915
Iteration 2477: Benign prob = 0.1935
Iteration 2483: Benign prob = 0.1936
Iteration 2486: Benign prob = 0.2011
Iteration 2549: Benign prob = 0.2023
Iteration 2561: Benign prob = 0.2066
Iteration 2582: Benign prob = 0.2071
Iteration 2672: Benign prob = 0.2074
Iteration 2698: Benign prob = 0.2106
Iteration 2711: Benign prob = 0.2138
Iteration 2727: Benign prob = 0.2157
Iteration 2749: Benign prob = 0.2228
Iteration 2781: Benign prob = 0.2326
Iteration 2790: Benign prob = 0.2331
Iteration 2797: Benign prob = 0.2378
Iteration 2854: Benign prob = 0.2385
Iteration 2918: Benign prob = 0.2487
Iteration 2956: Benign prob = 0.2502
Iteration 3002: Benign prob = 0.2528
Iteration 3016: Benign prob = 0.2542
Iteration 3019: Benign prob = 0.2545
Iteration 3034: Benign prob = 0.2566
Iteration 3051: Benign prob = 0.2569
Iteration 3062: Benign prob = 0.2663
Iteration 3088: Benign prob = 0.2732
Iteration 3103: Benign prob = 0.2824
Iteration 3122: Benign prob = 0.2839
Iteration 3131: Benign prob = 0.2954
Iteration 3137: Benign prob = 0.3062
Iteration 3141: Benign prob = 0.3084
Iteration 3288: Benign prob = 0.3133
Iteration 3313: Benign prob = 0.3164
Iteration 3327: Benign prob = 0.3205
Iteration 3347: Benign prob = 0.3264
Iteration 3352: Benign prob = 0.3440
Iteration 3365: Benign prob = 0.3579
Iteration 3378: Benign prob = 0.3644
Iteration 3414: Benign prob = 0.3683
Iteration 3460: Benign prob = 0.3736
Iteration 3469: Benign prob = 0.3753
Iteration 3473: Benign prob = 0.3781
Iteration 3493: Benign prob = 0.3864
Iteration 3535: Benign prob = 0.3892
Iteration 3553: Benign prob = 0.4027
Iteration 3567: Benign prob = 0.4035
Iteration 3581: Benign prob = 0.4076
Iteration 3596: Benign prob = 0.4084
Iteration 3623: Benign prob = 0.4085
Iteration 3626: Benign prob = 0.4099
Iteration 3627: Benign prob = 0.4160
Iteration 3629: Benign prob = 0.4188
Iteration 3643: Benign prob = 0.4188
Iteration 3644: Benign prob = 0.4209
Iteration 3672: Benign prob = 0.4220
Iteration 3691: Benign prob = 0.4485
Iteration 3741: Benign prob = 0.4494
Iteration 3765: Benign prob = 0.4510
Iteration 3797: Benign prob = 0.4527
Iteration 3823: Benign prob = 0.4573
Iteration 3842: Benign prob = 0.4586
Iteration 3844: Benign prob = 0.4626
Iteration 3875: Benign prob = 0.4748
Iteration 3935: Benign prob = 0.4761
Iteration 3968: Benign prob = 0.4814
Iteration 3997: Benign prob = 0.4829
Iteration 4029: Benign prob = 0.4846
Iteration 4038: Benign prob = 0.4848
Iteration 4058: Benign prob = 0.4892
Iteration 4103: Benign prob = 0.4907
Iteration 4143: Benign prob = 0.4952
Iteration 4146: Benign prob = 0.5023
Iteration 4232: Benign prob = 0.5046
Iteration 4269: Benign prob = 0.5056
Iteration 4274: Benign prob = 0.5100
Iteration 4317: Benign prob = 0.5139
Iteration 4355: Benign prob = 0.5160
Iteration 4379: Benign prob = 0.5245
Iteration 4391: Benign prob = 0.5312
Iteration 4425: Benign prob = 0.5349
Iteration 4442: Benign prob = 0.5389
Iteration 4475: Benign prob = 0.5413
Iteration 4479: Benign prob = 0.5417
Iteration 4484: Benign prob = 0.5485
Iteration 4500: Benign prob = 0.5489
Iteration 4503: Benign prob = 0.5499
Iteration 4530: Benign prob = 0.5511

 Completed Adversarial Image for image 5 in 7.68 minutes.

--- Adversarial Prediction Results for image 5: (/home/users/atodorova/alisa-thesis/malnet-cnn/test/fakeangry/umeng/6EBFA44F091D261D75582699B19D81251ADB16D686314FE4A9087EB68095F8CF.png) ---
Predicted class: 11 (benign)
Confidence     : 0.5511
True class     : 19 (fakeangry)


=== [6/10] Creating EA Adversarial Image for /home/users/atodorova/alisa-thesis/malnet-cnn/test/fakeangry/umeng/9ACEF0CBF24A0B141FAD0A8D045A3FED349143842FD5C78CC7314C886F6E7005.png ===

--- Original Prediction Results ---
Predicted class: 42 (trojan)

Confidence     : 0.4547

True class     : 19 (fakeangry)

Target ('benign') class: 11 (benign)

[INFO] Benign class became best class at iteration 3065 with confidence 0.2993!

Targeted adversarial image created in 4471 iterations.
Benign first predicted at iteration 3065 with confidence 0.2993.

Benign probability changes (iteration, prob):
Iteration 0: Benign prob = 0.0010
Iteration 2: Benign prob = 0.0015
Iteration 4: Benign prob = 0.0016
Iteration 5: Benign prob = 0.0018
Iteration 6: Benign prob = 0.0019
Iteration 7: Benign prob = 0.0021
Iteration 9: Benign prob = 0.0023
Iteration 11: Benign prob = 0.0023
Iteration 12: Benign prob = 0.0024
Iteration 13: Benign prob = 0.0026
Iteration 16: Benign prob = 0.0028
Iteration 19: Benign prob = 0.0028
Iteration 20: Benign prob = 0.0030
Iteration 23: Benign prob = 0.0033
Iteration 26: Benign prob = 0.0034
Iteration 32: Benign prob = 0.0034
Iteration 34: Benign prob = 0.0034
Iteration 35: Benign prob = 0.0039
Iteration 41: Benign prob = 0.0042
Iteration 47: Benign prob = 0.0043
Iteration 49: Benign prob = 0.0044
Iteration 52: Benign prob = 0.0046
Iteration 56: Benign prob = 0.0048
Iteration 63: Benign prob = 0.0049
Iteration 66: Benign prob = 0.0050
Iteration 67: Benign prob = 0.0056
Iteration 72: Benign prob = 0.0058
Iteration 82: Benign prob = 0.0061
Iteration 89: Benign prob = 0.0071
Iteration 90: Benign prob = 0.0073
Iteration 98: Benign prob = 0.0075
Iteration 110: Benign prob = 0.0080
Iteration 111: Benign prob = 0.0082
Iteration 115: Benign prob = 0.0088
Iteration 131: Benign prob = 0.0089
Iteration 136: Benign prob = 0.0094
Iteration 138: Benign prob = 0.0097
Iteration 152: Benign prob = 0.0099
Iteration 158: Benign prob = 0.0099
Iteration 159: Benign prob = 0.0109
Iteration 168: Benign prob = 0.0110
Iteration 172: Benign prob = 0.0112
Iteration 175: Benign prob = 0.0114
Iteration 177: Benign prob = 0.0116
Iteration 180: Benign prob = 0.0124
Iteration 202: Benign prob = 0.0127
Iteration 204: Benign prob = 0.0128
Iteration 211: Benign prob = 0.0132
Iteration 213: Benign prob = 0.0134
Iteration 223: Benign prob = 0.0135
Iteration 230: Benign prob = 0.0139
Iteration 236: Benign prob = 0.0141
Iteration 239: Benign prob = 0.0164
Iteration 275: Benign prob = 0.0169
Iteration 284: Benign prob = 0.0172
Iteration 307: Benign prob = 0.0178
Iteration 331: Benign prob = 0.0181
Iteration 332: Benign prob = 0.0185
Iteration 337: Benign prob = 0.0187
Iteration 361: Benign prob = 0.0189
Iteration 376: Benign prob = 0.0196
Iteration 395: Benign prob = 0.0201
Iteration 407: Benign prob = 0.0219
Iteration 431: Benign prob = 0.0219
Iteration 432: Benign prob = 0.0224
Iteration 442: Benign prob = 0.0238
Iteration 449: Benign prob = 0.0248
Iteration 477: Benign prob = 0.0277
Iteration 495: Benign prob = 0.0286
Iteration 507: Benign prob = 0.0288
Iteration 517: Benign prob = 0.0304
Iteration 524: Benign prob = 0.0306
Iteration 529: Benign prob = 0.0320
Iteration 556: Benign prob = 0.0364
Iteration 557: Benign prob = 0.0366
Iteration 562: Benign prob = 0.0366
Iteration 577: Benign prob = 0.0368
Iteration 587: Benign prob = 0.0369
Iteration 618: Benign prob = 0.0386
Iteration 640: Benign prob = 0.0387
Iteration 642: Benign prob = 0.0395
Iteration 652: Benign prob = 0.0413
Iteration 668: Benign prob = 0.0439
Iteration 681: Benign prob = 0.0449
Iteration 735: Benign prob = 0.0553
Iteration 753: Benign prob = 0.0559
Iteration 787: Benign prob = 0.0560
Iteration 814: Benign prob = 0.0566
Iteration 843: Benign prob = 0.0572
Iteration 844: Benign prob = 0.0590
Iteration 854: Benign prob = 0.0599
Iteration 885: Benign prob = 0.0616
Iteration 905: Benign prob = 0.0627
Iteration 947: Benign prob = 0.0635
Iteration 956: Benign prob = 0.0636
Iteration 962: Benign prob = 0.0639
Iteration 981: Benign prob = 0.0640
Iteration 1009: Benign prob = 0.0646
Iteration 1148: Benign prob = 0.0655
Iteration 1158: Benign prob = 0.0674
Iteration 1162: Benign prob = 0.0689
Iteration 1183: Benign prob = 0.0716
Iteration 1189: Benign prob = 0.0718
Iteration 1203: Benign prob = 0.0744
Iteration 1252: Benign prob = 0.0745
Iteration 1279: Benign prob = 0.0762
Iteration 1373: Benign prob = 0.0786
Iteration 1407: Benign prob = 0.0786
Iteration 1414: Benign prob = 0.0795
Iteration 1435: Benign prob = 0.0817
Iteration 1443: Benign prob = 0.0820
Iteration 1454: Benign prob = 0.0821
Iteration 1475: Benign prob = 0.0860
Iteration 1479: Benign prob = 0.0884
Iteration 1510: Benign prob = 0.0886
Iteration 1512: Benign prob = 0.0919
Iteration 1517: Benign prob = 0.0925
Iteration 1575: Benign prob = 0.0946
Iteration 1649: Benign prob = 0.0970
Iteration 1657: Benign prob = 0.0977
Iteration 1675: Benign prob = 0.0994
Iteration 1682: Benign prob = 0.1002
Iteration 1684: Benign prob = 0.1023
Iteration 1699: Benign prob = 0.1061
Iteration 1752: Benign prob = 0.1089
Iteration 1775: Benign prob = 0.1110
Iteration 1787: Benign prob = 0.1139
Iteration 1800: Benign prob = 0.1141
Iteration 1804: Benign prob = 0.1156
Iteration 1825: Benign prob = 0.1192
Iteration 1834: Benign prob = 0.1200
Iteration 1838: Benign prob = 0.1222
Iteration 1850: Benign prob = 0.1244
Iteration 1855: Benign prob = 0.1247
Iteration 1858: Benign prob = 0.1247
Iteration 1869: Benign prob = 0.1348
Iteration 1880: Benign prob = 0.1406
Iteration 1904: Benign prob = 0.1463
Iteration 1907: Benign prob = 0.1466
Iteration 1938: Benign prob = 0.1509
Iteration 1945: Benign prob = 0.1520
Iteration 1979: Benign prob = 0.1546
Iteration 2003: Benign prob = 0.1554
Iteration 2015: Benign prob = 0.1578
Iteration 2059: Benign prob = 0.1626
Iteration 2069: Benign prob = 0.1628
Iteration 2080: Benign prob = 0.1659
Iteration 2094: Benign prob = 0.1661
Iteration 2151: Benign prob = 0.1662
Iteration 2180: Benign prob = 0.1664
Iteration 2183: Benign prob = 0.1665
Iteration 2185: Benign prob = 0.1677
Iteration 2196: Benign prob = 0.1721
Iteration 2206: Benign prob = 0.1724
Iteration 2216: Benign prob = 0.1781
Iteration 2219: Benign prob = 0.1826
Iteration 2222: Benign prob = 0.1869
Iteration 2268: Benign prob = 0.1887
Iteration 2285: Benign prob = 0.1927
Iteration 2337: Benign prob = 0.1987
Iteration 2397: Benign prob = 0.1993
Iteration 2453: Benign prob = 0.1998
Iteration 2459: Benign prob = 0.2024
Iteration 2501: Benign prob = 0.2072
Iteration 2515: Benign prob = 0.2077
Iteration 2533: Benign prob = 0.2153
Iteration 2546: Benign prob = 0.2157
Iteration 2559: Benign prob = 0.2206
Iteration 2568: Benign prob = 0.2244
Iteration 2621: Benign prob = 0.2277
Iteration 2637: Benign prob = 0.2280
Iteration 2645: Benign prob = 0.2288
Iteration 2648: Benign prob = 0.2314
Iteration 2650: Benign prob = 0.2342
Iteration 2671: Benign prob = 0.2396
Iteration 2725: Benign prob = 0.2411
Iteration 2737: Benign prob = 0.2412
Iteration 2756: Benign prob = 0.2473
Iteration 2797: Benign prob = 0.2510
Iteration 2836: Benign prob = 0.2512
Iteration 2843: Benign prob = 0.2538
Iteration 2877: Benign prob = 0.2545
Iteration 2883: Benign prob = 0.2581
Iteration 2884: Benign prob = 0.2763
Iteration 2886: Benign prob = 0.2786
Iteration 2894: Benign prob = 0.2819
Iteration 2938: Benign prob = 0.2861
Iteration 2943: Benign prob = 0.2866
Iteration 2964: Benign prob = 0.2934
Iteration 3063: Benign prob = 0.2945
Iteration 3065: Benign prob = 0.2993
Iteration 3088: Benign prob = 0.3069
Iteration 3142: Benign prob = 0.3070
Iteration 3151: Benign prob = 0.3099
Iteration 3177: Benign prob = 0.3112
Iteration 3185: Benign prob = 0.3141
Iteration 3192: Benign prob = 0.3158
Iteration 3208: Benign prob = 0.3166
Iteration 3220: Benign prob = 0.3252
Iteration 3223: Benign prob = 0.3289
Iteration 3231: Benign prob = 0.3360
Iteration 3240: Benign prob = 0.3360
Iteration 3270: Benign prob = 0.3363
Iteration 3308: Benign prob = 0.3366
Iteration 3327: Benign prob = 0.3449
Iteration 3394: Benign prob = 0.3470
Iteration 3408: Benign prob = 0.3542
Iteration 3474: Benign prob = 0.3624
Iteration 3490: Benign prob = 0.3630
Iteration 3492: Benign prob = 0.3750
Iteration 3504: Benign prob = 0.3807
Iteration 3574: Benign prob = 0.3832
Iteration 3596: Benign prob = 0.3837
Iteration 3634: Benign prob = 0.3933
Iteration 3681: Benign prob = 0.3966
Iteration 3696: Benign prob = 0.3999
Iteration 3702: Benign prob = 0.4056
Iteration 3723: Benign prob = 0.4060
Iteration 3735: Benign prob = 0.4178
Iteration 3803: Benign prob = 0.4185
Iteration 3806: Benign prob = 0.4251
Iteration 3862: Benign prob = 0.4284
Iteration 3865: Benign prob = 0.4377
Iteration 3882: Benign prob = 0.4400
Iteration 3895: Benign prob = 0.4460
Iteration 3911: Benign prob = 0.4549
Iteration 3920: Benign prob = 0.4559
Iteration 3973: Benign prob = 0.4625
Iteration 3999: Benign prob = 0.4663
Iteration 4018: Benign prob = 0.4674
Iteration 4020: Benign prob = 0.4726
Iteration 4064: Benign prob = 0.4760
Iteration 4103: Benign prob = 0.4786
Iteration 4125: Benign prob = 0.4880
Iteration 4146: Benign prob = 0.4888
Iteration 4166: Benign prob = 0.4909
Iteration 4179: Benign prob = 0.4924
Iteration 4220: Benign prob = 0.5039
Iteration 4228: Benign prob = 0.5085
Iteration 4252: Benign prob = 0.5092
Iteration 4258: Benign prob = 0.5105
Iteration 4264: Benign prob = 0.5137
Iteration 4315: Benign prob = 0.5228
Iteration 4340: Benign prob = 0.5280
Iteration 4361: Benign prob = 0.5330
Iteration 4379: Benign prob = 0.5364
Iteration 4384: Benign prob = 0.5378
Iteration 4405: Benign prob = 0.5404
Iteration 4407: Benign prob = 0.5416
Iteration 4458: Benign prob = 0.5431
Iteration 4461: Benign prob = 0.5462
Iteration 4471: Benign prob = 0.5560

 Completed Adversarial Image for image 6 in 7.53 minutes.

--- Adversarial Prediction Results for image 6: (/home/users/atodorova/alisa-thesis/malnet-cnn/test/fakeangry/umeng/9ACEF0CBF24A0B141FAD0A8D045A3FED349143842FD5C78CC7314C886F6E7005.png) ---
Predicted class: 11 (benign)
Confidence     : 0.5560
True class     : 19 (fakeangry)


=== [7/10] Creating EA Adversarial Image for /home/users/atodorova/alisa-thesis/malnet-cnn/test/fakeangry/umeng/126954AEDB74C7F2464FBC10F5D24F29A6427BF64C3327A6A0B4EDD7DF7EFE10.png ===

--- Original Prediction Results ---
Predicted class: 42 (trojan)

Confidence     : 0.4735

True class     : 19 (fakeangry)

Target ('benign') class: 11 (benign)

[INFO] Benign class became best class at iteration 9111 with confidence 0.2764!

Failed to generate adversarial image in 10000 iterations.
Benign first predicted at iteration 9111 with confidence 0.2764.

Benign probability changes (iteration, prob):
Iteration 0: Benign prob = 0.0006
Iteration 2: Benign prob = 0.0007
Iteration 3: Benign prob = 0.0008
Iteration 4: Benign prob = 0.0010
Iteration 5: Benign prob = 0.0015
Iteration 6: Benign prob = 0.0017
Iteration 9: Benign prob = 0.0017
Iteration 10: Benign prob = 0.0018
Iteration 12: Benign prob = 0.0018
Iteration 14: Benign prob = 0.0019
Iteration 16: Benign prob = 0.0020
Iteration 18: Benign prob = 0.0020
Iteration 20: Benign prob = 0.0022
Iteration 28: Benign prob = 0.0025
Iteration 35: Benign prob = 0.0025
Iteration 40: Benign prob = 0.0026
Iteration 42: Benign prob = 0.0026
Iteration 44: Benign prob = 0.0027
Iteration 48: Benign prob = 0.0030
Iteration 53: Benign prob = 0.0030
Iteration 56: Benign prob = 0.0032
Iteration 61: Benign prob = 0.0034
Iteration 69: Benign prob = 0.0034
Iteration 72: Benign prob = 0.0035
Iteration 74: Benign prob = 0.0035
Iteration 77: Benign prob = 0.0035
Iteration 80: Benign prob = 0.0036
Iteration 85: Benign prob = 0.0037
Iteration 94: Benign prob = 0.0039
Iteration 97: Benign prob = 0.0039
Iteration 108: Benign prob = 0.0040
Iteration 129: Benign prob = 0.0041
Iteration 141: Benign prob = 0.0042
Iteration 170: Benign prob = 0.0043
Iteration 174: Benign prob = 0.0044
Iteration 196: Benign prob = 0.0045
Iteration 228: Benign prob = 0.0046
Iteration 230: Benign prob = 0.0047
Iteration 235: Benign prob = 0.0048
Iteration 262: Benign prob = 0.0049
Iteration 264: Benign prob = 0.0049
Iteration 266: Benign prob = 0.0054
Iteration 283: Benign prob = 0.0058
Iteration 290: Benign prob = 0.0060
Iteration 306: Benign prob = 0.0062
Iteration 315: Benign prob = 0.0064
Iteration 326: Benign prob = 0.0068
Iteration 339: Benign prob = 0.0070
Iteration 340: Benign prob = 0.0071
Iteration 341: Benign prob = 0.0072
Iteration 352: Benign prob = 0.0075
Iteration 359: Benign prob = 0.0076
Iteration 364: Benign prob = 0.0076
Iteration 388: Benign prob = 0.0076
Iteration 389: Benign prob = 0.0076
Iteration 391: Benign prob = 0.0077
Iteration 394: Benign prob = 0.0080
Iteration 419: Benign prob = 0.0081
Iteration 423: Benign prob = 0.0082
Iteration 432: Benign prob = 0.0084
Iteration 438: Benign prob = 0.0084
Iteration 442: Benign prob = 0.0088
Iteration 446: Benign prob = 0.0089
Iteration 464: Benign prob = 0.0090
Iteration 503: Benign prob = 0.0092
Iteration 517: Benign prob = 0.0092
Iteration 521: Benign prob = 0.0097
Iteration 523: Benign prob = 0.0098
Iteration 543: Benign prob = 0.0099
Iteration 547: Benign prob = 0.0105
Iteration 567: Benign prob = 0.0107
Iteration 588: Benign prob = 0.0107
Iteration 594: Benign prob = 0.0108
Iteration 595: Benign prob = 0.0116
Iteration 613: Benign prob = 0.0120
Iteration 622: Benign prob = 0.0130
Iteration 661: Benign prob = 0.0136
Iteration 674: Benign prob = 0.0139
Iteration 693: Benign prob = 0.0140
Iteration 706: Benign prob = 0.0141
Iteration 715: Benign prob = 0.0142
Iteration 717: Benign prob = 0.0152
Iteration 720: Benign prob = 0.0162
Iteration 748: Benign prob = 0.0163
Iteration 750: Benign prob = 0.0170
Iteration 758: Benign prob = 0.0172
Iteration 761: Benign prob = 0.0176
Iteration 767: Benign prob = 0.0176
Iteration 775: Benign prob = 0.0186
Iteration 782: Benign prob = 0.0188
Iteration 786: Benign prob = 0.0188
Iteration 800: Benign prob = 0.0198
Iteration 803: Benign prob = 0.0201
Iteration 807: Benign prob = 0.0206
Iteration 819: Benign prob = 0.0208
Iteration 823: Benign prob = 0.0210
Iteration 826: Benign prob = 0.0211
Iteration 827: Benign prob = 0.0219
Iteration 833: Benign prob = 0.0221
Iteration 849: Benign prob = 0.0223
Iteration 854: Benign prob = 0.0234
Iteration 857: Benign prob = 0.0239
Iteration 868: Benign prob = 0.0242
Iteration 883: Benign prob = 0.0246
Iteration 928: Benign prob = 0.0248
Iteration 933: Benign prob = 0.0258
Iteration 938: Benign prob = 0.0260
Iteration 942: Benign prob = 0.0264
Iteration 945: Benign prob = 0.0269
Iteration 997: Benign prob = 0.0278
Iteration 1008: Benign prob = 0.0281
Iteration 1021: Benign prob = 0.0294
Iteration 1063: Benign prob = 0.0294
Iteration 1098: Benign prob = 0.0301
Iteration 1104: Benign prob = 0.0313
Iteration 1117: Benign prob = 0.0323
Iteration 1142: Benign prob = 0.0328
Iteration 1164: Benign prob = 0.0329
Iteration 1171: Benign prob = 0.0351
Iteration 1262: Benign prob = 0.0354
Iteration 1263: Benign prob = 0.0356
Iteration 1266: Benign prob = 0.0358
Iteration 1286: Benign prob = 0.0359
Iteration 1293: Benign prob = 0.0379
Iteration 1301: Benign prob = 0.0393
Iteration 1334: Benign prob = 0.0399
Iteration 1345: Benign prob = 0.0426
Iteration 1357: Benign prob = 0.0429
Iteration 1378: Benign prob = 0.0435
Iteration 1382: Benign prob = 0.0440
Iteration 1400: Benign prob = 0.0443
Iteration 1402: Benign prob = 0.0448
Iteration 1415: Benign prob = 0.0486
Iteration 1432: Benign prob = 0.0491
Iteration 1467: Benign prob = 0.0522
Iteration 1479: Benign prob = 0.0525
Iteration 1501: Benign prob = 0.0541
Iteration 1533: Benign prob = 0.0541
Iteration 1543: Benign prob = 0.0572
Iteration 1550: Benign prob = 0.0575
Iteration 1590: Benign prob = 0.0579
Iteration 1630: Benign prob = 0.0584
Iteration 1722: Benign prob = 0.0596
Iteration 1744: Benign prob = 0.0597
Iteration 1751: Benign prob = 0.0601
Iteration 1770: Benign prob = 0.0607
Iteration 1795: Benign prob = 0.0615
Iteration 1806: Benign prob = 0.0654
Iteration 1834: Benign prob = 0.0672
Iteration 1900: Benign prob = 0.0673
Iteration 1909: Benign prob = 0.0674
Iteration 1918: Benign prob = 0.0679
Iteration 1954: Benign prob = 0.0685
Iteration 1983: Benign prob = 0.0687
Iteration 1987: Benign prob = 0.0689
Iteration 2011: Benign prob = 0.0698
Iteration 2031: Benign prob = 0.0738
Iteration 2043: Benign prob = 0.0746
Iteration 2088: Benign prob = 0.0753
Iteration 2141: Benign prob = 0.0779
Iteration 2167: Benign prob = 0.0788
Iteration 2182: Benign prob = 0.0791
Iteration 2242: Benign prob = 0.0801
Iteration 2246: Benign prob = 0.0802
Iteration 2263: Benign prob = 0.0820
Iteration 2337: Benign prob = 0.0840
Iteration 2362: Benign prob = 0.0861
Iteration 2414: Benign prob = 0.0914
Iteration 2526: Benign prob = 0.0918
Iteration 2582: Benign prob = 0.0949
Iteration 2678: Benign prob = 0.0952
Iteration 2747: Benign prob = 0.0955
Iteration 2753: Benign prob = 0.0970
Iteration 2755: Benign prob = 0.0994
Iteration 2788: Benign prob = 0.1059
Iteration 3099: Benign prob = 0.1072
Iteration 3143: Benign prob = 0.1073
Iteration 3149: Benign prob = 0.1075
Iteration 3173: Benign prob = 0.1088
Iteration 3222: Benign prob = 0.1106
Iteration 3321: Benign prob = 0.1107
Iteration 3403: Benign prob = 0.1114
Iteration 3423: Benign prob = 0.1119
Iteration 3434: Benign prob = 0.1129
Iteration 3454: Benign prob = 0.1133
Iteration 3514: Benign prob = 0.1156
Iteration 3545: Benign prob = 0.1158
Iteration 3549: Benign prob = 0.1193
Iteration 3566: Benign prob = 0.1199
Iteration 3625: Benign prob = 0.1204
Iteration 3655: Benign prob = 0.1211
Iteration 3657: Benign prob = 0.1217
Iteration 3733: Benign prob = 0.1223
Iteration 3747: Benign prob = 0.1242
Iteration 3764: Benign prob = 0.1244
Iteration 3872: Benign prob = 0.1252
Iteration 3891: Benign prob = 0.1255
Iteration 3940: Benign prob = 0.1257
Iteration 3983: Benign prob = 0.1275
Iteration 4047: Benign prob = 0.1283
Iteration 4061: Benign prob = 0.1319
Iteration 4140: Benign prob = 0.1321
Iteration 4154: Benign prob = 0.1396
Iteration 4186: Benign prob = 0.1431
Iteration 4229: Benign prob = 0.1432
Iteration 4240: Benign prob = 0.1440
Iteration 4336: Benign prob = 0.1481
Iteration 4374: Benign prob = 0.1486
Iteration 4398: Benign prob = 0.1488
Iteration 4463: Benign prob = 0.1553
Iteration 4784: Benign prob = 0.1554
Iteration 4789: Benign prob = 0.1580
Iteration 4831: Benign prob = 0.1594
Iteration 4885: Benign prob = 0.1608
Iteration 4929: Benign prob = 0.1622
Iteration 4977: Benign prob = 0.1622
Iteration 4991: Benign prob = 0.1625
Iteration 5022: Benign prob = 0.1631
Iteration 5081: Benign prob = 0.1657
Iteration 5195: Benign prob = 0.1660
Iteration 5271: Benign prob = 0.1699
Iteration 5275: Benign prob = 0.1699
Iteration 5283: Benign prob = 0.1716
Iteration 5310: Benign prob = 0.1751
Iteration 5470: Benign prob = 0.1762
Iteration 5485: Benign prob = 0.1771
Iteration 5493: Benign prob = 0.1774
Iteration 5584: Benign prob = 0.1817
Iteration 5639: Benign prob = 0.1894
Iteration 5640: Benign prob = 0.1908
Iteration 5653: Benign prob = 0.1909
Iteration 5671: Benign prob = 0.1923
Iteration 5696: Benign prob = 0.1928
Iteration 5761: Benign prob = 0.1954
Iteration 5790: Benign prob = 0.1972
Iteration 5827: Benign prob = 0.1982
Iteration 5833: Benign prob = 0.2014
Iteration 5844: Benign prob = 0.2026
Iteration 5894: Benign prob = 0.2041
Iteration 5967: Benign prob = 0.2075
Iteration 6127: Benign prob = 0.2079
Iteration 6149: Benign prob = 0.2087
Iteration 6151: Benign prob = 0.2092
Iteration 6232: Benign prob = 0.2093
Iteration 6304: Benign prob = 0.2112
Iteration 6392: Benign prob = 0.2139
Iteration 6472: Benign prob = 0.2147
Iteration 6493: Benign prob = 0.2173
Iteration 6675: Benign prob = 0.2203
Iteration 7095: Benign prob = 0.2204
Iteration 7115: Benign prob = 0.2239
Iteration 7242: Benign prob = 0.2258
Iteration 7270: Benign prob = 0.2277
Iteration 7386: Benign prob = 0.2296
Iteration 7416: Benign prob = 0.2314
Iteration 7422: Benign prob = 0.2315
Iteration 7528: Benign prob = 0.2331
Iteration 7620: Benign prob = 0.2338
Iteration 7640: Benign prob = 0.2377
Iteration 7643: Benign prob = 0.2381
Iteration 7677: Benign prob = 0.2393
Iteration 7679: Benign prob = 0.2403
Iteration 7714: Benign prob = 0.2409
Iteration 7722: Benign prob = 0.2434
Iteration 7920: Benign prob = 0.2448
Iteration 8029: Benign prob = 0.2473
Iteration 8064: Benign prob = 0.2474
Iteration 8112: Benign prob = 0.2536
Iteration 8458: Benign prob = 0.2554
Iteration 8502: Benign prob = 0.2585
Iteration 8534: Benign prob = 0.2594
Iteration 8694: Benign prob = 0.2621
Iteration 8726: Benign prob = 0.2626
Iteration 8911: Benign prob = 0.2671
Iteration 8912: Benign prob = 0.2697
Iteration 9015: Benign prob = 0.2719
Iteration 9111: Benign prob = 0.2764
Iteration 9237: Benign prob = 0.2769
Iteration 9328: Benign prob = 0.2787
Iteration 9451: Benign prob = 0.2796
Iteration 9581: Benign prob = 0.2800
Iteration 9598: Benign prob = 0.2822
Iteration 9708: Benign prob = 0.2839
Iteration 9797: Benign prob = 0.2872
Iteration 9801: Benign prob = 0.2873
Iteration 9839: Benign prob = 0.2952

 Completed Adversarial Image for image 7 in 17.03 minutes.

--- Adversarial Prediction Results for image 7: (/home/users/atodorova/alisa-thesis/malnet-cnn/test/fakeangry/umeng/126954AEDB74C7F2464FBC10F5D24F29A6427BF64C3327A6A0B4EDD7DF7EFE10.png) ---
Predicted class: 42 (trojan)
Confidence     : 0.4735
True class     : 19 (fakeangry)


=== [8/10] Creating EA Adversarial Image for /home/users/atodorova/alisa-thesis/malnet-cnn/test/fakeangry/umeng/B725E9BB931FAFCDECB6A6FE3144148931C18485F0756CDB3A3CBBBC6B099B81.png ===

--- Original Prediction Results ---
Predicted class: 42 (trojan)

Confidence     : 0.5124

True class     : 19 (fakeangry)

Target ('benign') class: 11 (benign)

[INFO] Benign class became best class at iteration 2580 with confidence 0.2881!

Targeted adversarial image created in 3226 iterations.
Benign first predicted at iteration 2580 with confidence 0.2881.

Benign probability changes (iteration, prob):
Iteration 0: Benign prob = 0.0013
Iteration 9: Benign prob = 0.0014
Iteration 10: Benign prob = 0.0019
Iteration 12: Benign prob = 0.0021
Iteration 13: Benign prob = 0.0021
Iteration 14: Benign prob = 0.0021
Iteration 15: Benign prob = 0.0023
Iteration 16: Benign prob = 0.0024
Iteration 17: Benign prob = 0.0027
Iteration 18: Benign prob = 0.0027
Iteration 19: Benign prob = 0.0028
Iteration 23: Benign prob = 0.0028
Iteration 24: Benign prob = 0.0030
Iteration 26: Benign prob = 0.0030
Iteration 27: Benign prob = 0.0033
Iteration 28: Benign prob = 0.0034
Iteration 30: Benign prob = 0.0035
Iteration 32: Benign prob = 0.0035
Iteration 38: Benign prob = 0.0036
Iteration 39: Benign prob = 0.0038
Iteration 44: Benign prob = 0.0038
Iteration 45: Benign prob = 0.0039
Iteration 46: Benign prob = 0.0040
Iteration 47: Benign prob = 0.0041
Iteration 50: Benign prob = 0.0042
Iteration 51: Benign prob = 0.0042
Iteration 52: Benign prob = 0.0043
Iteration 55: Benign prob = 0.0043
Iteration 57: Benign prob = 0.0043
Iteration 60: Benign prob = 0.0046
Iteration 61: Benign prob = 0.0047
Iteration 63: Benign prob = 0.0048
Iteration 65: Benign prob = 0.0052
Iteration 69: Benign prob = 0.0053
Iteration 71: Benign prob = 0.0055
Iteration 74: Benign prob = 0.0056
Iteration 78: Benign prob = 0.0062
Iteration 84: Benign prob = 0.0063
Iteration 85: Benign prob = 0.0066
Iteration 91: Benign prob = 0.0071
Iteration 95: Benign prob = 0.0074
Iteration 109: Benign prob = 0.0083
Iteration 111: Benign prob = 0.0091
Iteration 113: Benign prob = 0.0091
Iteration 126: Benign prob = 0.0095
Iteration 129: Benign prob = 0.0098
Iteration 134: Benign prob = 0.0100
Iteration 137: Benign prob = 0.0101
Iteration 157: Benign prob = 0.0112
Iteration 159: Benign prob = 0.0117
Iteration 161: Benign prob = 0.0118
Iteration 175: Benign prob = 0.0119
Iteration 177: Benign prob = 0.0121
Iteration 181: Benign prob = 0.0126
Iteration 194: Benign prob = 0.0131
Iteration 195: Benign prob = 0.0138
Iteration 203: Benign prob = 0.0139
Iteration 219: Benign prob = 0.0142
Iteration 221: Benign prob = 0.0144
Iteration 233: Benign prob = 0.0148
Iteration 238: Benign prob = 0.0153
Iteration 247: Benign prob = 0.0158
Iteration 259: Benign prob = 0.0162
Iteration 271: Benign prob = 0.0165
Iteration 280: Benign prob = 0.0168
Iteration 289: Benign prob = 0.0170
Iteration 291: Benign prob = 0.0173
Iteration 294: Benign prob = 0.0176
Iteration 300: Benign prob = 0.0176
Iteration 311: Benign prob = 0.0181
Iteration 325: Benign prob = 0.0184
Iteration 328: Benign prob = 0.0186
Iteration 329: Benign prob = 0.0187
Iteration 377: Benign prob = 0.0193
Iteration 380: Benign prob = 0.0197
Iteration 387: Benign prob = 0.0206
Iteration 395: Benign prob = 0.0217
Iteration 416: Benign prob = 0.0221
Iteration 435: Benign prob = 0.0248
Iteration 506: Benign prob = 0.0255
Iteration 518: Benign prob = 0.0257
Iteration 536: Benign prob = 0.0258
Iteration 538: Benign prob = 0.0260
Iteration 541: Benign prob = 0.0275
Iteration 558: Benign prob = 0.0283
Iteration 561: Benign prob = 0.0291
Iteration 570: Benign prob = 0.0296
Iteration 584: Benign prob = 0.0301
Iteration 586: Benign prob = 0.0316
Iteration 608: Benign prob = 0.0326
Iteration 640: Benign prob = 0.0332
Iteration 643: Benign prob = 0.0338
Iteration 668: Benign prob = 0.0348
Iteration 675: Benign prob = 0.0355
Iteration 677: Benign prob = 0.0360
Iteration 716: Benign prob = 0.0364
Iteration 790: Benign prob = 0.0370
Iteration 819: Benign prob = 0.0376
Iteration 821: Benign prob = 0.0390
Iteration 830: Benign prob = 0.0390
Iteration 855: Benign prob = 0.0412
Iteration 914: Benign prob = 0.0421
Iteration 970: Benign prob = 0.0435
Iteration 1008: Benign prob = 0.0438
Iteration 1020: Benign prob = 0.0439
Iteration 1021: Benign prob = 0.0468
Iteration 1024: Benign prob = 0.0469
Iteration 1026: Benign prob = 0.0478
Iteration 1043: Benign prob = 0.0486
Iteration 1053: Benign prob = 0.0497
Iteration 1097: Benign prob = 0.0536
Iteration 1158: Benign prob = 0.0544
Iteration 1187: Benign prob = 0.0552
Iteration 1203: Benign prob = 0.0554
Iteration 1206: Benign prob = 0.0560
Iteration 1223: Benign prob = 0.0570
Iteration 1241: Benign prob = 0.0571
Iteration 1250: Benign prob = 0.0595
Iteration 1297: Benign prob = 0.0599
Iteration 1299: Benign prob = 0.0601
Iteration 1308: Benign prob = 0.0603
Iteration 1311: Benign prob = 0.0643
Iteration 1330: Benign prob = 0.0652
Iteration 1338: Benign prob = 0.0655
Iteration 1358: Benign prob = 0.0662
Iteration 1371: Benign prob = 0.0665
Iteration 1380: Benign prob = 0.0727
Iteration 1432: Benign prob = 0.0735
Iteration 1476: Benign prob = 0.0747
Iteration 1543: Benign prob = 0.0768
Iteration 1577: Benign prob = 0.0807
Iteration 1578: Benign prob = 0.0816
Iteration 1604: Benign prob = 0.0842
Iteration 1609: Benign prob = 0.0870
Iteration 1624: Benign prob = 0.0872
Iteration 1628: Benign prob = 0.0882
Iteration 1635: Benign prob = 0.0888
Iteration 1649: Benign prob = 0.0895
Iteration 1653: Benign prob = 0.0905
Iteration 1663: Benign prob = 0.0913
Iteration 1668: Benign prob = 0.0979
Iteration 1669: Benign prob = 0.0983
Iteration 1712: Benign prob = 0.0990
Iteration 1735: Benign prob = 0.1008
Iteration 1736: Benign prob = 0.1012
Iteration 1739: Benign prob = 0.1035
Iteration 1744: Benign prob = 0.1050
Iteration 1760: Benign prob = 0.1062
Iteration 1767: Benign prob = 0.1066
Iteration 1797: Benign prob = 0.1082
Iteration 1817: Benign prob = 0.1084
Iteration 1821: Benign prob = 0.1138
Iteration 1834: Benign prob = 0.1145
Iteration 1842: Benign prob = 0.1160
Iteration 1851: Benign prob = 0.1179
Iteration 1852: Benign prob = 0.1224
Iteration 1859: Benign prob = 0.1263
Iteration 1862: Benign prob = 0.1266
Iteration 1885: Benign prob = 0.1308
Iteration 1909: Benign prob = 0.1394
Iteration 1951: Benign prob = 0.1406
Iteration 1952: Benign prob = 0.1492
Iteration 1980: Benign prob = 0.1510
Iteration 2006: Benign prob = 0.1528
Iteration 2055: Benign prob = 0.1561
Iteration 2058: Benign prob = 0.1561
Iteration 2062: Benign prob = 0.1587
Iteration 2065: Benign prob = 0.1605
Iteration 2086: Benign prob = 0.1613
Iteration 2091: Benign prob = 0.1613
Iteration 2125: Benign prob = 0.1686
Iteration 2130: Benign prob = 0.1723
Iteration 2154: Benign prob = 0.1740
Iteration 2159: Benign prob = 0.1801
Iteration 2164: Benign prob = 0.1830
Iteration 2193: Benign prob = 0.1901
Iteration 2199: Benign prob = 0.1943
Iteration 2236: Benign prob = 0.1994
Iteration 2242: Benign prob = 0.2095
Iteration 2252: Benign prob = 0.2134
Iteration 2272: Benign prob = 0.2167
Iteration 2283: Benign prob = 0.2178
Iteration 2305: Benign prob = 0.2185
Iteration 2308: Benign prob = 0.2396
Iteration 2340: Benign prob = 0.2425
Iteration 2341: Benign prob = 0.2439
Iteration 2361: Benign prob = 0.2495
Iteration 2374: Benign prob = 0.2611
Iteration 2402: Benign prob = 0.2625
Iteration 2436: Benign prob = 0.2645
Iteration 2456: Benign prob = 0.2658
Iteration 2469: Benign prob = 0.2680
Iteration 2514: Benign prob = 0.2682
Iteration 2517: Benign prob = 0.2690
Iteration 2519: Benign prob = 0.2711
Iteration 2533: Benign prob = 0.2732
Iteration 2543: Benign prob = 0.2770
Iteration 2548: Benign prob = 0.2799
Iteration 2561: Benign prob = 0.2837
Iteration 2571: Benign prob = 0.2865
Iteration 2580: Benign prob = 0.2881
Iteration 2622: Benign prob = 0.2909
Iteration 2630: Benign prob = 0.2914
Iteration 2640: Benign prob = 0.2930
Iteration 2641: Benign prob = 0.3002
Iteration 2647: Benign prob = 0.3070
Iteration 2667: Benign prob = 0.3071
Iteration 2677: Benign prob = 0.3192
Iteration 2691: Benign prob = 0.3287
Iteration 2699: Benign prob = 0.3355
Iteration 2715: Benign prob = 0.3398
Iteration 2729: Benign prob = 0.3425
Iteration 2735: Benign prob = 0.3548
Iteration 2740: Benign prob = 0.3563
Iteration 2741: Benign prob = 0.3564
Iteration 2764: Benign prob = 0.3605
Iteration 2768: Benign prob = 0.3610
Iteration 2789: Benign prob = 0.3620
Iteration 2825: Benign prob = 0.3656
Iteration 2827: Benign prob = 0.3663
Iteration 2859: Benign prob = 0.3750
Iteration 2860: Benign prob = 0.3783
Iteration 2866: Benign prob = 0.3894
Iteration 2891: Benign prob = 0.3920
Iteration 2904: Benign prob = 0.4074
Iteration 2921: Benign prob = 0.4106
Iteration 2924: Benign prob = 0.4331
Iteration 2927: Benign prob = 0.4597
Iteration 2931: Benign prob = 0.4600
Iteration 2936: Benign prob = 0.4632
Iteration 2946: Benign prob = 0.4657
Iteration 2948: Benign prob = 0.4661
Iteration 2951: Benign prob = 0.4676
Iteration 2953: Benign prob = 0.4678
Iteration 2957: Benign prob = 0.4680
Iteration 2959: Benign prob = 0.4752
Iteration 2967: Benign prob = 0.4791
Iteration 2973: Benign prob = 0.4798
Iteration 2978: Benign prob = 0.4880
Iteration 2999: Benign prob = 0.4925
Iteration 3009: Benign prob = 0.4961
Iteration 3034: Benign prob = 0.5024
Iteration 3048: Benign prob = 0.5085
Iteration 3055: Benign prob = 0.5091
Iteration 3058: Benign prob = 0.5146
Iteration 3066: Benign prob = 0.5204
Iteration 3073: Benign prob = 0.5281
Iteration 3095: Benign prob = 0.5283
Iteration 3125: Benign prob = 0.5367
Iteration 3199: Benign prob = 0.5477
Iteration 3226: Benign prob = 0.5574

 Completed Adversarial Image for image 8 in 5.46 minutes.

--- Adversarial Prediction Results for image 8: (/home/users/atodorova/alisa-thesis/malnet-cnn/test/fakeangry/umeng/B725E9BB931FAFCDECB6A6FE3144148931C18485F0756CDB3A3CBBBC6B099B81.png) ---
Predicted class: 11 (benign)
Confidence     : 0.5575
True class     : 19 (fakeangry)


=== [9/10] Creating EA Adversarial Image for /home/users/atodorova/alisa-thesis/malnet-cnn/test/fakeangry/umeng/F023C8A3D5A71822D5AB72BBB6CB95D0B78C41AB2B88E2955240CBFECD346142.png ===

--- Original Prediction Results ---
Predicted class: 42 (trojan)

Confidence     : 0.3493

True class     : 19 (fakeangry)

Target ('benign') class: 11 (benign)

[INFO] Benign class became best class at iteration 1899 with confidence 0.2862!

Targeted adversarial image created in 3279 iterations.
Benign first predicted at iteration 1899 with confidence 0.2862.

Benign probability changes (iteration, prob):
Iteration 0: Benign prob = 0.0006
Iteration 4: Benign prob = 0.0006
Iteration 5: Benign prob = 0.0007
Iteration 6: Benign prob = 0.0010
Iteration 7: Benign prob = 0.0010
Iteration 8: Benign prob = 0.0013
Iteration 9: Benign prob = 0.0016
Iteration 10: Benign prob = 0.0018
Iteration 13: Benign prob = 0.0018
Iteration 14: Benign prob = 0.0019
Iteration 15: Benign prob = 0.0020
Iteration 16: Benign prob = 0.0020
Iteration 17: Benign prob = 0.0021
Iteration 18: Benign prob = 0.0024
Iteration 20: Benign prob = 0.0027
Iteration 25: Benign prob = 0.0027
Iteration 28: Benign prob = 0.0028
Iteration 30: Benign prob = 0.0028
Iteration 32: Benign prob = 0.0029
Iteration 33: Benign prob = 0.0030
Iteration 34: Benign prob = 0.0031
Iteration 35: Benign prob = 0.0031
Iteration 36: Benign prob = 0.0038
Iteration 38: Benign prob = 0.0039
Iteration 40: Benign prob = 0.0042
Iteration 41: Benign prob = 0.0047
Iteration 48: Benign prob = 0.0050
Iteration 53: Benign prob = 0.0050
Iteration 57: Benign prob = 0.0052
Iteration 62: Benign prob = 0.0054
Iteration 64: Benign prob = 0.0055
Iteration 67: Benign prob = 0.0056
Iteration 77: Benign prob = 0.0057
Iteration 78: Benign prob = 0.0059
Iteration 80: Benign prob = 0.0061
Iteration 84: Benign prob = 0.0061
Iteration 90: Benign prob = 0.0072
Iteration 91: Benign prob = 0.0072
Iteration 97: Benign prob = 0.0073
Iteration 99: Benign prob = 0.0074
Iteration 101: Benign prob = 0.0074
Iteration 105: Benign prob = 0.0081
Iteration 113: Benign prob = 0.0082
Iteration 118: Benign prob = 0.0083
Iteration 123: Benign prob = 0.0086
Iteration 128: Benign prob = 0.0092
Iteration 131: Benign prob = 0.0095
Iteration 135: Benign prob = 0.0097
Iteration 136: Benign prob = 0.0102
Iteration 155: Benign prob = 0.0112
Iteration 169: Benign prob = 0.0115
Iteration 175: Benign prob = 0.0121
Iteration 186: Benign prob = 0.0123
Iteration 195: Benign prob = 0.0124
Iteration 198: Benign prob = 0.0129
Iteration 202: Benign prob = 0.0135
Iteration 217: Benign prob = 0.0150
Iteration 232: Benign prob = 0.0152
Iteration 240: Benign prob = 0.0153
Iteration 241: Benign prob = 0.0163
Iteration 259: Benign prob = 0.0165
Iteration 267: Benign prob = 0.0166
Iteration 270: Benign prob = 0.0186
Iteration 273: Benign prob = 0.0187
Iteration 275: Benign prob = 0.0206
Iteration 285: Benign prob = 0.0207
Iteration 288: Benign prob = 0.0211
Iteration 294: Benign prob = 0.0215
Iteration 306: Benign prob = 0.0226
Iteration 310: Benign prob = 0.0233
Iteration 335: Benign prob = 0.0234
Iteration 343: Benign prob = 0.0245
Iteration 373: Benign prob = 0.0255
Iteration 394: Benign prob = 0.0259
Iteration 400: Benign prob = 0.0280
Iteration 421: Benign prob = 0.0291
Iteration 422: Benign prob = 0.0311
Iteration 427: Benign prob = 0.0330
Iteration 456: Benign prob = 0.0336
Iteration 463: Benign prob = 0.0344
Iteration 474: Benign prob = 0.0358
Iteration 482: Benign prob = 0.0360
Iteration 504: Benign prob = 0.0388
Iteration 525: Benign prob = 0.0390
Iteration 565: Benign prob = 0.0402
Iteration 596: Benign prob = 0.0410
Iteration 597: Benign prob = 0.0421
Iteration 613: Benign prob = 0.0423
Iteration 615: Benign prob = 0.0425
Iteration 629: Benign prob = 0.0429
Iteration 646: Benign prob = 0.0436
Iteration 655: Benign prob = 0.0438
Iteration 663: Benign prob = 0.0462
Iteration 674: Benign prob = 0.0462
Iteration 675: Benign prob = 0.0472
Iteration 676: Benign prob = 0.0481
Iteration 694: Benign prob = 0.0489
Iteration 699: Benign prob = 0.0493
Iteration 715: Benign prob = 0.0498
Iteration 720: Benign prob = 0.0510
Iteration 732: Benign prob = 0.0516
Iteration 765: Benign prob = 0.0530
Iteration 772: Benign prob = 0.0552
Iteration 777: Benign prob = 0.0586
Iteration 780: Benign prob = 0.0602
Iteration 801: Benign prob = 0.0625
Iteration 803: Benign prob = 0.0655
Iteration 808: Benign prob = 0.0690
Iteration 814: Benign prob = 0.0705
Iteration 815: Benign prob = 0.0705
Iteration 821: Benign prob = 0.0706
Iteration 822: Benign prob = 0.0728
Iteration 844: Benign prob = 0.0782
Iteration 859: Benign prob = 0.0800
Iteration 879: Benign prob = 0.0820
Iteration 927: Benign prob = 0.0826
Iteration 934: Benign prob = 0.0848
Iteration 952: Benign prob = 0.0858
Iteration 956: Benign prob = 0.0878
Iteration 986: Benign prob = 0.0881
Iteration 997: Benign prob = 0.0928
Iteration 999: Benign prob = 0.0929
Iteration 1021: Benign prob = 0.0941
Iteration 1031: Benign prob = 0.0943
Iteration 1034: Benign prob = 0.0956
Iteration 1036: Benign prob = 0.0981
Iteration 1037: Benign prob = 0.0983
Iteration 1050: Benign prob = 0.1000
Iteration 1073: Benign prob = 0.1006
Iteration 1088: Benign prob = 0.1015
Iteration 1115: Benign prob = 0.1021
Iteration 1119: Benign prob = 0.1025
Iteration 1123: Benign prob = 0.1078
Iteration 1192: Benign prob = 0.1080
Iteration 1210: Benign prob = 0.1099
Iteration 1238: Benign prob = 0.1151
Iteration 1248: Benign prob = 0.1160
Iteration 1278: Benign prob = 0.1166
Iteration 1328: Benign prob = 0.1169
Iteration 1340: Benign prob = 0.1204
Iteration 1364: Benign prob = 0.1233
Iteration 1386: Benign prob = 0.1246
Iteration 1395: Benign prob = 0.1335
Iteration 1431: Benign prob = 0.1369
Iteration 1435: Benign prob = 0.1375
Iteration 1461: Benign prob = 0.1403
Iteration 1468: Benign prob = 0.1424
Iteration 1484: Benign prob = 0.1445
Iteration 1487: Benign prob = 0.1484
Iteration 1498: Benign prob = 0.1595
Iteration 1515: Benign prob = 0.1648
Iteration 1527: Benign prob = 0.1678
Iteration 1545: Benign prob = 0.1711
Iteration 1586: Benign prob = 0.1758
Iteration 1631: Benign prob = 0.1806
Iteration 1643: Benign prob = 0.1925
Iteration 1656: Benign prob = 0.1938
Iteration 1657: Benign prob = 0.1961
Iteration 1659: Benign prob = 0.1962
Iteration 1661: Benign prob = 0.1973
Iteration 1662: Benign prob = 0.2045
Iteration 1666: Benign prob = 0.2048
Iteration 1670: Benign prob = 0.2061
Iteration 1676: Benign prob = 0.2065
Iteration 1695: Benign prob = 0.2075
Iteration 1697: Benign prob = 0.2244
Iteration 1703: Benign prob = 0.2249
Iteration 1715: Benign prob = 0.2302
Iteration 1766: Benign prob = 0.2327
Iteration 1780: Benign prob = 0.2355
Iteration 1791: Benign prob = 0.2518
Iteration 1818: Benign prob = 0.2555
Iteration 1821: Benign prob = 0.2605
Iteration 1862: Benign prob = 0.2777
Iteration 1873: Benign prob = 0.2808
Iteration 1899: Benign prob = 0.2862
Iteration 1906: Benign prob = 0.2929
Iteration 1919: Benign prob = 0.2999
Iteration 1925: Benign prob = 0.3040
Iteration 1935: Benign prob = 0.3075
Iteration 1965: Benign prob = 0.3105
Iteration 1981: Benign prob = 0.3139
Iteration 1986: Benign prob = 0.3214
Iteration 1998: Benign prob = 0.3286
Iteration 2000: Benign prob = 0.3291
Iteration 2009: Benign prob = 0.3367
Iteration 2011: Benign prob = 0.3381
Iteration 2013: Benign prob = 0.3395
Iteration 2028: Benign prob = 0.3471
Iteration 2044: Benign prob = 0.3498
Iteration 2074: Benign prob = 0.3521
Iteration 2121: Benign prob = 0.3605
Iteration 2209: Benign prob = 0.3614
Iteration 2244: Benign prob = 0.3641
Iteration 2262: Benign prob = 0.3672
Iteration 2309: Benign prob = 0.3728
Iteration 2321: Benign prob = 0.3771
Iteration 2363: Benign prob = 0.3889
Iteration 2391: Benign prob = 0.3890
Iteration 2420: Benign prob = 0.3906
Iteration 2421: Benign prob = 0.3924
Iteration 2446: Benign prob = 0.4011
Iteration 2459: Benign prob = 0.4045
Iteration 2480: Benign prob = 0.4143
Iteration 2536: Benign prob = 0.4151
Iteration 2538: Benign prob = 0.4155
Iteration 2544: Benign prob = 0.4199
Iteration 2581: Benign prob = 0.4249
Iteration 2583: Benign prob = 0.4255
Iteration 2592: Benign prob = 0.4319
Iteration 2667: Benign prob = 0.4473
Iteration 2734: Benign prob = 0.4490
Iteration 2735: Benign prob = 0.4532
Iteration 2746: Benign prob = 0.4609
Iteration 2770: Benign prob = 0.4685
Iteration 2775: Benign prob = 0.4712
Iteration 2785: Benign prob = 0.4719
Iteration 2789: Benign prob = 0.4751
Iteration 2791: Benign prob = 0.4790
Iteration 2808: Benign prob = 0.4897
Iteration 2829: Benign prob = 0.4921
Iteration 2847: Benign prob = 0.4934
Iteration 2852: Benign prob = 0.4989
Iteration 2867: Benign prob = 0.5005
Iteration 2883: Benign prob = 0.5041
Iteration 2903: Benign prob = 0.5076
Iteration 2922: Benign prob = 0.5122
Iteration 2982: Benign prob = 0.5171
Iteration 3005: Benign prob = 0.5224
Iteration 3022: Benign prob = 0.5233
Iteration 3034: Benign prob = 0.5261
Iteration 3048: Benign prob = 0.5278
Iteration 3076: Benign prob = 0.5373
Iteration 3130: Benign prob = 0.5418
Iteration 3160: Benign prob = 0.5486
Iteration 3279: Benign prob = 0.5526

 Completed Adversarial Image for image 9 in 5.50 minutes.

--- Adversarial Prediction Results for image 9: (/home/users/atodorova/alisa-thesis/malnet-cnn/test/fakeangry/umeng/F023C8A3D5A71822D5AB72BBB6CB95D0B78C41AB2B88E2955240CBFECD346142.png) ---
Predicted class: 11 (benign)
Confidence     : 0.5526
True class     : 19 (fakeangry)


=== [10/10] Creating EA Adversarial Image for /home/users/atodorova/alisa-thesis/malnet-cnn/test/fakeangry/umeng/F75C6A76343C522F18524E75103C8E2CC3F91683D7B1B1BB416A14E63492D83E.png ===

--- Original Prediction Results ---
Predicted class: 42 (trojan)

Confidence     : 0.4564

True class     : 19 (fakeangry)

Target ('benign') class: 11 (benign)

[INFO] Benign class became best class at iteration 1320 with confidence 0.3155!

Targeted adversarial image created in 2943 iterations.
Benign first predicted at iteration 1320 with confidence 0.3155.

Benign probability changes (iteration, prob):
Iteration 0: Benign prob = 0.0005
Iteration 1: Benign prob = 0.0008
Iteration 6: Benign prob = 0.0015
Iteration 7: Benign prob = 0.0015
Iteration 8: Benign prob = 0.0016
Iteration 11: Benign prob = 0.0020
Iteration 13: Benign prob = 0.0020
Iteration 14: Benign prob = 0.0021
Iteration 15: Benign prob = 0.0021
Iteration 16: Benign prob = 0.0021
Iteration 17: Benign prob = 0.0022
Iteration 20: Benign prob = 0.0023
Iteration 21: Benign prob = 0.0024
Iteration 23: Benign prob = 0.0024
Iteration 24: Benign prob = 0.0025
Iteration 28: Benign prob = 0.0025
Iteration 31: Benign prob = 0.0028
Iteration 33: Benign prob = 0.0029
Iteration 38: Benign prob = 0.0030
Iteration 40: Benign prob = 0.0030
Iteration 51: Benign prob = 0.0032
Iteration 52: Benign prob = 0.0034
Iteration 55: Benign prob = 0.0037
Iteration 63: Benign prob = 0.0039
Iteration 71: Benign prob = 0.0040
Iteration 80: Benign prob = 0.0040
Iteration 87: Benign prob = 0.0042
Iteration 93: Benign prob = 0.0042
Iteration 94: Benign prob = 0.0043
Iteration 95: Benign prob = 0.0044
Iteration 98: Benign prob = 0.0045
Iteration 99: Benign prob = 0.0046
Iteration 101: Benign prob = 0.0047
Iteration 103: Benign prob = 0.0047
Iteration 112: Benign prob = 0.0053
Iteration 129: Benign prob = 0.0054
Iteration 136: Benign prob = 0.0058
Iteration 140: Benign prob = 0.0059
Iteration 144: Benign prob = 0.0061
Iteration 149: Benign prob = 0.0062
Iteration 159: Benign prob = 0.0064
Iteration 184: Benign prob = 0.0066
Iteration 190: Benign prob = 0.0069
Iteration 205: Benign prob = 0.0072
Iteration 211: Benign prob = 0.0075
Iteration 214: Benign prob = 0.0078
Iteration 216: Benign prob = 0.0079
Iteration 217: Benign prob = 0.0087
Iteration 220: Benign prob = 0.0090
Iteration 243: Benign prob = 0.0091
Iteration 247: Benign prob = 0.0092
Iteration 253: Benign prob = 0.0097
Iteration 255: Benign prob = 0.0100
Iteration 262: Benign prob = 0.0101
Iteration 265: Benign prob = 0.0107
Iteration 273: Benign prob = 0.0113
Iteration 286: Benign prob = 0.0114
Iteration 287: Benign prob = 0.0116
Iteration 297: Benign prob = 0.0117
Iteration 304: Benign prob = 0.0118
Iteration 307: Benign prob = 0.0125
Iteration 314: Benign prob = 0.0127
Iteration 315: Benign prob = 0.0130
Iteration 319: Benign prob = 0.0131
Iteration 330: Benign prob = 0.0132
Iteration 348: Benign prob = 0.0133
Iteration 350: Benign prob = 0.0140
Iteration 359: Benign prob = 0.0140
Iteration 361: Benign prob = 0.0141
Iteration 369: Benign prob = 0.0143
Iteration 370: Benign prob = 0.0144
Iteration 398: Benign prob = 0.0147
Iteration 399: Benign prob = 0.0149
Iteration 404: Benign prob = 0.0149
Iteration 416: Benign prob = 0.0152
Iteration 430: Benign prob = 0.0154
Iteration 453: Benign prob = 0.0155
Iteration 473: Benign prob = 0.0167
Iteration 488: Benign prob = 0.0175
Iteration 520: Benign prob = 0.0185
Iteration 523: Benign prob = 0.0186
Iteration 525: Benign prob = 0.0187
Iteration 550: Benign prob = 0.0190
Iteration 560: Benign prob = 0.0203
Iteration 580: Benign prob = 0.0204
Iteration 581: Benign prob = 0.0205
Iteration 588: Benign prob = 0.0210
Iteration 597: Benign prob = 0.0213
Iteration 604: Benign prob = 0.0221
Iteration 611: Benign prob = 0.0226
Iteration 618: Benign prob = 0.0242
Iteration 625: Benign prob = 0.0255
Iteration 630: Benign prob = 0.0256
Iteration 631: Benign prob = 0.0259
Iteration 636: Benign prob = 0.0271
Iteration 642: Benign prob = 0.0283
Iteration 647: Benign prob = 0.0292
Iteration 652: Benign prob = 0.0295
Iteration 674: Benign prob = 0.0299
Iteration 690: Benign prob = 0.0312
Iteration 707: Benign prob = 0.0333
Iteration 716: Benign prob = 0.0354
Iteration 718: Benign prob = 0.0366
Iteration 724: Benign prob = 0.0382
Iteration 725: Benign prob = 0.0409
Iteration 728: Benign prob = 0.0425
Iteration 729: Benign prob = 0.0426
Iteration 735: Benign prob = 0.0428
Iteration 741: Benign prob = 0.0473
Iteration 742: Benign prob = 0.0476
Iteration 743: Benign prob = 0.0483
Iteration 746: Benign prob = 0.0487
Iteration 747: Benign prob = 0.0488
Iteration 748: Benign prob = 0.0521
Iteration 759: Benign prob = 0.0604
Iteration 764: Benign prob = 0.0648
Iteration 768: Benign prob = 0.0664
Iteration 778: Benign prob = 0.0697
Iteration 786: Benign prob = 0.0703
Iteration 799: Benign prob = 0.0721
Iteration 801: Benign prob = 0.0725
Iteration 802: Benign prob = 0.0755
Iteration 803: Benign prob = 0.0778
Iteration 808: Benign prob = 0.0802
Iteration 810: Benign prob = 0.0805
Iteration 811: Benign prob = 0.0817
Iteration 814: Benign prob = 0.0833
Iteration 818: Benign prob = 0.0871
Iteration 819: Benign prob = 0.0886
Iteration 825: Benign prob = 0.0899
Iteration 826: Benign prob = 0.0926
Iteration 832: Benign prob = 0.0980
Iteration 833: Benign prob = 0.1105
Iteration 835: Benign prob = 0.1149
Iteration 839: Benign prob = 0.1253
Iteration 851: Benign prob = 0.1336
Iteration 866: Benign prob = 0.1358
Iteration 889: Benign prob = 0.1374
Iteration 890: Benign prob = 0.1424
Iteration 893: Benign prob = 0.1424
Iteration 901: Benign prob = 0.1481
Iteration 923: Benign prob = 0.1529
Iteration 925: Benign prob = 0.1575
Iteration 926: Benign prob = 0.1608
Iteration 947: Benign prob = 0.1617
Iteration 957: Benign prob = 0.1667
Iteration 970: Benign prob = 0.1675
Iteration 973: Benign prob = 0.1706
Iteration 978: Benign prob = 0.1742
Iteration 980: Benign prob = 0.1769
Iteration 986: Benign prob = 0.1891
Iteration 990: Benign prob = 0.1906
Iteration 997: Benign prob = 0.1912
Iteration 1007: Benign prob = 0.2031
Iteration 1008: Benign prob = 0.2154
Iteration 1034: Benign prob = 0.2166
Iteration 1085: Benign prob = 0.2200
Iteration 1091: Benign prob = 0.2223
Iteration 1094: Benign prob = 0.2284
Iteration 1107: Benign prob = 0.2301
Iteration 1119: Benign prob = 0.2308
Iteration 1124: Benign prob = 0.2366
Iteration 1149: Benign prob = 0.2603
Iteration 1179: Benign prob = 0.2724
Iteration 1199: Benign prob = 0.2762
Iteration 1202: Benign prob = 0.2772
Iteration 1222: Benign prob = 0.2871
Iteration 1281: Benign prob = 0.2884
Iteration 1319: Benign prob = 0.2959
Iteration 1320: Benign prob = 0.3155
Iteration 1399: Benign prob = 0.3189
Iteration 1406: Benign prob = 0.3254
Iteration 1459: Benign prob = 0.3256
Iteration 1475: Benign prob = 0.3263
Iteration 1499: Benign prob = 0.3409
Iteration 1502: Benign prob = 0.3510
Iteration 1526: Benign prob = 0.3571
Iteration 1544: Benign prob = 0.3647
Iteration 1561: Benign prob = 0.3694
Iteration 1576: Benign prob = 0.3818
Iteration 1607: Benign prob = 0.3866
Iteration 1612: Benign prob = 0.3889
Iteration 1672: Benign prob = 0.3890
Iteration 1682: Benign prob = 0.3995
Iteration 1698: Benign prob = 0.4032
Iteration 1721: Benign prob = 0.4048
Iteration 1785: Benign prob = 0.4056
Iteration 1806: Benign prob = 0.4065
Iteration 1827: Benign prob = 0.4146
Iteration 1840: Benign prob = 0.4150
Iteration 1858: Benign prob = 0.4188
Iteration 1859: Benign prob = 0.4205
Iteration 1871: Benign prob = 0.4217
Iteration 1995: Benign prob = 0.4220
Iteration 2015: Benign prob = 0.4246
Iteration 2016: Benign prob = 0.4380
Iteration 2038: Benign prob = 0.4393
Iteration 2040: Benign prob = 0.4431
Iteration 2082: Benign prob = 0.4502
Iteration 2121: Benign prob = 0.4505
Iteration 2134: Benign prob = 0.4538
Iteration 2155: Benign prob = 0.4543
Iteration 2167: Benign prob = 0.4666
Iteration 2206: Benign prob = 0.4682
Iteration 2211: Benign prob = 0.4720
Iteration 2282: Benign prob = 0.4728
Iteration 2357: Benign prob = 0.4755
Iteration 2358: Benign prob = 0.4813
Iteration 2374: Benign prob = 0.4866
Iteration 2476: Benign prob = 0.4931
Iteration 2560: Benign prob = 0.4951
Iteration 2602: Benign prob = 0.4996
Iteration 2604: Benign prob = 0.4997
Iteration 2618: Benign prob = 0.5052
Iteration 2663: Benign prob = 0.5073
Iteration 2682: Benign prob = 0.5103
Iteration 2688: Benign prob = 0.5127
Iteration 2690: Benign prob = 0.5132
Iteration 2693: Benign prob = 0.5272
Iteration 2713: Benign prob = 0.5311
Iteration 2776: Benign prob = 0.5351
Iteration 2781: Benign prob = 0.5407
Iteration 2790: Benign prob = 0.5436
Iteration 2888: Benign prob = 0.5471
Iteration 2925: Benign prob = 0.5486
Iteration 2926: Benign prob = 0.5487
Iteration 2943: Benign prob = 0.5509

 Completed Adversarial Image for image 10 in 4.91 minutes.

--- Adversarial Prediction Results for image 10: (/home/users/atodorova/alisa-thesis/malnet-cnn/test/fakeangry/umeng/F75C6A76343C522F18524E75103C8E2CC3F91683D7B1B1BB416A14E63492D83E.png) ---
Predicted class: 11 (benign)
Confidence     : 0.5509
True class     : 19 (fakeangry)
