Requirement already satisfied: torchvision in ./y/envs/thesis_env_310/lib/python3.10/site-packages (0.20.1+cu121)
Requirement already satisfied: tqdm in ./y/envs/thesis_env_310/lib/python3.10/site-packages (4.67.1)
Requirement already satisfied: numpy in ./y/envs/thesis_env_310/lib/python3.10/site-packages (from torchvision) (2.1.2)
Requirement already satisfied: torch==2.5.1 in ./y/envs/thesis_env_310/lib/python3.10/site-packages (from torchvision) (2.5.1+cu121)
Requirement already satisfied: pillow!=8.3.*,>=5.3.0 in ./y/envs/thesis_env_310/lib/python3.10/site-packages (from torchvision) (11.0.0)
Requirement already satisfied: filelock in ./y/envs/thesis_env_310/lib/python3.10/site-packages (from torch==2.5.1->torchvision) (3.13.1)
Requirement already satisfied: typing-extensions>=4.8.0 in ./y/envs/thesis_env_310/lib/python3.10/site-packages (from torch==2.5.1->torchvision) (4.12.2)
Requirement already satisfied: networkx in ./y/envs/thesis_env_310/lib/python3.10/site-packages (from torch==2.5.1->torchvision) (3.3)
Requirement already satisfied: jinja2 in ./y/envs/thesis_env_310/lib/python3.10/site-packages (from torch==2.5.1->torchvision) (3.1.4)
Requirement already satisfied: fsspec in ./y/envs/thesis_env_310/lib/python3.10/site-packages (from torch==2.5.1->torchvision) (2024.6.1)
Requirement already satisfied: nvidia-cuda-nvrtc-cu12==12.1.105 in ./y/envs/thesis_env_310/lib/python3.10/site-packages (from torch==2.5.1->torchvision) (12.1.105)
Requirement already satisfied: nvidia-cuda-runtime-cu12==12.1.105 in ./y/envs/thesis_env_310/lib/python3.10/site-packages (from torch==2.5.1->torchvision) (12.1.105)
Requirement already satisfied: nvidia-cuda-cupti-cu12==12.1.105 in ./y/envs/thesis_env_310/lib/python3.10/site-packages (from torch==2.5.1->torchvision) (12.1.105)
Requirement already satisfied: nvidia-cudnn-cu12==9.1.0.70 in ./y/envs/thesis_env_310/lib/python3.10/site-packages (from torch==2.5.1->torchvision) (9.1.0.70)
Requirement already satisfied: nvidia-cublas-cu12==12.1.3.1 in ./y/envs/thesis_env_310/lib/python3.10/site-packages (from torch==2.5.1->torchvision) (12.1.3.1)
Requirement already satisfied: nvidia-cufft-cu12==11.0.2.54 in ./y/envs/thesis_env_310/lib/python3.10/site-packages (from torch==2.5.1->torchvision) (11.0.2.54)
Requirement already satisfied: nvidia-curand-cu12==10.3.2.106 in ./y/envs/thesis_env_310/lib/python3.10/site-packages (from torch==2.5.1->torchvision) (10.3.2.106)
Requirement already satisfied: nvidia-cusolver-cu12==11.4.5.107 in ./y/envs/thesis_env_310/lib/python3.10/site-packages (from torch==2.5.1->torchvision) (11.4.5.107)
Requirement already satisfied: nvidia-cusparse-cu12==12.1.0.106 in ./y/envs/thesis_env_310/lib/python3.10/site-packages (from torch==2.5.1->torchvision) (12.1.0.106)
Requirement already satisfied: nvidia-nccl-cu12==2.21.5 in ./y/envs/thesis_env_310/lib/python3.10/site-packages (from torch==2.5.1->torchvision) (2.21.5)
Requirement already satisfied: nvidia-nvtx-cu12==12.1.105 in ./y/envs/thesis_env_310/lib/python3.10/site-packages (from torch==2.5.1->torchvision) (12.1.105)
Requirement already satisfied: triton==3.1.0 in ./y/envs/thesis_env_310/lib/python3.10/site-packages (from torch==2.5.1->torchvision) (3.1.0)
Requirement already satisfied: sympy==1.13.1 in ./y/envs/thesis_env_310/lib/python3.10/site-packages (from torch==2.5.1->torchvision) (1.13.1)
Requirement already satisfied: nvidia-nvjitlink-cu12 in ./y/envs/thesis_env_310/lib/python3.10/site-packages (from nvidia-cusolver-cu12==11.4.5.107->torch==2.5.1->torchvision) (12.1.105)
Requirement already satisfied: mpmath<1.4,>=1.1.0 in ./y/envs/thesis_env_310/lib/python3.10/site-packages (from sympy==1.13.1->torch==2.5.1->torchvision) (1.3.0)
Requirement already satisfied: MarkupSafe>=2.0 in ./y/envs/thesis_env_310/lib/python3.10/site-packages (from jinja2->torch==2.5.1->torchvision) (2.1.5)
Using device: cuda
Device name: Tesla V100-SXM2-16GB
Using 1 GPUs.


=== [1/10] Creating EA Adversarial Image for /home/users/atodorova/alisa-thesis/malnet-cnn/test/riskware++smssend/artemis/27DF40B33433D35227861CF78C3B80432C142C1325F11C42B28A1F5107B09FF5.png ===

--- Original Prediction Results ---
Predicted class: 42 (trojan)

Confidence     : 0.4116

True class     : 31 (riskware++smssend)

Target ('benign') class: 11 (benign)

[INFO] Benign class became best class at iteration 709 with confidence 0.3197!

Targeted adversarial image created in 1768 iterations.
Benign first predicted at iteration 709 with confidence 0.3197.

Benign probability changes (iteration, prob):
Iteration 0: Benign prob = 0.0007
Iteration 3: Benign prob = 0.0008
Iteration 4: Benign prob = 0.0009
Iteration 5: Benign prob = 0.0011
Iteration 6: Benign prob = 0.0016
Iteration 9: Benign prob = 0.0018
Iteration 11: Benign prob = 0.0020
Iteration 16: Benign prob = 0.0020
Iteration 17: Benign prob = 0.0021
Iteration 20: Benign prob = 0.0022
Iteration 21: Benign prob = 0.0024
Iteration 22: Benign prob = 0.0026
Iteration 24: Benign prob = 0.0026
Iteration 26: Benign prob = 0.0026
Iteration 30: Benign prob = 0.0028
Iteration 32: Benign prob = 0.0029
Iteration 36: Benign prob = 0.0029
Iteration 37: Benign prob = 0.0030
Iteration 39: Benign prob = 0.0030
Iteration 40: Benign prob = 0.0033
Iteration 46: Benign prob = 0.0034
Iteration 47: Benign prob = 0.0040
Iteration 51: Benign prob = 0.0042
Iteration 53: Benign prob = 0.0044
Iteration 57: Benign prob = 0.0049
Iteration 60: Benign prob = 0.0051
Iteration 64: Benign prob = 0.0053
Iteration 75: Benign prob = 0.0053
Iteration 76: Benign prob = 0.0059
Iteration 80: Benign prob = 0.0063
Iteration 86: Benign prob = 0.0068
Iteration 105: Benign prob = 0.0068
Iteration 108: Benign prob = 0.0070
Iteration 116: Benign prob = 0.0076
Iteration 145: Benign prob = 0.0081
Iteration 147: Benign prob = 0.0081
Iteration 149: Benign prob = 0.0085
Iteration 156: Benign prob = 0.0089
Iteration 160: Benign prob = 0.0092
Iteration 167: Benign prob = 0.0092
Iteration 168: Benign prob = 0.0096
Iteration 169: Benign prob = 0.0099
Iteration 171: Benign prob = 0.0100
Iteration 172: Benign prob = 0.0101
Iteration 173: Benign prob = 0.0109
Iteration 174: Benign prob = 0.0112
Iteration 176: Benign prob = 0.0120
Iteration 178: Benign prob = 0.0127
Iteration 179: Benign prob = 0.0141
Iteration 184: Benign prob = 0.0146
Iteration 185: Benign prob = 0.0146
Iteration 186: Benign prob = 0.0150
Iteration 190: Benign prob = 0.0151
Iteration 194: Benign prob = 0.0169
Iteration 196: Benign prob = 0.0180
Iteration 201: Benign prob = 0.0187
Iteration 204: Benign prob = 0.0193
Iteration 207: Benign prob = 0.0198
Iteration 215: Benign prob = 0.0215
Iteration 218: Benign prob = 0.0222
Iteration 219: Benign prob = 0.0230
Iteration 223: Benign prob = 0.0231
Iteration 224: Benign prob = 0.0276
Iteration 230: Benign prob = 0.0277
Iteration 231: Benign prob = 0.0280
Iteration 238: Benign prob = 0.0287
Iteration 239: Benign prob = 0.0298
Iteration 243: Benign prob = 0.0307
Iteration 247: Benign prob = 0.0308
Iteration 249: Benign prob = 0.0309
Iteration 252: Benign prob = 0.0314
Iteration 254: Benign prob = 0.0357
Iteration 270: Benign prob = 0.0359
Iteration 276: Benign prob = 0.0382
Iteration 277: Benign prob = 0.0391
Iteration 281: Benign prob = 0.0424
Iteration 286: Benign prob = 0.0427
Iteration 289: Benign prob = 0.0434
Iteration 290: Benign prob = 0.0483
Iteration 292: Benign prob = 0.0486
Iteration 293: Benign prob = 0.0488
Iteration 294: Benign prob = 0.0501
Iteration 295: Benign prob = 0.0552
Iteration 298: Benign prob = 0.0588
Iteration 300: Benign prob = 0.0658
Iteration 313: Benign prob = 0.0674
Iteration 316: Benign prob = 0.0710
Iteration 323: Benign prob = 0.0792
Iteration 324: Benign prob = 0.0841
Iteration 338: Benign prob = 0.0849
Iteration 342: Benign prob = 0.0921
Iteration 353: Benign prob = 0.1017
Iteration 360: Benign prob = 0.1029
Iteration 370: Benign prob = 0.1098
Iteration 374: Benign prob = 0.1126
Iteration 378: Benign prob = 0.1191
Iteration 389: Benign prob = 0.1215
Iteration 390: Benign prob = 0.1249
Iteration 401: Benign prob = 0.1271
Iteration 406: Benign prob = 0.1378
Iteration 410: Benign prob = 0.1383
Iteration 421: Benign prob = 0.1385
Iteration 424: Benign prob = 0.1397
Iteration 425: Benign prob = 0.1413
Iteration 427: Benign prob = 0.1502
Iteration 430: Benign prob = 0.1609
Iteration 444: Benign prob = 0.1681
Iteration 445: Benign prob = 0.1740
Iteration 458: Benign prob = 0.1819
Iteration 466: Benign prob = 0.1844
Iteration 468: Benign prob = 0.1891
Iteration 486: Benign prob = 0.1900
Iteration 502: Benign prob = 0.1932
Iteration 514: Benign prob = 0.2006
Iteration 533: Benign prob = 0.2093
Iteration 550: Benign prob = 0.2098
Iteration 570: Benign prob = 0.2409
Iteration 594: Benign prob = 0.2471
Iteration 596: Benign prob = 0.2601
Iteration 631: Benign prob = 0.2651
Iteration 644: Benign prob = 0.2731
Iteration 661: Benign prob = 0.2834
Iteration 687: Benign prob = 0.2961
Iteration 703: Benign prob = 0.3001
Iteration 709: Benign prob = 0.3197
Iteration 712: Benign prob = 0.3460
Iteration 717: Benign prob = 0.3482
Iteration 746: Benign prob = 0.3530
Iteration 755: Benign prob = 0.3553
Iteration 760: Benign prob = 0.3630
Iteration 778: Benign prob = 0.3671
Iteration 791: Benign prob = 0.3754
Iteration 801: Benign prob = 0.3824
Iteration 842: Benign prob = 0.3940
Iteration 911: Benign prob = 0.3990
Iteration 990: Benign prob = 0.3998
Iteration 991: Benign prob = 0.4028
Iteration 995: Benign prob = 0.4037
Iteration 998: Benign prob = 0.4170
Iteration 1028: Benign prob = 0.4176
Iteration 1035: Benign prob = 0.4195
Iteration 1060: Benign prob = 0.4233
Iteration 1072: Benign prob = 0.4323
Iteration 1073: Benign prob = 0.4345
Iteration 1077: Benign prob = 0.4416
Iteration 1087: Benign prob = 0.4448
Iteration 1109: Benign prob = 0.4503
Iteration 1110: Benign prob = 0.4618
Iteration 1136: Benign prob = 0.4699
Iteration 1228: Benign prob = 0.4804
Iteration 1280: Benign prob = 0.4836
Iteration 1374: Benign prob = 0.4987
Iteration 1442: Benign prob = 0.5033
Iteration 1443: Benign prob = 0.5059
Iteration 1477: Benign prob = 0.5146
Iteration 1542: Benign prob = 0.5311
Iteration 1650: Benign prob = 0.5349
Iteration 1671: Benign prob = 0.5444
Iteration 1694: Benign prob = 0.5458
Iteration 1696: Benign prob = 0.5476
Iteration 1746: Benign prob = 0.5498
Iteration 1768: Benign prob = 0.5558

 Completed Adversarial Image for image 1 in 2.81 minutes.

--- Adversarial Prediction Results for image 1: (/home/users/atodorova/alisa-thesis/malnet-cnn/test/riskware++smssend/artemis/27DF40B33433D35227861CF78C3B80432C142C1325F11C42B28A1F5107B09FF5.png) ---
Predicted class: 11 (benign)
Confidence     : 0.5558
True class     : 31 (riskware++smssend)


=== [2/10] Creating EA Adversarial Image for /home/users/atodorova/alisa-thesis/malnet-cnn/test/riskware++smssend/artemis/88BC39C62D2EF5F02B63B74EF7FE6F093B7DC79EAF0308993E72ED393669D7E3.png ===

--- Original Prediction Results ---
Predicted class: 42 (trojan)

Confidence     : 0.3957

True class     : 31 (riskware++smssend)

Target ('benign') class: 11 (benign)

[INFO] Benign class became best class at iteration 2008 with confidence 0.3789!

Targeted adversarial image created in 2167 iterations.
Benign first predicted at iteration 2008 with confidence 0.3789.

Benign probability changes (iteration, prob):
Iteration 0: Benign prob = 0.0221
Iteration 1564: Benign prob = 0.0265
Iteration 1573: Benign prob = 0.0269
Iteration 1574: Benign prob = 0.0283
Iteration 1575: Benign prob = 0.0287
Iteration 1576: Benign prob = 0.0296
Iteration 1578: Benign prob = 0.0298
Iteration 1582: Benign prob = 0.0305
Iteration 1583: Benign prob = 0.0346
Iteration 1584: Benign prob = 0.0393
Iteration 1585: Benign prob = 0.0460
Iteration 1590: Benign prob = 0.0471
Iteration 1591: Benign prob = 0.0525
Iteration 1604: Benign prob = 0.0551
Iteration 1606: Benign prob = 0.0559
Iteration 1609: Benign prob = 0.0634
Iteration 1611: Benign prob = 0.0655
Iteration 1614: Benign prob = 0.0709
Iteration 1616: Benign prob = 0.0753
Iteration 1630: Benign prob = 0.0775
Iteration 1644: Benign prob = 0.0909
Iteration 1658: Benign prob = 0.0947
Iteration 1662: Benign prob = 0.0979
Iteration 1682: Benign prob = 0.0994
Iteration 1712: Benign prob = 0.1079
Iteration 1717: Benign prob = 0.1101
Iteration 1721: Benign prob = 0.1294
Iteration 1729: Benign prob = 0.1427
Iteration 1741: Benign prob = 0.1498
Iteration 1747: Benign prob = 0.1545
Iteration 1755: Benign prob = 0.1589
Iteration 1765: Benign prob = 0.1636
Iteration 1780: Benign prob = 0.1703
Iteration 1786: Benign prob = 0.1724
Iteration 1787: Benign prob = 0.1875
Iteration 1825: Benign prob = 0.1989
Iteration 1860: Benign prob = 0.2078
Iteration 1862: Benign prob = 0.2124
Iteration 1863: Benign prob = 0.2390
Iteration 1881: Benign prob = 0.2451
Iteration 1899: Benign prob = 0.2524
Iteration 1906: Benign prob = 0.2756
Iteration 1920: Benign prob = 0.2767
Iteration 1935: Benign prob = 0.2787
Iteration 1956: Benign prob = 0.2816
Iteration 1959: Benign prob = 0.2844
Iteration 1960: Benign prob = 0.2929
Iteration 1963: Benign prob = 0.2962
Iteration 1964: Benign prob = 0.3050
Iteration 1967: Benign prob = 0.3069
Iteration 1971: Benign prob = 0.3143
Iteration 1975: Benign prob = 0.3158
Iteration 1977: Benign prob = 0.3232
Iteration 1985: Benign prob = 0.3241
Iteration 1986: Benign prob = 0.3276
Iteration 1992: Benign prob = 0.3448
Iteration 1996: Benign prob = 0.3476
Iteration 2005: Benign prob = 0.3552
Iteration 2008: Benign prob = 0.3789
Iteration 2016: Benign prob = 0.3803
Iteration 2029: Benign prob = 0.3901
Iteration 2033: Benign prob = 0.3949
Iteration 2045: Benign prob = 0.3964
Iteration 2049: Benign prob = 0.3999
Iteration 2051: Benign prob = 0.4101
Iteration 2054: Benign prob = 0.4211
Iteration 2061: Benign prob = 0.4318
Iteration 2066: Benign prob = 0.4357
Iteration 2068: Benign prob = 0.4425
Iteration 2080: Benign prob = 0.4439
Iteration 2081: Benign prob = 0.4443
Iteration 2083: Benign prob = 0.4581
Iteration 2099: Benign prob = 0.4953
Iteration 2138: Benign prob = 0.4961
Iteration 2144: Benign prob = 0.5060
Iteration 2146: Benign prob = 0.5165
Iteration 2152: Benign prob = 0.5166
Iteration 2167: Benign prob = 0.5540

 Completed Adversarial Image for image 2 in 3.46 minutes.

--- Adversarial Prediction Results for image 2: (/home/users/atodorova/alisa-thesis/malnet-cnn/test/riskware++smssend/artemis/88BC39C62D2EF5F02B63B74EF7FE6F093B7DC79EAF0308993E72ED393669D7E3.png) ---
Predicted class: 11 (benign)
Confidence     : 0.5539
True class     : 31 (riskware++smssend)


=== [3/10] Creating EA Adversarial Image for /home/users/atodorova/alisa-thesis/malnet-cnn/test/riskware++smssend/deng/80D4228C7184A631A0616973C06685C7B7BEE1332B9CD52852938F92B9F160A2.png ===

--- Original Prediction Results ---
Predicted class: 42 (trojan)

Confidence     : 0.4757

True class     : 31 (riskware++smssend)

Target ('benign') class: 11 (benign)

[INFO] Benign class became best class at iteration 2974 with confidence 0.2849!

Targeted adversarial image created in 4551 iterations.
Benign first predicted at iteration 2974 with confidence 0.2849.

Benign probability changes (iteration, prob):
Iteration 0: Benign prob = 0.0027
Iteration 5: Benign prob = 0.0029
Iteration 7: Benign prob = 0.0029
Iteration 8: Benign prob = 0.0030
Iteration 9: Benign prob = 0.0032
Iteration 10: Benign prob = 0.0037
Iteration 12: Benign prob = 0.0037
Iteration 15: Benign prob = 0.0042
Iteration 16: Benign prob = 0.0044
Iteration 17: Benign prob = 0.0047
Iteration 18: Benign prob = 0.0047
Iteration 19: Benign prob = 0.0050
Iteration 20: Benign prob = 0.0052
Iteration 22: Benign prob = 0.0054
Iteration 24: Benign prob = 0.0057
Iteration 25: Benign prob = 0.0060
Iteration 26: Benign prob = 0.0068
Iteration 32: Benign prob = 0.0080
Iteration 45: Benign prob = 0.0081
Iteration 46: Benign prob = 0.0091
Iteration 51: Benign prob = 0.0091
Iteration 62: Benign prob = 0.0093
Iteration 66: Benign prob = 0.0097
Iteration 68: Benign prob = 0.0101
Iteration 69: Benign prob = 0.0104
Iteration 75: Benign prob = 0.0107
Iteration 76: Benign prob = 0.0108
Iteration 79: Benign prob = 0.0110
Iteration 89: Benign prob = 0.0114
Iteration 92: Benign prob = 0.0117
Iteration 93: Benign prob = 0.0122
Iteration 104: Benign prob = 0.0134
Iteration 106: Benign prob = 0.0140
Iteration 109: Benign prob = 0.0142
Iteration 110: Benign prob = 0.0161
Iteration 158: Benign prob = 0.0163
Iteration 167: Benign prob = 0.0171
Iteration 191: Benign prob = 0.0179
Iteration 220: Benign prob = 0.0193
Iteration 226: Benign prob = 0.0203
Iteration 228: Benign prob = 0.0221
Iteration 256: Benign prob = 0.0224
Iteration 259: Benign prob = 0.0225
Iteration 260: Benign prob = 0.0233
Iteration 267: Benign prob = 0.0234
Iteration 277: Benign prob = 0.0235
Iteration 288: Benign prob = 0.0248
Iteration 326: Benign prob = 0.0252
Iteration 329: Benign prob = 0.0270
Iteration 338: Benign prob = 0.0271
Iteration 345: Benign prob = 0.0281
Iteration 348: Benign prob = 0.0281
Iteration 351: Benign prob = 0.0283
Iteration 380: Benign prob = 0.0286
Iteration 382: Benign prob = 0.0287
Iteration 387: Benign prob = 0.0298
Iteration 405: Benign prob = 0.0302
Iteration 415: Benign prob = 0.0316
Iteration 442: Benign prob = 0.0334
Iteration 467: Benign prob = 0.0338
Iteration 486: Benign prob = 0.0349
Iteration 514: Benign prob = 0.0362
Iteration 520: Benign prob = 0.0362
Iteration 523: Benign prob = 0.0370
Iteration 543: Benign prob = 0.0378
Iteration 546: Benign prob = 0.0391
Iteration 548: Benign prob = 0.0395
Iteration 558: Benign prob = 0.0395
Iteration 564: Benign prob = 0.0396
Iteration 587: Benign prob = 0.0401
Iteration 588: Benign prob = 0.0406
Iteration 639: Benign prob = 0.0412
Iteration 652: Benign prob = 0.0416
Iteration 668: Benign prob = 0.0417
Iteration 678: Benign prob = 0.0454
Iteration 691: Benign prob = 0.0466
Iteration 719: Benign prob = 0.0466
Iteration 728: Benign prob = 0.0474
Iteration 739: Benign prob = 0.0476
Iteration 740: Benign prob = 0.0482
Iteration 762: Benign prob = 0.0492
Iteration 766: Benign prob = 0.0498
Iteration 784: Benign prob = 0.0505
Iteration 806: Benign prob = 0.0515
Iteration 816: Benign prob = 0.0516
Iteration 825: Benign prob = 0.0519
Iteration 837: Benign prob = 0.0533
Iteration 838: Benign prob = 0.0537
Iteration 869: Benign prob = 0.0537
Iteration 890: Benign prob = 0.0539
Iteration 900: Benign prob = 0.0544
Iteration 909: Benign prob = 0.0564
Iteration 922: Benign prob = 0.0582
Iteration 926: Benign prob = 0.0583
Iteration 929: Benign prob = 0.0598
Iteration 930: Benign prob = 0.0613
Iteration 941: Benign prob = 0.0621
Iteration 944: Benign prob = 0.0631
Iteration 946: Benign prob = 0.0643
Iteration 962: Benign prob = 0.0667
Iteration 1028: Benign prob = 0.0691
Iteration 1053: Benign prob = 0.0693
Iteration 1060: Benign prob = 0.0697
Iteration 1085: Benign prob = 0.0707
Iteration 1090: Benign prob = 0.0710
Iteration 1098: Benign prob = 0.0767
Iteration 1109: Benign prob = 0.0785
Iteration 1119: Benign prob = 0.0785
Iteration 1163: Benign prob = 0.0791
Iteration 1165: Benign prob = 0.0792
Iteration 1171: Benign prob = 0.0805
Iteration 1214: Benign prob = 0.0842
Iteration 1249: Benign prob = 0.0846
Iteration 1287: Benign prob = 0.0856
Iteration 1299: Benign prob = 0.0858
Iteration 1325: Benign prob = 0.0886
Iteration 1336: Benign prob = 0.0913
Iteration 1383: Benign prob = 0.0916
Iteration 1413: Benign prob = 0.0918
Iteration 1418: Benign prob = 0.0966
Iteration 1432: Benign prob = 0.1003
Iteration 1439: Benign prob = 0.1009
Iteration 1443: Benign prob = 0.1031
Iteration 1471: Benign prob = 0.1051
Iteration 1482: Benign prob = 0.1063
Iteration 1490: Benign prob = 0.1069
Iteration 1504: Benign prob = 0.1069
Iteration 1505: Benign prob = 0.1116
Iteration 1541: Benign prob = 0.1158
Iteration 1573: Benign prob = 0.1175
Iteration 1578: Benign prob = 0.1179
Iteration 1585: Benign prob = 0.1194
Iteration 1637: Benign prob = 0.1211
Iteration 1690: Benign prob = 0.1243
Iteration 1699: Benign prob = 0.1277
Iteration 1752: Benign prob = 0.1307
Iteration 1790: Benign prob = 0.1353
Iteration 1857: Benign prob = 0.1357
Iteration 1884: Benign prob = 0.1370
Iteration 1893: Benign prob = 0.1415
Iteration 1983: Benign prob = 0.1472
Iteration 2005: Benign prob = 0.1479
Iteration 2038: Benign prob = 0.1549
Iteration 2049: Benign prob = 0.1583
Iteration 2063: Benign prob = 0.1587
Iteration 2077: Benign prob = 0.1594
Iteration 2086: Benign prob = 0.1660
Iteration 2098: Benign prob = 0.1672
Iteration 2121: Benign prob = 0.1723
Iteration 2125: Benign prob = 0.1783
Iteration 2135: Benign prob = 0.1793
Iteration 2228: Benign prob = 0.1801
Iteration 2248: Benign prob = 0.1839
Iteration 2320: Benign prob = 0.1845
Iteration 2354: Benign prob = 0.1849
Iteration 2377: Benign prob = 0.1880
Iteration 2450: Benign prob = 0.1905
Iteration 2467: Benign prob = 0.1920
Iteration 2508: Benign prob = 0.1962
Iteration 2513: Benign prob = 0.2019
Iteration 2541: Benign prob = 0.2021
Iteration 2558: Benign prob = 0.2105
Iteration 2616: Benign prob = 0.2134
Iteration 2620: Benign prob = 0.2214
Iteration 2674: Benign prob = 0.2312
Iteration 2678: Benign prob = 0.2395
Iteration 2680: Benign prob = 0.2453
Iteration 2710: Benign prob = 0.2568
Iteration 2788: Benign prob = 0.2575
Iteration 2789: Benign prob = 0.2577
Iteration 2822: Benign prob = 0.2636
Iteration 2866: Benign prob = 0.2646
Iteration 2881: Benign prob = 0.2649
Iteration 2924: Benign prob = 0.2701
Iteration 2944: Benign prob = 0.2742
Iteration 2974: Benign prob = 0.2849
Iteration 3029: Benign prob = 0.2942
Iteration 3053: Benign prob = 0.2995
Iteration 3055: Benign prob = 0.3030
Iteration 3056: Benign prob = 0.3133
Iteration 3067: Benign prob = 0.3157
Iteration 3097: Benign prob = 0.3184
Iteration 3163: Benign prob = 0.3199
Iteration 3178: Benign prob = 0.3220
Iteration 3227: Benign prob = 0.3234
Iteration 3234: Benign prob = 0.3452
Iteration 3249: Benign prob = 0.3482
Iteration 3259: Benign prob = 0.3670
Iteration 3340: Benign prob = 0.3671
Iteration 3350: Benign prob = 0.3832
Iteration 3448: Benign prob = 0.3898
Iteration 3509: Benign prob = 0.3924
Iteration 3519: Benign prob = 0.4002
Iteration 3532: Benign prob = 0.4017
Iteration 3591: Benign prob = 0.4136
Iteration 3639: Benign prob = 0.4187
Iteration 3645: Benign prob = 0.4273
Iteration 3679: Benign prob = 0.4322
Iteration 3696: Benign prob = 0.4363
Iteration 3703: Benign prob = 0.4390
Iteration 3710: Benign prob = 0.4469
Iteration 3737: Benign prob = 0.4506
Iteration 3760: Benign prob = 0.4522
Iteration 3805: Benign prob = 0.4543
Iteration 3812: Benign prob = 0.4607
Iteration 3829: Benign prob = 0.4638
Iteration 3851: Benign prob = 0.4696
Iteration 3897: Benign prob = 0.4708
Iteration 3939: Benign prob = 0.4728
Iteration 3942: Benign prob = 0.4757
Iteration 3984: Benign prob = 0.4758
Iteration 4039: Benign prob = 0.4892
Iteration 4073: Benign prob = 0.4901
Iteration 4114: Benign prob = 0.5017
Iteration 4142: Benign prob = 0.5020
Iteration 4201: Benign prob = 0.5025
Iteration 4231: Benign prob = 0.5045
Iteration 4287: Benign prob = 0.5064
Iteration 4288: Benign prob = 0.5074
Iteration 4289: Benign prob = 0.5210
Iteration 4293: Benign prob = 0.5250
Iteration 4303: Benign prob = 0.5261
Iteration 4418: Benign prob = 0.5314
Iteration 4469: Benign prob = 0.5358
Iteration 4519: Benign prob = 0.5402
Iteration 4538: Benign prob = 0.5493
Iteration 4548: Benign prob = 0.5494
Iteration 4551: Benign prob = 0.5598

 Completed Adversarial Image for image 3 in 7.21 minutes.

--- Adversarial Prediction Results for image 3: (/home/users/atodorova/alisa-thesis/malnet-cnn/test/riskware++smssend/deng/80D4228C7184A631A0616973C06685C7B7BEE1332B9CD52852938F92B9F160A2.png) ---
Predicted class: 11 (benign)
Confidence     : 0.5598
True class     : 31 (riskware++smssend)


=== [4/10] Creating EA Adversarial Image for /home/users/atodorova/alisa-thesis/malnet-cnn/test/riskware++smssend/deng/930C35F29AC49447C4D529C9BF579ED2D1FE4F23341B97C1E0D43DCC1C662797.png ===

--- Original Prediction Results ---
Predicted class: 42 (trojan)

Confidence     : 0.5174

True class     : 31 (riskware++smssend)

Target ('benign') class: 11 (benign)

[INFO] Benign class became best class at iteration 2283 with confidence 0.3287!

Targeted adversarial image created in 4007 iterations.
Benign first predicted at iteration 2283 with confidence 0.3287.

Benign probability changes (iteration, prob):
Iteration 0: Benign prob = 0.0026
Iteration 2: Benign prob = 0.0027
Iteration 3: Benign prob = 0.0027
Iteration 4: Benign prob = 0.0031
Iteration 6: Benign prob = 0.0033
Iteration 7: Benign prob = 0.0035
Iteration 9: Benign prob = 0.0038
Iteration 12: Benign prob = 0.0040
Iteration 13: Benign prob = 0.0041
Iteration 16: Benign prob = 0.0041
Iteration 17: Benign prob = 0.0041
Iteration 18: Benign prob = 0.0044
Iteration 19: Benign prob = 0.0046
Iteration 20: Benign prob = 0.0053
Iteration 25: Benign prob = 0.0053
Iteration 26: Benign prob = 0.0054
Iteration 30: Benign prob = 0.0056
Iteration 32: Benign prob = 0.0057
Iteration 37: Benign prob = 0.0058
Iteration 39: Benign prob = 0.0066
Iteration 43: Benign prob = 0.0075
Iteration 54: Benign prob = 0.0078
Iteration 57: Benign prob = 0.0079
Iteration 58: Benign prob = 0.0082
Iteration 60: Benign prob = 0.0082
Iteration 61: Benign prob = 0.0083
Iteration 63: Benign prob = 0.0085
Iteration 70: Benign prob = 0.0086
Iteration 72: Benign prob = 0.0091
Iteration 75: Benign prob = 0.0096
Iteration 79: Benign prob = 0.0099
Iteration 81: Benign prob = 0.0113
Iteration 102: Benign prob = 0.0115
Iteration 108: Benign prob = 0.0118
Iteration 109: Benign prob = 0.0123
Iteration 113: Benign prob = 0.0123
Iteration 119: Benign prob = 0.0125
Iteration 121: Benign prob = 0.0131
Iteration 122: Benign prob = 0.0146
Iteration 146: Benign prob = 0.0150
Iteration 157: Benign prob = 0.0151
Iteration 164: Benign prob = 0.0152
Iteration 173: Benign prob = 0.0157
Iteration 174: Benign prob = 0.0163
Iteration 183: Benign prob = 0.0172
Iteration 200: Benign prob = 0.0181
Iteration 241: Benign prob = 0.0182
Iteration 279: Benign prob = 0.0185
Iteration 281: Benign prob = 0.0196
Iteration 294: Benign prob = 0.0198
Iteration 300: Benign prob = 0.0199
Iteration 302: Benign prob = 0.0203
Iteration 309: Benign prob = 0.0210
Iteration 332: Benign prob = 0.0210
Iteration 335: Benign prob = 0.0228
Iteration 363: Benign prob = 0.0246
Iteration 371: Benign prob = 0.0248
Iteration 385: Benign prob = 0.0251
Iteration 395: Benign prob = 0.0252
Iteration 396: Benign prob = 0.0253
Iteration 399: Benign prob = 0.0269
Iteration 407: Benign prob = 0.0275
Iteration 411: Benign prob = 0.0278
Iteration 412: Benign prob = 0.0282
Iteration 418: Benign prob = 0.0292
Iteration 432: Benign prob = 0.0293
Iteration 433: Benign prob = 0.0298
Iteration 492: Benign prob = 0.0303
Iteration 496: Benign prob = 0.0318
Iteration 537: Benign prob = 0.0319
Iteration 552: Benign prob = 0.0331
Iteration 558: Benign prob = 0.0332
Iteration 559: Benign prob = 0.0342
Iteration 568: Benign prob = 0.0350
Iteration 597: Benign prob = 0.0350
Iteration 605: Benign prob = 0.0362
Iteration 614: Benign prob = 0.0373
Iteration 620: Benign prob = 0.0376
Iteration 629: Benign prob = 0.0377
Iteration 644: Benign prob = 0.0381
Iteration 645: Benign prob = 0.0389
Iteration 651: Benign prob = 0.0396
Iteration 665: Benign prob = 0.0401
Iteration 667: Benign prob = 0.0403
Iteration 679: Benign prob = 0.0412
Iteration 684: Benign prob = 0.0419
Iteration 686: Benign prob = 0.0425
Iteration 688: Benign prob = 0.0430
Iteration 692: Benign prob = 0.0435
Iteration 697: Benign prob = 0.0439
Iteration 705: Benign prob = 0.0441
Iteration 706: Benign prob = 0.0452
Iteration 713: Benign prob = 0.0475
Iteration 720: Benign prob = 0.0508
Iteration 723: Benign prob = 0.0519
Iteration 748: Benign prob = 0.0524
Iteration 771: Benign prob = 0.0527
Iteration 772: Benign prob = 0.0528
Iteration 775: Benign prob = 0.0544
Iteration 782: Benign prob = 0.0551
Iteration 785: Benign prob = 0.0560
Iteration 823: Benign prob = 0.0570
Iteration 840: Benign prob = 0.0573
Iteration 842: Benign prob = 0.0601
Iteration 844: Benign prob = 0.0617
Iteration 865: Benign prob = 0.0679
Iteration 881: Benign prob = 0.0699
Iteration 962: Benign prob = 0.0699
Iteration 963: Benign prob = 0.0702
Iteration 980: Benign prob = 0.0703
Iteration 984: Benign prob = 0.0744
Iteration 1013: Benign prob = 0.0772
Iteration 1015: Benign prob = 0.0792
Iteration 1030: Benign prob = 0.0809
Iteration 1061: Benign prob = 0.0821
Iteration 1066: Benign prob = 0.0834
Iteration 1074: Benign prob = 0.0986
Iteration 1116: Benign prob = 0.1018
Iteration 1169: Benign prob = 0.1038
Iteration 1198: Benign prob = 0.1062
Iteration 1207: Benign prob = 0.1063
Iteration 1209: Benign prob = 0.1096
Iteration 1216: Benign prob = 0.1113
Iteration 1236: Benign prob = 0.1123
Iteration 1241: Benign prob = 0.1142
Iteration 1248: Benign prob = 0.1172
Iteration 1272: Benign prob = 0.1181
Iteration 1289: Benign prob = 0.1209
Iteration 1290: Benign prob = 0.1244
Iteration 1309: Benign prob = 0.1255
Iteration 1324: Benign prob = 0.1262
Iteration 1346: Benign prob = 0.1273
Iteration 1351: Benign prob = 0.1289
Iteration 1373: Benign prob = 0.1350
Iteration 1385: Benign prob = 0.1360
Iteration 1401: Benign prob = 0.1381
Iteration 1453: Benign prob = 0.1391
Iteration 1481: Benign prob = 0.1415
Iteration 1500: Benign prob = 0.1446
Iteration 1521: Benign prob = 0.1520
Iteration 1549: Benign prob = 0.1528
Iteration 1552: Benign prob = 0.1603
Iteration 1557: Benign prob = 0.1612
Iteration 1605: Benign prob = 0.1664
Iteration 1609: Benign prob = 0.1717
Iteration 1616: Benign prob = 0.1721
Iteration 1632: Benign prob = 0.1757
Iteration 1633: Benign prob = 0.1815
Iteration 1635: Benign prob = 0.1827
Iteration 1665: Benign prob = 0.1909
Iteration 1689: Benign prob = 0.1916
Iteration 1699: Benign prob = 0.1921
Iteration 1713: Benign prob = 0.2258
Iteration 1723: Benign prob = 0.2266
Iteration 1761: Benign prob = 0.2308
Iteration 1774: Benign prob = 0.2344
Iteration 1783: Benign prob = 0.2348
Iteration 1804: Benign prob = 0.2386
Iteration 1814: Benign prob = 0.2423
Iteration 1821: Benign prob = 0.2457
Iteration 1860: Benign prob = 0.2637
Iteration 1931: Benign prob = 0.2705
Iteration 2000: Benign prob = 0.2823
Iteration 2037: Benign prob = 0.2844
Iteration 2052: Benign prob = 0.2870
Iteration 2076: Benign prob = 0.3042
Iteration 2111: Benign prob = 0.3122
Iteration 2183: Benign prob = 0.3172
Iteration 2250: Benign prob = 0.3179
Iteration 2254: Benign prob = 0.3202
Iteration 2256: Benign prob = 0.3221
Iteration 2264: Benign prob = 0.3254
Iteration 2281: Benign prob = 0.3280
Iteration 2283: Benign prob = 0.3287
Iteration 2314: Benign prob = 0.3289
Iteration 2328: Benign prob = 0.3381
Iteration 2356: Benign prob = 0.3498
Iteration 2503: Benign prob = 0.3568
Iteration 2516: Benign prob = 0.3570
Iteration 2531: Benign prob = 0.3609
Iteration 2533: Benign prob = 0.3698
Iteration 2546: Benign prob = 0.3707
Iteration 2591: Benign prob = 0.3721
Iteration 2608: Benign prob = 0.3834
Iteration 2651: Benign prob = 0.4007
Iteration 2759: Benign prob = 0.4056
Iteration 2797: Benign prob = 0.4099
Iteration 2857: Benign prob = 0.4242
Iteration 3017: Benign prob = 0.4342
Iteration 3098: Benign prob = 0.4450
Iteration 3129: Benign prob = 0.4460
Iteration 3152: Benign prob = 0.4512
Iteration 3179: Benign prob = 0.4564
Iteration 3197: Benign prob = 0.4576
Iteration 3339: Benign prob = 0.4714
Iteration 3346: Benign prob = 0.4714
Iteration 3349: Benign prob = 0.4779
Iteration 3420: Benign prob = 0.4837
Iteration 3483: Benign prob = 0.4849
Iteration 3520: Benign prob = 0.4906
Iteration 3580: Benign prob = 0.4990
Iteration 3637: Benign prob = 0.5024
Iteration 3647: Benign prob = 0.5079
Iteration 3756: Benign prob = 0.5113
Iteration 3776: Benign prob = 0.5136
Iteration 3809: Benign prob = 0.5161
Iteration 3863: Benign prob = 0.5267
Iteration 3885: Benign prob = 0.5325
Iteration 3929: Benign prob = 0.5332
Iteration 3941: Benign prob = 0.5384
Iteration 3996: Benign prob = 0.5424
Iteration 4006: Benign prob = 0.5437
Iteration 4007: Benign prob = 0.5545

 Completed Adversarial Image for image 4 in 6.38 minutes.

--- Adversarial Prediction Results for image 4: (/home/users/atodorova/alisa-thesis/malnet-cnn/test/riskware++smssend/deng/930C35F29AC49447C4D529C9BF579ED2D1FE4F23341B97C1E0D43DCC1C662797.png) ---
Predicted class: 11 (benign)
Confidence     : 0.5545
True class     : 31 (riskware++smssend)


=== [5/10] Creating EA Adversarial Image for /home/users/atodorova/alisa-thesis/malnet-cnn/test/riskware++smssend/dowgin/28C1875F912F62897E9B9D488123FAC0C4CE6E6CDE27B97F1BE55CB61CCCEF17.png ===

--- Original Prediction Results ---
Predicted class: 42 (trojan)

Confidence     : 0.4915

True class     : 31 (riskware++smssend)

Target ('benign') class: 11 (benign)

[INFO] Benign class became best class at iteration 3936 with confidence 0.2999!

Targeted adversarial image created in 5734 iterations.
Benign first predicted at iteration 3936 with confidence 0.2999.

Benign probability changes (iteration, prob):
Iteration 0: Benign prob = 0.0037
Iteration 11: Benign prob = 0.0039
Iteration 12: Benign prob = 0.0043
Iteration 16: Benign prob = 0.0045
Iteration 18: Benign prob = 0.0046
Iteration 19: Benign prob = 0.0050
Iteration 20: Benign prob = 0.0050
Iteration 22: Benign prob = 0.0051
Iteration 23: Benign prob = 0.0057
Iteration 25: Benign prob = 0.0061
Iteration 32: Benign prob = 0.0068
Iteration 43: Benign prob = 0.0069
Iteration 45: Benign prob = 0.0069
Iteration 51: Benign prob = 0.0073
Iteration 53: Benign prob = 0.0074
Iteration 54: Benign prob = 0.0075
Iteration 55: Benign prob = 0.0081
Iteration 61: Benign prob = 0.0086
Iteration 65: Benign prob = 0.0089
Iteration 74: Benign prob = 0.0089
Iteration 75: Benign prob = 0.0097
Iteration 78: Benign prob = 0.0100
Iteration 92: Benign prob = 0.0103
Iteration 96: Benign prob = 0.0103
Iteration 101: Benign prob = 0.0109
Iteration 104: Benign prob = 0.0114
Iteration 105: Benign prob = 0.0117
Iteration 145: Benign prob = 0.0117
Iteration 160: Benign prob = 0.0119
Iteration 181: Benign prob = 0.0119
Iteration 183: Benign prob = 0.0120
Iteration 184: Benign prob = 0.0121
Iteration 192: Benign prob = 0.0125
Iteration 207: Benign prob = 0.0130
Iteration 209: Benign prob = 0.0139
Iteration 221: Benign prob = 0.0143
Iteration 231: Benign prob = 0.0144
Iteration 234: Benign prob = 0.0145
Iteration 239: Benign prob = 0.0149
Iteration 248: Benign prob = 0.0151
Iteration 282: Benign prob = 0.0153
Iteration 296: Benign prob = 0.0158
Iteration 310: Benign prob = 0.0159
Iteration 313: Benign prob = 0.0160
Iteration 316: Benign prob = 0.0161
Iteration 324: Benign prob = 0.0161
Iteration 330: Benign prob = 0.0167
Iteration 340: Benign prob = 0.0179
Iteration 356: Benign prob = 0.0183
Iteration 361: Benign prob = 0.0184
Iteration 372: Benign prob = 0.0191
Iteration 383: Benign prob = 0.0195
Iteration 394: Benign prob = 0.0207
Iteration 410: Benign prob = 0.0210
Iteration 421: Benign prob = 0.0216
Iteration 422: Benign prob = 0.0217
Iteration 431: Benign prob = 0.0220
Iteration 451: Benign prob = 0.0224
Iteration 463: Benign prob = 0.0229
Iteration 506: Benign prob = 0.0237
Iteration 515: Benign prob = 0.0242
Iteration 521: Benign prob = 0.0243
Iteration 524: Benign prob = 0.0258
Iteration 525: Benign prob = 0.0260
Iteration 550: Benign prob = 0.0267
Iteration 565: Benign prob = 0.0277
Iteration 590: Benign prob = 0.0279
Iteration 603: Benign prob = 0.0288
Iteration 608: Benign prob = 0.0300
Iteration 639: Benign prob = 0.0304
Iteration 676: Benign prob = 0.0306
Iteration 686: Benign prob = 0.0320
Iteration 709: Benign prob = 0.0355
Iteration 724: Benign prob = 0.0355
Iteration 729: Benign prob = 0.0378
Iteration 746: Benign prob = 0.0387
Iteration 764: Benign prob = 0.0389
Iteration 765: Benign prob = 0.0396
Iteration 769: Benign prob = 0.0400
Iteration 774: Benign prob = 0.0414
Iteration 788: Benign prob = 0.0416
Iteration 848: Benign prob = 0.0426
Iteration 861: Benign prob = 0.0434
Iteration 865: Benign prob = 0.0442
Iteration 884: Benign prob = 0.0444
Iteration 885: Benign prob = 0.0450
Iteration 896: Benign prob = 0.0458
Iteration 930: Benign prob = 0.0467
Iteration 981: Benign prob = 0.0506
Iteration 1027: Benign prob = 0.0514
Iteration 1050: Benign prob = 0.0519
Iteration 1059: Benign prob = 0.0523
Iteration 1060: Benign prob = 0.0523
Iteration 1063: Benign prob = 0.0526
Iteration 1067: Benign prob = 0.0537
Iteration 1071: Benign prob = 0.0538
Iteration 1088: Benign prob = 0.0545
Iteration 1104: Benign prob = 0.0554
Iteration 1135: Benign prob = 0.0555
Iteration 1140: Benign prob = 0.0559
Iteration 1147: Benign prob = 0.0583
Iteration 1149: Benign prob = 0.0584
Iteration 1212: Benign prob = 0.0594
Iteration 1213: Benign prob = 0.0606
Iteration 1214: Benign prob = 0.0630
Iteration 1271: Benign prob = 0.0635
Iteration 1288: Benign prob = 0.0640
Iteration 1314: Benign prob = 0.0641
Iteration 1361: Benign prob = 0.0655
Iteration 1371: Benign prob = 0.0655
Iteration 1375: Benign prob = 0.0658
Iteration 1391: Benign prob = 0.0660
Iteration 1392: Benign prob = 0.0661
Iteration 1411: Benign prob = 0.0666
Iteration 1421: Benign prob = 0.0668
Iteration 1434: Benign prob = 0.0677
Iteration 1436: Benign prob = 0.0685
Iteration 1463: Benign prob = 0.0709
Iteration 1523: Benign prob = 0.0722
Iteration 1537: Benign prob = 0.0734
Iteration 1596: Benign prob = 0.0764
Iteration 1632: Benign prob = 0.0771
Iteration 1664: Benign prob = 0.0782
Iteration 1665: Benign prob = 0.0783
Iteration 1698: Benign prob = 0.0791
Iteration 1723: Benign prob = 0.0795
Iteration 1725: Benign prob = 0.0807
Iteration 1747: Benign prob = 0.0820
Iteration 1766: Benign prob = 0.0824
Iteration 1793: Benign prob = 0.0832
Iteration 1827: Benign prob = 0.0839
Iteration 1828: Benign prob = 0.0849
Iteration 1831: Benign prob = 0.0849
Iteration 1851: Benign prob = 0.0857
Iteration 1864: Benign prob = 0.0862
Iteration 1967: Benign prob = 0.0868
Iteration 1998: Benign prob = 0.0883
Iteration 2019: Benign prob = 0.0894
Iteration 2063: Benign prob = 0.0907
Iteration 2064: Benign prob = 0.0931
Iteration 2133: Benign prob = 0.0937
Iteration 2151: Benign prob = 0.0941
Iteration 2160: Benign prob = 0.0962
Iteration 2171: Benign prob = 0.0969
Iteration 2172: Benign prob = 0.0994
Iteration 2209: Benign prob = 0.1004
Iteration 2231: Benign prob = 0.1016
Iteration 2236: Benign prob = 0.1039
Iteration 2239: Benign prob = 0.1047
Iteration 2264: Benign prob = 0.1047
Iteration 2325: Benign prob = 0.1053
Iteration 2328: Benign prob = 0.1072
Iteration 2353: Benign prob = 0.1190
Iteration 2368: Benign prob = 0.1193
Iteration 2444: Benign prob = 0.1214
Iteration 2455: Benign prob = 0.1246
Iteration 2467: Benign prob = 0.1260
Iteration 2469: Benign prob = 0.1273
Iteration 2490: Benign prob = 0.1275
Iteration 2519: Benign prob = 0.1301
Iteration 2539: Benign prob = 0.1306
Iteration 2543: Benign prob = 0.1313
Iteration 2568: Benign prob = 0.1321
Iteration 2627: Benign prob = 0.1346
Iteration 2690: Benign prob = 0.1431
Iteration 2724: Benign prob = 0.1435
Iteration 2775: Benign prob = 0.1460
Iteration 2815: Benign prob = 0.1469
Iteration 2847: Benign prob = 0.1501
Iteration 2861: Benign prob = 0.1550
Iteration 2904: Benign prob = 0.1550
Iteration 2928: Benign prob = 0.1583
Iteration 2972: Benign prob = 0.1595
Iteration 2979: Benign prob = 0.1671
Iteration 3077: Benign prob = 0.1687
Iteration 3080: Benign prob = 0.1754
Iteration 3140: Benign prob = 0.1790
Iteration 3144: Benign prob = 0.1844
Iteration 3173: Benign prob = 0.1904
Iteration 3199: Benign prob = 0.1906
Iteration 3244: Benign prob = 0.1912
Iteration 3256: Benign prob = 0.1926
Iteration 3278: Benign prob = 0.1959
Iteration 3313: Benign prob = 0.1964
Iteration 3330: Benign prob = 0.1986
Iteration 3336: Benign prob = 0.2004
Iteration 3380: Benign prob = 0.2005
Iteration 3453: Benign prob = 0.2081
Iteration 3505: Benign prob = 0.2120
Iteration 3525: Benign prob = 0.2203
Iteration 3596: Benign prob = 0.2280
Iteration 3660: Benign prob = 0.2317
Iteration 3723: Benign prob = 0.2339
Iteration 3775: Benign prob = 0.2404
Iteration 3776: Benign prob = 0.2410
Iteration 3784: Benign prob = 0.2429
Iteration 3813: Benign prob = 0.2432
Iteration 3825: Benign prob = 0.2479
Iteration 3852: Benign prob = 0.2636
Iteration 3862: Benign prob = 0.2648
Iteration 3871: Benign prob = 0.2704
Iteration 3903: Benign prob = 0.2734
Iteration 3909: Benign prob = 0.2755
Iteration 3911: Benign prob = 0.2784
Iteration 3913: Benign prob = 0.2810
Iteration 3934: Benign prob = 0.2871
Iteration 3936: Benign prob = 0.2999
Iteration 3986: Benign prob = 0.3005
Iteration 4019: Benign prob = 0.3057
Iteration 4043: Benign prob = 0.3072
Iteration 4053: Benign prob = 0.3128
Iteration 4062: Benign prob = 0.3129
Iteration 4066: Benign prob = 0.3240
Iteration 4110: Benign prob = 0.3263
Iteration 4139: Benign prob = 0.3379
Iteration 4142: Benign prob = 0.3383
Iteration 4166: Benign prob = 0.3389
Iteration 4168: Benign prob = 0.3424
Iteration 4200: Benign prob = 0.3443
Iteration 4216: Benign prob = 0.3537
Iteration 4280: Benign prob = 0.3554
Iteration 4370: Benign prob = 0.3555
Iteration 4418: Benign prob = 0.3687
Iteration 4444: Benign prob = 0.3713
Iteration 4495: Benign prob = 0.3851
Iteration 4502: Benign prob = 0.4067
Iteration 4519: Benign prob = 0.4067
Iteration 4527: Benign prob = 0.4078
Iteration 4536: Benign prob = 0.4149
Iteration 4564: Benign prob = 0.4190
Iteration 4568: Benign prob = 0.4206
Iteration 4580: Benign prob = 0.4241
Iteration 4588: Benign prob = 0.4248
Iteration 4589: Benign prob = 0.4271
Iteration 4603: Benign prob = 0.4277
Iteration 4607: Benign prob = 0.4348
Iteration 4612: Benign prob = 0.4404
Iteration 4630: Benign prob = 0.4460
Iteration 4656: Benign prob = 0.4494
Iteration 4732: Benign prob = 0.4498
Iteration 4745: Benign prob = 0.4601
Iteration 4771: Benign prob = 0.4667
Iteration 4778: Benign prob = 0.4688
Iteration 4856: Benign prob = 0.4734
Iteration 4876: Benign prob = 0.4763
Iteration 4915: Benign prob = 0.4801
Iteration 4920: Benign prob = 0.4806
Iteration 5012: Benign prob = 0.4844
Iteration 5058: Benign prob = 0.4857
Iteration 5084: Benign prob = 0.4962
Iteration 5230: Benign prob = 0.4997
Iteration 5248: Benign prob = 0.5024
Iteration 5266: Benign prob = 0.5037
Iteration 5374: Benign prob = 0.5113
Iteration 5416: Benign prob = 0.5124
Iteration 5488: Benign prob = 0.5171
Iteration 5580: Benign prob = 0.5197
Iteration 5589: Benign prob = 0.5206
Iteration 5644: Benign prob = 0.5218
Iteration 5658: Benign prob = 0.5238
Iteration 5703: Benign prob = 0.5257
Iteration 5717: Benign prob = 0.5418
Iteration 5734: Benign prob = 0.5502

 Completed Adversarial Image for image 5 in 9.08 minutes.

--- Adversarial Prediction Results for image 5: (/home/users/atodorova/alisa-thesis/malnet-cnn/test/riskware++smssend/dowgin/28C1875F912F62897E9B9D488123FAC0C4CE6E6CDE27B97F1BE55CB61CCCEF17.png) ---
Predicted class: 11 (benign)
Confidence     : 0.5502
True class     : 31 (riskware++smssend)


=== [6/10] Creating EA Adversarial Image for /home/users/atodorova/alisa-thesis/malnet-cnn/test/riskware++smssend/dowgin/40B9CC0238ACD6B4F6F4FA6F816B7F43EDAD75417227F09CCBE33636B40D0023.png ===

--- Original Prediction Results ---
Predicted class: 42 (trojan)

Confidence     : 0.4830

True class     : 31 (riskware++smssend)

Target ('benign') class: 11 (benign)

[INFO] Benign class became best class at iteration 719 with confidence 0.3706!

Targeted adversarial image created in 1347 iterations.
Benign first predicted at iteration 719 with confidence 0.3706.

Benign probability changes (iteration, prob):
Iteration 0: Benign prob = 0.0065
Iteration 82: Benign prob = 0.0076
Iteration 86: Benign prob = 0.0082
Iteration 92: Benign prob = 0.0097
Iteration 100: Benign prob = 0.0098
Iteration 101: Benign prob = 0.0104
Iteration 102: Benign prob = 0.0120
Iteration 103: Benign prob = 0.0126
Iteration 107: Benign prob = 0.0128
Iteration 108: Benign prob = 0.0143
Iteration 110: Benign prob = 0.0154
Iteration 111: Benign prob = 0.0196
Iteration 116: Benign prob = 0.0200
Iteration 120: Benign prob = 0.0257
Iteration 127: Benign prob = 0.0298
Iteration 131: Benign prob = 0.0355
Iteration 139: Benign prob = 0.0395
Iteration 142: Benign prob = 0.0404
Iteration 153: Benign prob = 0.0457
Iteration 169: Benign prob = 0.0483
Iteration 182: Benign prob = 0.0494
Iteration 187: Benign prob = 0.0510
Iteration 199: Benign prob = 0.0513
Iteration 201: Benign prob = 0.0534
Iteration 202: Benign prob = 0.0564
Iteration 205: Benign prob = 0.0569
Iteration 207: Benign prob = 0.0571
Iteration 208: Benign prob = 0.0641
Iteration 217: Benign prob = 0.0647
Iteration 219: Benign prob = 0.0657
Iteration 223: Benign prob = 0.0840
Iteration 244: Benign prob = 0.0847
Iteration 272: Benign prob = 0.0948
Iteration 275: Benign prob = 0.0991
Iteration 279: Benign prob = 0.1011
Iteration 301: Benign prob = 0.1157
Iteration 325: Benign prob = 0.1213
Iteration 328: Benign prob = 0.1239
Iteration 336: Benign prob = 0.1291
Iteration 342: Benign prob = 0.1433
Iteration 370: Benign prob = 0.1565
Iteration 378: Benign prob = 0.1580
Iteration 384: Benign prob = 0.1646
Iteration 386: Benign prob = 0.1649
Iteration 388: Benign prob = 0.1674
Iteration 397: Benign prob = 0.1706
Iteration 398: Benign prob = 0.1791
Iteration 401: Benign prob = 0.1850
Iteration 407: Benign prob = 0.1850
Iteration 411: Benign prob = 0.1871
Iteration 422: Benign prob = 0.2200
Iteration 424: Benign prob = 0.2299
Iteration 425: Benign prob = 0.2378
Iteration 448: Benign prob = 0.2412
Iteration 452: Benign prob = 0.2546
Iteration 472: Benign prob = 0.2565
Iteration 477: Benign prob = 0.2594
Iteration 491: Benign prob = 0.2628
Iteration 492: Benign prob = 0.2697
Iteration 509: Benign prob = 0.2761
Iteration 527: Benign prob = 0.2800
Iteration 535: Benign prob = 0.2892
Iteration 562: Benign prob = 0.2978
Iteration 564: Benign prob = 0.3053
Iteration 576: Benign prob = 0.3059
Iteration 589: Benign prob = 0.3205
Iteration 608: Benign prob = 0.3431
Iteration 609: Benign prob = 0.3448
Iteration 613: Benign prob = 0.3502
Iteration 642: Benign prob = 0.3515
Iteration 692: Benign prob = 0.3617
Iteration 719: Benign prob = 0.3706
Iteration 779: Benign prob = 0.3707
Iteration 781: Benign prob = 0.3928
Iteration 810: Benign prob = 0.3930
Iteration 835: Benign prob = 0.3933
Iteration 850: Benign prob = 0.4073
Iteration 862: Benign prob = 0.4100
Iteration 894: Benign prob = 0.4281
Iteration 899: Benign prob = 0.4287
Iteration 905: Benign prob = 0.4369
Iteration 924: Benign prob = 0.4374
Iteration 929: Benign prob = 0.4492
Iteration 932: Benign prob = 0.4542
Iteration 984: Benign prob = 0.4611
Iteration 999: Benign prob = 0.4693
Iteration 1014: Benign prob = 0.4708
Iteration 1022: Benign prob = 0.4767
Iteration 1025: Benign prob = 0.4811
Iteration 1055: Benign prob = 0.4866
Iteration 1080: Benign prob = 0.4966
Iteration 1145: Benign prob = 0.5127
Iteration 1180: Benign prob = 0.5169
Iteration 1190: Benign prob = 0.5177
Iteration 1225: Benign prob = 0.5258
Iteration 1258: Benign prob = 0.5301
Iteration 1279: Benign prob = 0.5366
Iteration 1292: Benign prob = 0.5385
Iteration 1328: Benign prob = 0.5400
Iteration 1345: Benign prob = 0.5419
Iteration 1347: Benign prob = 0.5506

 Completed Adversarial Image for image 6 in 2.11 minutes.

--- Adversarial Prediction Results for image 6: (/home/users/atodorova/alisa-thesis/malnet-cnn/test/riskware++smssend/dowgin/40B9CC0238ACD6B4F6F4FA6F816B7F43EDAD75417227F09CCBE33636B40D0023.png) ---
Predicted class: 11 (benign)
Confidence     : 0.5506
True class     : 31 (riskware++smssend)


=== [7/10] Creating EA Adversarial Image for /home/users/atodorova/alisa-thesis/malnet-cnn/test/riskware++smssend/genbl/4A7A59DD075251C26F3E7F5034F55D339A91CF172F65DCB37BD1C40FC59E0AC4.png ===

--- Original Prediction Results ---
Predicted class: 4 (adware)

Confidence     : 0.9996

True class     : 31 (riskware++smssend)

Target ('benign') class: 11 (benign)

[INFO] Benign class became best class at iteration 1158 with confidence 0.3219!

Targeted adversarial image created in 1639 iterations.
Benign first predicted at iteration 1158 with confidence 0.3219.

Benign probability changes (iteration, prob):
Iteration 0: Benign prob = 0.0010
Iteration 4: Benign prob = 0.0014
Iteration 6: Benign prob = 0.0016
Iteration 7: Benign prob = 0.0017
Iteration 9: Benign prob = 0.0018
Iteration 11: Benign prob = 0.0018
Iteration 12: Benign prob = 0.0018
Iteration 13: Benign prob = 0.0019
Iteration 15: Benign prob = 0.0019
Iteration 19: Benign prob = 0.0020
Iteration 20: Benign prob = 0.0021
Iteration 21: Benign prob = 0.0022
Iteration 24: Benign prob = 0.0022
Iteration 28: Benign prob = 0.0023
Iteration 30: Benign prob = 0.0023
Iteration 31: Benign prob = 0.0025
Iteration 32: Benign prob = 0.0026
Iteration 34: Benign prob = 0.0026
Iteration 37: Benign prob = 0.0026
Iteration 38: Benign prob = 0.0027
Iteration 39: Benign prob = 0.0028
Iteration 43: Benign prob = 0.0029
Iteration 46: Benign prob = 0.0033
Iteration 59: Benign prob = 0.0036
Iteration 61: Benign prob = 0.0037
Iteration 64: Benign prob = 0.0039
Iteration 65: Benign prob = 0.0046
Iteration 68: Benign prob = 0.0047
Iteration 69: Benign prob = 0.0047
Iteration 72: Benign prob = 0.0049
Iteration 78: Benign prob = 0.0051
Iteration 86: Benign prob = 0.0056
Iteration 88: Benign prob = 0.0058
Iteration 94: Benign prob = 0.0062
Iteration 95: Benign prob = 0.0064
Iteration 100: Benign prob = 0.0065
Iteration 101: Benign prob = 0.0071
Iteration 106: Benign prob = 0.0073
Iteration 108: Benign prob = 0.0086
Iteration 112: Benign prob = 0.0090
Iteration 114: Benign prob = 0.0090
Iteration 122: Benign prob = 0.0092
Iteration 124: Benign prob = 0.0093
Iteration 129: Benign prob = 0.0101
Iteration 130: Benign prob = 0.0111
Iteration 136: Benign prob = 0.0115
Iteration 138: Benign prob = 0.0118
Iteration 143: Benign prob = 0.0143
Iteration 150: Benign prob = 0.0145
Iteration 154: Benign prob = 0.0155
Iteration 158: Benign prob = 0.0158
Iteration 159: Benign prob = 0.0162
Iteration 160: Benign prob = 0.0169
Iteration 162: Benign prob = 0.0184
Iteration 167: Benign prob = 0.0185
Iteration 169: Benign prob = 0.0186
Iteration 170: Benign prob = 0.0205
Iteration 177: Benign prob = 0.0213
Iteration 178: Benign prob = 0.0214
Iteration 179: Benign prob = 0.0241
Iteration 199: Benign prob = 0.0256
Iteration 200: Benign prob = 0.0264
Iteration 202: Benign prob = 0.0307
Iteration 205: Benign prob = 0.0351
Iteration 207: Benign prob = 0.0361
Iteration 215: Benign prob = 0.0396
Iteration 219: Benign prob = 0.0397
Iteration 227: Benign prob = 0.0426
Iteration 228: Benign prob = 0.0451
Iteration 241: Benign prob = 0.0452
Iteration 242: Benign prob = 0.0462
Iteration 243: Benign prob = 0.0492
Iteration 245: Benign prob = 0.0517
Iteration 256: Benign prob = 0.0549
Iteration 257: Benign prob = 0.0553
Iteration 272: Benign prob = 0.0637
Iteration 274: Benign prob = 0.0689
Iteration 276: Benign prob = 0.0690
Iteration 277: Benign prob = 0.0744
Iteration 286: Benign prob = 0.0746
Iteration 289: Benign prob = 0.0750
Iteration 296: Benign prob = 0.0821
Iteration 298: Benign prob = 0.0824
Iteration 301: Benign prob = 0.0849
Iteration 318: Benign prob = 0.0896
Iteration 325: Benign prob = 0.0920
Iteration 335: Benign prob = 0.0924
Iteration 343: Benign prob = 0.0965
Iteration 360: Benign prob = 0.1056
Iteration 366: Benign prob = 0.1082
Iteration 372: Benign prob = 0.1097
Iteration 373: Benign prob = 0.1132
Iteration 385: Benign prob = 0.1137
Iteration 389: Benign prob = 0.1170
Iteration 392: Benign prob = 0.1213
Iteration 405: Benign prob = 0.1283
Iteration 417: Benign prob = 0.1285
Iteration 418: Benign prob = 0.1331
Iteration 422: Benign prob = 0.1413
Iteration 434: Benign prob = 0.1432
Iteration 439: Benign prob = 0.1456
Iteration 448: Benign prob = 0.1471
Iteration 466: Benign prob = 0.1511
Iteration 471: Benign prob = 0.1570
Iteration 475: Benign prob = 0.1593
Iteration 489: Benign prob = 0.1598
Iteration 491: Benign prob = 0.1629
Iteration 499: Benign prob = 0.1682
Iteration 510: Benign prob = 0.1742
Iteration 512: Benign prob = 0.1784
Iteration 524: Benign prob = 0.1890
Iteration 534: Benign prob = 0.1907
Iteration 546: Benign prob = 0.2070
Iteration 557: Benign prob = 0.2096
Iteration 558: Benign prob = 0.2140
Iteration 564: Benign prob = 0.2210
Iteration 609: Benign prob = 0.2287
Iteration 657: Benign prob = 0.2354
Iteration 673: Benign prob = 0.2367
Iteration 708: Benign prob = 0.2393
Iteration 723: Benign prob = 0.2577
Iteration 756: Benign prob = 0.2659
Iteration 841: Benign prob = 0.2845
Iteration 930: Benign prob = 0.2855
Iteration 1081: Benign prob = 0.3005
Iteration 1107: Benign prob = 0.3068
Iteration 1121: Benign prob = 0.3158
Iteration 1154: Benign prob = 0.3170
Iteration 1158: Benign prob = 0.3219
Iteration 1179: Benign prob = 0.3220
Iteration 1194: Benign prob = 0.3266
Iteration 1196: Benign prob = 0.3311
Iteration 1197: Benign prob = 0.3481
Iteration 1208: Benign prob = 0.3633
Iteration 1227: Benign prob = 0.3698
Iteration 1279: Benign prob = 0.3759
Iteration 1298: Benign prob = 0.3845
Iteration 1307: Benign prob = 0.3880
Iteration 1336: Benign prob = 0.3929
Iteration 1339: Benign prob = 0.4132
Iteration 1352: Benign prob = 0.4145
Iteration 1361: Benign prob = 0.4287
Iteration 1362: Benign prob = 0.4338
Iteration 1371: Benign prob = 0.4419
Iteration 1375: Benign prob = 0.4449
Iteration 1409: Benign prob = 0.4456
Iteration 1410: Benign prob = 0.4468
Iteration 1415: Benign prob = 0.4535
Iteration 1417: Benign prob = 0.4548
Iteration 1421: Benign prob = 0.4610
Iteration 1446: Benign prob = 0.4664
Iteration 1464: Benign prob = 0.4670
Iteration 1470: Benign prob = 0.4838
Iteration 1485: Benign prob = 0.4943
Iteration 1492: Benign prob = 0.4990
Iteration 1510: Benign prob = 0.5101
Iteration 1520: Benign prob = 0.5194
Iteration 1571: Benign prob = 0.5228
Iteration 1572: Benign prob = 0.5275
Iteration 1590: Benign prob = 0.5306
Iteration 1612: Benign prob = 0.5329
Iteration 1614: Benign prob = 0.5387
Iteration 1619: Benign prob = 0.5416
Iteration 1621: Benign prob = 0.5432
Iteration 1626: Benign prob = 0.5456
Iteration 1639: Benign prob = 0.5508

 Completed Adversarial Image for image 7 in 2.59 minutes.

--- Adversarial Prediction Results for image 7: (/home/users/atodorova/alisa-thesis/malnet-cnn/test/riskware++smssend/genbl/4A7A59DD075251C26F3E7F5034F55D339A91CF172F65DCB37BD1C40FC59E0AC4.png) ---
Predicted class: 11 (benign)
Confidence     : 0.5508
True class     : 31 (riskware++smssend)


=== [8/10] Creating EA Adversarial Image for /home/users/atodorova/alisa-thesis/malnet-cnn/test/riskware++smssend/genbl/BF1D89F831698EC6A4C38B36E68FAE4CBB222B974B9DC9F2ED278589BA3CB750.png ===

--- Original Prediction Results ---
Predicted class: 4 (adware)

Confidence     : 1.0000

True class     : 31 (riskware++smssend)

Target ('benign') class: 11 (benign)

[INFO] Benign class became best class at iteration 764 with confidence 0.3235!

Targeted adversarial image created in 1565 iterations.
Benign first predicted at iteration 764 with confidence 0.3235.

Benign probability changes (iteration, prob):
Iteration 0: Benign prob = 0.0010
Iteration 7: Benign prob = 0.0012
Iteration 8: Benign prob = 0.0014
Iteration 9: Benign prob = 0.0016
Iteration 11: Benign prob = 0.0016
Iteration 12: Benign prob = 0.0017
Iteration 13: Benign prob = 0.0018
Iteration 15: Benign prob = 0.0019
Iteration 18: Benign prob = 0.0021
Iteration 20: Benign prob = 0.0021
Iteration 21: Benign prob = 0.0022
Iteration 22: Benign prob = 0.0022
Iteration 24: Benign prob = 0.0024
Iteration 28: Benign prob = 0.0024
Iteration 29: Benign prob = 0.0027
Iteration 31: Benign prob = 0.0029
Iteration 37: Benign prob = 0.0029
Iteration 38: Benign prob = 0.0032
Iteration 41: Benign prob = 0.0033
Iteration 47: Benign prob = 0.0037
Iteration 53: Benign prob = 0.0042
Iteration 57: Benign prob = 0.0043
Iteration 60: Benign prob = 0.0050
Iteration 63: Benign prob = 0.0051
Iteration 68: Benign prob = 0.0057
Iteration 71: Benign prob = 0.0060
Iteration 72: Benign prob = 0.0066
Iteration 74: Benign prob = 0.0067
Iteration 77: Benign prob = 0.0069
Iteration 78: Benign prob = 0.0074
Iteration 81: Benign prob = 0.0075
Iteration 83: Benign prob = 0.0076
Iteration 88: Benign prob = 0.0078
Iteration 89: Benign prob = 0.0079
Iteration 90: Benign prob = 0.0082
Iteration 93: Benign prob = 0.0091
Iteration 96: Benign prob = 0.0094
Iteration 97: Benign prob = 0.0106
Iteration 103: Benign prob = 0.0135
Iteration 106: Benign prob = 0.0136
Iteration 109: Benign prob = 0.0147
Iteration 110: Benign prob = 0.0150
Iteration 112: Benign prob = 0.0152
Iteration 114: Benign prob = 0.0160
Iteration 117: Benign prob = 0.0171
Iteration 118: Benign prob = 0.0194
Iteration 122: Benign prob = 0.0195
Iteration 124: Benign prob = 0.0203
Iteration 125: Benign prob = 0.0218
Iteration 128: Benign prob = 0.0229
Iteration 136: Benign prob = 0.0245
Iteration 138: Benign prob = 0.0271
Iteration 144: Benign prob = 0.0278
Iteration 151: Benign prob = 0.0287
Iteration 165: Benign prob = 0.0297
Iteration 167: Benign prob = 0.0321
Iteration 170: Benign prob = 0.0325
Iteration 171: Benign prob = 0.0360
Iteration 172: Benign prob = 0.0362
Iteration 173: Benign prob = 0.0387
Iteration 174: Benign prob = 0.0390
Iteration 177: Benign prob = 0.0394
Iteration 179: Benign prob = 0.0411
Iteration 181: Benign prob = 0.0474
Iteration 199: Benign prob = 0.0503
Iteration 201: Benign prob = 0.0508
Iteration 203: Benign prob = 0.0518
Iteration 207: Benign prob = 0.0519
Iteration 208: Benign prob = 0.0551
Iteration 216: Benign prob = 0.0588
Iteration 248: Benign prob = 0.0590
Iteration 249: Benign prob = 0.0606
Iteration 254: Benign prob = 0.0667
Iteration 265: Benign prob = 0.0761
Iteration 289: Benign prob = 0.0838
Iteration 292: Benign prob = 0.0885
Iteration 300: Benign prob = 0.0911
Iteration 310: Benign prob = 0.0959
Iteration 325: Benign prob = 0.0976
Iteration 327: Benign prob = 0.0983
Iteration 328: Benign prob = 0.1016
Iteration 330: Benign prob = 0.1059
Iteration 331: Benign prob = 0.1063
Iteration 336: Benign prob = 0.1165
Iteration 355: Benign prob = 0.1205
Iteration 359: Benign prob = 0.1240
Iteration 360: Benign prob = 0.1247
Iteration 365: Benign prob = 0.1287
Iteration 366: Benign prob = 0.1319
Iteration 371: Benign prob = 0.1320
Iteration 386: Benign prob = 0.1351
Iteration 396: Benign prob = 0.1508
Iteration 407: Benign prob = 0.1547
Iteration 410: Benign prob = 0.1627
Iteration 431: Benign prob = 0.1636
Iteration 443: Benign prob = 0.1685
Iteration 447: Benign prob = 0.1688
Iteration 463: Benign prob = 0.1708
Iteration 466: Benign prob = 0.1798
Iteration 485: Benign prob = 0.1842
Iteration 497: Benign prob = 0.1903
Iteration 517: Benign prob = 0.1944
Iteration 524: Benign prob = 0.1945
Iteration 525: Benign prob = 0.2004
Iteration 532: Benign prob = 0.2069
Iteration 549: Benign prob = 0.2140
Iteration 557: Benign prob = 0.2145
Iteration 558: Benign prob = 0.2159
Iteration 560: Benign prob = 0.2232
Iteration 588: Benign prob = 0.2305
Iteration 635: Benign prob = 0.2305
Iteration 636: Benign prob = 0.2399
Iteration 655: Benign prob = 0.2443
Iteration 668: Benign prob = 0.2680
Iteration 691: Benign prob = 0.2807
Iteration 735: Benign prob = 0.2829
Iteration 753: Benign prob = 0.2894
Iteration 764: Benign prob = 0.3235
Iteration 776: Benign prob = 0.3248
Iteration 785: Benign prob = 0.3527
Iteration 815: Benign prob = 0.3573
Iteration 835: Benign prob = 0.3582
Iteration 845: Benign prob = 0.3592
Iteration 849: Benign prob = 0.3666
Iteration 874: Benign prob = 0.3721
Iteration 914: Benign prob = 0.3794
Iteration 933: Benign prob = 0.3813
Iteration 964: Benign prob = 0.3813
Iteration 970: Benign prob = 0.3924
Iteration 989: Benign prob = 0.4034
Iteration 1028: Benign prob = 0.4043
Iteration 1040: Benign prob = 0.4133
Iteration 1072: Benign prob = 0.4137
Iteration 1089: Benign prob = 0.4199
Iteration 1093: Benign prob = 0.4353
Iteration 1133: Benign prob = 0.4396
Iteration 1151: Benign prob = 0.4510
Iteration 1192: Benign prob = 0.4637
Iteration 1209: Benign prob = 0.4638
Iteration 1215: Benign prob = 0.4681
Iteration 1251: Benign prob = 0.4743
Iteration 1258: Benign prob = 0.4765
Iteration 1289: Benign prob = 0.4916
Iteration 1305: Benign prob = 0.4926
Iteration 1348: Benign prob = 0.4945
Iteration 1354: Benign prob = 0.4992
Iteration 1400: Benign prob = 0.5099
Iteration 1471: Benign prob = 0.5124
Iteration 1498: Benign prob = 0.5296
Iteration 1509: Benign prob = 0.5299
Iteration 1513: Benign prob = 0.5484
Iteration 1524: Benign prob = 0.5489
Iteration 1565: Benign prob = 0.5606

 Completed Adversarial Image for image 8 in 2.45 minutes.

--- Adversarial Prediction Results for image 8: (/home/users/atodorova/alisa-thesis/malnet-cnn/test/riskware++smssend/genbl/BF1D89F831698EC6A4C38B36E68FAE4CBB222B974B9DC9F2ED278589BA3CB750.png) ---
Predicted class: 11 (benign)
Confidence     : 0.5606
True class     : 31 (riskware++smssend)


=== [9/10] Creating EA Adversarial Image for /home/users/atodorova/alisa-thesis/malnet-cnn/test/riskware++smssend/gyzz/58309875F5375A33035EBCDC0572697AF4DC367A10197BFD306838DC45C89F93.png ===

--- Original Prediction Results ---
Predicted class: 42 (trojan)

Confidence     : 0.6014

True class     : 31 (riskware++smssend)

Target ('benign') class: 11 (benign)

[INFO] Benign class became best class at iteration 8315 with confidence 0.2852!

Failed to generate adversarial image in 10000 iterations.
Benign first predicted at iteration 8315 with confidence 0.2852.

Benign probability changes (iteration, prob):
Iteration 0: Benign prob = 0.0019
Iteration 1: Benign prob = 0.0024
Iteration 7: Benign prob = 0.0026
Iteration 12: Benign prob = 0.0027
Iteration 16: Benign prob = 0.0028
Iteration 19: Benign prob = 0.0029
Iteration 29: Benign prob = 0.0029
Iteration 36: Benign prob = 0.0030
Iteration 38: Benign prob = 0.0031
Iteration 43: Benign prob = 0.0032
Iteration 45: Benign prob = 0.0033
Iteration 50: Benign prob = 0.0034
Iteration 55: Benign prob = 0.0035
Iteration 59: Benign prob = 0.0038
Iteration 80: Benign prob = 0.0039
Iteration 87: Benign prob = 0.0039
Iteration 88: Benign prob = 0.0039
Iteration 89: Benign prob = 0.0040
Iteration 97: Benign prob = 0.0043
Iteration 111: Benign prob = 0.0044
Iteration 121: Benign prob = 0.0045
Iteration 147: Benign prob = 0.0045
Iteration 150: Benign prob = 0.0047
Iteration 156: Benign prob = 0.0048
Iteration 170: Benign prob = 0.0050
Iteration 183: Benign prob = 0.0050
Iteration 196: Benign prob = 0.0054
Iteration 236: Benign prob = 0.0057
Iteration 237: Benign prob = 0.0057
Iteration 263: Benign prob = 0.0058
Iteration 278: Benign prob = 0.0060
Iteration 297: Benign prob = 0.0060
Iteration 310: Benign prob = 0.0061
Iteration 370: Benign prob = 0.0065
Iteration 390: Benign prob = 0.0065
Iteration 395: Benign prob = 0.0067
Iteration 400: Benign prob = 0.0067
Iteration 409: Benign prob = 0.0068
Iteration 422: Benign prob = 0.0070
Iteration 428: Benign prob = 0.0071
Iteration 429: Benign prob = 0.0072
Iteration 440: Benign prob = 0.0073
Iteration 496: Benign prob = 0.0075
Iteration 504: Benign prob = 0.0075
Iteration 507: Benign prob = 0.0077
Iteration 512: Benign prob = 0.0078
Iteration 519: Benign prob = 0.0080
Iteration 567: Benign prob = 0.0080
Iteration 569: Benign prob = 0.0081
Iteration 580: Benign prob = 0.0083
Iteration 616: Benign prob = 0.0087
Iteration 637: Benign prob = 0.0089
Iteration 655: Benign prob = 0.0091
Iteration 657: Benign prob = 0.0092
Iteration 669: Benign prob = 0.0095
Iteration 687: Benign prob = 0.0096
Iteration 704: Benign prob = 0.0099
Iteration 732: Benign prob = 0.0099
Iteration 776: Benign prob = 0.0103
Iteration 782: Benign prob = 0.0107
Iteration 791: Benign prob = 0.0110
Iteration 830: Benign prob = 0.0112
Iteration 833: Benign prob = 0.0112
Iteration 834: Benign prob = 0.0113
Iteration 835: Benign prob = 0.0114
Iteration 840: Benign prob = 0.0120
Iteration 876: Benign prob = 0.0124
Iteration 881: Benign prob = 0.0125
Iteration 889: Benign prob = 0.0126
Iteration 901: Benign prob = 0.0128
Iteration 905: Benign prob = 0.0128
Iteration 907: Benign prob = 0.0134
Iteration 909: Benign prob = 0.0135
Iteration 927: Benign prob = 0.0141
Iteration 985: Benign prob = 0.0142
Iteration 986: Benign prob = 0.0143
Iteration 988: Benign prob = 0.0150
Iteration 1067: Benign prob = 0.0154
Iteration 1071: Benign prob = 0.0156
Iteration 1080: Benign prob = 0.0168
Iteration 1093: Benign prob = 0.0173
Iteration 1098: Benign prob = 0.0178
Iteration 1102: Benign prob = 0.0179
Iteration 1150: Benign prob = 0.0187
Iteration 1215: Benign prob = 0.0189
Iteration 1228: Benign prob = 0.0191
Iteration 1247: Benign prob = 0.0193
Iteration 1249: Benign prob = 0.0193
Iteration 1270: Benign prob = 0.0204
Iteration 1328: Benign prob = 0.0205
Iteration 1333: Benign prob = 0.0207
Iteration 1335: Benign prob = 0.0216
Iteration 1347: Benign prob = 0.0217
Iteration 1371: Benign prob = 0.0227
Iteration 1436: Benign prob = 0.0232
Iteration 1466: Benign prob = 0.0234
Iteration 1472: Benign prob = 0.0235
Iteration 1482: Benign prob = 0.0237
Iteration 1492: Benign prob = 0.0244
Iteration 1493: Benign prob = 0.0246
Iteration 1509: Benign prob = 0.0248
Iteration 1522: Benign prob = 0.0257
Iteration 1553: Benign prob = 0.0266
Iteration 1589: Benign prob = 0.0272
Iteration 1601: Benign prob = 0.0274
Iteration 1618: Benign prob = 0.0280
Iteration 1626: Benign prob = 0.0283
Iteration 1634: Benign prob = 0.0288
Iteration 1635: Benign prob = 0.0291
Iteration 1637: Benign prob = 0.0301
Iteration 1657: Benign prob = 0.0302
Iteration 1672: Benign prob = 0.0311
Iteration 1673: Benign prob = 0.0322
Iteration 1676: Benign prob = 0.0331
Iteration 1686: Benign prob = 0.0343
Iteration 1726: Benign prob = 0.0367
Iteration 1737: Benign prob = 0.0369
Iteration 1761: Benign prob = 0.0373
Iteration 1765: Benign prob = 0.0376
Iteration 1771: Benign prob = 0.0377
Iteration 1776: Benign prob = 0.0378
Iteration 1780: Benign prob = 0.0384
Iteration 1784: Benign prob = 0.0388
Iteration 1786: Benign prob = 0.0396
Iteration 1801: Benign prob = 0.0414
Iteration 1803: Benign prob = 0.0419
Iteration 1809: Benign prob = 0.0420
Iteration 1821: Benign prob = 0.0429
Iteration 1831: Benign prob = 0.0431
Iteration 1847: Benign prob = 0.0431
Iteration 1861: Benign prob = 0.0457
Iteration 1884: Benign prob = 0.0469
Iteration 1886: Benign prob = 0.0469
Iteration 1901: Benign prob = 0.0474
Iteration 1909: Benign prob = 0.0474
Iteration 1910: Benign prob = 0.0482
Iteration 1942: Benign prob = 0.0493
Iteration 1953: Benign prob = 0.0508
Iteration 1975: Benign prob = 0.0520
Iteration 1996: Benign prob = 0.0521
Iteration 2010: Benign prob = 0.0533
Iteration 2021: Benign prob = 0.0548
Iteration 2048: Benign prob = 0.0562
Iteration 2062: Benign prob = 0.0571
Iteration 2089: Benign prob = 0.0583
Iteration 2129: Benign prob = 0.0592
Iteration 2131: Benign prob = 0.0598
Iteration 2142: Benign prob = 0.0600
Iteration 2145: Benign prob = 0.0601
Iteration 2184: Benign prob = 0.0607
Iteration 2200: Benign prob = 0.0621
Iteration 2202: Benign prob = 0.0622
Iteration 2203: Benign prob = 0.0632
Iteration 2207: Benign prob = 0.0633
Iteration 2211: Benign prob = 0.0653
Iteration 2221: Benign prob = 0.0664
Iteration 2270: Benign prob = 0.0672
Iteration 2289: Benign prob = 0.0706
Iteration 2300: Benign prob = 0.0716
Iteration 2317: Benign prob = 0.0720
Iteration 2331: Benign prob = 0.0733
Iteration 2346: Benign prob = 0.0746
Iteration 2405: Benign prob = 0.0756
Iteration 2411: Benign prob = 0.0762
Iteration 2450: Benign prob = 0.0773
Iteration 2452: Benign prob = 0.0795
Iteration 2473: Benign prob = 0.0858
Iteration 2490: Benign prob = 0.0864
Iteration 2524: Benign prob = 0.0871
Iteration 2546: Benign prob = 0.0879
Iteration 2598: Benign prob = 0.0901
Iteration 2599: Benign prob = 0.0907
Iteration 2623: Benign prob = 0.0908
Iteration 2634: Benign prob = 0.0922
Iteration 2669: Benign prob = 0.0930
Iteration 2674: Benign prob = 0.0963
Iteration 2742: Benign prob = 0.0983
Iteration 2763: Benign prob = 0.0991
Iteration 2858: Benign prob = 0.1005
Iteration 2887: Benign prob = 0.1012
Iteration 2895: Benign prob = 0.1023
Iteration 2898: Benign prob = 0.1025
Iteration 2922: Benign prob = 0.1034
Iteration 2979: Benign prob = 0.1037
Iteration 3020: Benign prob = 0.1045
Iteration 3021: Benign prob = 0.1049
Iteration 3022: Benign prob = 0.1054
Iteration 3033: Benign prob = 0.1063
Iteration 3087: Benign prob = 0.1070
Iteration 3129: Benign prob = 0.1092
Iteration 3156: Benign prob = 0.1130
Iteration 3203: Benign prob = 0.1168
Iteration 3384: Benign prob = 0.1175
Iteration 3434: Benign prob = 0.1242
Iteration 3470: Benign prob = 0.1246
Iteration 3480: Benign prob = 0.1247
Iteration 3493: Benign prob = 0.1249
Iteration 3517: Benign prob = 0.1260
Iteration 3521: Benign prob = 0.1272
Iteration 3528: Benign prob = 0.1291
Iteration 3541: Benign prob = 0.1358
Iteration 3590: Benign prob = 0.1368
Iteration 3673: Benign prob = 0.1399
Iteration 3674: Benign prob = 0.1433
Iteration 3681: Benign prob = 0.1447
Iteration 3686: Benign prob = 0.1453
Iteration 3728: Benign prob = 0.1467
Iteration 3755: Benign prob = 0.1468
Iteration 3768: Benign prob = 0.1473
Iteration 3844: Benign prob = 0.1479
Iteration 3897: Benign prob = 0.1486
Iteration 3948: Benign prob = 0.1505
Iteration 4009: Benign prob = 0.1518
Iteration 4016: Benign prob = 0.1519
Iteration 4070: Benign prob = 0.1555
Iteration 4142: Benign prob = 0.1568
Iteration 4180: Benign prob = 0.1595
Iteration 4200: Benign prob = 0.1609
Iteration 4235: Benign prob = 0.1614
Iteration 4359: Benign prob = 0.1617
Iteration 4404: Benign prob = 0.1618
Iteration 4415: Benign prob = 0.1629
Iteration 4504: Benign prob = 0.1672
Iteration 4546: Benign prob = 0.1692
Iteration 4559: Benign prob = 0.1704
Iteration 4650: Benign prob = 0.1705
Iteration 4688: Benign prob = 0.1715
Iteration 4698: Benign prob = 0.1735
Iteration 4743: Benign prob = 0.1781
Iteration 4752: Benign prob = 0.1783
Iteration 4779: Benign prob = 0.1795
Iteration 4870: Benign prob = 0.1852
Iteration 4978: Benign prob = 0.1898
Iteration 5144: Benign prob = 0.1927
Iteration 5160: Benign prob = 0.1934
Iteration 5173: Benign prob = 0.1987
Iteration 5251: Benign prob = 0.1999
Iteration 5473: Benign prob = 0.2031
Iteration 5703: Benign prob = 0.2045
Iteration 5883: Benign prob = 0.2050
Iteration 5963: Benign prob = 0.2052
Iteration 5968: Benign prob = 0.2083
Iteration 6009: Benign prob = 0.2084
Iteration 6054: Benign prob = 0.2091
Iteration 6058: Benign prob = 0.2102
Iteration 6075: Benign prob = 0.2117
Iteration 6113: Benign prob = 0.2123
Iteration 6135: Benign prob = 0.2127
Iteration 6260: Benign prob = 0.2140
Iteration 6290: Benign prob = 0.2159
Iteration 6328: Benign prob = 0.2174
Iteration 6417: Benign prob = 0.2183
Iteration 6462: Benign prob = 0.2193
Iteration 6468: Benign prob = 0.2194
Iteration 6482: Benign prob = 0.2245
Iteration 6608: Benign prob = 0.2308
Iteration 6694: Benign prob = 0.2333
Iteration 6810: Benign prob = 0.2338
Iteration 6837: Benign prob = 0.2396
Iteration 7038: Benign prob = 0.2414
Iteration 7080: Benign prob = 0.2438
Iteration 7231: Benign prob = 0.2447
Iteration 7235: Benign prob = 0.2474
Iteration 7275: Benign prob = 0.2480
Iteration 7385: Benign prob = 0.2486
Iteration 7392: Benign prob = 0.2545
Iteration 7517: Benign prob = 0.2587
Iteration 7591: Benign prob = 0.2597
Iteration 7600: Benign prob = 0.2605
Iteration 7639: Benign prob = 0.2619
Iteration 7667: Benign prob = 0.2630
Iteration 7758: Benign prob = 0.2656
Iteration 7770: Benign prob = 0.2664
Iteration 7771: Benign prob = 0.2665
Iteration 7796: Benign prob = 0.2682
Iteration 7808: Benign prob = 0.2711
Iteration 7814: Benign prob = 0.2712
Iteration 7859: Benign prob = 0.2763
Iteration 8105: Benign prob = 0.2766
Iteration 8109: Benign prob = 0.2788
Iteration 8286: Benign prob = 0.2827
Iteration 8315: Benign prob = 0.2852
Iteration 8454: Benign prob = 0.2880
Iteration 8499: Benign prob = 0.2896
Iteration 8533: Benign prob = 0.2900
Iteration 8576: Benign prob = 0.2971
Iteration 8643: Benign prob = 0.2990
Iteration 8713: Benign prob = 0.3001
Iteration 8815: Benign prob = 0.3010
Iteration 8869: Benign prob = 0.3034
Iteration 8873: Benign prob = 0.3042
Iteration 9009: Benign prob = 0.3051
Iteration 9070: Benign prob = 0.3074
Iteration 9153: Benign prob = 0.3099
Iteration 9241: Benign prob = 0.3134
Iteration 9327: Benign prob = 0.3148
Iteration 9392: Benign prob = 0.3151
Iteration 9412: Benign prob = 0.3153
Iteration 9534: Benign prob = 0.3165
Iteration 9578: Benign prob = 0.3216
Iteration 9681: Benign prob = 0.3250
Iteration 9691: Benign prob = 0.3251
Iteration 9788: Benign prob = 0.3341
Iteration 9851: Benign prob = 0.3392
Iteration 9883: Benign prob = 0.3393
Iteration 9965: Benign prob = 0.3401
Iteration 9984: Benign prob = 0.3418

 Completed Adversarial Image for image 9 in 15.80 minutes.

--- Adversarial Prediction Results for image 9: (/home/users/atodorova/alisa-thesis/malnet-cnn/test/riskware++smssend/gyzz/58309875F5375A33035EBCDC0572697AF4DC367A10197BFD306838DC45C89F93.png) ---
Predicted class: 42 (trojan)
Confidence     : 0.6014
True class     : 31 (riskware++smssend)


=== [10/10] Creating EA Adversarial Image for /home/users/atodorova/alisa-thesis/malnet-cnn/test/riskware++smssend/gyzz/EC61ED08101A87C3353DAA7E640009DC85AB95AF01CE885D818D5A81C2CAADE7.png ===

--- Original Prediction Results ---
Predicted class: 4 (adware)

Confidence     : 1.0000

True class     : 31 (riskware++smssend)

Target ('benign') class: 11 (benign)

[INFO] Benign class became best class at iteration 837 with confidence 0.3249!

Targeted adversarial image created in 1514 iterations.
Benign first predicted at iteration 837 with confidence 0.3249.

Benign probability changes (iteration, prob):
Iteration 0: Benign prob = 0.0013
Iteration 3: Benign prob = 0.0014
Iteration 4: Benign prob = 0.0016
Iteration 5: Benign prob = 0.0017
Iteration 6: Benign prob = 0.0018
Iteration 7: Benign prob = 0.0018
Iteration 8: Benign prob = 0.0019
Iteration 10: Benign prob = 0.0019
Iteration 11: Benign prob = 0.0021
Iteration 13: Benign prob = 0.0021
Iteration 15: Benign prob = 0.0023
Iteration 20: Benign prob = 0.0023
Iteration 21: Benign prob = 0.0024
Iteration 22: Benign prob = 0.0024
Iteration 23: Benign prob = 0.0024
Iteration 24: Benign prob = 0.0025
Iteration 25: Benign prob = 0.0029
Iteration 29: Benign prob = 0.0030
Iteration 31: Benign prob = 0.0030
Iteration 33: Benign prob = 0.0031
Iteration 37: Benign prob = 0.0032
Iteration 42: Benign prob = 0.0033
Iteration 43: Benign prob = 0.0035
Iteration 45: Benign prob = 0.0037
Iteration 48: Benign prob = 0.0037
Iteration 50: Benign prob = 0.0038
Iteration 52: Benign prob = 0.0044
Iteration 56: Benign prob = 0.0046
Iteration 60: Benign prob = 0.0046
Iteration 68: Benign prob = 0.0047
Iteration 69: Benign prob = 0.0048
Iteration 70: Benign prob = 0.0051
Iteration 80: Benign prob = 0.0052
Iteration 81: Benign prob = 0.0053
Iteration 86: Benign prob = 0.0059
Iteration 91: Benign prob = 0.0061
Iteration 96: Benign prob = 0.0062
Iteration 107: Benign prob = 0.0074
Iteration 116: Benign prob = 0.0087
Iteration 117: Benign prob = 0.0087
Iteration 124: Benign prob = 0.0090
Iteration 130: Benign prob = 0.0092
Iteration 133: Benign prob = 0.0105
Iteration 147: Benign prob = 0.0111
Iteration 166: Benign prob = 0.0113
Iteration 167: Benign prob = 0.0122
Iteration 169: Benign prob = 0.0125
Iteration 179: Benign prob = 0.0129
Iteration 181: Benign prob = 0.0137
Iteration 183: Benign prob = 0.0144
Iteration 194: Benign prob = 0.0148
Iteration 198: Benign prob = 0.0150
Iteration 202: Benign prob = 0.0164
Iteration 212: Benign prob = 0.0182
Iteration 214: Benign prob = 0.0205
Iteration 219: Benign prob = 0.0206
Iteration 221: Benign prob = 0.0217
Iteration 232: Benign prob = 0.0228
Iteration 249: Benign prob = 0.0240
Iteration 262: Benign prob = 0.0243
Iteration 266: Benign prob = 0.0257
Iteration 271: Benign prob = 0.0264
Iteration 273: Benign prob = 0.0266
Iteration 275: Benign prob = 0.0275
Iteration 277: Benign prob = 0.0289
Iteration 287: Benign prob = 0.0324
Iteration 288: Benign prob = 0.0350
Iteration 294: Benign prob = 0.0362
Iteration 298: Benign prob = 0.0378
Iteration 299: Benign prob = 0.0380
Iteration 300: Benign prob = 0.0419
Iteration 301: Benign prob = 0.0423
Iteration 310: Benign prob = 0.0432
Iteration 312: Benign prob = 0.0452
Iteration 336: Benign prob = 0.0469
Iteration 343: Benign prob = 0.0478
Iteration 350: Benign prob = 0.0503
Iteration 352: Benign prob = 0.0576
Iteration 368: Benign prob = 0.0597
Iteration 370: Benign prob = 0.0634
Iteration 389: Benign prob = 0.0652
Iteration 390: Benign prob = 0.0734
Iteration 400: Benign prob = 0.0762
Iteration 405: Benign prob = 0.0812
Iteration 406: Benign prob = 0.0845
Iteration 415: Benign prob = 0.0864
Iteration 420: Benign prob = 0.0893
Iteration 422: Benign prob = 0.0911
Iteration 427: Benign prob = 0.0921
Iteration 429: Benign prob = 0.0969
Iteration 433: Benign prob = 0.0998
Iteration 438: Benign prob = 0.1026
Iteration 439: Benign prob = 0.1054
Iteration 445: Benign prob = 0.1061
Iteration 448: Benign prob = 0.1076
Iteration 453: Benign prob = 0.1134
Iteration 467: Benign prob = 0.1161
Iteration 468: Benign prob = 0.1194
Iteration 476: Benign prob = 0.1208
Iteration 480: Benign prob = 0.1214
Iteration 482: Benign prob = 0.1326
Iteration 491: Benign prob = 0.1523
Iteration 495: Benign prob = 0.1621
Iteration 496: Benign prob = 0.1624
Iteration 514: Benign prob = 0.1737
Iteration 523: Benign prob = 0.1761
Iteration 551: Benign prob = 0.1765
Iteration 552: Benign prob = 0.1805
Iteration 557: Benign prob = 0.1826
Iteration 564: Benign prob = 0.1867
Iteration 565: Benign prob = 0.1904
Iteration 580: Benign prob = 0.1915
Iteration 584: Benign prob = 0.1932
Iteration 585: Benign prob = 0.1960
Iteration 587: Benign prob = 0.2044
Iteration 591: Benign prob = 0.2103
Iteration 602: Benign prob = 0.2127
Iteration 615: Benign prob = 0.2157
Iteration 636: Benign prob = 0.2252
Iteration 656: Benign prob = 0.2298
Iteration 675: Benign prob = 0.2359
Iteration 682: Benign prob = 0.2392
Iteration 694: Benign prob = 0.2555
Iteration 707: Benign prob = 0.2584
Iteration 719: Benign prob = 0.2618
Iteration 742: Benign prob = 0.2659
Iteration 754: Benign prob = 0.2675
Iteration 760: Benign prob = 0.2780
Iteration 761: Benign prob = 0.2829
Iteration 772: Benign prob = 0.2876
Iteration 778: Benign prob = 0.2876
Iteration 779: Benign prob = 0.2951
Iteration 793: Benign prob = 0.3039
Iteration 822: Benign prob = 0.3175
Iteration 837: Benign prob = 0.3249
Iteration 860: Benign prob = 0.3315
Iteration 875: Benign prob = 0.3330
Iteration 882: Benign prob = 0.3372
Iteration 899: Benign prob = 0.3693
Iteration 912: Benign prob = 0.3731
Iteration 917: Benign prob = 0.3768
Iteration 926: Benign prob = 0.3775
Iteration 939: Benign prob = 0.3877
Iteration 960: Benign prob = 0.3891
Iteration 961: Benign prob = 0.4083
Iteration 1010: Benign prob = 0.4171
Iteration 1012: Benign prob = 0.4234
Iteration 1022: Benign prob = 0.4307
Iteration 1050: Benign prob = 0.4308
Iteration 1058: Benign prob = 0.4440
Iteration 1068: Benign prob = 0.4454
Iteration 1086: Benign prob = 0.4561
Iteration 1108: Benign prob = 0.4609
Iteration 1110: Benign prob = 0.4644
Iteration 1114: Benign prob = 0.4669
Iteration 1146: Benign prob = 0.4809
Iteration 1199: Benign prob = 0.4856
Iteration 1205: Benign prob = 0.4881
Iteration 1251: Benign prob = 0.4976
Iteration 1266: Benign prob = 0.4998
Iteration 1305: Benign prob = 0.5072
Iteration 1352: Benign prob = 0.5114
Iteration 1364: Benign prob = 0.5154
Iteration 1384: Benign prob = 0.5205
Iteration 1416: Benign prob = 0.5457
Iteration 1441: Benign prob = 0.5472
Iteration 1484: Benign prob = 0.5483
Iteration 1505: Benign prob = 0.5488
Iteration 1514: Benign prob = 0.5556

 Completed Adversarial Image for image 10 in 2.40 minutes.

--- Adversarial Prediction Results for image 10: (/home/users/atodorova/alisa-thesis/malnet-cnn/test/riskware++smssend/gyzz/EC61ED08101A87C3353DAA7E640009DC85AB95AF01CE885D818D5A81C2CAADE7.png) ---
Predicted class: 11 (benign)
Confidence     : 0.5556
True class     : 31 (riskware++smssend)
