Using DataParallel on GPUs: [0, 1]
GPU 0: NVIDIA GeForce RTX 4060 Ti with 8187.5 MB memory
GPU 1: NVIDIA GeForce RTX 4060 Ti with 8187.38 MB memory
Using device: cuda
Using 2 GPUs.


=== [1/10] Creating EA Adversarial Image for C:\Users\Boss\Downloads\malnet-images\test\adware++adware\dowgin\BA931E5BC159E833E5A19E74D68F7D61F14FA4B4683BE3707C1564B4F55CFCFC.png ===

--- Original Prediction Results ---
Predicted class: 42 (trojan)

Confidence     : 0.4474

True class     : 5 (adware++adware)

Target ('benign') class: 11 (benign)

[INFO] Benign class became best class at iteration 2695 with confidence 0.2976!

Targeted adversarial image created in 4345 iterations.
Benign first predicted at iteration 2695 with confidence 0.2976.

Benign probability changes (iteration, prob):
Iteration 0: Benign prob = 0.0005
Iteration 1: Benign prob = 0.0005
Iteration 3: Benign prob = 0.0008
Iteration 4: Benign prob = 0.0010
Iteration 5: Benign prob = 0.0011
Iteration 6: Benign prob = 0.0016
Iteration 7: Benign prob = 0.0017
Iteration 11: Benign prob = 0.0018
Iteration 12: Benign prob = 0.0019
Iteration 13: Benign prob = 0.0019
Iteration 14: Benign prob = 0.0019
Iteration 15: Benign prob = 0.0020
Iteration 18: Benign prob = 0.0022
Iteration 20: Benign prob = 0.0023
Iteration 21: Benign prob = 0.0024
Iteration 27: Benign prob = 0.0024
Iteration 29: Benign prob = 0.0025
Iteration 31: Benign prob = 0.0026
Iteration 34: Benign prob = 0.0026
Iteration 44: Benign prob = 0.0027
Iteration 45: Benign prob = 0.0028
Iteration 47: Benign prob = 0.0029
Iteration 53: Benign prob = 0.0035
Iteration 61: Benign prob = 0.0039
Iteration 62: Benign prob = 0.0040
Iteration 76: Benign prob = 0.0054
Iteration 94: Benign prob = 0.0058
Iteration 96: Benign prob = 0.0059
Iteration 109: Benign prob = 0.0062
Iteration 121: Benign prob = 0.0073
Iteration 128: Benign prob = 0.0074
Iteration 147: Benign prob = 0.0080
Iteration 171: Benign prob = 0.0082
Iteration 172: Benign prob = 0.0089
Iteration 173: Benign prob = 0.0095
Iteration 187: Benign prob = 0.0095
Iteration 203: Benign prob = 0.0096
Iteration 216: Benign prob = 0.0098
Iteration 217: Benign prob = 0.0101
Iteration 219: Benign prob = 0.0102
Iteration 223: Benign prob = 0.0103
Iteration 245: Benign prob = 0.0106
Iteration 252: Benign prob = 0.0106
Iteration 265: Benign prob = 0.0107
Iteration 285: Benign prob = 0.0108
Iteration 293: Benign prob = 0.0111
Iteration 295: Benign prob = 0.0114
Iteration 302: Benign prob = 0.0115
Iteration 311: Benign prob = 0.0129
Iteration 340: Benign prob = 0.0130
Iteration 358: Benign prob = 0.0134
Iteration 360: Benign prob = 0.0135
Iteration 362: Benign prob = 0.0136
Iteration 369: Benign prob = 0.0143
Iteration 371: Benign prob = 0.0147
Iteration 406: Benign prob = 0.0149
Iteration 410: Benign prob = 0.0153
Iteration 427: Benign prob = 0.0154
Iteration 428: Benign prob = 0.0170
Iteration 491: Benign prob = 0.0173
Iteration 514: Benign prob = 0.0184
Iteration 533: Benign prob = 0.0185
Iteration 550: Benign prob = 0.0200
Iteration 556: Benign prob = 0.0201
Iteration 572: Benign prob = 0.0203
Iteration 584: Benign prob = 0.0203
Iteration 587: Benign prob = 0.0203
Iteration 593: Benign prob = 0.0206
Iteration 596: Benign prob = 0.0208
Iteration 602: Benign prob = 0.0214
Iteration 613: Benign prob = 0.0220
Iteration 616: Benign prob = 0.0222
Iteration 618: Benign prob = 0.0226
Iteration 661: Benign prob = 0.0230
Iteration 691: Benign prob = 0.0245
Iteration 706: Benign prob = 0.0247
Iteration 707: Benign prob = 0.0247
Iteration 709: Benign prob = 0.0251
Iteration 746: Benign prob = 0.0256
Iteration 747: Benign prob = 0.0258
Iteration 755: Benign prob = 0.0287
Iteration 795: Benign prob = 0.0289
Iteration 796: Benign prob = 0.0294
Iteration 801: Benign prob = 0.0303
Iteration 863: Benign prob = 0.0328
Iteration 866: Benign prob = 0.0345
Iteration 879: Benign prob = 0.0345
Iteration 911: Benign prob = 0.0346
Iteration 919: Benign prob = 0.0350
Iteration 924: Benign prob = 0.0352
Iteration 945: Benign prob = 0.0367
Iteration 960: Benign prob = 0.0369
Iteration 988: Benign prob = 0.0384
Iteration 992: Benign prob = 0.0387
Iteration 998: Benign prob = 0.0390
Iteration 1010: Benign prob = 0.0394
Iteration 1014: Benign prob = 0.0399
Iteration 1035: Benign prob = 0.0410
Iteration 1047: Benign prob = 0.0413
Iteration 1051: Benign prob = 0.0421
Iteration 1060: Benign prob = 0.0425
Iteration 1062: Benign prob = 0.0427
Iteration 1071: Benign prob = 0.0431
Iteration 1072: Benign prob = 0.0436
Iteration 1077: Benign prob = 0.0443
Iteration 1082: Benign prob = 0.0446
Iteration 1087: Benign prob = 0.0456
Iteration 1110: Benign prob = 0.0460
Iteration 1118: Benign prob = 0.0466
Iteration 1139: Benign prob = 0.0474
Iteration 1147: Benign prob = 0.0479
Iteration 1150: Benign prob = 0.0499
Iteration 1171: Benign prob = 0.0513
Iteration 1173: Benign prob = 0.0545
Iteration 1191: Benign prob = 0.0562
Iteration 1192: Benign prob = 0.0573
Iteration 1203: Benign prob = 0.0573
Iteration 1214: Benign prob = 0.0585
Iteration 1215: Benign prob = 0.0615
Iteration 1238: Benign prob = 0.0627
Iteration 1261: Benign prob = 0.0653
Iteration 1272: Benign prob = 0.0667
Iteration 1280: Benign prob = 0.0668
Iteration 1305: Benign prob = 0.0670
Iteration 1307: Benign prob = 0.0674
Iteration 1319: Benign prob = 0.0680
Iteration 1325: Benign prob = 0.0722
Iteration 1342: Benign prob = 0.0726
Iteration 1348: Benign prob = 0.0741
Iteration 1351: Benign prob = 0.0784
Iteration 1363: Benign prob = 0.0795
Iteration 1375: Benign prob = 0.0812
Iteration 1385: Benign prob = 0.0850
Iteration 1392: Benign prob = 0.0856
Iteration 1396: Benign prob = 0.0858
Iteration 1409: Benign prob = 0.0894
Iteration 1419: Benign prob = 0.0895
Iteration 1421: Benign prob = 0.0931
Iteration 1429: Benign prob = 0.0939
Iteration 1436: Benign prob = 0.0955
Iteration 1443: Benign prob = 0.1026
Iteration 1485: Benign prob = 0.1037
Iteration 1489: Benign prob = 0.1058
Iteration 1493: Benign prob = 0.1065
Iteration 1540: Benign prob = 0.1071
Iteration 1547: Benign prob = 0.1102
Iteration 1549: Benign prob = 0.1117
Iteration 1551: Benign prob = 0.1128
Iteration 1563: Benign prob = 0.1130
Iteration 1581: Benign prob = 0.1152
Iteration 1585: Benign prob = 0.1163
Iteration 1609: Benign prob = 0.1174
Iteration 1616: Benign prob = 0.1178
Iteration 1633: Benign prob = 0.1186
Iteration 1646: Benign prob = 0.1191
Iteration 1650: Benign prob = 0.1197
Iteration 1659: Benign prob = 0.1216
Iteration 1678: Benign prob = 0.1246
Iteration 1694: Benign prob = 0.1263
Iteration 1701: Benign prob = 0.1270
Iteration 1717: Benign prob = 0.1303
Iteration 1720: Benign prob = 0.1315
Iteration 1726: Benign prob = 0.1434
Iteration 1745: Benign prob = 0.1482
Iteration 1761: Benign prob = 0.1509
Iteration 1768: Benign prob = 0.1524
Iteration 1787: Benign prob = 0.1546
Iteration 1791: Benign prob = 0.1682
Iteration 1813: Benign prob = 0.1700
Iteration 1861: Benign prob = 0.1702
Iteration 1864: Benign prob = 0.1711
Iteration 1872: Benign prob = 0.1718
Iteration 1880: Benign prob = 0.1772
Iteration 1881: Benign prob = 0.1780
Iteration 1887: Benign prob = 0.1827
Iteration 1931: Benign prob = 0.1827
Iteration 1932: Benign prob = 0.1834
Iteration 1937: Benign prob = 0.1837
Iteration 1949: Benign prob = 0.1934
Iteration 1990: Benign prob = 0.1943
Iteration 1997: Benign prob = 0.2052
Iteration 2005: Benign prob = 0.2063
Iteration 2031: Benign prob = 0.2157
Iteration 2063: Benign prob = 0.2182
Iteration 2087: Benign prob = 0.2221
Iteration 2096: Benign prob = 0.2247
Iteration 2112: Benign prob = 0.2262
Iteration 2120: Benign prob = 0.2297
Iteration 2157: Benign prob = 0.2299
Iteration 2200: Benign prob = 0.2329
Iteration 2239: Benign prob = 0.2333
Iteration 2240: Benign prob = 0.2346
Iteration 2258: Benign prob = 0.2356
Iteration 2263: Benign prob = 0.2373
Iteration 2270: Benign prob = 0.2395
Iteration 2290: Benign prob = 0.2401
Iteration 2320: Benign prob = 0.2406
Iteration 2323: Benign prob = 0.2423
Iteration 2338: Benign prob = 0.2454
Iteration 2344: Benign prob = 0.2505
Iteration 2351: Benign prob = 0.2600
Iteration 2389: Benign prob = 0.2639
Iteration 2411: Benign prob = 0.2680
Iteration 2437: Benign prob = 0.2698
Iteration 2457: Benign prob = 0.2711
Iteration 2481: Benign prob = 0.2753
Iteration 2541: Benign prob = 0.2856
Iteration 2595: Benign prob = 0.2874
Iteration 2608: Benign prob = 0.2899
Iteration 2619: Benign prob = 0.2936
Iteration 2683: Benign prob = 0.2950
Iteration 2695: Benign prob = 0.2976
Iteration 2751: Benign prob = 0.2997
Iteration 2759: Benign prob = 0.3062
Iteration 2761: Benign prob = 0.3118
Iteration 2765: Benign prob = 0.3194
Iteration 2793: Benign prob = 0.3208
Iteration 2840: Benign prob = 0.3284
Iteration 2855: Benign prob = 0.3290
Iteration 2858: Benign prob = 0.3300
Iteration 2878: Benign prob = 0.3385
Iteration 2894: Benign prob = 0.3397
Iteration 2913: Benign prob = 0.3588
Iteration 2919: Benign prob = 0.3592
Iteration 2937: Benign prob = 0.3606
Iteration 2979: Benign prob = 0.3662
Iteration 2986: Benign prob = 0.3685
Iteration 2998: Benign prob = 0.3689
Iteration 3037: Benign prob = 0.3731
Iteration 3051: Benign prob = 0.3812
Iteration 3142: Benign prob = 0.3857
Iteration 3162: Benign prob = 0.3875
Iteration 3166: Benign prob = 0.3905
Iteration 3199: Benign prob = 0.3937
Iteration 3208: Benign prob = 0.4016
Iteration 3322: Benign prob = 0.4030
Iteration 3368: Benign prob = 0.4046
Iteration 3383: Benign prob = 0.4075
Iteration 3384: Benign prob = 0.4088
Iteration 3386: Benign prob = 0.4090
Iteration 3421: Benign prob = 0.4110
Iteration 3453: Benign prob = 0.4352
Iteration 3456: Benign prob = 0.4430
Iteration 3470: Benign prob = 0.4494
Iteration 3499: Benign prob = 0.4504
Iteration 3506: Benign prob = 0.4672
Iteration 3601: Benign prob = 0.4723
Iteration 3603: Benign prob = 0.4738
Iteration 3618: Benign prob = 0.4799
Iteration 3624: Benign prob = 0.4811
Iteration 3664: Benign prob = 0.4858
Iteration 3696: Benign prob = 0.4907
Iteration 3722: Benign prob = 0.4912
Iteration 3741: Benign prob = 0.4935
Iteration 3780: Benign prob = 0.4959
Iteration 3869: Benign prob = 0.4996
Iteration 3887: Benign prob = 0.5016
Iteration 3907: Benign prob = 0.5017
Iteration 3921: Benign prob = 0.5017
Iteration 3927: Benign prob = 0.5116
Iteration 4035: Benign prob = 0.5157
Iteration 4090: Benign prob = 0.5173
Iteration 4102: Benign prob = 0.5238
Iteration 4195: Benign prob = 0.5245
Iteration 4200: Benign prob = 0.5248
Iteration 4216: Benign prob = 0.5306
Iteration 4265: Benign prob = 0.5399
Iteration 4328: Benign prob = 0.5451
Iteration 4345: Benign prob = 0.5543

 Completed Adversarial Image for image 1 in 15.39 minutes.

--- Adversarial Prediction Results for image 1: (C:\Users\Boss\Downloads\malnet-images\test\adware++adware\dowgin\BA931E5BC159E833E5A19E74D68F7D61F14FA4B4683BE3707C1564B4F55CFCFC.png) ---
Predicted class: 11 (benign)
Confidence     : 0.5573
True class     : 5 (adware++adware)


=== [2/10] Creating EA Adversarial Image for C:\Users\Boss\Downloads\malnet-images\test\adware++adware\dowgin\F0B4593C5025D6995D99FAFF1B28997366D6AA8A7D2FF2DF5524D17A8D105D58.png ===

--- Original Prediction Results ---
Predicted class: 4 (adware)

Confidence     : 0.9998

True class     : 5 (adware++adware)

Target ('benign') class: 11 (benign)

[INFO] Benign class became best class at iteration 3240 with confidence 0.2911!

Targeted adversarial image created in 4872 iterations.
Benign first predicted at iteration 3240 with confidence 0.2911.

Benign probability changes (iteration, prob):
Iteration 0: Benign prob = 0.0018
Iteration 15: Benign prob = 0.0018
Iteration 20: Benign prob = 0.0019
Iteration 21: Benign prob = 0.0019
Iteration 23: Benign prob = 0.0023
Iteration 29: Benign prob = 0.0024
Iteration 30: Benign prob = 0.0024
Iteration 32: Benign prob = 0.0025
Iteration 33: Benign prob = 0.0028
Iteration 38: Benign prob = 0.0028
Iteration 39: Benign prob = 0.0030
Iteration 40: Benign prob = 0.0039
Iteration 52: Benign prob = 0.0041
Iteration 55: Benign prob = 0.0043
Iteration 67: Benign prob = 0.0046
Iteration 70: Benign prob = 0.0048
Iteration 73: Benign prob = 0.0049
Iteration 81: Benign prob = 0.0049
Iteration 82: Benign prob = 0.0050
Iteration 86: Benign prob = 0.0051
Iteration 87: Benign prob = 0.0051
Iteration 89: Benign prob = 0.0054
Iteration 94: Benign prob = 0.0055
Iteration 95: Benign prob = 0.0057
Iteration 97: Benign prob = 0.0058
Iteration 104: Benign prob = 0.0058
Iteration 105: Benign prob = 0.0059
Iteration 106: Benign prob = 0.0061
Iteration 109: Benign prob = 0.0064
Iteration 136: Benign prob = 0.0065
Iteration 147: Benign prob = 0.0065
Iteration 149: Benign prob = 0.0071
Iteration 159: Benign prob = 0.0071
Iteration 161: Benign prob = 0.0071
Iteration 173: Benign prob = 0.0072
Iteration 178: Benign prob = 0.0074
Iteration 181: Benign prob = 0.0080
Iteration 190: Benign prob = 0.0082
Iteration 192: Benign prob = 0.0082
Iteration 198: Benign prob = 0.0096
Iteration 214: Benign prob = 0.0102
Iteration 223: Benign prob = 0.0102
Iteration 228: Benign prob = 0.0107
Iteration 229: Benign prob = 0.0109
Iteration 238: Benign prob = 0.0109
Iteration 245: Benign prob = 0.0113
Iteration 246: Benign prob = 0.0113
Iteration 247: Benign prob = 0.0121
Iteration 250: Benign prob = 0.0121
Iteration 264: Benign prob = 0.0123
Iteration 269: Benign prob = 0.0126
Iteration 270: Benign prob = 0.0132
Iteration 293: Benign prob = 0.0137
Iteration 328: Benign prob = 0.0138
Iteration 331: Benign prob = 0.0146
Iteration 335: Benign prob = 0.0156
Iteration 383: Benign prob = 0.0157
Iteration 401: Benign prob = 0.0165
Iteration 410: Benign prob = 0.0166
Iteration 416: Benign prob = 0.0180
Iteration 456: Benign prob = 0.0188
Iteration 477: Benign prob = 0.0192
Iteration 483: Benign prob = 0.0194
Iteration 485: Benign prob = 0.0208
Iteration 492: Benign prob = 0.0223
Iteration 528: Benign prob = 0.0226
Iteration 578: Benign prob = 0.0237
Iteration 590: Benign prob = 0.0240
Iteration 591: Benign prob = 0.0258
Iteration 592: Benign prob = 0.0265
Iteration 627: Benign prob = 0.0265
Iteration 662: Benign prob = 0.0273
Iteration 682: Benign prob = 0.0278
Iteration 701: Benign prob = 0.0283
Iteration 703: Benign prob = 0.0287
Iteration 741: Benign prob = 0.0290
Iteration 746: Benign prob = 0.0305
Iteration 770: Benign prob = 0.0309
Iteration 804: Benign prob = 0.0312
Iteration 809: Benign prob = 0.0330
Iteration 821: Benign prob = 0.0330
Iteration 829: Benign prob = 0.0345
Iteration 885: Benign prob = 0.0349
Iteration 904: Benign prob = 0.0363
Iteration 906: Benign prob = 0.0365
Iteration 967: Benign prob = 0.0370
Iteration 995: Benign prob = 0.0382
Iteration 1018: Benign prob = 0.0384
Iteration 1033: Benign prob = 0.0393
Iteration 1102: Benign prob = 0.0399
Iteration 1110: Benign prob = 0.0403
Iteration 1123: Benign prob = 0.0429
Iteration 1161: Benign prob = 0.0432
Iteration 1178: Benign prob = 0.0461
Iteration 1181: Benign prob = 0.0465
Iteration 1182: Benign prob = 0.0468
Iteration 1186: Benign prob = 0.0481
Iteration 1257: Benign prob = 0.0495
Iteration 1264: Benign prob = 0.0507
Iteration 1269: Benign prob = 0.0521
Iteration 1350: Benign prob = 0.0522
Iteration 1372: Benign prob = 0.0547
Iteration 1453: Benign prob = 0.0551
Iteration 1476: Benign prob = 0.0559
Iteration 1493: Benign prob = 0.0576
Iteration 1511: Benign prob = 0.0578
Iteration 1529: Benign prob = 0.0587
Iteration 1551: Benign prob = 0.0592
Iteration 1553: Benign prob = 0.0601
Iteration 1554: Benign prob = 0.0602
Iteration 1585: Benign prob = 0.0612
Iteration 1600: Benign prob = 0.0622
Iteration 1627: Benign prob = 0.0629
Iteration 1645: Benign prob = 0.0665
Iteration 1670: Benign prob = 0.0673
Iteration 1674: Benign prob = 0.0685
Iteration 1678: Benign prob = 0.0692
Iteration 1682: Benign prob = 0.0706
Iteration 1696: Benign prob = 0.0718
Iteration 1697: Benign prob = 0.0727
Iteration 1706: Benign prob = 0.0743
Iteration 1727: Benign prob = 0.0789
Iteration 1755: Benign prob = 0.0791
Iteration 1757: Benign prob = 0.0807
Iteration 1766: Benign prob = 0.0812
Iteration 1782: Benign prob = 0.0851
Iteration 1792: Benign prob = 0.0904
Iteration 1803: Benign prob = 0.0931
Iteration 1817: Benign prob = 0.0984
Iteration 1831: Benign prob = 0.1011
Iteration 1851: Benign prob = 0.1031
Iteration 1856: Benign prob = 0.1054
Iteration 1862: Benign prob = 0.1070
Iteration 1874: Benign prob = 0.1149
Iteration 1903: Benign prob = 0.1184
Iteration 1923: Benign prob = 0.1230
Iteration 1968: Benign prob = 0.1281
Iteration 1970: Benign prob = 0.1312
Iteration 1996: Benign prob = 0.1324
Iteration 2001: Benign prob = 0.1327
Iteration 2029: Benign prob = 0.1417
Iteration 2053: Benign prob = 0.1449
Iteration 2064: Benign prob = 0.1469
Iteration 2080: Benign prob = 0.1506
Iteration 2083: Benign prob = 0.1512
Iteration 2093: Benign prob = 0.1607
Iteration 2145: Benign prob = 0.1611
Iteration 2147: Benign prob = 0.1647
Iteration 2167: Benign prob = 0.1700
Iteration 2168: Benign prob = 0.1706
Iteration 2170: Benign prob = 0.1727
Iteration 2174: Benign prob = 0.1754
Iteration 2232: Benign prob = 0.1820
Iteration 2257: Benign prob = 0.1841
Iteration 2278: Benign prob = 0.1898
Iteration 2279: Benign prob = 0.1952
Iteration 2323: Benign prob = 0.1997
Iteration 2360: Benign prob = 0.1999
Iteration 2372: Benign prob = 0.2023
Iteration 2396: Benign prob = 0.2081
Iteration 2409: Benign prob = 0.2097
Iteration 2434: Benign prob = 0.2118
Iteration 2502: Benign prob = 0.2140
Iteration 2534: Benign prob = 0.2161
Iteration 2563: Benign prob = 0.2183
Iteration 2567: Benign prob = 0.2248
Iteration 2600: Benign prob = 0.2265
Iteration 2622: Benign prob = 0.2285
Iteration 2636: Benign prob = 0.2293
Iteration 2643: Benign prob = 0.2352
Iteration 2659: Benign prob = 0.2358
Iteration 2805: Benign prob = 0.2372
Iteration 2809: Benign prob = 0.2407
Iteration 2845: Benign prob = 0.2407
Iteration 2899: Benign prob = 0.2409
Iteration 2922: Benign prob = 0.2435
Iteration 2926: Benign prob = 0.2443
Iteration 2983: Benign prob = 0.2444
Iteration 2988: Benign prob = 0.2466
Iteration 2990: Benign prob = 0.2470
Iteration 2995: Benign prob = 0.2475
Iteration 3003: Benign prob = 0.2498
Iteration 3026: Benign prob = 0.2542
Iteration 3057: Benign prob = 0.2602
Iteration 3106: Benign prob = 0.2618
Iteration 3121: Benign prob = 0.2722
Iteration 3122: Benign prob = 0.2759
Iteration 3178: Benign prob = 0.2769
Iteration 3186: Benign prob = 0.2784
Iteration 3196: Benign prob = 0.2804
Iteration 3199: Benign prob = 0.2819
Iteration 3210: Benign prob = 0.2820
Iteration 3222: Benign prob = 0.2852
Iteration 3240: Benign prob = 0.2911
Iteration 3246: Benign prob = 0.2978
Iteration 3264: Benign prob = 0.3007
Iteration 3267: Benign prob = 0.3030
Iteration 3288: Benign prob = 0.3076
Iteration 3338: Benign prob = 0.3234
Iteration 3358: Benign prob = 0.3234
Iteration 3439: Benign prob = 0.3262
Iteration 3509: Benign prob = 0.3349
Iteration 3524: Benign prob = 0.3365
Iteration 3526: Benign prob = 0.3369
Iteration 3529: Benign prob = 0.3442
Iteration 3576: Benign prob = 0.3447
Iteration 3586: Benign prob = 0.3564
Iteration 3700: Benign prob = 0.3618
Iteration 3731: Benign prob = 0.3634
Iteration 3791: Benign prob = 0.3724
Iteration 3801: Benign prob = 0.3763
Iteration 3825: Benign prob = 0.3780
Iteration 3841: Benign prob = 0.3824
Iteration 3879: Benign prob = 0.3969
Iteration 3903: Benign prob = 0.4001
Iteration 3911: Benign prob = 0.4065
Iteration 3938: Benign prob = 0.4083
Iteration 3986: Benign prob = 0.4268
Iteration 4082: Benign prob = 0.4338
Iteration 4164: Benign prob = 0.4404
Iteration 4206: Benign prob = 0.4409
Iteration 4220: Benign prob = 0.4447
Iteration 4244: Benign prob = 0.4570
Iteration 4287: Benign prob = 0.4570
Iteration 4316: Benign prob = 0.4573
Iteration 4330: Benign prob = 0.4619
Iteration 4399: Benign prob = 0.4640
Iteration 4400: Benign prob = 0.4642
Iteration 4423: Benign prob = 0.4761
Iteration 4430: Benign prob = 0.4766
Iteration 4434: Benign prob = 0.4812
Iteration 4455: Benign prob = 0.4820
Iteration 4466: Benign prob = 0.4833
Iteration 4470: Benign prob = 0.4942
Iteration 4580: Benign prob = 0.4978
Iteration 4601: Benign prob = 0.4992
Iteration 4618: Benign prob = 0.5035
Iteration 4676: Benign prob = 0.5081
Iteration 4722: Benign prob = 0.5250
Iteration 4757: Benign prob = 0.5328
Iteration 4804: Benign prob = 0.5486
Iteration 4872: Benign prob = 0.5551

 Completed Adversarial Image for image 2 in 14.60 minutes.

--- Adversarial Prediction Results for image 2: (C:\Users\Boss\Downloads\malnet-images\test\adware++adware\dowgin\F0B4593C5025D6995D99FAFF1B28997366D6AA8A7D2FF2DF5524D17A8D105D58.png) ---
Predicted class: 11 (benign)
Confidence     : 0.5554
True class     : 5 (adware++adware)


=== [3/10] Creating EA Adversarial Image for C:\Users\Boss\Downloads\malnet-images\test\adware++adware\umeng\0B0A88C9EFC6EC03999C13A4A61D65171CCA0989A525DFFB9C161F06664BD5E4.png ===

--- Original Prediction Results ---
Predicted class: 42 (trojan)

Confidence     : 0.5429

True class     : 5 (adware++adware)

Target ('benign') class: 11 (benign)

[INFO] Benign class became best class at iteration 1097 with confidence 0.3180!

Targeted adversarial image created in 1475 iterations.
Benign first predicted at iteration 1097 with confidence 0.3180.

Benign probability changes (iteration, prob):
Iteration 0: Benign prob = 0.0006
Iteration 5: Benign prob = 0.0007
Iteration 6: Benign prob = 0.0011
Iteration 7: Benign prob = 0.0015
Iteration 8: Benign prob = 0.0018
Iteration 12: Benign prob = 0.0021
Iteration 13: Benign prob = 0.0021
Iteration 14: Benign prob = 0.0021
Iteration 15: Benign prob = 0.0025
Iteration 20: Benign prob = 0.0025
Iteration 21: Benign prob = 0.0027
Iteration 22: Benign prob = 0.0029
Iteration 23: Benign prob = 0.0030
Iteration 24: Benign prob = 0.0031
Iteration 27: Benign prob = 0.0041
Iteration 34: Benign prob = 0.0042
Iteration 42: Benign prob = 0.0043
Iteration 43: Benign prob = 0.0043
Iteration 45: Benign prob = 0.0044
Iteration 49: Benign prob = 0.0045
Iteration 56: Benign prob = 0.0045
Iteration 57: Benign prob = 0.0046
Iteration 60: Benign prob = 0.0047
Iteration 61: Benign prob = 0.0050
Iteration 62: Benign prob = 0.0054
Iteration 64: Benign prob = 0.0055
Iteration 65: Benign prob = 0.0056
Iteration 69: Benign prob = 0.0061
Iteration 80: Benign prob = 0.0063
Iteration 90: Benign prob = 0.0064
Iteration 92: Benign prob = 0.0065
Iteration 93: Benign prob = 0.0066
Iteration 106: Benign prob = 0.0068
Iteration 114: Benign prob = 0.0068
Iteration 119: Benign prob = 0.0071
Iteration 123: Benign prob = 0.0072
Iteration 134: Benign prob = 0.0073
Iteration 138: Benign prob = 0.0074
Iteration 147: Benign prob = 0.0081
Iteration 169: Benign prob = 0.0084
Iteration 178: Benign prob = 0.0085
Iteration 182: Benign prob = 0.0085
Iteration 185: Benign prob = 0.0093
Iteration 208: Benign prob = 0.0095
Iteration 214: Benign prob = 0.0095
Iteration 229: Benign prob = 0.0102
Iteration 251: Benign prob = 0.0103
Iteration 252: Benign prob = 0.0107
Iteration 270: Benign prob = 0.0115
Iteration 274: Benign prob = 0.0122
Iteration 282: Benign prob = 0.0123
Iteration 284: Benign prob = 0.0124
Iteration 294: Benign prob = 0.0124
Iteration 316: Benign prob = 0.0126
Iteration 321: Benign prob = 0.0132
Iteration 337: Benign prob = 0.0136
Iteration 351: Benign prob = 0.0138
Iteration 361: Benign prob = 0.0139
Iteration 376: Benign prob = 0.0160
Iteration 380: Benign prob = 0.0168
Iteration 407: Benign prob = 0.0170
Iteration 426: Benign prob = 0.0177
Iteration 443: Benign prob = 0.0180
Iteration 456: Benign prob = 0.0183
Iteration 461: Benign prob = 0.0184
Iteration 463: Benign prob = 0.0184
Iteration 471: Benign prob = 0.0188
Iteration 472: Benign prob = 0.0191
Iteration 476: Benign prob = 0.0202
Iteration 509: Benign prob = 0.0213
Iteration 513: Benign prob = 0.0224
Iteration 523: Benign prob = 0.0224
Iteration 532: Benign prob = 0.0226
Iteration 539: Benign prob = 0.0234
Iteration 551: Benign prob = 0.0245
Iteration 564: Benign prob = 0.0246
Iteration 567: Benign prob = 0.0250
Iteration 569: Benign prob = 0.0252
Iteration 572: Benign prob = 0.0261
Iteration 584: Benign prob = 0.0264
Iteration 593: Benign prob = 0.0271
Iteration 605: Benign prob = 0.0299
Iteration 622: Benign prob = 0.0307
Iteration 634: Benign prob = 0.0313
Iteration 649: Benign prob = 0.0335
Iteration 651: Benign prob = 0.0345
Iteration 665: Benign prob = 0.0348
Iteration 669: Benign prob = 0.0365
Iteration 677: Benign prob = 0.0388
Iteration 697: Benign prob = 0.0491
Iteration 718: Benign prob = 0.0500
Iteration 719: Benign prob = 0.0566
Iteration 729: Benign prob = 0.0604
Iteration 735: Benign prob = 0.0632
Iteration 736: Benign prob = 0.0646
Iteration 739: Benign prob = 0.0667
Iteration 740: Benign prob = 0.0716
Iteration 753: Benign prob = 0.0837
Iteration 757: Benign prob = 0.0846
Iteration 761: Benign prob = 0.0846
Iteration 764: Benign prob = 0.0888
Iteration 774: Benign prob = 0.0921
Iteration 779: Benign prob = 0.1049
Iteration 786: Benign prob = 0.1079
Iteration 791: Benign prob = 0.1079
Iteration 803: Benign prob = 0.1145
Iteration 812: Benign prob = 0.1146
Iteration 813: Benign prob = 0.1206
Iteration 818: Benign prob = 0.1265
Iteration 826: Benign prob = 0.1268
Iteration 838: Benign prob = 0.1287
Iteration 844: Benign prob = 0.1338
Iteration 856: Benign prob = 0.1361
Iteration 858: Benign prob = 0.1416
Iteration 869: Benign prob = 0.1431
Iteration 879: Benign prob = 0.1554
Iteration 880: Benign prob = 0.1582
Iteration 889: Benign prob = 0.1614
Iteration 890: Benign prob = 0.1631
Iteration 891: Benign prob = 0.1650
Iteration 892: Benign prob = 0.1687
Iteration 896: Benign prob = 0.1694
Iteration 902: Benign prob = 0.1763
Iteration 905: Benign prob = 0.1787
Iteration 924: Benign prob = 0.1830
Iteration 928: Benign prob = 0.1833
Iteration 930: Benign prob = 0.1883
Iteration 938: Benign prob = 0.1904
Iteration 941: Benign prob = 0.1948
Iteration 944: Benign prob = 0.2012
Iteration 956: Benign prob = 0.2114
Iteration 959: Benign prob = 0.2232
Iteration 961: Benign prob = 0.2248
Iteration 973: Benign prob = 0.2279
Iteration 976: Benign prob = 0.2465
Iteration 999: Benign prob = 0.2501
Iteration 1005: Benign prob = 0.2585
Iteration 1021: Benign prob = 0.2658
Iteration 1033: Benign prob = 0.2719
Iteration 1053: Benign prob = 0.2865
Iteration 1072: Benign prob = 0.2993
Iteration 1079: Benign prob = 0.3040
Iteration 1086: Benign prob = 0.3147
Iteration 1097: Benign prob = 0.3180
Iteration 1107: Benign prob = 0.3222
Iteration 1116: Benign prob = 0.3304
Iteration 1141: Benign prob = 0.3342
Iteration 1143: Benign prob = 0.3453
Iteration 1145: Benign prob = 0.3521
Iteration 1149: Benign prob = 0.3823
Iteration 1194: Benign prob = 0.3955
Iteration 1215: Benign prob = 0.3982
Iteration 1244: Benign prob = 0.4069
Iteration 1258: Benign prob = 0.4078
Iteration 1262: Benign prob = 0.4243
Iteration 1272: Benign prob = 0.4516
Iteration 1300: Benign prob = 0.4577
Iteration 1351: Benign prob = 0.4648
Iteration 1369: Benign prob = 0.4716
Iteration 1372: Benign prob = 0.4735
Iteration 1377: Benign prob = 0.4874
Iteration 1396: Benign prob = 0.5008
Iteration 1399: Benign prob = 0.5095
Iteration 1444: Benign prob = 0.5199
Iteration 1449: Benign prob = 0.5304
Iteration 1465: Benign prob = 0.5310
Iteration 1473: Benign prob = 0.5377
Iteration 1475: Benign prob = 0.5539

 Completed Adversarial Image for image 3 in 4.29 minutes.

--- Adversarial Prediction Results for image 3: (C:\Users\Boss\Downloads\malnet-images\test\adware++adware\umeng\0B0A88C9EFC6EC03999C13A4A61D65171CCA0989A525DFFB9C161F06664BD5E4.png) ---
Predicted class: 11 (benign)
Confidence     : 0.5536
True class     : 5 (adware++adware)


=== [4/10] Creating EA Adversarial Image for C:\Users\Boss\Downloads\malnet-images\test\adware++adware\umeng\1DAB2F41F89AC205852AA1A871918B394319D89B8BFFB95AB9AD235C67155D26.png ===

--- Original Prediction Results ---
Predicted class: 42 (trojan)

Confidence     : 0.5461

True class     : 5 (adware++adware)

Target ('benign') class: 11 (benign)

Failed to generate adversarial image in 10000 iterations.

[ERROR] Error to generate adversarial image for 4 (C:\Users\Boss\Downloads\malnet-images\test\adware++adware\umeng\1DAB2F41F89AC205852AA1A871918B394319D89B8BFFB95AB9AD235C67155D26.png): unsupported format string passed to NoneType.__format__


=== [5/10] Creating EA Adversarial Image for C:\Users\Boss\Downloads\malnet-images\test\adware++adware\umeng\2A1C93E994ECDA622047C47143D150EA1686FC5A05E0E72CC4F343F87BF51BD5.png ===

--- Original Prediction Results ---
Predicted class: 42 (trojan)

Confidence     : 0.3781

True class     : 5 (adware++adware)

Target ('benign') class: 11 (benign)

[INFO] Benign class became best class at iteration 2872 with confidence 0.2835!

Targeted adversarial image created in 4430 iterations.
Benign first predicted at iteration 2872 with confidence 0.2835.

Benign probability changes (iteration, prob):
Iteration 0: Benign prob = 0.0009
Iteration 2: Benign prob = 0.0011
Iteration 3: Benign prob = 0.0018
Iteration 7: Benign prob = 0.0018
Iteration 9: Benign prob = 0.0019
Iteration 11: Benign prob = 0.0020
Iteration 13: Benign prob = 0.0021
Iteration 14: Benign prob = 0.0022
Iteration 15: Benign prob = 0.0022
Iteration 18: Benign prob = 0.0025
Iteration 22: Benign prob = 0.0025
Iteration 23: Benign prob = 0.0025
Iteration 24: Benign prob = 0.0027
Iteration 29: Benign prob = 0.0030
Iteration 35: Benign prob = 0.0032
Iteration 39: Benign prob = 0.0035
Iteration 42: Benign prob = 0.0037
Iteration 48: Benign prob = 0.0037
Iteration 54: Benign prob = 0.0040
Iteration 55: Benign prob = 0.0040
Iteration 56: Benign prob = 0.0041
Iteration 59: Benign prob = 0.0042
Iteration 60: Benign prob = 0.0043
Iteration 70: Benign prob = 0.0049
Iteration 76: Benign prob = 0.0049
Iteration 80: Benign prob = 0.0050
Iteration 85: Benign prob = 0.0052
Iteration 88: Benign prob = 0.0055
Iteration 91: Benign prob = 0.0057
Iteration 93: Benign prob = 0.0059
Iteration 98: Benign prob = 0.0065
Iteration 102: Benign prob = 0.0066
Iteration 111: Benign prob = 0.0068
Iteration 113: Benign prob = 0.0069
Iteration 114: Benign prob = 0.0070
Iteration 115: Benign prob = 0.0074
Iteration 123: Benign prob = 0.0074
Iteration 127: Benign prob = 0.0075
Iteration 128: Benign prob = 0.0083
Iteration 130: Benign prob = 0.0084
Iteration 133: Benign prob = 0.0086
Iteration 137: Benign prob = 0.0088
Iteration 148: Benign prob = 0.0090
Iteration 155: Benign prob = 0.0095
Iteration 167: Benign prob = 0.0095
Iteration 175: Benign prob = 0.0101
Iteration 177: Benign prob = 0.0106
Iteration 202: Benign prob = 0.0108
Iteration 213: Benign prob = 0.0114
Iteration 214: Benign prob = 0.0121
Iteration 227: Benign prob = 0.0124
Iteration 235: Benign prob = 0.0127
Iteration 240: Benign prob = 0.0135
Iteration 241: Benign prob = 0.0136
Iteration 254: Benign prob = 0.0140
Iteration 271: Benign prob = 0.0143
Iteration 279: Benign prob = 0.0146
Iteration 283: Benign prob = 0.0175
Iteration 289: Benign prob = 0.0176
Iteration 295: Benign prob = 0.0212
Iteration 305: Benign prob = 0.0219
Iteration 310: Benign prob = 0.0222
Iteration 314: Benign prob = 0.0233
Iteration 367: Benign prob = 0.0244
Iteration 395: Benign prob = 0.0249
Iteration 400: Benign prob = 0.0252
Iteration 410: Benign prob = 0.0267
Iteration 414: Benign prob = 0.0273
Iteration 445: Benign prob = 0.0274
Iteration 464: Benign prob = 0.0281
Iteration 472: Benign prob = 0.0283
Iteration 476: Benign prob = 0.0285
Iteration 483: Benign prob = 0.0292
Iteration 485: Benign prob = 0.0294
Iteration 495: Benign prob = 0.0304
Iteration 519: Benign prob = 0.0307
Iteration 524: Benign prob = 0.0309
Iteration 547: Benign prob = 0.0310
Iteration 548: Benign prob = 0.0318
Iteration 574: Benign prob = 0.0322
Iteration 623: Benign prob = 0.0331
Iteration 628: Benign prob = 0.0360
Iteration 651: Benign prob = 0.0361
Iteration 654: Benign prob = 0.0365
Iteration 697: Benign prob = 0.0372
Iteration 740: Benign prob = 0.0375
Iteration 742: Benign prob = 0.0400
Iteration 773: Benign prob = 0.0425
Iteration 774: Benign prob = 0.0428
Iteration 784: Benign prob = 0.0436
Iteration 797: Benign prob = 0.0449
Iteration 836: Benign prob = 0.0458
Iteration 852: Benign prob = 0.0461
Iteration 862: Benign prob = 0.0465
Iteration 878: Benign prob = 0.0478
Iteration 896: Benign prob = 0.0484
Iteration 912: Benign prob = 0.0505
Iteration 998: Benign prob = 0.0519
Iteration 1000: Benign prob = 0.0533
Iteration 1014: Benign prob = 0.0557
Iteration 1040: Benign prob = 0.0563
Iteration 1041: Benign prob = 0.0565
Iteration 1044: Benign prob = 0.0565
Iteration 1082: Benign prob = 0.0584
Iteration 1089: Benign prob = 0.0621
Iteration 1118: Benign prob = 0.0673
Iteration 1190: Benign prob = 0.0677
Iteration 1211: Benign prob = 0.0688
Iteration 1230: Benign prob = 0.0689
Iteration 1238: Benign prob = 0.0699
Iteration 1244: Benign prob = 0.0720
Iteration 1259: Benign prob = 0.0747
Iteration 1265: Benign prob = 0.0760
Iteration 1307: Benign prob = 0.0793
Iteration 1315: Benign prob = 0.0799
Iteration 1344: Benign prob = 0.0866
Iteration 1347: Benign prob = 0.0869
Iteration 1370: Benign prob = 0.0884
Iteration 1387: Benign prob = 0.0886
Iteration 1400: Benign prob = 0.0888
Iteration 1407: Benign prob = 0.0912
Iteration 1421: Benign prob = 0.0929
Iteration 1423: Benign prob = 0.0992
Iteration 1440: Benign prob = 0.1016
Iteration 1482: Benign prob = 0.1042
Iteration 1492: Benign prob = 0.1046
Iteration 1536: Benign prob = 0.1049
Iteration 1537: Benign prob = 0.1060
Iteration 1547: Benign prob = 0.1108
Iteration 1559: Benign prob = 0.1124
Iteration 1578: Benign prob = 0.1139
Iteration 1586: Benign prob = 0.1252
Iteration 1601: Benign prob = 0.1268
Iteration 1688: Benign prob = 0.1296
Iteration 1697: Benign prob = 0.1362
Iteration 1713: Benign prob = 0.1363
Iteration 1716: Benign prob = 0.1370
Iteration 1741: Benign prob = 0.1370
Iteration 1770: Benign prob = 0.1379
Iteration 1789: Benign prob = 0.1398
Iteration 1814: Benign prob = 0.1409
Iteration 1825: Benign prob = 0.1430
Iteration 1877: Benign prob = 0.1446
Iteration 1938: Benign prob = 0.1473
Iteration 1954: Benign prob = 0.1500
Iteration 1993: Benign prob = 0.1532
Iteration 1999: Benign prob = 0.1559
Iteration 2004: Benign prob = 0.1575
Iteration 2008: Benign prob = 0.1579
Iteration 2023: Benign prob = 0.1596
Iteration 2027: Benign prob = 0.1638
Iteration 2038: Benign prob = 0.1658
Iteration 2056: Benign prob = 0.1705
Iteration 2072: Benign prob = 0.1709
Iteration 2082: Benign prob = 0.1744
Iteration 2161: Benign prob = 0.1747
Iteration 2195: Benign prob = 0.1767
Iteration 2232: Benign prob = 0.1851
Iteration 2245: Benign prob = 0.1851
Iteration 2247: Benign prob = 0.1908
Iteration 2278: Benign prob = 0.1944
Iteration 2314: Benign prob = 0.1948
Iteration 2328: Benign prob = 0.1963
Iteration 2332: Benign prob = 0.2018
Iteration 2357: Benign prob = 0.2032
Iteration 2373: Benign prob = 0.2051
Iteration 2378: Benign prob = 0.2067
Iteration 2380: Benign prob = 0.2099
Iteration 2421: Benign prob = 0.2101
Iteration 2422: Benign prob = 0.2151
Iteration 2443: Benign prob = 0.2153
Iteration 2463: Benign prob = 0.2197
Iteration 2464: Benign prob = 0.2200
Iteration 2514: Benign prob = 0.2311
Iteration 2534: Benign prob = 0.2316
Iteration 2550: Benign prob = 0.2350
Iteration 2563: Benign prob = 0.2356
Iteration 2589: Benign prob = 0.2379
Iteration 2608: Benign prob = 0.2381
Iteration 2629: Benign prob = 0.2411
Iteration 2660: Benign prob = 0.2436
Iteration 2664: Benign prob = 0.2502
Iteration 2674: Benign prob = 0.2554
Iteration 2714: Benign prob = 0.2572
Iteration 2763: Benign prob = 0.2639
Iteration 2837: Benign prob = 0.2670
Iteration 2844: Benign prob = 0.2695
Iteration 2853: Benign prob = 0.2724
Iteration 2872: Benign prob = 0.2835
Iteration 2876: Benign prob = 0.2836
Iteration 2879: Benign prob = 0.2901
Iteration 2890: Benign prob = 0.2984
Iteration 2929: Benign prob = 0.3015
Iteration 2942: Benign prob = 0.3085
Iteration 2952: Benign prob = 0.3168
Iteration 3049: Benign prob = 0.3203
Iteration 3057: Benign prob = 0.3259
Iteration 3100: Benign prob = 0.3262
Iteration 3114: Benign prob = 0.3336
Iteration 3158: Benign prob = 0.3479
Iteration 3249: Benign prob = 0.3547
Iteration 3296: Benign prob = 0.3605
Iteration 3391: Benign prob = 0.3614
Iteration 3395: Benign prob = 0.3723
Iteration 3450: Benign prob = 0.3753
Iteration 3471: Benign prob = 0.3842
Iteration 3510: Benign prob = 0.3932
Iteration 3535: Benign prob = 0.4003
Iteration 3552: Benign prob = 0.4021
Iteration 3565: Benign prob = 0.4071
Iteration 3585: Benign prob = 0.4133
Iteration 3597: Benign prob = 0.4153
Iteration 3629: Benign prob = 0.4179
Iteration 3649: Benign prob = 0.4209
Iteration 3652: Benign prob = 0.4369
Iteration 3703: Benign prob = 0.4452
Iteration 3735: Benign prob = 0.4474
Iteration 3766: Benign prob = 0.4566
Iteration 3774: Benign prob = 0.4578
Iteration 3780: Benign prob = 0.4620
Iteration 3791: Benign prob = 0.4640
Iteration 3809: Benign prob = 0.4650
Iteration 3880: Benign prob = 0.4751
Iteration 3943: Benign prob = 0.4768
Iteration 3949: Benign prob = 0.4768
Iteration 3965: Benign prob = 0.4874
Iteration 4051: Benign prob = 0.4894
Iteration 4056: Benign prob = 0.4918
Iteration 4082: Benign prob = 0.4962
Iteration 4097: Benign prob = 0.5109
Iteration 4159: Benign prob = 0.5121
Iteration 4174: Benign prob = 0.5174
Iteration 4228: Benign prob = 0.5390
Iteration 4388: Benign prob = 0.5425
Iteration 4416: Benign prob = 0.5485
Iteration 4427: Benign prob = 0.5491
Iteration 4430: Benign prob = 0.5585

 Completed Adversarial Image for image 5 in 12.69 minutes.

--- Adversarial Prediction Results for image 5: (C:\Users\Boss\Downloads\malnet-images\test\adware++adware\umeng\2A1C93E994ECDA622047C47143D150EA1686FC5A05E0E72CC4F343F87BF51BD5.png) ---
Predicted class: 11 (benign)
Confidence     : 0.5575
True class     : 5 (adware++adware)


=== [6/10] Creating EA Adversarial Image for C:\Users\Boss\Downloads\malnet-images\test\adware++adware\umeng\3EE6492DED919635919D74206B980CFB8B37824E9C5D19DCC81F469F25B2838B.png ===

--- Original Prediction Results ---
Predicted class: 4 (adware)

Confidence     : 1.0000

True class     : 5 (adware++adware)

Target ('benign') class: 11 (benign)

[INFO] Benign class became best class at iteration 6241 with confidence 0.2994!

Targeted adversarial image created in 8669 iterations.
Benign first predicted at iteration 6241 with confidence 0.2994.

Benign probability changes (iteration, prob):
Iteration 0: Benign prob = 0.0006
Iteration 1: Benign prob = 0.0006
Iteration 2: Benign prob = 0.0018
Iteration 4: Benign prob = 0.0020
Iteration 5: Benign prob = 0.0021
Iteration 7: Benign prob = 0.0022
Iteration 9: Benign prob = 0.0022
Iteration 12: Benign prob = 0.0024
Iteration 16: Benign prob = 0.0025
Iteration 20: Benign prob = 0.0025
Iteration 27: Benign prob = 0.0026
Iteration 35: Benign prob = 0.0026
Iteration 37: Benign prob = 0.0028
Iteration 45: Benign prob = 0.0034
Iteration 48: Benign prob = 0.0034
Iteration 53: Benign prob = 0.0036
Iteration 60: Benign prob = 0.0037
Iteration 65: Benign prob = 0.0037
Iteration 87: Benign prob = 0.0038
Iteration 88: Benign prob = 0.0039
Iteration 99: Benign prob = 0.0040
Iteration 114: Benign prob = 0.0041
Iteration 121: Benign prob = 0.0043
Iteration 125: Benign prob = 0.0044
Iteration 127: Benign prob = 0.0045
Iteration 128: Benign prob = 0.0048
Iteration 131: Benign prob = 0.0049
Iteration 137: Benign prob = 0.0052
Iteration 144: Benign prob = 0.0058
Iteration 152: Benign prob = 0.0058
Iteration 158: Benign prob = 0.0059
Iteration 160: Benign prob = 0.0065
Iteration 162: Benign prob = 0.0068
Iteration 167: Benign prob = 0.0072
Iteration 178: Benign prob = 0.0074
Iteration 182: Benign prob = 0.0075
Iteration 185: Benign prob = 0.0082
Iteration 194: Benign prob = 0.0083
Iteration 205: Benign prob = 0.0086
Iteration 210: Benign prob = 0.0087
Iteration 217: Benign prob = 0.0087
Iteration 227: Benign prob = 0.0092
Iteration 238: Benign prob = 0.0099
Iteration 245: Benign prob = 0.0099
Iteration 248: Benign prob = 0.0102
Iteration 254: Benign prob = 0.0105
Iteration 261: Benign prob = 0.0115
Iteration 277: Benign prob = 0.0121
Iteration 289: Benign prob = 0.0124
Iteration 301: Benign prob = 0.0126
Iteration 306: Benign prob = 0.0136
Iteration 318: Benign prob = 0.0139
Iteration 326: Benign prob = 0.0141
Iteration 343: Benign prob = 0.0141
Iteration 345: Benign prob = 0.0142
Iteration 346: Benign prob = 0.0143
Iteration 348: Benign prob = 0.0143
Iteration 352: Benign prob = 0.0145
Iteration 358: Benign prob = 0.0145
Iteration 365: Benign prob = 0.0146
Iteration 368: Benign prob = 0.0148
Iteration 377: Benign prob = 0.0155
Iteration 403: Benign prob = 0.0158
Iteration 416: Benign prob = 0.0160
Iteration 421: Benign prob = 0.0164
Iteration 429: Benign prob = 0.0179
Iteration 458: Benign prob = 0.0182
Iteration 475: Benign prob = 0.0187
Iteration 487: Benign prob = 0.0187
Iteration 492: Benign prob = 0.0190
Iteration 499: Benign prob = 0.0195
Iteration 500: Benign prob = 0.0206
Iteration 516: Benign prob = 0.0206
Iteration 518: Benign prob = 0.0215
Iteration 521: Benign prob = 0.0217
Iteration 524: Benign prob = 0.0231
Iteration 532: Benign prob = 0.0233
Iteration 539: Benign prob = 0.0238
Iteration 586: Benign prob = 0.0238
Iteration 588: Benign prob = 0.0241
Iteration 593: Benign prob = 0.0259
Iteration 610: Benign prob = 0.0266
Iteration 616: Benign prob = 0.0282
Iteration 627: Benign prob = 0.0297
Iteration 639: Benign prob = 0.0310
Iteration 660: Benign prob = 0.0315
Iteration 673: Benign prob = 0.0320
Iteration 674: Benign prob = 0.0325
Iteration 719: Benign prob = 0.0335
Iteration 743: Benign prob = 0.0341
Iteration 746: Benign prob = 0.0341
Iteration 755: Benign prob = 0.0350
Iteration 789: Benign prob = 0.0363
Iteration 820: Benign prob = 0.0374
Iteration 834: Benign prob = 0.0374
Iteration 844: Benign prob = 0.0377
Iteration 876: Benign prob = 0.0384
Iteration 882: Benign prob = 0.0391
Iteration 902: Benign prob = 0.0403
Iteration 919: Benign prob = 0.0413
Iteration 920: Benign prob = 0.0418
Iteration 923: Benign prob = 0.0432
Iteration 970: Benign prob = 0.0438
Iteration 994: Benign prob = 0.0449
Iteration 1021: Benign prob = 0.0455
Iteration 1025: Benign prob = 0.0459
Iteration 1057: Benign prob = 0.0469
Iteration 1102: Benign prob = 0.0496
Iteration 1132: Benign prob = 0.0499
Iteration 1164: Benign prob = 0.0504
Iteration 1188: Benign prob = 0.0513
Iteration 1194: Benign prob = 0.0537
Iteration 1215: Benign prob = 0.0540
Iteration 1246: Benign prob = 0.0541
Iteration 1247: Benign prob = 0.0560
Iteration 1252: Benign prob = 0.0603
Iteration 1349: Benign prob = 0.0605
Iteration 1374: Benign prob = 0.0605
Iteration 1410: Benign prob = 0.0611
Iteration 1420: Benign prob = 0.0623
Iteration 1491: Benign prob = 0.0628
Iteration 1519: Benign prob = 0.0634
Iteration 1535: Benign prob = 0.0635
Iteration 1546: Benign prob = 0.0639
Iteration 1550: Benign prob = 0.0658
Iteration 1569: Benign prob = 0.0669
Iteration 1585: Benign prob = 0.0671
Iteration 1624: Benign prob = 0.0675
Iteration 1631: Benign prob = 0.0681
Iteration 1641: Benign prob = 0.0689
Iteration 1659: Benign prob = 0.0711
Iteration 1694: Benign prob = 0.0757
Iteration 1740: Benign prob = 0.0765
Iteration 1745: Benign prob = 0.0769
Iteration 1758: Benign prob = 0.0773
Iteration 1776: Benign prob = 0.0775
Iteration 1797: Benign prob = 0.0792
Iteration 1809: Benign prob = 0.0797
Iteration 1818: Benign prob = 0.0804
Iteration 1824: Benign prob = 0.0813
Iteration 1835: Benign prob = 0.0832
Iteration 1842: Benign prob = 0.0834
Iteration 1874: Benign prob = 0.0840
Iteration 1929: Benign prob = 0.0848
Iteration 1972: Benign prob = 0.0876
Iteration 1995: Benign prob = 0.0877
Iteration 2082: Benign prob = 0.0889
Iteration 2108: Benign prob = 0.0895
Iteration 2128: Benign prob = 0.0900
Iteration 2166: Benign prob = 0.0909
Iteration 2168: Benign prob = 0.0910
Iteration 2184: Benign prob = 0.0938
Iteration 2208: Benign prob = 0.0970
Iteration 2328: Benign prob = 0.0972
Iteration 2329: Benign prob = 0.1005
Iteration 2361: Benign prob = 0.1010
Iteration 2366: Benign prob = 0.1037
Iteration 2375: Benign prob = 0.1048
Iteration 2428: Benign prob = 0.1077
Iteration 2506: Benign prob = 0.1103
Iteration 2549: Benign prob = 0.1124
Iteration 2557: Benign prob = 0.1131
Iteration 2594: Benign prob = 0.1132
Iteration 2642: Benign prob = 0.1135
Iteration 2665: Benign prob = 0.1188
Iteration 2686: Benign prob = 0.1229
Iteration 2763: Benign prob = 0.1248
Iteration 2786: Benign prob = 0.1254
Iteration 2806: Benign prob = 0.1256
Iteration 2847: Benign prob = 0.1260
Iteration 2850: Benign prob = 0.1268
Iteration 2864: Benign prob = 0.1280
Iteration 2873: Benign prob = 0.1285
Iteration 2919: Benign prob = 0.1293
Iteration 2933: Benign prob = 0.1294
Iteration 2936: Benign prob = 0.1325
Iteration 2989: Benign prob = 0.1327
Iteration 3077: Benign prob = 0.1368
Iteration 3113: Benign prob = 0.1376
Iteration 3219: Benign prob = 0.1380
Iteration 3304: Benign prob = 0.1402
Iteration 3312: Benign prob = 0.1403
Iteration 3313: Benign prob = 0.1423
Iteration 3318: Benign prob = 0.1442
Iteration 3340: Benign prob = 0.1452
Iteration 3348: Benign prob = 0.1463
Iteration 3361: Benign prob = 0.1531
Iteration 3413: Benign prob = 0.1533
Iteration 3438: Benign prob = 0.1556
Iteration 3537: Benign prob = 0.1571
Iteration 3663: Benign prob = 0.1579
Iteration 3672: Benign prob = 0.1581
Iteration 3709: Benign prob = 0.1650
Iteration 3755: Benign prob = 0.1661
Iteration 3762: Benign prob = 0.1667
Iteration 3816: Benign prob = 0.1685
Iteration 3825: Benign prob = 0.1695
Iteration 4009: Benign prob = 0.1727
Iteration 4012: Benign prob = 0.1739
Iteration 4104: Benign prob = 0.1741
Iteration 4113: Benign prob = 0.1750
Iteration 4149: Benign prob = 0.1754
Iteration 4174: Benign prob = 0.1757
Iteration 4180: Benign prob = 0.1781
Iteration 4186: Benign prob = 0.1787
Iteration 4225: Benign prob = 0.1817
Iteration 4230: Benign prob = 0.1825
Iteration 4286: Benign prob = 0.1879
Iteration 4366: Benign prob = 0.1914
Iteration 4397: Benign prob = 0.1931
Iteration 4458: Benign prob = 0.1932
Iteration 4568: Benign prob = 0.1965
Iteration 4574: Benign prob = 0.1975
Iteration 4603: Benign prob = 0.1993
Iteration 4632: Benign prob = 0.2050
Iteration 4663: Benign prob = 0.2054
Iteration 4664: Benign prob = 0.2086
Iteration 4706: Benign prob = 0.2092
Iteration 4724: Benign prob = 0.2101
Iteration 4782: Benign prob = 0.2125
Iteration 4788: Benign prob = 0.2133
Iteration 4802: Benign prob = 0.2189
Iteration 4843: Benign prob = 0.2190
Iteration 4871: Benign prob = 0.2230
Iteration 4920: Benign prob = 0.2252
Iteration 4922: Benign prob = 0.2260
Iteration 4966: Benign prob = 0.2299
Iteration 4972: Benign prob = 0.2299
Iteration 5142: Benign prob = 0.2305
Iteration 5166: Benign prob = 0.2323
Iteration 5203: Benign prob = 0.2350
Iteration 5238: Benign prob = 0.2392
Iteration 5268: Benign prob = 0.2426
Iteration 5329: Benign prob = 0.2449
Iteration 5399: Benign prob = 0.2467
Iteration 5416: Benign prob = 0.2550
Iteration 5433: Benign prob = 0.2558
Iteration 5492: Benign prob = 0.2564
Iteration 5524: Benign prob = 0.2574
Iteration 5529: Benign prob = 0.2633
Iteration 5581: Benign prob = 0.2654
Iteration 5623: Benign prob = 0.2655
Iteration 5638: Benign prob = 0.2744
Iteration 5702: Benign prob = 0.2805
Iteration 5704: Benign prob = 0.2838
Iteration 5736: Benign prob = 0.2839
Iteration 5774: Benign prob = 0.2853
Iteration 5813: Benign prob = 0.2874
Iteration 5840: Benign prob = 0.2876
Iteration 5971: Benign prob = 0.2888
Iteration 6020: Benign prob = 0.2917
Iteration 6068: Benign prob = 0.2925
Iteration 6097: Benign prob = 0.2929
Iteration 6135: Benign prob = 0.2977
Iteration 6227: Benign prob = 0.2980
Iteration 6241: Benign prob = 0.2994
Iteration 6275: Benign prob = 0.3040
Iteration 6359: Benign prob = 0.3041
Iteration 6382: Benign prob = 0.3130
Iteration 6481: Benign prob = 0.3164
Iteration 6521: Benign prob = 0.3166
Iteration 6527: Benign prob = 0.3268
Iteration 6631: Benign prob = 0.3355
Iteration 6646: Benign prob = 0.3362
Iteration 6672: Benign prob = 0.3382
Iteration 6706: Benign prob = 0.3432
Iteration 6711: Benign prob = 0.3439
Iteration 6715: Benign prob = 0.3458
Iteration 6775: Benign prob = 0.3482
Iteration 6859: Benign prob = 0.3499
Iteration 6878: Benign prob = 0.3506
Iteration 6891: Benign prob = 0.3570
Iteration 6897: Benign prob = 0.3576
Iteration 6901: Benign prob = 0.3614
Iteration 6910: Benign prob = 0.3707
Iteration 6922: Benign prob = 0.3746
Iteration 6972: Benign prob = 0.3796
Iteration 7049: Benign prob = 0.3852
Iteration 7105: Benign prob = 0.3933
Iteration 7300: Benign prob = 0.4030
Iteration 7344: Benign prob = 0.4073
Iteration 7411: Benign prob = 0.4194
Iteration 7445: Benign prob = 0.4247
Iteration 7505: Benign prob = 0.4248
Iteration 7540: Benign prob = 0.4264
Iteration 7567: Benign prob = 0.4381
Iteration 7576: Benign prob = 0.4466
Iteration 7732: Benign prob = 0.4599
Iteration 7885: Benign prob = 0.4663
Iteration 7927: Benign prob = 0.4691
Iteration 7974: Benign prob = 0.4719
Iteration 7996: Benign prob = 0.4765
Iteration 8031: Benign prob = 0.4770
Iteration 8032: Benign prob = 0.4811
Iteration 8052: Benign prob = 0.4915
Iteration 8055: Benign prob = 0.4966
Iteration 8064: Benign prob = 0.4967
Iteration 8080: Benign prob = 0.4968
Iteration 8117: Benign prob = 0.5027
Iteration 8194: Benign prob = 0.5074
Iteration 8229: Benign prob = 0.5169
Iteration 8239: Benign prob = 0.5192
Iteration 8331: Benign prob = 0.5192
Iteration 8341: Benign prob = 0.5314
Iteration 8420: Benign prob = 0.5321
Iteration 8432: Benign prob = 0.5393
Iteration 8535: Benign prob = 0.5399
Iteration 8550: Benign prob = 0.5483
Iteration 8669: Benign prob = 0.5535

 Completed Adversarial Image for image 6 in 24.85 minutes.

--- Adversarial Prediction Results for image 6: (C:\Users\Boss\Downloads\malnet-images\test\adware++adware\umeng\3EE6492DED919635919D74206B980CFB8B37824E9C5D19DCC81F469F25B2838B.png) ---
Predicted class: 11 (benign)
Confidence     : 0.5534
True class     : 5 (adware++adware)


=== [7/10] Creating EA Adversarial Image for C:\Users\Boss\Downloads\malnet-images\test\adware++adware\umeng\4F9EC220AC30026A9FB7209003C5A0590E70ACA29AD8BF20442FAD66D0930262.png ===

--- Original Prediction Results ---
Predicted class: 42 (trojan)

Confidence     : 0.4078

True class     : 5 (adware++adware)

Target ('benign') class: 11 (benign)

[INFO] Benign class became best class at iteration 1202 with confidence 0.2888!

Targeted adversarial image created in 2745 iterations.
Benign first predicted at iteration 1202 with confidence 0.2888.

Benign probability changes (iteration, prob):
Iteration 0: Benign prob = 0.0017
Iteration 9: Benign prob = 0.0018
Iteration 14: Benign prob = 0.0021
Iteration 20: Benign prob = 0.0021
Iteration 21: Benign prob = 0.0023
Iteration 25: Benign prob = 0.0024
Iteration 27: Benign prob = 0.0025
Iteration 28: Benign prob = 0.0026
Iteration 36: Benign prob = 0.0029
Iteration 40: Benign prob = 0.0029
Iteration 43: Benign prob = 0.0030
Iteration 44: Benign prob = 0.0034
Iteration 46: Benign prob = 0.0034
Iteration 49: Benign prob = 0.0035
Iteration 53: Benign prob = 0.0035
Iteration 54: Benign prob = 0.0036
Iteration 55: Benign prob = 0.0038
Iteration 56: Benign prob = 0.0039
Iteration 58: Benign prob = 0.0039
Iteration 62: Benign prob = 0.0041
Iteration 64: Benign prob = 0.0042
Iteration 66: Benign prob = 0.0043
Iteration 71: Benign prob = 0.0044
Iteration 76: Benign prob = 0.0047
Iteration 80: Benign prob = 0.0048
Iteration 82: Benign prob = 0.0050
Iteration 90: Benign prob = 0.0051
Iteration 104: Benign prob = 0.0052
Iteration 108: Benign prob = 0.0054
Iteration 110: Benign prob = 0.0058
Iteration 112: Benign prob = 0.0060
Iteration 114: Benign prob = 0.0071
Iteration 126: Benign prob = 0.0073
Iteration 132: Benign prob = 0.0075
Iteration 138: Benign prob = 0.0076
Iteration 143: Benign prob = 0.0080
Iteration 144: Benign prob = 0.0081
Iteration 147: Benign prob = 0.0081
Iteration 148: Benign prob = 0.0082
Iteration 149: Benign prob = 0.0084
Iteration 152: Benign prob = 0.0085
Iteration 162: Benign prob = 0.0090
Iteration 164: Benign prob = 0.0097
Iteration 175: Benign prob = 0.0107
Iteration 202: Benign prob = 0.0109
Iteration 205: Benign prob = 0.0109
Iteration 218: Benign prob = 0.0110
Iteration 220: Benign prob = 0.0111
Iteration 224: Benign prob = 0.0117
Iteration 238: Benign prob = 0.0117
Iteration 243: Benign prob = 0.0120
Iteration 244: Benign prob = 0.0121
Iteration 266: Benign prob = 0.0122
Iteration 275: Benign prob = 0.0127
Iteration 276: Benign prob = 0.0130
Iteration 296: Benign prob = 0.0132
Iteration 319: Benign prob = 0.0135
Iteration 324: Benign prob = 0.0136
Iteration 332: Benign prob = 0.0139
Iteration 335: Benign prob = 0.0144
Iteration 341: Benign prob = 0.0145
Iteration 348: Benign prob = 0.0147
Iteration 360: Benign prob = 0.0151
Iteration 370: Benign prob = 0.0152
Iteration 422: Benign prob = 0.0153
Iteration 427: Benign prob = 0.0157
Iteration 442: Benign prob = 0.0162
Iteration 446: Benign prob = 0.0170
Iteration 454: Benign prob = 0.0171
Iteration 458: Benign prob = 0.0177
Iteration 460: Benign prob = 0.0178
Iteration 468: Benign prob = 0.0181
Iteration 471: Benign prob = 0.0182
Iteration 473: Benign prob = 0.0185
Iteration 478: Benign prob = 0.0190
Iteration 487: Benign prob = 0.0191
Iteration 491: Benign prob = 0.0194
Iteration 493: Benign prob = 0.0215
Iteration 501: Benign prob = 0.0228
Iteration 520: Benign prob = 0.0244
Iteration 532: Benign prob = 0.0258
Iteration 539: Benign prob = 0.0272
Iteration 541: Benign prob = 0.0280
Iteration 549: Benign prob = 0.0289
Iteration 553: Benign prob = 0.0299
Iteration 559: Benign prob = 0.0314
Iteration 561: Benign prob = 0.0332
Iteration 567: Benign prob = 0.0335
Iteration 568: Benign prob = 0.0336
Iteration 576: Benign prob = 0.0390
Iteration 594: Benign prob = 0.0394
Iteration 609: Benign prob = 0.0409
Iteration 617: Benign prob = 0.0415
Iteration 620: Benign prob = 0.0417
Iteration 633: Benign prob = 0.0440
Iteration 641: Benign prob = 0.0442
Iteration 642: Benign prob = 0.0473
Iteration 644: Benign prob = 0.0477
Iteration 648: Benign prob = 0.0495
Iteration 651: Benign prob = 0.0543
Iteration 669: Benign prob = 0.0562
Iteration 670: Benign prob = 0.0620
Iteration 681: Benign prob = 0.0634
Iteration 685: Benign prob = 0.0673
Iteration 693: Benign prob = 0.0720
Iteration 696: Benign prob = 0.0753
Iteration 703: Benign prob = 0.0809
Iteration 705: Benign prob = 0.0827
Iteration 710: Benign prob = 0.0861
Iteration 720: Benign prob = 0.0879
Iteration 724: Benign prob = 0.0900
Iteration 729: Benign prob = 0.0905
Iteration 734: Benign prob = 0.0926
Iteration 738: Benign prob = 0.0942
Iteration 772: Benign prob = 0.1015
Iteration 800: Benign prob = 0.1060
Iteration 812: Benign prob = 0.1075
Iteration 816: Benign prob = 0.1147
Iteration 825: Benign prob = 0.1152
Iteration 837: Benign prob = 0.1196
Iteration 841: Benign prob = 0.1257
Iteration 843: Benign prob = 0.1267
Iteration 849: Benign prob = 0.1304
Iteration 850: Benign prob = 0.1345
Iteration 851: Benign prob = 0.1421
Iteration 853: Benign prob = 0.1425
Iteration 867: Benign prob = 0.1525
Iteration 869: Benign prob = 0.1586
Iteration 890: Benign prob = 0.1623
Iteration 893: Benign prob = 0.1687
Iteration 912: Benign prob = 0.1798
Iteration 923: Benign prob = 0.1824
Iteration 945: Benign prob = 0.2084
Iteration 946: Benign prob = 0.2098
Iteration 979: Benign prob = 0.2155
Iteration 980: Benign prob = 0.2221
Iteration 988: Benign prob = 0.2251
Iteration 990: Benign prob = 0.2386
Iteration 1051: Benign prob = 0.2461
Iteration 1059: Benign prob = 0.2485
Iteration 1091: Benign prob = 0.2619
Iteration 1149: Benign prob = 0.2677
Iteration 1158: Benign prob = 0.2745
Iteration 1172: Benign prob = 0.2749
Iteration 1174: Benign prob = 0.2760
Iteration 1185: Benign prob = 0.2773
Iteration 1194: Benign prob = 0.2810
Iteration 1202: Benign prob = 0.2888
Iteration 1232: Benign prob = 0.2994
Iteration 1236: Benign prob = 0.3200
Iteration 1244: Benign prob = 0.3242
Iteration 1264: Benign prob = 0.3359
Iteration 1268: Benign prob = 0.3403
Iteration 1283: Benign prob = 0.3420
Iteration 1318: Benign prob = 0.3623
Iteration 1335: Benign prob = 0.3640
Iteration 1361: Benign prob = 0.3670
Iteration 1366: Benign prob = 0.3709
Iteration 1370: Benign prob = 0.3752
Iteration 1388: Benign prob = 0.3792
Iteration 1398: Benign prob = 0.3813
Iteration 1477: Benign prob = 0.3813
Iteration 1495: Benign prob = 0.3832
Iteration 1514: Benign prob = 0.3833
Iteration 1520: Benign prob = 0.3873
Iteration 1525: Benign prob = 0.3912
Iteration 1530: Benign prob = 0.3953
Iteration 1540: Benign prob = 0.4204
Iteration 1606: Benign prob = 0.4242
Iteration 1646: Benign prob = 0.4255
Iteration 1715: Benign prob = 0.4271
Iteration 1753: Benign prob = 0.4388
Iteration 1897: Benign prob = 0.4400
Iteration 1900: Benign prob = 0.4414
Iteration 1907: Benign prob = 0.4458
Iteration 1948: Benign prob = 0.4490
Iteration 1962: Benign prob = 0.4558
Iteration 1996: Benign prob = 0.4565
Iteration 2013: Benign prob = 0.4615
Iteration 2033: Benign prob = 0.4639
Iteration 2065: Benign prob = 0.4665
Iteration 2068: Benign prob = 0.4676
Iteration 2079: Benign prob = 0.4693
Iteration 2081: Benign prob = 0.4705
Iteration 2109: Benign prob = 0.4712
Iteration 2115: Benign prob = 0.4715
Iteration 2116: Benign prob = 0.4730
Iteration 2125: Benign prob = 0.4750
Iteration 2146: Benign prob = 0.4828
Iteration 2159: Benign prob = 0.4855
Iteration 2245: Benign prob = 0.4867
Iteration 2247: Benign prob = 0.4892
Iteration 2254: Benign prob = 0.4893
Iteration 2256: Benign prob = 0.4904
Iteration 2291: Benign prob = 0.4975
Iteration 2337: Benign prob = 0.5036
Iteration 2355: Benign prob = 0.5045
Iteration 2386: Benign prob = 0.5060
Iteration 2399: Benign prob = 0.5078
Iteration 2434: Benign prob = 0.5086
Iteration 2456: Benign prob = 0.5093
Iteration 2480: Benign prob = 0.5125
Iteration 2481: Benign prob = 0.5164
Iteration 2495: Benign prob = 0.5198
Iteration 2522: Benign prob = 0.5265
Iteration 2558: Benign prob = 0.5312
Iteration 2578: Benign prob = 0.5394
Iteration 2582: Benign prob = 0.5395
Iteration 2638: Benign prob = 0.5417
Iteration 2667: Benign prob = 0.5437
Iteration 2693: Benign prob = 0.5485
Iteration 2745: Benign prob = 0.5540

 Completed Adversarial Image for image 7 in 7.86 minutes.

--- Adversarial Prediction Results for image 7: (C:\Users\Boss\Downloads\malnet-images\test\adware++adware\umeng\4F9EC220AC30026A9FB7209003C5A0590E70ACA29AD8BF20442FAD66D0930262.png) ---
Predicted class: 11 (benign)
Confidence     : 0.5525
True class     : 5 (adware++adware)


=== [8/10] Creating EA Adversarial Image for C:\Users\Boss\Downloads\malnet-images\test\adware++adware\umeng\5F4716D90A0BF7549ECFC745E056511620E375560AB230369B47C66A8056B9AC.png ===

--- Original Prediction Results ---
Predicted class: 4 (adware)

Confidence     : 1.0000

True class     : 5 (adware++adware)

Target ('benign') class: 11 (benign)

[INFO] Benign class became best class at iteration 2656 with confidence 0.3083!

Targeted adversarial image created in 4280 iterations.
Benign first predicted at iteration 2656 with confidence 0.3083.

Benign probability changes (iteration, prob):
Iteration 0: Benign prob = 0.0008
Iteration 1: Benign prob = 0.0011
Iteration 2: Benign prob = 0.0013
Iteration 3: Benign prob = 0.0014
Iteration 4: Benign prob = 0.0015
Iteration 5: Benign prob = 0.0016
Iteration 6: Benign prob = 0.0017
Iteration 7: Benign prob = 0.0018
Iteration 10: Benign prob = 0.0019
Iteration 11: Benign prob = 0.0019
Iteration 12: Benign prob = 0.0023
Iteration 14: Benign prob = 0.0024
Iteration 16: Benign prob = 0.0024
Iteration 17: Benign prob = 0.0025
Iteration 19: Benign prob = 0.0032
Iteration 23: Benign prob = 0.0033
Iteration 25: Benign prob = 0.0033
Iteration 28: Benign prob = 0.0037
Iteration 30: Benign prob = 0.0039
Iteration 32: Benign prob = 0.0041
Iteration 37: Benign prob = 0.0045
Iteration 39: Benign prob = 0.0045
Iteration 40: Benign prob = 0.0045
Iteration 41: Benign prob = 0.0056
Iteration 50: Benign prob = 0.0061
Iteration 57: Benign prob = 0.0062
Iteration 58: Benign prob = 0.0066
Iteration 60: Benign prob = 0.0069
Iteration 74: Benign prob = 0.0070
Iteration 82: Benign prob = 0.0075
Iteration 85: Benign prob = 0.0088
Iteration 88: Benign prob = 0.0090
Iteration 95: Benign prob = 0.0093
Iteration 102: Benign prob = 0.0099
Iteration 110: Benign prob = 0.0110
Iteration 113: Benign prob = 0.0116
Iteration 123: Benign prob = 0.0126
Iteration 134: Benign prob = 0.0137
Iteration 146: Benign prob = 0.0142
Iteration 148: Benign prob = 0.0143
Iteration 165: Benign prob = 0.0146
Iteration 171: Benign prob = 0.0147
Iteration 185: Benign prob = 0.0148
Iteration 195: Benign prob = 0.0153
Iteration 205: Benign prob = 0.0157
Iteration 212: Benign prob = 0.0169
Iteration 262: Benign prob = 0.0175
Iteration 285: Benign prob = 0.0178
Iteration 287: Benign prob = 0.0182
Iteration 294: Benign prob = 0.0184
Iteration 295: Benign prob = 0.0186
Iteration 303: Benign prob = 0.0191
Iteration 312: Benign prob = 0.0195
Iteration 317: Benign prob = 0.0198
Iteration 322: Benign prob = 0.0205
Iteration 323: Benign prob = 0.0219
Iteration 380: Benign prob = 0.0221
Iteration 399: Benign prob = 0.0222
Iteration 400: Benign prob = 0.0229
Iteration 413: Benign prob = 0.0232
Iteration 436: Benign prob = 0.0246
Iteration 445: Benign prob = 0.0247
Iteration 456: Benign prob = 0.0248
Iteration 465: Benign prob = 0.0252
Iteration 498: Benign prob = 0.0273
Iteration 534: Benign prob = 0.0300
Iteration 557: Benign prob = 0.0309
Iteration 563: Benign prob = 0.0314
Iteration 575: Benign prob = 0.0315
Iteration 577: Benign prob = 0.0317
Iteration 593: Benign prob = 0.0320
Iteration 627: Benign prob = 0.0329
Iteration 630: Benign prob = 0.0341
Iteration 643: Benign prob = 0.0350
Iteration 660: Benign prob = 0.0352
Iteration 704: Benign prob = 0.0353
Iteration 731: Benign prob = 0.0367
Iteration 743: Benign prob = 0.0368
Iteration 751: Benign prob = 0.0373
Iteration 761: Benign prob = 0.0375
Iteration 768: Benign prob = 0.0381
Iteration 771: Benign prob = 0.0386
Iteration 815: Benign prob = 0.0392
Iteration 837: Benign prob = 0.0394
Iteration 842: Benign prob = 0.0407
Iteration 844: Benign prob = 0.0409
Iteration 864: Benign prob = 0.0411
Iteration 865: Benign prob = 0.0415
Iteration 966: Benign prob = 0.0425
Iteration 995: Benign prob = 0.0426
Iteration 1028: Benign prob = 0.0431
Iteration 1033: Benign prob = 0.0432
Iteration 1053: Benign prob = 0.0435
Iteration 1078: Benign prob = 0.0445
Iteration 1134: Benign prob = 0.0469
Iteration 1156: Benign prob = 0.0480
Iteration 1189: Benign prob = 0.0528
Iteration 1271: Benign prob = 0.0542
Iteration 1280: Benign prob = 0.0543
Iteration 1308: Benign prob = 0.0576
Iteration 1309: Benign prob = 0.0581
Iteration 1322: Benign prob = 0.0607
Iteration 1332: Benign prob = 0.0627
Iteration 1371: Benign prob = 0.0632
Iteration 1385: Benign prob = 0.0641
Iteration 1411: Benign prob = 0.0660
Iteration 1511: Benign prob = 0.0693
Iteration 1544: Benign prob = 0.0695
Iteration 1562: Benign prob = 0.0702
Iteration 1585: Benign prob = 0.0705
Iteration 1595: Benign prob = 0.0711
Iteration 1596: Benign prob = 0.0748
Iteration 1634: Benign prob = 0.0750
Iteration 1650: Benign prob = 0.0776
Iteration 1675: Benign prob = 0.0823
Iteration 1724: Benign prob = 0.0823
Iteration 1725: Benign prob = 0.0828
Iteration 1728: Benign prob = 0.0832
Iteration 1737: Benign prob = 0.0837
Iteration 1748: Benign prob = 0.0915
Iteration 1776: Benign prob = 0.0940
Iteration 1778: Benign prob = 0.0947
Iteration 1790: Benign prob = 0.0961
Iteration 1804: Benign prob = 0.0980
Iteration 1808: Benign prob = 0.1074
Iteration 1823: Benign prob = 0.1093
Iteration 1827: Benign prob = 0.1093
Iteration 1829: Benign prob = 0.1104
Iteration 1845: Benign prob = 0.1116
Iteration 1846: Benign prob = 0.1148
Iteration 1870: Benign prob = 0.1152
Iteration 1879: Benign prob = 0.1170
Iteration 1897: Benign prob = 0.1199
Iteration 1907: Benign prob = 0.1224
Iteration 1911: Benign prob = 0.1235
Iteration 1918: Benign prob = 0.1270
Iteration 1934: Benign prob = 0.1291
Iteration 1935: Benign prob = 0.1300
Iteration 1941: Benign prob = 0.1362
Iteration 1970: Benign prob = 0.1383
Iteration 1971: Benign prob = 0.1395
Iteration 1974: Benign prob = 0.1430
Iteration 1990: Benign prob = 0.1443
Iteration 2005: Benign prob = 0.1555
Iteration 2011: Benign prob = 0.1629
Iteration 2020: Benign prob = 0.1662
Iteration 2049: Benign prob = 0.1678
Iteration 2055: Benign prob = 0.1698
Iteration 2060: Benign prob = 0.1723
Iteration 2062: Benign prob = 0.1732
Iteration 2066: Benign prob = 0.1789
Iteration 2069: Benign prob = 0.1807
Iteration 2081: Benign prob = 0.1835
Iteration 2084: Benign prob = 0.1861
Iteration 2091: Benign prob = 0.1889
Iteration 2098: Benign prob = 0.1925
Iteration 2099: Benign prob = 0.1930
Iteration 2100: Benign prob = 0.2021
Iteration 2109: Benign prob = 0.2082
Iteration 2117: Benign prob = 0.2092
Iteration 2153: Benign prob = 0.2101
Iteration 2165: Benign prob = 0.2165
Iteration 2177: Benign prob = 0.2203
Iteration 2182: Benign prob = 0.2328
Iteration 2244: Benign prob = 0.2363
Iteration 2246: Benign prob = 0.2383
Iteration 2299: Benign prob = 0.2402
Iteration 2305: Benign prob = 0.2424
Iteration 2319: Benign prob = 0.2428
Iteration 2325: Benign prob = 0.2495
Iteration 2394: Benign prob = 0.2512
Iteration 2405: Benign prob = 0.2546
Iteration 2442: Benign prob = 0.2574
Iteration 2471: Benign prob = 0.2581
Iteration 2484: Benign prob = 0.2583
Iteration 2485: Benign prob = 0.2588
Iteration 2493: Benign prob = 0.2621
Iteration 2500: Benign prob = 0.2664
Iteration 2509: Benign prob = 0.2874
Iteration 2542: Benign prob = 0.2998
Iteration 2569: Benign prob = 0.3007
Iteration 2642: Benign prob = 0.3079
Iteration 2656: Benign prob = 0.3083
Iteration 2658: Benign prob = 0.3139
Iteration 2664: Benign prob = 0.3180
Iteration 2667: Benign prob = 0.3205
Iteration 2679: Benign prob = 0.3249
Iteration 2690: Benign prob = 0.3282
Iteration 2697: Benign prob = 0.3490
Iteration 2730: Benign prob = 0.3571
Iteration 2752: Benign prob = 0.3600
Iteration 2788: Benign prob = 0.3801
Iteration 2879: Benign prob = 0.3813
Iteration 2907: Benign prob = 0.3879
Iteration 2950: Benign prob = 0.3917
Iteration 2983: Benign prob = 0.3972
Iteration 2990: Benign prob = 0.4065
Iteration 3054: Benign prob = 0.4118
Iteration 3094: Benign prob = 0.4200
Iteration 3120: Benign prob = 0.4209
Iteration 3125: Benign prob = 0.4260
Iteration 3129: Benign prob = 0.4320
Iteration 3165: Benign prob = 0.4334
Iteration 3247: Benign prob = 0.4337
Iteration 3251: Benign prob = 0.4362
Iteration 3278: Benign prob = 0.4413
Iteration 3279: Benign prob = 0.4481
Iteration 3300: Benign prob = 0.4590
Iteration 3367: Benign prob = 0.4672
Iteration 3455: Benign prob = 0.4695
Iteration 3459: Benign prob = 0.4708
Iteration 3474: Benign prob = 0.4732
Iteration 3482: Benign prob = 0.4747
Iteration 3531: Benign prob = 0.4847
Iteration 3547: Benign prob = 0.4865
Iteration 3567: Benign prob = 0.4899
Iteration 3629: Benign prob = 0.4908
Iteration 3647: Benign prob = 0.4966
Iteration 3671: Benign prob = 0.4969
Iteration 3753: Benign prob = 0.4997
Iteration 3759: Benign prob = 0.5038
Iteration 3784: Benign prob = 0.5043
Iteration 3799: Benign prob = 0.5054
Iteration 3838: Benign prob = 0.5060
Iteration 3845: Benign prob = 0.5062
Iteration 3849: Benign prob = 0.5072
Iteration 3850: Benign prob = 0.5079
Iteration 3859: Benign prob = 0.5131
Iteration 3898: Benign prob = 0.5159
Iteration 3947: Benign prob = 0.5175
Iteration 3954: Benign prob = 0.5237
Iteration 3984: Benign prob = 0.5312
Iteration 4077: Benign prob = 0.5345
Iteration 4122: Benign prob = 0.5412
Iteration 4174: Benign prob = 0.5449
Iteration 4247: Benign prob = 0.5467
Iteration 4280: Benign prob = 0.5509

 Completed Adversarial Image for image 8 in 13.10 minutes.

--- Adversarial Prediction Results for image 8: (C:\Users\Boss\Downloads\malnet-images\test\adware++adware\umeng\5F4716D90A0BF7549ECFC745E056511620E375560AB230369B47C66A8056B9AC.png) ---
Predicted class: 11 (benign)
Confidence     : 0.5497
True class     : 5 (adware++adware)


=== [9/10] Creating EA Adversarial Image for C:\Users\Boss\Downloads\malnet-images\test\adware++adware\umeng\6EA4B5673DAF600A861B52E5122DF4F6BD7C97E143A5C028E9DEA0D499195D8C.png ===

--- Original Prediction Results ---
Predicted class: 42 (trojan)

Confidence     : 0.3992

True class     : 5 (adware++adware)

Target ('benign') class: 11 (benign)

[INFO] Benign class became best class at iteration 6137 with confidence 0.2730!

Failed to generate adversarial image in 10000 iterations.
Benign first predicted at iteration 6137 with confidence 0.2730.

Benign probability changes (iteration, prob):
Iteration 0: Benign prob = 0.0016
Iteration 8: Benign prob = 0.0016
Iteration 10: Benign prob = 0.0016
Iteration 11: Benign prob = 0.0018
Iteration 14: Benign prob = 0.0021
Iteration 17: Benign prob = 0.0021
Iteration 18: Benign prob = 0.0022
Iteration 20: Benign prob = 0.0024
Iteration 24: Benign prob = 0.0025
Iteration 28: Benign prob = 0.0027
Iteration 30: Benign prob = 0.0028
Iteration 35: Benign prob = 0.0029
Iteration 36: Benign prob = 0.0030
Iteration 41: Benign prob = 0.0032
Iteration 42: Benign prob = 0.0033
Iteration 43: Benign prob = 0.0034
Iteration 45: Benign prob = 0.0035
Iteration 48: Benign prob = 0.0038
Iteration 53: Benign prob = 0.0038
Iteration 57: Benign prob = 0.0040
Iteration 61: Benign prob = 0.0041
Iteration 68: Benign prob = 0.0041
Iteration 78: Benign prob = 0.0043
Iteration 98: Benign prob = 0.0045
Iteration 99: Benign prob = 0.0045
Iteration 103: Benign prob = 0.0047
Iteration 104: Benign prob = 0.0047
Iteration 106: Benign prob = 0.0048
Iteration 117: Benign prob = 0.0050
Iteration 121: Benign prob = 0.0051
Iteration 124: Benign prob = 0.0051
Iteration 129: Benign prob = 0.0052
Iteration 133: Benign prob = 0.0054
Iteration 140: Benign prob = 0.0054
Iteration 146: Benign prob = 0.0056
Iteration 160: Benign prob = 0.0057
Iteration 163: Benign prob = 0.0058
Iteration 167: Benign prob = 0.0058
Iteration 170: Benign prob = 0.0059
Iteration 173: Benign prob = 0.0063
Iteration 205: Benign prob = 0.0064
Iteration 212: Benign prob = 0.0064
Iteration 213: Benign prob = 0.0067
Iteration 221: Benign prob = 0.0069
Iteration 229: Benign prob = 0.0075
Iteration 284: Benign prob = 0.0078
Iteration 295: Benign prob = 0.0078
Iteration 312: Benign prob = 0.0080
Iteration 315: Benign prob = 0.0083
Iteration 326: Benign prob = 0.0085
Iteration 328: Benign prob = 0.0087
Iteration 336: Benign prob = 0.0087
Iteration 359: Benign prob = 0.0088
Iteration 362: Benign prob = 0.0090
Iteration 366: Benign prob = 0.0090
Iteration 370: Benign prob = 0.0092
Iteration 375: Benign prob = 0.0093
Iteration 388: Benign prob = 0.0101
Iteration 407: Benign prob = 0.0103
Iteration 433: Benign prob = 0.0110
Iteration 473: Benign prob = 0.0114
Iteration 476: Benign prob = 0.0117
Iteration 477: Benign prob = 0.0120
Iteration 478: Benign prob = 0.0123
Iteration 482: Benign prob = 0.0125
Iteration 488: Benign prob = 0.0128
Iteration 513: Benign prob = 0.0128
Iteration 514: Benign prob = 0.0129
Iteration 515: Benign prob = 0.0130
Iteration 519: Benign prob = 0.0132
Iteration 534: Benign prob = 0.0137
Iteration 558: Benign prob = 0.0142
Iteration 563: Benign prob = 0.0152
Iteration 579: Benign prob = 0.0154
Iteration 613: Benign prob = 0.0156
Iteration 615: Benign prob = 0.0158
Iteration 619: Benign prob = 0.0163
Iteration 641: Benign prob = 0.0164
Iteration 673: Benign prob = 0.0172
Iteration 690: Benign prob = 0.0173
Iteration 721: Benign prob = 0.0186
Iteration 754: Benign prob = 0.0189
Iteration 790: Benign prob = 0.0191
Iteration 815: Benign prob = 0.0193
Iteration 832: Benign prob = 0.0207
Iteration 844: Benign prob = 0.0208
Iteration 849: Benign prob = 0.0210
Iteration 851: Benign prob = 0.0222
Iteration 860: Benign prob = 0.0227
Iteration 870: Benign prob = 0.0228
Iteration 872: Benign prob = 0.0230
Iteration 890: Benign prob = 0.0235
Iteration 906: Benign prob = 0.0236
Iteration 909: Benign prob = 0.0236
Iteration 913: Benign prob = 0.0248
Iteration 928: Benign prob = 0.0257
Iteration 968: Benign prob = 0.0259
Iteration 1028: Benign prob = 0.0262
Iteration 1036: Benign prob = 0.0264
Iteration 1041: Benign prob = 0.0267
Iteration 1062: Benign prob = 0.0269
Iteration 1072: Benign prob = 0.0276
Iteration 1097: Benign prob = 0.0280
Iteration 1123: Benign prob = 0.0280
Iteration 1171: Benign prob = 0.0286
Iteration 1202: Benign prob = 0.0293
Iteration 1227: Benign prob = 0.0296
Iteration 1243: Benign prob = 0.0300
Iteration 1298: Benign prob = 0.0311
Iteration 1327: Benign prob = 0.0314
Iteration 1331: Benign prob = 0.0318
Iteration 1400: Benign prob = 0.0322
Iteration 1428: Benign prob = 0.0324
Iteration 1434: Benign prob = 0.0325
Iteration 1446: Benign prob = 0.0348
Iteration 1588: Benign prob = 0.0359
Iteration 1603: Benign prob = 0.0365
Iteration 1608: Benign prob = 0.0367
Iteration 1609: Benign prob = 0.0373
Iteration 1628: Benign prob = 0.0374
Iteration 1635: Benign prob = 0.0385
Iteration 1647: Benign prob = 0.0404
Iteration 1717: Benign prob = 0.0407
Iteration 1741: Benign prob = 0.0409
Iteration 1773: Benign prob = 0.0421
Iteration 1774: Benign prob = 0.0423
Iteration 1815: Benign prob = 0.0429
Iteration 1872: Benign prob = 0.0432
Iteration 1873: Benign prob = 0.0432
Iteration 1875: Benign prob = 0.0432
Iteration 1897: Benign prob = 0.0445
Iteration 1977: Benign prob = 0.0453
Iteration 1989: Benign prob = 0.0459
Iteration 2006: Benign prob = 0.0475
Iteration 2026: Benign prob = 0.0483
Iteration 2073: Benign prob = 0.0496
Iteration 2096: Benign prob = 0.0507
Iteration 2114: Benign prob = 0.0517
Iteration 2161: Benign prob = 0.0520
Iteration 2187: Benign prob = 0.0529
Iteration 2282: Benign prob = 0.0529
Iteration 2294: Benign prob = 0.0539
Iteration 2298: Benign prob = 0.0556
Iteration 2341: Benign prob = 0.0567
Iteration 2368: Benign prob = 0.0597
Iteration 2473: Benign prob = 0.0612
Iteration 2542: Benign prob = 0.0642
Iteration 2571: Benign prob = 0.0647
Iteration 2583: Benign prob = 0.0653
Iteration 2635: Benign prob = 0.0667
Iteration 2647: Benign prob = 0.0686
Iteration 2685: Benign prob = 0.0723
Iteration 2807: Benign prob = 0.0740
Iteration 2872: Benign prob = 0.0746
Iteration 2950: Benign prob = 0.0753
Iteration 2951: Benign prob = 0.0762
Iteration 3059: Benign prob = 0.0767
Iteration 3066: Benign prob = 0.0773
Iteration 3083: Benign prob = 0.0776
Iteration 3107: Benign prob = 0.0782
Iteration 3115: Benign prob = 0.0795
Iteration 3120: Benign prob = 0.0795
Iteration 3132: Benign prob = 0.0800
Iteration 3148: Benign prob = 0.0807
Iteration 3154: Benign prob = 0.0828
Iteration 3201: Benign prob = 0.0832
Iteration 3224: Benign prob = 0.0835
Iteration 3227: Benign prob = 0.0842
Iteration 3250: Benign prob = 0.0848
Iteration 3264: Benign prob = 0.0851
Iteration 3321: Benign prob = 0.0855
Iteration 3337: Benign prob = 0.0874
Iteration 3364: Benign prob = 0.0874
Iteration 3410: Benign prob = 0.0878
Iteration 3428: Benign prob = 0.0893
Iteration 3451: Benign prob = 0.0900
Iteration 3459: Benign prob = 0.0912
Iteration 3514: Benign prob = 0.0932
Iteration 3545: Benign prob = 0.0938
Iteration 3562: Benign prob = 0.0939
Iteration 3581: Benign prob = 0.0942
Iteration 3591: Benign prob = 0.0972
Iteration 3713: Benign prob = 0.1015
Iteration 3788: Benign prob = 0.1029
Iteration 3805: Benign prob = 0.1057
Iteration 3819: Benign prob = 0.1066
Iteration 3957: Benign prob = 0.1072
Iteration 4007: Benign prob = 0.1078
Iteration 4019: Benign prob = 0.1086
Iteration 4039: Benign prob = 0.1134
Iteration 4067: Benign prob = 0.1148
Iteration 4102: Benign prob = 0.1151
Iteration 4104: Benign prob = 0.1156
Iteration 4106: Benign prob = 0.1158
Iteration 4113: Benign prob = 0.1169
Iteration 4158: Benign prob = 0.1185
Iteration 4167: Benign prob = 0.1191
Iteration 4194: Benign prob = 0.1198
Iteration 4257: Benign prob = 0.1218
Iteration 4289: Benign prob = 0.1261
Iteration 4301: Benign prob = 0.1275
Iteration 4330: Benign prob = 0.1280
Iteration 4336: Benign prob = 0.1287
Iteration 4368: Benign prob = 0.1310
Iteration 4395: Benign prob = 0.1331
Iteration 4412: Benign prob = 0.1354
Iteration 4417: Benign prob = 0.1365
Iteration 4424: Benign prob = 0.1369
Iteration 4430: Benign prob = 0.1459
Iteration 4486: Benign prob = 0.1464
Iteration 4495: Benign prob = 0.1483
Iteration 4499: Benign prob = 0.1531
Iteration 4503: Benign prob = 0.1549
Iteration 4587: Benign prob = 0.1582
Iteration 4674: Benign prob = 0.1587
Iteration 4687: Benign prob = 0.1599
Iteration 4690: Benign prob = 0.1599
Iteration 4693: Benign prob = 0.1623
Iteration 4702: Benign prob = 0.1643
Iteration 4745: Benign prob = 0.1669
Iteration 4759: Benign prob = 0.1670
Iteration 4770: Benign prob = 0.1722
Iteration 4861: Benign prob = 0.1723
Iteration 4885: Benign prob = 0.1750
Iteration 4903: Benign prob = 0.1795
Iteration 4967: Benign prob = 0.1802
Iteration 4971: Benign prob = 0.1813
Iteration 5066: Benign prob = 0.1886
Iteration 5073: Benign prob = 0.1891
Iteration 5123: Benign prob = 0.1911
Iteration 5153: Benign prob = 0.1968
Iteration 5190: Benign prob = 0.1973
Iteration 5224: Benign prob = 0.2004
Iteration 5225: Benign prob = 0.2023
Iteration 5305: Benign prob = 0.2083
Iteration 5430: Benign prob = 0.2103
Iteration 5466: Benign prob = 0.2166
Iteration 5469: Benign prob = 0.2172
Iteration 5499: Benign prob = 0.2183
Iteration 5511: Benign prob = 0.2204
Iteration 5518: Benign prob = 0.2206
Iteration 5534: Benign prob = 0.2220
Iteration 5584: Benign prob = 0.2225
Iteration 5591: Benign prob = 0.2269
Iteration 5641: Benign prob = 0.2283
Iteration 5680: Benign prob = 0.2355
Iteration 5782: Benign prob = 0.2368
Iteration 5783: Benign prob = 0.2385
Iteration 5803: Benign prob = 0.2458
Iteration 5874: Benign prob = 0.2458
Iteration 5890: Benign prob = 0.2460
Iteration 5891: Benign prob = 0.2464
Iteration 5900: Benign prob = 0.2481
Iteration 5918: Benign prob = 0.2548
Iteration 5979: Benign prob = 0.2555
Iteration 5981: Benign prob = 0.2570
Iteration 5993: Benign prob = 0.2582
Iteration 6022: Benign prob = 0.2590
Iteration 6030: Benign prob = 0.2646
Iteration 6090: Benign prob = 0.2660
Iteration 6137: Benign prob = 0.2730
Iteration 6251: Benign prob = 0.2759
Iteration 6294: Benign prob = 0.2794
Iteration 6369: Benign prob = 0.2800
Iteration 6375: Benign prob = 0.2817
Iteration 6388: Benign prob = 0.2953
Iteration 6460: Benign prob = 0.3013
Iteration 6483: Benign prob = 0.3042
Iteration 6507: Benign prob = 0.3059
Iteration 6555: Benign prob = 0.3061
Iteration 6580: Benign prob = 0.3096
Iteration 6589: Benign prob = 0.3172
Iteration 6724: Benign prob = 0.3205
Iteration 6755: Benign prob = 0.3231
Iteration 6779: Benign prob = 0.3302
Iteration 6818: Benign prob = 0.3350
Iteration 6904: Benign prob = 0.3364
Iteration 6909: Benign prob = 0.3385
Iteration 6943: Benign prob = 0.3386
Iteration 6971: Benign prob = 0.3389
Iteration 6975: Benign prob = 0.3414
Iteration 7012: Benign prob = 0.3440
Iteration 7014: Benign prob = 0.3506
Iteration 7019: Benign prob = 0.3526
Iteration 7107: Benign prob = 0.3545
Iteration 7141: Benign prob = 0.3552
Iteration 7156: Benign prob = 0.3571
Iteration 7179: Benign prob = 0.3651
Iteration 7192: Benign prob = 0.3746
Iteration 7195: Benign prob = 0.3817
Iteration 7249: Benign prob = 0.3896
Iteration 7389: Benign prob = 0.3897
Iteration 7397: Benign prob = 0.3908
Iteration 7407: Benign prob = 0.3966
Iteration 7518: Benign prob = 0.3969
Iteration 7521: Benign prob = 0.3979
Iteration 7533: Benign prob = 0.3988
Iteration 7540: Benign prob = 0.4057
Iteration 7570: Benign prob = 0.4069
Iteration 7590: Benign prob = 0.4098
Iteration 7684: Benign prob = 0.4102
Iteration 7730: Benign prob = 0.4202
Iteration 7784: Benign prob = 0.4222
Iteration 7823: Benign prob = 0.4237
Iteration 7842: Benign prob = 0.4243
Iteration 7909: Benign prob = 0.4245
Iteration 7919: Benign prob = 0.4275
Iteration 7951: Benign prob = 0.4282
Iteration 7966: Benign prob = 0.4492
Iteration 7974: Benign prob = 0.4495
Iteration 8044: Benign prob = 0.4498
Iteration 8213: Benign prob = 0.4533
Iteration 8256: Benign prob = 0.4586
Iteration 8323: Benign prob = 0.4660
Iteration 8615: Benign prob = 0.4713
Iteration 8630: Benign prob = 0.4730
Iteration 8699: Benign prob = 0.4733
Iteration 8739: Benign prob = 0.4744
Iteration 8744: Benign prob = 0.4777
Iteration 8836: Benign prob = 0.4815
Iteration 8960: Benign prob = 0.4822
Iteration 9017: Benign prob = 0.4843
Iteration 9049: Benign prob = 0.4856
Iteration 9116: Benign prob = 0.4860
Iteration 9117: Benign prob = 0.4901
Iteration 9134: Benign prob = 0.4933
Iteration 9274: Benign prob = 0.4985
Iteration 9343: Benign prob = 0.4989
Iteration 9350: Benign prob = 0.5006
Iteration 9371: Benign prob = 0.5016
Iteration 9541: Benign prob = 0.5017
Iteration 9604: Benign prob = 0.5102
Iteration 9679: Benign prob = 0.5103
Iteration 9829: Benign prob = 0.5156
Iteration 9888: Benign prob = 0.5173
Iteration 9919: Benign prob = 0.5224
Iteration 9941: Benign prob = 0.5246
Iteration 9956: Benign prob = 0.5271

 Completed Adversarial Image for image 9 in 29.55 minutes.

--- Adversarial Prediction Results for image 9: (C:\Users\Boss\Downloads\malnet-images\test\adware++adware\umeng\6EA4B5673DAF600A861B52E5122DF4F6BD7C97E143A5C028E9DEA0D499195D8C.png) ---
Predicted class: 42 (trojan)
Confidence     : 0.3992
True class     : 5 (adware++adware)


=== [10/10] Creating EA Adversarial Image for C:\Users\Boss\Downloads\malnet-images\test\adware++adware\umeng\7AA3E8CF7CD857D50A90639AA69E1BE9ABF2F4045399993084C9ABE83F324781.png ===

--- Original Prediction Results ---
Predicted class: 4 (adware)

Confidence     : 1.0000

True class     : 5 (adware++adware)

Target ('benign') class: 11 (benign)

[INFO] Benign class became best class at iteration 6614 with confidence 0.2640!

Failed to generate adversarial image in 10000 iterations.
Benign first predicted at iteration 6614 with confidence 0.2640.

Benign probability changes (iteration, prob):
Iteration 0: Benign prob = 0.0008
Iteration 2: Benign prob = 0.0012
Iteration 3: Benign prob = 0.0013
Iteration 4: Benign prob = 0.0014
Iteration 5: Benign prob = 0.0015
Iteration 6: Benign prob = 0.0015
Iteration 7: Benign prob = 0.0016
Iteration 8: Benign prob = 0.0020
Iteration 16: Benign prob = 0.0021
Iteration 18: Benign prob = 0.0022
Iteration 19: Benign prob = 0.0022
Iteration 21: Benign prob = 0.0023
Iteration 24: Benign prob = 0.0023
Iteration 26: Benign prob = 0.0024
Iteration 32: Benign prob = 0.0024
Iteration 33: Benign prob = 0.0025
Iteration 34: Benign prob = 0.0026
Iteration 35: Benign prob = 0.0031
Iteration 36: Benign prob = 0.0032
Iteration 46: Benign prob = 0.0032
Iteration 47: Benign prob = 0.0033
Iteration 51: Benign prob = 0.0035
Iteration 59: Benign prob = 0.0035
Iteration 60: Benign prob = 0.0037
Iteration 61: Benign prob = 0.0042
Iteration 72: Benign prob = 0.0044
Iteration 81: Benign prob = 0.0045
Iteration 83: Benign prob = 0.0048
Iteration 90: Benign prob = 0.0049
Iteration 102: Benign prob = 0.0049
Iteration 108: Benign prob = 0.0051
Iteration 111: Benign prob = 0.0055
Iteration 126: Benign prob = 0.0055
Iteration 132: Benign prob = 0.0056
Iteration 135: Benign prob = 0.0057
Iteration 137: Benign prob = 0.0061
Iteration 139: Benign prob = 0.0064
Iteration 153: Benign prob = 0.0064
Iteration 157: Benign prob = 0.0066
Iteration 161: Benign prob = 0.0066
Iteration 164: Benign prob = 0.0068
Iteration 169: Benign prob = 0.0071
Iteration 170: Benign prob = 0.0082
Iteration 174: Benign prob = 0.0085
Iteration 192: Benign prob = 0.0092
Iteration 193: Benign prob = 0.0092
Iteration 197: Benign prob = 0.0094
Iteration 199: Benign prob = 0.0098
Iteration 206: Benign prob = 0.0098
Iteration 207: Benign prob = 0.0101
Iteration 208: Benign prob = 0.0105
Iteration 213: Benign prob = 0.0108
Iteration 216: Benign prob = 0.0108
Iteration 217: Benign prob = 0.0110
Iteration 220: Benign prob = 0.0113
Iteration 224: Benign prob = 0.0118
Iteration 227: Benign prob = 0.0123
Iteration 248: Benign prob = 0.0123
Iteration 252: Benign prob = 0.0126
Iteration 253: Benign prob = 0.0130
Iteration 260: Benign prob = 0.0133
Iteration 261: Benign prob = 0.0134
Iteration 269: Benign prob = 0.0141
Iteration 280: Benign prob = 0.0151
Iteration 304: Benign prob = 0.0152
Iteration 316: Benign prob = 0.0156
Iteration 346: Benign prob = 0.0160
Iteration 347: Benign prob = 0.0171
Iteration 349: Benign prob = 0.0181
Iteration 373: Benign prob = 0.0185
Iteration 389: Benign prob = 0.0191
Iteration 416: Benign prob = 0.0191
Iteration 429: Benign prob = 0.0202
Iteration 435: Benign prob = 0.0203
Iteration 440: Benign prob = 0.0209
Iteration 442: Benign prob = 0.0210
Iteration 445: Benign prob = 0.0213
Iteration 467: Benign prob = 0.0230
Iteration 480: Benign prob = 0.0247
Iteration 512: Benign prob = 0.0257
Iteration 529: Benign prob = 0.0259
Iteration 535: Benign prob = 0.0275
Iteration 556: Benign prob = 0.0277
Iteration 572: Benign prob = 0.0278
Iteration 575: Benign prob = 0.0279
Iteration 584: Benign prob = 0.0289
Iteration 601: Benign prob = 0.0290
Iteration 649: Benign prob = 0.0293
Iteration 661: Benign prob = 0.0307
Iteration 696: Benign prob = 0.0311
Iteration 755: Benign prob = 0.0325
Iteration 790: Benign prob = 0.0344
Iteration 796: Benign prob = 0.0344
Iteration 902: Benign prob = 0.0347
Iteration 933: Benign prob = 0.0352
Iteration 942: Benign prob = 0.0354
Iteration 943: Benign prob = 0.0359
Iteration 975: Benign prob = 0.0379
Iteration 987: Benign prob = 0.0379
Iteration 1006: Benign prob = 0.0382
Iteration 1026: Benign prob = 0.0386
Iteration 1081: Benign prob = 0.0386
Iteration 1103: Benign prob = 0.0388
Iteration 1108: Benign prob = 0.0389
Iteration 1109: Benign prob = 0.0394
Iteration 1127: Benign prob = 0.0399
Iteration 1134: Benign prob = 0.0402
Iteration 1142: Benign prob = 0.0404
Iteration 1162: Benign prob = 0.0408
Iteration 1171: Benign prob = 0.0415
Iteration 1226: Benign prob = 0.0423
Iteration 1227: Benign prob = 0.0424
Iteration 1278: Benign prob = 0.0426
Iteration 1292: Benign prob = 0.0427
Iteration 1295: Benign prob = 0.0427
Iteration 1313: Benign prob = 0.0435
Iteration 1322: Benign prob = 0.0437
Iteration 1350: Benign prob = 0.0440
Iteration 1473: Benign prob = 0.0445
Iteration 1511: Benign prob = 0.0464
Iteration 1528: Benign prob = 0.0465
Iteration 1541: Benign prob = 0.0480
Iteration 1580: Benign prob = 0.0491
Iteration 1589: Benign prob = 0.0498
Iteration 1612: Benign prob = 0.0500
Iteration 1613: Benign prob = 0.0525
Iteration 1650: Benign prob = 0.0536
Iteration 1690: Benign prob = 0.0536
Iteration 1694: Benign prob = 0.0548
Iteration 1706: Benign prob = 0.0548
Iteration 1737: Benign prob = 0.0552
Iteration 1786: Benign prob = 0.0570
Iteration 1843: Benign prob = 0.0625
Iteration 1848: Benign prob = 0.0628
Iteration 1888: Benign prob = 0.0632
Iteration 1914: Benign prob = 0.0638
Iteration 1969: Benign prob = 0.0642
Iteration 1988: Benign prob = 0.0665
Iteration 2003: Benign prob = 0.0673
Iteration 2021: Benign prob = 0.0674
Iteration 2023: Benign prob = 0.0716
Iteration 2032: Benign prob = 0.0728
Iteration 2075: Benign prob = 0.0730
Iteration 2079: Benign prob = 0.0753
Iteration 2081: Benign prob = 0.0771
Iteration 2186: Benign prob = 0.0777
Iteration 2191: Benign prob = 0.0785
Iteration 2243: Benign prob = 0.0792
Iteration 2355: Benign prob = 0.0804
Iteration 2359: Benign prob = 0.0825
Iteration 2476: Benign prob = 0.0831
Iteration 2482: Benign prob = 0.0833
Iteration 2493: Benign prob = 0.0847
Iteration 2528: Benign prob = 0.0850
Iteration 2538: Benign prob = 0.0865
Iteration 2571: Benign prob = 0.0908
Iteration 2641: Benign prob = 0.0987
Iteration 2709: Benign prob = 0.0996
Iteration 2786: Benign prob = 0.1014
Iteration 2799: Benign prob = 0.1018
Iteration 2824: Benign prob = 0.1039
Iteration 2931: Benign prob = 0.1065
Iteration 2949: Benign prob = 0.1067
Iteration 3000: Benign prob = 0.1067
Iteration 3038: Benign prob = 0.1084
Iteration 3065: Benign prob = 0.1095
Iteration 3089: Benign prob = 0.1099
Iteration 3112: Benign prob = 0.1101
Iteration 3122: Benign prob = 0.1109
Iteration 3143: Benign prob = 0.1116
Iteration 3169: Benign prob = 0.1134
Iteration 3177: Benign prob = 0.1136
Iteration 3196: Benign prob = 0.1153
Iteration 3319: Benign prob = 0.1172
Iteration 3329: Benign prob = 0.1190
Iteration 3336: Benign prob = 0.1196
Iteration 3353: Benign prob = 0.1211
Iteration 3358: Benign prob = 0.1213
Iteration 3370: Benign prob = 0.1222
Iteration 3407: Benign prob = 0.1254
Iteration 3519: Benign prob = 0.1270
Iteration 3570: Benign prob = 0.1274
Iteration 3587: Benign prob = 0.1280
Iteration 3609: Benign prob = 0.1293
Iteration 3620: Benign prob = 0.1296
Iteration 3627: Benign prob = 0.1297
Iteration 3665: Benign prob = 0.1307
Iteration 3678: Benign prob = 0.1315
Iteration 3686: Benign prob = 0.1325
Iteration 3712: Benign prob = 0.1338
Iteration 3726: Benign prob = 0.1355
Iteration 3730: Benign prob = 0.1355
Iteration 3733: Benign prob = 0.1413
Iteration 3765: Benign prob = 0.1442
Iteration 3785: Benign prob = 0.1465
Iteration 3831: Benign prob = 0.1467
Iteration 3866: Benign prob = 0.1471
Iteration 3875: Benign prob = 0.1481
Iteration 3877: Benign prob = 0.1485
Iteration 3905: Benign prob = 0.1519
Iteration 3928: Benign prob = 0.1555
Iteration 4032: Benign prob = 0.1564
Iteration 4060: Benign prob = 0.1587
Iteration 4082: Benign prob = 0.1587
Iteration 4090: Benign prob = 0.1618
Iteration 4117: Benign prob = 0.1634
Iteration 4141: Benign prob = 0.1661
Iteration 4265: Benign prob = 0.1663
Iteration 4275: Benign prob = 0.1664
Iteration 4288: Benign prob = 0.1699
Iteration 4324: Benign prob = 0.1713
Iteration 4347: Benign prob = 0.1729
Iteration 4350: Benign prob = 0.1744
Iteration 4415: Benign prob = 0.1748
Iteration 4465: Benign prob = 0.1757
Iteration 4594: Benign prob = 0.1792
Iteration 4659: Benign prob = 0.1815
Iteration 4690: Benign prob = 0.1820
Iteration 4703: Benign prob = 0.1837
Iteration 4770: Benign prob = 0.1871
Iteration 4807: Benign prob = 0.1906
Iteration 4918: Benign prob = 0.1907
Iteration 5061: Benign prob = 0.1915
Iteration 5074: Benign prob = 0.1922
Iteration 5110: Benign prob = 0.1957
Iteration 5183: Benign prob = 0.1961
Iteration 5256: Benign prob = 0.1976
Iteration 5263: Benign prob = 0.1980
Iteration 5304: Benign prob = 0.1986
Iteration 5309: Benign prob = 0.1989
Iteration 5329: Benign prob = 0.2012
Iteration 5399: Benign prob = 0.2041
Iteration 5401: Benign prob = 0.2044
Iteration 5420: Benign prob = 0.2049
Iteration 5421: Benign prob = 0.2071
Iteration 5512: Benign prob = 0.2098
Iteration 5550: Benign prob = 0.2103
Iteration 5575: Benign prob = 0.2111
Iteration 5582: Benign prob = 0.2144
Iteration 5610: Benign prob = 0.2219
Iteration 5713: Benign prob = 0.2243
Iteration 5715: Benign prob = 0.2247
Iteration 5765: Benign prob = 0.2278
Iteration 5852: Benign prob = 0.2330
Iteration 5893: Benign prob = 0.2354
Iteration 5956: Benign prob = 0.2374
Iteration 6059: Benign prob = 0.2451
Iteration 6071: Benign prob = 0.2457
Iteration 6077: Benign prob = 0.2468
Iteration 6202: Benign prob = 0.2475
Iteration 6252: Benign prob = 0.2503
Iteration 6367: Benign prob = 0.2516
Iteration 6375: Benign prob = 0.2536
Iteration 6401: Benign prob = 0.2538
Iteration 6459: Benign prob = 0.2559
Iteration 6549: Benign prob = 0.2561
Iteration 6588: Benign prob = 0.2639
Iteration 6614: Benign prob = 0.2640
Iteration 6645: Benign prob = 0.2644
Iteration 6654: Benign prob = 0.2666
Iteration 6680: Benign prob = 0.2691
Iteration 6707: Benign prob = 0.2703
Iteration 6781: Benign prob = 0.2703
Iteration 6862: Benign prob = 0.2738
Iteration 6886: Benign prob = 0.2746
Iteration 6908: Benign prob = 0.2780
Iteration 6913: Benign prob = 0.2802
Iteration 6999: Benign prob = 0.2826
Iteration 7036: Benign prob = 0.2862
Iteration 7103: Benign prob = 0.2874
Iteration 7120: Benign prob = 0.2894
Iteration 7139: Benign prob = 0.2898
Iteration 7173: Benign prob = 0.2904
Iteration 7215: Benign prob = 0.2916
Iteration 7241: Benign prob = 0.2945
Iteration 7328: Benign prob = 0.2947
Iteration 7363: Benign prob = 0.2966
Iteration 7397: Benign prob = 0.3024
Iteration 7405: Benign prob = 0.3075
Iteration 7426: Benign prob = 0.3117
Iteration 7445: Benign prob = 0.3174
Iteration 7472: Benign prob = 0.3179
Iteration 7553: Benign prob = 0.3186
Iteration 7574: Benign prob = 0.3221
Iteration 7604: Benign prob = 0.3290
Iteration 7650: Benign prob = 0.3307
Iteration 7768: Benign prob = 0.3313
Iteration 7795: Benign prob = 0.3324
Iteration 7829: Benign prob = 0.3339
Iteration 7905: Benign prob = 0.3349
Iteration 7911: Benign prob = 0.3355
Iteration 7941: Benign prob = 0.3364
Iteration 7959: Benign prob = 0.3384
Iteration 7965: Benign prob = 0.3390
Iteration 7976: Benign prob = 0.3419
Iteration 8002: Benign prob = 0.3462
Iteration 8108: Benign prob = 0.3486
Iteration 8194: Benign prob = 0.3529
Iteration 8233: Benign prob = 0.3535
Iteration 8356: Benign prob = 0.3542
Iteration 8439: Benign prob = 0.3566
Iteration 8444: Benign prob = 0.3580
Iteration 8475: Benign prob = 0.3601
Iteration 8600: Benign prob = 0.3617
Iteration 8695: Benign prob = 0.3633
Iteration 8811: Benign prob = 0.3637
Iteration 8818: Benign prob = 0.3697
Iteration 8876: Benign prob = 0.3719
Iteration 8997: Benign prob = 0.3726
Iteration 9066: Benign prob = 0.3755
Iteration 9261: Benign prob = 0.3777
Iteration 9335: Benign prob = 0.3777
Iteration 9376: Benign prob = 0.3799
Iteration 9398: Benign prob = 0.3802
Iteration 9400: Benign prob = 0.3840
Iteration 9432: Benign prob = 0.3881
Iteration 9492: Benign prob = 0.3888
Iteration 9495: Benign prob = 0.3920
Iteration 9531: Benign prob = 0.3956
Iteration 9578: Benign prob = 0.3964
Iteration 9653: Benign prob = 0.3974
Iteration 9668: Benign prob = 0.3990
Iteration 9702: Benign prob = 0.3996
Iteration 9709: Benign prob = 0.4004
Iteration 9714: Benign prob = 0.4010
Iteration 9718: Benign prob = 0.4015
Iteration 9740: Benign prob = 0.4078
Iteration 9782: Benign prob = 0.4081

 Completed Adversarial Image for image 10 in 31.50 minutes.

--- Adversarial Prediction Results for image 10: (C:\Users\Boss\Downloads\malnet-images\test\adware++adware\umeng\7AA3E8CF7CD857D50A90639AA69E1BE9ABF2F4045399993084C9ABE83F324781.png) ---
Predicted class: 42 (trojan)
Confidence     : 0.5945
True class     : 5 (adware++adware)
