Requirement already satisfied: torchvision in ./y/envs/thesis_env_310/lib/python3.10/site-packages (0.20.1+cu121)
Requirement already satisfied: tqdm in ./y/envs/thesis_env_310/lib/python3.10/site-packages (4.67.1)
Requirement already satisfied: numpy in ./y/envs/thesis_env_310/lib/python3.10/site-packages (from torchvision) (2.1.2)
Requirement already satisfied: torch==2.5.1 in ./y/envs/thesis_env_310/lib/python3.10/site-packages (from torchvision) (2.5.1+cu121)
Requirement already satisfied: pillow!=8.3.*,>=5.3.0 in ./y/envs/thesis_env_310/lib/python3.10/site-packages (from torchvision) (11.0.0)
Requirement already satisfied: filelock in ./y/envs/thesis_env_310/lib/python3.10/site-packages (from torch==2.5.1->torchvision) (3.13.1)
Requirement already satisfied: typing-extensions>=4.8.0 in ./y/envs/thesis_env_310/lib/python3.10/site-packages (from torch==2.5.1->torchvision) (4.12.2)
Requirement already satisfied: networkx in ./y/envs/thesis_env_310/lib/python3.10/site-packages (from torch==2.5.1->torchvision) (3.3)
Requirement already satisfied: jinja2 in ./y/envs/thesis_env_310/lib/python3.10/site-packages (from torch==2.5.1->torchvision) (3.1.4)
Requirement already satisfied: fsspec in ./y/envs/thesis_env_310/lib/python3.10/site-packages (from torch==2.5.1->torchvision) (2024.6.1)
Requirement already satisfied: nvidia-cuda-nvrtc-cu12==12.1.105 in ./y/envs/thesis_env_310/lib/python3.10/site-packages (from torch==2.5.1->torchvision) (12.1.105)
Requirement already satisfied: nvidia-cuda-runtime-cu12==12.1.105 in ./y/envs/thesis_env_310/lib/python3.10/site-packages (from torch==2.5.1->torchvision) (12.1.105)
Requirement already satisfied: nvidia-cuda-cupti-cu12==12.1.105 in ./y/envs/thesis_env_310/lib/python3.10/site-packages (from torch==2.5.1->torchvision) (12.1.105)
Requirement already satisfied: nvidia-cudnn-cu12==9.1.0.70 in ./y/envs/thesis_env_310/lib/python3.10/site-packages (from torch==2.5.1->torchvision) (9.1.0.70)
Requirement already satisfied: nvidia-cublas-cu12==12.1.3.1 in ./y/envs/thesis_env_310/lib/python3.10/site-packages (from torch==2.5.1->torchvision) (12.1.3.1)
Requirement already satisfied: nvidia-cufft-cu12==11.0.2.54 in ./y/envs/thesis_env_310/lib/python3.10/site-packages (from torch==2.5.1->torchvision) (11.0.2.54)
Requirement already satisfied: nvidia-curand-cu12==10.3.2.106 in ./y/envs/thesis_env_310/lib/python3.10/site-packages (from torch==2.5.1->torchvision) (10.3.2.106)
Requirement already satisfied: nvidia-cusolver-cu12==11.4.5.107 in ./y/envs/thesis_env_310/lib/python3.10/site-packages (from torch==2.5.1->torchvision) (11.4.5.107)
Requirement already satisfied: nvidia-cusparse-cu12==12.1.0.106 in ./y/envs/thesis_env_310/lib/python3.10/site-packages (from torch==2.5.1->torchvision) (12.1.0.106)
Requirement already satisfied: nvidia-nccl-cu12==2.21.5 in ./y/envs/thesis_env_310/lib/python3.10/site-packages (from torch==2.5.1->torchvision) (2.21.5)
Requirement already satisfied: nvidia-nvtx-cu12==12.1.105 in ./y/envs/thesis_env_310/lib/python3.10/site-packages (from torch==2.5.1->torchvision) (12.1.105)
Requirement already satisfied: triton==3.1.0 in ./y/envs/thesis_env_310/lib/python3.10/site-packages (from torch==2.5.1->torchvision) (3.1.0)
Requirement already satisfied: sympy==1.13.1 in ./y/envs/thesis_env_310/lib/python3.10/site-packages (from torch==2.5.1->torchvision) (1.13.1)
Requirement already satisfied: nvidia-nvjitlink-cu12 in ./y/envs/thesis_env_310/lib/python3.10/site-packages (from nvidia-cusolver-cu12==11.4.5.107->torch==2.5.1->torchvision) (12.1.105)
Requirement already satisfied: mpmath<1.4,>=1.1.0 in ./y/envs/thesis_env_310/lib/python3.10/site-packages (from sympy==1.13.1->torch==2.5.1->torchvision) (1.3.0)
Requirement already satisfied: MarkupSafe>=2.0 in ./y/envs/thesis_env_310/lib/python3.10/site-packages (from jinja2->torch==2.5.1->torchvision) (2.1.5)
Using device: cuda
Device name: Tesla V100-SXM2-16GB
Using 1 GPUs.


=== [1/10] Creating EA Adversarial Image for /home/users/atodorova/alisa-thesis/malnet-cnn/test/backdoor/aqin/118B0000BEF537F62FD9A57D3670B211D5A20C3001EE1E4CC30F1EC5C287F35E.png ===

--- Original Prediction Results ---
Predicted class: 42 (trojan)

Confidence     : 0.3521

True class     : 9 (backdoor)

Target ('benign') class: 11 (benign)

[INFO] Benign class became best class at iteration 1458 with confidence 0.3166!

Targeted adversarial image created in 2230 iterations.
Benign first predicted at iteration 1458 with confidence 0.3166.

Benign probability changes (iteration, prob):
Iteration 0: Benign prob = 0.0006
Iteration 1: Benign prob = 0.0008
Iteration 3: Benign prob = 0.0009
Iteration 4: Benign prob = 0.0011
Iteration 5: Benign prob = 0.0013
Iteration 6: Benign prob = 0.0019
Iteration 7: Benign prob = 0.0019
Iteration 12: Benign prob = 0.0019
Iteration 14: Benign prob = 0.0020
Iteration 16: Benign prob = 0.0023
Iteration 19: Benign prob = 0.0024
Iteration 23: Benign prob = 0.0024
Iteration 25: Benign prob = 0.0025
Iteration 26: Benign prob = 0.0025
Iteration 27: Benign prob = 0.0027
Iteration 28: Benign prob = 0.0030
Iteration 32: Benign prob = 0.0032
Iteration 36: Benign prob = 0.0036
Iteration 41: Benign prob = 0.0038
Iteration 55: Benign prob = 0.0041
Iteration 62: Benign prob = 0.0041
Iteration 69: Benign prob = 0.0042
Iteration 71: Benign prob = 0.0045
Iteration 75: Benign prob = 0.0047
Iteration 86: Benign prob = 0.0047
Iteration 94: Benign prob = 0.0048
Iteration 95: Benign prob = 0.0049
Iteration 98: Benign prob = 0.0051
Iteration 99: Benign prob = 0.0052
Iteration 105: Benign prob = 0.0053
Iteration 108: Benign prob = 0.0053
Iteration 116: Benign prob = 0.0057
Iteration 127: Benign prob = 0.0059
Iteration 135: Benign prob = 0.0060
Iteration 140: Benign prob = 0.0067
Iteration 146: Benign prob = 0.0068
Iteration 147: Benign prob = 0.0068
Iteration 154: Benign prob = 0.0071
Iteration 155: Benign prob = 0.0073
Iteration 156: Benign prob = 0.0076
Iteration 167: Benign prob = 0.0079
Iteration 169: Benign prob = 0.0083
Iteration 171: Benign prob = 0.0087
Iteration 178: Benign prob = 0.0089
Iteration 186: Benign prob = 0.0089
Iteration 187: Benign prob = 0.0092
Iteration 203: Benign prob = 0.0094
Iteration 207: Benign prob = 0.0095
Iteration 212: Benign prob = 0.0099
Iteration 216: Benign prob = 0.0099
Iteration 217: Benign prob = 0.0100
Iteration 221: Benign prob = 0.0109
Iteration 230: Benign prob = 0.0110
Iteration 241: Benign prob = 0.0116
Iteration 252: Benign prob = 0.0117
Iteration 256: Benign prob = 0.0119
Iteration 278: Benign prob = 0.0122
Iteration 290: Benign prob = 0.0123
Iteration 291: Benign prob = 0.0127
Iteration 293: Benign prob = 0.0130
Iteration 295: Benign prob = 0.0132
Iteration 298: Benign prob = 0.0133
Iteration 299: Benign prob = 0.0144
Iteration 312: Benign prob = 0.0147
Iteration 316: Benign prob = 0.0155
Iteration 318: Benign prob = 0.0156
Iteration 321: Benign prob = 0.0169
Iteration 340: Benign prob = 0.0171
Iteration 358: Benign prob = 0.0171
Iteration 360: Benign prob = 0.0172
Iteration 373: Benign prob = 0.0172
Iteration 374: Benign prob = 0.0176
Iteration 378: Benign prob = 0.0182
Iteration 406: Benign prob = 0.0183
Iteration 424: Benign prob = 0.0190
Iteration 425: Benign prob = 0.0192
Iteration 430: Benign prob = 0.0201
Iteration 438: Benign prob = 0.0202
Iteration 444: Benign prob = 0.0204
Iteration 451: Benign prob = 0.0217
Iteration 464: Benign prob = 0.0219
Iteration 466: Benign prob = 0.0224
Iteration 488: Benign prob = 0.0227
Iteration 502: Benign prob = 0.0249
Iteration 506: Benign prob = 0.0269
Iteration 512: Benign prob = 0.0293
Iteration 514: Benign prob = 0.0294
Iteration 530: Benign prob = 0.0298
Iteration 533: Benign prob = 0.0305
Iteration 548: Benign prob = 0.0305
Iteration 550: Benign prob = 0.0319
Iteration 553: Benign prob = 0.0338
Iteration 559: Benign prob = 0.0346
Iteration 572: Benign prob = 0.0346
Iteration 583: Benign prob = 0.0355
Iteration 593: Benign prob = 0.0357
Iteration 596: Benign prob = 0.0365
Iteration 597: Benign prob = 0.0369
Iteration 602: Benign prob = 0.0398
Iteration 616: Benign prob = 0.0402
Iteration 618: Benign prob = 0.0414
Iteration 631: Benign prob = 0.0434
Iteration 645: Benign prob = 0.0446
Iteration 660: Benign prob = 0.0455
Iteration 664: Benign prob = 0.0478
Iteration 668: Benign prob = 0.0490
Iteration 685: Benign prob = 0.0492
Iteration 691: Benign prob = 0.0495
Iteration 693: Benign prob = 0.0519
Iteration 713: Benign prob = 0.0526
Iteration 714: Benign prob = 0.0552
Iteration 716: Benign prob = 0.0571
Iteration 740: Benign prob = 0.0576
Iteration 743: Benign prob = 0.0603
Iteration 748: Benign prob = 0.0604
Iteration 757: Benign prob = 0.0609
Iteration 758: Benign prob = 0.0629
Iteration 759: Benign prob = 0.0631
Iteration 771: Benign prob = 0.0634
Iteration 772: Benign prob = 0.0659
Iteration 777: Benign prob = 0.0665
Iteration 779: Benign prob = 0.0678
Iteration 787: Benign prob = 0.0687
Iteration 791: Benign prob = 0.0706
Iteration 795: Benign prob = 0.0734
Iteration 798: Benign prob = 0.0775
Iteration 815: Benign prob = 0.0811
Iteration 817: Benign prob = 0.0814
Iteration 844: Benign prob = 0.0816
Iteration 852: Benign prob = 0.0966
Iteration 861: Benign prob = 0.0985
Iteration 864: Benign prob = 0.1022
Iteration 873: Benign prob = 0.1064
Iteration 879: Benign prob = 0.1074
Iteration 884: Benign prob = 0.1093
Iteration 889: Benign prob = 0.1208
Iteration 898: Benign prob = 0.1213
Iteration 911: Benign prob = 0.1305
Iteration 919: Benign prob = 0.1309
Iteration 924: Benign prob = 0.1340
Iteration 945: Benign prob = 0.1366
Iteration 985: Benign prob = 0.1476
Iteration 986: Benign prob = 0.1479
Iteration 988: Benign prob = 0.1540
Iteration 994: Benign prob = 0.1601
Iteration 995: Benign prob = 0.1658
Iteration 1012: Benign prob = 0.1676
Iteration 1035: Benign prob = 0.1702
Iteration 1059: Benign prob = 0.1727
Iteration 1060: Benign prob = 0.1738
Iteration 1063: Benign prob = 0.1739
Iteration 1072: Benign prob = 0.1773
Iteration 1073: Benign prob = 0.1782
Iteration 1077: Benign prob = 0.1899
Iteration 1094: Benign prob = 0.1945
Iteration 1109: Benign prob = 0.1987
Iteration 1110: Benign prob = 0.2008
Iteration 1118: Benign prob = 0.2060
Iteration 1159: Benign prob = 0.2080
Iteration 1174: Benign prob = 0.2159
Iteration 1191: Benign prob = 0.2233
Iteration 1194: Benign prob = 0.2249
Iteration 1204: Benign prob = 0.2431
Iteration 1206: Benign prob = 0.2435
Iteration 1216: Benign prob = 0.2438
Iteration 1228: Benign prob = 0.2517
Iteration 1243: Benign prob = 0.2557
Iteration 1248: Benign prob = 0.2703
Iteration 1284: Benign prob = 0.2719
Iteration 1325: Benign prob = 0.2769
Iteration 1357: Benign prob = 0.2828
Iteration 1374: Benign prob = 0.2845
Iteration 1375: Benign prob = 0.2875
Iteration 1384: Benign prob = 0.3090
Iteration 1390: Benign prob = 0.3143
Iteration 1442: Benign prob = 0.3166
Iteration 1458: Benign prob = 0.3166
Iteration 1477: Benign prob = 0.3225
Iteration 1480: Benign prob = 0.3304
Iteration 1556: Benign prob = 0.3331
Iteration 1562: Benign prob = 0.3341
Iteration 1600: Benign prob = 0.3542
Iteration 1616: Benign prob = 0.3563
Iteration 1659: Benign prob = 0.3574
Iteration 1688: Benign prob = 0.3617
Iteration 1694: Benign prob = 0.3627
Iteration 1695: Benign prob = 0.3895
Iteration 1744: Benign prob = 0.4015
Iteration 1746: Benign prob = 0.4076
Iteration 1767: Benign prob = 0.4235
Iteration 1798: Benign prob = 0.4415
Iteration 1861: Benign prob = 0.4487
Iteration 1881: Benign prob = 0.4516
Iteration 1891: Benign prob = 0.4566
Iteration 1902: Benign prob = 0.4576
Iteration 1913: Benign prob = 0.4685
Iteration 1937: Benign prob = 0.4726
Iteration 1990: Benign prob = 0.4809
Iteration 1997: Benign prob = 0.4832
Iteration 2052: Benign prob = 0.4950
Iteration 2058: Benign prob = 0.5045
Iteration 2063: Benign prob = 0.5134
Iteration 2067: Benign prob = 0.5206
Iteration 2086: Benign prob = 0.5330
Iteration 2110: Benign prob = 0.5352
Iteration 2164: Benign prob = 0.5416
Iteration 2193: Benign prob = 0.5421
Iteration 2230: Benign prob = 0.5573

 Completed Adversarial Image for image 1 in 3.54 minutes.

--- Adversarial Prediction Results for image 1: (/home/users/atodorova/alisa-thesis/malnet-cnn/test/backdoor/aqin/118B0000BEF537F62FD9A57D3670B211D5A20C3001EE1E4CC30F1EC5C287F35E.png) ---
Predicted class: 11 (benign)
Confidence     : 0.5573
True class     : 9 (backdoor)


=== [2/10] Creating EA Adversarial Image for /home/users/atodorova/alisa-thesis/malnet-cnn/test/backdoor/aqin/E01B2CFE97E87B4236346730A2430628C21DD87987B42BD657685B124B1446AF.png ===

--- Original Prediction Results ---
Predicted class: 15 (clickfraud++riskware)

Confidence     : 0.3776

True class     : 9 (backdoor)

Target ('benign') class: 11 (benign)

[INFO] Benign class became best class at iteration 884 with confidence 0.3062!

Targeted adversarial image created in 1822 iterations.
Benign first predicted at iteration 884 with confidence 0.3062.

Benign probability changes (iteration, prob):
Iteration 0: Benign prob = 0.0006
Iteration 1: Benign prob = 0.0007
Iteration 2: Benign prob = 0.0008
Iteration 3: Benign prob = 0.0011
Iteration 4: Benign prob = 0.0014
Iteration 5: Benign prob = 0.0016
Iteration 6: Benign prob = 0.0017
Iteration 9: Benign prob = 0.0017
Iteration 10: Benign prob = 0.0020
Iteration 11: Benign prob = 0.0024
Iteration 20: Benign prob = 0.0026
Iteration 23: Benign prob = 0.0028
Iteration 24: Benign prob = 0.0029
Iteration 26: Benign prob = 0.0032
Iteration 27: Benign prob = 0.0033
Iteration 34: Benign prob = 0.0036
Iteration 35: Benign prob = 0.0036
Iteration 37: Benign prob = 0.0037
Iteration 39: Benign prob = 0.0037
Iteration 40: Benign prob = 0.0038
Iteration 41: Benign prob = 0.0044
Iteration 42: Benign prob = 0.0045
Iteration 46: Benign prob = 0.0046
Iteration 47: Benign prob = 0.0046
Iteration 51: Benign prob = 0.0047
Iteration 52: Benign prob = 0.0048
Iteration 54: Benign prob = 0.0049
Iteration 55: Benign prob = 0.0054
Iteration 58: Benign prob = 0.0054
Iteration 62: Benign prob = 0.0056
Iteration 65: Benign prob = 0.0056
Iteration 66: Benign prob = 0.0062
Iteration 68: Benign prob = 0.0066
Iteration 70: Benign prob = 0.0069
Iteration 72: Benign prob = 0.0070
Iteration 82: Benign prob = 0.0072
Iteration 86: Benign prob = 0.0076
Iteration 92: Benign prob = 0.0078
Iteration 103: Benign prob = 0.0083
Iteration 107: Benign prob = 0.0084
Iteration 124: Benign prob = 0.0089
Iteration 129: Benign prob = 0.0090
Iteration 135: Benign prob = 0.0096
Iteration 147: Benign prob = 0.0098
Iteration 158: Benign prob = 0.0099
Iteration 159: Benign prob = 0.0100
Iteration 172: Benign prob = 0.0107
Iteration 176: Benign prob = 0.0108
Iteration 178: Benign prob = 0.0113
Iteration 180: Benign prob = 0.0115
Iteration 199: Benign prob = 0.0125
Iteration 203: Benign prob = 0.0126
Iteration 206: Benign prob = 0.0129
Iteration 209: Benign prob = 0.0131
Iteration 221: Benign prob = 0.0132
Iteration 226: Benign prob = 0.0136
Iteration 227: Benign prob = 0.0144
Iteration 237: Benign prob = 0.0145
Iteration 238: Benign prob = 0.0148
Iteration 239: Benign prob = 0.0172
Iteration 241: Benign prob = 0.0174
Iteration 242: Benign prob = 0.0178
Iteration 243: Benign prob = 0.0200
Iteration 249: Benign prob = 0.0213
Iteration 252: Benign prob = 0.0248
Iteration 259: Benign prob = 0.0255
Iteration 274: Benign prob = 0.0278
Iteration 278: Benign prob = 0.0303
Iteration 285: Benign prob = 0.0308
Iteration 286: Benign prob = 0.0314
Iteration 288: Benign prob = 0.0321
Iteration 293: Benign prob = 0.0324
Iteration 296: Benign prob = 0.0337
Iteration 298: Benign prob = 0.0347
Iteration 310: Benign prob = 0.0359
Iteration 315: Benign prob = 0.0375
Iteration 328: Benign prob = 0.0419
Iteration 334: Benign prob = 0.0448
Iteration 335: Benign prob = 0.0472
Iteration 340: Benign prob = 0.0476
Iteration 343: Benign prob = 0.0483
Iteration 346: Benign prob = 0.0484
Iteration 347: Benign prob = 0.0503
Iteration 355: Benign prob = 0.0504
Iteration 361: Benign prob = 0.0513
Iteration 364: Benign prob = 0.0514
Iteration 366: Benign prob = 0.0558
Iteration 377: Benign prob = 0.0570
Iteration 378: Benign prob = 0.0588
Iteration 379: Benign prob = 0.0595
Iteration 384: Benign prob = 0.0607
Iteration 399: Benign prob = 0.0658
Iteration 406: Benign prob = 0.0662
Iteration 417: Benign prob = 0.0678
Iteration 426: Benign prob = 0.0679
Iteration 447: Benign prob = 0.0697
Iteration 464: Benign prob = 0.0733
Iteration 488: Benign prob = 0.0751
Iteration 495: Benign prob = 0.0780
Iteration 505: Benign prob = 0.0795
Iteration 506: Benign prob = 0.0799
Iteration 520: Benign prob = 0.0835
Iteration 528: Benign prob = 0.0889
Iteration 530: Benign prob = 0.0914
Iteration 534: Benign prob = 0.0965
Iteration 556: Benign prob = 0.0979
Iteration 558: Benign prob = 0.1048
Iteration 573: Benign prob = 0.1165
Iteration 578: Benign prob = 0.1238
Iteration 583: Benign prob = 0.1314
Iteration 590: Benign prob = 0.1444
Iteration 593: Benign prob = 0.1485
Iteration 595: Benign prob = 0.1551
Iteration 600: Benign prob = 0.1613
Iteration 624: Benign prob = 0.1663
Iteration 627: Benign prob = 0.1703
Iteration 637: Benign prob = 0.1772
Iteration 647: Benign prob = 0.1793
Iteration 657: Benign prob = 0.2028
Iteration 682: Benign prob = 0.2195
Iteration 688: Benign prob = 0.2204
Iteration 748: Benign prob = 0.2255
Iteration 749: Benign prob = 0.2347
Iteration 765: Benign prob = 0.2376
Iteration 798: Benign prob = 0.2436
Iteration 806: Benign prob = 0.2469
Iteration 819: Benign prob = 0.2493
Iteration 841: Benign prob = 0.2516
Iteration 842: Benign prob = 0.2584
Iteration 843: Benign prob = 0.2642
Iteration 850: Benign prob = 0.2720
Iteration 851: Benign prob = 0.2757
Iteration 854: Benign prob = 0.2824
Iteration 862: Benign prob = 0.2843
Iteration 870: Benign prob = 0.2857
Iteration 884: Benign prob = 0.3062
Iteration 912: Benign prob = 0.3073
Iteration 922: Benign prob = 0.3080
Iteration 931: Benign prob = 0.3328
Iteration 958: Benign prob = 0.3342
Iteration 965: Benign prob = 0.3496
Iteration 973: Benign prob = 0.3518
Iteration 1017: Benign prob = 0.3549
Iteration 1020: Benign prob = 0.3570
Iteration 1056: Benign prob = 0.3604
Iteration 1068: Benign prob = 0.3646
Iteration 1079: Benign prob = 0.3839
Iteration 1101: Benign prob = 0.3953
Iteration 1118: Benign prob = 0.3967
Iteration 1129: Benign prob = 0.4046
Iteration 1137: Benign prob = 0.4058
Iteration 1146: Benign prob = 0.4129
Iteration 1166: Benign prob = 0.4214
Iteration 1199: Benign prob = 0.4245
Iteration 1222: Benign prob = 0.4314
Iteration 1229: Benign prob = 0.4321
Iteration 1247: Benign prob = 0.4341
Iteration 1252: Benign prob = 0.4405
Iteration 1269: Benign prob = 0.4493
Iteration 1287: Benign prob = 0.4602
Iteration 1314: Benign prob = 0.4726
Iteration 1372: Benign prob = 0.4748
Iteration 1384: Benign prob = 0.4786
Iteration 1387: Benign prob = 0.4811
Iteration 1408: Benign prob = 0.4854
Iteration 1433: Benign prob = 0.4885
Iteration 1465: Benign prob = 0.4891
Iteration 1471: Benign prob = 0.4980
Iteration 1483: Benign prob = 0.4985
Iteration 1487: Benign prob = 0.5026
Iteration 1529: Benign prob = 0.5033
Iteration 1535: Benign prob = 0.5036
Iteration 1549: Benign prob = 0.5119
Iteration 1605: Benign prob = 0.5130
Iteration 1617: Benign prob = 0.5182
Iteration 1638: Benign prob = 0.5260
Iteration 1696: Benign prob = 0.5327
Iteration 1711: Benign prob = 0.5335
Iteration 1719: Benign prob = 0.5337
Iteration 1756: Benign prob = 0.5417
Iteration 1760: Benign prob = 0.5443
Iteration 1799: Benign prob = 0.5456
Iteration 1822: Benign prob = 0.5526

 Completed Adversarial Image for image 2 in 2.88 minutes.

--- Adversarial Prediction Results for image 2: (/home/users/atodorova/alisa-thesis/malnet-cnn/test/backdoor/aqin/E01B2CFE97E87B4236346730A2430628C21DD87987B42BD657685B124B1446AF.png) ---
Predicted class: 11 (benign)
Confidence     : 0.5526
True class     : 9 (backdoor)


=== [3/10] Creating EA Adversarial Image for /home/users/atodorova/alisa-thesis/malnet-cnn/test/backdoor/aqin/F13969A1A0B759AD3375A9F4D7D6320AAC6F90968F7FB0D70CD0CDE0E450E83C.png ===

--- Original Prediction Results ---
Predicted class: 42 (trojan)

Confidence     : 0.4061

True class     : 9 (backdoor)

Target ('benign') class: 11 (benign)

[INFO] Benign class became best class at iteration 6563 with confidence 0.3128!

Failed to generate adversarial image in 10000 iterations.
Benign first predicted at iteration 6563 with confidence 0.3128.

Benign probability changes (iteration, prob):
Iteration 0: Benign prob = 0.0013
Iteration 8: Benign prob = 0.0014
Iteration 9: Benign prob = 0.0015
Iteration 10: Benign prob = 0.0017
Iteration 13: Benign prob = 0.0018
Iteration 14: Benign prob = 0.0019
Iteration 16: Benign prob = 0.0019
Iteration 17: Benign prob = 0.0020
Iteration 18: Benign prob = 0.0021
Iteration 19: Benign prob = 0.0021
Iteration 23: Benign prob = 0.0021
Iteration 25: Benign prob = 0.0022
Iteration 26: Benign prob = 0.0022
Iteration 27: Benign prob = 0.0023
Iteration 30: Benign prob = 0.0023
Iteration 32: Benign prob = 0.0027
Iteration 33: Benign prob = 0.0028
Iteration 42: Benign prob = 0.0030
Iteration 46: Benign prob = 0.0031
Iteration 50: Benign prob = 0.0032
Iteration 55: Benign prob = 0.0032
Iteration 56: Benign prob = 0.0036
Iteration 80: Benign prob = 0.0039
Iteration 86: Benign prob = 0.0040
Iteration 88: Benign prob = 0.0041
Iteration 94: Benign prob = 0.0044
Iteration 95: Benign prob = 0.0044
Iteration 109: Benign prob = 0.0047
Iteration 124: Benign prob = 0.0047
Iteration 136: Benign prob = 0.0048
Iteration 144: Benign prob = 0.0049
Iteration 146: Benign prob = 0.0049
Iteration 172: Benign prob = 0.0050
Iteration 173: Benign prob = 0.0051
Iteration 182: Benign prob = 0.0052
Iteration 194: Benign prob = 0.0054
Iteration 199: Benign prob = 0.0055
Iteration 202: Benign prob = 0.0057
Iteration 208: Benign prob = 0.0061
Iteration 224: Benign prob = 0.0062
Iteration 228: Benign prob = 0.0068
Iteration 235: Benign prob = 0.0069
Iteration 242: Benign prob = 0.0072
Iteration 251: Benign prob = 0.0075
Iteration 259: Benign prob = 0.0077
Iteration 277: Benign prob = 0.0077
Iteration 278: Benign prob = 0.0079
Iteration 279: Benign prob = 0.0082
Iteration 296: Benign prob = 0.0082
Iteration 300: Benign prob = 0.0087
Iteration 305: Benign prob = 0.0093
Iteration 311: Benign prob = 0.0098
Iteration 314: Benign prob = 0.0111
Iteration 336: Benign prob = 0.0112
Iteration 341: Benign prob = 0.0113
Iteration 342: Benign prob = 0.0114
Iteration 351: Benign prob = 0.0122
Iteration 378: Benign prob = 0.0123
Iteration 386: Benign prob = 0.0128
Iteration 388: Benign prob = 0.0130
Iteration 393: Benign prob = 0.0134
Iteration 396: Benign prob = 0.0137
Iteration 415: Benign prob = 0.0138
Iteration 421: Benign prob = 0.0140
Iteration 430: Benign prob = 0.0144
Iteration 448: Benign prob = 0.0148
Iteration 453: Benign prob = 0.0151
Iteration 460: Benign prob = 0.0154
Iteration 477: Benign prob = 0.0160
Iteration 481: Benign prob = 0.0161
Iteration 486: Benign prob = 0.0169
Iteration 579: Benign prob = 0.0171
Iteration 580: Benign prob = 0.0195
Iteration 586: Benign prob = 0.0198
Iteration 595: Benign prob = 0.0199
Iteration 596: Benign prob = 0.0209
Iteration 614: Benign prob = 0.0210
Iteration 624: Benign prob = 0.0210
Iteration 630: Benign prob = 0.0211
Iteration 631: Benign prob = 0.0211
Iteration 645: Benign prob = 0.0212
Iteration 647: Benign prob = 0.0217
Iteration 660: Benign prob = 0.0218
Iteration 669: Benign prob = 0.0222
Iteration 682: Benign prob = 0.0226
Iteration 684: Benign prob = 0.0239
Iteration 685: Benign prob = 0.0240
Iteration 692: Benign prob = 0.0246
Iteration 694: Benign prob = 0.0247
Iteration 739: Benign prob = 0.0255
Iteration 749: Benign prob = 0.0260
Iteration 769: Benign prob = 0.0263
Iteration 775: Benign prob = 0.0265
Iteration 784: Benign prob = 0.0285
Iteration 796: Benign prob = 0.0286
Iteration 808: Benign prob = 0.0290
Iteration 831: Benign prob = 0.0295
Iteration 832: Benign prob = 0.0301
Iteration 834: Benign prob = 0.0304
Iteration 839: Benign prob = 0.0305
Iteration 842: Benign prob = 0.0317
Iteration 865: Benign prob = 0.0326
Iteration 879: Benign prob = 0.0341
Iteration 900: Benign prob = 0.0342
Iteration 902: Benign prob = 0.0345
Iteration 907: Benign prob = 0.0357
Iteration 911: Benign prob = 0.0359
Iteration 913: Benign prob = 0.0361
Iteration 920: Benign prob = 0.0364
Iteration 927: Benign prob = 0.0366
Iteration 956: Benign prob = 0.0366
Iteration 957: Benign prob = 0.0389
Iteration 985: Benign prob = 0.0390
Iteration 989: Benign prob = 0.0392
Iteration 1005: Benign prob = 0.0405
Iteration 1008: Benign prob = 0.0411
Iteration 1015: Benign prob = 0.0435
Iteration 1049: Benign prob = 0.0449
Iteration 1091: Benign prob = 0.0454
Iteration 1122: Benign prob = 0.0469
Iteration 1167: Benign prob = 0.0481
Iteration 1195: Benign prob = 0.0494
Iteration 1317: Benign prob = 0.0504
Iteration 1319: Benign prob = 0.0520
Iteration 1373: Benign prob = 0.0533
Iteration 1385: Benign prob = 0.0536
Iteration 1442: Benign prob = 0.0537
Iteration 1466: Benign prob = 0.0566
Iteration 1493: Benign prob = 0.0567
Iteration 1512: Benign prob = 0.0573
Iteration 1540: Benign prob = 0.0583
Iteration 1570: Benign prob = 0.0585
Iteration 1588: Benign prob = 0.0589
Iteration 1595: Benign prob = 0.0596
Iteration 1600: Benign prob = 0.0602
Iteration 1614: Benign prob = 0.0612
Iteration 1636: Benign prob = 0.0614
Iteration 1649: Benign prob = 0.0615
Iteration 1650: Benign prob = 0.0617
Iteration 1654: Benign prob = 0.0619
Iteration 1670: Benign prob = 0.0620
Iteration 1708: Benign prob = 0.0622
Iteration 1720: Benign prob = 0.0645
Iteration 1810: Benign prob = 0.0653
Iteration 1839: Benign prob = 0.0666
Iteration 1884: Benign prob = 0.0666
Iteration 1891: Benign prob = 0.0711
Iteration 1977: Benign prob = 0.0725
Iteration 2075: Benign prob = 0.0743
Iteration 2116: Benign prob = 0.0743
Iteration 2147: Benign prob = 0.0743
Iteration 2159: Benign prob = 0.0747
Iteration 2172: Benign prob = 0.0766
Iteration 2174: Benign prob = 0.0772
Iteration 2192: Benign prob = 0.0773
Iteration 2224: Benign prob = 0.0774
Iteration 2237: Benign prob = 0.0779
Iteration 2254: Benign prob = 0.0798
Iteration 2299: Benign prob = 0.0834
Iteration 2378: Benign prob = 0.0837
Iteration 2386: Benign prob = 0.0845
Iteration 2403: Benign prob = 0.0851
Iteration 2424: Benign prob = 0.0877
Iteration 2427: Benign prob = 0.0879
Iteration 2429: Benign prob = 0.0896
Iteration 2467: Benign prob = 0.0906
Iteration 2535: Benign prob = 0.0906
Iteration 2558: Benign prob = 0.0912
Iteration 2573: Benign prob = 0.0925
Iteration 2639: Benign prob = 0.0979
Iteration 2643: Benign prob = 0.0982
Iteration 2659: Benign prob = 0.0997
Iteration 2749: Benign prob = 0.1005
Iteration 2787: Benign prob = 0.1030
Iteration 2794: Benign prob = 0.1033
Iteration 2818: Benign prob = 0.1045
Iteration 2880: Benign prob = 0.1071
Iteration 2917: Benign prob = 0.1090
Iteration 2991: Benign prob = 0.1104
Iteration 3007: Benign prob = 0.1126
Iteration 3083: Benign prob = 0.1144
Iteration 3129: Benign prob = 0.1145
Iteration 3161: Benign prob = 0.1151
Iteration 3227: Benign prob = 0.1164
Iteration 3267: Benign prob = 0.1168
Iteration 3303: Benign prob = 0.1175
Iteration 3327: Benign prob = 0.1175
Iteration 3330: Benign prob = 0.1180
Iteration 3362: Benign prob = 0.1197
Iteration 3377: Benign prob = 0.1209
Iteration 3407: Benign prob = 0.1217
Iteration 3430: Benign prob = 0.1248
Iteration 3469: Benign prob = 0.1256
Iteration 3470: Benign prob = 0.1259
Iteration 3494: Benign prob = 0.1287
Iteration 3692: Benign prob = 0.1292
Iteration 3758: Benign prob = 0.1323
Iteration 3791: Benign prob = 0.1355
Iteration 3912: Benign prob = 0.1373
Iteration 3913: Benign prob = 0.1378
Iteration 3942: Benign prob = 0.1381
Iteration 3960: Benign prob = 0.1412
Iteration 3995: Benign prob = 0.1431
Iteration 4022: Benign prob = 0.1440
Iteration 4037: Benign prob = 0.1450
Iteration 4101: Benign prob = 0.1471
Iteration 4121: Benign prob = 0.1476
Iteration 4122: Benign prob = 0.1483
Iteration 4136: Benign prob = 0.1491
Iteration 4164: Benign prob = 0.1496
Iteration 4165: Benign prob = 0.1508
Iteration 4175: Benign prob = 0.1515
Iteration 4246: Benign prob = 0.1570
Iteration 4330: Benign prob = 0.1574
Iteration 4358: Benign prob = 0.1588
Iteration 4365: Benign prob = 0.1606
Iteration 4368: Benign prob = 0.1625
Iteration 4452: Benign prob = 0.1701
Iteration 4490: Benign prob = 0.1715
Iteration 4565: Benign prob = 0.1746
Iteration 4627: Benign prob = 0.1761
Iteration 4660: Benign prob = 0.1797
Iteration 4690: Benign prob = 0.1812
Iteration 4718: Benign prob = 0.1817
Iteration 4731: Benign prob = 0.1827
Iteration 4883: Benign prob = 0.1841
Iteration 4891: Benign prob = 0.1906
Iteration 5006: Benign prob = 0.1909
Iteration 5032: Benign prob = 0.2004
Iteration 5180: Benign prob = 0.2070
Iteration 5233: Benign prob = 0.2071
Iteration 5250: Benign prob = 0.2097
Iteration 5254: Benign prob = 0.2124
Iteration 5268: Benign prob = 0.2130
Iteration 5280: Benign prob = 0.2133
Iteration 5311: Benign prob = 0.2305
Iteration 5454: Benign prob = 0.2315
Iteration 5457: Benign prob = 0.2324
Iteration 5503: Benign prob = 0.2332
Iteration 5543: Benign prob = 0.2352
Iteration 5545: Benign prob = 0.2372
Iteration 5549: Benign prob = 0.2423
Iteration 5566: Benign prob = 0.2442
Iteration 5576: Benign prob = 0.2479
Iteration 5645: Benign prob = 0.2526
Iteration 5647: Benign prob = 0.2541
Iteration 5662: Benign prob = 0.2602
Iteration 5685: Benign prob = 0.2650
Iteration 5693: Benign prob = 0.2661
Iteration 5796: Benign prob = 0.2667
Iteration 5834: Benign prob = 0.2727
Iteration 5897: Benign prob = 0.2758
Iteration 5901: Benign prob = 0.2762
Iteration 5981: Benign prob = 0.2765
Iteration 6061: Benign prob = 0.2817
Iteration 6066: Benign prob = 0.2841
Iteration 6076: Benign prob = 0.2841
Iteration 6144: Benign prob = 0.2886
Iteration 6151: Benign prob = 0.2886
Iteration 6157: Benign prob = 0.2921
Iteration 6204: Benign prob = 0.2947
Iteration 6260: Benign prob = 0.3001
Iteration 6349: Benign prob = 0.3010
Iteration 6356: Benign prob = 0.3012
Iteration 6399: Benign prob = 0.3018
Iteration 6437: Benign prob = 0.3035
Iteration 6444: Benign prob = 0.3047
Iteration 6468: Benign prob = 0.3085
Iteration 6563: Benign prob = 0.3128
Iteration 6623: Benign prob = 0.3184
Iteration 6702: Benign prob = 0.3202
Iteration 6726: Benign prob = 0.3220
Iteration 6733: Benign prob = 0.3222
Iteration 6781: Benign prob = 0.3281
Iteration 6825: Benign prob = 0.3319
Iteration 6850: Benign prob = 0.3347
Iteration 6969: Benign prob = 0.3445
Iteration 7012: Benign prob = 0.3468
Iteration 7063: Benign prob = 0.3475
Iteration 7103: Benign prob = 0.3487
Iteration 7132: Benign prob = 0.3528
Iteration 7384: Benign prob = 0.3542
Iteration 7482: Benign prob = 0.3583
Iteration 7573: Benign prob = 0.3646
Iteration 7703: Benign prob = 0.3687
Iteration 7726: Benign prob = 0.3737
Iteration 7852: Benign prob = 0.3740
Iteration 7871: Benign prob = 0.3766
Iteration 8008: Benign prob = 0.3879
Iteration 8015: Benign prob = 0.3885
Iteration 8072: Benign prob = 0.3951
Iteration 8088: Benign prob = 0.3965
Iteration 8306: Benign prob = 0.3979
Iteration 8333: Benign prob = 0.3982
Iteration 8338: Benign prob = 0.4011
Iteration 8375: Benign prob = 0.4013
Iteration 8435: Benign prob = 0.4023
Iteration 8437: Benign prob = 0.4085
Iteration 8440: Benign prob = 0.4093
Iteration 8448: Benign prob = 0.4166
Iteration 8532: Benign prob = 0.4245
Iteration 8612: Benign prob = 0.4250
Iteration 8734: Benign prob = 0.4306
Iteration 8747: Benign prob = 0.4367
Iteration 8773: Benign prob = 0.4452
Iteration 8823: Benign prob = 0.4498
Iteration 8930: Benign prob = 0.4527
Iteration 9059: Benign prob = 0.4547
Iteration 9089: Benign prob = 0.4627
Iteration 9094: Benign prob = 0.4631
Iteration 9107: Benign prob = 0.4638
Iteration 9224: Benign prob = 0.4693
Iteration 9260: Benign prob = 0.4742
Iteration 9291: Benign prob = 0.4832
Iteration 9391: Benign prob = 0.4861
Iteration 9480: Benign prob = 0.4875
Iteration 9629: Benign prob = 0.4939
Iteration 9738: Benign prob = 0.4950
Iteration 9851: Benign prob = 0.4976
Iteration 9860: Benign prob = 0.5011
Iteration 9971: Benign prob = 0.5022
Iteration 9975: Benign prob = 0.5035

 Completed Adversarial Image for image 3 in 15.83 minutes.

--- Adversarial Prediction Results for image 3: (/home/users/atodorova/alisa-thesis/malnet-cnn/test/backdoor/aqin/F13969A1A0B759AD3375A9F4D7D6320AAC6F90968F7FB0D70CD0CDE0E450E83C.png) ---
Predicted class: 42 (trojan)
Confidence     : 0.4061
True class     : 9 (backdoor)


=== [4/10] Creating EA Adversarial Image for /home/users/atodorova/alisa-thesis/malnet-cnn/test/backdoor/droidkungfu/37F04C728BB0A3DE3EDD3C5D7D8420E78610307EBBF8AF38713B5FB56E22DAD6.png ===

--- Original Prediction Results ---
Predicted class: 42 (trojan)

Confidence     : 0.4312

True class     : 9 (backdoor)

Target ('benign') class: 11 (benign)

[INFO] Benign class became best class at iteration 5285 with confidence 0.3125!

Targeted adversarial image created in 8740 iterations.
Benign first predicted at iteration 5285 with confidence 0.3125.

Benign probability changes (iteration, prob):
Iteration 0: Benign prob = 0.0010
Iteration 4: Benign prob = 0.0014
Iteration 6: Benign prob = 0.0017
Iteration 7: Benign prob = 0.0017
Iteration 8: Benign prob = 0.0024
Iteration 9: Benign prob = 0.0027
Iteration 11: Benign prob = 0.0028
Iteration 12: Benign prob = 0.0029
Iteration 24: Benign prob = 0.0030
Iteration 29: Benign prob = 0.0030
Iteration 30: Benign prob = 0.0032
Iteration 32: Benign prob = 0.0032
Iteration 38: Benign prob = 0.0033
Iteration 42: Benign prob = 0.0037
Iteration 63: Benign prob = 0.0038
Iteration 69: Benign prob = 0.0040
Iteration 84: Benign prob = 0.0045
Iteration 89: Benign prob = 0.0045
Iteration 90: Benign prob = 0.0047
Iteration 100: Benign prob = 0.0051
Iteration 105: Benign prob = 0.0055
Iteration 111: Benign prob = 0.0055
Iteration 116: Benign prob = 0.0060
Iteration 118: Benign prob = 0.0066
Iteration 130: Benign prob = 0.0067
Iteration 132: Benign prob = 0.0068
Iteration 144: Benign prob = 0.0069
Iteration 145: Benign prob = 0.0069
Iteration 169: Benign prob = 0.0070
Iteration 171: Benign prob = 0.0070
Iteration 174: Benign prob = 0.0074
Iteration 249: Benign prob = 0.0076
Iteration 266: Benign prob = 0.0076
Iteration 270: Benign prob = 0.0077
Iteration 272: Benign prob = 0.0078
Iteration 278: Benign prob = 0.0085
Iteration 304: Benign prob = 0.0085
Iteration 305: Benign prob = 0.0089
Iteration 315: Benign prob = 0.0090
Iteration 321: Benign prob = 0.0091
Iteration 323: Benign prob = 0.0091
Iteration 331: Benign prob = 0.0094
Iteration 338: Benign prob = 0.0097
Iteration 351: Benign prob = 0.0098
Iteration 355: Benign prob = 0.0101
Iteration 374: Benign prob = 0.0102
Iteration 382: Benign prob = 0.0106
Iteration 385: Benign prob = 0.0107
Iteration 389: Benign prob = 0.0108
Iteration 401: Benign prob = 0.0109
Iteration 416: Benign prob = 0.0113
Iteration 423: Benign prob = 0.0115
Iteration 468: Benign prob = 0.0116
Iteration 489: Benign prob = 0.0121
Iteration 499: Benign prob = 0.0122
Iteration 503: Benign prob = 0.0122
Iteration 504: Benign prob = 0.0124
Iteration 517: Benign prob = 0.0127
Iteration 523: Benign prob = 0.0128
Iteration 547: Benign prob = 0.0136
Iteration 555: Benign prob = 0.0137
Iteration 565: Benign prob = 0.0138
Iteration 580: Benign prob = 0.0141
Iteration 595: Benign prob = 0.0144
Iteration 596: Benign prob = 0.0145
Iteration 609: Benign prob = 0.0149
Iteration 615: Benign prob = 0.0153
Iteration 629: Benign prob = 0.0155
Iteration 648: Benign prob = 0.0178
Iteration 656: Benign prob = 0.0178
Iteration 696: Benign prob = 0.0179
Iteration 702: Benign prob = 0.0179
Iteration 703: Benign prob = 0.0182
Iteration 705: Benign prob = 0.0189
Iteration 733: Benign prob = 0.0191
Iteration 735: Benign prob = 0.0205
Iteration 811: Benign prob = 0.0208
Iteration 813: Benign prob = 0.0216
Iteration 834: Benign prob = 0.0236
Iteration 862: Benign prob = 0.0239
Iteration 879: Benign prob = 0.0241
Iteration 903: Benign prob = 0.0245
Iteration 908: Benign prob = 0.0246
Iteration 915: Benign prob = 0.0248
Iteration 978: Benign prob = 0.0250
Iteration 980: Benign prob = 0.0253
Iteration 1016: Benign prob = 0.0284
Iteration 1079: Benign prob = 0.0290
Iteration 1098: Benign prob = 0.0292
Iteration 1108: Benign prob = 0.0302
Iteration 1127: Benign prob = 0.0304
Iteration 1135: Benign prob = 0.0304
Iteration 1184: Benign prob = 0.0307
Iteration 1194: Benign prob = 0.0308
Iteration 1195: Benign prob = 0.0320
Iteration 1204: Benign prob = 0.0321
Iteration 1210: Benign prob = 0.0330
Iteration 1239: Benign prob = 0.0352
Iteration 1254: Benign prob = 0.0353
Iteration 1321: Benign prob = 0.0354
Iteration 1333: Benign prob = 0.0378
Iteration 1336: Benign prob = 0.0378
Iteration 1346: Benign prob = 0.0412
Iteration 1387: Benign prob = 0.0413
Iteration 1400: Benign prob = 0.0419
Iteration 1454: Benign prob = 0.0422
Iteration 1456: Benign prob = 0.0424
Iteration 1501: Benign prob = 0.0429
Iteration 1507: Benign prob = 0.0430
Iteration 1518: Benign prob = 0.0435
Iteration 1540: Benign prob = 0.0447
Iteration 1569: Benign prob = 0.0455
Iteration 1588: Benign prob = 0.0465
Iteration 1596: Benign prob = 0.0473
Iteration 1611: Benign prob = 0.0475
Iteration 1617: Benign prob = 0.0481
Iteration 1620: Benign prob = 0.0482
Iteration 1634: Benign prob = 0.0493
Iteration 1643: Benign prob = 0.0498
Iteration 1651: Benign prob = 0.0513
Iteration 1665: Benign prob = 0.0520
Iteration 1689: Benign prob = 0.0522
Iteration 1700: Benign prob = 0.0525
Iteration 1715: Benign prob = 0.0528
Iteration 1719: Benign prob = 0.0528
Iteration 1721: Benign prob = 0.0537
Iteration 1758: Benign prob = 0.0545
Iteration 1770: Benign prob = 0.0550
Iteration 1772: Benign prob = 0.0555
Iteration 1796: Benign prob = 0.0570
Iteration 1797: Benign prob = 0.0571
Iteration 1806: Benign prob = 0.0573
Iteration 1818: Benign prob = 0.0578
Iteration 1820: Benign prob = 0.0579
Iteration 1827: Benign prob = 0.0582
Iteration 1841: Benign prob = 0.0592
Iteration 1878: Benign prob = 0.0622
Iteration 1882: Benign prob = 0.0627
Iteration 1894: Benign prob = 0.0629
Iteration 1919: Benign prob = 0.0633
Iteration 1930: Benign prob = 0.0655
Iteration 1947: Benign prob = 0.0665
Iteration 1953: Benign prob = 0.0710
Iteration 1995: Benign prob = 0.0722
Iteration 2017: Benign prob = 0.0733
Iteration 2067: Benign prob = 0.0744
Iteration 2080: Benign prob = 0.0748
Iteration 2091: Benign prob = 0.0754
Iteration 2106: Benign prob = 0.0756
Iteration 2128: Benign prob = 0.0796
Iteration 2186: Benign prob = 0.0809
Iteration 2190: Benign prob = 0.0809
Iteration 2191: Benign prob = 0.0812
Iteration 2228: Benign prob = 0.0834
Iteration 2236: Benign prob = 0.0861
Iteration 2279: Benign prob = 0.0887
Iteration 2297: Benign prob = 0.0897
Iteration 2314: Benign prob = 0.0924
Iteration 2319: Benign prob = 0.0954
Iteration 2326: Benign prob = 0.0958
Iteration 2330: Benign prob = 0.0975
Iteration 2389: Benign prob = 0.0991
Iteration 2397: Benign prob = 0.0993
Iteration 2401: Benign prob = 0.1012
Iteration 2416: Benign prob = 0.1034
Iteration 2433: Benign prob = 0.1055
Iteration 2435: Benign prob = 0.1066
Iteration 2452: Benign prob = 0.1078
Iteration 2513: Benign prob = 0.1109
Iteration 2543: Benign prob = 0.1123
Iteration 2563: Benign prob = 0.1165
Iteration 2597: Benign prob = 0.1166
Iteration 2600: Benign prob = 0.1213
Iteration 2626: Benign prob = 0.1217
Iteration 2661: Benign prob = 0.1220
Iteration 2665: Benign prob = 0.1258
Iteration 2765: Benign prob = 0.1261
Iteration 2819: Benign prob = 0.1279
Iteration 2835: Benign prob = 0.1294
Iteration 2837: Benign prob = 0.1304
Iteration 2864: Benign prob = 0.1326
Iteration 2905: Benign prob = 0.1351
Iteration 2954: Benign prob = 0.1374
Iteration 2994: Benign prob = 0.1375
Iteration 3006: Benign prob = 0.1376
Iteration 3007: Benign prob = 0.1391
Iteration 3033: Benign prob = 0.1441
Iteration 3043: Benign prob = 0.1463
Iteration 3076: Benign prob = 0.1473
Iteration 3134: Benign prob = 0.1498
Iteration 3162: Benign prob = 0.1525
Iteration 3180: Benign prob = 0.1543
Iteration 3198: Benign prob = 0.1561
Iteration 3222: Benign prob = 0.1612
Iteration 3264: Benign prob = 0.1634
Iteration 3269: Benign prob = 0.1645
Iteration 3298: Benign prob = 0.1675
Iteration 3329: Benign prob = 0.1681
Iteration 3351: Benign prob = 0.1699
Iteration 3362: Benign prob = 0.1760
Iteration 3425: Benign prob = 0.1769
Iteration 3431: Benign prob = 0.1810
Iteration 3474: Benign prob = 0.1861
Iteration 3484: Benign prob = 0.1900
Iteration 3561: Benign prob = 0.1914
Iteration 3603: Benign prob = 0.1930
Iteration 3610: Benign prob = 0.1953
Iteration 3648: Benign prob = 0.1992
Iteration 3654: Benign prob = 0.1995
Iteration 3667: Benign prob = 0.2032
Iteration 3766: Benign prob = 0.2034
Iteration 3767: Benign prob = 0.2060
Iteration 3773: Benign prob = 0.2088
Iteration 3776: Benign prob = 0.2120
Iteration 3824: Benign prob = 0.2164
Iteration 3871: Benign prob = 0.2181
Iteration 3875: Benign prob = 0.2205
Iteration 3877: Benign prob = 0.2294
Iteration 3923: Benign prob = 0.2300
Iteration 3966: Benign prob = 0.2302
Iteration 4020: Benign prob = 0.2319
Iteration 4053: Benign prob = 0.2350
Iteration 4109: Benign prob = 0.2448
Iteration 4116: Benign prob = 0.2470
Iteration 4186: Benign prob = 0.2503
Iteration 4257: Benign prob = 0.2523
Iteration 4283: Benign prob = 0.2549
Iteration 4308: Benign prob = 0.2555
Iteration 4311: Benign prob = 0.2573
Iteration 4323: Benign prob = 0.2621
Iteration 4336: Benign prob = 0.2643
Iteration 4374: Benign prob = 0.2682
Iteration 4412: Benign prob = 0.2683
Iteration 4446: Benign prob = 0.2702
Iteration 4460: Benign prob = 0.2718
Iteration 4496: Benign prob = 0.2748
Iteration 4589: Benign prob = 0.2763
Iteration 4629: Benign prob = 0.2833
Iteration 4765: Benign prob = 0.2883
Iteration 4824: Benign prob = 0.2902
Iteration 4890: Benign prob = 0.2906
Iteration 4983: Benign prob = 0.2954
Iteration 5005: Benign prob = 0.2999
Iteration 5155: Benign prob = 0.3026
Iteration 5206: Benign prob = 0.3033
Iteration 5249: Benign prob = 0.3043
Iteration 5285: Benign prob = 0.3125
Iteration 5545: Benign prob = 0.3126
Iteration 5551: Benign prob = 0.3160
Iteration 5619: Benign prob = 0.3161
Iteration 5627: Benign prob = 0.3163
Iteration 5628: Benign prob = 0.3164
Iteration 5637: Benign prob = 0.3232
Iteration 5711: Benign prob = 0.3251
Iteration 5752: Benign prob = 0.3306
Iteration 5890: Benign prob = 0.3406
Iteration 5967: Benign prob = 0.3451
Iteration 5985: Benign prob = 0.3470
Iteration 6038: Benign prob = 0.3479
Iteration 6085: Benign prob = 0.3502
Iteration 6129: Benign prob = 0.3546
Iteration 6230: Benign prob = 0.3571
Iteration 6310: Benign prob = 0.3574
Iteration 6346: Benign prob = 0.3695
Iteration 6460: Benign prob = 0.3792
Iteration 6508: Benign prob = 0.3842
Iteration 6601: Benign prob = 0.3845
Iteration 6658: Benign prob = 0.3880
Iteration 6673: Benign prob = 0.3895
Iteration 6691: Benign prob = 0.4023
Iteration 6750: Benign prob = 0.4045
Iteration 6925: Benign prob = 0.4047
Iteration 6927: Benign prob = 0.4049
Iteration 6939: Benign prob = 0.4070
Iteration 6946: Benign prob = 0.4073
Iteration 6964: Benign prob = 0.4092
Iteration 7066: Benign prob = 0.4113
Iteration 7100: Benign prob = 0.4119
Iteration 7107: Benign prob = 0.4123
Iteration 7121: Benign prob = 0.4127
Iteration 7142: Benign prob = 0.4220
Iteration 7155: Benign prob = 0.4230
Iteration 7160: Benign prob = 0.4238
Iteration 7164: Benign prob = 0.4254
Iteration 7184: Benign prob = 0.4296
Iteration 7277: Benign prob = 0.4443
Iteration 7287: Benign prob = 0.4468
Iteration 7332: Benign prob = 0.4502
Iteration 7386: Benign prob = 0.4566
Iteration 7412: Benign prob = 0.4656
Iteration 7444: Benign prob = 0.4687
Iteration 7474: Benign prob = 0.4723
Iteration 7512: Benign prob = 0.4781
Iteration 7527: Benign prob = 0.4961
Iteration 7581: Benign prob = 0.4980
Iteration 7605: Benign prob = 0.4984
Iteration 7671: Benign prob = 0.5073
Iteration 7700: Benign prob = 0.5086
Iteration 7751: Benign prob = 0.5149
Iteration 7880: Benign prob = 0.5157
Iteration 7948: Benign prob = 0.5167
Iteration 7983: Benign prob = 0.5188
Iteration 8035: Benign prob = 0.5235
Iteration 8157: Benign prob = 0.5311
Iteration 8237: Benign prob = 0.5317
Iteration 8307: Benign prob = 0.5363
Iteration 8377: Benign prob = 0.5371
Iteration 8528: Benign prob = 0.5378
Iteration 8640: Benign prob = 0.5384
Iteration 8642: Benign prob = 0.5448
Iteration 8704: Benign prob = 0.5481
Iteration 8718: Benign prob = 0.5482
Iteration 8740: Benign prob = 0.5568

 Completed Adversarial Image for image 4 in 13.88 minutes.

--- Adversarial Prediction Results for image 4: (/home/users/atodorova/alisa-thesis/malnet-cnn/test/backdoor/droidkungfu/37F04C728BB0A3DE3EDD3C5D7D8420E78610307EBBF8AF38713B5FB56E22DAD6.png) ---
Predicted class: 11 (benign)
Confidence     : 0.5568
True class     : 9 (backdoor)


=== [5/10] Creating EA Adversarial Image for /home/users/atodorova/alisa-thesis/malnet-cnn/test/backdoor/droidkungfu/BD588C5A6C704C2E73DB012E81FA355768D90D1785B398AB54082BA9D4BDDF89.png ===

--- Original Prediction Results ---
Predicted class: 42 (trojan)

Confidence     : 0.4940

True class     : 9 (backdoor)

Target ('benign') class: 11 (benign)

[INFO] Benign class became best class at iteration 832 with confidence 0.2991!

Targeted adversarial image created in 1555 iterations.
Benign first predicted at iteration 832 with confidence 0.2991.

Benign probability changes (iteration, prob):
Iteration 0: Benign prob = 0.0006
Iteration 4: Benign prob = 0.0013
Iteration 5: Benign prob = 0.0016
Iteration 7: Benign prob = 0.0017
Iteration 9: Benign prob = 0.0017
Iteration 10: Benign prob = 0.0018
Iteration 11: Benign prob = 0.0019
Iteration 13: Benign prob = 0.0019
Iteration 15: Benign prob = 0.0020
Iteration 19: Benign prob = 0.0021
Iteration 20: Benign prob = 0.0021
Iteration 21: Benign prob = 0.0025
Iteration 25: Benign prob = 0.0025
Iteration 26: Benign prob = 0.0025
Iteration 27: Benign prob = 0.0025
Iteration 29: Benign prob = 0.0028
Iteration 34: Benign prob = 0.0031
Iteration 39: Benign prob = 0.0035
Iteration 43: Benign prob = 0.0036
Iteration 44: Benign prob = 0.0036
Iteration 45: Benign prob = 0.0039
Iteration 48: Benign prob = 0.0041
Iteration 50: Benign prob = 0.0042
Iteration 52: Benign prob = 0.0042
Iteration 53: Benign prob = 0.0043
Iteration 55: Benign prob = 0.0044
Iteration 56: Benign prob = 0.0044
Iteration 65: Benign prob = 0.0046
Iteration 68: Benign prob = 0.0047
Iteration 72: Benign prob = 0.0052
Iteration 78: Benign prob = 0.0055
Iteration 84: Benign prob = 0.0056
Iteration 85: Benign prob = 0.0058
Iteration 86: Benign prob = 0.0061
Iteration 91: Benign prob = 0.0063
Iteration 92: Benign prob = 0.0066
Iteration 103: Benign prob = 0.0068
Iteration 106: Benign prob = 0.0069
Iteration 109: Benign prob = 0.0070
Iteration 110: Benign prob = 0.0072
Iteration 114: Benign prob = 0.0072
Iteration 115: Benign prob = 0.0074
Iteration 116: Benign prob = 0.0080
Iteration 119: Benign prob = 0.0086
Iteration 120: Benign prob = 0.0091
Iteration 121: Benign prob = 0.0095
Iteration 122: Benign prob = 0.0096
Iteration 126: Benign prob = 0.0104
Iteration 129: Benign prob = 0.0105
Iteration 130: Benign prob = 0.0108
Iteration 133: Benign prob = 0.0110
Iteration 134: Benign prob = 0.0134
Iteration 135: Benign prob = 0.0135
Iteration 138: Benign prob = 0.0140
Iteration 141: Benign prob = 0.0144
Iteration 147: Benign prob = 0.0148
Iteration 148: Benign prob = 0.0152
Iteration 150: Benign prob = 0.0163
Iteration 154: Benign prob = 0.0167
Iteration 157: Benign prob = 0.0173
Iteration 158: Benign prob = 0.0182
Iteration 159: Benign prob = 0.0182
Iteration 160: Benign prob = 0.0191
Iteration 162: Benign prob = 0.0195
Iteration 163: Benign prob = 0.0201
Iteration 167: Benign prob = 0.0233
Iteration 171: Benign prob = 0.0251
Iteration 174: Benign prob = 0.0282
Iteration 178: Benign prob = 0.0287
Iteration 182: Benign prob = 0.0289
Iteration 183: Benign prob = 0.0305
Iteration 186: Benign prob = 0.0322
Iteration 188: Benign prob = 0.0324
Iteration 197: Benign prob = 0.0357
Iteration 203: Benign prob = 0.0416
Iteration 224: Benign prob = 0.0439
Iteration 225: Benign prob = 0.0459
Iteration 239: Benign prob = 0.0464
Iteration 240: Benign prob = 0.0485
Iteration 248: Benign prob = 0.0491
Iteration 252: Benign prob = 0.0503
Iteration 253: Benign prob = 0.0547
Iteration 261: Benign prob = 0.0582
Iteration 264: Benign prob = 0.0650
Iteration 268: Benign prob = 0.0660
Iteration 273: Benign prob = 0.0668
Iteration 275: Benign prob = 0.0674
Iteration 278: Benign prob = 0.0695
Iteration 279: Benign prob = 0.0762
Iteration 290: Benign prob = 0.0772
Iteration 308: Benign prob = 0.0802
Iteration 312: Benign prob = 0.0819
Iteration 313: Benign prob = 0.0832
Iteration 315: Benign prob = 0.0839
Iteration 316: Benign prob = 0.0862
Iteration 317: Benign prob = 0.0873
Iteration 318: Benign prob = 0.0933
Iteration 321: Benign prob = 0.0991
Iteration 323: Benign prob = 0.1020
Iteration 337: Benign prob = 0.1047
Iteration 338: Benign prob = 0.1051
Iteration 351: Benign prob = 0.1146
Iteration 359: Benign prob = 0.1170
Iteration 365: Benign prob = 0.1222
Iteration 383: Benign prob = 0.1230
Iteration 397: Benign prob = 0.1258
Iteration 404: Benign prob = 0.1276
Iteration 418: Benign prob = 0.1291
Iteration 419: Benign prob = 0.1301
Iteration 426: Benign prob = 0.1302
Iteration 429: Benign prob = 0.1336
Iteration 433: Benign prob = 0.1404
Iteration 445: Benign prob = 0.1420
Iteration 458: Benign prob = 0.1459
Iteration 472: Benign prob = 0.1520
Iteration 484: Benign prob = 0.1533
Iteration 505: Benign prob = 0.1545
Iteration 506: Benign prob = 0.1561
Iteration 507: Benign prob = 0.1579
Iteration 520: Benign prob = 0.1595
Iteration 522: Benign prob = 0.1699
Iteration 555: Benign prob = 0.1733
Iteration 564: Benign prob = 0.1866
Iteration 576: Benign prob = 0.1900
Iteration 603: Benign prob = 0.1913
Iteration 605: Benign prob = 0.1916
Iteration 609: Benign prob = 0.1971
Iteration 658: Benign prob = 0.2016
Iteration 671: Benign prob = 0.2107
Iteration 688: Benign prob = 0.2124
Iteration 701: Benign prob = 0.2210
Iteration 707: Benign prob = 0.2268
Iteration 732: Benign prob = 0.2304
Iteration 741: Benign prob = 0.2333
Iteration 761: Benign prob = 0.2503
Iteration 772: Benign prob = 0.2586
Iteration 782: Benign prob = 0.2628
Iteration 796: Benign prob = 0.2690
Iteration 797: Benign prob = 0.2792
Iteration 803: Benign prob = 0.2800
Iteration 806: Benign prob = 0.2842
Iteration 824: Benign prob = 0.2888
Iteration 827: Benign prob = 0.2953
Iteration 832: Benign prob = 0.2991
Iteration 847: Benign prob = 0.3002
Iteration 849: Benign prob = 0.3028
Iteration 853: Benign prob = 0.3054
Iteration 857: Benign prob = 0.3071
Iteration 860: Benign prob = 0.3162
Iteration 921: Benign prob = 0.3277
Iteration 952: Benign prob = 0.3306
Iteration 983: Benign prob = 0.3388
Iteration 1000: Benign prob = 0.3404
Iteration 1006: Benign prob = 0.3520
Iteration 1035: Benign prob = 0.3557
Iteration 1037: Benign prob = 0.3581
Iteration 1052: Benign prob = 0.3588
Iteration 1053: Benign prob = 0.3699
Iteration 1069: Benign prob = 0.3728
Iteration 1113: Benign prob = 0.3855
Iteration 1221: Benign prob = 0.3870
Iteration 1245: Benign prob = 0.3877
Iteration 1256: Benign prob = 0.3895
Iteration 1264: Benign prob = 0.3928
Iteration 1267: Benign prob = 0.4163
Iteration 1286: Benign prob = 0.4166
Iteration 1310: Benign prob = 0.4176
Iteration 1313: Benign prob = 0.4196
Iteration 1330: Benign prob = 0.4260
Iteration 1345: Benign prob = 0.4435
Iteration 1353: Benign prob = 0.4452
Iteration 1362: Benign prob = 0.4504
Iteration 1380: Benign prob = 0.4592
Iteration 1393: Benign prob = 0.4696
Iteration 1399: Benign prob = 0.4712
Iteration 1403: Benign prob = 0.4730
Iteration 1405: Benign prob = 0.4748
Iteration 1406: Benign prob = 0.5077
Iteration 1429: Benign prob = 0.5175
Iteration 1439: Benign prob = 0.5244
Iteration 1498: Benign prob = 0.5252
Iteration 1499: Benign prob = 0.5269
Iteration 1500: Benign prob = 0.5361
Iteration 1524: Benign prob = 0.5362
Iteration 1555: Benign prob = 0.5704

 Completed Adversarial Image for image 5 in 2.47 minutes.

--- Adversarial Prediction Results for image 5: (/home/users/atodorova/alisa-thesis/malnet-cnn/test/backdoor/droidkungfu/BD588C5A6C704C2E73DB012E81FA355768D90D1785B398AB54082BA9D4BDDF89.png) ---
Predicted class: 11 (benign)
Confidence     : 0.5704
True class     : 9 (backdoor)


=== [6/10] Creating EA Adversarial Image for /home/users/atodorova/alisa-thesis/malnet-cnn/test/backdoor/droidkungfu/E2E20AFB8D2725795E266CC74F9CB50F025FCBC1078C50E5B94FB618E554C56D.png ===

--- Original Prediction Results ---
Predicted class: 42 (trojan)

Confidence     : 0.4702

True class     : 9 (backdoor)

Target ('benign') class: 11 (benign)

[INFO] Benign class became best class at iteration 836 with confidence 0.3759!

Targeted adversarial image created in 1361 iterations.
Benign first predicted at iteration 836 with confidence 0.3759.

Benign probability changes (iteration, prob):
Iteration 0: Benign prob = 0.0009
Iteration 3: Benign prob = 0.0010
Iteration 4: Benign prob = 0.0010
Iteration 5: Benign prob = 0.0013
Iteration 6: Benign prob = 0.0014
Iteration 7: Benign prob = 0.0015
Iteration 8: Benign prob = 0.0016
Iteration 9: Benign prob = 0.0017
Iteration 10: Benign prob = 0.0019
Iteration 14: Benign prob = 0.0020
Iteration 16: Benign prob = 0.0021
Iteration 18: Benign prob = 0.0024
Iteration 20: Benign prob = 0.0026
Iteration 22: Benign prob = 0.0032
Iteration 30: Benign prob = 0.0033
Iteration 46: Benign prob = 0.0033
Iteration 49: Benign prob = 0.0034
Iteration 50: Benign prob = 0.0039
Iteration 60: Benign prob = 0.0040
Iteration 61: Benign prob = 0.0041
Iteration 68: Benign prob = 0.0041
Iteration 74: Benign prob = 0.0045
Iteration 80: Benign prob = 0.0045
Iteration 91: Benign prob = 0.0046
Iteration 96: Benign prob = 0.0051
Iteration 115: Benign prob = 0.0054
Iteration 123: Benign prob = 0.0058
Iteration 133: Benign prob = 0.0059
Iteration 137: Benign prob = 0.0063
Iteration 148: Benign prob = 0.0063
Iteration 149: Benign prob = 0.0065
Iteration 160: Benign prob = 0.0066
Iteration 171: Benign prob = 0.0068
Iteration 180: Benign prob = 0.0071
Iteration 190: Benign prob = 0.0071
Iteration 192: Benign prob = 0.0078
Iteration 205: Benign prob = 0.0079
Iteration 225: Benign prob = 0.0080
Iteration 228: Benign prob = 0.0081
Iteration 230: Benign prob = 0.0084
Iteration 238: Benign prob = 0.0087
Iteration 239: Benign prob = 0.0087
Iteration 244: Benign prob = 0.0088
Iteration 245: Benign prob = 0.0091
Iteration 247: Benign prob = 0.0093
Iteration 264: Benign prob = 0.0100
Iteration 271: Benign prob = 0.0101
Iteration 276: Benign prob = 0.0103
Iteration 289: Benign prob = 0.0104
Iteration 299: Benign prob = 0.0112
Iteration 312: Benign prob = 0.0112
Iteration 313: Benign prob = 0.0120
Iteration 315: Benign prob = 0.0159
Iteration 316: Benign prob = 0.0165
Iteration 317: Benign prob = 0.0196
Iteration 323: Benign prob = 0.0211
Iteration 324: Benign prob = 0.0229
Iteration 326: Benign prob = 0.0246
Iteration 327: Benign prob = 0.0263
Iteration 328: Benign prob = 0.0275
Iteration 330: Benign prob = 0.0314
Iteration 334: Benign prob = 0.0328
Iteration 337: Benign prob = 0.0332
Iteration 342: Benign prob = 0.0372
Iteration 352: Benign prob = 0.0415
Iteration 355: Benign prob = 0.0429
Iteration 358: Benign prob = 0.0446
Iteration 360: Benign prob = 0.0455
Iteration 369: Benign prob = 0.0463
Iteration 372: Benign prob = 0.0486
Iteration 375: Benign prob = 0.0527
Iteration 379: Benign prob = 0.0529
Iteration 387: Benign prob = 0.0577
Iteration 389: Benign prob = 0.0618
Iteration 396: Benign prob = 0.0626
Iteration 397: Benign prob = 0.0633
Iteration 399: Benign prob = 0.0726
Iteration 409: Benign prob = 0.0812
Iteration 415: Benign prob = 0.0847
Iteration 418: Benign prob = 0.0931
Iteration 420: Benign prob = 0.0942
Iteration 421: Benign prob = 0.0953
Iteration 424: Benign prob = 0.1031
Iteration 437: Benign prob = 0.1045
Iteration 442: Benign prob = 0.1074
Iteration 443: Benign prob = 0.1145
Iteration 449: Benign prob = 0.1201
Iteration 454: Benign prob = 0.1322
Iteration 458: Benign prob = 0.1401
Iteration 460: Benign prob = 0.1462
Iteration 477: Benign prob = 0.1612
Iteration 485: Benign prob = 0.1711
Iteration 489: Benign prob = 0.1857
Iteration 490: Benign prob = 0.1951
Iteration 504: Benign prob = 0.2031
Iteration 514: Benign prob = 0.2119
Iteration 523: Benign prob = 0.2174
Iteration 525: Benign prob = 0.2389
Iteration 551: Benign prob = 0.2397
Iteration 560: Benign prob = 0.2410
Iteration 571: Benign prob = 0.2416
Iteration 575: Benign prob = 0.2479
Iteration 581: Benign prob = 0.2541
Iteration 614: Benign prob = 0.2585
Iteration 615: Benign prob = 0.2585
Iteration 619: Benign prob = 0.2728
Iteration 643: Benign prob = 0.2889
Iteration 648: Benign prob = 0.2935
Iteration 693: Benign prob = 0.2949
Iteration 694: Benign prob = 0.2984
Iteration 702: Benign prob = 0.3013
Iteration 707: Benign prob = 0.3287
Iteration 749: Benign prob = 0.3307
Iteration 772: Benign prob = 0.3313
Iteration 789: Benign prob = 0.3375
Iteration 798: Benign prob = 0.3415
Iteration 801: Benign prob = 0.3448
Iteration 804: Benign prob = 0.3477
Iteration 810: Benign prob = 0.3583
Iteration 813: Benign prob = 0.3605
Iteration 815: Benign prob = 0.3608
Iteration 818: Benign prob = 0.3699
Iteration 836: Benign prob = 0.3759
Iteration 837: Benign prob = 0.3781
Iteration 857: Benign prob = 0.3872
Iteration 879: Benign prob = 0.3928
Iteration 883: Benign prob = 0.3953
Iteration 884: Benign prob = 0.3964
Iteration 886: Benign prob = 0.3979
Iteration 892: Benign prob = 0.3989
Iteration 898: Benign prob = 0.4092
Iteration 932: Benign prob = 0.4108
Iteration 946: Benign prob = 0.4192
Iteration 981: Benign prob = 0.4213
Iteration 1000: Benign prob = 0.4244
Iteration 1005: Benign prob = 0.4283
Iteration 1008: Benign prob = 0.4346
Iteration 1028: Benign prob = 0.4371
Iteration 1071: Benign prob = 0.4534
Iteration 1103: Benign prob = 0.4565
Iteration 1106: Benign prob = 0.4620
Iteration 1153: Benign prob = 0.4690
Iteration 1155: Benign prob = 0.4747
Iteration 1189: Benign prob = 0.4961
Iteration 1200: Benign prob = 0.5006
Iteration 1218: Benign prob = 0.5068
Iteration 1256: Benign prob = 0.5100
Iteration 1259: Benign prob = 0.5101
Iteration 1278: Benign prob = 0.5200
Iteration 1279: Benign prob = 0.5205
Iteration 1286: Benign prob = 0.5352
Iteration 1301: Benign prob = 0.5364
Iteration 1308: Benign prob = 0.5387
Iteration 1318: Benign prob = 0.5401
Iteration 1346: Benign prob = 0.5495
Iteration 1361: Benign prob = 0.5585

 Completed Adversarial Image for image 6 in 2.15 minutes.

--- Adversarial Prediction Results for image 6: (/home/users/atodorova/alisa-thesis/malnet-cnn/test/backdoor/droidkungfu/E2E20AFB8D2725795E266CC74F9CB50F025FCBC1078C50E5B94FB618E554C56D.png) ---
Predicted class: 11 (benign)
Confidence     : 0.5585
True class     : 9 (backdoor)


=== [7/10] Creating EA Adversarial Image for /home/users/atodorova/alisa-thesis/malnet-cnn/test/backdoor/golddream/1DD721D9C8694E48486495ADDE74F93D9B1786920322B91296603C2E8F2C4F63.png ===

--- Original Prediction Results ---
Predicted class: 42 (trojan)

Confidence     : 0.5332

True class     : 9 (backdoor)

Target ('benign') class: 11 (benign)

[INFO] Benign class became best class at iteration 2753 with confidence 0.3058!

Targeted adversarial image created in 4333 iterations.
Benign first predicted at iteration 2753 with confidence 0.3058.

Benign probability changes (iteration, prob):
Iteration 0: Benign prob = 0.0018
Iteration 4: Benign prob = 0.0019
Iteration 5: Benign prob = 0.0020
Iteration 6: Benign prob = 0.0021
Iteration 9: Benign prob = 0.0023
Iteration 10: Benign prob = 0.0025
Iteration 17: Benign prob = 0.0027
Iteration 21: Benign prob = 0.0027
Iteration 22: Benign prob = 0.0030
Iteration 23: Benign prob = 0.0030
Iteration 25: Benign prob = 0.0032
Iteration 29: Benign prob = 0.0033
Iteration 36: Benign prob = 0.0034
Iteration 39: Benign prob = 0.0035
Iteration 40: Benign prob = 0.0036
Iteration 44: Benign prob = 0.0038
Iteration 45: Benign prob = 0.0039
Iteration 47: Benign prob = 0.0040
Iteration 48: Benign prob = 0.0040
Iteration 57: Benign prob = 0.0042
Iteration 65: Benign prob = 0.0044
Iteration 71: Benign prob = 0.0048
Iteration 73: Benign prob = 0.0051
Iteration 78: Benign prob = 0.0052
Iteration 82: Benign prob = 0.0053
Iteration 84: Benign prob = 0.0054
Iteration 92: Benign prob = 0.0056
Iteration 93: Benign prob = 0.0057
Iteration 95: Benign prob = 0.0060
Iteration 97: Benign prob = 0.0062
Iteration 98: Benign prob = 0.0065
Iteration 106: Benign prob = 0.0069
Iteration 124: Benign prob = 0.0070
Iteration 131: Benign prob = 0.0071
Iteration 138: Benign prob = 0.0071
Iteration 143: Benign prob = 0.0072
Iteration 146: Benign prob = 0.0076
Iteration 147: Benign prob = 0.0080
Iteration 157: Benign prob = 0.0082
Iteration 158: Benign prob = 0.0088
Iteration 163: Benign prob = 0.0088
Iteration 164: Benign prob = 0.0089
Iteration 167: Benign prob = 0.0094
Iteration 168: Benign prob = 0.0097
Iteration 172: Benign prob = 0.0101
Iteration 180: Benign prob = 0.0103
Iteration 185: Benign prob = 0.0110
Iteration 195: Benign prob = 0.0114
Iteration 216: Benign prob = 0.0118
Iteration 220: Benign prob = 0.0121
Iteration 224: Benign prob = 0.0124
Iteration 237: Benign prob = 0.0134
Iteration 244: Benign prob = 0.0148
Iteration 265: Benign prob = 0.0150
Iteration 272: Benign prob = 0.0150
Iteration 306: Benign prob = 0.0154
Iteration 307: Benign prob = 0.0156
Iteration 315: Benign prob = 0.0159
Iteration 319: Benign prob = 0.0166
Iteration 331: Benign prob = 0.0175
Iteration 332: Benign prob = 0.0180
Iteration 344: Benign prob = 0.0181
Iteration 354: Benign prob = 0.0192
Iteration 357: Benign prob = 0.0198
Iteration 361: Benign prob = 0.0209
Iteration 379: Benign prob = 0.0213
Iteration 399: Benign prob = 0.0216
Iteration 407: Benign prob = 0.0223
Iteration 415: Benign prob = 0.0229
Iteration 423: Benign prob = 0.0231
Iteration 436: Benign prob = 0.0237
Iteration 442: Benign prob = 0.0249
Iteration 445: Benign prob = 0.0250
Iteration 479: Benign prob = 0.0255
Iteration 524: Benign prob = 0.0259
Iteration 541: Benign prob = 0.0265
Iteration 567: Benign prob = 0.0266
Iteration 604: Benign prob = 0.0271
Iteration 624: Benign prob = 0.0291
Iteration 667: Benign prob = 0.0293
Iteration 672: Benign prob = 0.0296
Iteration 677: Benign prob = 0.0297
Iteration 688: Benign prob = 0.0309
Iteration 693: Benign prob = 0.0325
Iteration 719: Benign prob = 0.0330
Iteration 727: Benign prob = 0.0341
Iteration 732: Benign prob = 0.0341
Iteration 746: Benign prob = 0.0343
Iteration 762: Benign prob = 0.0356
Iteration 828: Benign prob = 0.0364
Iteration 851: Benign prob = 0.0377
Iteration 885: Benign prob = 0.0378
Iteration 887: Benign prob = 0.0390
Iteration 917: Benign prob = 0.0406
Iteration 938: Benign prob = 0.0406
Iteration 939: Benign prob = 0.0427
Iteration 941: Benign prob = 0.0428
Iteration 979: Benign prob = 0.0448
Iteration 1006: Benign prob = 0.0458
Iteration 1009: Benign prob = 0.0477
Iteration 1034: Benign prob = 0.0477
Iteration 1043: Benign prob = 0.0489
Iteration 1048: Benign prob = 0.0506
Iteration 1062: Benign prob = 0.0512
Iteration 1068: Benign prob = 0.0544
Iteration 1084: Benign prob = 0.0545
Iteration 1086: Benign prob = 0.0547
Iteration 1099: Benign prob = 0.0554
Iteration 1109: Benign prob = 0.0572
Iteration 1124: Benign prob = 0.0581
Iteration 1163: Benign prob = 0.0592
Iteration 1173: Benign prob = 0.0604
Iteration 1191: Benign prob = 0.0612
Iteration 1225: Benign prob = 0.0622
Iteration 1246: Benign prob = 0.0660
Iteration 1260: Benign prob = 0.0668
Iteration 1267: Benign prob = 0.0682
Iteration 1279: Benign prob = 0.0709
Iteration 1322: Benign prob = 0.0767
Iteration 1349: Benign prob = 0.0772
Iteration 1359: Benign prob = 0.0776
Iteration 1363: Benign prob = 0.0791
Iteration 1388: Benign prob = 0.0807
Iteration 1398: Benign prob = 0.0820
Iteration 1401: Benign prob = 0.0866
Iteration 1431: Benign prob = 0.0872
Iteration 1434: Benign prob = 0.0933
Iteration 1465: Benign prob = 0.0951
Iteration 1471: Benign prob = 0.0998
Iteration 1526: Benign prob = 0.1142
Iteration 1550: Benign prob = 0.1156
Iteration 1557: Benign prob = 0.1172
Iteration 1573: Benign prob = 0.1186
Iteration 1604: Benign prob = 0.1192
Iteration 1606: Benign prob = 0.1201
Iteration 1642: Benign prob = 0.1202
Iteration 1645: Benign prob = 0.1228
Iteration 1648: Benign prob = 0.1230
Iteration 1649: Benign prob = 0.1244
Iteration 1655: Benign prob = 0.1261
Iteration 1670: Benign prob = 0.1273
Iteration 1691: Benign prob = 0.1319
Iteration 1731: Benign prob = 0.1339
Iteration 1732: Benign prob = 0.1340
Iteration 1747: Benign prob = 0.1380
Iteration 1767: Benign prob = 0.1385
Iteration 1770: Benign prob = 0.1418
Iteration 1802: Benign prob = 0.1436
Iteration 1805: Benign prob = 0.1469
Iteration 1806: Benign prob = 0.1479
Iteration 1807: Benign prob = 0.1482
Iteration 1810: Benign prob = 0.1493
Iteration 1816: Benign prob = 0.1501
Iteration 1822: Benign prob = 0.1507
Iteration 1823: Benign prob = 0.1589
Iteration 1858: Benign prob = 0.1597
Iteration 1863: Benign prob = 0.1694
Iteration 1885: Benign prob = 0.1702
Iteration 1907: Benign prob = 0.1737
Iteration 1926: Benign prob = 0.1756
Iteration 1929: Benign prob = 0.1847
Iteration 1976: Benign prob = 0.1883
Iteration 1992: Benign prob = 0.1883
Iteration 1998: Benign prob = 0.2044
Iteration 2007: Benign prob = 0.2057
Iteration 2023: Benign prob = 0.2179
Iteration 2027: Benign prob = 0.2242
Iteration 2091: Benign prob = 0.2315
Iteration 2115: Benign prob = 0.2361
Iteration 2142: Benign prob = 0.2362
Iteration 2155: Benign prob = 0.2364
Iteration 2179: Benign prob = 0.2375
Iteration 2224: Benign prob = 0.2394
Iteration 2254: Benign prob = 0.2396
Iteration 2267: Benign prob = 0.2445
Iteration 2273: Benign prob = 0.2445
Iteration 2309: Benign prob = 0.2541
Iteration 2324: Benign prob = 0.2552
Iteration 2343: Benign prob = 0.2561
Iteration 2358: Benign prob = 0.2585
Iteration 2452: Benign prob = 0.2599
Iteration 2464: Benign prob = 0.2645
Iteration 2469: Benign prob = 0.2654
Iteration 2527: Benign prob = 0.2669
Iteration 2528: Benign prob = 0.2683
Iteration 2535: Benign prob = 0.2707
Iteration 2541: Benign prob = 0.2741
Iteration 2543: Benign prob = 0.2743
Iteration 2574: Benign prob = 0.2747
Iteration 2596: Benign prob = 0.2783
Iteration 2624: Benign prob = 0.2822
Iteration 2631: Benign prob = 0.2849
Iteration 2653: Benign prob = 0.2903
Iteration 2656: Benign prob = 0.2930
Iteration 2752: Benign prob = 0.2996
Iteration 2753: Benign prob = 0.3058
Iteration 2766: Benign prob = 0.3076
Iteration 2809: Benign prob = 0.3124
Iteration 2863: Benign prob = 0.3206
Iteration 2955: Benign prob = 0.3237
Iteration 2983: Benign prob = 0.3295
Iteration 2991: Benign prob = 0.3300
Iteration 3000: Benign prob = 0.3378
Iteration 3021: Benign prob = 0.3543
Iteration 3031: Benign prob = 0.3551
Iteration 3042: Benign prob = 0.3569
Iteration 3067: Benign prob = 0.3609
Iteration 3113: Benign prob = 0.3692
Iteration 3125: Benign prob = 0.3707
Iteration 3132: Benign prob = 0.3742
Iteration 3141: Benign prob = 0.3787
Iteration 3162: Benign prob = 0.3865
Iteration 3173: Benign prob = 0.3876
Iteration 3178: Benign prob = 0.3902
Iteration 3182: Benign prob = 0.3911
Iteration 3187: Benign prob = 0.3917
Iteration 3192: Benign prob = 0.3936
Iteration 3203: Benign prob = 0.3981
Iteration 3238: Benign prob = 0.4131
Iteration 3274: Benign prob = 0.4140
Iteration 3288: Benign prob = 0.4148
Iteration 3331: Benign prob = 0.4293
Iteration 3334: Benign prob = 0.4307
Iteration 3351: Benign prob = 0.4327
Iteration 3357: Benign prob = 0.4375
Iteration 3361: Benign prob = 0.4440
Iteration 3449: Benign prob = 0.4528
Iteration 3451: Benign prob = 0.4528
Iteration 3459: Benign prob = 0.4547
Iteration 3469: Benign prob = 0.4563
Iteration 3475: Benign prob = 0.4618
Iteration 3527: Benign prob = 0.4642
Iteration 3566: Benign prob = 0.4759
Iteration 3569: Benign prob = 0.4769
Iteration 3640: Benign prob = 0.4834
Iteration 3670: Benign prob = 0.4856
Iteration 3735: Benign prob = 0.4954
Iteration 3768: Benign prob = 0.5005
Iteration 3773: Benign prob = 0.5036
Iteration 3814: Benign prob = 0.5070
Iteration 3830: Benign prob = 0.5108
Iteration 3832: Benign prob = 0.5120
Iteration 3883: Benign prob = 0.5202
Iteration 4021: Benign prob = 0.5266
Iteration 4102: Benign prob = 0.5325
Iteration 4133: Benign prob = 0.5354
Iteration 4194: Benign prob = 0.5361
Iteration 4204: Benign prob = 0.5420
Iteration 4258: Benign prob = 0.5421
Iteration 4281: Benign prob = 0.5499
Iteration 4333: Benign prob = 0.5502

 Completed Adversarial Image for image 7 in 6.86 minutes.

--- Adversarial Prediction Results for image 7: (/home/users/atodorova/alisa-thesis/malnet-cnn/test/backdoor/golddream/1DD721D9C8694E48486495ADDE74F93D9B1786920322B91296603C2E8F2C4F63.png) ---
Predicted class: 11 (benign)
Confidence     : 0.5502
True class     : 9 (backdoor)


=== [8/10] Creating EA Adversarial Image for /home/users/atodorova/alisa-thesis/malnet-cnn/test/backdoor/golddream/772ED13B87668A0E3311DB5C6C114F3D22367B01389057E8E7614720795BD735.png ===

--- Original Prediction Results ---
Predicted class: 42 (trojan)

Confidence     : 0.4851

True class     : 9 (backdoor)

Target ('benign') class: 11 (benign)

Failed to generate adversarial image in 10000 iterations.

[ERROR] Error to generate adversarial image for 8 (/home/users/atodorova/alisa-thesis/malnet-cnn/test/backdoor/golddream/772ED13B87668A0E3311DB5C6C114F3D22367B01389057E8E7614720795BD735.png): unsupported format string passed to NoneType.__format__


=== [9/10] Creating EA Adversarial Image for /home/users/atodorova/alisa-thesis/malnet-cnn/test/backdoor/golddream/FACB3905D198BF14CE5DD6D1639503C4D01871B92761C0E85C6B66CDEA71D08E.png ===

--- Original Prediction Results ---
Predicted class: 42 (trojan)

Confidence     : 0.4993

True class     : 9 (backdoor)

Target ('benign') class: 11 (benign)

[INFO] Benign class became best class at iteration 1608 with confidence 0.2987!

Targeted adversarial image created in 3754 iterations.
Benign first predicted at iteration 1608 with confidence 0.2987.

Benign probability changes (iteration, prob):
Iteration 0: Benign prob = 0.0021
Iteration 30: Benign prob = 0.0021
Iteration 31: Benign prob = 0.0022
Iteration 35: Benign prob = 0.0023
Iteration 38: Benign prob = 0.0023
Iteration 40: Benign prob = 0.0024
Iteration 41: Benign prob = 0.0026
Iteration 45: Benign prob = 0.0029
Iteration 52: Benign prob = 0.0031
Iteration 54: Benign prob = 0.0032
Iteration 65: Benign prob = 0.0036
Iteration 76: Benign prob = 0.0037
Iteration 77: Benign prob = 0.0038
Iteration 85: Benign prob = 0.0043
Iteration 87: Benign prob = 0.0043
Iteration 99: Benign prob = 0.0044
Iteration 100: Benign prob = 0.0048
Iteration 109: Benign prob = 0.0049
Iteration 121: Benign prob = 0.0051
Iteration 133: Benign prob = 0.0052
Iteration 137: Benign prob = 0.0053
Iteration 138: Benign prob = 0.0058
Iteration 162: Benign prob = 0.0059
Iteration 166: Benign prob = 0.0060
Iteration 171: Benign prob = 0.0061
Iteration 181: Benign prob = 0.0064
Iteration 182: Benign prob = 0.0066
Iteration 194: Benign prob = 0.0066
Iteration 201: Benign prob = 0.0068
Iteration 208: Benign prob = 0.0073
Iteration 209: Benign prob = 0.0075
Iteration 226: Benign prob = 0.0075
Iteration 239: Benign prob = 0.0079
Iteration 244: Benign prob = 0.0081
Iteration 246: Benign prob = 0.0082
Iteration 251: Benign prob = 0.0082
Iteration 253: Benign prob = 0.0084
Iteration 258: Benign prob = 0.0086
Iteration 265: Benign prob = 0.0093
Iteration 270: Benign prob = 0.0097
Iteration 286: Benign prob = 0.0100
Iteration 287: Benign prob = 0.0102
Iteration 288: Benign prob = 0.0105
Iteration 298: Benign prob = 0.0113
Iteration 302: Benign prob = 0.0117
Iteration 314: Benign prob = 0.0119
Iteration 326: Benign prob = 0.0121
Iteration 328: Benign prob = 0.0124
Iteration 331: Benign prob = 0.0126
Iteration 335: Benign prob = 0.0128
Iteration 351: Benign prob = 0.0131
Iteration 352: Benign prob = 0.0134
Iteration 364: Benign prob = 0.0134
Iteration 374: Benign prob = 0.0136
Iteration 387: Benign prob = 0.0137
Iteration 390: Benign prob = 0.0140
Iteration 391: Benign prob = 0.0149
Iteration 411: Benign prob = 0.0151
Iteration 414: Benign prob = 0.0154
Iteration 417: Benign prob = 0.0157
Iteration 420: Benign prob = 0.0158
Iteration 421: Benign prob = 0.0159
Iteration 422: Benign prob = 0.0173
Iteration 429: Benign prob = 0.0177
Iteration 447: Benign prob = 0.0181
Iteration 465: Benign prob = 0.0187
Iteration 486: Benign prob = 0.0189
Iteration 495: Benign prob = 0.0189
Iteration 500: Benign prob = 0.0194
Iteration 503: Benign prob = 0.0203
Iteration 512: Benign prob = 0.0208
Iteration 524: Benign prob = 0.0234
Iteration 530: Benign prob = 0.0245
Iteration 558: Benign prob = 0.0267
Iteration 572: Benign prob = 0.0270
Iteration 580: Benign prob = 0.0276
Iteration 602: Benign prob = 0.0285
Iteration 624: Benign prob = 0.0287
Iteration 637: Benign prob = 0.0291
Iteration 638: Benign prob = 0.0305
Iteration 646: Benign prob = 0.0307
Iteration 657: Benign prob = 0.0312
Iteration 659: Benign prob = 0.0336
Iteration 684: Benign prob = 0.0341
Iteration 689: Benign prob = 0.0356
Iteration 695: Benign prob = 0.0361
Iteration 697: Benign prob = 0.0373
Iteration 698: Benign prob = 0.0417
Iteration 709: Benign prob = 0.0421
Iteration 710: Benign prob = 0.0425
Iteration 718: Benign prob = 0.0447
Iteration 719: Benign prob = 0.0459
Iteration 737: Benign prob = 0.0473
Iteration 741: Benign prob = 0.0475
Iteration 745: Benign prob = 0.0479
Iteration 747: Benign prob = 0.0492
Iteration 756: Benign prob = 0.0494
Iteration 766: Benign prob = 0.0515
Iteration 768: Benign prob = 0.0522
Iteration 779: Benign prob = 0.0540
Iteration 813: Benign prob = 0.0568
Iteration 818: Benign prob = 0.0589
Iteration 854: Benign prob = 0.0600
Iteration 857: Benign prob = 0.0602
Iteration 866: Benign prob = 0.0620
Iteration 873: Benign prob = 0.0626
Iteration 875: Benign prob = 0.0628
Iteration 883: Benign prob = 0.0652
Iteration 884: Benign prob = 0.0671
Iteration 890: Benign prob = 0.0678
Iteration 904: Benign prob = 0.0687
Iteration 924: Benign prob = 0.0728
Iteration 930: Benign prob = 0.0799
Iteration 941: Benign prob = 0.0809
Iteration 945: Benign prob = 0.0819
Iteration 969: Benign prob = 0.0857
Iteration 998: Benign prob = 0.0871
Iteration 1000: Benign prob = 0.0899
Iteration 1012: Benign prob = 0.0902
Iteration 1018: Benign prob = 0.0929
Iteration 1029: Benign prob = 0.0950
Iteration 1038: Benign prob = 0.0954
Iteration 1046: Benign prob = 0.1018
Iteration 1050: Benign prob = 0.1041
Iteration 1073: Benign prob = 0.1042
Iteration 1081: Benign prob = 0.1049
Iteration 1095: Benign prob = 0.1059
Iteration 1098: Benign prob = 0.1131
Iteration 1115: Benign prob = 0.1132
Iteration 1116: Benign prob = 0.1147
Iteration 1124: Benign prob = 0.1283
Iteration 1165: Benign prob = 0.1327
Iteration 1167: Benign prob = 0.1396
Iteration 1172: Benign prob = 0.1402
Iteration 1181: Benign prob = 0.1408
Iteration 1186: Benign prob = 0.1420
Iteration 1194: Benign prob = 0.1435
Iteration 1200: Benign prob = 0.1445
Iteration 1203: Benign prob = 0.1458
Iteration 1217: Benign prob = 0.1479
Iteration 1240: Benign prob = 0.1545
Iteration 1249: Benign prob = 0.1629
Iteration 1250: Benign prob = 0.1662
Iteration 1251: Benign prob = 0.1675
Iteration 1269: Benign prob = 0.1685
Iteration 1283: Benign prob = 0.1703
Iteration 1288: Benign prob = 0.1791
Iteration 1294: Benign prob = 0.1800
Iteration 1311: Benign prob = 0.1801
Iteration 1316: Benign prob = 0.1940
Iteration 1318: Benign prob = 0.1990
Iteration 1342: Benign prob = 0.2014
Iteration 1343: Benign prob = 0.2018
Iteration 1361: Benign prob = 0.2053
Iteration 1381: Benign prob = 0.2087
Iteration 1384: Benign prob = 0.2097
Iteration 1410: Benign prob = 0.2196
Iteration 1420: Benign prob = 0.2250
Iteration 1454: Benign prob = 0.2329
Iteration 1477: Benign prob = 0.2344
Iteration 1488: Benign prob = 0.2368
Iteration 1501: Benign prob = 0.2381
Iteration 1514: Benign prob = 0.2393
Iteration 1534: Benign prob = 0.2492
Iteration 1538: Benign prob = 0.2512
Iteration 1555: Benign prob = 0.2573
Iteration 1565: Benign prob = 0.2605
Iteration 1566: Benign prob = 0.2638
Iteration 1575: Benign prob = 0.2699
Iteration 1578: Benign prob = 0.2703
Iteration 1584: Benign prob = 0.2746
Iteration 1586: Benign prob = 0.2802
Iteration 1596: Benign prob = 0.2883
Iteration 1608: Benign prob = 0.2987
Iteration 1672: Benign prob = 0.3078
Iteration 1684: Benign prob = 0.3102
Iteration 1698: Benign prob = 0.3176
Iteration 1716: Benign prob = 0.3177
Iteration 1735: Benign prob = 0.3207
Iteration 1744: Benign prob = 0.3210
Iteration 1747: Benign prob = 0.3232
Iteration 1762: Benign prob = 0.3307
Iteration 1770: Benign prob = 0.3348
Iteration 1791: Benign prob = 0.3459
Iteration 1834: Benign prob = 0.3461
Iteration 1845: Benign prob = 0.3475
Iteration 1859: Benign prob = 0.3662
Iteration 1943: Benign prob = 0.3766
Iteration 1991: Benign prob = 0.3795
Iteration 2013: Benign prob = 0.3882
Iteration 2030: Benign prob = 0.3911
Iteration 2103: Benign prob = 0.3915
Iteration 2224: Benign prob = 0.3978
Iteration 2270: Benign prob = 0.3979
Iteration 2319: Benign prob = 0.4096
Iteration 2340: Benign prob = 0.4209
Iteration 2365: Benign prob = 0.4256
Iteration 2411: Benign prob = 0.4280
Iteration 2424: Benign prob = 0.4283
Iteration 2432: Benign prob = 0.4317
Iteration 2460: Benign prob = 0.4343
Iteration 2508: Benign prob = 0.4451
Iteration 2621: Benign prob = 0.4581
Iteration 2670: Benign prob = 0.4625
Iteration 2725: Benign prob = 0.4677
Iteration 2798: Benign prob = 0.4688
Iteration 2807: Benign prob = 0.4723
Iteration 2848: Benign prob = 0.4820
Iteration 2919: Benign prob = 0.4823
Iteration 2933: Benign prob = 0.4865
Iteration 3048: Benign prob = 0.4896
Iteration 3064: Benign prob = 0.4900
Iteration 3113: Benign prob = 0.4902
Iteration 3132: Benign prob = 0.4956
Iteration 3267: Benign prob = 0.4987
Iteration 3297: Benign prob = 0.5026
Iteration 3332: Benign prob = 0.5059
Iteration 3349: Benign prob = 0.5068
Iteration 3387: Benign prob = 0.5073
Iteration 3416: Benign prob = 0.5135
Iteration 3503: Benign prob = 0.5183
Iteration 3505: Benign prob = 0.5199
Iteration 3545: Benign prob = 0.5307
Iteration 3566: Benign prob = 0.5311
Iteration 3643: Benign prob = 0.5345
Iteration 3662: Benign prob = 0.5364
Iteration 3679: Benign prob = 0.5365
Iteration 3684: Benign prob = 0.5419
Iteration 3732: Benign prob = 0.5436
Iteration 3740: Benign prob = 0.5485
Iteration 3754: Benign prob = 0.5534

 Completed Adversarial Image for image 9 in 5.99 minutes.

--- Adversarial Prediction Results for image 9: (/home/users/atodorova/alisa-thesis/malnet-cnn/test/backdoor/golddream/FACB3905D198BF14CE5DD6D1639503C4D01871B92761C0E85C6B66CDEA71D08E.png) ---
Predicted class: 11 (benign)
Confidence     : 0.5534
True class     : 9 (backdoor)


=== [10/10] Creating EA Adversarial Image for /home/users/atodorova/alisa-thesis/malnet-cnn/test/backdoor/hupigon/3BFE07135EB705162C6BA16126410F47D22AC713E098DEB786EE192AF519B4B2.png ===

--- Original Prediction Results ---
Predicted class: 4 (adware)

Confidence     : 1.0000

True class     : 9 (backdoor)

Target ('benign') class: 11 (benign)

[INFO] Benign class became best class at iteration 9520 with confidence 0.2838!

Failed to generate adversarial image in 10000 iterations.
Benign first predicted at iteration 9520 with confidence 0.2838.

Benign probability changes (iteration, prob):
Iteration 0: Benign prob = 0.0005
Iteration 1: Benign prob = 0.0006
Iteration 2: Benign prob = 0.0009
Iteration 3: Benign prob = 0.0011
Iteration 4: Benign prob = 0.0013
Iteration 5: Benign prob = 0.0014
Iteration 6: Benign prob = 0.0016
Iteration 7: Benign prob = 0.0018
Iteration 8: Benign prob = 0.0018
Iteration 9: Benign prob = 0.0018
Iteration 10: Benign prob = 0.0022
Iteration 12: Benign prob = 0.0022
Iteration 15: Benign prob = 0.0022
Iteration 16: Benign prob = 0.0023
Iteration 18: Benign prob = 0.0024
Iteration 19: Benign prob = 0.0025
Iteration 20: Benign prob = 0.0026
Iteration 24: Benign prob = 0.0026
Iteration 29: Benign prob = 0.0028
Iteration 41: Benign prob = 0.0028
Iteration 42: Benign prob = 0.0029
Iteration 45: Benign prob = 0.0030
Iteration 48: Benign prob = 0.0030
Iteration 55: Benign prob = 0.0032
Iteration 59: Benign prob = 0.0033
Iteration 67: Benign prob = 0.0034
Iteration 68: Benign prob = 0.0034
Iteration 82: Benign prob = 0.0035
Iteration 84: Benign prob = 0.0036
Iteration 102: Benign prob = 0.0037
Iteration 108: Benign prob = 0.0039
Iteration 130: Benign prob = 0.0039
Iteration 134: Benign prob = 0.0043
Iteration 140: Benign prob = 0.0043
Iteration 150: Benign prob = 0.0044
Iteration 153: Benign prob = 0.0045
Iteration 164: Benign prob = 0.0046
Iteration 170: Benign prob = 0.0047
Iteration 172: Benign prob = 0.0048
Iteration 174: Benign prob = 0.0051
Iteration 186: Benign prob = 0.0052
Iteration 192: Benign prob = 0.0052
Iteration 196: Benign prob = 0.0053
Iteration 217: Benign prob = 0.0054
Iteration 245: Benign prob = 0.0055
Iteration 262: Benign prob = 0.0059
Iteration 313: Benign prob = 0.0059
Iteration 315: Benign prob = 0.0062
Iteration 354: Benign prob = 0.0064
Iteration 392: Benign prob = 0.0066
Iteration 393: Benign prob = 0.0067
Iteration 394: Benign prob = 0.0067
Iteration 396: Benign prob = 0.0067
Iteration 403: Benign prob = 0.0070
Iteration 452: Benign prob = 0.0071
Iteration 455: Benign prob = 0.0073
Iteration 484: Benign prob = 0.0076
Iteration 508: Benign prob = 0.0078
Iteration 529: Benign prob = 0.0079
Iteration 535: Benign prob = 0.0080
Iteration 546: Benign prob = 0.0090
Iteration 554: Benign prob = 0.0090
Iteration 562: Benign prob = 0.0092
Iteration 568: Benign prob = 0.0096
Iteration 571: Benign prob = 0.0096
Iteration 578: Benign prob = 0.0102
Iteration 582: Benign prob = 0.0105
Iteration 603: Benign prob = 0.0110
Iteration 606: Benign prob = 0.0112
Iteration 619: Benign prob = 0.0113
Iteration 634: Benign prob = 0.0116
Iteration 638: Benign prob = 0.0120
Iteration 640: Benign prob = 0.0125
Iteration 649: Benign prob = 0.0126
Iteration 653: Benign prob = 0.0132
Iteration 668: Benign prob = 0.0132
Iteration 669: Benign prob = 0.0136
Iteration 670: Benign prob = 0.0137
Iteration 678: Benign prob = 0.0138
Iteration 682: Benign prob = 0.0142
Iteration 689: Benign prob = 0.0150
Iteration 695: Benign prob = 0.0151
Iteration 708: Benign prob = 0.0153
Iteration 732: Benign prob = 0.0156
Iteration 739: Benign prob = 0.0160
Iteration 752: Benign prob = 0.0163
Iteration 753: Benign prob = 0.0169
Iteration 760: Benign prob = 0.0170
Iteration 766: Benign prob = 0.0173
Iteration 770: Benign prob = 0.0176
Iteration 789: Benign prob = 0.0178
Iteration 795: Benign prob = 0.0192
Iteration 799: Benign prob = 0.0201
Iteration 805: Benign prob = 0.0211
Iteration 845: Benign prob = 0.0219
Iteration 895: Benign prob = 0.0220
Iteration 906: Benign prob = 0.0222
Iteration 918: Benign prob = 0.0229
Iteration 972: Benign prob = 0.0243
Iteration 1066: Benign prob = 0.0244
Iteration 1086: Benign prob = 0.0246
Iteration 1096: Benign prob = 0.0248
Iteration 1098: Benign prob = 0.0257
Iteration 1130: Benign prob = 0.0257
Iteration 1138: Benign prob = 0.0259
Iteration 1139: Benign prob = 0.0269
Iteration 1154: Benign prob = 0.0275
Iteration 1157: Benign prob = 0.0281
Iteration 1211: Benign prob = 0.0283
Iteration 1236: Benign prob = 0.0288
Iteration 1247: Benign prob = 0.0299
Iteration 1314: Benign prob = 0.0307
Iteration 1395: Benign prob = 0.0320
Iteration 1459: Benign prob = 0.0327
Iteration 1480: Benign prob = 0.0329
Iteration 1482: Benign prob = 0.0331
Iteration 1494: Benign prob = 0.0338
Iteration 1516: Benign prob = 0.0339
Iteration 1544: Benign prob = 0.0345
Iteration 1603: Benign prob = 0.0351
Iteration 1607: Benign prob = 0.0355
Iteration 1640: Benign prob = 0.0363
Iteration 1708: Benign prob = 0.0365
Iteration 1720: Benign prob = 0.0369
Iteration 1723: Benign prob = 0.0374
Iteration 1724: Benign prob = 0.0380
Iteration 1792: Benign prob = 0.0381
Iteration 1797: Benign prob = 0.0384
Iteration 1800: Benign prob = 0.0385
Iteration 1850: Benign prob = 0.0391
Iteration 1901: Benign prob = 0.0394
Iteration 1903: Benign prob = 0.0402
Iteration 1932: Benign prob = 0.0404
Iteration 1933: Benign prob = 0.0408
Iteration 1971: Benign prob = 0.0416
Iteration 1981: Benign prob = 0.0437
Iteration 1985: Benign prob = 0.0456
Iteration 2050: Benign prob = 0.0456
Iteration 2078: Benign prob = 0.0459
Iteration 2118: Benign prob = 0.0480
Iteration 2134: Benign prob = 0.0482
Iteration 2148: Benign prob = 0.0485
Iteration 2202: Benign prob = 0.0489
Iteration 2207: Benign prob = 0.0495
Iteration 2228: Benign prob = 0.0499
Iteration 2234: Benign prob = 0.0503
Iteration 2255: Benign prob = 0.0509
Iteration 2288: Benign prob = 0.0512
Iteration 2311: Benign prob = 0.0517
Iteration 2349: Benign prob = 0.0526
Iteration 2361: Benign prob = 0.0528
Iteration 2363: Benign prob = 0.0535
Iteration 2366: Benign prob = 0.0539
Iteration 2401: Benign prob = 0.0545
Iteration 2411: Benign prob = 0.0548
Iteration 2481: Benign prob = 0.0549
Iteration 2486: Benign prob = 0.0551
Iteration 2493: Benign prob = 0.0560
Iteration 2512: Benign prob = 0.0568
Iteration 2565: Benign prob = 0.0570
Iteration 2576: Benign prob = 0.0575
Iteration 2590: Benign prob = 0.0580
Iteration 2616: Benign prob = 0.0583
Iteration 2636: Benign prob = 0.0585
Iteration 2637: Benign prob = 0.0606
Iteration 2678: Benign prob = 0.0608
Iteration 2759: Benign prob = 0.0619
Iteration 2779: Benign prob = 0.0634
Iteration 2836: Benign prob = 0.0640
Iteration 2899: Benign prob = 0.0643
Iteration 2907: Benign prob = 0.0650
Iteration 2959: Benign prob = 0.0651
Iteration 2984: Benign prob = 0.0674
Iteration 2994: Benign prob = 0.0677
Iteration 3101: Benign prob = 0.0706
Iteration 3130: Benign prob = 0.0715
Iteration 3193: Benign prob = 0.0743
Iteration 3234: Benign prob = 0.0744
Iteration 3249: Benign prob = 0.0750
Iteration 3296: Benign prob = 0.0750
Iteration 3318: Benign prob = 0.0779
Iteration 3380: Benign prob = 0.0785
Iteration 3385: Benign prob = 0.0789
Iteration 3388: Benign prob = 0.0792
Iteration 3396: Benign prob = 0.0792
Iteration 3425: Benign prob = 0.0800
Iteration 3438: Benign prob = 0.0809
Iteration 3465: Benign prob = 0.0809
Iteration 3499: Benign prob = 0.0824
Iteration 3556: Benign prob = 0.0835
Iteration 3617: Benign prob = 0.0849
Iteration 3652: Benign prob = 0.0857
Iteration 3663: Benign prob = 0.0857
Iteration 3670: Benign prob = 0.0863
Iteration 3710: Benign prob = 0.0902
Iteration 3761: Benign prob = 0.0905
Iteration 3762: Benign prob = 0.0914
Iteration 3793: Benign prob = 0.0932
Iteration 3947: Benign prob = 0.0943
Iteration 3968: Benign prob = 0.0950
Iteration 4002: Benign prob = 0.0965
Iteration 4023: Benign prob = 0.0973
Iteration 4084: Benign prob = 0.0994
Iteration 4123: Benign prob = 0.1001
Iteration 4277: Benign prob = 0.1012
Iteration 4283: Benign prob = 0.1042
Iteration 4328: Benign prob = 0.1053
Iteration 4370: Benign prob = 0.1091
Iteration 4393: Benign prob = 0.1102
Iteration 4454: Benign prob = 0.1103
Iteration 4492: Benign prob = 0.1107
Iteration 4526: Benign prob = 0.1131
Iteration 4635: Benign prob = 0.1152
Iteration 4717: Benign prob = 0.1154
Iteration 4814: Benign prob = 0.1197
Iteration 4890: Benign prob = 0.1201
Iteration 4893: Benign prob = 0.1211
Iteration 4894: Benign prob = 0.1215
Iteration 4897: Benign prob = 0.1217
Iteration 4994: Benign prob = 0.1218
Iteration 5007: Benign prob = 0.1224
Iteration 5033: Benign prob = 0.1232
Iteration 5051: Benign prob = 0.1236
Iteration 5126: Benign prob = 0.1248
Iteration 5161: Benign prob = 0.1256
Iteration 5173: Benign prob = 0.1282
Iteration 5257: Benign prob = 0.1283
Iteration 5283: Benign prob = 0.1290
Iteration 5289: Benign prob = 0.1307
Iteration 5334: Benign prob = 0.1320
Iteration 5369: Benign prob = 0.1339
Iteration 5379: Benign prob = 0.1343
Iteration 5434: Benign prob = 0.1344
Iteration 5475: Benign prob = 0.1389
Iteration 5577: Benign prob = 0.1418
Iteration 5619: Benign prob = 0.1421
Iteration 5777: Benign prob = 0.1438
Iteration 5832: Benign prob = 0.1463
Iteration 5856: Benign prob = 0.1483
Iteration 5857: Benign prob = 0.1497
Iteration 5871: Benign prob = 0.1512
Iteration 5903: Benign prob = 0.1528
Iteration 6001: Benign prob = 0.1548
Iteration 6039: Benign prob = 0.1567
Iteration 6085: Benign prob = 0.1596
Iteration 6132: Benign prob = 0.1616
Iteration 6174: Benign prob = 0.1631
Iteration 6198: Benign prob = 0.1638
Iteration 6245: Benign prob = 0.1644
Iteration 6287: Benign prob = 0.1654
Iteration 6308: Benign prob = 0.1690
Iteration 6313: Benign prob = 0.1731
Iteration 6399: Benign prob = 0.1752
Iteration 6426: Benign prob = 0.1784
Iteration 6427: Benign prob = 0.1794
Iteration 6443: Benign prob = 0.1834
Iteration 6491: Benign prob = 0.1854
Iteration 6507: Benign prob = 0.1861
Iteration 6609: Benign prob = 0.1862
Iteration 6670: Benign prob = 0.1871
Iteration 6686: Benign prob = 0.1882
Iteration 6789: Benign prob = 0.1908
Iteration 6860: Benign prob = 0.1911
Iteration 6956: Benign prob = 0.1945
Iteration 6958: Benign prob = 0.1949
Iteration 6977: Benign prob = 0.1985
Iteration 7161: Benign prob = 0.1990
Iteration 7208: Benign prob = 0.2021
Iteration 7219: Benign prob = 0.2033
Iteration 7222: Benign prob = 0.2070
Iteration 7244: Benign prob = 0.2077
Iteration 7259: Benign prob = 0.2084
Iteration 7284: Benign prob = 0.2090
Iteration 7304: Benign prob = 0.2097
Iteration 7415: Benign prob = 0.2117
Iteration 7561: Benign prob = 0.2129
Iteration 7612: Benign prob = 0.2139
Iteration 7615: Benign prob = 0.2148
Iteration 7626: Benign prob = 0.2149
Iteration 7652: Benign prob = 0.2152
Iteration 7737: Benign prob = 0.2170
Iteration 8003: Benign prob = 0.2170
Iteration 8004: Benign prob = 0.2172
Iteration 8019: Benign prob = 0.2208
Iteration 8066: Benign prob = 0.2212
Iteration 8128: Benign prob = 0.2228
Iteration 8271: Benign prob = 0.2242
Iteration 8287: Benign prob = 0.2274
Iteration 8296: Benign prob = 0.2279
Iteration 8462: Benign prob = 0.2280
Iteration 8490: Benign prob = 0.2322
Iteration 8626: Benign prob = 0.2361
Iteration 8761: Benign prob = 0.2377
Iteration 8796: Benign prob = 0.2487
Iteration 8801: Benign prob = 0.2511
Iteration 8813: Benign prob = 0.2524
Iteration 8887: Benign prob = 0.2535
Iteration 8935: Benign prob = 0.2544
Iteration 8936: Benign prob = 0.2547
Iteration 8945: Benign prob = 0.2559
Iteration 9019: Benign prob = 0.2580
Iteration 9023: Benign prob = 0.2596
Iteration 9037: Benign prob = 0.2613
Iteration 9111: Benign prob = 0.2689
Iteration 9222: Benign prob = 0.2742
Iteration 9264: Benign prob = 0.2773
Iteration 9379: Benign prob = 0.2805
Iteration 9482: Benign prob = 0.2826
Iteration 9520: Benign prob = 0.2838
Iteration 9544: Benign prob = 0.2867
Iteration 9597: Benign prob = 0.2924
Iteration 9655: Benign prob = 0.2948
Iteration 9746: Benign prob = 0.2954
Iteration 9803: Benign prob = 0.2985
Iteration 9892: Benign prob = 0.2988
Iteration 9918: Benign prob = 0.3000

 Completed Adversarial Image for image 10 in 15.85 minutes.

--- Adversarial Prediction Results for image 10: (/home/users/atodorova/alisa-thesis/malnet-cnn/test/backdoor/hupigon/3BFE07135EB705162C6BA16126410F47D22AC713E098DEB786EE192AF519B4B2.png) ---
Predicted class: 42 (trojan)
Confidence     : 0.3335
True class     : 9 (backdoor)
