Available CUDA devices: 1
Using device: cuda:0
Device name: NVIDIA GeForce RTX 4060 Ti
Using 1 GPUs.


=== [1/10] Creating EA Adversarial Image for C:\Users\Boss\Downloads\malnet-images\test\adware++grayware++virus\artemis\3E49D863921A32E6CF3A894BCA97FFBF55E54A0E3205DB51EB0487266E8D4085.png ===

--- Original Prediction Results ---
Predicted class: 15 (clickfraud++riskware)

Confidence     : 0.3131

True class     : 6 (adware++grayware++virus)

Target ('benign') class: 11 (benign)

[INFO] Benign class became best class at iteration 911 with confidence 0.3508!

Targeted adversarial image created in 1523 iterations.
Benign first predicted at iteration 911 with confidence 0.3508.

Benign probability changes (iteration, prob):
Iteration 0: Benign prob = 0.0007
Iteration 3: Benign prob = 0.0008
Iteration 4: Benign prob = 0.0009
Iteration 5: Benign prob = 0.0011
Iteration 6: Benign prob = 0.0015
Iteration 7: Benign prob = 0.0019
Iteration 8: Benign prob = 0.0019
Iteration 9: Benign prob = 0.0020
Iteration 12: Benign prob = 0.0021
Iteration 14: Benign prob = 0.0022
Iteration 15: Benign prob = 0.0022
Iteration 16: Benign prob = 0.0024
Iteration 20: Benign prob = 0.0026
Iteration 23: Benign prob = 0.0028
Iteration 24: Benign prob = 0.0028
Iteration 25: Benign prob = 0.0029
Iteration 27: Benign prob = 0.0030
Iteration 28: Benign prob = 0.0032
Iteration 31: Benign prob = 0.0032
Iteration 35: Benign prob = 0.0034
Iteration 36: Benign prob = 0.0035
Iteration 37: Benign prob = 0.0036
Iteration 38: Benign prob = 0.0038
Iteration 39: Benign prob = 0.0043
Iteration 41: Benign prob = 0.0046
Iteration 43: Benign prob = 0.0047
Iteration 45: Benign prob = 0.0051
Iteration 46: Benign prob = 0.0058
Iteration 47: Benign prob = 0.0059
Iteration 48: Benign prob = 0.0069
Iteration 51: Benign prob = 0.0076
Iteration 53: Benign prob = 0.0091
Iteration 55: Benign prob = 0.0096
Iteration 60: Benign prob = 0.0100
Iteration 63: Benign prob = 0.0114
Iteration 66: Benign prob = 0.0119
Iteration 67: Benign prob = 0.0121
Iteration 70: Benign prob = 0.0161
Iteration 75: Benign prob = 0.0164
Iteration 77: Benign prob = 0.0186
Iteration 80: Benign prob = 0.0195
Iteration 82: Benign prob = 0.0216
Iteration 84: Benign prob = 0.0221
Iteration 88: Benign prob = 0.0240
Iteration 93: Benign prob = 0.0241
Iteration 95: Benign prob = 0.0265
Iteration 97: Benign prob = 0.0276
Iteration 101: Benign prob = 0.0291
Iteration 102: Benign prob = 0.0314
Iteration 104: Benign prob = 0.0327
Iteration 105: Benign prob = 0.0330
Iteration 108: Benign prob = 0.0347
Iteration 109: Benign prob = 0.0350
Iteration 110: Benign prob = 0.0353
Iteration 114: Benign prob = 0.0380
Iteration 115: Benign prob = 0.0442
Iteration 118: Benign prob = 0.0467
Iteration 126: Benign prob = 0.0536
Iteration 127: Benign prob = 0.0544
Iteration 138: Benign prob = 0.0576
Iteration 139: Benign prob = 0.0603
Iteration 145: Benign prob = 0.0662
Iteration 146: Benign prob = 0.0668
Iteration 147: Benign prob = 0.0713
Iteration 151: Benign prob = 0.0755
Iteration 154: Benign prob = 0.0783
Iteration 159: Benign prob = 0.0824
Iteration 160: Benign prob = 0.0921
Iteration 162: Benign prob = 0.0922
Iteration 168: Benign prob = 0.0984
Iteration 171: Benign prob = 0.0990
Iteration 172: Benign prob = 0.1036
Iteration 174: Benign prob = 0.1149
Iteration 178: Benign prob = 0.1184
Iteration 180: Benign prob = 0.1193
Iteration 194: Benign prob = 0.1299
Iteration 211: Benign prob = 0.1365
Iteration 223: Benign prob = 0.1369
Iteration 228: Benign prob = 0.1432
Iteration 229: Benign prob = 0.1579
Iteration 252: Benign prob = 0.1654
Iteration 298: Benign prob = 0.1733
Iteration 302: Benign prob = 0.1788
Iteration 321: Benign prob = 0.1881
Iteration 340: Benign prob = 0.1908
Iteration 358: Benign prob = 0.2106
Iteration 360: Benign prob = 0.2125
Iteration 378: Benign prob = 0.2213
Iteration 381: Benign prob = 0.2293
Iteration 427: Benign prob = 0.2310
Iteration 444: Benign prob = 0.2343
Iteration 451: Benign prob = 0.2365
Iteration 466: Benign prob = 0.2471
Iteration 491: Benign prob = 0.2484
Iteration 502: Benign prob = 0.2495
Iteration 506: Benign prob = 0.2632
Iteration 514: Benign prob = 0.2701
Iteration 525: Benign prob = 0.2738
Iteration 559: Benign prob = 0.2771
Iteration 602: Benign prob = 0.2890
Iteration 616: Benign prob = 0.3001
Iteration 623: Benign prob = 0.3022
Iteration 630: Benign prob = 0.3085
Iteration 660: Benign prob = 0.3107
Iteration 696: Benign prob = 0.3128
Iteration 702: Benign prob = 0.3157
Iteration 743: Benign prob = 0.3191
Iteration 778: Benign prob = 0.3214
Iteration 779: Benign prob = 0.3283
Iteration 803: Benign prob = 0.3293
Iteration 864: Benign prob = 0.3358
Iteration 873: Benign prob = 0.3405
Iteration 879: Benign prob = 0.3421
Iteration 884: Benign prob = 0.3448
Iteration 911: Benign prob = 0.3508
Iteration 919: Benign prob = 0.3530
Iteration 945: Benign prob = 0.3540
Iteration 961: Benign prob = 0.3627
Iteration 1012: Benign prob = 0.3682
Iteration 1046: Benign prob = 0.3769
Iteration 1047: Benign prob = 0.3812
Iteration 1063: Benign prob = 0.3899
Iteration 1072: Benign prob = 0.3988
Iteration 1073: Benign prob = 0.4085
Iteration 1077: Benign prob = 0.4092
Iteration 1087: Benign prob = 0.4141
Iteration 1104: Benign prob = 0.4344
Iteration 1147: Benign prob = 0.4371
Iteration 1157: Benign prob = 0.4387
Iteration 1192: Benign prob = 0.4563
Iteration 1215: Benign prob = 0.4609
Iteration 1216: Benign prob = 0.4642
Iteration 1226: Benign prob = 0.4663
Iteration 1261: Benign prob = 0.4678
Iteration 1272: Benign prob = 0.4736
Iteration 1280: Benign prob = 0.4736
Iteration 1325: Benign prob = 0.4754
Iteration 1339: Benign prob = 0.4943
Iteration 1360: Benign prob = 0.4944
Iteration 1374: Benign prob = 0.4963
Iteration 1375: Benign prob = 0.5038
Iteration 1382: Benign prob = 0.5044
Iteration 1385: Benign prob = 0.5073
Iteration 1390: Benign prob = 0.5128
Iteration 1419: Benign prob = 0.5172
Iteration 1429: Benign prob = 0.5226
Iteration 1443: Benign prob = 0.5244
Iteration 1477: Benign prob = 0.5269
Iteration 1485: Benign prob = 0.5387
Iteration 1490: Benign prob = 0.5408
Iteration 1523: Benign prob = 0.5568

 Completed Adversarial Image for image 1 in 4.83 minutes.

--- Adversarial Prediction Results for image 1: (C:\Users\Boss\Downloads\malnet-images\test\adware++grayware++virus\artemis\3E49D863921A32E6CF3A894BCA97FFBF55E54A0E3205DB51EB0487266E8D4085.png) ---
Predicted class: 11 (benign)
Confidence     : 0.5549
True class     : 6 (adware++grayware++virus)


=== [2/10] Creating EA Adversarial Image for C:\Users\Boss\Downloads\malnet-images\test\adware++grayware++virus\artemis\50F18F07DAA718D6785767B07B1F707CD90A1E0725A00DCF4E4A2B2FE7D7924E.png ===

--- Original Prediction Results ---
Predicted class: 15 (clickfraud++riskware)

Confidence     : 0.6263

True class     : 6 (adware++grayware++virus)

Target ('benign') class: 11 (benign)

[INFO] Benign class became best class at iteration 4177 with confidence 0.2742!

Targeted adversarial image created in 5961 iterations.
Benign first predicted at iteration 4177 with confidence 0.2742.

Benign probability changes (iteration, prob):
Iteration 0: Benign prob = 0.0003
Iteration 1: Benign prob = 0.0006
Iteration 2: Benign prob = 0.0007
Iteration 3: Benign prob = 0.0009
Iteration 4: Benign prob = 0.0010
Iteration 5: Benign prob = 0.0011
Iteration 6: Benign prob = 0.0011
Iteration 7: Benign prob = 0.0013
Iteration 8: Benign prob = 0.0016
Iteration 10: Benign prob = 0.0016
Iteration 11: Benign prob = 0.0017
Iteration 12: Benign prob = 0.0018
Iteration 14: Benign prob = 0.0019
Iteration 17: Benign prob = 0.0020
Iteration 18: Benign prob = 0.0021
Iteration 20: Benign prob = 0.0021
Iteration 21: Benign prob = 0.0021
Iteration 22: Benign prob = 0.0022
Iteration 24: Benign prob = 0.0023
Iteration 25: Benign prob = 0.0024
Iteration 29: Benign prob = 0.0027
Iteration 38: Benign prob = 0.0028
Iteration 40: Benign prob = 0.0033
Iteration 47: Benign prob = 0.0034
Iteration 49: Benign prob = 0.0037
Iteration 58: Benign prob = 0.0037
Iteration 59: Benign prob = 0.0037
Iteration 60: Benign prob = 0.0037
Iteration 62: Benign prob = 0.0040
Iteration 64: Benign prob = 0.0041
Iteration 67: Benign prob = 0.0045
Iteration 71: Benign prob = 0.0049
Iteration 73: Benign prob = 0.0050
Iteration 75: Benign prob = 0.0051
Iteration 94: Benign prob = 0.0052
Iteration 98: Benign prob = 0.0058
Iteration 111: Benign prob = 0.0058
Iteration 113: Benign prob = 0.0062
Iteration 122: Benign prob = 0.0063
Iteration 123: Benign prob = 0.0066
Iteration 124: Benign prob = 0.0067
Iteration 129: Benign prob = 0.0067
Iteration 130: Benign prob = 0.0069
Iteration 131: Benign prob = 0.0071
Iteration 132: Benign prob = 0.0076
Iteration 133: Benign prob = 0.0078
Iteration 134: Benign prob = 0.0082
Iteration 143: Benign prob = 0.0084
Iteration 146: Benign prob = 0.0085
Iteration 152: Benign prob = 0.0086
Iteration 156: Benign prob = 0.0088
Iteration 157: Benign prob = 0.0090
Iteration 160: Benign prob = 0.0091
Iteration 165: Benign prob = 0.0093
Iteration 171: Benign prob = 0.0093
Iteration 173: Benign prob = 0.0094
Iteration 175: Benign prob = 0.0095
Iteration 184: Benign prob = 0.0096
Iteration 195: Benign prob = 0.0100
Iteration 198: Benign prob = 0.0107
Iteration 205: Benign prob = 0.0112
Iteration 216: Benign prob = 0.0114
Iteration 226: Benign prob = 0.0119
Iteration 233: Benign prob = 0.0122
Iteration 239: Benign prob = 0.0125
Iteration 244: Benign prob = 0.0130
Iteration 246: Benign prob = 0.0134
Iteration 288: Benign prob = 0.0136
Iteration 294: Benign prob = 0.0138
Iteration 298: Benign prob = 0.0140
Iteration 325: Benign prob = 0.0142
Iteration 331: Benign prob = 0.0145
Iteration 332: Benign prob = 0.0148
Iteration 343: Benign prob = 0.0151
Iteration 380: Benign prob = 0.0153
Iteration 381: Benign prob = 0.0155
Iteration 389: Benign prob = 0.0156
Iteration 402: Benign prob = 0.0161
Iteration 405: Benign prob = 0.0162
Iteration 415: Benign prob = 0.0164
Iteration 433: Benign prob = 0.0166
Iteration 483: Benign prob = 0.0167
Iteration 485: Benign prob = 0.0167
Iteration 486: Benign prob = 0.0172
Iteration 502: Benign prob = 0.0175
Iteration 519: Benign prob = 0.0188
Iteration 530: Benign prob = 0.0196
Iteration 532: Benign prob = 0.0198
Iteration 542: Benign prob = 0.0200
Iteration 550: Benign prob = 0.0207
Iteration 569: Benign prob = 0.0208
Iteration 581: Benign prob = 0.0212
Iteration 589: Benign prob = 0.0214
Iteration 599: Benign prob = 0.0217
Iteration 608: Benign prob = 0.0222
Iteration 632: Benign prob = 0.0222
Iteration 692: Benign prob = 0.0224
Iteration 712: Benign prob = 0.0231
Iteration 726: Benign prob = 0.0236
Iteration 739: Benign prob = 0.0236
Iteration 764: Benign prob = 0.0240
Iteration 782: Benign prob = 0.0249
Iteration 830: Benign prob = 0.0256
Iteration 859: Benign prob = 0.0264
Iteration 878: Benign prob = 0.0272
Iteration 891: Benign prob = 0.0276
Iteration 893: Benign prob = 0.0280
Iteration 943: Benign prob = 0.0306
Iteration 952: Benign prob = 0.0308
Iteration 956: Benign prob = 0.0312
Iteration 959: Benign prob = 0.0317
Iteration 972: Benign prob = 0.0324
Iteration 995: Benign prob = 0.0338
Iteration 999: Benign prob = 0.0339
Iteration 1041: Benign prob = 0.0348
Iteration 1089: Benign prob = 0.0353
Iteration 1108: Benign prob = 0.0360
Iteration 1120: Benign prob = 0.0375
Iteration 1134: Benign prob = 0.0377
Iteration 1150: Benign prob = 0.0378
Iteration 1164: Benign prob = 0.0401
Iteration 1182: Benign prob = 0.0402
Iteration 1186: Benign prob = 0.0410
Iteration 1197: Benign prob = 0.0413
Iteration 1202: Benign prob = 0.0420
Iteration 1209: Benign prob = 0.0429
Iteration 1214: Benign prob = 0.0453
Iteration 1226: Benign prob = 0.0461
Iteration 1255: Benign prob = 0.0482
Iteration 1305: Benign prob = 0.0482
Iteration 1306: Benign prob = 0.0485
Iteration 1317: Benign prob = 0.0507
Iteration 1318: Benign prob = 0.0519
Iteration 1330: Benign prob = 0.0536
Iteration 1379: Benign prob = 0.0548
Iteration 1396: Benign prob = 0.0553
Iteration 1425: Benign prob = 0.0565
Iteration 1512: Benign prob = 0.0571
Iteration 1535: Benign prob = 0.0571
Iteration 1557: Benign prob = 0.0575
Iteration 1568: Benign prob = 0.0579
Iteration 1589: Benign prob = 0.0589
Iteration 1591: Benign prob = 0.0594
Iteration 1612: Benign prob = 0.0605
Iteration 1650: Benign prob = 0.0612
Iteration 1659: Benign prob = 0.0617
Iteration 1676: Benign prob = 0.0635
Iteration 1716: Benign prob = 0.0639
Iteration 1717: Benign prob = 0.0641
Iteration 1718: Benign prob = 0.0646
Iteration 1762: Benign prob = 0.0653
Iteration 1770: Benign prob = 0.0660
Iteration 1781: Benign prob = 0.0664
Iteration 1788: Benign prob = 0.0673
Iteration 1804: Benign prob = 0.0674
Iteration 1841: Benign prob = 0.0691
Iteration 1852: Benign prob = 0.0691
Iteration 1885: Benign prob = 0.0721
Iteration 1916: Benign prob = 0.0747
Iteration 1931: Benign prob = 0.0751
Iteration 1957: Benign prob = 0.0761
Iteration 1996: Benign prob = 0.0774
Iteration 2023: Benign prob = 0.0786
Iteration 2032: Benign prob = 0.0791
Iteration 2107: Benign prob = 0.0800
Iteration 2225: Benign prob = 0.0815
Iteration 2230: Benign prob = 0.0837
Iteration 2351: Benign prob = 0.0837
Iteration 2397: Benign prob = 0.0855
Iteration 2518: Benign prob = 0.0869
Iteration 2577: Benign prob = 0.0902
Iteration 2610: Benign prob = 0.0947
Iteration 2702: Benign prob = 0.0955
Iteration 2723: Benign prob = 0.0965
Iteration 2753: Benign prob = 0.0984
Iteration 2754: Benign prob = 0.0994
Iteration 2766: Benign prob = 0.0997
Iteration 2770: Benign prob = 0.0998
Iteration 2775: Benign prob = 0.1008
Iteration 2779: Benign prob = 0.1023
Iteration 2798: Benign prob = 0.1033
Iteration 2805: Benign prob = 0.1070
Iteration 2828: Benign prob = 0.1079
Iteration 2834: Benign prob = 0.1125
Iteration 2877: Benign prob = 0.1127
Iteration 2901: Benign prob = 0.1134
Iteration 2908: Benign prob = 0.1139
Iteration 2918: Benign prob = 0.1151
Iteration 2949: Benign prob = 0.1164
Iteration 2965: Benign prob = 0.1217
Iteration 2993: Benign prob = 0.1226
Iteration 3026: Benign prob = 0.1285
Iteration 3042: Benign prob = 0.1292
Iteration 3074: Benign prob = 0.1295
Iteration 3075: Benign prob = 0.1340
Iteration 3160: Benign prob = 0.1359
Iteration 3178: Benign prob = 0.1361
Iteration 3180: Benign prob = 0.1373
Iteration 3182: Benign prob = 0.1385
Iteration 3204: Benign prob = 0.1402
Iteration 3219: Benign prob = 0.1414
Iteration 3250: Benign prob = 0.1466
Iteration 3293: Benign prob = 0.1501
Iteration 3296: Benign prob = 0.1504
Iteration 3322: Benign prob = 0.1517
Iteration 3323: Benign prob = 0.1521
Iteration 3336: Benign prob = 0.1530
Iteration 3365: Benign prob = 0.1588
Iteration 3372: Benign prob = 0.1604
Iteration 3387: Benign prob = 0.1605
Iteration 3455: Benign prob = 0.1610
Iteration 3474: Benign prob = 0.1640
Iteration 3476: Benign prob = 0.1687
Iteration 3486: Benign prob = 0.1714
Iteration 3496: Benign prob = 0.1753
Iteration 3533: Benign prob = 0.1765
Iteration 3535: Benign prob = 0.1771
Iteration 3537: Benign prob = 0.1796
Iteration 3597: Benign prob = 0.1817
Iteration 3598: Benign prob = 0.1842
Iteration 3663: Benign prob = 0.1916
Iteration 3698: Benign prob = 0.1929
Iteration 3703: Benign prob = 0.1955
Iteration 3787: Benign prob = 0.2021
Iteration 3845: Benign prob = 0.2054
Iteration 3858: Benign prob = 0.2074
Iteration 3887: Benign prob = 0.2078
Iteration 3900: Benign prob = 0.2143
Iteration 3910: Benign prob = 0.2157
Iteration 3918: Benign prob = 0.2194
Iteration 3939: Benign prob = 0.2312
Iteration 3955: Benign prob = 0.2363
Iteration 3997: Benign prob = 0.2403
Iteration 4008: Benign prob = 0.2499
Iteration 4038: Benign prob = 0.2524
Iteration 4054: Benign prob = 0.2647
Iteration 4177: Benign prob = 0.2742
Iteration 4217: Benign prob = 0.2752
Iteration 4230: Benign prob = 0.2861
Iteration 4245: Benign prob = 0.2869
Iteration 4254: Benign prob = 0.2924
Iteration 4283: Benign prob = 0.3091
Iteration 4339: Benign prob = 0.3094
Iteration 4343: Benign prob = 0.3131
Iteration 4358: Benign prob = 0.3142
Iteration 4413: Benign prob = 0.3147
Iteration 4414: Benign prob = 0.3163
Iteration 4455: Benign prob = 0.3165
Iteration 4466: Benign prob = 0.3173
Iteration 4550: Benign prob = 0.3175
Iteration 4604: Benign prob = 0.3183
Iteration 4632: Benign prob = 0.3255
Iteration 4701: Benign prob = 0.3274
Iteration 4720: Benign prob = 0.3307
Iteration 4721: Benign prob = 0.3322
Iteration 4724: Benign prob = 0.3374
Iteration 4794: Benign prob = 0.3399
Iteration 4807: Benign prob = 0.3432
Iteration 4828: Benign prob = 0.3455
Iteration 4834: Benign prob = 0.3456
Iteration 4839: Benign prob = 0.3562
Iteration 4945: Benign prob = 0.3571
Iteration 4951: Benign prob = 0.3573
Iteration 4953: Benign prob = 0.3585
Iteration 4956: Benign prob = 0.3587
Iteration 4983: Benign prob = 0.3684
Iteration 4989: Benign prob = 0.3708
Iteration 4999: Benign prob = 0.3731
Iteration 5010: Benign prob = 0.3876
Iteration 5127: Benign prob = 0.3911
Iteration 5168: Benign prob = 0.4010
Iteration 5178: Benign prob = 0.4023
Iteration 5188: Benign prob = 0.4069
Iteration 5221: Benign prob = 0.4131
Iteration 5233: Benign prob = 0.4164
Iteration 5274: Benign prob = 0.4186
Iteration 5282: Benign prob = 0.4208
Iteration 5295: Benign prob = 0.4219
Iteration 5336: Benign prob = 0.4340
Iteration 5339: Benign prob = 0.4411
Iteration 5364: Benign prob = 0.4452
Iteration 5368: Benign prob = 0.4460
Iteration 5385: Benign prob = 0.4469
Iteration 5446: Benign prob = 0.4536
Iteration 5491: Benign prob = 0.4547
Iteration 5494: Benign prob = 0.4594
Iteration 5548: Benign prob = 0.4616
Iteration 5551: Benign prob = 0.4725
Iteration 5612: Benign prob = 0.4815
Iteration 5674: Benign prob = 0.4921
Iteration 5749: Benign prob = 0.4948
Iteration 5770: Benign prob = 0.5027
Iteration 5830: Benign prob = 0.5041
Iteration 5832: Benign prob = 0.5164
Iteration 5906: Benign prob = 0.5199
Iteration 5931: Benign prob = 0.5275
Iteration 5936: Benign prob = 0.5360
Iteration 5961: Benign prob = 0.5508

 Completed Adversarial Image for image 2 in 17.79 minutes.

--- Adversarial Prediction Results for image 2: (C:\Users\Boss\Downloads\malnet-images\test\adware++grayware++virus\artemis\50F18F07DAA718D6785767B07B1F707CD90A1E0725A00DCF4E4A2B2FE7D7924E.png) ---
Predicted class: 11 (benign)
Confidence     : 0.5511
True class     : 6 (adware++grayware++virus)


=== [3/10] Creating EA Adversarial Image for C:\Users\Boss\Downloads\malnet-images\test\adware++grayware++virus\dowgin\3A1D968F107561ADE29D9CBF7B54B7DA9312CC9A27DDE0B8D5C450134A5C7CE9.png ===

--- Original Prediction Results ---
Predicted class: 42 (trojan)

Confidence     : 0.3532

True class     : 6 (adware++grayware++virus)

Target ('benign') class: 11 (benign)

[INFO] Benign class became best class at iteration 5350 with confidence 0.3445!

Targeted adversarial image created in 8007 iterations.
Benign first predicted at iteration 5350 with confidence 0.3445.

Benign probability changes (iteration, prob):
Iteration 0: Benign prob = 0.0007
Iteration 3: Benign prob = 0.0009
Iteration 4: Benign prob = 0.0009
Iteration 5: Benign prob = 0.0010
Iteration 6: Benign prob = 0.0012
Iteration 7: Benign prob = 0.0015
Iteration 8: Benign prob = 0.0017
Iteration 10: Benign prob = 0.0019
Iteration 12: Benign prob = 0.0019
Iteration 14: Benign prob = 0.0019
Iteration 18: Benign prob = 0.0020
Iteration 19: Benign prob = 0.0020
Iteration 22: Benign prob = 0.0021
Iteration 24: Benign prob = 0.0021
Iteration 27: Benign prob = 0.0021
Iteration 29: Benign prob = 0.0022
Iteration 30: Benign prob = 0.0023
Iteration 33: Benign prob = 0.0026
Iteration 35: Benign prob = 0.0028
Iteration 37: Benign prob = 0.0029
Iteration 43: Benign prob = 0.0029
Iteration 46: Benign prob = 0.0034
Iteration 61: Benign prob = 0.0036
Iteration 68: Benign prob = 0.0037
Iteration 74: Benign prob = 0.0037
Iteration 75: Benign prob = 0.0038
Iteration 81: Benign prob = 0.0039
Iteration 84: Benign prob = 0.0044
Iteration 85: Benign prob = 0.0047
Iteration 99: Benign prob = 0.0047
Iteration 102: Benign prob = 0.0049
Iteration 104: Benign prob = 0.0051
Iteration 106: Benign prob = 0.0055
Iteration 118: Benign prob = 0.0056
Iteration 123: Benign prob = 0.0056
Iteration 126: Benign prob = 0.0056
Iteration 136: Benign prob = 0.0058
Iteration 141: Benign prob = 0.0058
Iteration 143: Benign prob = 0.0060
Iteration 146: Benign prob = 0.0062
Iteration 153: Benign prob = 0.0062
Iteration 157: Benign prob = 0.0063
Iteration 159: Benign prob = 0.0064
Iteration 162: Benign prob = 0.0064
Iteration 163: Benign prob = 0.0072
Iteration 197: Benign prob = 0.0074
Iteration 220: Benign prob = 0.0075
Iteration 222: Benign prob = 0.0079
Iteration 231: Benign prob = 0.0082
Iteration 233: Benign prob = 0.0088
Iteration 244: Benign prob = 0.0097
Iteration 253: Benign prob = 0.0097
Iteration 256: Benign prob = 0.0102
Iteration 266: Benign prob = 0.0103
Iteration 282: Benign prob = 0.0106
Iteration 285: Benign prob = 0.0106
Iteration 296: Benign prob = 0.0106
Iteration 299: Benign prob = 0.0114
Iteration 318: Benign prob = 0.0116
Iteration 322: Benign prob = 0.0117
Iteration 339: Benign prob = 0.0120
Iteration 340: Benign prob = 0.0127
Iteration 344: Benign prob = 0.0129
Iteration 346: Benign prob = 0.0129
Iteration 354: Benign prob = 0.0131
Iteration 358: Benign prob = 0.0134
Iteration 369: Benign prob = 0.0137
Iteration 395: Benign prob = 0.0138
Iteration 397: Benign prob = 0.0140
Iteration 407: Benign prob = 0.0140
Iteration 412: Benign prob = 0.0142
Iteration 432: Benign prob = 0.0153
Iteration 436: Benign prob = 0.0153
Iteration 456: Benign prob = 0.0160
Iteration 485: Benign prob = 0.0163
Iteration 493: Benign prob = 0.0169
Iteration 517: Benign prob = 0.0179
Iteration 537: Benign prob = 0.0183
Iteration 549: Benign prob = 0.0191
Iteration 551: Benign prob = 0.0191
Iteration 573: Benign prob = 0.0197
Iteration 598: Benign prob = 0.0203
Iteration 604: Benign prob = 0.0207
Iteration 642: Benign prob = 0.0209
Iteration 659: Benign prob = 0.0218
Iteration 676: Benign prob = 0.0220
Iteration 677: Benign prob = 0.0226
Iteration 684: Benign prob = 0.0229
Iteration 705: Benign prob = 0.0244
Iteration 720: Benign prob = 0.0246
Iteration 722: Benign prob = 0.0251
Iteration 742: Benign prob = 0.0255
Iteration 769: Benign prob = 0.0257
Iteration 771: Benign prob = 0.0285
Iteration 793: Benign prob = 0.0287
Iteration 817: Benign prob = 0.0287
Iteration 835: Benign prob = 0.0295
Iteration 848: Benign prob = 0.0296
Iteration 851: Benign prob = 0.0302
Iteration 862: Benign prob = 0.0317
Iteration 866: Benign prob = 0.0340
Iteration 908: Benign prob = 0.0342
Iteration 913: Benign prob = 0.0344
Iteration 933: Benign prob = 0.0353
Iteration 935: Benign prob = 0.0359
Iteration 957: Benign prob = 0.0389
Iteration 964: Benign prob = 0.0389
Iteration 970: Benign prob = 0.0416
Iteration 1018: Benign prob = 0.0424
Iteration 1047: Benign prob = 0.0436
Iteration 1085: Benign prob = 0.0452
Iteration 1097: Benign prob = 0.0458
Iteration 1150: Benign prob = 0.0465
Iteration 1167: Benign prob = 0.0468
Iteration 1182: Benign prob = 0.0473
Iteration 1217: Benign prob = 0.0479
Iteration 1219: Benign prob = 0.0482
Iteration 1231: Benign prob = 0.0483
Iteration 1234: Benign prob = 0.0525
Iteration 1242: Benign prob = 0.0533
Iteration 1294: Benign prob = 0.0535
Iteration 1295: Benign prob = 0.0536
Iteration 1312: Benign prob = 0.0538
Iteration 1326: Benign prob = 0.0541
Iteration 1332: Benign prob = 0.0561
Iteration 1348: Benign prob = 0.0601
Iteration 1393: Benign prob = 0.0609
Iteration 1404: Benign prob = 0.0611
Iteration 1409: Benign prob = 0.0616
Iteration 1431: Benign prob = 0.0631
Iteration 1432: Benign prob = 0.0638
Iteration 1433: Benign prob = 0.0648
Iteration 1465: Benign prob = 0.0651
Iteration 1481: Benign prob = 0.0671
Iteration 1516: Benign prob = 0.0681
Iteration 1542: Benign prob = 0.0682
Iteration 1558: Benign prob = 0.0695
Iteration 1573: Benign prob = 0.0703
Iteration 1592: Benign prob = 0.0729
Iteration 1600: Benign prob = 0.0746
Iteration 1619: Benign prob = 0.0754
Iteration 1624: Benign prob = 0.0754
Iteration 1635: Benign prob = 0.0760
Iteration 1658: Benign prob = 0.0764
Iteration 1671: Benign prob = 0.0785
Iteration 1712: Benign prob = 0.0793
Iteration 1713: Benign prob = 0.0795
Iteration 1726: Benign prob = 0.0808
Iteration 1727: Benign prob = 0.0829
Iteration 1782: Benign prob = 0.0847
Iteration 1826: Benign prob = 0.0859
Iteration 1840: Benign prob = 0.0864
Iteration 1883: Benign prob = 0.0909
Iteration 1910: Benign prob = 0.0920
Iteration 1914: Benign prob = 0.0937
Iteration 1996: Benign prob = 0.0962
Iteration 2015: Benign prob = 0.0969
Iteration 2031: Benign prob = 0.0998
Iteration 2085: Benign prob = 0.1033
Iteration 2163: Benign prob = 0.1058
Iteration 2197: Benign prob = 0.1070
Iteration 2210: Benign prob = 0.1074
Iteration 2240: Benign prob = 0.1094
Iteration 2301: Benign prob = 0.1097
Iteration 2345: Benign prob = 0.1140
Iteration 2368: Benign prob = 0.1151
Iteration 2402: Benign prob = 0.1176
Iteration 2413: Benign prob = 0.1183
Iteration 2434: Benign prob = 0.1192
Iteration 2437: Benign prob = 0.1228
Iteration 2460: Benign prob = 0.1236
Iteration 2468: Benign prob = 0.1250
Iteration 2470: Benign prob = 0.1277
Iteration 2487: Benign prob = 0.1283
Iteration 2490: Benign prob = 0.1329
Iteration 2510: Benign prob = 0.1350
Iteration 2533: Benign prob = 0.1403
Iteration 2588: Benign prob = 0.1415
Iteration 2589: Benign prob = 0.1435
Iteration 2629: Benign prob = 0.1456
Iteration 2685: Benign prob = 0.1459
Iteration 2688: Benign prob = 0.1514
Iteration 2712: Benign prob = 0.1529
Iteration 2792: Benign prob = 0.1532
Iteration 2799: Benign prob = 0.1539
Iteration 2857: Benign prob = 0.1540
Iteration 2879: Benign prob = 0.1563
Iteration 2943: Benign prob = 0.1586
Iteration 2979: Benign prob = 0.1607
Iteration 3036: Benign prob = 0.1616
Iteration 3062: Benign prob = 0.1618
Iteration 3140: Benign prob = 0.1654
Iteration 3225: Benign prob = 0.1688
Iteration 3261: Benign prob = 0.1746
Iteration 3286: Benign prob = 0.1756
Iteration 3308: Benign prob = 0.1779
Iteration 3370: Benign prob = 0.1838
Iteration 3442: Benign prob = 0.1842
Iteration 3449: Benign prob = 0.1849
Iteration 3452: Benign prob = 0.1888
Iteration 3497: Benign prob = 0.1925
Iteration 3527: Benign prob = 0.1987
Iteration 3548: Benign prob = 0.2014
Iteration 3554: Benign prob = 0.2016
Iteration 3573: Benign prob = 0.2026
Iteration 3592: Benign prob = 0.2047
Iteration 3614: Benign prob = 0.2116
Iteration 3698: Benign prob = 0.2157
Iteration 3758: Benign prob = 0.2200
Iteration 3805: Benign prob = 0.2207
Iteration 3812: Benign prob = 0.2241
Iteration 3835: Benign prob = 0.2279
Iteration 3852: Benign prob = 0.2301
Iteration 3867: Benign prob = 0.2337
Iteration 3903: Benign prob = 0.2378
Iteration 3914: Benign prob = 0.2485
Iteration 3918: Benign prob = 0.2499
Iteration 4033: Benign prob = 0.2531
Iteration 4104: Benign prob = 0.2542
Iteration 4128: Benign prob = 0.2562
Iteration 4134: Benign prob = 0.2570
Iteration 4168: Benign prob = 0.2588
Iteration 4197: Benign prob = 0.2649
Iteration 4240: Benign prob = 0.2701
Iteration 4255: Benign prob = 0.2728
Iteration 4330: Benign prob = 0.2773
Iteration 4340: Benign prob = 0.2848
Iteration 4415: Benign prob = 0.2853
Iteration 4459: Benign prob = 0.2916
Iteration 4604: Benign prob = 0.2931
Iteration 4612: Benign prob = 0.2971
Iteration 4640: Benign prob = 0.2972
Iteration 4801: Benign prob = 0.2979
Iteration 4817: Benign prob = 0.3053
Iteration 4890: Benign prob = 0.3059
Iteration 4941: Benign prob = 0.3070
Iteration 5046: Benign prob = 0.3089
Iteration 5085: Benign prob = 0.3135
Iteration 5114: Benign prob = 0.3161
Iteration 5208: Benign prob = 0.3216
Iteration 5245: Benign prob = 0.3261
Iteration 5321: Benign prob = 0.3276
Iteration 5346: Benign prob = 0.3338
Iteration 5350: Benign prob = 0.3445
Iteration 5432: Benign prob = 0.3471
Iteration 5483: Benign prob = 0.3471
Iteration 5596: Benign prob = 0.3531
Iteration 5681: Benign prob = 0.3532
Iteration 5724: Benign prob = 0.3562
Iteration 5729: Benign prob = 0.3625
Iteration 5881: Benign prob = 0.3725
Iteration 5908: Benign prob = 0.3794
Iteration 5965: Benign prob = 0.3851
Iteration 5979: Benign prob = 0.3857
Iteration 6038: Benign prob = 0.3862
Iteration 6045: Benign prob = 0.3887
Iteration 6054: Benign prob = 0.3927
Iteration 6075: Benign prob = 0.3958
Iteration 6165: Benign prob = 0.3970
Iteration 6186: Benign prob = 0.4037
Iteration 6191: Benign prob = 0.4052
Iteration 6224: Benign prob = 0.4058
Iteration 6235: Benign prob = 0.4067
Iteration 6239: Benign prob = 0.4114
Iteration 6263: Benign prob = 0.4213
Iteration 6377: Benign prob = 0.4239
Iteration 6418: Benign prob = 0.4257
Iteration 6480: Benign prob = 0.4279
Iteration 6527: Benign prob = 0.4364
Iteration 6642: Benign prob = 0.4477
Iteration 6680: Benign prob = 0.4478
Iteration 6721: Benign prob = 0.4490
Iteration 6739: Benign prob = 0.4514
Iteration 6756: Benign prob = 0.4542
Iteration 6775: Benign prob = 0.4560
Iteration 6798: Benign prob = 0.4600
Iteration 6836: Benign prob = 0.4673
Iteration 6860: Benign prob = 0.4686
Iteration 6945: Benign prob = 0.4723
Iteration 6981: Benign prob = 0.4759
Iteration 7130: Benign prob = 0.4798
Iteration 7190: Benign prob = 0.4914
Iteration 7267: Benign prob = 0.5010
Iteration 7420: Benign prob = 0.5023
Iteration 7429: Benign prob = 0.5076
Iteration 7609: Benign prob = 0.5083
Iteration 7630: Benign prob = 0.5091
Iteration 7663: Benign prob = 0.5158
Iteration 7674: Benign prob = 0.5235
Iteration 7685: Benign prob = 0.5279
Iteration 7738: Benign prob = 0.5369
Iteration 7859: Benign prob = 0.5394
Iteration 7889: Benign prob = 0.5419
Iteration 7902: Benign prob = 0.5447
Iteration 7954: Benign prob = 0.5465
Iteration 7974: Benign prob = 0.5467
Iteration 7986: Benign prob = 0.5474
Iteration 8007: Benign prob = 0.5550

 Completed Adversarial Image for image 3 in 22.59 minutes.

--- Adversarial Prediction Results for image 3: (C:\Users\Boss\Downloads\malnet-images\test\adware++grayware++virus\dowgin\3A1D968F107561ADE29D9CBF7B54B7DA9312CC9A27DDE0B8D5C450134A5C7CE9.png) ---
Predicted class: 11 (benign)
Confidence     : 0.5523
True class     : 6 (adware++grayware++virus)


=== [4/10] Creating EA Adversarial Image for C:\Users\Boss\Downloads\malnet-images\test\adware++grayware++virus\dowgin\6F91304809F418372E43599AB02DFAC310A4E7775F8FDCDD3EA901892FB2FC8E.png ===

--- Original Prediction Results ---
Predicted class: 42 (trojan)

Confidence     : 0.3964

True class     : 6 (adware++grayware++virus)

Target ('benign') class: 11 (benign)

[INFO] Benign class became best class at iteration 1096 with confidence 0.3122!

Targeted adversarial image created in 1742 iterations.
Benign first predicted at iteration 1096 with confidence 0.3122.

Benign probability changes (iteration, prob):
Iteration 0: Benign prob = 0.0011
Iteration 4: Benign prob = 0.0013
Iteration 5: Benign prob = 0.0014
Iteration 6: Benign prob = 0.0015
Iteration 8: Benign prob = 0.0017
Iteration 9: Benign prob = 0.0017
Iteration 10: Benign prob = 0.0020
Iteration 15: Benign prob = 0.0021
Iteration 17: Benign prob = 0.0029
Iteration 25: Benign prob = 0.0029
Iteration 26: Benign prob = 0.0030
Iteration 29: Benign prob = 0.0030
Iteration 31: Benign prob = 0.0032
Iteration 34: Benign prob = 0.0033
Iteration 42: Benign prob = 0.0035
Iteration 44: Benign prob = 0.0037
Iteration 50: Benign prob = 0.0041
Iteration 59: Benign prob = 0.0043
Iteration 64: Benign prob = 0.0043
Iteration 67: Benign prob = 0.0044
Iteration 68: Benign prob = 0.0050
Iteration 69: Benign prob = 0.0058
Iteration 70: Benign prob = 0.0063
Iteration 71: Benign prob = 0.0064
Iteration 84: Benign prob = 0.0067
Iteration 85: Benign prob = 0.0067
Iteration 101: Benign prob = 0.0073
Iteration 102: Benign prob = 0.0076
Iteration 103: Benign prob = 0.0078
Iteration 105: Benign prob = 0.0079
Iteration 106: Benign prob = 0.0083
Iteration 115: Benign prob = 0.0088
Iteration 134: Benign prob = 0.0094
Iteration 142: Benign prob = 0.0096
Iteration 144: Benign prob = 0.0097
Iteration 145: Benign prob = 0.0099
Iteration 151: Benign prob = 0.0100
Iteration 156: Benign prob = 0.0103
Iteration 162: Benign prob = 0.0105
Iteration 163: Benign prob = 0.0113
Iteration 168: Benign prob = 0.0114
Iteration 171: Benign prob = 0.0115
Iteration 178: Benign prob = 0.0116
Iteration 179: Benign prob = 0.0120
Iteration 184: Benign prob = 0.0123
Iteration 187: Benign prob = 0.0128
Iteration 199: Benign prob = 0.0131
Iteration 206: Benign prob = 0.0152
Iteration 207: Benign prob = 0.0154
Iteration 221: Benign prob = 0.0166
Iteration 231: Benign prob = 0.0180
Iteration 238: Benign prob = 0.0180
Iteration 243: Benign prob = 0.0184
Iteration 244: Benign prob = 0.0188
Iteration 245: Benign prob = 0.0193
Iteration 250: Benign prob = 0.0196
Iteration 264: Benign prob = 0.0196
Iteration 267: Benign prob = 0.0222
Iteration 268: Benign prob = 0.0230
Iteration 293: Benign prob = 0.0241
Iteration 305: Benign prob = 0.0248
Iteration 319: Benign prob = 0.0259
Iteration 329: Benign prob = 0.0261
Iteration 343: Benign prob = 0.0265
Iteration 344: Benign prob = 0.0276
Iteration 345: Benign prob = 0.0276
Iteration 350: Benign prob = 0.0285
Iteration 359: Benign prob = 0.0293
Iteration 368: Benign prob = 0.0294
Iteration 373: Benign prob = 0.0295
Iteration 384: Benign prob = 0.0319
Iteration 396: Benign prob = 0.0322
Iteration 398: Benign prob = 0.0331
Iteration 399: Benign prob = 0.0331
Iteration 411: Benign prob = 0.0336
Iteration 413: Benign prob = 0.0367
Iteration 440: Benign prob = 0.0377
Iteration 441: Benign prob = 0.0392
Iteration 446: Benign prob = 0.0397
Iteration 451: Benign prob = 0.0404
Iteration 462: Benign prob = 0.0412
Iteration 481: Benign prob = 0.0418
Iteration 483: Benign prob = 0.0446
Iteration 497: Benign prob = 0.0448
Iteration 501: Benign prob = 0.0458
Iteration 502: Benign prob = 0.0502
Iteration 541: Benign prob = 0.0524
Iteration 542: Benign prob = 0.0525
Iteration 548: Benign prob = 0.0566
Iteration 563: Benign prob = 0.0582
Iteration 582: Benign prob = 0.0597
Iteration 589: Benign prob = 0.0606
Iteration 593: Benign prob = 0.0628
Iteration 612: Benign prob = 0.0630
Iteration 622: Benign prob = 0.0635
Iteration 630: Benign prob = 0.0641
Iteration 631: Benign prob = 0.0644
Iteration 632: Benign prob = 0.0661
Iteration 635: Benign prob = 0.0670
Iteration 642: Benign prob = 0.0685
Iteration 651: Benign prob = 0.0687
Iteration 652: Benign prob = 0.0694
Iteration 654: Benign prob = 0.0702
Iteration 659: Benign prob = 0.0730
Iteration 666: Benign prob = 0.0770
Iteration 675: Benign prob = 0.0871
Iteration 686: Benign prob = 0.0936
Iteration 693: Benign prob = 0.0951
Iteration 695: Benign prob = 0.1023
Iteration 707: Benign prob = 0.1065
Iteration 720: Benign prob = 0.1102
Iteration 723: Benign prob = 0.1135
Iteration 725: Benign prob = 0.1154
Iteration 734: Benign prob = 0.1156
Iteration 736: Benign prob = 0.1190
Iteration 737: Benign prob = 0.1198
Iteration 738: Benign prob = 0.1239
Iteration 745: Benign prob = 0.1243
Iteration 747: Benign prob = 0.1290
Iteration 755: Benign prob = 0.1338
Iteration 758: Benign prob = 0.1416
Iteration 789: Benign prob = 0.1422
Iteration 801: Benign prob = 0.1477
Iteration 816: Benign prob = 0.1503
Iteration 817: Benign prob = 0.1583
Iteration 837: Benign prob = 0.1652
Iteration 839: Benign prob = 0.1691
Iteration 846: Benign prob = 0.1707
Iteration 847: Benign prob = 0.1733
Iteration 853: Benign prob = 0.1776
Iteration 873: Benign prob = 0.1818
Iteration 877: Benign prob = 0.1832
Iteration 888: Benign prob = 0.1868
Iteration 889: Benign prob = 0.1894
Iteration 894: Benign prob = 0.1953
Iteration 896: Benign prob = 0.2145
Iteration 905: Benign prob = 0.2217
Iteration 928: Benign prob = 0.2306
Iteration 929: Benign prob = 0.2349
Iteration 939: Benign prob = 0.2369
Iteration 943: Benign prob = 0.2388
Iteration 948: Benign prob = 0.2433
Iteration 949: Benign prob = 0.2478
Iteration 956: Benign prob = 0.2519
Iteration 972: Benign prob = 0.2766
Iteration 997: Benign prob = 0.2773
Iteration 1001: Benign prob = 0.2795
Iteration 1003: Benign prob = 0.2868
Iteration 1005: Benign prob = 0.2879
Iteration 1007: Benign prob = 0.2880
Iteration 1017: Benign prob = 0.2893
Iteration 1020: Benign prob = 0.2959
Iteration 1030: Benign prob = 0.3063
Iteration 1057: Benign prob = 0.3070
Iteration 1062: Benign prob = 0.3084
Iteration 1067: Benign prob = 0.3097
Iteration 1096: Benign prob = 0.3122
Iteration 1109: Benign prob = 0.3143
Iteration 1110: Benign prob = 0.3174
Iteration 1115: Benign prob = 0.3195
Iteration 1130: Benign prob = 0.3386
Iteration 1146: Benign prob = 0.3412
Iteration 1165: Benign prob = 0.3507
Iteration 1172: Benign prob = 0.3523
Iteration 1195: Benign prob = 0.3611
Iteration 1196: Benign prob = 0.3638
Iteration 1206: Benign prob = 0.3778
Iteration 1216: Benign prob = 0.3787
Iteration 1217: Benign prob = 0.3984
Iteration 1222: Benign prob = 0.4002
Iteration 1254: Benign prob = 0.4061
Iteration 1260: Benign prob = 0.4070
Iteration 1263: Benign prob = 0.4086
Iteration 1273: Benign prob = 0.4150
Iteration 1274: Benign prob = 0.4258
Iteration 1311: Benign prob = 0.4266
Iteration 1346: Benign prob = 0.4348
Iteration 1347: Benign prob = 0.4353
Iteration 1348: Benign prob = 0.4388
Iteration 1356: Benign prob = 0.4446
Iteration 1398: Benign prob = 0.4477
Iteration 1417: Benign prob = 0.4482
Iteration 1442: Benign prob = 0.4703
Iteration 1489: Benign prob = 0.4739
Iteration 1490: Benign prob = 0.5017
Iteration 1520: Benign prob = 0.5041
Iteration 1527: Benign prob = 0.5168
Iteration 1546: Benign prob = 0.5175
Iteration 1631: Benign prob = 0.5381
Iteration 1675: Benign prob = 0.5386
Iteration 1703: Benign prob = 0.5411
Iteration 1720: Benign prob = 0.5462
Iteration 1742: Benign prob = 0.5519

 Completed Adversarial Image for image 4 in 4.94 minutes.

--- Adversarial Prediction Results for image 4: (C:\Users\Boss\Downloads\malnet-images\test\adware++grayware++virus\dowgin\6F91304809F418372E43599AB02DFAC310A4E7775F8FDCDD3EA901892FB2FC8E.png) ---
Predicted class: 11 (benign)
Confidence     : 0.5510
True class     : 6 (adware++grayware++virus)


=== [5/10] Creating EA Adversarial Image for C:\Users\Boss\Downloads\malnet-images\test\adware++grayware++virus\dowgin\D593C3AE83156F60C32D20434D0F261DB857C4018AF47417F0C6606826A80443.png ===

--- Original Prediction Results ---
Predicted class: 15 (clickfraud++riskware)

Confidence     : 0.4978

True class     : 6 (adware++grayware++virus)

Target ('benign') class: 11 (benign)

[INFO] Benign class became best class at iteration 1300 with confidence 0.3216!

Targeted adversarial image created in 2106 iterations.
Benign first predicted at iteration 1300 with confidence 0.3216.

Benign probability changes (iteration, prob):
Iteration 0: Benign prob = 0.0003
Iteration 1: Benign prob = 0.0006
Iteration 4: Benign prob = 0.0006
Iteration 5: Benign prob = 0.0013
Iteration 6: Benign prob = 0.0015
Iteration 7: Benign prob = 0.0016
Iteration 8: Benign prob = 0.0017
Iteration 9: Benign prob = 0.0018
Iteration 13: Benign prob = 0.0018
Iteration 15: Benign prob = 0.0019
Iteration 16: Benign prob = 0.0022
Iteration 17: Benign prob = 0.0022
Iteration 20: Benign prob = 0.0024
Iteration 23: Benign prob = 0.0025
Iteration 25: Benign prob = 0.0026
Iteration 28: Benign prob = 0.0027
Iteration 35: Benign prob = 0.0028
Iteration 36: Benign prob = 0.0029
Iteration 39: Benign prob = 0.0031
Iteration 42: Benign prob = 0.0033
Iteration 51: Benign prob = 0.0033
Iteration 55: Benign prob = 0.0036
Iteration 56: Benign prob = 0.0038
Iteration 59: Benign prob = 0.0039
Iteration 80: Benign prob = 0.0047
Iteration 81: Benign prob = 0.0049
Iteration 99: Benign prob = 0.0050
Iteration 103: Benign prob = 0.0050
Iteration 104: Benign prob = 0.0050
Iteration 106: Benign prob = 0.0051
Iteration 107: Benign prob = 0.0057
Iteration 109: Benign prob = 0.0058
Iteration 115: Benign prob = 0.0059
Iteration 121: Benign prob = 0.0060
Iteration 122: Benign prob = 0.0063
Iteration 127: Benign prob = 0.0064
Iteration 135: Benign prob = 0.0064
Iteration 139: Benign prob = 0.0066
Iteration 140: Benign prob = 0.0067
Iteration 150: Benign prob = 0.0069
Iteration 151: Benign prob = 0.0069
Iteration 159: Benign prob = 0.0073
Iteration 170: Benign prob = 0.0074
Iteration 171: Benign prob = 0.0076
Iteration 179: Benign prob = 0.0079
Iteration 186: Benign prob = 0.0083
Iteration 187: Benign prob = 0.0084
Iteration 188: Benign prob = 0.0085
Iteration 192: Benign prob = 0.0090
Iteration 195: Benign prob = 0.0091
Iteration 197: Benign prob = 0.0091
Iteration 198: Benign prob = 0.0095
Iteration 203: Benign prob = 0.0097
Iteration 205: Benign prob = 0.0103
Iteration 217: Benign prob = 0.0105
Iteration 219: Benign prob = 0.0113
Iteration 225: Benign prob = 0.0114
Iteration 236: Benign prob = 0.0116
Iteration 238: Benign prob = 0.0119
Iteration 242: Benign prob = 0.0122
Iteration 245: Benign prob = 0.0122
Iteration 249: Benign prob = 0.0134
Iteration 258: Benign prob = 0.0140
Iteration 270: Benign prob = 0.0143
Iteration 283: Benign prob = 0.0144
Iteration 292: Benign prob = 0.0146
Iteration 299: Benign prob = 0.0147
Iteration 300: Benign prob = 0.0153
Iteration 301: Benign prob = 0.0160
Iteration 303: Benign prob = 0.0167
Iteration 316: Benign prob = 0.0170
Iteration 324: Benign prob = 0.0172
Iteration 330: Benign prob = 0.0173
Iteration 332: Benign prob = 0.0183
Iteration 337: Benign prob = 0.0189
Iteration 346: Benign prob = 0.0195
Iteration 350: Benign prob = 0.0199
Iteration 351: Benign prob = 0.0203
Iteration 358: Benign prob = 0.0206
Iteration 393: Benign prob = 0.0208
Iteration 394: Benign prob = 0.0210
Iteration 419: Benign prob = 0.0217
Iteration 421: Benign prob = 0.0227
Iteration 433: Benign prob = 0.0231
Iteration 451: Benign prob = 0.0238
Iteration 484: Benign prob = 0.0243
Iteration 489: Benign prob = 0.0262
Iteration 492: Benign prob = 0.0262
Iteration 500: Benign prob = 0.0293
Iteration 503: Benign prob = 0.0297
Iteration 515: Benign prob = 0.0300
Iteration 522: Benign prob = 0.0303
Iteration 527: Benign prob = 0.0348
Iteration 545: Benign prob = 0.0377
Iteration 572: Benign prob = 0.0448
Iteration 573: Benign prob = 0.0482
Iteration 579: Benign prob = 0.0509
Iteration 593: Benign prob = 0.0520
Iteration 596: Benign prob = 0.0545
Iteration 600: Benign prob = 0.0547
Iteration 615: Benign prob = 0.0555
Iteration 618: Benign prob = 0.0557
Iteration 624: Benign prob = 0.0581
Iteration 640: Benign prob = 0.0601
Iteration 650: Benign prob = 0.0606
Iteration 656: Benign prob = 0.0653
Iteration 664: Benign prob = 0.0666
Iteration 674: Benign prob = 0.0701
Iteration 692: Benign prob = 0.0711
Iteration 714: Benign prob = 0.0716
Iteration 720: Benign prob = 0.0721
Iteration 724: Benign prob = 0.0730
Iteration 725: Benign prob = 0.0735
Iteration 734: Benign prob = 0.0738
Iteration 735: Benign prob = 0.0740
Iteration 739: Benign prob = 0.0744
Iteration 744: Benign prob = 0.0753
Iteration 756: Benign prob = 0.0767
Iteration 781: Benign prob = 0.0769
Iteration 791: Benign prob = 0.0788
Iteration 793: Benign prob = 0.0852
Iteration 803: Benign prob = 0.0937
Iteration 809: Benign prob = 0.1047
Iteration 813: Benign prob = 0.1078
Iteration 821: Benign prob = 0.1078
Iteration 827: Benign prob = 0.1144
Iteration 838: Benign prob = 0.1453
Iteration 847: Benign prob = 0.1484
Iteration 849: Benign prob = 0.1623
Iteration 852: Benign prob = 0.1671
Iteration 891: Benign prob = 0.1888
Iteration 892: Benign prob = 0.1893
Iteration 905: Benign prob = 0.1970
Iteration 912: Benign prob = 0.1972
Iteration 914: Benign prob = 0.2080
Iteration 927: Benign prob = 0.2154
Iteration 953: Benign prob = 0.2166
Iteration 960: Benign prob = 0.2199
Iteration 998: Benign prob = 0.2252
Iteration 1003: Benign prob = 0.2345
Iteration 1039: Benign prob = 0.2352
Iteration 1080: Benign prob = 0.2431
Iteration 1094: Benign prob = 0.2473
Iteration 1136: Benign prob = 0.2577
Iteration 1151: Benign prob = 0.2623
Iteration 1155: Benign prob = 0.2633
Iteration 1176: Benign prob = 0.2788
Iteration 1203: Benign prob = 0.2816
Iteration 1213: Benign prob = 0.2840
Iteration 1238: Benign prob = 0.2901
Iteration 1246: Benign prob = 0.2972
Iteration 1256: Benign prob = 0.2986
Iteration 1266: Benign prob = 0.3070
Iteration 1272: Benign prob = 0.3072
Iteration 1276: Benign prob = 0.3122
Iteration 1285: Benign prob = 0.3135
Iteration 1300: Benign prob = 0.3216
Iteration 1319: Benign prob = 0.3302
Iteration 1331: Benign prob = 0.3350
Iteration 1334: Benign prob = 0.3482
Iteration 1376: Benign prob = 0.3509
Iteration 1416: Benign prob = 0.3511
Iteration 1440: Benign prob = 0.3546
Iteration 1444: Benign prob = 0.3547
Iteration 1460: Benign prob = 0.3599
Iteration 1482: Benign prob = 0.3661
Iteration 1504: Benign prob = 0.3772
Iteration 1510: Benign prob = 0.3799
Iteration 1523: Benign prob = 0.3803
Iteration 1539: Benign prob = 0.3826
Iteration 1554: Benign prob = 0.3856
Iteration 1560: Benign prob = 0.3960
Iteration 1585: Benign prob = 0.4042
Iteration 1586: Benign prob = 0.4065
Iteration 1594: Benign prob = 0.4113
Iteration 1599: Benign prob = 0.4142
Iteration 1633: Benign prob = 0.4234
Iteration 1669: Benign prob = 0.4254
Iteration 1670: Benign prob = 0.4322
Iteration 1684: Benign prob = 0.4402
Iteration 1686: Benign prob = 0.4422
Iteration 1687: Benign prob = 0.4439
Iteration 1701: Benign prob = 0.4441
Iteration 1707: Benign prob = 0.4547
Iteration 1723: Benign prob = 0.4583
Iteration 1757: Benign prob = 0.4727
Iteration 1759: Benign prob = 0.4774
Iteration 1824: Benign prob = 0.4806
Iteration 1851: Benign prob = 0.4856
Iteration 1866: Benign prob = 0.4902
Iteration 1868: Benign prob = 0.4939
Iteration 1872: Benign prob = 0.4956
Iteration 1874: Benign prob = 0.5030
Iteration 1875: Benign prob = 0.5120
Iteration 1910: Benign prob = 0.5151
Iteration 1927: Benign prob = 0.5238
Iteration 1977: Benign prob = 0.5348
Iteration 2037: Benign prob = 0.5412
Iteration 2085: Benign prob = 0.5451
Iteration 2106: Benign prob = 0.5556

 Completed Adversarial Image for image 5 in 5.97 minutes.

--- Adversarial Prediction Results for image 5: (C:\Users\Boss\Downloads\malnet-images\test\adware++grayware++virus\dowgin\D593C3AE83156F60C32D20434D0F261DB857C4018AF47417F0C6606826A80443.png) ---
Predicted class: 11 (benign)
Confidence     : 0.5540
True class     : 6 (adware++grayware++virus)


=== [6/10] Creating EA Adversarial Image for C:\Users\Boss\Downloads\malnet-images\test\adware++grayware++virus\dowgin\F17F668AF00DC52D3B946D9DE520F8C55B22D12EDF4C5C794C3A8C0737EE26FB.png ===

--- Original Prediction Results ---
Predicted class: 15 (clickfraud++riskware)

Confidence     : 0.5351

True class     : 6 (adware++grayware++virus)

Target ('benign') class: 11 (benign)

[INFO] Benign class became best class at iteration 1122 with confidence 0.2793!

Targeted adversarial image created in 2226 iterations.
Benign first predicted at iteration 1122 with confidence 0.2793.

Benign probability changes (iteration, prob):
Iteration 0: Benign prob = 0.0004
Iteration 1: Benign prob = 0.0006
Iteration 2: Benign prob = 0.0011
Iteration 3: Benign prob = 0.0011
Iteration 4: Benign prob = 0.0013
Iteration 5: Benign prob = 0.0014
Iteration 6: Benign prob = 0.0017
Iteration 9: Benign prob = 0.0017
Iteration 10: Benign prob = 0.0018
Iteration 11: Benign prob = 0.0019
Iteration 12: Benign prob = 0.0020
Iteration 14: Benign prob = 0.0023
Iteration 24: Benign prob = 0.0024
Iteration 25: Benign prob = 0.0028
Iteration 27: Benign prob = 0.0029
Iteration 31: Benign prob = 0.0031
Iteration 39: Benign prob = 0.0033
Iteration 41: Benign prob = 0.0035
Iteration 43: Benign prob = 0.0036
Iteration 54: Benign prob = 0.0038
Iteration 58: Benign prob = 0.0038
Iteration 64: Benign prob = 0.0039
Iteration 65: Benign prob = 0.0040
Iteration 70: Benign prob = 0.0045
Iteration 85: Benign prob = 0.0046
Iteration 90: Benign prob = 0.0046
Iteration 92: Benign prob = 0.0050
Iteration 96: Benign prob = 0.0050
Iteration 102: Benign prob = 0.0054
Iteration 104: Benign prob = 0.0055
Iteration 108: Benign prob = 0.0056
Iteration 112: Benign prob = 0.0058
Iteration 113: Benign prob = 0.0061
Iteration 115: Benign prob = 0.0066
Iteration 121: Benign prob = 0.0068
Iteration 126: Benign prob = 0.0072
Iteration 127: Benign prob = 0.0074
Iteration 130: Benign prob = 0.0080
Iteration 132: Benign prob = 0.0081
Iteration 133: Benign prob = 0.0082
Iteration 135: Benign prob = 0.0084
Iteration 140: Benign prob = 0.0088
Iteration 141: Benign prob = 0.0094
Iteration 154: Benign prob = 0.0097
Iteration 155: Benign prob = 0.0098
Iteration 156: Benign prob = 0.0099
Iteration 159: Benign prob = 0.0099
Iteration 160: Benign prob = 0.0108
Iteration 169: Benign prob = 0.0111
Iteration 172: Benign prob = 0.0111
Iteration 176: Benign prob = 0.0116
Iteration 193: Benign prob = 0.0123
Iteration 206: Benign prob = 0.0125
Iteration 209: Benign prob = 0.0130
Iteration 211: Benign prob = 0.0134
Iteration 218: Benign prob = 0.0135
Iteration 220: Benign prob = 0.0137
Iteration 221: Benign prob = 0.0138
Iteration 222: Benign prob = 0.0141
Iteration 227: Benign prob = 0.0146
Iteration 231: Benign prob = 0.0149
Iteration 233: Benign prob = 0.0149
Iteration 234: Benign prob = 0.0156
Iteration 235: Benign prob = 0.0168
Iteration 242: Benign prob = 0.0169
Iteration 259: Benign prob = 0.0171
Iteration 268: Benign prob = 0.0180
Iteration 272: Benign prob = 0.0182
Iteration 282: Benign prob = 0.0184
Iteration 285: Benign prob = 0.0193
Iteration 295: Benign prob = 0.0195
Iteration 299: Benign prob = 0.0199
Iteration 305: Benign prob = 0.0201
Iteration 308: Benign prob = 0.0210
Iteration 314: Benign prob = 0.0218
Iteration 316: Benign prob = 0.0225
Iteration 318: Benign prob = 0.0226
Iteration 327: Benign prob = 0.0229
Iteration 329: Benign prob = 0.0238
Iteration 340: Benign prob = 0.0247
Iteration 352: Benign prob = 0.0252
Iteration 356: Benign prob = 0.0252
Iteration 358: Benign prob = 0.0270
Iteration 378: Benign prob = 0.0276
Iteration 415: Benign prob = 0.0278
Iteration 418: Benign prob = 0.0282
Iteration 429: Benign prob = 0.0294
Iteration 432: Benign prob = 0.0295
Iteration 438: Benign prob = 0.0301
Iteration 445: Benign prob = 0.0325
Iteration 454: Benign prob = 0.0330
Iteration 456: Benign prob = 0.0334
Iteration 458: Benign prob = 0.0335
Iteration 459: Benign prob = 0.0339
Iteration 468: Benign prob = 0.0350
Iteration 472: Benign prob = 0.0368
Iteration 485: Benign prob = 0.0382
Iteration 487: Benign prob = 0.0386
Iteration 492: Benign prob = 0.0390
Iteration 495: Benign prob = 0.0422
Iteration 504: Benign prob = 0.0430
Iteration 505: Benign prob = 0.0440
Iteration 510: Benign prob = 0.0443
Iteration 515: Benign prob = 0.0477
Iteration 516: Benign prob = 0.0571
Iteration 522: Benign prob = 0.0623
Iteration 533: Benign prob = 0.0658
Iteration 542: Benign prob = 0.0752
Iteration 559: Benign prob = 0.0859
Iteration 567: Benign prob = 0.0888
Iteration 571: Benign prob = 0.0931
Iteration 576: Benign prob = 0.0975
Iteration 583: Benign prob = 0.0992
Iteration 586: Benign prob = 0.1041
Iteration 604: Benign prob = 0.1076
Iteration 607: Benign prob = 0.1078
Iteration 610: Benign prob = 0.1087
Iteration 613: Benign prob = 0.1121
Iteration 618: Benign prob = 0.1154
Iteration 622: Benign prob = 0.1157
Iteration 625: Benign prob = 0.1277
Iteration 672: Benign prob = 0.1288
Iteration 675: Benign prob = 0.1389
Iteration 680: Benign prob = 0.1419
Iteration 682: Benign prob = 0.1449
Iteration 684: Benign prob = 0.1482
Iteration 686: Benign prob = 0.1505
Iteration 736: Benign prob = 0.1520
Iteration 746: Benign prob = 0.1540
Iteration 747: Benign prob = 0.1566
Iteration 755: Benign prob = 0.1637
Iteration 770: Benign prob = 0.1651
Iteration 771: Benign prob = 0.1675
Iteration 784: Benign prob = 0.1794
Iteration 797: Benign prob = 0.1807
Iteration 836: Benign prob = 0.1917
Iteration 838: Benign prob = 0.2001
Iteration 859: Benign prob = 0.2019
Iteration 867: Benign prob = 0.2031
Iteration 876: Benign prob = 0.2077
Iteration 885: Benign prob = 0.2127
Iteration 894: Benign prob = 0.2166
Iteration 896: Benign prob = 0.2178
Iteration 903: Benign prob = 0.2183
Iteration 915: Benign prob = 0.2196
Iteration 925: Benign prob = 0.2202
Iteration 926: Benign prob = 0.2241
Iteration 934: Benign prob = 0.2279
Iteration 936: Benign prob = 0.2288
Iteration 953: Benign prob = 0.2335
Iteration 993: Benign prob = 0.2351
Iteration 1026: Benign prob = 0.2483
Iteration 1073: Benign prob = 0.2487
Iteration 1078: Benign prob = 0.2571
Iteration 1094: Benign prob = 0.2630
Iteration 1109: Benign prob = 0.2639
Iteration 1122: Benign prob = 0.2793
Iteration 1159: Benign prob = 0.2806
Iteration 1163: Benign prob = 0.2868
Iteration 1172: Benign prob = 0.2871
Iteration 1198: Benign prob = 0.2989
Iteration 1221: Benign prob = 0.3035
Iteration 1234: Benign prob = 0.3052
Iteration 1250: Benign prob = 0.3067
Iteration 1265: Benign prob = 0.3128
Iteration 1292: Benign prob = 0.3208
Iteration 1307: Benign prob = 0.3248
Iteration 1325: Benign prob = 0.3385
Iteration 1329: Benign prob = 0.3399
Iteration 1405: Benign prob = 0.3481
Iteration 1407: Benign prob = 0.3493
Iteration 1418: Benign prob = 0.3493
Iteration 1419: Benign prob = 0.3505
Iteration 1428: Benign prob = 0.3546
Iteration 1446: Benign prob = 0.3565
Iteration 1447: Benign prob = 0.3589
Iteration 1457: Benign prob = 0.3617
Iteration 1460: Benign prob = 0.3632
Iteration 1465: Benign prob = 0.3697
Iteration 1489: Benign prob = 0.3749
Iteration 1501: Benign prob = 0.3758
Iteration 1523: Benign prob = 0.3761
Iteration 1528: Benign prob = 0.3761
Iteration 1532: Benign prob = 0.3784
Iteration 1539: Benign prob = 0.3890
Iteration 1569: Benign prob = 0.3901
Iteration 1612: Benign prob = 0.3976
Iteration 1618: Benign prob = 0.3993
Iteration 1630: Benign prob = 0.4103
Iteration 1634: Benign prob = 0.4189
Iteration 1640: Benign prob = 0.4228
Iteration 1647: Benign prob = 0.4350
Iteration 1783: Benign prob = 0.4350
Iteration 1788: Benign prob = 0.4421
Iteration 1827: Benign prob = 0.4464
Iteration 1829: Benign prob = 0.4485
Iteration 1838: Benign prob = 0.4492
Iteration 1846: Benign prob = 0.4559
Iteration 1857: Benign prob = 0.4594
Iteration 1863: Benign prob = 0.4614
Iteration 1907: Benign prob = 0.4674
Iteration 1954: Benign prob = 0.4706
Iteration 1961: Benign prob = 0.4798
Iteration 1968: Benign prob = 0.4824
Iteration 2039: Benign prob = 0.4915
Iteration 2041: Benign prob = 0.4951
Iteration 2042: Benign prob = 0.5004
Iteration 2061: Benign prob = 0.5034
Iteration 2124: Benign prob = 0.5072
Iteration 2129: Benign prob = 0.5277
Iteration 2153: Benign prob = 0.5420
Iteration 2180: Benign prob = 0.5441
Iteration 2181: Benign prob = 0.5451
Iteration 2202: Benign prob = 0.5462
Iteration 2226: Benign prob = 0.5622

 Completed Adversarial Image for image 6 in 6.32 minutes.

--- Adversarial Prediction Results for image 6: (C:\Users\Boss\Downloads\malnet-images\test\adware++grayware++virus\dowgin\F17F668AF00DC52D3B946D9DE520F8C55B22D12EDF4C5C794C3A8C0737EE26FB.png) ---
Predicted class: 11 (benign)
Confidence     : 0.5645
True class     : 6 (adware++grayware++virus)


=== [7/10] Creating EA Adversarial Image for C:\Users\Boss\Downloads\malnet-images\test\adware++grayware++virus\inoco\4A57B2C55E1BD9EA15AF72471A3CA4548E5522DCAE97218064704B70BE27B9DF.png ===

--- Original Prediction Results ---
Predicted class: 42 (trojan)

Confidence     : 0.4974

True class     : 6 (adware++grayware++virus)

Target ('benign') class: 11 (benign)

[INFO] Benign class became best class at iteration 2724 with confidence 0.2920!

Targeted adversarial image created in 6081 iterations.
Benign first predicted at iteration 2724 with confidence 0.2920.

Benign probability changes (iteration, prob):
Iteration 0: Benign prob = 0.0023
Iteration 19: Benign prob = 0.0023
Iteration 20: Benign prob = 0.0026
Iteration 23: Benign prob = 0.0027
Iteration 25: Benign prob = 0.0031
Iteration 31: Benign prob = 0.0031
Iteration 32: Benign prob = 0.0032
Iteration 34: Benign prob = 0.0033
Iteration 36: Benign prob = 0.0037
Iteration 41: Benign prob = 0.0039
Iteration 42: Benign prob = 0.0040
Iteration 48: Benign prob = 0.0041
Iteration 58: Benign prob = 0.0043
Iteration 66: Benign prob = 0.0051
Iteration 73: Benign prob = 0.0060
Iteration 75: Benign prob = 0.0063
Iteration 80: Benign prob = 0.0063
Iteration 86: Benign prob = 0.0065
Iteration 89: Benign prob = 0.0065
Iteration 90: Benign prob = 0.0071
Iteration 121: Benign prob = 0.0073
Iteration 124: Benign prob = 0.0074
Iteration 132: Benign prob = 0.0077
Iteration 135: Benign prob = 0.0078
Iteration 153: Benign prob = 0.0084
Iteration 163: Benign prob = 0.0090
Iteration 172: Benign prob = 0.0094
Iteration 176: Benign prob = 0.0094
Iteration 178: Benign prob = 0.0098
Iteration 183: Benign prob = 0.0101
Iteration 184: Benign prob = 0.0102
Iteration 210: Benign prob = 0.0111
Iteration 211: Benign prob = 0.0113
Iteration 247: Benign prob = 0.0115
Iteration 248: Benign prob = 0.0120
Iteration 263: Benign prob = 0.0123
Iteration 264: Benign prob = 0.0135
Iteration 288: Benign prob = 0.0136
Iteration 301: Benign prob = 0.0140
Iteration 309: Benign prob = 0.0140
Iteration 310: Benign prob = 0.0143
Iteration 322: Benign prob = 0.0144
Iteration 329: Benign prob = 0.0146
Iteration 334: Benign prob = 0.0147
Iteration 341: Benign prob = 0.0148
Iteration 345: Benign prob = 0.0153
Iteration 352: Benign prob = 0.0162
Iteration 373: Benign prob = 0.0167
Iteration 389: Benign prob = 0.0170
Iteration 396: Benign prob = 0.0173
Iteration 403: Benign prob = 0.0174
Iteration 409: Benign prob = 0.0177
Iteration 419: Benign prob = 0.0182
Iteration 447: Benign prob = 0.0183
Iteration 452: Benign prob = 0.0184
Iteration 460: Benign prob = 0.0189
Iteration 464: Benign prob = 0.0211
Iteration 479: Benign prob = 0.0217
Iteration 484: Benign prob = 0.0230
Iteration 507: Benign prob = 0.0251
Iteration 523: Benign prob = 0.0258
Iteration 541: Benign prob = 0.0260
Iteration 549: Benign prob = 0.0262
Iteration 550: Benign prob = 0.0265
Iteration 551: Benign prob = 0.0274
Iteration 583: Benign prob = 0.0288
Iteration 599: Benign prob = 0.0289
Iteration 611: Benign prob = 0.0302
Iteration 632: Benign prob = 0.0320
Iteration 660: Benign prob = 0.0321
Iteration 665: Benign prob = 0.0323
Iteration 680: Benign prob = 0.0350
Iteration 687: Benign prob = 0.0352
Iteration 688: Benign prob = 0.0363
Iteration 695: Benign prob = 0.0366
Iteration 715: Benign prob = 0.0388
Iteration 729: Benign prob = 0.0412
Iteration 752: Benign prob = 0.0440
Iteration 792: Benign prob = 0.0442
Iteration 798: Benign prob = 0.0476
Iteration 818: Benign prob = 0.0494
Iteration 834: Benign prob = 0.0498
Iteration 837: Benign prob = 0.0535
Iteration 868: Benign prob = 0.0562
Iteration 880: Benign prob = 0.0563
Iteration 883: Benign prob = 0.0579
Iteration 898: Benign prob = 0.0605
Iteration 902: Benign prob = 0.0619
Iteration 903: Benign prob = 0.0625
Iteration 930: Benign prob = 0.0641
Iteration 944: Benign prob = 0.0663
Iteration 950: Benign prob = 0.0689
Iteration 953: Benign prob = 0.0695
Iteration 964: Benign prob = 0.0740
Iteration 979: Benign prob = 0.0775
Iteration 982: Benign prob = 0.0805
Iteration 1008: Benign prob = 0.0811
Iteration 1027: Benign prob = 0.0852
Iteration 1061: Benign prob = 0.0855
Iteration 1097: Benign prob = 0.0906
Iteration 1130: Benign prob = 0.0913
Iteration 1147: Benign prob = 0.0936
Iteration 1172: Benign prob = 0.1018
Iteration 1204: Benign prob = 0.1058
Iteration 1227: Benign prob = 0.1061
Iteration 1237: Benign prob = 0.1062
Iteration 1238: Benign prob = 0.1090
Iteration 1240: Benign prob = 0.1123
Iteration 1270: Benign prob = 0.1158
Iteration 1280: Benign prob = 0.1166
Iteration 1348: Benign prob = 0.1177
Iteration 1380: Benign prob = 0.1182
Iteration 1386: Benign prob = 0.1222
Iteration 1407: Benign prob = 0.1285
Iteration 1441: Benign prob = 0.1293
Iteration 1447: Benign prob = 0.1316
Iteration 1449: Benign prob = 0.1339
Iteration 1532: Benign prob = 0.1382
Iteration 1574: Benign prob = 0.1391
Iteration 1575: Benign prob = 0.1394
Iteration 1586: Benign prob = 0.1414
Iteration 1594: Benign prob = 0.1415
Iteration 1617: Benign prob = 0.1426
Iteration 1624: Benign prob = 0.1489
Iteration 1648: Benign prob = 0.1494
Iteration 1664: Benign prob = 0.1569
Iteration 1694: Benign prob = 0.1581
Iteration 1710: Benign prob = 0.1620
Iteration 1746: Benign prob = 0.1641
Iteration 1826: Benign prob = 0.1644
Iteration 1863: Benign prob = 0.1654
Iteration 1865: Benign prob = 0.1730
Iteration 1898: Benign prob = 0.1737
Iteration 1957: Benign prob = 0.1773
Iteration 1966: Benign prob = 0.1782
Iteration 1969: Benign prob = 0.1869
Iteration 1983: Benign prob = 0.1876
Iteration 1988: Benign prob = 0.1897
Iteration 1990: Benign prob = 0.1926
Iteration 2004: Benign prob = 0.1938
Iteration 2005: Benign prob = 0.1964
Iteration 2029: Benign prob = 0.2027
Iteration 2059: Benign prob = 0.2037
Iteration 2074: Benign prob = 0.2073
Iteration 2101: Benign prob = 0.2086
Iteration 2109: Benign prob = 0.2113
Iteration 2124: Benign prob = 0.2162
Iteration 2135: Benign prob = 0.2198
Iteration 2203: Benign prob = 0.2234
Iteration 2208: Benign prob = 0.2264
Iteration 2222: Benign prob = 0.2319
Iteration 2245: Benign prob = 0.2345
Iteration 2320: Benign prob = 0.2368
Iteration 2390: Benign prob = 0.2388
Iteration 2395: Benign prob = 0.2401
Iteration 2396: Benign prob = 0.2598
Iteration 2408: Benign prob = 0.2619
Iteration 2441: Benign prob = 0.2671
Iteration 2451: Benign prob = 0.2682
Iteration 2485: Benign prob = 0.2690
Iteration 2492: Benign prob = 0.2697
Iteration 2512: Benign prob = 0.2773
Iteration 2551: Benign prob = 0.2786
Iteration 2576: Benign prob = 0.2826
Iteration 2602: Benign prob = 0.2831
Iteration 2652: Benign prob = 0.2874
Iteration 2668: Benign prob = 0.2893
Iteration 2705: Benign prob = 0.2905
Iteration 2722: Benign prob = 0.2913
Iteration 2724: Benign prob = 0.2920
Iteration 2761: Benign prob = 0.2962
Iteration 2825: Benign prob = 0.2977
Iteration 2827: Benign prob = 0.3052
Iteration 2841: Benign prob = 0.3066
Iteration 2851: Benign prob = 0.3090
Iteration 2852: Benign prob = 0.3133
Iteration 2982: Benign prob = 0.3144
Iteration 2994: Benign prob = 0.3178
Iteration 3087: Benign prob = 0.3205
Iteration 3095: Benign prob = 0.3266
Iteration 3149: Benign prob = 0.3285
Iteration 3281: Benign prob = 0.3292
Iteration 3289: Benign prob = 0.3305
Iteration 3302: Benign prob = 0.3332
Iteration 3383: Benign prob = 0.3359
Iteration 3466: Benign prob = 0.3368
Iteration 3468: Benign prob = 0.3397
Iteration 3578: Benign prob = 0.3432
Iteration 3592: Benign prob = 0.3444
Iteration 3624: Benign prob = 0.3475
Iteration 3664: Benign prob = 0.3519
Iteration 3673: Benign prob = 0.3529
Iteration 3729: Benign prob = 0.3558
Iteration 3781: Benign prob = 0.3606
Iteration 3822: Benign prob = 0.3609
Iteration 3831: Benign prob = 0.3622
Iteration 3845: Benign prob = 0.3630
Iteration 3885: Benign prob = 0.3642
Iteration 4089: Benign prob = 0.3666
Iteration 4102: Benign prob = 0.3695
Iteration 4104: Benign prob = 0.3717
Iteration 4166: Benign prob = 0.3718
Iteration 4242: Benign prob = 0.3720
Iteration 4256: Benign prob = 0.3734
Iteration 4293: Benign prob = 0.3770
Iteration 4305: Benign prob = 0.3776
Iteration 4320: Benign prob = 0.3855
Iteration 4502: Benign prob = 0.3867
Iteration 4511: Benign prob = 0.3870
Iteration 4544: Benign prob = 0.3892
Iteration 4570: Benign prob = 0.3909
Iteration 4583: Benign prob = 0.3929
Iteration 4597: Benign prob = 0.3976
Iteration 4605: Benign prob = 0.3985
Iteration 4661: Benign prob = 0.4007
Iteration 4681: Benign prob = 0.4073
Iteration 4697: Benign prob = 0.4202
Iteration 4745: Benign prob = 0.4205
Iteration 4764: Benign prob = 0.4214
Iteration 4839: Benign prob = 0.4239
Iteration 4854: Benign prob = 0.4241
Iteration 4867: Benign prob = 0.4311
Iteration 4915: Benign prob = 0.4369
Iteration 4936: Benign prob = 0.4427
Iteration 4947: Benign prob = 0.4475
Iteration 4964: Benign prob = 0.4506
Iteration 4965: Benign prob = 0.4508
Iteration 4980: Benign prob = 0.4588
Iteration 5001: Benign prob = 0.4644
Iteration 5019: Benign prob = 0.4685
Iteration 5054: Benign prob = 0.4687
Iteration 5071: Benign prob = 0.4720
Iteration 5078: Benign prob = 0.4801
Iteration 5085: Benign prob = 0.4805
Iteration 5140: Benign prob = 0.4819
Iteration 5143: Benign prob = 0.4867
Iteration 5223: Benign prob = 0.4883
Iteration 5246: Benign prob = 0.4891
Iteration 5276: Benign prob = 0.4895
Iteration 5297: Benign prob = 0.4932
Iteration 5311: Benign prob = 0.5040
Iteration 5425: Benign prob = 0.5086
Iteration 5450: Benign prob = 0.5104
Iteration 5470: Benign prob = 0.5119
Iteration 5572: Benign prob = 0.5170
Iteration 5591: Benign prob = 0.5207
Iteration 5605: Benign prob = 0.5227
Iteration 5621: Benign prob = 0.5238
Iteration 5629: Benign prob = 0.5246
Iteration 5672: Benign prob = 0.5334
Iteration 5729: Benign prob = 0.5355
Iteration 5751: Benign prob = 0.5359
Iteration 5759: Benign prob = 0.5416
Iteration 5876: Benign prob = 0.5427
Iteration 5927: Benign prob = 0.5443
Iteration 6064: Benign prob = 0.5489
Iteration 6081: Benign prob = 0.5562

 Completed Adversarial Image for image 7 in 17.24 minutes.

--- Adversarial Prediction Results for image 7: (C:\Users\Boss\Downloads\malnet-images\test\adware++grayware++virus\inoco\4A57B2C55E1BD9EA15AF72471A3CA4548E5522DCAE97218064704B70BE27B9DF.png) ---
Predicted class: 11 (benign)
Confidence     : 0.5554
True class     : 6 (adware++grayware++virus)


=== [8/10] Creating EA Adversarial Image for C:\Users\Boss\Downloads\malnet-images\test\adware++grayware++virus\inoco\B67E7E84CF2AD5630ED84F8CF8DDA9844EC37C312A052B761D2DA895228D31F4.png ===

--- Original Prediction Results ---
Predicted class: 42 (trojan)

Confidence     : 0.4587

True class     : 6 (adware++grayware++virus)

Target ('benign') class: 11 (benign)

[INFO] Benign class became best class at iteration 1094 with confidence 0.3201!

Targeted adversarial image created in 2097 iterations.
Benign first predicted at iteration 1094 with confidence 0.3201.

Benign probability changes (iteration, prob):
Iteration 0: Benign prob = 0.0011
Iteration 6: Benign prob = 0.0013
Iteration 7: Benign prob = 0.0015
Iteration 10: Benign prob = 0.0020
Iteration 12: Benign prob = 0.0020
Iteration 13: Benign prob = 0.0022
Iteration 16: Benign prob = 0.0022
Iteration 17: Benign prob = 0.0023
Iteration 23: Benign prob = 0.0023
Iteration 25: Benign prob = 0.0029
Iteration 28: Benign prob = 0.0030
Iteration 30: Benign prob = 0.0030
Iteration 31: Benign prob = 0.0031
Iteration 32: Benign prob = 0.0031
Iteration 42: Benign prob = 0.0032
Iteration 46: Benign prob = 0.0034
Iteration 51: Benign prob = 0.0038
Iteration 57: Benign prob = 0.0039
Iteration 59: Benign prob = 0.0045
Iteration 60: Benign prob = 0.0047
Iteration 64: Benign prob = 0.0047
Iteration 65: Benign prob = 0.0051
Iteration 67: Benign prob = 0.0051
Iteration 68: Benign prob = 0.0052
Iteration 69: Benign prob = 0.0055
Iteration 70: Benign prob = 0.0057
Iteration 72: Benign prob = 0.0059
Iteration 75: Benign prob = 0.0059
Iteration 82: Benign prob = 0.0061
Iteration 92: Benign prob = 0.0072
Iteration 93: Benign prob = 0.0077
Iteration 107: Benign prob = 0.0092
Iteration 109: Benign prob = 0.0098
Iteration 111: Benign prob = 0.0104
Iteration 121: Benign prob = 0.0107
Iteration 139: Benign prob = 0.0107
Iteration 146: Benign prob = 0.0108
Iteration 149: Benign prob = 0.0112
Iteration 154: Benign prob = 0.0121
Iteration 159: Benign prob = 0.0127
Iteration 170: Benign prob = 0.0131
Iteration 172: Benign prob = 0.0141
Iteration 178: Benign prob = 0.0143
Iteration 179: Benign prob = 0.0157
Iteration 205: Benign prob = 0.0157
Iteration 214: Benign prob = 0.0160
Iteration 224: Benign prob = 0.0162
Iteration 227: Benign prob = 0.0163
Iteration 228: Benign prob = 0.0165
Iteration 237: Benign prob = 0.0168
Iteration 240: Benign prob = 0.0177
Iteration 241: Benign prob = 0.0179
Iteration 247: Benign prob = 0.0179
Iteration 253: Benign prob = 0.0192
Iteration 270: Benign prob = 0.0199
Iteration 278: Benign prob = 0.0203
Iteration 280: Benign prob = 0.0208
Iteration 283: Benign prob = 0.0214
Iteration 295: Benign prob = 0.0214
Iteration 308: Benign prob = 0.0216
Iteration 323: Benign prob = 0.0233
Iteration 338: Benign prob = 0.0236
Iteration 344: Benign prob = 0.0243
Iteration 357: Benign prob = 0.0254
Iteration 366: Benign prob = 0.0274
Iteration 381: Benign prob = 0.0277
Iteration 395: Benign prob = 0.0285
Iteration 404: Benign prob = 0.0288
Iteration 409: Benign prob = 0.0290
Iteration 411: Benign prob = 0.0292
Iteration 416: Benign prob = 0.0293
Iteration 417: Benign prob = 0.0301
Iteration 425: Benign prob = 0.0309
Iteration 438: Benign prob = 0.0325
Iteration 444: Benign prob = 0.0335
Iteration 449: Benign prob = 0.0346
Iteration 450: Benign prob = 0.0363
Iteration 457: Benign prob = 0.0373
Iteration 465: Benign prob = 0.0398
Iteration 469: Benign prob = 0.0412
Iteration 476: Benign prob = 0.0414
Iteration 478: Benign prob = 0.0441
Iteration 498: Benign prob = 0.0456
Iteration 501: Benign prob = 0.0457
Iteration 506: Benign prob = 0.0459
Iteration 507: Benign prob = 0.0463
Iteration 508: Benign prob = 0.0507
Iteration 509: Benign prob = 0.0556
Iteration 537: Benign prob = 0.0653
Iteration 546: Benign prob = 0.0697
Iteration 561: Benign prob = 0.0706
Iteration 563: Benign prob = 0.0713
Iteration 572: Benign prob = 0.0758
Iteration 574: Benign prob = 0.0799
Iteration 580: Benign prob = 0.0860
Iteration 589: Benign prob = 0.0870
Iteration 598: Benign prob = 0.0915
Iteration 603: Benign prob = 0.0957
Iteration 609: Benign prob = 0.0978
Iteration 611: Benign prob = 0.1015
Iteration 618: Benign prob = 0.1036
Iteration 619: Benign prob = 0.1076
Iteration 622: Benign prob = 0.1079
Iteration 623: Benign prob = 0.1110
Iteration 624: Benign prob = 0.1179
Iteration 632: Benign prob = 0.1243
Iteration 633: Benign prob = 0.1258
Iteration 635: Benign prob = 0.1311
Iteration 655: Benign prob = 0.1313
Iteration 656: Benign prob = 0.1328
Iteration 666: Benign prob = 0.1365
Iteration 681: Benign prob = 0.1400
Iteration 682: Benign prob = 0.1402
Iteration 695: Benign prob = 0.1428
Iteration 711: Benign prob = 0.1435
Iteration 712: Benign prob = 0.1527
Iteration 738: Benign prob = 0.1555
Iteration 772: Benign prob = 0.1563
Iteration 775: Benign prob = 0.1628
Iteration 778: Benign prob = 0.1735
Iteration 809: Benign prob = 0.1825
Iteration 826: Benign prob = 0.1825
Iteration 837: Benign prob = 0.1865
Iteration 843: Benign prob = 0.1884
Iteration 855: Benign prob = 0.1939
Iteration 883: Benign prob = 0.1955
Iteration 886: Benign prob = 0.2024
Iteration 891: Benign prob = 0.2097
Iteration 897: Benign prob = 0.2148
Iteration 905: Benign prob = 0.2166
Iteration 915: Benign prob = 0.2366
Iteration 923: Benign prob = 0.2406
Iteration 939: Benign prob = 0.2508
Iteration 947: Benign prob = 0.2521
Iteration 950: Benign prob = 0.2537
Iteration 952: Benign prob = 0.2592
Iteration 959: Benign prob = 0.2643
Iteration 981: Benign prob = 0.2686
Iteration 986: Benign prob = 0.2753
Iteration 1012: Benign prob = 0.2754
Iteration 1026: Benign prob = 0.2938
Iteration 1037: Benign prob = 0.2939
Iteration 1046: Benign prob = 0.2988
Iteration 1079: Benign prob = 0.2997
Iteration 1082: Benign prob = 0.3001
Iteration 1092: Benign prob = 0.3171
Iteration 1094: Benign prob = 0.3201
Iteration 1111: Benign prob = 0.3293
Iteration 1137: Benign prob = 0.3365
Iteration 1166: Benign prob = 0.3395
Iteration 1168: Benign prob = 0.3425
Iteration 1177: Benign prob = 0.3579
Iteration 1191: Benign prob = 0.3690
Iteration 1202: Benign prob = 0.3745
Iteration 1208: Benign prob = 0.3760
Iteration 1213: Benign prob = 0.3790
Iteration 1234: Benign prob = 0.3866
Iteration 1243: Benign prob = 0.3921
Iteration 1282: Benign prob = 0.3976
Iteration 1287: Benign prob = 0.4066
Iteration 1320: Benign prob = 0.4234
Iteration 1390: Benign prob = 0.4280
Iteration 1411: Benign prob = 0.4309
Iteration 1446: Benign prob = 0.4314
Iteration 1466: Benign prob = 0.4317
Iteration 1508: Benign prob = 0.4440
Iteration 1509: Benign prob = 0.4545
Iteration 1560: Benign prob = 0.4550
Iteration 1579: Benign prob = 0.4570
Iteration 1601: Benign prob = 0.4585
Iteration 1602: Benign prob = 0.4656
Iteration 1639: Benign prob = 0.4657
Iteration 1661: Benign prob = 0.4743
Iteration 1689: Benign prob = 0.4768
Iteration 1699: Benign prob = 0.4775
Iteration 1703: Benign prob = 0.4821
Iteration 1704: Benign prob = 0.4855
Iteration 1799: Benign prob = 0.4979
Iteration 1868: Benign prob = 0.5080
Iteration 1946: Benign prob = 0.5088
Iteration 1975: Benign prob = 0.5128
Iteration 1978: Benign prob = 0.5222
Iteration 2013: Benign prob = 0.5415
Iteration 2061: Benign prob = 0.5426
Iteration 2090: Benign prob = 0.5476
Iteration 2097: Benign prob = 0.5522

 Completed Adversarial Image for image 8 in 5.97 minutes.

--- Adversarial Prediction Results for image 8: (C:\Users\Boss\Downloads\malnet-images\test\adware++grayware++virus\inoco\B67E7E84CF2AD5630ED84F8CF8DDA9844EC37C312A052B761D2DA895228D31F4.png) ---
Predicted class: 11 (benign)
Confidence     : 0.5504
True class     : 6 (adware++grayware++virus)


=== [9/10] Creating EA Adversarial Image for C:\Users\Boss\Downloads\malnet-images\test\adware++grayware++virus\tencentprotect\5F161F8A7417D2BE778DAA86D6951433B01D0C9D7984A30F626B7DD9819A74B9.png ===

--- Original Prediction Results ---
Predicted class: 15 (clickfraud++riskware)

Confidence     : 0.5300

True class     : 6 (adware++grayware++virus)

Target ('benign') class: 11 (benign)

[INFO] Benign class became best class at iteration 6851 with confidence 0.3240!

Failed to generate adversarial image in 10000 iterations.
Benign first predicted at iteration 6851 with confidence 0.3240.

Benign probability changes (iteration, prob):
Iteration 0: Benign prob = 0.0005
Iteration 1: Benign prob = 0.0006
Iteration 2: Benign prob = 0.0007
Iteration 4: Benign prob = 0.0009
Iteration 5: Benign prob = 0.0012
Iteration 6: Benign prob = 0.0020
Iteration 7: Benign prob = 0.0021
Iteration 14: Benign prob = 0.0022
Iteration 15: Benign prob = 0.0022
Iteration 16: Benign prob = 0.0024
Iteration 20: Benign prob = 0.0026
Iteration 24: Benign prob = 0.0026
Iteration 28: Benign prob = 0.0029
Iteration 32: Benign prob = 0.0029
Iteration 38: Benign prob = 0.0031
Iteration 39: Benign prob = 0.0031
Iteration 44: Benign prob = 0.0033
Iteration 46: Benign prob = 0.0034
Iteration 49: Benign prob = 0.0034
Iteration 51: Benign prob = 0.0034
Iteration 54: Benign prob = 0.0035
Iteration 55: Benign prob = 0.0037
Iteration 57: Benign prob = 0.0041
Iteration 61: Benign prob = 0.0042
Iteration 62: Benign prob = 0.0042
Iteration 64: Benign prob = 0.0043
Iteration 65: Benign prob = 0.0045
Iteration 66: Benign prob = 0.0047
Iteration 67: Benign prob = 0.0050
Iteration 74: Benign prob = 0.0051
Iteration 76: Benign prob = 0.0054
Iteration 80: Benign prob = 0.0055
Iteration 83: Benign prob = 0.0055
Iteration 84: Benign prob = 0.0058
Iteration 87: Benign prob = 0.0058
Iteration 88: Benign prob = 0.0060
Iteration 92: Benign prob = 0.0064
Iteration 95: Benign prob = 0.0067
Iteration 103: Benign prob = 0.0070
Iteration 106: Benign prob = 0.0071
Iteration 112: Benign prob = 0.0076
Iteration 116: Benign prob = 0.0078
Iteration 123: Benign prob = 0.0079
Iteration 135: Benign prob = 0.0082
Iteration 151: Benign prob = 0.0084
Iteration 154: Benign prob = 0.0086
Iteration 159: Benign prob = 0.0088
Iteration 164: Benign prob = 0.0090
Iteration 174: Benign prob = 0.0091
Iteration 178: Benign prob = 0.0095
Iteration 189: Benign prob = 0.0096
Iteration 201: Benign prob = 0.0096
Iteration 216: Benign prob = 0.0098
Iteration 217: Benign prob = 0.0103
Iteration 235: Benign prob = 0.0104
Iteration 238: Benign prob = 0.0122
Iteration 270: Benign prob = 0.0126
Iteration 287: Benign prob = 0.0127
Iteration 291: Benign prob = 0.0129
Iteration 302: Benign prob = 0.0130
Iteration 303: Benign prob = 0.0144
Iteration 304: Benign prob = 0.0148
Iteration 313: Benign prob = 0.0148
Iteration 315: Benign prob = 0.0149
Iteration 323: Benign prob = 0.0149
Iteration 326: Benign prob = 0.0152
Iteration 341: Benign prob = 0.0159
Iteration 342: Benign prob = 0.0161
Iteration 392: Benign prob = 0.0165
Iteration 399: Benign prob = 0.0167
Iteration 409: Benign prob = 0.0168
Iteration 435: Benign prob = 0.0169
Iteration 446: Benign prob = 0.0173
Iteration 447: Benign prob = 0.0177
Iteration 449: Benign prob = 0.0181
Iteration 472: Benign prob = 0.0195
Iteration 512: Benign prob = 0.0199
Iteration 530: Benign prob = 0.0199
Iteration 542: Benign prob = 0.0206
Iteration 560: Benign prob = 0.0212
Iteration 595: Benign prob = 0.0220
Iteration 614: Benign prob = 0.0222
Iteration 615: Benign prob = 0.0226
Iteration 629: Benign prob = 0.0231
Iteration 644: Benign prob = 0.0240
Iteration 675: Benign prob = 0.0244
Iteration 686: Benign prob = 0.0245
Iteration 687: Benign prob = 0.0247
Iteration 693: Benign prob = 0.0250
Iteration 700: Benign prob = 0.0251
Iteration 721: Benign prob = 0.0256
Iteration 722: Benign prob = 0.0270
Iteration 723: Benign prob = 0.0275
Iteration 759: Benign prob = 0.0278
Iteration 768: Benign prob = 0.0296
Iteration 784: Benign prob = 0.0329
Iteration 797: Benign prob = 0.0330
Iteration 856: Benign prob = 0.0335
Iteration 861: Benign prob = 0.0337
Iteration 887: Benign prob = 0.0352
Iteration 913: Benign prob = 0.0354
Iteration 916: Benign prob = 0.0359
Iteration 917: Benign prob = 0.0363
Iteration 947: Benign prob = 0.0365
Iteration 968: Benign prob = 0.0372
Iteration 979: Benign prob = 0.0386
Iteration 1021: Benign prob = 0.0389
Iteration 1027: Benign prob = 0.0393
Iteration 1055: Benign prob = 0.0395
Iteration 1070: Benign prob = 0.0398
Iteration 1079: Benign prob = 0.0408
Iteration 1087: Benign prob = 0.0410
Iteration 1098: Benign prob = 0.0411
Iteration 1122: Benign prob = 0.0411
Iteration 1168: Benign prob = 0.0415
Iteration 1222: Benign prob = 0.0417
Iteration 1223: Benign prob = 0.0420
Iteration 1281: Benign prob = 0.0421
Iteration 1288: Benign prob = 0.0423
Iteration 1315: Benign prob = 0.0434
Iteration 1318: Benign prob = 0.0438
Iteration 1325: Benign prob = 0.0441
Iteration 1404: Benign prob = 0.0450
Iteration 1408: Benign prob = 0.0451
Iteration 1412: Benign prob = 0.0459
Iteration 1432: Benign prob = 0.0464
Iteration 1435: Benign prob = 0.0466
Iteration 1450: Benign prob = 0.0470
Iteration 1454: Benign prob = 0.0471
Iteration 1456: Benign prob = 0.0478
Iteration 1469: Benign prob = 0.0496
Iteration 1528: Benign prob = 0.0496
Iteration 1538: Benign prob = 0.0499
Iteration 1550: Benign prob = 0.0502
Iteration 1567: Benign prob = 0.0524
Iteration 1579: Benign prob = 0.0531
Iteration 1601: Benign prob = 0.0534
Iteration 1617: Benign prob = 0.0551
Iteration 1619: Benign prob = 0.0558
Iteration 1681: Benign prob = 0.0596
Iteration 1721: Benign prob = 0.0600
Iteration 1754: Benign prob = 0.0618
Iteration 1780: Benign prob = 0.0619
Iteration 1870: Benign prob = 0.0621
Iteration 1919: Benign prob = 0.0624
Iteration 1933: Benign prob = 0.0636
Iteration 1979: Benign prob = 0.0642
Iteration 2011: Benign prob = 0.0660
Iteration 2035: Benign prob = 0.0663
Iteration 2036: Benign prob = 0.0664
Iteration 2043: Benign prob = 0.0672
Iteration 2051: Benign prob = 0.0711
Iteration 2068: Benign prob = 0.0711
Iteration 2075: Benign prob = 0.0713
Iteration 2082: Benign prob = 0.0726
Iteration 2091: Benign prob = 0.0788
Iteration 2190: Benign prob = 0.0833
Iteration 2218: Benign prob = 0.0876
Iteration 2229: Benign prob = 0.0878
Iteration 2245: Benign prob = 0.0907
Iteration 2284: Benign prob = 0.0910
Iteration 2303: Benign prob = 0.0916
Iteration 2324: Benign prob = 0.0935
Iteration 2431: Benign prob = 0.0938
Iteration 2447: Benign prob = 0.0953
Iteration 2459: Benign prob = 0.0971
Iteration 2484: Benign prob = 0.0973
Iteration 2554: Benign prob = 0.0977
Iteration 2639: Benign prob = 0.0978
Iteration 2663: Benign prob = 0.1024
Iteration 2757: Benign prob = 0.1025
Iteration 2803: Benign prob = 0.1026
Iteration 2833: Benign prob = 0.1040
Iteration 2837: Benign prob = 0.1052
Iteration 2876: Benign prob = 0.1066
Iteration 2882: Benign prob = 0.1085
Iteration 2919: Benign prob = 0.1091
Iteration 2923: Benign prob = 0.1095
Iteration 2947: Benign prob = 0.1104
Iteration 2965: Benign prob = 0.1111
Iteration 2970: Benign prob = 0.1121
Iteration 3023: Benign prob = 0.1127
Iteration 3062: Benign prob = 0.1140
Iteration 3072: Benign prob = 0.1140
Iteration 3103: Benign prob = 0.1144
Iteration 3118: Benign prob = 0.1162
Iteration 3208: Benign prob = 0.1165
Iteration 3257: Benign prob = 0.1201
Iteration 3292: Benign prob = 0.1220
Iteration 3314: Benign prob = 0.1228
Iteration 3337: Benign prob = 0.1230
Iteration 3378: Benign prob = 0.1238
Iteration 3385: Benign prob = 0.1266
Iteration 3472: Benign prob = 0.1317
Iteration 3514: Benign prob = 0.1320
Iteration 3516: Benign prob = 0.1327
Iteration 3580: Benign prob = 0.1329
Iteration 3686: Benign prob = 0.1334
Iteration 3710: Benign prob = 0.1372
Iteration 3732: Benign prob = 0.1377
Iteration 3738: Benign prob = 0.1400
Iteration 3754: Benign prob = 0.1406
Iteration 3797: Benign prob = 0.1428
Iteration 3912: Benign prob = 0.1436
Iteration 3914: Benign prob = 0.1437
Iteration 3955: Benign prob = 0.1476
Iteration 3963: Benign prob = 0.1482
Iteration 4079: Benign prob = 0.1501
Iteration 4088: Benign prob = 0.1531
Iteration 4104: Benign prob = 0.1537
Iteration 4137: Benign prob = 0.1555
Iteration 4141: Benign prob = 0.1562
Iteration 4182: Benign prob = 0.1566
Iteration 4185: Benign prob = 0.1592
Iteration 4258: Benign prob = 0.1605
Iteration 4263: Benign prob = 0.1611
Iteration 4369: Benign prob = 0.1664
Iteration 4381: Benign prob = 0.1679
Iteration 4386: Benign prob = 0.1693
Iteration 4439: Benign prob = 0.1698
Iteration 4513: Benign prob = 0.1706
Iteration 4523: Benign prob = 0.1712
Iteration 4544: Benign prob = 0.1732
Iteration 4552: Benign prob = 0.1772
Iteration 4659: Benign prob = 0.1778
Iteration 4714: Benign prob = 0.1782
Iteration 4743: Benign prob = 0.1800
Iteration 4768: Benign prob = 0.1888
Iteration 4890: Benign prob = 0.1891
Iteration 4966: Benign prob = 0.1894
Iteration 4978: Benign prob = 0.1907
Iteration 5006: Benign prob = 0.1921
Iteration 5073: Benign prob = 0.1949
Iteration 5127: Benign prob = 0.1979
Iteration 5145: Benign prob = 0.1991
Iteration 5151: Benign prob = 0.2032
Iteration 5154: Benign prob = 0.2080
Iteration 5204: Benign prob = 0.2088
Iteration 5257: Benign prob = 0.2099
Iteration 5311: Benign prob = 0.2109
Iteration 5349: Benign prob = 0.2132
Iteration 5363: Benign prob = 0.2142
Iteration 5375: Benign prob = 0.2142
Iteration 5407: Benign prob = 0.2170
Iteration 5550: Benign prob = 0.2171
Iteration 5615: Benign prob = 0.2173
Iteration 5621: Benign prob = 0.2241
Iteration 5668: Benign prob = 0.2263
Iteration 5695: Benign prob = 0.2293
Iteration 5730: Benign prob = 0.2350
Iteration 5755: Benign prob = 0.2393
Iteration 5821: Benign prob = 0.2446
Iteration 5830: Benign prob = 0.2451
Iteration 5840: Benign prob = 0.2472
Iteration 5921: Benign prob = 0.2478
Iteration 5931: Benign prob = 0.2546
Iteration 5933: Benign prob = 0.2546
Iteration 6142: Benign prob = 0.2583
Iteration 6255: Benign prob = 0.2601
Iteration 6295: Benign prob = 0.2658
Iteration 6310: Benign prob = 0.2699
Iteration 6342: Benign prob = 0.2716
Iteration 6383: Benign prob = 0.2729
Iteration 6474: Benign prob = 0.2779
Iteration 6503: Benign prob = 0.2853
Iteration 6541: Benign prob = 0.2890
Iteration 6559: Benign prob = 0.2896
Iteration 6609: Benign prob = 0.3023
Iteration 6663: Benign prob = 0.3029
Iteration 6726: Benign prob = 0.3038
Iteration 6831: Benign prob = 0.3099
Iteration 6839: Benign prob = 0.3129
Iteration 6844: Benign prob = 0.3134
Iteration 6851: Benign prob = 0.3240
Iteration 6869: Benign prob = 0.3244
Iteration 6883: Benign prob = 0.3262
Iteration 6919: Benign prob = 0.3323
Iteration 6965: Benign prob = 0.3328
Iteration 7000: Benign prob = 0.3349
Iteration 7048: Benign prob = 0.3351
Iteration 7062: Benign prob = 0.3433
Iteration 7126: Benign prob = 0.3448
Iteration 7218: Benign prob = 0.3463
Iteration 7222: Benign prob = 0.3515
Iteration 7264: Benign prob = 0.3551
Iteration 7316: Benign prob = 0.3579
Iteration 7488: Benign prob = 0.3585
Iteration 7523: Benign prob = 0.3628
Iteration 7527: Benign prob = 0.3630
Iteration 7567: Benign prob = 0.3655
Iteration 7620: Benign prob = 0.3660
Iteration 7639: Benign prob = 0.3691
Iteration 7739: Benign prob = 0.3781
Iteration 7802: Benign prob = 0.3807
Iteration 7834: Benign prob = 0.3820
Iteration 7934: Benign prob = 0.3832
Iteration 7935: Benign prob = 0.3926
Iteration 8097: Benign prob = 0.3933
Iteration 8101: Benign prob = 0.3937
Iteration 8144: Benign prob = 0.3947
Iteration 8270: Benign prob = 0.3966
Iteration 8315: Benign prob = 0.3983
Iteration 8441: Benign prob = 0.4007
Iteration 8480: Benign prob = 0.4019
Iteration 8495: Benign prob = 0.4056
Iteration 8497: Benign prob = 0.4077
Iteration 8505: Benign prob = 0.4106
Iteration 8507: Benign prob = 0.4123
Iteration 8529: Benign prob = 0.4136
Iteration 8647: Benign prob = 0.4150
Iteration 8666: Benign prob = 0.4157
Iteration 8846: Benign prob = 0.4199
Iteration 8922: Benign prob = 0.4218
Iteration 9021: Benign prob = 0.4222
Iteration 9100: Benign prob = 0.4232
Iteration 9181: Benign prob = 0.4238
Iteration 9333: Benign prob = 0.4282
Iteration 9485: Benign prob = 0.4290
Iteration 9491: Benign prob = 0.4308
Iteration 9610: Benign prob = 0.4333
Iteration 9763: Benign prob = 0.4336
Iteration 9995: Benign prob = 0.4342

 Completed Adversarial Image for image 9 in 28.51 minutes.

--- Adversarial Prediction Results for image 9: (C:\Users\Boss\Downloads\malnet-images\test\adware++grayware++virus\tencentprotect\5F161F8A7417D2BE778DAA86D6951433B01D0C9D7984A30F626B7DD9819A74B9.png) ---
Predicted class: 15 (clickfraud++riskware)
Confidence     : 0.5300
True class     : 6 (adware++grayware++virus)


=== [10/10] Creating EA Adversarial Image for C:\Users\Boss\Downloads\malnet-images\test\adware++grayware++virus\tencentprotect\0223C3072EC49E0F796885355E450CED37A799FBB299E4E91D5CBCCD12E2E1C6.png ===

--- Original Prediction Results ---
Predicted class: 15 (clickfraud++riskware)

Confidence     : 0.5016

True class     : 6 (adware++grayware++virus)

Target ('benign') class: 11 (benign)

[INFO] Benign class became best class at iteration 1019 with confidence 0.3123!

Targeted adversarial image created in 2632 iterations.
Benign first predicted at iteration 1019 with confidence 0.3123.

Benign probability changes (iteration, prob):
Iteration 0: Benign prob = 0.0005
Iteration 1: Benign prob = 0.0006
Iteration 2: Benign prob = 0.0008
Iteration 3: Benign prob = 0.0014
Iteration 4: Benign prob = 0.0016
Iteration 7: Benign prob = 0.0017
Iteration 8: Benign prob = 0.0018
Iteration 9: Benign prob = 0.0019
Iteration 10: Benign prob = 0.0020
Iteration 13: Benign prob = 0.0021
Iteration 14: Benign prob = 0.0022
Iteration 15: Benign prob = 0.0022
Iteration 16: Benign prob = 0.0023
Iteration 17: Benign prob = 0.0024
Iteration 19: Benign prob = 0.0026
Iteration 20: Benign prob = 0.0027
Iteration 22: Benign prob = 0.0028
Iteration 24: Benign prob = 0.0029
Iteration 30: Benign prob = 0.0031
Iteration 31: Benign prob = 0.0031
Iteration 33: Benign prob = 0.0032
Iteration 34: Benign prob = 0.0034
Iteration 37: Benign prob = 0.0036
Iteration 39: Benign prob = 0.0037
Iteration 47: Benign prob = 0.0039
Iteration 51: Benign prob = 0.0041
Iteration 53: Benign prob = 0.0047
Iteration 55: Benign prob = 0.0053
Iteration 69: Benign prob = 0.0058
Iteration 73: Benign prob = 0.0060
Iteration 74: Benign prob = 0.0060
Iteration 75: Benign prob = 0.0062
Iteration 76: Benign prob = 0.0066
Iteration 78: Benign prob = 0.0067
Iteration 79: Benign prob = 0.0067
Iteration 82: Benign prob = 0.0069
Iteration 84: Benign prob = 0.0070
Iteration 86: Benign prob = 0.0071
Iteration 89: Benign prob = 0.0076
Iteration 93: Benign prob = 0.0080
Iteration 94: Benign prob = 0.0094
Iteration 98: Benign prob = 0.0096
Iteration 103: Benign prob = 0.0096
Iteration 106: Benign prob = 0.0099
Iteration 110: Benign prob = 0.0102
Iteration 117: Benign prob = 0.0103
Iteration 123: Benign prob = 0.0104
Iteration 125: Benign prob = 0.0107
Iteration 129: Benign prob = 0.0119
Iteration 130: Benign prob = 0.0126
Iteration 135: Benign prob = 0.0131
Iteration 144: Benign prob = 0.0132
Iteration 149: Benign prob = 0.0135
Iteration 156: Benign prob = 0.0142
Iteration 160: Benign prob = 0.0150
Iteration 175: Benign prob = 0.0151
Iteration 178: Benign prob = 0.0161
Iteration 182: Benign prob = 0.0169
Iteration 190: Benign prob = 0.0183
Iteration 212: Benign prob = 0.0192
Iteration 220: Benign prob = 0.0209
Iteration 249: Benign prob = 0.0217
Iteration 258: Benign prob = 0.0220
Iteration 260: Benign prob = 0.0220
Iteration 262: Benign prob = 0.0224
Iteration 263: Benign prob = 0.0231
Iteration 268: Benign prob = 0.0232
Iteration 272: Benign prob = 0.0265
Iteration 274: Benign prob = 0.0266
Iteration 287: Benign prob = 0.0281
Iteration 289: Benign prob = 0.0308
Iteration 293: Benign prob = 0.0326
Iteration 300: Benign prob = 0.0338
Iteration 305: Benign prob = 0.0377
Iteration 312: Benign prob = 0.0426
Iteration 315: Benign prob = 0.0465
Iteration 319: Benign prob = 0.0501
Iteration 320: Benign prob = 0.0510
Iteration 321: Benign prob = 0.0532
Iteration 325: Benign prob = 0.0549
Iteration 326: Benign prob = 0.0581
Iteration 332: Benign prob = 0.0632
Iteration 333: Benign prob = 0.0656
Iteration 341: Benign prob = 0.0711
Iteration 346: Benign prob = 0.0775
Iteration 352: Benign prob = 0.0788
Iteration 358: Benign prob = 0.0903
Iteration 372: Benign prob = 0.0927
Iteration 378: Benign prob = 0.0942
Iteration 391: Benign prob = 0.0993
Iteration 399: Benign prob = 0.1003
Iteration 409: Benign prob = 0.1005
Iteration 417: Benign prob = 0.1040
Iteration 420: Benign prob = 0.1072
Iteration 422: Benign prob = 0.1099
Iteration 432: Benign prob = 0.1103
Iteration 433: Benign prob = 0.1120
Iteration 449: Benign prob = 0.1177
Iteration 463: Benign prob = 0.1234
Iteration 464: Benign prob = 0.1293
Iteration 497: Benign prob = 0.1306
Iteration 507: Benign prob = 0.1314
Iteration 514: Benign prob = 0.1342
Iteration 524: Benign prob = 0.1495
Iteration 535: Benign prob = 0.1538
Iteration 542: Benign prob = 0.1619
Iteration 576: Benign prob = 0.1705
Iteration 581: Benign prob = 0.1785
Iteration 589: Benign prob = 0.1787
Iteration 594: Benign prob = 0.1818
Iteration 598: Benign prob = 0.1838
Iteration 608: Benign prob = 0.1847
Iteration 611: Benign prob = 0.1867
Iteration 631: Benign prob = 0.1874
Iteration 640: Benign prob = 0.1961
Iteration 734: Benign prob = 0.2001
Iteration 755: Benign prob = 0.2002
Iteration 756: Benign prob = 0.2033
Iteration 770: Benign prob = 0.2116
Iteration 835: Benign prob = 0.2200
Iteration 861: Benign prob = 0.2307
Iteration 871: Benign prob = 0.2387
Iteration 885: Benign prob = 0.2514
Iteration 908: Benign prob = 0.2544
Iteration 919: Benign prob = 0.2578
Iteration 934: Benign prob = 0.2591
Iteration 939: Benign prob = 0.2671
Iteration 949: Benign prob = 0.2718
Iteration 953: Benign prob = 0.2805
Iteration 955: Benign prob = 0.2844
Iteration 971: Benign prob = 0.2844
Iteration 984: Benign prob = 0.2935
Iteration 993: Benign prob = 0.2975
Iteration 1009: Benign prob = 0.2979
Iteration 1019: Benign prob = 0.3123
Iteration 1035: Benign prob = 0.3129
Iteration 1072: Benign prob = 0.3265
Iteration 1099: Benign prob = 0.3269
Iteration 1110: Benign prob = 0.3280
Iteration 1111: Benign prob = 0.3320
Iteration 1166: Benign prob = 0.3404
Iteration 1183: Benign prob = 0.3463
Iteration 1222: Benign prob = 0.3531
Iteration 1240: Benign prob = 0.3560
Iteration 1242: Benign prob = 0.3570
Iteration 1297: Benign prob = 0.3588
Iteration 1332: Benign prob = 0.3590
Iteration 1337: Benign prob = 0.3612
Iteration 1370: Benign prob = 0.3643
Iteration 1392: Benign prob = 0.3744
Iteration 1506: Benign prob = 0.3754
Iteration 1554: Benign prob = 0.3876
Iteration 1611: Benign prob = 0.3896
Iteration 1615: Benign prob = 0.3908
Iteration 1654: Benign prob = 0.4012
Iteration 1665: Benign prob = 0.4085
Iteration 1701: Benign prob = 0.4087
Iteration 1714: Benign prob = 0.4168
Iteration 1795: Benign prob = 0.4243
Iteration 1829: Benign prob = 0.4264
Iteration 1871: Benign prob = 0.4370
Iteration 1893: Benign prob = 0.4373
Iteration 1921: Benign prob = 0.4424
Iteration 1927: Benign prob = 0.4448
Iteration 1963: Benign prob = 0.4468
Iteration 1965: Benign prob = 0.4478
Iteration 1979: Benign prob = 0.4581
Iteration 2005: Benign prob = 0.4823
Iteration 2034: Benign prob = 0.4865
Iteration 2040: Benign prob = 0.4876
Iteration 2065: Benign prob = 0.4889
Iteration 2072: Benign prob = 0.4895
Iteration 2124: Benign prob = 0.4943
Iteration 2159: Benign prob = 0.4945
Iteration 2211: Benign prob = 0.4963
Iteration 2227: Benign prob = 0.5021
Iteration 2228: Benign prob = 0.5090
Iteration 2308: Benign prob = 0.5174
Iteration 2378: Benign prob = 0.5265
Iteration 2473: Benign prob = 0.5319
Iteration 2512: Benign prob = 0.5342
Iteration 2516: Benign prob = 0.5357
Iteration 2533: Benign prob = 0.5368
Iteration 2547: Benign prob = 0.5378
Iteration 2548: Benign prob = 0.5395
Iteration 2563: Benign prob = 0.5458
Iteration 2580: Benign prob = 0.5471
Iteration 2628: Benign prob = 0.5479
Iteration 2632: Benign prob = 0.5564

 Completed Adversarial Image for image 10 in 7.42 minutes.

--- Adversarial Prediction Results for image 10: (C:\Users\Boss\Downloads\malnet-images\test\adware++grayware++virus\tencentprotect\0223C3072EC49E0F796885355E450CED37A799FBB299E4E91D5CBCCD12E2E1C6.png) ---
Predicted class: 11 (benign)
Confidence     : 0.5581
True class     : 6 (adware++grayware++virus)
