GPU 0: NVIDIA GeForce RTX 3050 Laptop GPU with 4095.5 MB memory
Using device: cuda


=== [1/10] Creating EA Adversarial Image for D:\malnet-images\test\clicker\delayload\83DE7CE9D1228A011D3C8010CBEC3C016BCF6D92E5E9901903D10A49832D59F4.png ===

--- Original Prediction Results ---
Predicted class: 42 (trojan)

Confidence     : 0.5338

True class     : 13 (clicker)

Target ('benign') class: 11 (benign)

[INFO] Benign class became best class at iteration 594 with confidence 0.3586!

Targeted adversarial image created in 919 iterations.
Benign first became best at iteration 594 with confidence 0.3586

Benign probability changes (iteration, prob):
Iteration 0: Benign prob = 0.0063
Iteration 53: Benign prob = 0.0065
Iteration 56: Benign prob = 0.0069
Iteration 57: Benign prob = 0.0070
Iteration 60: Benign prob = 0.0081
Iteration 62: Benign prob = 0.0085
Iteration 63: Benign prob = 0.0113
Iteration 64: Benign prob = 0.0114
Iteration 65: Benign prob = 0.0122
Iteration 66: Benign prob = 0.0122
Iteration 68: Benign prob = 0.0140
Iteration 69: Benign prob = 0.0146
Iteration 70: Benign prob = 0.0165
Iteration 73: Benign prob = 0.0175
Iteration 74: Benign prob = 0.0180
Iteration 75: Benign prob = 0.0199
Iteration 81: Benign prob = 0.0223
Iteration 83: Benign prob = 0.0230
Iteration 88: Benign prob = 0.0305
Iteration 98: Benign prob = 0.0338
Iteration 101: Benign prob = 0.0381
Iteration 102: Benign prob = 0.0393
Iteration 105: Benign prob = 0.0429
Iteration 109: Benign prob = 0.0529
Iteration 124: Benign prob = 0.0650
Iteration 135: Benign prob = 0.0652
Iteration 139: Benign prob = 0.0669
Iteration 146: Benign prob = 0.0669
Iteration 147: Benign prob = 0.0688
Iteration 154: Benign prob = 0.0748
Iteration 160: Benign prob = 0.0828
Iteration 168: Benign prob = 0.0914
Iteration 174: Benign prob = 0.1007
Iteration 198: Benign prob = 0.1094
Iteration 218: Benign prob = 0.1209
Iteration 225: Benign prob = 0.1223
Iteration 230: Benign prob = 0.1250
Iteration 247: Benign prob = 0.1350
Iteration 250: Benign prob = 0.1431
Iteration 270: Benign prob = 0.1463
Iteration 273: Benign prob = 0.1715
Iteration 293: Benign prob = 0.1716
Iteration 294: Benign prob = 0.1729
Iteration 295: Benign prob = 0.1802
Iteration 298: Benign prob = 0.1909
Iteration 307: Benign prob = 0.1963
Iteration 317: Benign prob = 0.2044
Iteration 320: Benign prob = 0.2108
Iteration 340: Benign prob = 0.2114
Iteration 347: Benign prob = 0.2168
Iteration 358: Benign prob = 0.2184
Iteration 373: Benign prob = 0.2228
Iteration 374: Benign prob = 0.2367
Iteration 416: Benign prob = 0.2433
Iteration 425: Benign prob = 0.2482
Iteration 428: Benign prob = 0.2564
Iteration 439: Benign prob = 0.2765
Iteration 477: Benign prob = 0.2794
Iteration 480: Benign prob = 0.2833
Iteration 486: Benign prob = 0.2984
Iteration 491: Benign prob = 0.2992
Iteration 502: Benign prob = 0.2998
Iteration 505: Benign prob = 0.3079
Iteration 514: Benign prob = 0.3144
Iteration 533: Benign prob = 0.3157
Iteration 536: Benign prob = 0.3323
Iteration 591: Benign prob = 0.3401
Iteration 594: Benign prob = 0.3586
Iteration 609: Benign prob = 0.3713
Iteration 616: Benign prob = 0.3815
Iteration 631: Benign prob = 0.3938
Iteration 644: Benign prob = 0.4157
Iteration 661: Benign prob = 0.4246
Iteration 663: Benign prob = 0.4336
Iteration 667: Benign prob = 0.4455
Iteration 696: Benign prob = 0.4504
Iteration 713: Benign prob = 0.4639
Iteration 714: Benign prob = 0.4640
Iteration 717: Benign prob = 0.4711
Iteration 746: Benign prob = 0.4724
Iteration 747: Benign prob = 0.4760
Iteration 761: Benign prob = 0.4773
Iteration 770: Benign prob = 0.4960
Iteration 801: Benign prob = 0.5042
Iteration 861: Benign prob = 0.5042
Iteration 862: Benign prob = 0.5056
Iteration 864: Benign prob = 0.5107
Iteration 878: Benign prob = 0.5239
Iteration 879: Benign prob = 0.5245
Iteration 880: Benign prob = 0.5279
Iteration 884: Benign prob = 0.5331
Iteration 892: Benign prob = 0.5370
Iteration 911: Benign prob = 0.5471
Iteration 919: Benign prob = 0.5539

 Completed Adversarial Image for image 1 in 3.46 minutes.

--- Adversarial Prediction Results for image 1: (D:\malnet-images\test\clicker\delayload\83DE7CE9D1228A011D3C8010CBEC3C016BCF6D92E5E9901903D10A49832D59F4.png) ---
Predicted class: 11 (benign)
Confidence     : 0.5532
True class     : 13 (clicker)


=== [2/10] Creating EA Adversarial Image for D:\malnet-images\test\clicker\dowgin\97807EED75359764C60165A3FC1C61AB52B9DAE40824994C74DEE4CC83ACD316.png ===

--- Original Prediction Results ---
Predicted class: 42 (trojan)

Confidence     : 0.4329

True class     : 13 (clicker)

Target ('benign') class: 11 (benign)

[INFO] Benign class became best class at iteration 524 with confidence 0.3477!

Targeted adversarial image created in 713 iterations.
Benign first became best at iteration 524 with confidence 0.3477

Benign probability changes (iteration, prob):
Iteration 0: Benign prob = 0.0135
Iteration 271: Benign prob = 0.0136
Iteration 274: Benign prob = 0.0148
Iteration 275: Benign prob = 0.0155
Iteration 282: Benign prob = 0.0158
Iteration 284: Benign prob = 0.0170
Iteration 285: Benign prob = 0.0173
Iteration 287: Benign prob = 0.0190
Iteration 289: Benign prob = 0.0216
Iteration 290: Benign prob = 0.0242
Iteration 293: Benign prob = 0.0282
Iteration 302: Benign prob = 0.0286
Iteration 303: Benign prob = 0.0295
Iteration 305: Benign prob = 0.0315
Iteration 307: Benign prob = 0.0343
Iteration 310: Benign prob = 0.0346
Iteration 311: Benign prob = 0.0364
Iteration 312: Benign prob = 0.0366
Iteration 314: Benign prob = 0.0389
Iteration 321: Benign prob = 0.0395
Iteration 322: Benign prob = 0.0476
Iteration 328: Benign prob = 0.0489
Iteration 333: Benign prob = 0.0524
Iteration 337: Benign prob = 0.0589
Iteration 342: Benign prob = 0.0615
Iteration 344: Benign prob = 0.0617
Iteration 345: Benign prob = 0.0634
Iteration 346: Benign prob = 0.0690
Iteration 347: Benign prob = 0.0728
Iteration 348: Benign prob = 0.0791
Iteration 360: Benign prob = 0.0838
Iteration 365: Benign prob = 0.0861
Iteration 367: Benign prob = 0.0929
Iteration 369: Benign prob = 0.0942
Iteration 370: Benign prob = 0.0948
Iteration 373: Benign prob = 0.0953
Iteration 376: Benign prob = 0.0991
Iteration 378: Benign prob = 0.1165
Iteration 391: Benign prob = 0.1185
Iteration 397: Benign prob = 0.1211
Iteration 398: Benign prob = 0.1233
Iteration 403: Benign prob = 0.1267
Iteration 406: Benign prob = 0.1314
Iteration 407: Benign prob = 0.1473
Iteration 414: Benign prob = 0.1558
Iteration 417: Benign prob = 0.1621
Iteration 419: Benign prob = 0.1667
Iteration 426: Benign prob = 0.1677
Iteration 427: Benign prob = 0.1736
Iteration 428: Benign prob = 0.1805
Iteration 431: Benign prob = 0.1884
Iteration 443: Benign prob = 0.2067
Iteration 453: Benign prob = 0.2115
Iteration 455: Benign prob = 0.2190
Iteration 457: Benign prob = 0.2271
Iteration 463: Benign prob = 0.2281
Iteration 467: Benign prob = 0.2292
Iteration 469: Benign prob = 0.2330
Iteration 471: Benign prob = 0.2368
Iteration 472: Benign prob = 0.2382
Iteration 476: Benign prob = 0.2421
Iteration 478: Benign prob = 0.2537
Iteration 479: Benign prob = 0.2692
Iteration 490: Benign prob = 0.2967
Iteration 491: Benign prob = 0.3278
Iteration 509: Benign prob = 0.3345
Iteration 524: Benign prob = 0.3477
Iteration 529: Benign prob = 0.3607
Iteration 531: Benign prob = 0.4015
Iteration 542: Benign prob = 0.4058
Iteration 554: Benign prob = 0.4184
Iteration 578: Benign prob = 0.4197
Iteration 580: Benign prob = 0.4201
Iteration 595: Benign prob = 0.4234
Iteration 599: Benign prob = 0.4395
Iteration 600: Benign prob = 0.4506
Iteration 607: Benign prob = 0.4507
Iteration 619: Benign prob = 0.4541
Iteration 620: Benign prob = 0.4569
Iteration 621: Benign prob = 0.4614
Iteration 622: Benign prob = 0.4638
Iteration 623: Benign prob = 0.4900
Iteration 626: Benign prob = 0.4935
Iteration 659: Benign prob = 0.4953
Iteration 661: Benign prob = 0.4964
Iteration 667: Benign prob = 0.5041
Iteration 680: Benign prob = 0.5054
Iteration 684: Benign prob = 0.5122
Iteration 695: Benign prob = 0.5345
Iteration 704: Benign prob = 0.5377
Iteration 706: Benign prob = 0.5458
Iteration 710: Benign prob = 0.5497
Iteration 713: Benign prob = 0.5611

 Completed Adversarial Image for image 2 in 2.67 minutes.

--- Adversarial Prediction Results for image 2: (D:\malnet-images\test\clicker\dowgin\97807EED75359764C60165A3FC1C61AB52B9DAE40824994C74DEE4CC83ACD316.png) ---
Predicted class: 11 (benign)
Confidence     : 0.5617
True class     : 13 (clicker)


=== [3/10] Creating EA Adversarial Image for D:\malnet-images\test\clicker\eldorado\4ADA4D1C11C5630518ABEB38F427EF1D4631C0F5A77C619D8D7AD7F27678D264.png ===

--- Original Prediction Results ---
Predicted class: 42 (trojan)

Confidence     : 0.3405

True class     : 13 (clicker)

Target ('benign') class: 11 (benign)

[INFO] Benign class became best class at iteration 5085 with confidence 0.2877!

Failed to generate adversarial image in 10000 iterations.
Benign first became best at iteration 5085 with confidence 0.2877

Benign probability changes (iteration, prob):
Iteration 0: Benign prob = 0.0009
Iteration 4: Benign prob = 0.0010
Iteration 5: Benign prob = 0.0013
Iteration 6: Benign prob = 0.0013
Iteration 7: Benign prob = 0.0015
Iteration 9: Benign prob = 0.0016
Iteration 10: Benign prob = 0.0018
Iteration 12: Benign prob = 0.0018
Iteration 13: Benign prob = 0.0019
Iteration 14: Benign prob = 0.0019
Iteration 16: Benign prob = 0.0022
Iteration 17: Benign prob = 0.0022
Iteration 21: Benign prob = 0.0026
Iteration 24: Benign prob = 0.0027
Iteration 25: Benign prob = 0.0028
Iteration 30: Benign prob = 0.0028
Iteration 34: Benign prob = 0.0028
Iteration 42: Benign prob = 0.0030
Iteration 45: Benign prob = 0.0031
Iteration 56: Benign prob = 0.0032
Iteration 71: Benign prob = 0.0034
Iteration 74: Benign prob = 0.0035
Iteration 90: Benign prob = 0.0037
Iteration 92: Benign prob = 0.0038
Iteration 101: Benign prob = 0.0039
Iteration 106: Benign prob = 0.0039
Iteration 111: Benign prob = 0.0041
Iteration 113: Benign prob = 0.0046
Iteration 115: Benign prob = 0.0051
Iteration 121: Benign prob = 0.0051
Iteration 132: Benign prob = 0.0054
Iteration 139: Benign prob = 0.0056
Iteration 152: Benign prob = 0.0060
Iteration 154: Benign prob = 0.0061
Iteration 166: Benign prob = 0.0062
Iteration 168: Benign prob = 0.0072
Iteration 172: Benign prob = 0.0073
Iteration 185: Benign prob = 0.0076
Iteration 188: Benign prob = 0.0079
Iteration 191: Benign prob = 0.0083
Iteration 193: Benign prob = 0.0084
Iteration 194: Benign prob = 0.0084
Iteration 196: Benign prob = 0.0085
Iteration 200: Benign prob = 0.0090
Iteration 201: Benign prob = 0.0095
Iteration 205: Benign prob = 0.0103
Iteration 218: Benign prob = 0.0105
Iteration 219: Benign prob = 0.0106
Iteration 236: Benign prob = 0.0106
Iteration 240: Benign prob = 0.0111
Iteration 256: Benign prob = 0.0112
Iteration 259: Benign prob = 0.0112
Iteration 262: Benign prob = 0.0115
Iteration 267: Benign prob = 0.0122
Iteration 268: Benign prob = 0.0126
Iteration 282: Benign prob = 0.0127
Iteration 283: Benign prob = 0.0129
Iteration 298: Benign prob = 0.0131
Iteration 312: Benign prob = 0.0137
Iteration 326: Benign prob = 0.0141
Iteration 329: Benign prob = 0.0141
Iteration 333: Benign prob = 0.0147
Iteration 337: Benign prob = 0.0149
Iteration 350: Benign prob = 0.0151
Iteration 369: Benign prob = 0.0154
Iteration 370: Benign prob = 0.0156
Iteration 375: Benign prob = 0.0158
Iteration 382: Benign prob = 0.0158
Iteration 393: Benign prob = 0.0170
Iteration 418: Benign prob = 0.0171
Iteration 420: Benign prob = 0.0176
Iteration 449: Benign prob = 0.0182
Iteration 450: Benign prob = 0.0187
Iteration 458: Benign prob = 0.0187
Iteration 462: Benign prob = 0.0189
Iteration 465: Benign prob = 0.0195
Iteration 484: Benign prob = 0.0200
Iteration 487: Benign prob = 0.0210
Iteration 494: Benign prob = 0.0212
Iteration 497: Benign prob = 0.0212
Iteration 504: Benign prob = 0.0219
Iteration 509: Benign prob = 0.0221
Iteration 516: Benign prob = 0.0223
Iteration 536: Benign prob = 0.0229
Iteration 594: Benign prob = 0.0242
Iteration 608: Benign prob = 0.0242
Iteration 625: Benign prob = 0.0246
Iteration 627: Benign prob = 0.0249
Iteration 629: Benign prob = 0.0250
Iteration 631: Benign prob = 0.0257
Iteration 634: Benign prob = 0.0260
Iteration 637: Benign prob = 0.0286
Iteration 669: Benign prob = 0.0302
Iteration 699: Benign prob = 0.0303
Iteration 715: Benign prob = 0.0303
Iteration 729: Benign prob = 0.0314
Iteration 739: Benign prob = 0.0321
Iteration 743: Benign prob = 0.0323
Iteration 766: Benign prob = 0.0324
Iteration 767: Benign prob = 0.0334
Iteration 771: Benign prob = 0.0334
Iteration 784: Benign prob = 0.0337
Iteration 794: Benign prob = 0.0346
Iteration 810: Benign prob = 0.0347
Iteration 841: Benign prob = 0.0349
Iteration 842: Benign prob = 0.0357
Iteration 896: Benign prob = 0.0366
Iteration 909: Benign prob = 0.0368
Iteration 929: Benign prob = 0.0373
Iteration 936: Benign prob = 0.0403
Iteration 967: Benign prob = 0.0433
Iteration 993: Benign prob = 0.0435
Iteration 1006: Benign prob = 0.0453
Iteration 1022: Benign prob = 0.0461
Iteration 1035: Benign prob = 0.0461
Iteration 1040: Benign prob = 0.0466
Iteration 1041: Benign prob = 0.0478
Iteration 1100: Benign prob = 0.0488
Iteration 1120: Benign prob = 0.0495
Iteration 1140: Benign prob = 0.0518
Iteration 1155: Benign prob = 0.0534
Iteration 1158: Benign prob = 0.0538
Iteration 1180: Benign prob = 0.0541
Iteration 1181: Benign prob = 0.0541
Iteration 1182: Benign prob = 0.0542
Iteration 1198: Benign prob = 0.0545
Iteration 1212: Benign prob = 0.0579
Iteration 1216: Benign prob = 0.0580
Iteration 1249: Benign prob = 0.0582
Iteration 1277: Benign prob = 0.0596
Iteration 1278: Benign prob = 0.0596
Iteration 1286: Benign prob = 0.0602
Iteration 1351: Benign prob = 0.0614
Iteration 1357: Benign prob = 0.0641
Iteration 1368: Benign prob = 0.0649
Iteration 1394: Benign prob = 0.0665
Iteration 1416: Benign prob = 0.0681
Iteration 1466: Benign prob = 0.0718
Iteration 1579: Benign prob = 0.0718
Iteration 1609: Benign prob = 0.0760
Iteration 1699: Benign prob = 0.0764
Iteration 1727: Benign prob = 0.0770
Iteration 1749: Benign prob = 0.0781
Iteration 1757: Benign prob = 0.0784
Iteration 1803: Benign prob = 0.0801
Iteration 1825: Benign prob = 0.0813
Iteration 1829: Benign prob = 0.0839
Iteration 1860: Benign prob = 0.0846
Iteration 1863: Benign prob = 0.0874
Iteration 1894: Benign prob = 0.0877
Iteration 1945: Benign prob = 0.0909
Iteration 1951: Benign prob = 0.0910
Iteration 1990: Benign prob = 0.0922
Iteration 2000: Benign prob = 0.0941
Iteration 2071: Benign prob = 0.0947
Iteration 2109: Benign prob = 0.0947
Iteration 2136: Benign prob = 0.0958
Iteration 2139: Benign prob = 0.0971
Iteration 2146: Benign prob = 0.0978
Iteration 2160: Benign prob = 0.0988
Iteration 2189: Benign prob = 0.0999
Iteration 2222: Benign prob = 0.1003
Iteration 2247: Benign prob = 0.1063
Iteration 2282: Benign prob = 0.1072
Iteration 2316: Benign prob = 0.1088
Iteration 2362: Benign prob = 0.1092
Iteration 2366: Benign prob = 0.1127
Iteration 2381: Benign prob = 0.1141
Iteration 2392: Benign prob = 0.1153
Iteration 2396: Benign prob = 0.1187
Iteration 2398: Benign prob = 0.1197
Iteration 2406: Benign prob = 0.1213
Iteration 2430: Benign prob = 0.1236
Iteration 2448: Benign prob = 0.1281
Iteration 2559: Benign prob = 0.1313
Iteration 2589: Benign prob = 0.1321
Iteration 2595: Benign prob = 0.1323
Iteration 2606: Benign prob = 0.1332
Iteration 2611: Benign prob = 0.1335
Iteration 2633: Benign prob = 0.1365
Iteration 2648: Benign prob = 0.1373
Iteration 2659: Benign prob = 0.1374
Iteration 2681: Benign prob = 0.1378
Iteration 2693: Benign prob = 0.1411
Iteration 2695: Benign prob = 0.1412
Iteration 2718: Benign prob = 0.1416
Iteration 2725: Benign prob = 0.1479
Iteration 2743: Benign prob = 0.1497
Iteration 2822: Benign prob = 0.1514
Iteration 2924: Benign prob = 0.1514
Iteration 2931: Benign prob = 0.1534
Iteration 3031: Benign prob = 0.1558
Iteration 3063: Benign prob = 0.1561
Iteration 3114: Benign prob = 0.1579
Iteration 3205: Benign prob = 0.1602
Iteration 3217: Benign prob = 0.1624
Iteration 3233: Benign prob = 0.1630
Iteration 3291: Benign prob = 0.1631
Iteration 3340: Benign prob = 0.1638
Iteration 3356: Benign prob = 0.1651
Iteration 3368: Benign prob = 0.1653
Iteration 3385: Benign prob = 0.1720
Iteration 3517: Benign prob = 0.1721
Iteration 3534: Benign prob = 0.1735
Iteration 3542: Benign prob = 0.1752
Iteration 3615: Benign prob = 0.1755
Iteration 3619: Benign prob = 0.1771
Iteration 3680: Benign prob = 0.1798
Iteration 3681: Benign prob = 0.1808
Iteration 3715: Benign prob = 0.1809
Iteration 3723: Benign prob = 0.1818
Iteration 3731: Benign prob = 0.1820
Iteration 3754: Benign prob = 0.1823
Iteration 3823: Benign prob = 0.1896
Iteration 3849: Benign prob = 0.1903
Iteration 3857: Benign prob = 0.1928
Iteration 3894: Benign prob = 0.1934
Iteration 3899: Benign prob = 0.1959
Iteration 3911: Benign prob = 0.1995
Iteration 3936: Benign prob = 0.2040
Iteration 3942: Benign prob = 0.2067
Iteration 4062: Benign prob = 0.2076
Iteration 4112: Benign prob = 0.2080
Iteration 4113: Benign prob = 0.2207
Iteration 4205: Benign prob = 0.2215
Iteration 4206: Benign prob = 0.2270
Iteration 4369: Benign prob = 0.2284
Iteration 4370: Benign prob = 0.2291
Iteration 4412: Benign prob = 0.2307
Iteration 4420: Benign prob = 0.2330
Iteration 4449: Benign prob = 0.2342
Iteration 4457: Benign prob = 0.2362
Iteration 4564: Benign prob = 0.2374
Iteration 4589: Benign prob = 0.2412
Iteration 4616: Benign prob = 0.2435
Iteration 4621: Benign prob = 0.2477
Iteration 4652: Benign prob = 0.2507
Iteration 4655: Benign prob = 0.2611
Iteration 4802: Benign prob = 0.2704
Iteration 4835: Benign prob = 0.2711
Iteration 4897: Benign prob = 0.2765
Iteration 4924: Benign prob = 0.2771
Iteration 4947: Benign prob = 0.2797
Iteration 5006: Benign prob = 0.2853
Iteration 5085: Benign prob = 0.2877
Iteration 5095: Benign prob = 0.2925
Iteration 5215: Benign prob = 0.2934
Iteration 5247: Benign prob = 0.2978
Iteration 5266: Benign prob = 0.2993
Iteration 5335: Benign prob = 0.2997
Iteration 5349: Benign prob = 0.3010
Iteration 5370: Benign prob = 0.3037
Iteration 5419: Benign prob = 0.3046
Iteration 5524: Benign prob = 0.3060
Iteration 5558: Benign prob = 0.3101
Iteration 5587: Benign prob = 0.3106
Iteration 5639: Benign prob = 0.3127
Iteration 5701: Benign prob = 0.3161
Iteration 5743: Benign prob = 0.3190
Iteration 5786: Benign prob = 0.3195
Iteration 5876: Benign prob = 0.3207
Iteration 5889: Benign prob = 0.3236
Iteration 5905: Benign prob = 0.3268
Iteration 5948: Benign prob = 0.3290
Iteration 5953: Benign prob = 0.3343
Iteration 5980: Benign prob = 0.3364
Iteration 5994: Benign prob = 0.3406
Iteration 6071: Benign prob = 0.3421
Iteration 6185: Benign prob = 0.3486
Iteration 6276: Benign prob = 0.3506
Iteration 6434: Benign prob = 0.3550
Iteration 6463: Benign prob = 0.3558
Iteration 6532: Benign prob = 0.3646
Iteration 6614: Benign prob = 0.3674
Iteration 6678: Benign prob = 0.3679
Iteration 6768: Benign prob = 0.3740
Iteration 6850: Benign prob = 0.3752
Iteration 6933: Benign prob = 0.3777
Iteration 6967: Benign prob = 0.3787
Iteration 6985: Benign prob = 0.3790
Iteration 7000: Benign prob = 0.3853
Iteration 7168: Benign prob = 0.3855
Iteration 7176: Benign prob = 0.3881
Iteration 7179: Benign prob = 0.3896
Iteration 7214: Benign prob = 0.3949
Iteration 7359: Benign prob = 0.4012
Iteration 7389: Benign prob = 0.4020
Iteration 7430: Benign prob = 0.4079
Iteration 7568: Benign prob = 0.4080
Iteration 7636: Benign prob = 0.4098
Iteration 7654: Benign prob = 0.4221
Iteration 7660: Benign prob = 0.4247
Iteration 7674: Benign prob = 0.4249
Iteration 7685: Benign prob = 0.4310
Iteration 7839: Benign prob = 0.4317
Iteration 7946: Benign prob = 0.4369
Iteration 7948: Benign prob = 0.4390
Iteration 7965: Benign prob = 0.4476
Iteration 8298: Benign prob = 0.4490
Iteration 8342: Benign prob = 0.4493
Iteration 8359: Benign prob = 0.4523
Iteration 8397: Benign prob = 0.4554
Iteration 8438: Benign prob = 0.4574
Iteration 8451: Benign prob = 0.4614
Iteration 8513: Benign prob = 0.4616
Iteration 8546: Benign prob = 0.4624
Iteration 8547: Benign prob = 0.4656
Iteration 8558: Benign prob = 0.4705
Iteration 8613: Benign prob = 0.4721
Iteration 8750: Benign prob = 0.4806
Iteration 8779: Benign prob = 0.4838
Iteration 8845: Benign prob = 0.4897
Iteration 8954: Benign prob = 0.4917
Iteration 8984: Benign prob = 0.4957
Iteration 9198: Benign prob = 0.4958
Iteration 9242: Benign prob = 0.4999
Iteration 9291: Benign prob = 0.5015
Iteration 9295: Benign prob = 0.5043
Iteration 9309: Benign prob = 0.5056
Iteration 9390: Benign prob = 0.5109
Iteration 9442: Benign prob = 0.5126
Iteration 9565: Benign prob = 0.5140
Iteration 9600: Benign prob = 0.5222
Iteration 9838: Benign prob = 0.5239
Iteration 9860: Benign prob = 0.5240
Iteration 9908: Benign prob = 0.5250
Iteration 9939: Benign prob = 0.5251
Iteration 9945: Benign prob = 0.5267

 Completed Adversarial Image for image 3 in 37.13 minutes.

--- Adversarial Prediction Results for image 3: (D:\malnet-images\test\clicker\eldorado\4ADA4D1C11C5630518ABEB38F427EF1D4631C0F5A77C619D8D7AD7F27678D264.png) ---
Predicted class: 42 (trojan)
Confidence     : 0.3405
True class     : 13 (clicker)


=== [4/10] Creating EA Adversarial Image for D:\malnet-images\test\clicker\jiagu\0719EAA98D7555D83C1DCCA07580FE3C7A2F5DA7673896F7DECA5F47323294A9.png ===

--- Original Prediction Results ---
Predicted class: 15 (clickfraud++riskware)

Confidence     : 0.3223

True class     : 13 (clicker)

Target ('benign') class: 11 (benign)

[INFO] Benign class became best class at iteration 1785 with confidence 0.2969!

Targeted adversarial image created in 3179 iterations.
Benign first became best at iteration 1785 with confidence 0.2969

Benign probability changes (iteration, prob):
Iteration 0: Benign prob = 0.0004
Iteration 1: Benign prob = 0.0005
Iteration 2: Benign prob = 0.0012
Iteration 3: Benign prob = 0.0015
Iteration 4: Benign prob = 0.0016
Iteration 6: Benign prob = 0.0017
Iteration 7: Benign prob = 0.0017
Iteration 8: Benign prob = 0.0018
Iteration 9: Benign prob = 0.0018
Iteration 10: Benign prob = 0.0018
Iteration 11: Benign prob = 0.0020
Iteration 17: Benign prob = 0.0022
Iteration 23: Benign prob = 0.0024
Iteration 26: Benign prob = 0.0025
Iteration 27: Benign prob = 0.0026
Iteration 31: Benign prob = 0.0027
Iteration 34: Benign prob = 0.0029
Iteration 37: Benign prob = 0.0030
Iteration 40: Benign prob = 0.0032
Iteration 42: Benign prob = 0.0033
Iteration 49: Benign prob = 0.0033
Iteration 50: Benign prob = 0.0034
Iteration 55: Benign prob = 0.0037
Iteration 62: Benign prob = 0.0037
Iteration 65: Benign prob = 0.0041
Iteration 67: Benign prob = 0.0044
Iteration 69: Benign prob = 0.0046
Iteration 72: Benign prob = 0.0049
Iteration 83: Benign prob = 0.0050
Iteration 90: Benign prob = 0.0052
Iteration 92: Benign prob = 0.0053
Iteration 97: Benign prob = 0.0053
Iteration 102: Benign prob = 0.0056
Iteration 115: Benign prob = 0.0058
Iteration 116: Benign prob = 0.0059
Iteration 120: Benign prob = 0.0060
Iteration 127: Benign prob = 0.0061
Iteration 128: Benign prob = 0.0066
Iteration 132: Benign prob = 0.0070
Iteration 142: Benign prob = 0.0077
Iteration 165: Benign prob = 0.0080
Iteration 170: Benign prob = 0.0081
Iteration 179: Benign prob = 0.0082
Iteration 199: Benign prob = 0.0082
Iteration 209: Benign prob = 0.0085
Iteration 219: Benign prob = 0.0086
Iteration 234: Benign prob = 0.0089
Iteration 247: Benign prob = 0.0094
Iteration 266: Benign prob = 0.0097
Iteration 271: Benign prob = 0.0099
Iteration 277: Benign prob = 0.0122
Iteration 286: Benign prob = 0.0125
Iteration 331: Benign prob = 0.0134
Iteration 344: Benign prob = 0.0135
Iteration 366: Benign prob = 0.0144
Iteration 368: Benign prob = 0.0148
Iteration 377: Benign prob = 0.0151
Iteration 396: Benign prob = 0.0152
Iteration 402: Benign prob = 0.0153
Iteration 413: Benign prob = 0.0163
Iteration 483: Benign prob = 0.0169
Iteration 498: Benign prob = 0.0170
Iteration 508: Benign prob = 0.0178
Iteration 512: Benign prob = 0.0179
Iteration 525: Benign prob = 0.0183
Iteration 532: Benign prob = 0.0186
Iteration 533: Benign prob = 0.0187
Iteration 536: Benign prob = 0.0192
Iteration 539: Benign prob = 0.0193
Iteration 553: Benign prob = 0.0195
Iteration 555: Benign prob = 0.0198
Iteration 560: Benign prob = 0.0200
Iteration 574: Benign prob = 0.0202
Iteration 575: Benign prob = 0.0213
Iteration 592: Benign prob = 0.0215
Iteration 600: Benign prob = 0.0220
Iteration 603: Benign prob = 0.0240
Iteration 608: Benign prob = 0.0243
Iteration 621: Benign prob = 0.0265
Iteration 624: Benign prob = 0.0272
Iteration 637: Benign prob = 0.0274
Iteration 643: Benign prob = 0.0300
Iteration 660: Benign prob = 0.0307
Iteration 662: Benign prob = 0.0346
Iteration 664: Benign prob = 0.0359
Iteration 668: Benign prob = 0.0365
Iteration 696: Benign prob = 0.0373
Iteration 706: Benign prob = 0.0377
Iteration 725: Benign prob = 0.0397
Iteration 746: Benign prob = 0.0400
Iteration 754: Benign prob = 0.0428
Iteration 783: Benign prob = 0.0430
Iteration 792: Benign prob = 0.0437
Iteration 800: Benign prob = 0.0448
Iteration 806: Benign prob = 0.0453
Iteration 809: Benign prob = 0.0468
Iteration 813: Benign prob = 0.0503
Iteration 818: Benign prob = 0.0511
Iteration 822: Benign prob = 0.0549
Iteration 843: Benign prob = 0.0563
Iteration 849: Benign prob = 0.0612
Iteration 862: Benign prob = 0.0620
Iteration 865: Benign prob = 0.0640
Iteration 866: Benign prob = 0.0687
Iteration 875: Benign prob = 0.0694
Iteration 890: Benign prob = 0.0704
Iteration 894: Benign prob = 0.0707
Iteration 897: Benign prob = 0.0708
Iteration 900: Benign prob = 0.0728
Iteration 903: Benign prob = 0.0742
Iteration 916: Benign prob = 0.0746
Iteration 920: Benign prob = 0.0757
Iteration 923: Benign prob = 0.0764
Iteration 924: Benign prob = 0.0811
Iteration 929: Benign prob = 0.0865
Iteration 936: Benign prob = 0.0872
Iteration 955: Benign prob = 0.0932
Iteration 970: Benign prob = 0.0948
Iteration 977: Benign prob = 0.0962
Iteration 1001: Benign prob = 0.0972
Iteration 1023: Benign prob = 0.0974
Iteration 1035: Benign prob = 0.0992
Iteration 1045: Benign prob = 0.1007
Iteration 1050: Benign prob = 0.1027
Iteration 1059: Benign prob = 0.1051
Iteration 1065: Benign prob = 0.1102
Iteration 1091: Benign prob = 0.1123
Iteration 1099: Benign prob = 0.1173
Iteration 1107: Benign prob = 0.1233
Iteration 1129: Benign prob = 0.1286
Iteration 1142: Benign prob = 0.1396
Iteration 1162: Benign prob = 0.1455
Iteration 1215: Benign prob = 0.1565
Iteration 1287: Benign prob = 0.1581
Iteration 1292: Benign prob = 0.1587
Iteration 1297: Benign prob = 0.1617
Iteration 1299: Benign prob = 0.1836
Iteration 1311: Benign prob = 0.1930
Iteration 1318: Benign prob = 0.1963
Iteration 1352: Benign prob = 0.1964
Iteration 1375: Benign prob = 0.2037
Iteration 1380: Benign prob = 0.2046
Iteration 1382: Benign prob = 0.2050
Iteration 1392: Benign prob = 0.2085
Iteration 1435: Benign prob = 0.2118
Iteration 1442: Benign prob = 0.2128
Iteration 1452: Benign prob = 0.2142
Iteration 1457: Benign prob = 0.2173
Iteration 1458: Benign prob = 0.2251
Iteration 1529: Benign prob = 0.2253
Iteration 1551: Benign prob = 0.2423
Iteration 1572: Benign prob = 0.2487
Iteration 1595: Benign prob = 0.2662
Iteration 1599: Benign prob = 0.2727
Iteration 1624: Benign prob = 0.2779
Iteration 1658: Benign prob = 0.2781
Iteration 1697: Benign prob = 0.2802
Iteration 1701: Benign prob = 0.2821
Iteration 1714: Benign prob = 0.2863
Iteration 1718: Benign prob = 0.2922
Iteration 1776: Benign prob = 0.2951
Iteration 1785: Benign prob = 0.2969
Iteration 1786: Benign prob = 0.3007
Iteration 1792: Benign prob = 0.3134
Iteration 1831: Benign prob = 0.3148
Iteration 1879: Benign prob = 0.3178
Iteration 1910: Benign prob = 0.3208
Iteration 1920: Benign prob = 0.3293
Iteration 1969: Benign prob = 0.3338
Iteration 1977: Benign prob = 0.3364
Iteration 1989: Benign prob = 0.3373
Iteration 2024: Benign prob = 0.3437
Iteration 2057: Benign prob = 0.3504
Iteration 2112: Benign prob = 0.3507
Iteration 2118: Benign prob = 0.3516
Iteration 2121: Benign prob = 0.3598
Iteration 2249: Benign prob = 0.3629
Iteration 2254: Benign prob = 0.3633
Iteration 2269: Benign prob = 0.3732
Iteration 2296: Benign prob = 0.3828
Iteration 2326: Benign prob = 0.3856
Iteration 2330: Benign prob = 0.3910
Iteration 2332: Benign prob = 0.3984
Iteration 2375: Benign prob = 0.4026
Iteration 2397: Benign prob = 0.4047
Iteration 2406: Benign prob = 0.4052
Iteration 2413: Benign prob = 0.4159
Iteration 2454: Benign prob = 0.4277
Iteration 2544: Benign prob = 0.4283
Iteration 2555: Benign prob = 0.4339
Iteration 2559: Benign prob = 0.4354
Iteration 2573: Benign prob = 0.4359
Iteration 2584: Benign prob = 0.4370
Iteration 2605: Benign prob = 0.4493
Iteration 2663: Benign prob = 0.4511
Iteration 2701: Benign prob = 0.4513
Iteration 2717: Benign prob = 0.4559
Iteration 2726: Benign prob = 0.4560
Iteration 2729: Benign prob = 0.4578
Iteration 2754: Benign prob = 0.4687
Iteration 2769: Benign prob = 0.4725
Iteration 2836: Benign prob = 0.4738
Iteration 2856: Benign prob = 0.4829
Iteration 2891: Benign prob = 0.4863
Iteration 2898: Benign prob = 0.4915
Iteration 2968: Benign prob = 0.4927
Iteration 2977: Benign prob = 0.5004
Iteration 2984: Benign prob = 0.5080
Iteration 3011: Benign prob = 0.5106
Iteration 3012: Benign prob = 0.5136
Iteration 3019: Benign prob = 0.5200
Iteration 3055: Benign prob = 0.5241
Iteration 3130: Benign prob = 0.5345
Iteration 3158: Benign prob = 0.5365
Iteration 3159: Benign prob = 0.5375
Iteration 3174: Benign prob = 0.5486
Iteration 3179: Benign prob = 0.5533

 Completed Adversarial Image for image 4 in 11.82 minutes.

--- Adversarial Prediction Results for image 4: (D:\malnet-images\test\clicker\jiagu\0719EAA98D7555D83C1DCCA07580FE3C7A2F5DA7673896F7DECA5F47323294A9.png) ---
Predicted class: 11 (benign)
Confidence     : 0.5516
True class     : 13 (clicker)


=== [5/10] Creating EA Adversarial Image for D:\malnet-images\test\clicker\kuguo\2803EE48609ABDC6585D7D33BEC09A69C0D19A1E0CF31279CCBD8005F9F37001.png ===

--- Original Prediction Results ---
Predicted class: 42 (trojan)

Confidence     : 0.3432

True class     : 13 (clicker)

Target ('benign') class: 11 (benign)

[INFO] Benign class became best class at iteration 8510 with confidence 0.2805!

Failed to generate adversarial image in 10000 iterations.
Benign first became best at iteration 8510 with confidence 0.2805

Benign probability changes (iteration, prob):
Iteration 0: Benign prob = 0.0003
Iteration 1: Benign prob = 0.0007
Iteration 3: Benign prob = 0.0007
Iteration 4: Benign prob = 0.0009
Iteration 5: Benign prob = 0.0010
Iteration 6: Benign prob = 0.0012
Iteration 7: Benign prob = 0.0015
Iteration 8: Benign prob = 0.0021
Iteration 13: Benign prob = 0.0021
Iteration 17: Benign prob = 0.0022
Iteration 20: Benign prob = 0.0023
Iteration 21: Benign prob = 0.0023
Iteration 23: Benign prob = 0.0023
Iteration 24: Benign prob = 0.0024
Iteration 27: Benign prob = 0.0024
Iteration 28: Benign prob = 0.0025
Iteration 37: Benign prob = 0.0026
Iteration 39: Benign prob = 0.0026
Iteration 40: Benign prob = 0.0026
Iteration 41: Benign prob = 0.0028
Iteration 45: Benign prob = 0.0029
Iteration 52: Benign prob = 0.0030
Iteration 55: Benign prob = 0.0031
Iteration 60: Benign prob = 0.0031
Iteration 67: Benign prob = 0.0032
Iteration 68: Benign prob = 0.0033
Iteration 77: Benign prob = 0.0033
Iteration 82: Benign prob = 0.0035
Iteration 94: Benign prob = 0.0036
Iteration 95: Benign prob = 0.0036
Iteration 104: Benign prob = 0.0036
Iteration 106: Benign prob = 0.0037
Iteration 113: Benign prob = 0.0039
Iteration 115: Benign prob = 0.0039
Iteration 117: Benign prob = 0.0042
Iteration 129: Benign prob = 0.0044
Iteration 131: Benign prob = 0.0046
Iteration 139: Benign prob = 0.0046
Iteration 146: Benign prob = 0.0047
Iteration 149: Benign prob = 0.0048
Iteration 153: Benign prob = 0.0049
Iteration 169: Benign prob = 0.0051
Iteration 192: Benign prob = 0.0052
Iteration 201: Benign prob = 0.0052
Iteration 204: Benign prob = 0.0055
Iteration 218: Benign prob = 0.0056
Iteration 222: Benign prob = 0.0057
Iteration 232: Benign prob = 0.0060
Iteration 245: Benign prob = 0.0064
Iteration 248: Benign prob = 0.0066
Iteration 266: Benign prob = 0.0067
Iteration 288: Benign prob = 0.0069
Iteration 324: Benign prob = 0.0071
Iteration 328: Benign prob = 0.0072
Iteration 337: Benign prob = 0.0074
Iteration 340: Benign prob = 0.0077
Iteration 348: Benign prob = 0.0079
Iteration 370: Benign prob = 0.0079
Iteration 376: Benign prob = 0.0082
Iteration 377: Benign prob = 0.0088
Iteration 389: Benign prob = 0.0088
Iteration 391: Benign prob = 0.0093
Iteration 406: Benign prob = 0.0094
Iteration 444: Benign prob = 0.0098
Iteration 454: Benign prob = 0.0098
Iteration 473: Benign prob = 0.0101
Iteration 476: Benign prob = 0.0112
Iteration 532: Benign prob = 0.0113
Iteration 538: Benign prob = 0.0114
Iteration 540: Benign prob = 0.0114
Iteration 560: Benign prob = 0.0120
Iteration 575: Benign prob = 0.0130
Iteration 582: Benign prob = 0.0141
Iteration 600: Benign prob = 0.0142
Iteration 607: Benign prob = 0.0145
Iteration 627: Benign prob = 0.0146
Iteration 630: Benign prob = 0.0147
Iteration 641: Benign prob = 0.0149
Iteration 644: Benign prob = 0.0151
Iteration 698: Benign prob = 0.0152
Iteration 722: Benign prob = 0.0157
Iteration 758: Benign prob = 0.0161
Iteration 769: Benign prob = 0.0163
Iteration 773: Benign prob = 0.0165
Iteration 801: Benign prob = 0.0172
Iteration 843: Benign prob = 0.0177
Iteration 845: Benign prob = 0.0178
Iteration 846: Benign prob = 0.0178
Iteration 876: Benign prob = 0.0180
Iteration 893: Benign prob = 0.0197
Iteration 936: Benign prob = 0.0204
Iteration 958: Benign prob = 0.0208
Iteration 968: Benign prob = 0.0215
Iteration 998: Benign prob = 0.0217
Iteration 1039: Benign prob = 0.0217
Iteration 1096: Benign prob = 0.0221
Iteration 1107: Benign prob = 0.0229
Iteration 1126: Benign prob = 0.0231
Iteration 1167: Benign prob = 0.0233
Iteration 1177: Benign prob = 0.0234
Iteration 1186: Benign prob = 0.0238
Iteration 1220: Benign prob = 0.0241
Iteration 1221: Benign prob = 0.0241
Iteration 1234: Benign prob = 0.0245
Iteration 1255: Benign prob = 0.0246
Iteration 1278: Benign prob = 0.0259
Iteration 1357: Benign prob = 0.0261
Iteration 1378: Benign prob = 0.0265
Iteration 1430: Benign prob = 0.0275
Iteration 1443: Benign prob = 0.0279
Iteration 1493: Benign prob = 0.0286
Iteration 1529: Benign prob = 0.0295
Iteration 1540: Benign prob = 0.0301
Iteration 1551: Benign prob = 0.0302
Iteration 1591: Benign prob = 0.0311
Iteration 1618: Benign prob = 0.0315
Iteration 1620: Benign prob = 0.0325
Iteration 1644: Benign prob = 0.0332
Iteration 1710: Benign prob = 0.0334
Iteration 1713: Benign prob = 0.0338
Iteration 1750: Benign prob = 0.0353
Iteration 1882: Benign prob = 0.0359
Iteration 1947: Benign prob = 0.0373
Iteration 1967: Benign prob = 0.0378
Iteration 1985: Benign prob = 0.0387
Iteration 2014: Benign prob = 0.0393
Iteration 2026: Benign prob = 0.0398
Iteration 2048: Benign prob = 0.0413
Iteration 2075: Benign prob = 0.0423
Iteration 2091: Benign prob = 0.0441
Iteration 2168: Benign prob = 0.0460
Iteration 2194: Benign prob = 0.0460
Iteration 2195: Benign prob = 0.0471
Iteration 2242: Benign prob = 0.0477
Iteration 2286: Benign prob = 0.0487
Iteration 2298: Benign prob = 0.0493
Iteration 2299: Benign prob = 0.0503
Iteration 2372: Benign prob = 0.0506
Iteration 2394: Benign prob = 0.0530
Iteration 2434: Benign prob = 0.0548
Iteration 2502: Benign prob = 0.0552
Iteration 2562: Benign prob = 0.0574
Iteration 2574: Benign prob = 0.0586
Iteration 2587: Benign prob = 0.0591
Iteration 2600: Benign prob = 0.0594
Iteration 2669: Benign prob = 0.0597
Iteration 2687: Benign prob = 0.0608
Iteration 2696: Benign prob = 0.0622
Iteration 2710: Benign prob = 0.0623
Iteration 2731: Benign prob = 0.0639
Iteration 2738: Benign prob = 0.0639
Iteration 2784: Benign prob = 0.0642
Iteration 2801: Benign prob = 0.0648
Iteration 2865: Benign prob = 0.0651
Iteration 2879: Benign prob = 0.0656
Iteration 2884: Benign prob = 0.0665
Iteration 2892: Benign prob = 0.0676
Iteration 2900: Benign prob = 0.0680
Iteration 2917: Benign prob = 0.0681
Iteration 2918: Benign prob = 0.0698
Iteration 2965: Benign prob = 0.0708
Iteration 3000: Benign prob = 0.0720
Iteration 3013: Benign prob = 0.0758
Iteration 3044: Benign prob = 0.0759
Iteration 3099: Benign prob = 0.0764
Iteration 3127: Benign prob = 0.0773
Iteration 3148: Benign prob = 0.0782
Iteration 3172: Benign prob = 0.0794
Iteration 3193: Benign prob = 0.0798
Iteration 3200: Benign prob = 0.0803
Iteration 3209: Benign prob = 0.0841
Iteration 3217: Benign prob = 0.0857
Iteration 3256: Benign prob = 0.0882
Iteration 3283: Benign prob = 0.0889
Iteration 3346: Benign prob = 0.0907
Iteration 3389: Benign prob = 0.0911
Iteration 3398: Benign prob = 0.0912
Iteration 3401: Benign prob = 0.0916
Iteration 3405: Benign prob = 0.0925
Iteration 3424: Benign prob = 0.0931
Iteration 3432: Benign prob = 0.0935
Iteration 3463: Benign prob = 0.0950
Iteration 3501: Benign prob = 0.0967
Iteration 3556: Benign prob = 0.1009
Iteration 3560: Benign prob = 0.1010
Iteration 3607: Benign prob = 0.1017
Iteration 3611: Benign prob = 0.1035
Iteration 3702: Benign prob = 0.1043
Iteration 3736: Benign prob = 0.1060
Iteration 3813: Benign prob = 0.1067
Iteration 3874: Benign prob = 0.1088
Iteration 3909: Benign prob = 0.1097
Iteration 3930: Benign prob = 0.1123
Iteration 4010: Benign prob = 0.1125
Iteration 4048: Benign prob = 0.1135
Iteration 4069: Benign prob = 0.1160
Iteration 4119: Benign prob = 0.1160
Iteration 4161: Benign prob = 0.1173
Iteration 4290: Benign prob = 0.1182
Iteration 4315: Benign prob = 0.1193
Iteration 4457: Benign prob = 0.1204
Iteration 4497: Benign prob = 0.1208
Iteration 4711: Benign prob = 0.1209
Iteration 4753: Benign prob = 0.1219
Iteration 4771: Benign prob = 0.1231
Iteration 4774: Benign prob = 0.1280
Iteration 4779: Benign prob = 0.1302
Iteration 4829: Benign prob = 0.1326
Iteration 4854: Benign prob = 0.1356
Iteration 4930: Benign prob = 0.1378
Iteration 4971: Benign prob = 0.1385
Iteration 4997: Benign prob = 0.1423
Iteration 5063: Benign prob = 0.1426
Iteration 5072: Benign prob = 0.1438
Iteration 5135: Benign prob = 0.1447
Iteration 5171: Benign prob = 0.1458
Iteration 5210: Benign prob = 0.1462
Iteration 5212: Benign prob = 0.1473
Iteration 5283: Benign prob = 0.1519
Iteration 5302: Benign prob = 0.1526
Iteration 5324: Benign prob = 0.1535
Iteration 5374: Benign prob = 0.1551
Iteration 5577: Benign prob = 0.1602
Iteration 5635: Benign prob = 0.1676
Iteration 5691: Benign prob = 0.1681
Iteration 5741: Benign prob = 0.1707
Iteration 5771: Benign prob = 0.1743
Iteration 5865: Benign prob = 0.1756
Iteration 5903: Benign prob = 0.1774
Iteration 5981: Benign prob = 0.1776
Iteration 6008: Benign prob = 0.1789
Iteration 6017: Benign prob = 0.1800
Iteration 6123: Benign prob = 0.1809
Iteration 6160: Benign prob = 0.1847
Iteration 6184: Benign prob = 0.1873
Iteration 6191: Benign prob = 0.1916
Iteration 6366: Benign prob = 0.1931
Iteration 6428: Benign prob = 0.1953
Iteration 6626: Benign prob = 0.1999
Iteration 6719: Benign prob = 0.2062
Iteration 6743: Benign prob = 0.2062
Iteration 6850: Benign prob = 0.2101
Iteration 6922: Benign prob = 0.2167
Iteration 6945: Benign prob = 0.2202
Iteration 7113: Benign prob = 0.2215
Iteration 7195: Benign prob = 0.2249
Iteration 7268: Benign prob = 0.2253
Iteration 7280: Benign prob = 0.2303
Iteration 7321: Benign prob = 0.2335
Iteration 7353: Benign prob = 0.2338
Iteration 7438: Benign prob = 0.2372
Iteration 7462: Benign prob = 0.2375
Iteration 7470: Benign prob = 0.2380
Iteration 7476: Benign prob = 0.2389
Iteration 7524: Benign prob = 0.2419
Iteration 7548: Benign prob = 0.2432
Iteration 7590: Benign prob = 0.2434
Iteration 7620: Benign prob = 0.2435
Iteration 7663: Benign prob = 0.2474
Iteration 7670: Benign prob = 0.2493
Iteration 7819: Benign prob = 0.2506
Iteration 7874: Benign prob = 0.2531
Iteration 7885: Benign prob = 0.2553
Iteration 7968: Benign prob = 0.2592
Iteration 8076: Benign prob = 0.2592
Iteration 8126: Benign prob = 0.2638
Iteration 8177: Benign prob = 0.2656
Iteration 8234: Benign prob = 0.2673
Iteration 8415: Benign prob = 0.2687
Iteration 8431: Benign prob = 0.2696
Iteration 8444: Benign prob = 0.2752
Iteration 8508: Benign prob = 0.2772
Iteration 8510: Benign prob = 0.2805
Iteration 8734: Benign prob = 0.2810
Iteration 8749: Benign prob = 0.2814
Iteration 8792: Benign prob = 0.2850
Iteration 8810: Benign prob = 0.2858
Iteration 8864: Benign prob = 0.2890
Iteration 9169: Benign prob = 0.2894
Iteration 9296: Benign prob = 0.2925
Iteration 9333: Benign prob = 0.2937
Iteration 9379: Benign prob = 0.2940
Iteration 9386: Benign prob = 0.2946
Iteration 9415: Benign prob = 0.2968
Iteration 9446: Benign prob = 0.2987
Iteration 9484: Benign prob = 0.2991
Iteration 9591: Benign prob = 0.2992
Iteration 9600: Benign prob = 0.3014
Iteration 9646: Benign prob = 0.3017
Iteration 9749: Benign prob = 0.3031
Iteration 9813: Benign prob = 0.3032
Iteration 9820: Benign prob = 0.3056
Iteration 9906: Benign prob = 0.3062
Iteration 9932: Benign prob = 0.3088

 Completed Adversarial Image for image 5 in 37.42 minutes.

--- Adversarial Prediction Results for image 5: (D:\malnet-images\test\clicker\kuguo\2803EE48609ABDC6585D7D33BEC09A69C0D19A1E0CF31279CCBD8005F9F37001.png) ---
Predicted class: 42 (trojan)
Confidence     : 0.3433
True class     : 13 (clicker)


=== [6/10] Creating EA Adversarial Image for D:\malnet-images\test\clicker\kuguo\3373B45FCC6E947FCF78C77B59FDAA8E6FF005E4E4A6C3EAAF144F3FF217BB56.png ===

--- Original Prediction Results ---
Predicted class: 42 (trojan)

Confidence     : 0.4259

True class     : 13 (clicker)

Target ('benign') class: 11 (benign)

[INFO] Benign class became best class at iteration 986 with confidence 0.2967!

Targeted adversarial image created in 2076 iterations.
Benign first became best at iteration 986 with confidence 0.2967

Benign probability changes (iteration, prob):
Iteration 0: Benign prob = 0.0010
Iteration 1: Benign prob = 0.0012
Iteration 2: Benign prob = 0.0014
Iteration 3: Benign prob = 0.0016
Iteration 4: Benign prob = 0.0020
Iteration 5: Benign prob = 0.0024
Iteration 8: Benign prob = 0.0027
Iteration 9: Benign prob = 0.0028
Iteration 11: Benign prob = 0.0031
Iteration 17: Benign prob = 0.0032
Iteration 19: Benign prob = 0.0032
Iteration 22: Benign prob = 0.0035
Iteration 24: Benign prob = 0.0036
Iteration 25: Benign prob = 0.0038
Iteration 30: Benign prob = 0.0039
Iteration 39: Benign prob = 0.0039
Iteration 41: Benign prob = 0.0042
Iteration 43: Benign prob = 0.0043
Iteration 44: Benign prob = 0.0048
Iteration 59: Benign prob = 0.0049
Iteration 60: Benign prob = 0.0055
Iteration 70: Benign prob = 0.0056
Iteration 73: Benign prob = 0.0058
Iteration 78: Benign prob = 0.0061
Iteration 85: Benign prob = 0.0061
Iteration 88: Benign prob = 0.0064
Iteration 89: Benign prob = 0.0065
Iteration 93: Benign prob = 0.0066
Iteration 94: Benign prob = 0.0068
Iteration 102: Benign prob = 0.0073
Iteration 110: Benign prob = 0.0074
Iteration 114: Benign prob = 0.0075
Iteration 115: Benign prob = 0.0076
Iteration 120: Benign prob = 0.0082
Iteration 124: Benign prob = 0.0084
Iteration 130: Benign prob = 0.0088
Iteration 131: Benign prob = 0.0089
Iteration 140: Benign prob = 0.0091
Iteration 142: Benign prob = 0.0107
Iteration 147: Benign prob = 0.0107
Iteration 149: Benign prob = 0.0118
Iteration 166: Benign prob = 0.0120
Iteration 174: Benign prob = 0.0132
Iteration 188: Benign prob = 0.0134
Iteration 189: Benign prob = 0.0139
Iteration 190: Benign prob = 0.0144
Iteration 196: Benign prob = 0.0156
Iteration 204: Benign prob = 0.0161
Iteration 205: Benign prob = 0.0189
Iteration 210: Benign prob = 0.0192
Iteration 225: Benign prob = 0.0200
Iteration 228: Benign prob = 0.0224
Iteration 239: Benign prob = 0.0230
Iteration 248: Benign prob = 0.0236
Iteration 251: Benign prob = 0.0250
Iteration 261: Benign prob = 0.0264
Iteration 262: Benign prob = 0.0291
Iteration 270: Benign prob = 0.0324
Iteration 276: Benign prob = 0.0325
Iteration 277: Benign prob = 0.0345
Iteration 278: Benign prob = 0.0354
Iteration 281: Benign prob = 0.0356
Iteration 282: Benign prob = 0.0373
Iteration 286: Benign prob = 0.0414
Iteration 289: Benign prob = 0.0431
Iteration 293: Benign prob = 0.0431
Iteration 295: Benign prob = 0.0458
Iteration 300: Benign prob = 0.0551
Iteration 301: Benign prob = 0.0590
Iteration 306: Benign prob = 0.0597
Iteration 307: Benign prob = 0.0645
Iteration 312: Benign prob = 0.0661
Iteration 333: Benign prob = 0.0691
Iteration 348: Benign prob = 0.0755
Iteration 359: Benign prob = 0.0771
Iteration 370: Benign prob = 0.0817
Iteration 371: Benign prob = 0.0834
Iteration 380: Benign prob = 0.0910
Iteration 402: Benign prob = 0.0953
Iteration 412: Benign prob = 0.0967
Iteration 413: Benign prob = 0.1162
Iteration 428: Benign prob = 0.1199
Iteration 433: Benign prob = 0.1238
Iteration 436: Benign prob = 0.1267
Iteration 447: Benign prob = 0.1448
Iteration 453: Benign prob = 0.1484
Iteration 456: Benign prob = 0.1554
Iteration 494: Benign prob = 0.1647
Iteration 499: Benign prob = 0.1668
Iteration 522: Benign prob = 0.1676
Iteration 548: Benign prob = 0.1714
Iteration 554: Benign prob = 0.1790
Iteration 584: Benign prob = 0.1803
Iteration 589: Benign prob = 0.1862
Iteration 598: Benign prob = 0.1885
Iteration 614: Benign prob = 0.2031
Iteration 649: Benign prob = 0.2040
Iteration 657: Benign prob = 0.2201
Iteration 661: Benign prob = 0.2220
Iteration 712: Benign prob = 0.2307
Iteration 714: Benign prob = 0.2352
Iteration 732: Benign prob = 0.2352
Iteration 737: Benign prob = 0.2430
Iteration 796: Benign prob = 0.2526
Iteration 811: Benign prob = 0.2586
Iteration 831: Benign prob = 0.2702
Iteration 835: Benign prob = 0.2720
Iteration 868: Benign prob = 0.2773
Iteration 899: Benign prob = 0.2811
Iteration 916: Benign prob = 0.2889
Iteration 935: Benign prob = 0.2932
Iteration 961: Benign prob = 0.2937
Iteration 986: Benign prob = 0.2967
Iteration 1022: Benign prob = 0.3010
Iteration 1025: Benign prob = 0.3019
Iteration 1029: Benign prob = 0.3053
Iteration 1032: Benign prob = 0.3057
Iteration 1056: Benign prob = 0.3088
Iteration 1088: Benign prob = 0.3300
Iteration 1144: Benign prob = 0.3333
Iteration 1147: Benign prob = 0.3376
Iteration 1168: Benign prob = 0.3454
Iteration 1211: Benign prob = 0.3459
Iteration 1215: Benign prob = 0.3526
Iteration 1232: Benign prob = 0.3615
Iteration 1284: Benign prob = 0.3803
Iteration 1288: Benign prob = 0.3889
Iteration 1320: Benign prob = 0.4058
Iteration 1338: Benign prob = 0.4120
Iteration 1437: Benign prob = 0.4130
Iteration 1445: Benign prob = 0.4135
Iteration 1477: Benign prob = 0.4224
Iteration 1494: Benign prob = 0.4225
Iteration 1528: Benign prob = 0.4232
Iteration 1539: Benign prob = 0.4384
Iteration 1564: Benign prob = 0.4429
Iteration 1568: Benign prob = 0.4434
Iteration 1582: Benign prob = 0.4443
Iteration 1601: Benign prob = 0.4511
Iteration 1610: Benign prob = 0.4523
Iteration 1613: Benign prob = 0.4604
Iteration 1652: Benign prob = 0.4643
Iteration 1683: Benign prob = 0.4777
Iteration 1687: Benign prob = 0.4805
Iteration 1721: Benign prob = 0.4862
Iteration 1723: Benign prob = 0.4902
Iteration 1776: Benign prob = 0.4953
Iteration 1798: Benign prob = 0.4955
Iteration 1831: Benign prob = 0.5027
Iteration 1849: Benign prob = 0.5036
Iteration 1882: Benign prob = 0.5169
Iteration 1911: Benign prob = 0.5190
Iteration 1937: Benign prob = 0.5281
Iteration 1997: Benign prob = 0.5376
Iteration 2007: Benign prob = 0.5418
Iteration 2026: Benign prob = 0.5420
Iteration 2053: Benign prob = 0.5459
Iteration 2076: Benign prob = 0.5545

 Completed Adversarial Image for image 6 in 7.80 minutes.

--- Adversarial Prediction Results for image 6: (D:\malnet-images\test\clicker\kuguo\3373B45FCC6E947FCF78C77B59FDAA8E6FF005E4E4A6C3EAAF144F3FF217BB56.png) ---
Predicted class: 11 (benign)
Confidence     : 0.5540
True class     : 13 (clicker)


=== [7/10] Creating EA Adversarial Image for D:\malnet-images\test\clicker\kuguo\29123E9DB60FD2C2F6842A73306CB832021D3CDAE0A560887ECE9C9B62FE8C1B.png ===

--- Original Prediction Results ---
Predicted class: 42 (trojan)

Confidence     : 0.4153

True class     : 13 (clicker)

Target ('benign') class: 11 (benign)

[INFO] Benign class became best class at iteration 3679 with confidence 0.3084!

Targeted adversarial image created in 4635 iterations.
Benign first became best at iteration 3679 with confidence 0.3084

Benign probability changes (iteration, prob):
Iteration 0: Benign prob = 0.0011
Iteration 5: Benign prob = 0.0011
Iteration 6: Benign prob = 0.0013
Iteration 7: Benign prob = 0.0014
Iteration 8: Benign prob = 0.0017
Iteration 9: Benign prob = 0.0018
Iteration 11: Benign prob = 0.0019
Iteration 13: Benign prob = 0.0020
Iteration 15: Benign prob = 0.0021
Iteration 19: Benign prob = 0.0021
Iteration 21: Benign prob = 0.0023
Iteration 22: Benign prob = 0.0025
Iteration 24: Benign prob = 0.0026
Iteration 27: Benign prob = 0.0028
Iteration 38: Benign prob = 0.0029
Iteration 42: Benign prob = 0.0032
Iteration 45: Benign prob = 0.0034
Iteration 50: Benign prob = 0.0035
Iteration 66: Benign prob = 0.0036
Iteration 71: Benign prob = 0.0037
Iteration 79: Benign prob = 0.0038
Iteration 80: Benign prob = 0.0041
Iteration 95: Benign prob = 0.0041
Iteration 102: Benign prob = 0.0042
Iteration 106: Benign prob = 0.0049
Iteration 113: Benign prob = 0.0050
Iteration 115: Benign prob = 0.0055
Iteration 131: Benign prob = 0.0057
Iteration 132: Benign prob = 0.0059
Iteration 141: Benign prob = 0.0063
Iteration 144: Benign prob = 0.0064
Iteration 147: Benign prob = 0.0068
Iteration 161: Benign prob = 0.0070
Iteration 164: Benign prob = 0.0072
Iteration 168: Benign prob = 0.0074
Iteration 187: Benign prob = 0.0076
Iteration 188: Benign prob = 0.0082
Iteration 190: Benign prob = 0.0085
Iteration 206: Benign prob = 0.0085
Iteration 210: Benign prob = 0.0089
Iteration 214: Benign prob = 0.0090
Iteration 221: Benign prob = 0.0092
Iteration 229: Benign prob = 0.0095
Iteration 231: Benign prob = 0.0096
Iteration 244: Benign prob = 0.0101
Iteration 270: Benign prob = 0.0105
Iteration 275: Benign prob = 0.0109
Iteration 280: Benign prob = 0.0114
Iteration 288: Benign prob = 0.0115
Iteration 307: Benign prob = 0.0117
Iteration 316: Benign prob = 0.0122
Iteration 341: Benign prob = 0.0135
Iteration 351: Benign prob = 0.0135
Iteration 364: Benign prob = 0.0141
Iteration 399: Benign prob = 0.0142
Iteration 401: Benign prob = 0.0145
Iteration 410: Benign prob = 0.0151
Iteration 441: Benign prob = 0.0154
Iteration 454: Benign prob = 0.0160
Iteration 456: Benign prob = 0.0174
Iteration 497: Benign prob = 0.0175
Iteration 513: Benign prob = 0.0203
Iteration 564: Benign prob = 0.0204
Iteration 565: Benign prob = 0.0207
Iteration 589: Benign prob = 0.0215
Iteration 597: Benign prob = 0.0219
Iteration 602: Benign prob = 0.0225
Iteration 633: Benign prob = 0.0227
Iteration 635: Benign prob = 0.0227
Iteration 656: Benign prob = 0.0231
Iteration 719: Benign prob = 0.0239
Iteration 720: Benign prob = 0.0240
Iteration 738: Benign prob = 0.0240
Iteration 746: Benign prob = 0.0256
Iteration 793: Benign prob = 0.0270
Iteration 806: Benign prob = 0.0272
Iteration 822: Benign prob = 0.0273
Iteration 830: Benign prob = 0.0274
Iteration 839: Benign prob = 0.0278
Iteration 864: Benign prob = 0.0284
Iteration 878: Benign prob = 0.0288
Iteration 909: Benign prob = 0.0314
Iteration 1028: Benign prob = 0.0322
Iteration 1042: Benign prob = 0.0330
Iteration 1083: Benign prob = 0.0334
Iteration 1086: Benign prob = 0.0341
Iteration 1101: Benign prob = 0.0346
Iteration 1164: Benign prob = 0.0349
Iteration 1168: Benign prob = 0.0350
Iteration 1169: Benign prob = 0.0356
Iteration 1172: Benign prob = 0.0365
Iteration 1175: Benign prob = 0.0366
Iteration 1190: Benign prob = 0.0372
Iteration 1225: Benign prob = 0.0373
Iteration 1236: Benign prob = 0.0381
Iteration 1245: Benign prob = 0.0390
Iteration 1281: Benign prob = 0.0393
Iteration 1283: Benign prob = 0.0397
Iteration 1301: Benign prob = 0.0403
Iteration 1303: Benign prob = 0.0416
Iteration 1359: Benign prob = 0.0418
Iteration 1397: Benign prob = 0.0431
Iteration 1457: Benign prob = 0.0440
Iteration 1472: Benign prob = 0.0451
Iteration 1504: Benign prob = 0.0455
Iteration 1547: Benign prob = 0.0460
Iteration 1572: Benign prob = 0.0477
Iteration 1624: Benign prob = 0.0479
Iteration 1641: Benign prob = 0.0494
Iteration 1674: Benign prob = 0.0505
Iteration 1678: Benign prob = 0.0518
Iteration 1683: Benign prob = 0.0522
Iteration 1724: Benign prob = 0.0524
Iteration 1818: Benign prob = 0.0527
Iteration 1899: Benign prob = 0.0542
Iteration 1908: Benign prob = 0.0545
Iteration 1956: Benign prob = 0.0548
Iteration 1982: Benign prob = 0.0556
Iteration 1983: Benign prob = 0.0558
Iteration 1991: Benign prob = 0.0564
Iteration 1998: Benign prob = 0.0565
Iteration 2014: Benign prob = 0.0569
Iteration 2015: Benign prob = 0.0585
Iteration 2061: Benign prob = 0.0608
Iteration 2133: Benign prob = 0.0615
Iteration 2151: Benign prob = 0.0636
Iteration 2159: Benign prob = 0.0640
Iteration 2164: Benign prob = 0.0651
Iteration 2183: Benign prob = 0.0662
Iteration 2245: Benign prob = 0.0674
Iteration 2357: Benign prob = 0.0686
Iteration 2385: Benign prob = 0.0692
Iteration 2410: Benign prob = 0.0701
Iteration 2417: Benign prob = 0.0712
Iteration 2422: Benign prob = 0.0713
Iteration 2461: Benign prob = 0.0725
Iteration 2462: Benign prob = 0.0740
Iteration 2466: Benign prob = 0.0740
Iteration 2469: Benign prob = 0.0772
Iteration 2503: Benign prob = 0.0780
Iteration 2526: Benign prob = 0.0796
Iteration 2540: Benign prob = 0.0801
Iteration 2556: Benign prob = 0.0818
Iteration 2576: Benign prob = 0.0830
Iteration 2578: Benign prob = 0.0831
Iteration 2582: Benign prob = 0.0836
Iteration 2603: Benign prob = 0.0858
Iteration 2614: Benign prob = 0.0875
Iteration 2621: Benign prob = 0.0878
Iteration 2656: Benign prob = 0.0882
Iteration 2679: Benign prob = 0.0905
Iteration 2707: Benign prob = 0.0959
Iteration 2792: Benign prob = 0.0994
Iteration 2805: Benign prob = 0.1004
Iteration 2816: Benign prob = 0.1008
Iteration 2838: Benign prob = 0.1044
Iteration 2858: Benign prob = 0.1097
Iteration 2863: Benign prob = 0.1114
Iteration 2868: Benign prob = 0.1129
Iteration 2888: Benign prob = 0.1148
Iteration 2900: Benign prob = 0.1149
Iteration 2903: Benign prob = 0.1157
Iteration 2904: Benign prob = 0.1179
Iteration 2923: Benign prob = 0.1249
Iteration 2954: Benign prob = 0.1288
Iteration 2955: Benign prob = 0.1296
Iteration 2960: Benign prob = 0.1304
Iteration 2963: Benign prob = 0.1319
Iteration 2969: Benign prob = 0.1324
Iteration 2990: Benign prob = 0.1342
Iteration 3008: Benign prob = 0.1357
Iteration 3012: Benign prob = 0.1373
Iteration 3019: Benign prob = 0.1433
Iteration 3024: Benign prob = 0.1452
Iteration 3038: Benign prob = 0.1465
Iteration 3066: Benign prob = 0.1605
Iteration 3068: Benign prob = 0.1630
Iteration 3102: Benign prob = 0.1634
Iteration 3113: Benign prob = 0.1652
Iteration 3122: Benign prob = 0.1709
Iteration 3158: Benign prob = 0.1722
Iteration 3174: Benign prob = 0.1752
Iteration 3188: Benign prob = 0.1754
Iteration 3197: Benign prob = 0.1787
Iteration 3208: Benign prob = 0.1803
Iteration 3240: Benign prob = 0.1914
Iteration 3265: Benign prob = 0.1963
Iteration 3338: Benign prob = 0.1999
Iteration 3370: Benign prob = 0.2065
Iteration 3402: Benign prob = 0.2071
Iteration 3413: Benign prob = 0.2100
Iteration 3450: Benign prob = 0.2140
Iteration 3474: Benign prob = 0.2242
Iteration 3503: Benign prob = 0.2274
Iteration 3508: Benign prob = 0.2315
Iteration 3540: Benign prob = 0.2333
Iteration 3557: Benign prob = 0.2392
Iteration 3575: Benign prob = 0.2415
Iteration 3595: Benign prob = 0.2466
Iteration 3622: Benign prob = 0.2528
Iteration 3633: Benign prob = 0.2547
Iteration 3637: Benign prob = 0.2842
Iteration 3676: Benign prob = 0.2858
Iteration 3679: Benign prob = 0.3084
Iteration 3721: Benign prob = 0.3160
Iteration 3722: Benign prob = 0.3204
Iteration 3724: Benign prob = 0.3204
Iteration 3728: Benign prob = 0.3232
Iteration 3730: Benign prob = 0.3475
Iteration 3776: Benign prob = 0.3610
Iteration 3797: Benign prob = 0.3671
Iteration 3814: Benign prob = 0.3714
Iteration 3842: Benign prob = 0.3817
Iteration 3843: Benign prob = 0.4024
Iteration 3846: Benign prob = 0.4091
Iteration 3891: Benign prob = 0.4156
Iteration 3941: Benign prob = 0.4168
Iteration 3972: Benign prob = 0.4183
Iteration 4004: Benign prob = 0.4246
Iteration 4005: Benign prob = 0.4370
Iteration 4009: Benign prob = 0.4458
Iteration 4010: Benign prob = 0.4471
Iteration 4145: Benign prob = 0.4557
Iteration 4149: Benign prob = 0.4664
Iteration 4216: Benign prob = 0.4709
Iteration 4252: Benign prob = 0.4734
Iteration 4305: Benign prob = 0.4818
Iteration 4343: Benign prob = 0.4831
Iteration 4367: Benign prob = 0.4924
Iteration 4371: Benign prob = 0.4942
Iteration 4422: Benign prob = 0.4973
Iteration 4433: Benign prob = 0.5088
Iteration 4442: Benign prob = 0.5092
Iteration 4463: Benign prob = 0.5104
Iteration 4468: Benign prob = 0.5388
Iteration 4478: Benign prob = 0.5475
Iteration 4570: Benign prob = 0.5487
Iteration 4595: Benign prob = 0.5498
Iteration 4635: Benign prob = 0.5555

 Completed Adversarial Image for image 7 in 17.43 minutes.

--- Adversarial Prediction Results for image 7: (D:\malnet-images\test\clicker\kuguo\29123E9DB60FD2C2F6842A73306CB832021D3CDAE0A560887ECE9C9B62FE8C1B.png) ---
Predicted class: 11 (benign)
Confidence     : 0.5540
True class     : 13 (clicker)


=== [8/10] Creating EA Adversarial Image for D:\malnet-images\test\clicker\kuguo\AD8BD4936553388B7FC0CB39CF94BDFF66259F8C086FF49F16799DB018F500F8.png ===

--- Original Prediction Results ---
Predicted class: 42 (trojan)

Confidence     : 0.5263

True class     : 13 (clicker)

Target ('benign') class: 11 (benign)

[INFO] Benign class became best class at iteration 8074 with confidence 0.2861!

Failed to generate adversarial image in 10000 iterations.
Benign first became best at iteration 8074 with confidence 0.2861

Benign probability changes (iteration, prob):
Iteration 0: Benign prob = 0.0006
Iteration 1: Benign prob = 0.0007
Iteration 2: Benign prob = 0.0011
Iteration 3: Benign prob = 0.0016
Iteration 5: Benign prob = 0.0017
Iteration 6: Benign prob = 0.0019
Iteration 8: Benign prob = 0.0020
Iteration 10: Benign prob = 0.0021
Iteration 14: Benign prob = 0.0023
Iteration 20: Benign prob = 0.0023
Iteration 21: Benign prob = 0.0024
Iteration 22: Benign prob = 0.0027
Iteration 24: Benign prob = 0.0027
Iteration 28: Benign prob = 0.0030
Iteration 35: Benign prob = 0.0030
Iteration 37: Benign prob = 0.0031
Iteration 39: Benign prob = 0.0031
Iteration 40: Benign prob = 0.0033
Iteration 46: Benign prob = 0.0033
Iteration 47: Benign prob = 0.0035
Iteration 50: Benign prob = 0.0036
Iteration 52: Benign prob = 0.0038
Iteration 63: Benign prob = 0.0039
Iteration 67: Benign prob = 0.0039
Iteration 68: Benign prob = 0.0040
Iteration 69: Benign prob = 0.0041
Iteration 73: Benign prob = 0.0042
Iteration 74: Benign prob = 0.0049
Iteration 79: Benign prob = 0.0050
Iteration 86: Benign prob = 0.0052
Iteration 96: Benign prob = 0.0054
Iteration 98: Benign prob = 0.0055
Iteration 101: Benign prob = 0.0055
Iteration 102: Benign prob = 0.0058
Iteration 114: Benign prob = 0.0059
Iteration 130: Benign prob = 0.0060
Iteration 132: Benign prob = 0.0061
Iteration 136: Benign prob = 0.0061
Iteration 137: Benign prob = 0.0066
Iteration 143: Benign prob = 0.0067
Iteration 150: Benign prob = 0.0068
Iteration 158: Benign prob = 0.0070
Iteration 161: Benign prob = 0.0070
Iteration 162: Benign prob = 0.0074
Iteration 166: Benign prob = 0.0076
Iteration 178: Benign prob = 0.0078
Iteration 183: Benign prob = 0.0080
Iteration 188: Benign prob = 0.0081
Iteration 189: Benign prob = 0.0085
Iteration 202: Benign prob = 0.0085
Iteration 203: Benign prob = 0.0092
Iteration 209: Benign prob = 0.0095
Iteration 212: Benign prob = 0.0096
Iteration 213: Benign prob = 0.0100
Iteration 222: Benign prob = 0.0100
Iteration 224: Benign prob = 0.0103
Iteration 229: Benign prob = 0.0103
Iteration 243: Benign prob = 0.0108
Iteration 246: Benign prob = 0.0109
Iteration 252: Benign prob = 0.0122
Iteration 263: Benign prob = 0.0126
Iteration 264: Benign prob = 0.0131
Iteration 273: Benign prob = 0.0132
Iteration 276: Benign prob = 0.0133
Iteration 277: Benign prob = 0.0136
Iteration 295: Benign prob = 0.0142
Iteration 304: Benign prob = 0.0144
Iteration 308: Benign prob = 0.0153
Iteration 315: Benign prob = 0.0154
Iteration 323: Benign prob = 0.0155
Iteration 327: Benign prob = 0.0161
Iteration 339: Benign prob = 0.0173
Iteration 356: Benign prob = 0.0175
Iteration 371: Benign prob = 0.0176
Iteration 373: Benign prob = 0.0183
Iteration 386: Benign prob = 0.0189
Iteration 395: Benign prob = 0.0189
Iteration 411: Benign prob = 0.0193
Iteration 429: Benign prob = 0.0200
Iteration 431: Benign prob = 0.0202
Iteration 434: Benign prob = 0.0203
Iteration 440: Benign prob = 0.0206
Iteration 446: Benign prob = 0.0215
Iteration 473: Benign prob = 0.0223
Iteration 507: Benign prob = 0.0224
Iteration 528: Benign prob = 0.0225
Iteration 536: Benign prob = 0.0227
Iteration 543: Benign prob = 0.0232
Iteration 555: Benign prob = 0.0233
Iteration 582: Benign prob = 0.0237
Iteration 584: Benign prob = 0.0241
Iteration 592: Benign prob = 0.0241
Iteration 603: Benign prob = 0.0261
Iteration 611: Benign prob = 0.0271
Iteration 673: Benign prob = 0.0271
Iteration 729: Benign prob = 0.0282
Iteration 778: Benign prob = 0.0287
Iteration 793: Benign prob = 0.0290
Iteration 832: Benign prob = 0.0293
Iteration 854: Benign prob = 0.0308
Iteration 886: Benign prob = 0.0309
Iteration 890: Benign prob = 0.0313
Iteration 899: Benign prob = 0.0318
Iteration 923: Benign prob = 0.0336
Iteration 927: Benign prob = 0.0337
Iteration 964: Benign prob = 0.0340
Iteration 998: Benign prob = 0.0342
Iteration 1000: Benign prob = 0.0344
Iteration 1016: Benign prob = 0.0352
Iteration 1020: Benign prob = 0.0355
Iteration 1039: Benign prob = 0.0367
Iteration 1072: Benign prob = 0.0376
Iteration 1083: Benign prob = 0.0378
Iteration 1093: Benign prob = 0.0387
Iteration 1101: Benign prob = 0.0393
Iteration 1107: Benign prob = 0.0394
Iteration 1108: Benign prob = 0.0403
Iteration 1129: Benign prob = 0.0411
Iteration 1175: Benign prob = 0.0412
Iteration 1178: Benign prob = 0.0431
Iteration 1194: Benign prob = 0.0433
Iteration 1214: Benign prob = 0.0441
Iteration 1236: Benign prob = 0.0441
Iteration 1266: Benign prob = 0.0449
Iteration 1272: Benign prob = 0.0451
Iteration 1273: Benign prob = 0.0457
Iteration 1292: Benign prob = 0.0494
Iteration 1360: Benign prob = 0.0495
Iteration 1361: Benign prob = 0.0509
Iteration 1383: Benign prob = 0.0510
Iteration 1393: Benign prob = 0.0511
Iteration 1395: Benign prob = 0.0513
Iteration 1397: Benign prob = 0.0520
Iteration 1442: Benign prob = 0.0521
Iteration 1458: Benign prob = 0.0544
Iteration 1461: Benign prob = 0.0545
Iteration 1510: Benign prob = 0.0560
Iteration 1525: Benign prob = 0.0568
Iteration 1530: Benign prob = 0.0585
Iteration 1535: Benign prob = 0.0599
Iteration 1577: Benign prob = 0.0608
Iteration 1594: Benign prob = 0.0609
Iteration 1602: Benign prob = 0.0656
Iteration 1608: Benign prob = 0.0670
Iteration 1624: Benign prob = 0.0679
Iteration 1653: Benign prob = 0.0685
Iteration 1655: Benign prob = 0.0694
Iteration 1665: Benign prob = 0.0705
Iteration 1667: Benign prob = 0.0735
Iteration 1753: Benign prob = 0.0751
Iteration 1766: Benign prob = 0.0767
Iteration 1811: Benign prob = 0.0772
Iteration 1916: Benign prob = 0.0779
Iteration 1935: Benign prob = 0.0790
Iteration 1961: Benign prob = 0.0832
Iteration 1993: Benign prob = 0.0842
Iteration 2023: Benign prob = 0.0853
Iteration 2058: Benign prob = 0.0857
Iteration 2119: Benign prob = 0.0897
Iteration 2222: Benign prob = 0.0898
Iteration 2225: Benign prob = 0.0916
Iteration 2245: Benign prob = 0.0924
Iteration 2295: Benign prob = 0.0948
Iteration 2414: Benign prob = 0.0958
Iteration 2419: Benign prob = 0.0977
Iteration 2421: Benign prob = 0.1008
Iteration 2452: Benign prob = 0.1011
Iteration 2574: Benign prob = 0.1024
Iteration 2585: Benign prob = 0.1027
Iteration 2593: Benign prob = 0.1041
Iteration 2616: Benign prob = 0.1047
Iteration 2673: Benign prob = 0.1050
Iteration 2674: Benign prob = 0.1081
Iteration 2703: Benign prob = 0.1082
Iteration 2709: Benign prob = 0.1098
Iteration 2717: Benign prob = 0.1103
Iteration 2740: Benign prob = 0.1118
Iteration 2753: Benign prob = 0.1139
Iteration 3006: Benign prob = 0.1139
Iteration 3007: Benign prob = 0.1143
Iteration 3084: Benign prob = 0.1149
Iteration 3187: Benign prob = 0.1156
Iteration 3201: Benign prob = 0.1178
Iteration 3227: Benign prob = 0.1189
Iteration 3251: Benign prob = 0.1212
Iteration 3270: Benign prob = 0.1218
Iteration 3357: Benign prob = 0.1249
Iteration 3455: Benign prob = 0.1252
Iteration 3465: Benign prob = 0.1256
Iteration 3500: Benign prob = 0.1265
Iteration 3534: Benign prob = 0.1283
Iteration 3633: Benign prob = 0.1296
Iteration 3701: Benign prob = 0.1317
Iteration 3787: Benign prob = 0.1380
Iteration 3879: Benign prob = 0.1381
Iteration 3955: Benign prob = 0.1389
Iteration 4054: Benign prob = 0.1401
Iteration 4106: Benign prob = 0.1440
Iteration 4249: Benign prob = 0.1547
Iteration 4341: Benign prob = 0.1559
Iteration 4379: Benign prob = 0.1596
Iteration 4388: Benign prob = 0.1599
Iteration 4389: Benign prob = 0.1615
Iteration 4419: Benign prob = 0.1638
Iteration 4529: Benign prob = 0.1652
Iteration 4564: Benign prob = 0.1655
Iteration 4585: Benign prob = 0.1671
Iteration 4594: Benign prob = 0.1690
Iteration 4610: Benign prob = 0.1707
Iteration 4729: Benign prob = 0.1711
Iteration 4764: Benign prob = 0.1716
Iteration 4768: Benign prob = 0.1753
Iteration 4829: Benign prob = 0.1767
Iteration 4841: Benign prob = 0.1776
Iteration 4855: Benign prob = 0.1820
Iteration 4911: Benign prob = 0.1835
Iteration 4940: Benign prob = 0.1853
Iteration 5101: Benign prob = 0.1862
Iteration 5102: Benign prob = 0.1876
Iteration 5232: Benign prob = 0.1897
Iteration 5255: Benign prob = 0.1918
Iteration 5295: Benign prob = 0.1924
Iteration 5403: Benign prob = 0.1942
Iteration 5427: Benign prob = 0.1944
Iteration 5595: Benign prob = 0.1958
Iteration 5598: Benign prob = 0.1976
Iteration 5680: Benign prob = 0.1995
Iteration 5725: Benign prob = 0.2007
Iteration 5763: Benign prob = 0.2025
Iteration 5857: Benign prob = 0.2030
Iteration 5889: Benign prob = 0.2055
Iteration 5980: Benign prob = 0.2096
Iteration 6015: Benign prob = 0.2126
Iteration 6072: Benign prob = 0.2186
Iteration 6210: Benign prob = 0.2193
Iteration 6234: Benign prob = 0.2202
Iteration 6258: Benign prob = 0.2273
Iteration 6348: Benign prob = 0.2288
Iteration 6392: Benign prob = 0.2291
Iteration 6439: Benign prob = 0.2316
Iteration 6553: Benign prob = 0.2345
Iteration 6561: Benign prob = 0.2377
Iteration 6564: Benign prob = 0.2416
Iteration 6575: Benign prob = 0.2418
Iteration 6616: Benign prob = 0.2431
Iteration 6776: Benign prob = 0.2500
Iteration 6799: Benign prob = 0.2503
Iteration 7010: Benign prob = 0.2505
Iteration 7021: Benign prob = 0.2577
Iteration 7137: Benign prob = 0.2590
Iteration 7138: Benign prob = 0.2654
Iteration 7241: Benign prob = 0.2660
Iteration 7345: Benign prob = 0.2681
Iteration 7447: Benign prob = 0.2687
Iteration 7528: Benign prob = 0.2729
Iteration 7589: Benign prob = 0.2750
Iteration 7662: Benign prob = 0.2763
Iteration 7718: Benign prob = 0.2768
Iteration 7808: Benign prob = 0.2815
Iteration 8012: Benign prob = 0.2817
Iteration 8020: Benign prob = 0.2817
Iteration 8065: Benign prob = 0.2837
Iteration 8074: Benign prob = 0.2861
Iteration 8101: Benign prob = 0.2872
Iteration 8142: Benign prob = 0.2894
Iteration 8157: Benign prob = 0.2896
Iteration 8173: Benign prob = 0.2950
Iteration 8202: Benign prob = 0.2955
Iteration 8271: Benign prob = 0.3022
Iteration 8386: Benign prob = 0.3075
Iteration 8505: Benign prob = 0.3092
Iteration 8616: Benign prob = 0.3113
Iteration 8649: Benign prob = 0.3125
Iteration 8789: Benign prob = 0.3238
Iteration 8967: Benign prob = 0.3244
Iteration 8988: Benign prob = 0.3246
Iteration 8996: Benign prob = 0.3278
Iteration 9084: Benign prob = 0.3279
Iteration 9234: Benign prob = 0.3350
Iteration 9238: Benign prob = 0.3383
Iteration 9329: Benign prob = 0.3413
Iteration 9341: Benign prob = 0.3463
Iteration 9458: Benign prob = 0.3483
Iteration 9499: Benign prob = 0.3507
Iteration 9536: Benign prob = 0.3511
Iteration 9572: Benign prob = 0.3528
Iteration 9573: Benign prob = 0.3533
Iteration 9598: Benign prob = 0.3544
Iteration 9731: Benign prob = 0.3568
Iteration 9884: Benign prob = 0.3590

 Completed Adversarial Image for image 8 in 37.66 minutes.

--- Adversarial Prediction Results for image 8: (D:\malnet-images\test\clicker\kuguo\AD8BD4936553388B7FC0CB39CF94BDFF66259F8C086FF49F16799DB018F500F8.png) ---
Predicted class: 42 (trojan)
Confidence     : 0.5263
True class     : 13 (clicker)


=== [9/10] Creating EA Adversarial Image for D:\malnet-images\test\clicker\kuguo\D0BBE6A175BF6EE0134BDFACC4CCE774DC46D3790C0C88C56FFCEBE39BF7EE50.png ===

--- Original Prediction Results ---
Predicted class: 4 (adware)

Confidence     : 1.0000

True class     : 13 (clicker)

Target ('benign') class: 11 (benign)

[INFO] Benign class became best class at iteration 2543 with confidence 0.2780!

Targeted adversarial image created in 3987 iterations.
Benign first became best at iteration 2543 with confidence 0.2780

Benign probability changes (iteration, prob):
Iteration 0: Benign prob = 0.0009
Iteration 2: Benign prob = 0.0010
Iteration 3: Benign prob = 0.0011
Iteration 4: Benign prob = 0.0012
Iteration 5: Benign prob = 0.0018
Iteration 7: Benign prob = 0.0018
Iteration 12: Benign prob = 0.0018
Iteration 13: Benign prob = 0.0019
Iteration 15: Benign prob = 0.0021
Iteration 16: Benign prob = 0.0022
Iteration 18: Benign prob = 0.0022
Iteration 21: Benign prob = 0.0024
Iteration 23: Benign prob = 0.0024
Iteration 28: Benign prob = 0.0025
Iteration 29: Benign prob = 0.0028
Iteration 34: Benign prob = 0.0028
Iteration 36: Benign prob = 0.0029
Iteration 37: Benign prob = 0.0029
Iteration 39: Benign prob = 0.0030
Iteration 40: Benign prob = 0.0030
Iteration 41: Benign prob = 0.0031
Iteration 43: Benign prob = 0.0032
Iteration 45: Benign prob = 0.0036
Iteration 52: Benign prob = 0.0038
Iteration 59: Benign prob = 0.0040
Iteration 62: Benign prob = 0.0040
Iteration 66: Benign prob = 0.0041
Iteration 70: Benign prob = 0.0044
Iteration 72: Benign prob = 0.0045
Iteration 77: Benign prob = 0.0048
Iteration 95: Benign prob = 0.0048
Iteration 96: Benign prob = 0.0051
Iteration 98: Benign prob = 0.0056
Iteration 111: Benign prob = 0.0058
Iteration 119: Benign prob = 0.0060
Iteration 123: Benign prob = 0.0061
Iteration 126: Benign prob = 0.0063
Iteration 127: Benign prob = 0.0067
Iteration 133: Benign prob = 0.0071
Iteration 152: Benign prob = 0.0071
Iteration 164: Benign prob = 0.0072
Iteration 176: Benign prob = 0.0078
Iteration 180: Benign prob = 0.0078
Iteration 184: Benign prob = 0.0080
Iteration 185: Benign prob = 0.0084
Iteration 189: Benign prob = 0.0084
Iteration 195: Benign prob = 0.0086
Iteration 197: Benign prob = 0.0091
Iteration 204: Benign prob = 0.0091
Iteration 210: Benign prob = 0.0092
Iteration 218: Benign prob = 0.0095
Iteration 220: Benign prob = 0.0095
Iteration 221: Benign prob = 0.0098
Iteration 228: Benign prob = 0.0101
Iteration 234: Benign prob = 0.0102
Iteration 237: Benign prob = 0.0106
Iteration 240: Benign prob = 0.0112
Iteration 247: Benign prob = 0.0122
Iteration 254: Benign prob = 0.0123
Iteration 259: Benign prob = 0.0134
Iteration 268: Benign prob = 0.0134
Iteration 278: Benign prob = 0.0134
Iteration 282: Benign prob = 0.0138
Iteration 283: Benign prob = 0.0141
Iteration 293: Benign prob = 0.0146
Iteration 298: Benign prob = 0.0147
Iteration 304: Benign prob = 0.0151
Iteration 328: Benign prob = 0.0159
Iteration 345: Benign prob = 0.0161
Iteration 357: Benign prob = 0.0169
Iteration 363: Benign prob = 0.0169
Iteration 373: Benign prob = 0.0171
Iteration 374: Benign prob = 0.0176
Iteration 377: Benign prob = 0.0191
Iteration 412: Benign prob = 0.0195
Iteration 426: Benign prob = 0.0198
Iteration 456: Benign prob = 0.0202
Iteration 457: Benign prob = 0.0223
Iteration 497: Benign prob = 0.0235
Iteration 502: Benign prob = 0.0236
Iteration 521: Benign prob = 0.0237
Iteration 527: Benign prob = 0.0242
Iteration 553: Benign prob = 0.0254
Iteration 585: Benign prob = 0.0264
Iteration 599: Benign prob = 0.0305
Iteration 607: Benign prob = 0.0306
Iteration 613: Benign prob = 0.0314
Iteration 628: Benign prob = 0.0316
Iteration 631: Benign prob = 0.0317
Iteration 632: Benign prob = 0.0341
Iteration 647: Benign prob = 0.0343
Iteration 679: Benign prob = 0.0347
Iteration 734: Benign prob = 0.0353
Iteration 746: Benign prob = 0.0357
Iteration 755: Benign prob = 0.0357
Iteration 757: Benign prob = 0.0367
Iteration 769: Benign prob = 0.0381
Iteration 788: Benign prob = 0.0401
Iteration 827: Benign prob = 0.0404
Iteration 836: Benign prob = 0.0409
Iteration 847: Benign prob = 0.0418
Iteration 884: Benign prob = 0.0435
Iteration 888: Benign prob = 0.0453
Iteration 890: Benign prob = 0.0459
Iteration 902: Benign prob = 0.0467
Iteration 903: Benign prob = 0.0471
Iteration 904: Benign prob = 0.0475
Iteration 908: Benign prob = 0.0478
Iteration 909: Benign prob = 0.0486
Iteration 913: Benign prob = 0.0490
Iteration 914: Benign prob = 0.0503
Iteration 925: Benign prob = 0.0509
Iteration 935: Benign prob = 0.0529
Iteration 984: Benign prob = 0.0535
Iteration 1030: Benign prob = 0.0540
Iteration 1041: Benign prob = 0.0544
Iteration 1042: Benign prob = 0.0545
Iteration 1065: Benign prob = 0.0555
Iteration 1071: Benign prob = 0.0590
Iteration 1093: Benign prob = 0.0613
Iteration 1102: Benign prob = 0.0620
Iteration 1114: Benign prob = 0.0625
Iteration 1115: Benign prob = 0.0634
Iteration 1117: Benign prob = 0.0635
Iteration 1134: Benign prob = 0.0644
Iteration 1173: Benign prob = 0.0644
Iteration 1175: Benign prob = 0.0652
Iteration 1197: Benign prob = 0.0663
Iteration 1198: Benign prob = 0.0680
Iteration 1208: Benign prob = 0.0689
Iteration 1216: Benign prob = 0.0704
Iteration 1226: Benign prob = 0.0713
Iteration 1229: Benign prob = 0.0721
Iteration 1254: Benign prob = 0.0767
Iteration 1306: Benign prob = 0.0774
Iteration 1316: Benign prob = 0.0786
Iteration 1325: Benign prob = 0.0835
Iteration 1333: Benign prob = 0.0859
Iteration 1373: Benign prob = 0.0890
Iteration 1392: Benign prob = 0.0971
Iteration 1401: Benign prob = 0.1017
Iteration 1410: Benign prob = 0.1035
Iteration 1454: Benign prob = 0.1078
Iteration 1487: Benign prob = 0.1113
Iteration 1545: Benign prob = 0.1140
Iteration 1582: Benign prob = 0.1196
Iteration 1596: Benign prob = 0.1249
Iteration 1601: Benign prob = 0.1259
Iteration 1626: Benign prob = 0.1293
Iteration 1637: Benign prob = 0.1312
Iteration 1644: Benign prob = 0.1329
Iteration 1669: Benign prob = 0.1434
Iteration 1765: Benign prob = 0.1441
Iteration 1790: Benign prob = 0.1493
Iteration 1825: Benign prob = 0.1506
Iteration 1827: Benign prob = 0.1565
Iteration 1900: Benign prob = 0.1609
Iteration 1935: Benign prob = 0.1685
Iteration 2003: Benign prob = 0.1687
Iteration 2018: Benign prob = 0.1693
Iteration 2047: Benign prob = 0.1738
Iteration 2059: Benign prob = 0.1766
Iteration 2065: Benign prob = 0.1820
Iteration 2122: Benign prob = 0.1875
Iteration 2138: Benign prob = 0.1905
Iteration 2171: Benign prob = 0.2057
Iteration 2196: Benign prob = 0.2078
Iteration 2199: Benign prob = 0.2184
Iteration 2251: Benign prob = 0.2194
Iteration 2284: Benign prob = 0.2256
Iteration 2355: Benign prob = 0.2260
Iteration 2359: Benign prob = 0.2264
Iteration 2366: Benign prob = 0.2289
Iteration 2370: Benign prob = 0.2310
Iteration 2383: Benign prob = 0.2330
Iteration 2389: Benign prob = 0.2356
Iteration 2407: Benign prob = 0.2446
Iteration 2420: Benign prob = 0.2535
Iteration 2430: Benign prob = 0.2584
Iteration 2449: Benign prob = 0.2596
Iteration 2454: Benign prob = 0.2636
Iteration 2501: Benign prob = 0.2660
Iteration 2512: Benign prob = 0.2672
Iteration 2539: Benign prob = 0.2702
Iteration 2543: Benign prob = 0.2780
Iteration 2552: Benign prob = 0.2802
Iteration 2607: Benign prob = 0.2909
Iteration 2620: Benign prob = 0.2910
Iteration 2638: Benign prob = 0.3096
Iteration 2654: Benign prob = 0.3126
Iteration 2729: Benign prob = 0.3169
Iteration 2744: Benign prob = 0.3180
Iteration 2758: Benign prob = 0.3209
Iteration 2829: Benign prob = 0.3220
Iteration 2856: Benign prob = 0.3265
Iteration 2859: Benign prob = 0.3275
Iteration 2862: Benign prob = 0.3341
Iteration 2884: Benign prob = 0.3360
Iteration 2891: Benign prob = 0.3372
Iteration 2906: Benign prob = 0.3383
Iteration 2949: Benign prob = 0.3464
Iteration 2988: Benign prob = 0.3576
Iteration 2992: Benign prob = 0.3634
Iteration 3061: Benign prob = 0.3660
Iteration 3086: Benign prob = 0.3674
Iteration 3088: Benign prob = 0.3733
Iteration 3105: Benign prob = 0.3796
Iteration 3119: Benign prob = 0.3803
Iteration 3160: Benign prob = 0.3926
Iteration 3161: Benign prob = 0.3931
Iteration 3204: Benign prob = 0.3942
Iteration 3222: Benign prob = 0.4053
Iteration 3257: Benign prob = 0.4094
Iteration 3262: Benign prob = 0.4127
Iteration 3305: Benign prob = 0.4188
Iteration 3309: Benign prob = 0.4343
Iteration 3332: Benign prob = 0.4397
Iteration 3402: Benign prob = 0.4422
Iteration 3406: Benign prob = 0.4463
Iteration 3420: Benign prob = 0.4536
Iteration 3446: Benign prob = 0.4616
Iteration 3458: Benign prob = 0.4707
Iteration 3557: Benign prob = 0.4720
Iteration 3589: Benign prob = 0.4795
Iteration 3601: Benign prob = 0.4806
Iteration 3606: Benign prob = 0.4835
Iteration 3630: Benign prob = 0.4845
Iteration 3636: Benign prob = 0.4909
Iteration 3650: Benign prob = 0.4973
Iteration 3704: Benign prob = 0.4981
Iteration 3706: Benign prob = 0.5003
Iteration 3717: Benign prob = 0.5041
Iteration 3724: Benign prob = 0.5116
Iteration 3733: Benign prob = 0.5268
Iteration 3799: Benign prob = 0.5270
Iteration 3801: Benign prob = 0.5305
Iteration 3826: Benign prob = 0.5379
Iteration 3912: Benign prob = 0.5430
Iteration 3987: Benign prob = 0.5504

 Completed Adversarial Image for image 9 in 14.99 minutes.

--- Adversarial Prediction Results for image 9: (D:\malnet-images\test\clicker\kuguo\D0BBE6A175BF6EE0134BDFACC4CCE774DC46D3790C0C88C56FFCEBE39BF7EE50.png) ---
Predicted class: 11 (benign)
Confidence     : 0.5500
True class     : 13 (clicker)


=== [10/10] Creating EA Adversarial Image for D:\malnet-images\test\clicker\kuguo\D067F6FE9D3F681B7DFEF99AE49B9A715443E0AF1DC271F42943C5CBC498138A.png ===

--- Original Prediction Results ---
Predicted class: 4 (adware)

Confidence     : 1.0000

True class     : 13 (clicker)

Target ('benign') class: 11 (benign)

[INFO] Benign class became best class at iteration 2561 with confidence 0.2828!

Targeted adversarial image created in 4683 iterations.
Benign first became best at iteration 2561 with confidence 0.2828

Benign probability changes (iteration, prob):
Iteration 0: Benign prob = 0.0005
Iteration 1: Benign prob = 0.0006
Iteration 3: Benign prob = 0.0010
Iteration 4: Benign prob = 0.0014
Iteration 6: Benign prob = 0.0014
Iteration 7: Benign prob = 0.0015
Iteration 8: Benign prob = 0.0019
Iteration 12: Benign prob = 0.0021
Iteration 16: Benign prob = 0.0022
Iteration 19: Benign prob = 0.0023
Iteration 20: Benign prob = 0.0024
Iteration 22: Benign prob = 0.0025
Iteration 26: Benign prob = 0.0027
Iteration 29: Benign prob = 0.0030
Iteration 37: Benign prob = 0.0033
Iteration 40: Benign prob = 0.0036
Iteration 42: Benign prob = 0.0040
Iteration 48: Benign prob = 0.0040
Iteration 50: Benign prob = 0.0043
Iteration 55: Benign prob = 0.0043
Iteration 56: Benign prob = 0.0047
Iteration 58: Benign prob = 0.0049
Iteration 59: Benign prob = 0.0051
Iteration 61: Benign prob = 0.0062
Iteration 68: Benign prob = 0.0062
Iteration 71: Benign prob = 0.0067
Iteration 76: Benign prob = 0.0069
Iteration 82: Benign prob = 0.0072
Iteration 93: Benign prob = 0.0083
Iteration 95: Benign prob = 0.0083
Iteration 98: Benign prob = 0.0084
Iteration 104: Benign prob = 0.0086
Iteration 106: Benign prob = 0.0098
Iteration 117: Benign prob = 0.0101
Iteration 118: Benign prob = 0.0103
Iteration 121: Benign prob = 0.0104
Iteration 131: Benign prob = 0.0106
Iteration 141: Benign prob = 0.0109
Iteration 143: Benign prob = 0.0112
Iteration 146: Benign prob = 0.0114
Iteration 151: Benign prob = 0.0121
Iteration 178: Benign prob = 0.0121
Iteration 197: Benign prob = 0.0125
Iteration 198: Benign prob = 0.0128
Iteration 201: Benign prob = 0.0144
Iteration 230: Benign prob = 0.0147
Iteration 231: Benign prob = 0.0147
Iteration 232: Benign prob = 0.0156
Iteration 252: Benign prob = 0.0158
Iteration 263: Benign prob = 0.0164
Iteration 304: Benign prob = 0.0169
Iteration 313: Benign prob = 0.0170
Iteration 317: Benign prob = 0.0172
Iteration 319: Benign prob = 0.0174
Iteration 368: Benign prob = 0.0178
Iteration 378: Benign prob = 0.0185
Iteration 380: Benign prob = 0.0185
Iteration 385: Benign prob = 0.0187
Iteration 407: Benign prob = 0.0187
Iteration 414: Benign prob = 0.0194
Iteration 435: Benign prob = 0.0194
Iteration 450: Benign prob = 0.0201
Iteration 465: Benign prob = 0.0214
Iteration 517: Benign prob = 0.0218
Iteration 536: Benign prob = 0.0220
Iteration 537: Benign prob = 0.0220
Iteration 538: Benign prob = 0.0222
Iteration 540: Benign prob = 0.0222
Iteration 541: Benign prob = 0.0229
Iteration 557: Benign prob = 0.0231
Iteration 559: Benign prob = 0.0243
Iteration 560: Benign prob = 0.0253
Iteration 561: Benign prob = 0.0255
Iteration 572: Benign prob = 0.0263
Iteration 576: Benign prob = 0.0277
Iteration 603: Benign prob = 0.0278
Iteration 615: Benign prob = 0.0282
Iteration 617: Benign prob = 0.0289
Iteration 623: Benign prob = 0.0291
Iteration 625: Benign prob = 0.0315
Iteration 639: Benign prob = 0.0315
Iteration 643: Benign prob = 0.0325
Iteration 671: Benign prob = 0.0329
Iteration 676: Benign prob = 0.0356
Iteration 687: Benign prob = 0.0374
Iteration 692: Benign prob = 0.0378
Iteration 726: Benign prob = 0.0388
Iteration 727: Benign prob = 0.0391
Iteration 752: Benign prob = 0.0395
Iteration 761: Benign prob = 0.0397
Iteration 769: Benign prob = 0.0399
Iteration 771: Benign prob = 0.0411
Iteration 774: Benign prob = 0.0419
Iteration 781: Benign prob = 0.0422
Iteration 786: Benign prob = 0.0460
Iteration 839: Benign prob = 0.0485
Iteration 858: Benign prob = 0.0508
Iteration 903: Benign prob = 0.0519
Iteration 917: Benign prob = 0.0520
Iteration 921: Benign prob = 0.0537
Iteration 928: Benign prob = 0.0567
Iteration 943: Benign prob = 0.0579
Iteration 953: Benign prob = 0.0585
Iteration 985: Benign prob = 0.0601
Iteration 992: Benign prob = 0.0629
Iteration 1011: Benign prob = 0.0642
Iteration 1035: Benign prob = 0.0652
Iteration 1044: Benign prob = 0.0662
Iteration 1045: Benign prob = 0.0668
Iteration 1048: Benign prob = 0.0713
Iteration 1095: Benign prob = 0.0738
Iteration 1097: Benign prob = 0.0745
Iteration 1115: Benign prob = 0.0780
Iteration 1119: Benign prob = 0.0789
Iteration 1165: Benign prob = 0.0805
Iteration 1192: Benign prob = 0.0823
Iteration 1212: Benign prob = 0.0829
Iteration 1215: Benign prob = 0.0855
Iteration 1226: Benign prob = 0.0864
Iteration 1230: Benign prob = 0.0869
Iteration 1239: Benign prob = 0.0901
Iteration 1265: Benign prob = 0.0950
Iteration 1271: Benign prob = 0.0981
Iteration 1291: Benign prob = 0.1044
Iteration 1293: Benign prob = 0.1047
Iteration 1310: Benign prob = 0.1057
Iteration 1342: Benign prob = 0.1077
Iteration 1360: Benign prob = 0.1083
Iteration 1361: Benign prob = 0.1097
Iteration 1362: Benign prob = 0.1106
Iteration 1391: Benign prob = 0.1113
Iteration 1403: Benign prob = 0.1154
Iteration 1440: Benign prob = 0.1160
Iteration 1441: Benign prob = 0.1181
Iteration 1457: Benign prob = 0.1185
Iteration 1468: Benign prob = 0.1233
Iteration 1528: Benign prob = 0.1248
Iteration 1547: Benign prob = 0.1252
Iteration 1548: Benign prob = 0.1372
Iteration 1593: Benign prob = 0.1414
Iteration 1604: Benign prob = 0.1424
Iteration 1648: Benign prob = 0.1433
Iteration 1681: Benign prob = 0.1434
Iteration 1685: Benign prob = 0.1462
Iteration 1687: Benign prob = 0.1482
Iteration 1698: Benign prob = 0.1533
Iteration 1700: Benign prob = 0.1559
Iteration 1717: Benign prob = 0.1582
Iteration 1741: Benign prob = 0.1639
Iteration 1772: Benign prob = 0.1684
Iteration 1784: Benign prob = 0.1756
Iteration 1785: Benign prob = 0.1759
Iteration 1799: Benign prob = 0.1818
Iteration 1818: Benign prob = 0.1820
Iteration 1854: Benign prob = 0.1899
Iteration 1880: Benign prob = 0.2038
Iteration 1892: Benign prob = 0.2068
Iteration 2035: Benign prob = 0.2070
Iteration 2045: Benign prob = 0.2086
Iteration 2046: Benign prob = 0.2176
Iteration 2083: Benign prob = 0.2225
Iteration 2090: Benign prob = 0.2239
Iteration 2091: Benign prob = 0.2281
Iteration 2143: Benign prob = 0.2319
Iteration 2147: Benign prob = 0.2407
Iteration 2182: Benign prob = 0.2478
Iteration 2281: Benign prob = 0.2526
Iteration 2324: Benign prob = 0.2576
Iteration 2390: Benign prob = 0.2618
Iteration 2395: Benign prob = 0.2671
Iteration 2453: Benign prob = 0.2743
Iteration 2468: Benign prob = 0.2759
Iteration 2504: Benign prob = 0.2769
Iteration 2507: Benign prob = 0.2776
Iteration 2511: Benign prob = 0.2792
Iteration 2539: Benign prob = 0.2796
Iteration 2561: Benign prob = 0.2828
Iteration 2594: Benign prob = 0.3062
Iteration 2701: Benign prob = 0.3099
Iteration 2764: Benign prob = 0.3191
Iteration 2833: Benign prob = 0.3204
Iteration 2845: Benign prob = 0.3221
Iteration 2852: Benign prob = 0.3287
Iteration 2876: Benign prob = 0.3296
Iteration 2880: Benign prob = 0.3302
Iteration 2882: Benign prob = 0.3326
Iteration 2883: Benign prob = 0.3337
Iteration 2967: Benign prob = 0.3384
Iteration 2978: Benign prob = 0.3447
Iteration 2985: Benign prob = 0.3452
Iteration 3070: Benign prob = 0.3523
Iteration 3135: Benign prob = 0.3525
Iteration 3155: Benign prob = 0.3591
Iteration 3221: Benign prob = 0.3626
Iteration 3231: Benign prob = 0.3630
Iteration 3256: Benign prob = 0.3675
Iteration 3261: Benign prob = 0.3683
Iteration 3332: Benign prob = 0.3730
Iteration 3356: Benign prob = 0.3826
Iteration 3456: Benign prob = 0.3953
Iteration 3490: Benign prob = 0.4047
Iteration 3602: Benign prob = 0.4077
Iteration 3615: Benign prob = 0.4190
Iteration 3630: Benign prob = 0.4223
Iteration 3681: Benign prob = 0.4233
Iteration 3684: Benign prob = 0.4332
Iteration 3844: Benign prob = 0.4339
Iteration 3909: Benign prob = 0.4410
Iteration 3941: Benign prob = 0.4426
Iteration 3985: Benign prob = 0.4496
Iteration 4051: Benign prob = 0.4542
Iteration 4137: Benign prob = 0.4625
Iteration 4216: Benign prob = 0.4630
Iteration 4272: Benign prob = 0.4655
Iteration 4312: Benign prob = 0.4679
Iteration 4324: Benign prob = 0.4715
Iteration 4325: Benign prob = 0.4794
Iteration 4329: Benign prob = 0.4798
Iteration 4367: Benign prob = 0.4812
Iteration 4369: Benign prob = 0.4859
Iteration 4391: Benign prob = 0.4938
Iteration 4401: Benign prob = 0.5172
Iteration 4429: Benign prob = 0.5213
Iteration 4446: Benign prob = 0.5219
Iteration 4487: Benign prob = 0.5273
Iteration 4549: Benign prob = 0.5321
Iteration 4584: Benign prob = 0.5342
Iteration 4640: Benign prob = 0.5383
Iteration 4641: Benign prob = 0.5429
Iteration 4662: Benign prob = 0.5434
Iteration 4680: Benign prob = 0.5456
Iteration 4683: Benign prob = 0.5500

 Completed Adversarial Image for image 10 in 17.60 minutes.

--- Adversarial Prediction Results for image 10: (D:\malnet-images\test\clicker\kuguo\D067F6FE9D3F681B7DFEF99AE49B9A715443E0AF1DC271F42943C5CBC498138A.png) ---
Predicted class: 11 (benign)
Confidence     : 0.5464
True class     : 13 (clicker)
