Requirement already satisfied: torchvision in ./y/envs/thesis_env_310/lib/python3.10/site-packages (0.20.1+cu121)
Requirement already satisfied: tqdm in ./y/envs/thesis_env_310/lib/python3.10/site-packages (4.67.1)
Requirement already satisfied: numpy in ./y/envs/thesis_env_310/lib/python3.10/site-packages (from torchvision) (2.1.2)
Requirement already satisfied: torch==2.5.1 in ./y/envs/thesis_env_310/lib/python3.10/site-packages (from torchvision) (2.5.1+cu121)
Requirement already satisfied: pillow!=8.3.*,>=5.3.0 in ./y/envs/thesis_env_310/lib/python3.10/site-packages (from torchvision) (11.0.0)
Requirement already satisfied: filelock in ./y/envs/thesis_env_310/lib/python3.10/site-packages (from torch==2.5.1->torchvision) (3.13.1)
Requirement already satisfied: typing-extensions>=4.8.0 in ./y/envs/thesis_env_310/lib/python3.10/site-packages (from torch==2.5.1->torchvision) (4.12.2)
Requirement already satisfied: networkx in ./y/envs/thesis_env_310/lib/python3.10/site-packages (from torch==2.5.1->torchvision) (3.3)
Requirement already satisfied: jinja2 in ./y/envs/thesis_env_310/lib/python3.10/site-packages (from torch==2.5.1->torchvision) (3.1.4)
Requirement already satisfied: fsspec in ./y/envs/thesis_env_310/lib/python3.10/site-packages (from torch==2.5.1->torchvision) (2024.6.1)
Requirement already satisfied: nvidia-cuda-nvrtc-cu12==12.1.105 in ./y/envs/thesis_env_310/lib/python3.10/site-packages (from torch==2.5.1->torchvision) (12.1.105)
Requirement already satisfied: nvidia-cuda-runtime-cu12==12.1.105 in ./y/envs/thesis_env_310/lib/python3.10/site-packages (from torch==2.5.1->torchvision) (12.1.105)
Requirement already satisfied: nvidia-cuda-cupti-cu12==12.1.105 in ./y/envs/thesis_env_310/lib/python3.10/site-packages (from torch==2.5.1->torchvision) (12.1.105)
Requirement already satisfied: nvidia-cudnn-cu12==9.1.0.70 in ./y/envs/thesis_env_310/lib/python3.10/site-packages (from torch==2.5.1->torchvision) (9.1.0.70)
Requirement already satisfied: nvidia-cublas-cu12==12.1.3.1 in ./y/envs/thesis_env_310/lib/python3.10/site-packages (from torch==2.5.1->torchvision) (12.1.3.1)
Requirement already satisfied: nvidia-cufft-cu12==11.0.2.54 in ./y/envs/thesis_env_310/lib/python3.10/site-packages (from torch==2.5.1->torchvision) (11.0.2.54)
Requirement already satisfied: nvidia-curand-cu12==10.3.2.106 in ./y/envs/thesis_env_310/lib/python3.10/site-packages (from torch==2.5.1->torchvision) (10.3.2.106)
Requirement already satisfied: nvidia-cusolver-cu12==11.4.5.107 in ./y/envs/thesis_env_310/lib/python3.10/site-packages (from torch==2.5.1->torchvision) (11.4.5.107)
Requirement already satisfied: nvidia-cusparse-cu12==12.1.0.106 in ./y/envs/thesis_env_310/lib/python3.10/site-packages (from torch==2.5.1->torchvision) (12.1.0.106)
Requirement already satisfied: nvidia-nccl-cu12==2.21.5 in ./y/envs/thesis_env_310/lib/python3.10/site-packages (from torch==2.5.1->torchvision) (2.21.5)
Requirement already satisfied: nvidia-nvtx-cu12==12.1.105 in ./y/envs/thesis_env_310/lib/python3.10/site-packages (from torch==2.5.1->torchvision) (12.1.105)
Requirement already satisfied: triton==3.1.0 in ./y/envs/thesis_env_310/lib/python3.10/site-packages (from torch==2.5.1->torchvision) (3.1.0)
Requirement already satisfied: sympy==1.13.1 in ./y/envs/thesis_env_310/lib/python3.10/site-packages (from torch==2.5.1->torchvision) (1.13.1)
Requirement already satisfied: nvidia-nvjitlink-cu12 in ./y/envs/thesis_env_310/lib/python3.10/site-packages (from nvidia-cusolver-cu12==11.4.5.107->torch==2.5.1->torchvision) (12.1.105)
Requirement already satisfied: mpmath<1.4,>=1.1.0 in ./y/envs/thesis_env_310/lib/python3.10/site-packages (from sympy==1.13.1->torch==2.5.1->torchvision) (1.3.0)
Requirement already satisfied: MarkupSafe>=2.0 in ./y/envs/thesis_env_310/lib/python3.10/site-packages (from jinja2->torch==2.5.1->torchvision) (2.1.5)
Using device: cuda
Device name: Tesla V100-SXM2-32GB
Using 1 GPUs.


=== [1/10] Creating EA Adversarial Image for /home/users/atodorova/alisa-thesis/malnet-cnn/test/fakeapp/genbl/6BAE2F4DBB8788FF19CD74E06CF6F540258C9778FE5EE125E4DB255B64D2F5D2.png ===

--- Original Prediction Results ---
Predicted class: 42 (trojan)

Confidence     : 0.4748

True class     : 20 (fakeapp)

Target ('benign') class: 11 (benign)

[INFO] Benign class became best class at iteration 2023 with confidence 0.3285!

Targeted adversarial image created in 3159 iterations.
Benign first predicted at iteration 2023 with confidence 0.3285.

Benign probability changes (iteration, prob):
Iteration 0: Benign prob = 0.0014
Iteration 3: Benign prob = 0.0016
Iteration 4: Benign prob = 0.0019
Iteration 7: Benign prob = 0.0022
Iteration 10: Benign prob = 0.0023
Iteration 11: Benign prob = 0.0024
Iteration 14: Benign prob = 0.0025
Iteration 16: Benign prob = 0.0029
Iteration 22: Benign prob = 0.0030
Iteration 23: Benign prob = 0.0039
Iteration 39: Benign prob = 0.0039
Iteration 40: Benign prob = 0.0048
Iteration 44: Benign prob = 0.0049
Iteration 64: Benign prob = 0.0050
Iteration 69: Benign prob = 0.0052
Iteration 72: Benign prob = 0.0053
Iteration 80: Benign prob = 0.0055
Iteration 83: Benign prob = 0.0056
Iteration 86: Benign prob = 0.0057
Iteration 88: Benign prob = 0.0059
Iteration 93: Benign prob = 0.0063
Iteration 94: Benign prob = 0.0063
Iteration 96: Benign prob = 0.0063
Iteration 99: Benign prob = 0.0068
Iteration 101: Benign prob = 0.0069
Iteration 102: Benign prob = 0.0077
Iteration 105: Benign prob = 0.0079
Iteration 108: Benign prob = 0.0079
Iteration 110: Benign prob = 0.0080
Iteration 117: Benign prob = 0.0090
Iteration 128: Benign prob = 0.0091
Iteration 146: Benign prob = 0.0093
Iteration 150: Benign prob = 0.0095
Iteration 151: Benign prob = 0.0100
Iteration 160: Benign prob = 0.0101
Iteration 168: Benign prob = 0.0106
Iteration 178: Benign prob = 0.0113
Iteration 187: Benign prob = 0.0117
Iteration 195: Benign prob = 0.0119
Iteration 204: Benign prob = 0.0123
Iteration 207: Benign prob = 0.0123
Iteration 211: Benign prob = 0.0128
Iteration 216: Benign prob = 0.0128
Iteration 223: Benign prob = 0.0129
Iteration 225: Benign prob = 0.0133
Iteration 230: Benign prob = 0.0135
Iteration 231: Benign prob = 0.0135
Iteration 243: Benign prob = 0.0137
Iteration 247: Benign prob = 0.0137
Iteration 249: Benign prob = 0.0148
Iteration 288: Benign prob = 0.0152
Iteration 293: Benign prob = 0.0160
Iteration 298: Benign prob = 0.0165
Iteration 307: Benign prob = 0.0175
Iteration 323: Benign prob = 0.0178
Iteration 337: Benign prob = 0.0182
Iteration 339: Benign prob = 0.0184
Iteration 341: Benign prob = 0.0188
Iteration 356: Benign prob = 0.0195
Iteration 360: Benign prob = 0.0196
Iteration 369: Benign prob = 0.0197
Iteration 372: Benign prob = 0.0199
Iteration 373: Benign prob = 0.0202
Iteration 383: Benign prob = 0.0205
Iteration 385: Benign prob = 0.0217
Iteration 416: Benign prob = 0.0239
Iteration 427: Benign prob = 0.0239
Iteration 435: Benign prob = 0.0240
Iteration 444: Benign prob = 0.0244
Iteration 480: Benign prob = 0.0252
Iteration 488: Benign prob = 0.0254
Iteration 491: Benign prob = 0.0262
Iteration 514: Benign prob = 0.0266
Iteration 525: Benign prob = 0.0277
Iteration 542: Benign prob = 0.0285
Iteration 575: Benign prob = 0.0290
Iteration 584: Benign prob = 0.0294
Iteration 586: Benign prob = 0.0300
Iteration 590: Benign prob = 0.0309
Iteration 602: Benign prob = 0.0311
Iteration 605: Benign prob = 0.0316
Iteration 616: Benign prob = 0.0328
Iteration 623: Benign prob = 0.0338
Iteration 631: Benign prob = 0.0353
Iteration 668: Benign prob = 0.0359
Iteration 684: Benign prob = 0.0369
Iteration 691: Benign prob = 0.0370
Iteration 697: Benign prob = 0.0379
Iteration 706: Benign prob = 0.0433
Iteration 743: Benign prob = 0.0436
Iteration 746: Benign prob = 0.0437
Iteration 755: Benign prob = 0.0463
Iteration 761: Benign prob = 0.0477
Iteration 787: Benign prob = 0.0499
Iteration 798: Benign prob = 0.0504
Iteration 803: Benign prob = 0.0512
Iteration 812: Benign prob = 0.0525
Iteration 825: Benign prob = 0.0559
Iteration 866: Benign prob = 0.0567
Iteration 880: Benign prob = 0.0605
Iteration 919: Benign prob = 0.0606
Iteration 922: Benign prob = 0.0632
Iteration 924: Benign prob = 0.0642
Iteration 946: Benign prob = 0.0664
Iteration 948: Benign prob = 0.0667
Iteration 957: Benign prob = 0.0677
Iteration 985: Benign prob = 0.0703
Iteration 990: Benign prob = 0.0715
Iteration 991: Benign prob = 0.0723
Iteration 992: Benign prob = 0.0758
Iteration 1012: Benign prob = 0.0766
Iteration 1013: Benign prob = 0.0770
Iteration 1014: Benign prob = 0.0784
Iteration 1017: Benign prob = 0.0863
Iteration 1035: Benign prob = 0.0900
Iteration 1055: Benign prob = 0.0901
Iteration 1059: Benign prob = 0.0943
Iteration 1060: Benign prob = 0.0966
Iteration 1077: Benign prob = 0.0986
Iteration 1087: Benign prob = 0.1002
Iteration 1109: Benign prob = 0.1015
Iteration 1110: Benign prob = 0.1031
Iteration 1116: Benign prob = 0.1043
Iteration 1136: Benign prob = 0.1055
Iteration 1150: Benign prob = 0.1136
Iteration 1157: Benign prob = 0.1143
Iteration 1165: Benign prob = 0.1185
Iteration 1215: Benign prob = 0.1188
Iteration 1216: Benign prob = 0.1257
Iteration 1255: Benign prob = 0.1273
Iteration 1261: Benign prob = 0.1306
Iteration 1272: Benign prob = 0.1405
Iteration 1325: Benign prob = 0.1406
Iteration 1348: Benign prob = 0.1443
Iteration 1353: Benign prob = 0.1460
Iteration 1374: Benign prob = 0.1494
Iteration 1390: Benign prob = 0.1500
Iteration 1419: Benign prob = 0.1528
Iteration 1429: Benign prob = 0.1542
Iteration 1477: Benign prob = 0.1555
Iteration 1485: Benign prob = 0.1579
Iteration 1501: Benign prob = 0.1644
Iteration 1544: Benign prob = 0.1693
Iteration 1549: Benign prob = 0.1713
Iteration 1556: Benign prob = 0.1720
Iteration 1561: Benign prob = 0.1760
Iteration 1563: Benign prob = 0.1764
Iteration 1575: Benign prob = 0.1865
Iteration 1581: Benign prob = 0.1889
Iteration 1600: Benign prob = 0.1981
Iteration 1605: Benign prob = 0.1994
Iteration 1609: Benign prob = 0.2054
Iteration 1616: Benign prob = 0.2080
Iteration 1623: Benign prob = 0.2085
Iteration 1632: Benign prob = 0.2119
Iteration 1650: Benign prob = 0.2123
Iteration 1663: Benign prob = 0.2199
Iteration 1694: Benign prob = 0.2244
Iteration 1726: Benign prob = 0.2248
Iteration 1733: Benign prob = 0.2261
Iteration 1742: Benign prob = 0.2324
Iteration 1786: Benign prob = 0.2363
Iteration 1791: Benign prob = 0.2549
Iteration 1794: Benign prob = 0.2644
Iteration 1798: Benign prob = 0.2790
Iteration 1821: Benign prob = 0.2833
Iteration 1861: Benign prob = 0.2908
Iteration 1881: Benign prob = 0.2928
Iteration 1887: Benign prob = 0.2985
Iteration 1902: Benign prob = 0.3012
Iteration 1910: Benign prob = 0.3032
Iteration 1932: Benign prob = 0.3038
Iteration 1960: Benign prob = 0.3073
Iteration 1964: Benign prob = 0.3092
Iteration 1990: Benign prob = 0.3111
Iteration 2000: Benign prob = 0.3118
Iteration 2005: Benign prob = 0.3176
Iteration 2023: Benign prob = 0.3285
Iteration 2037: Benign prob = 0.3292
Iteration 2041: Benign prob = 0.3389
Iteration 2052: Benign prob = 0.3403
Iteration 2058: Benign prob = 0.3427
Iteration 2062: Benign prob = 0.3661
Iteration 2087: Benign prob = 0.3706
Iteration 2092: Benign prob = 0.3722
Iteration 2105: Benign prob = 0.4046
Iteration 2110: Benign prob = 0.4072
Iteration 2125: Benign prob = 0.4115
Iteration 2164: Benign prob = 0.4175
Iteration 2239: Benign prob = 0.4266
Iteration 2263: Benign prob = 0.4268
Iteration 2280: Benign prob = 0.4279
Iteration 2281: Benign prob = 0.4382
Iteration 2290: Benign prob = 0.4391
Iteration 2320: Benign prob = 0.4400
Iteration 2323: Benign prob = 0.4408
Iteration 2344: Benign prob = 0.4421
Iteration 2360: Benign prob = 0.4453
Iteration 2379: Benign prob = 0.4468
Iteration 2401: Benign prob = 0.4506
Iteration 2405: Benign prob = 0.4507
Iteration 2411: Benign prob = 0.4566
Iteration 2481: Benign prob = 0.4614
Iteration 2555: Benign prob = 0.4669
Iteration 2592: Benign prob = 0.4688
Iteration 2615: Benign prob = 0.4756
Iteration 2619: Benign prob = 0.4835
Iteration 2708: Benign prob = 0.4851
Iteration 2719: Benign prob = 0.4855
Iteration 2759: Benign prob = 0.4890
Iteration 2761: Benign prob = 0.4913
Iteration 2793: Benign prob = 0.4935
Iteration 2803: Benign prob = 0.5073
Iteration 2840: Benign prob = 0.5137
Iteration 2868: Benign prob = 0.5153
Iteration 2914: Benign prob = 0.5171
Iteration 2985: Benign prob = 0.5471
Iteration 3101: Benign prob = 0.5486
Iteration 3159: Benign prob = 0.5531

 Completed Adversarial Image for image 1 in 5.16 minutes.

--- Adversarial Prediction Results for image 1: (/home/users/atodorova/alisa-thesis/malnet-cnn/test/fakeapp/genbl/6BAE2F4DBB8788FF19CD74E06CF6F540258C9778FE5EE125E4DB255B64D2F5D2.png) ---
Predicted class: 11 (benign)
Confidence     : 0.5531
True class     : 20 (fakeapp)


=== [2/10] Creating EA Adversarial Image for /home/users/atodorova/alisa-thesis/malnet-cnn/test/fakeapp/genbl/88579BA4B2B9BE10E4338CC4AF027A6CE78D12ABFB42004226B29B1D34A1C441.png ===

--- Original Prediction Results ---
Predicted class: 42 (trojan)

Confidence     : 0.5290

True class     : 20 (fakeapp)

Target ('benign') class: 11 (benign)

[INFO] Benign class became best class at iteration 1584 with confidence 0.3136!

Targeted adversarial image created in 2603 iterations.
Benign first predicted at iteration 1584 with confidence 0.3136.

Benign probability changes (iteration, prob):
Iteration 0: Benign prob = 0.0005
Iteration 1: Benign prob = 0.0006
Iteration 3: Benign prob = 0.0006
Iteration 4: Benign prob = 0.0008
Iteration 5: Benign prob = 0.0010
Iteration 6: Benign prob = 0.0013
Iteration 7: Benign prob = 0.0015
Iteration 8: Benign prob = 0.0015
Iteration 9: Benign prob = 0.0015
Iteration 10: Benign prob = 0.0017
Iteration 12: Benign prob = 0.0017
Iteration 13: Benign prob = 0.0019
Iteration 14: Benign prob = 0.0020
Iteration 17: Benign prob = 0.0022
Iteration 18: Benign prob = 0.0022
Iteration 20: Benign prob = 0.0025
Iteration 26: Benign prob = 0.0027
Iteration 31: Benign prob = 0.0027
Iteration 35: Benign prob = 0.0029
Iteration 38: Benign prob = 0.0035
Iteration 40: Benign prob = 0.0036
Iteration 47: Benign prob = 0.0037
Iteration 51: Benign prob = 0.0038
Iteration 52: Benign prob = 0.0048
Iteration 55: Benign prob = 0.0049
Iteration 60: Benign prob = 0.0050
Iteration 65: Benign prob = 0.0056
Iteration 70: Benign prob = 0.0056
Iteration 71: Benign prob = 0.0056
Iteration 72: Benign prob = 0.0059
Iteration 74: Benign prob = 0.0060
Iteration 75: Benign prob = 0.0065
Iteration 76: Benign prob = 0.0067
Iteration 96: Benign prob = 0.0069
Iteration 97: Benign prob = 0.0071
Iteration 103: Benign prob = 0.0072
Iteration 115: Benign prob = 0.0073
Iteration 126: Benign prob = 0.0075
Iteration 132: Benign prob = 0.0075
Iteration 136: Benign prob = 0.0076
Iteration 144: Benign prob = 0.0077
Iteration 149: Benign prob = 0.0079
Iteration 161: Benign prob = 0.0083
Iteration 176: Benign prob = 0.0089
Iteration 214: Benign prob = 0.0090
Iteration 218: Benign prob = 0.0098
Iteration 226: Benign prob = 0.0101
Iteration 253: Benign prob = 0.0104
Iteration 281: Benign prob = 0.0104
Iteration 296: Benign prob = 0.0107
Iteration 304: Benign prob = 0.0115
Iteration 308: Benign prob = 0.0127
Iteration 331: Benign prob = 0.0130
Iteration 347: Benign prob = 0.0132
Iteration 355: Benign prob = 0.0136
Iteration 368: Benign prob = 0.0143
Iteration 376: Benign prob = 0.0171
Iteration 411: Benign prob = 0.0174
Iteration 416: Benign prob = 0.0180
Iteration 426: Benign prob = 0.0185
Iteration 433: Benign prob = 0.0186
Iteration 439: Benign prob = 0.0192
Iteration 441: Benign prob = 0.0194
Iteration 447: Benign prob = 0.0194
Iteration 448: Benign prob = 0.0207
Iteration 507: Benign prob = 0.0209
Iteration 511: Benign prob = 0.0222
Iteration 530: Benign prob = 0.0230
Iteration 535: Benign prob = 0.0231
Iteration 536: Benign prob = 0.0234
Iteration 553: Benign prob = 0.0245
Iteration 557: Benign prob = 0.0251
Iteration 562: Benign prob = 0.0252
Iteration 576: Benign prob = 0.0256
Iteration 580: Benign prob = 0.0270
Iteration 599: Benign prob = 0.0275
Iteration 604: Benign prob = 0.0278
Iteration 613: Benign prob = 0.0310
Iteration 622: Benign prob = 0.0315
Iteration 624: Benign prob = 0.0320
Iteration 626: Benign prob = 0.0331
Iteration 628: Benign prob = 0.0341
Iteration 632: Benign prob = 0.0350
Iteration 640: Benign prob = 0.0357
Iteration 642: Benign prob = 0.0360
Iteration 673: Benign prob = 0.0369
Iteration 678: Benign prob = 0.0387
Iteration 703: Benign prob = 0.0417
Iteration 725: Benign prob = 0.0435
Iteration 735: Benign prob = 0.0455
Iteration 746: Benign prob = 0.0461
Iteration 760: Benign prob = 0.0463
Iteration 762: Benign prob = 0.0471
Iteration 770: Benign prob = 0.0489
Iteration 775: Benign prob = 0.0494
Iteration 781: Benign prob = 0.0498
Iteration 797: Benign prob = 0.0498
Iteration 798: Benign prob = 0.0553
Iteration 810: Benign prob = 0.0566
Iteration 826: Benign prob = 0.0582
Iteration 828: Benign prob = 0.0600
Iteration 832: Benign prob = 0.0615
Iteration 833: Benign prob = 0.0616
Iteration 851: Benign prob = 0.0676
Iteration 853: Benign prob = 0.0679
Iteration 875: Benign prob = 0.0679
Iteration 886: Benign prob = 0.0682
Iteration 892: Benign prob = 0.0691
Iteration 895: Benign prob = 0.0696
Iteration 902: Benign prob = 0.0709
Iteration 908: Benign prob = 0.0773
Iteration 920: Benign prob = 0.0842
Iteration 929: Benign prob = 0.0842
Iteration 941: Benign prob = 0.0852
Iteration 950: Benign prob = 0.0924
Iteration 953: Benign prob = 0.0931
Iteration 973: Benign prob = 0.0950
Iteration 986: Benign prob = 0.0960
Iteration 1000: Benign prob = 0.0966
Iteration 1010: Benign prob = 0.1047
Iteration 1019: Benign prob = 0.1062
Iteration 1030: Benign prob = 0.1074
Iteration 1034: Benign prob = 0.1075
Iteration 1040: Benign prob = 0.1092
Iteration 1041: Benign prob = 0.1137
Iteration 1064: Benign prob = 0.1138
Iteration 1065: Benign prob = 0.1187
Iteration 1070: Benign prob = 0.1192
Iteration 1093: Benign prob = 0.1212
Iteration 1106: Benign prob = 0.1257
Iteration 1121: Benign prob = 0.1280
Iteration 1124: Benign prob = 0.1311
Iteration 1128: Benign prob = 0.1314
Iteration 1160: Benign prob = 0.1354
Iteration 1164: Benign prob = 0.1399
Iteration 1169: Benign prob = 0.1472
Iteration 1184: Benign prob = 0.1472
Iteration 1198: Benign prob = 0.1492
Iteration 1199: Benign prob = 0.1498
Iteration 1211: Benign prob = 0.1534
Iteration 1212: Benign prob = 0.1670
Iteration 1224: Benign prob = 0.1704
Iteration 1228: Benign prob = 0.1759
Iteration 1255: Benign prob = 0.1791
Iteration 1268: Benign prob = 0.1814
Iteration 1280: Benign prob = 0.1880
Iteration 1289: Benign prob = 0.1970
Iteration 1294: Benign prob = 0.1975
Iteration 1298: Benign prob = 0.2006
Iteration 1314: Benign prob = 0.2019
Iteration 1345: Benign prob = 0.2294
Iteration 1380: Benign prob = 0.2385
Iteration 1400: Benign prob = 0.2400
Iteration 1408: Benign prob = 0.2423
Iteration 1412: Benign prob = 0.2478
Iteration 1435: Benign prob = 0.2480
Iteration 1469: Benign prob = 0.2564
Iteration 1481: Benign prob = 0.2683
Iteration 1514: Benign prob = 0.2774
Iteration 1524: Benign prob = 0.2933
Iteration 1555: Benign prob = 0.2974
Iteration 1584: Benign prob = 0.3136
Iteration 1619: Benign prob = 0.3254
Iteration 1643: Benign prob = 0.3288
Iteration 1669: Benign prob = 0.3298
Iteration 1715: Benign prob = 0.3340
Iteration 1717: Benign prob = 0.3378
Iteration 1718: Benign prob = 0.3383
Iteration 1726: Benign prob = 0.3463
Iteration 1733: Benign prob = 0.3522
Iteration 1773: Benign prob = 0.3633
Iteration 1774: Benign prob = 0.3655
Iteration 1785: Benign prob = 0.3712
Iteration 1796: Benign prob = 0.3745
Iteration 1798: Benign prob = 0.3746
Iteration 1802: Benign prob = 0.3751
Iteration 1805: Benign prob = 0.3784
Iteration 1807: Benign prob = 0.3812
Iteration 1811: Benign prob = 0.3875
Iteration 1847: Benign prob = 0.3912
Iteration 1905: Benign prob = 0.3974
Iteration 1913: Benign prob = 0.3989
Iteration 1943: Benign prob = 0.4064
Iteration 1948: Benign prob = 0.4093
Iteration 1950: Benign prob = 0.4105
Iteration 1985: Benign prob = 0.4187
Iteration 2016: Benign prob = 0.4261
Iteration 2089: Benign prob = 0.4333
Iteration 2100: Benign prob = 0.4395
Iteration 2182: Benign prob = 0.4442
Iteration 2208: Benign prob = 0.4615
Iteration 2277: Benign prob = 0.4736
Iteration 2339: Benign prob = 0.4741
Iteration 2341: Benign prob = 0.4758
Iteration 2360: Benign prob = 0.4805
Iteration 2404: Benign prob = 0.4853
Iteration 2434: Benign prob = 0.4870
Iteration 2435: Benign prob = 0.4959
Iteration 2475: Benign prob = 0.5033
Iteration 2517: Benign prob = 0.5088
Iteration 2522: Benign prob = 0.5146
Iteration 2529: Benign prob = 0.5193
Iteration 2574: Benign prob = 0.5195
Iteration 2577: Benign prob = 0.5433
Iteration 2588: Benign prob = 0.5462
Iteration 2603: Benign prob = 0.5555

 Completed Adversarial Image for image 2 in 4.24 minutes.

--- Adversarial Prediction Results for image 2: (/home/users/atodorova/alisa-thesis/malnet-cnn/test/fakeapp/genbl/88579BA4B2B9BE10E4338CC4AF027A6CE78D12ABFB42004226B29B1D34A1C441.png) ---
Predicted class: 11 (benign)
Confidence     : 0.5555
True class     : 20 (fakeapp)


=== [3/10] Creating EA Adversarial Image for /home/users/atodorova/alisa-thesis/malnet-cnn/test/fakeapp/fakeflash/0A1E52B6C758C2AB1433FD635585B188F8C4279EBF4083C5EBC74BCA5698D8BB.png ===

--- Original Prediction Results ---
Predicted class: 42 (trojan)

Confidence     : 0.4431

True class     : 20 (fakeapp)

Target ('benign') class: 11 (benign)

[INFO] Benign class became best class at iteration 3682 with confidence 0.3013!

Targeted adversarial image created in 5582 iterations.
Benign first predicted at iteration 3682 with confidence 0.3013.

Benign probability changes (iteration, prob):
Iteration 0: Benign prob = 0.0017
Iteration 2: Benign prob = 0.0022
Iteration 3: Benign prob = 0.0023
Iteration 5: Benign prob = 0.0024
Iteration 6: Benign prob = 0.0026
Iteration 9: Benign prob = 0.0026
Iteration 11: Benign prob = 0.0027
Iteration 12: Benign prob = 0.0030
Iteration 14: Benign prob = 0.0034
Iteration 18: Benign prob = 0.0037
Iteration 20: Benign prob = 0.0038
Iteration 22: Benign prob = 0.0038
Iteration 23: Benign prob = 0.0039
Iteration 24: Benign prob = 0.0040
Iteration 25: Benign prob = 0.0041
Iteration 27: Benign prob = 0.0042
Iteration 32: Benign prob = 0.0043
Iteration 34: Benign prob = 0.0045
Iteration 37: Benign prob = 0.0046
Iteration 39: Benign prob = 0.0046
Iteration 40: Benign prob = 0.0050
Iteration 45: Benign prob = 0.0053
Iteration 52: Benign prob = 0.0055
Iteration 56: Benign prob = 0.0055
Iteration 65: Benign prob = 0.0062
Iteration 70: Benign prob = 0.0069
Iteration 78: Benign prob = 0.0069
Iteration 79: Benign prob = 0.0070
Iteration 80: Benign prob = 0.0073
Iteration 82: Benign prob = 0.0075
Iteration 102: Benign prob = 0.0078
Iteration 105: Benign prob = 0.0083
Iteration 107: Benign prob = 0.0087
Iteration 112: Benign prob = 0.0094
Iteration 121: Benign prob = 0.0095
Iteration 129: Benign prob = 0.0096
Iteration 134: Benign prob = 0.0099
Iteration 136: Benign prob = 0.0103
Iteration 154: Benign prob = 0.0105
Iteration 165: Benign prob = 0.0107
Iteration 167: Benign prob = 0.0111
Iteration 177: Benign prob = 0.0112
Iteration 178: Benign prob = 0.0121
Iteration 179: Benign prob = 0.0124
Iteration 180: Benign prob = 0.0125
Iteration 189: Benign prob = 0.0127
Iteration 201: Benign prob = 0.0132
Iteration 215: Benign prob = 0.0139
Iteration 245: Benign prob = 0.0140
Iteration 246: Benign prob = 0.0141
Iteration 256: Benign prob = 0.0151
Iteration 281: Benign prob = 0.0156
Iteration 284: Benign prob = 0.0157
Iteration 328: Benign prob = 0.0158
Iteration 329: Benign prob = 0.0167
Iteration 337: Benign prob = 0.0169
Iteration 342: Benign prob = 0.0172
Iteration 345: Benign prob = 0.0173
Iteration 370: Benign prob = 0.0173
Iteration 376: Benign prob = 0.0192
Iteration 377: Benign prob = 0.0202
Iteration 401: Benign prob = 0.0205
Iteration 407: Benign prob = 0.0209
Iteration 418: Benign prob = 0.0210
Iteration 439: Benign prob = 0.0215
Iteration 446: Benign prob = 0.0219
Iteration 450: Benign prob = 0.0224
Iteration 467: Benign prob = 0.0228
Iteration 468: Benign prob = 0.0231
Iteration 470: Benign prob = 0.0233
Iteration 489: Benign prob = 0.0234
Iteration 490: Benign prob = 0.0239
Iteration 493: Benign prob = 0.0243
Iteration 505: Benign prob = 0.0252
Iteration 513: Benign prob = 0.0254
Iteration 523: Benign prob = 0.0263
Iteration 528: Benign prob = 0.0271
Iteration 579: Benign prob = 0.0276
Iteration 588: Benign prob = 0.0276
Iteration 606: Benign prob = 0.0290
Iteration 616: Benign prob = 0.0311
Iteration 617: Benign prob = 0.0318
Iteration 650: Benign prob = 0.0321
Iteration 666: Benign prob = 0.0334
Iteration 715: Benign prob = 0.0336
Iteration 720: Benign prob = 0.0343
Iteration 725: Benign prob = 0.0345
Iteration 728: Benign prob = 0.0351
Iteration 745: Benign prob = 0.0354
Iteration 776: Benign prob = 0.0361
Iteration 813: Benign prob = 0.0363
Iteration 824: Benign prob = 0.0365
Iteration 827: Benign prob = 0.0367
Iteration 873: Benign prob = 0.0370
Iteration 891: Benign prob = 0.0376
Iteration 934: Benign prob = 0.0378
Iteration 935: Benign prob = 0.0390
Iteration 952: Benign prob = 0.0398
Iteration 964: Benign prob = 0.0398
Iteration 966: Benign prob = 0.0400
Iteration 983: Benign prob = 0.0404
Iteration 993: Benign prob = 0.0411
Iteration 994: Benign prob = 0.0411
Iteration 996: Benign prob = 0.0415
Iteration 1001: Benign prob = 0.0424
Iteration 1026: Benign prob = 0.0427
Iteration 1029: Benign prob = 0.0427
Iteration 1040: Benign prob = 0.0429
Iteration 1042: Benign prob = 0.0432
Iteration 1044: Benign prob = 0.0438
Iteration 1045: Benign prob = 0.0440
Iteration 1047: Benign prob = 0.0452
Iteration 1098: Benign prob = 0.0452
Iteration 1107: Benign prob = 0.0459
Iteration 1110: Benign prob = 0.0462
Iteration 1114: Benign prob = 0.0470
Iteration 1189: Benign prob = 0.0491
Iteration 1217: Benign prob = 0.0504
Iteration 1224: Benign prob = 0.0505
Iteration 1246: Benign prob = 0.0515
Iteration 1286: Benign prob = 0.0516
Iteration 1333: Benign prob = 0.0517
Iteration 1334: Benign prob = 0.0525
Iteration 1341: Benign prob = 0.0531
Iteration 1369: Benign prob = 0.0586
Iteration 1404: Benign prob = 0.0589
Iteration 1409: Benign prob = 0.0599
Iteration 1412: Benign prob = 0.0610
Iteration 1459: Benign prob = 0.0622
Iteration 1466: Benign prob = 0.0625
Iteration 1484: Benign prob = 0.0640
Iteration 1496: Benign prob = 0.0656
Iteration 1511: Benign prob = 0.0666
Iteration 1557: Benign prob = 0.0681
Iteration 1562: Benign prob = 0.0682
Iteration 1600: Benign prob = 0.0692
Iteration 1605: Benign prob = 0.0696
Iteration 1647: Benign prob = 0.0709
Iteration 1692: Benign prob = 0.0736
Iteration 1713: Benign prob = 0.0783
Iteration 1731: Benign prob = 0.0818
Iteration 1766: Benign prob = 0.0836
Iteration 1864: Benign prob = 0.0843
Iteration 1870: Benign prob = 0.0865
Iteration 1872: Benign prob = 0.0920
Iteration 1878: Benign prob = 0.0922
Iteration 1948: Benign prob = 0.0935
Iteration 1970: Benign prob = 0.0952
Iteration 1996: Benign prob = 0.0952
Iteration 2005: Benign prob = 0.0955
Iteration 2012: Benign prob = 0.0980
Iteration 2019: Benign prob = 0.0995
Iteration 2059: Benign prob = 0.0999
Iteration 2071: Benign prob = 0.1002
Iteration 2072: Benign prob = 0.1011
Iteration 2079: Benign prob = 0.1035
Iteration 2094: Benign prob = 0.1059
Iteration 2096: Benign prob = 0.1086
Iteration 2158: Benign prob = 0.1099
Iteration 2195: Benign prob = 0.1129
Iteration 2225: Benign prob = 0.1142
Iteration 2238: Benign prob = 0.1146
Iteration 2253: Benign prob = 0.1184
Iteration 2265: Benign prob = 0.1198
Iteration 2271: Benign prob = 0.1216
Iteration 2288: Benign prob = 0.1224
Iteration 2293: Benign prob = 0.1261
Iteration 2329: Benign prob = 0.1284
Iteration 2351: Benign prob = 0.1339
Iteration 2408: Benign prob = 0.1351
Iteration 2414: Benign prob = 0.1384
Iteration 2498: Benign prob = 0.1419
Iteration 2541: Benign prob = 0.1471
Iteration 2556: Benign prob = 0.1485
Iteration 2560: Benign prob = 0.1514
Iteration 2581: Benign prob = 0.1537
Iteration 2594: Benign prob = 0.1542
Iteration 2606: Benign prob = 0.1566
Iteration 2652: Benign prob = 0.1582
Iteration 2658: Benign prob = 0.1584
Iteration 2672: Benign prob = 0.1596
Iteration 2680: Benign prob = 0.1624
Iteration 2699: Benign prob = 0.1632
Iteration 2717: Benign prob = 0.1672
Iteration 2742: Benign prob = 0.1674
Iteration 2766: Benign prob = 0.1677
Iteration 2768: Benign prob = 0.1755
Iteration 2815: Benign prob = 0.1842
Iteration 2893: Benign prob = 0.1875
Iteration 2903: Benign prob = 0.1894
Iteration 2937: Benign prob = 0.1912
Iteration 2939: Benign prob = 0.1924
Iteration 2962: Benign prob = 0.1961
Iteration 3028: Benign prob = 0.1984
Iteration 3029: Benign prob = 0.2015
Iteration 3042: Benign prob = 0.2038
Iteration 3044: Benign prob = 0.2042
Iteration 3061: Benign prob = 0.2056
Iteration 3090: Benign prob = 0.2059
Iteration 3094: Benign prob = 0.2167
Iteration 3108: Benign prob = 0.2188
Iteration 3149: Benign prob = 0.2203
Iteration 3156: Benign prob = 0.2245
Iteration 3162: Benign prob = 0.2275
Iteration 3196: Benign prob = 0.2306
Iteration 3207: Benign prob = 0.2332
Iteration 3244: Benign prob = 0.2356
Iteration 3285: Benign prob = 0.2408
Iteration 3307: Benign prob = 0.2413
Iteration 3328: Benign prob = 0.2417
Iteration 3329: Benign prob = 0.2436
Iteration 3337: Benign prob = 0.2456
Iteration 3353: Benign prob = 0.2460
Iteration 3362: Benign prob = 0.2483
Iteration 3364: Benign prob = 0.2498
Iteration 3390: Benign prob = 0.2532
Iteration 3428: Benign prob = 0.2570
Iteration 3430: Benign prob = 0.2602
Iteration 3445: Benign prob = 0.2667
Iteration 3482: Benign prob = 0.2687
Iteration 3484: Benign prob = 0.2698
Iteration 3587: Benign prob = 0.2704
Iteration 3591: Benign prob = 0.2711
Iteration 3595: Benign prob = 0.2815
Iteration 3628: Benign prob = 0.2911
Iteration 3675: Benign prob = 0.2924
Iteration 3682: Benign prob = 0.3013
Iteration 3694: Benign prob = 0.3079
Iteration 3764: Benign prob = 0.3150
Iteration 3792: Benign prob = 0.3191
Iteration 3849: Benign prob = 0.3249
Iteration 3884: Benign prob = 0.3252
Iteration 3891: Benign prob = 0.3296
Iteration 3892: Benign prob = 0.3332
Iteration 3898: Benign prob = 0.3417
Iteration 4000: Benign prob = 0.3426
Iteration 4076: Benign prob = 0.3569
Iteration 4091: Benign prob = 0.3702
Iteration 4153: Benign prob = 0.3732
Iteration 4156: Benign prob = 0.3738
Iteration 4161: Benign prob = 0.3760
Iteration 4176: Benign prob = 0.3801
Iteration 4191: Benign prob = 0.3857
Iteration 4249: Benign prob = 0.3908
Iteration 4329: Benign prob = 0.3917
Iteration 4334: Benign prob = 0.3928
Iteration 4360: Benign prob = 0.3968
Iteration 4456: Benign prob = 0.3988
Iteration 4466: Benign prob = 0.4001
Iteration 4501: Benign prob = 0.4121
Iteration 4512: Benign prob = 0.4184
Iteration 4580: Benign prob = 0.4193
Iteration 4592: Benign prob = 0.4258
Iteration 4640: Benign prob = 0.4264
Iteration 4644: Benign prob = 0.4299
Iteration 4678: Benign prob = 0.4314
Iteration 4706: Benign prob = 0.4345
Iteration 4741: Benign prob = 0.4369
Iteration 4789: Benign prob = 0.4384
Iteration 4894: Benign prob = 0.4394
Iteration 4943: Benign prob = 0.4452
Iteration 4962: Benign prob = 0.4497
Iteration 5000: Benign prob = 0.4524
Iteration 5002: Benign prob = 0.4582
Iteration 5034: Benign prob = 0.4602
Iteration 5045: Benign prob = 0.4646
Iteration 5074: Benign prob = 0.4658
Iteration 5118: Benign prob = 0.4705
Iteration 5140: Benign prob = 0.4778
Iteration 5157: Benign prob = 0.4857
Iteration 5203: Benign prob = 0.4895
Iteration 5211: Benign prob = 0.4914
Iteration 5227: Benign prob = 0.4947
Iteration 5241: Benign prob = 0.4958
Iteration 5314: Benign prob = 0.4982
Iteration 5345: Benign prob = 0.5021
Iteration 5386: Benign prob = 0.5085
Iteration 5400: Benign prob = 0.5099
Iteration 5406: Benign prob = 0.5116
Iteration 5420: Benign prob = 0.5135
Iteration 5434: Benign prob = 0.5268
Iteration 5450: Benign prob = 0.5313
Iteration 5463: Benign prob = 0.5324
Iteration 5498: Benign prob = 0.5351
Iteration 5507: Benign prob = 0.5415
Iteration 5512: Benign prob = 0.5440
Iteration 5582: Benign prob = 0.5532

 Completed Adversarial Image for image 3 in 9.08 minutes.

--- Adversarial Prediction Results for image 3: (/home/users/atodorova/alisa-thesis/malnet-cnn/test/fakeapp/fakeflash/0A1E52B6C758C2AB1433FD635585B188F8C4279EBF4083C5EBC74BCA5698D8BB.png) ---
Predicted class: 11 (benign)
Confidence     : 0.5532
True class     : 20 (fakeapp)


=== [4/10] Creating EA Adversarial Image for /home/users/atodorova/alisa-thesis/malnet-cnn/test/fakeapp/fakeflash/3A79ED26A3F38E4F6CBB302DCAE424D5B69691227A2626D060B20ED252729CA6.png ===

--- Original Prediction Results ---
Predicted class: 42 (trojan)

Confidence     : 0.5179

True class     : 20 (fakeapp)

Target ('benign') class: 11 (benign)

[INFO] Benign class became best class at iteration 9315 with confidence 0.2964!

Failed to generate adversarial image in 10000 iterations.
Benign first predicted at iteration 9315 with confidence 0.2964.

Benign probability changes (iteration, prob):
Iteration 0: Benign prob = 0.0017
Iteration 6: Benign prob = 0.0019
Iteration 7: Benign prob = 0.0019
Iteration 8: Benign prob = 0.0023
Iteration 17: Benign prob = 0.0023
Iteration 18: Benign prob = 0.0024
Iteration 19: Benign prob = 0.0026
Iteration 21: Benign prob = 0.0027
Iteration 23: Benign prob = 0.0027
Iteration 27: Benign prob = 0.0028
Iteration 33: Benign prob = 0.0029
Iteration 35: Benign prob = 0.0033
Iteration 39: Benign prob = 0.0034
Iteration 42: Benign prob = 0.0034
Iteration 44: Benign prob = 0.0034
Iteration 47: Benign prob = 0.0035
Iteration 49: Benign prob = 0.0036
Iteration 61: Benign prob = 0.0036
Iteration 63: Benign prob = 0.0038
Iteration 71: Benign prob = 0.0039
Iteration 90: Benign prob = 0.0039
Iteration 110: Benign prob = 0.0040
Iteration 125: Benign prob = 0.0041
Iteration 140: Benign prob = 0.0042
Iteration 149: Benign prob = 0.0042
Iteration 161: Benign prob = 0.0042
Iteration 171: Benign prob = 0.0042
Iteration 175: Benign prob = 0.0043
Iteration 188: Benign prob = 0.0044
Iteration 203: Benign prob = 0.0044
Iteration 207: Benign prob = 0.0046
Iteration 235: Benign prob = 0.0046
Iteration 237: Benign prob = 0.0048
Iteration 244: Benign prob = 0.0049
Iteration 247: Benign prob = 0.0049
Iteration 266: Benign prob = 0.0050
Iteration 272: Benign prob = 0.0052
Iteration 275: Benign prob = 0.0058
Iteration 287: Benign prob = 0.0066
Iteration 303: Benign prob = 0.0066
Iteration 318: Benign prob = 0.0066
Iteration 327: Benign prob = 0.0066
Iteration 329: Benign prob = 0.0067
Iteration 330: Benign prob = 0.0069
Iteration 331: Benign prob = 0.0070
Iteration 360: Benign prob = 0.0071
Iteration 375: Benign prob = 0.0072
Iteration 379: Benign prob = 0.0074
Iteration 395: Benign prob = 0.0074
Iteration 421: Benign prob = 0.0076
Iteration 434: Benign prob = 0.0077
Iteration 437: Benign prob = 0.0077
Iteration 439: Benign prob = 0.0078
Iteration 453: Benign prob = 0.0079
Iteration 466: Benign prob = 0.0080
Iteration 501: Benign prob = 0.0080
Iteration 515: Benign prob = 0.0082
Iteration 540: Benign prob = 0.0084
Iteration 555: Benign prob = 0.0085
Iteration 568: Benign prob = 0.0089
Iteration 582: Benign prob = 0.0090
Iteration 607: Benign prob = 0.0092
Iteration 610: Benign prob = 0.0093
Iteration 642: Benign prob = 0.0094
Iteration 659: Benign prob = 0.0095
Iteration 660: Benign prob = 0.0096
Iteration 667: Benign prob = 0.0100
Iteration 695: Benign prob = 0.0108
Iteration 769: Benign prob = 0.0112
Iteration 796: Benign prob = 0.0113
Iteration 815: Benign prob = 0.0114
Iteration 824: Benign prob = 0.0115
Iteration 826: Benign prob = 0.0116
Iteration 835: Benign prob = 0.0119
Iteration 889: Benign prob = 0.0122
Iteration 896: Benign prob = 0.0123
Iteration 903: Benign prob = 0.0131
Iteration 921: Benign prob = 0.0134
Iteration 933: Benign prob = 0.0135
Iteration 959: Benign prob = 0.0139
Iteration 1001: Benign prob = 0.0142
Iteration 1013: Benign prob = 0.0143
Iteration 1047: Benign prob = 0.0144
Iteration 1052: Benign prob = 0.0145
Iteration 1056: Benign prob = 0.0150
Iteration 1071: Benign prob = 0.0151
Iteration 1081: Benign prob = 0.0152
Iteration 1109: Benign prob = 0.0154
Iteration 1114: Benign prob = 0.0155
Iteration 1136: Benign prob = 0.0157
Iteration 1152: Benign prob = 0.0160
Iteration 1164: Benign prob = 0.0161
Iteration 1185: Benign prob = 0.0162
Iteration 1187: Benign prob = 0.0167
Iteration 1197: Benign prob = 0.0168
Iteration 1203: Benign prob = 0.0168
Iteration 1232: Benign prob = 0.0169
Iteration 1243: Benign prob = 0.0171
Iteration 1265: Benign prob = 0.0175
Iteration 1279: Benign prob = 0.0179
Iteration 1291: Benign prob = 0.0186
Iteration 1328: Benign prob = 0.0187
Iteration 1338: Benign prob = 0.0188
Iteration 1346: Benign prob = 0.0191
Iteration 1348: Benign prob = 0.0195
Iteration 1379: Benign prob = 0.0195
Iteration 1395: Benign prob = 0.0196
Iteration 1423: Benign prob = 0.0200
Iteration 1485: Benign prob = 0.0205
Iteration 1493: Benign prob = 0.0210
Iteration 1494: Benign prob = 0.0211
Iteration 1503: Benign prob = 0.0212
Iteration 1526: Benign prob = 0.0215
Iteration 1532: Benign prob = 0.0225
Iteration 1587: Benign prob = 0.0242
Iteration 1626: Benign prob = 0.0245
Iteration 1648: Benign prob = 0.0246
Iteration 1656: Benign prob = 0.0261
Iteration 1657: Benign prob = 0.0274
Iteration 1672: Benign prob = 0.0279
Iteration 1759: Benign prob = 0.0279
Iteration 1790: Benign prob = 0.0280
Iteration 1792: Benign prob = 0.0282
Iteration 1796: Benign prob = 0.0286
Iteration 1807: Benign prob = 0.0291
Iteration 1831: Benign prob = 0.0295
Iteration 1872: Benign prob = 0.0298
Iteration 1891: Benign prob = 0.0300
Iteration 1958: Benign prob = 0.0303
Iteration 1967: Benign prob = 0.0313
Iteration 1977: Benign prob = 0.0315
Iteration 2031: Benign prob = 0.0316
Iteration 2060: Benign prob = 0.0318
Iteration 2067: Benign prob = 0.0323
Iteration 2125: Benign prob = 0.0324
Iteration 2149: Benign prob = 0.0326
Iteration 2156: Benign prob = 0.0330
Iteration 2163: Benign prob = 0.0340
Iteration 2269: Benign prob = 0.0365
Iteration 2290: Benign prob = 0.0373
Iteration 2301: Benign prob = 0.0378
Iteration 2344: Benign prob = 0.0378
Iteration 2362: Benign prob = 0.0380
Iteration 2379: Benign prob = 0.0383
Iteration 2382: Benign prob = 0.0386
Iteration 2389: Benign prob = 0.0390
Iteration 2431: Benign prob = 0.0404
Iteration 2501: Benign prob = 0.0410
Iteration 2633: Benign prob = 0.0414
Iteration 2656: Benign prob = 0.0417
Iteration 2661: Benign prob = 0.0418
Iteration 2722: Benign prob = 0.0420
Iteration 2732: Benign prob = 0.0434
Iteration 2753: Benign prob = 0.0434
Iteration 2859: Benign prob = 0.0443
Iteration 2871: Benign prob = 0.0444
Iteration 2878: Benign prob = 0.0447
Iteration 2880: Benign prob = 0.0448
Iteration 2885: Benign prob = 0.0456
Iteration 2895: Benign prob = 0.0465
Iteration 2917: Benign prob = 0.0466
Iteration 2931: Benign prob = 0.0471
Iteration 2936: Benign prob = 0.0473
Iteration 2948: Benign prob = 0.0481
Iteration 2975: Benign prob = 0.0487
Iteration 2978: Benign prob = 0.0489
Iteration 2993: Benign prob = 0.0502
Iteration 3011: Benign prob = 0.0505
Iteration 3020: Benign prob = 0.0516
Iteration 3035: Benign prob = 0.0517
Iteration 3054: Benign prob = 0.0532
Iteration 3077: Benign prob = 0.0541
Iteration 3084: Benign prob = 0.0545
Iteration 3134: Benign prob = 0.0552
Iteration 3156: Benign prob = 0.0557
Iteration 3181: Benign prob = 0.0560
Iteration 3188: Benign prob = 0.0566
Iteration 3209: Benign prob = 0.0569
Iteration 3243: Benign prob = 0.0587
Iteration 3248: Benign prob = 0.0626
Iteration 3261: Benign prob = 0.0629
Iteration 3265: Benign prob = 0.0636
Iteration 3280: Benign prob = 0.0638
Iteration 3302: Benign prob = 0.0647
Iteration 3356: Benign prob = 0.0662
Iteration 3357: Benign prob = 0.0666
Iteration 3359: Benign prob = 0.0689
Iteration 3435: Benign prob = 0.0745
Iteration 3565: Benign prob = 0.0770
Iteration 3608: Benign prob = 0.0775
Iteration 3635: Benign prob = 0.0787
Iteration 3654: Benign prob = 0.0791
Iteration 3667: Benign prob = 0.0798
Iteration 3724: Benign prob = 0.0807
Iteration 3780: Benign prob = 0.0816
Iteration 3814: Benign prob = 0.0819
Iteration 3822: Benign prob = 0.0829
Iteration 3899: Benign prob = 0.0839
Iteration 3997: Benign prob = 0.0843
Iteration 4008: Benign prob = 0.0847
Iteration 4059: Benign prob = 0.0853
Iteration 4066: Benign prob = 0.0863
Iteration 4093: Benign prob = 0.0867
Iteration 4146: Benign prob = 0.0870
Iteration 4152: Benign prob = 0.0896
Iteration 4200: Benign prob = 0.0914
Iteration 4344: Benign prob = 0.0915
Iteration 4388: Benign prob = 0.0917
Iteration 4444: Benign prob = 0.0931
Iteration 4482: Benign prob = 0.0938
Iteration 4485: Benign prob = 0.0970
Iteration 4548: Benign prob = 0.0984
Iteration 4617: Benign prob = 0.1021
Iteration 4645: Benign prob = 0.1024
Iteration 4781: Benign prob = 0.1029
Iteration 4801: Benign prob = 0.1036
Iteration 4804: Benign prob = 0.1072
Iteration 4905: Benign prob = 0.1075
Iteration 4938: Benign prob = 0.1084
Iteration 4940: Benign prob = 0.1135
Iteration 4984: Benign prob = 0.1138
Iteration 4988: Benign prob = 0.1140
Iteration 4997: Benign prob = 0.1145
Iteration 5012: Benign prob = 0.1160
Iteration 5088: Benign prob = 0.1181
Iteration 5122: Benign prob = 0.1203
Iteration 5151: Benign prob = 0.1205
Iteration 5169: Benign prob = 0.1235
Iteration 5170: Benign prob = 0.1241
Iteration 5180: Benign prob = 0.1292
Iteration 5212: Benign prob = 0.1298
Iteration 5246: Benign prob = 0.1306
Iteration 5264: Benign prob = 0.1314
Iteration 5296: Benign prob = 0.1322
Iteration 5336: Benign prob = 0.1340
Iteration 5366: Benign prob = 0.1342
Iteration 5435: Benign prob = 0.1349
Iteration 5457: Benign prob = 0.1364
Iteration 5461: Benign prob = 0.1394
Iteration 5497: Benign prob = 0.1417
Iteration 5532: Benign prob = 0.1437
Iteration 5639: Benign prob = 0.1450
Iteration 5696: Benign prob = 0.1478
Iteration 5781: Benign prob = 0.1501
Iteration 5783: Benign prob = 0.1515
Iteration 5819: Benign prob = 0.1515
Iteration 5870: Benign prob = 0.1521
Iteration 5871: Benign prob = 0.1542
Iteration 5908: Benign prob = 0.1589
Iteration 5910: Benign prob = 0.1637
Iteration 5999: Benign prob = 0.1644
Iteration 6028: Benign prob = 0.1658
Iteration 6124: Benign prob = 0.1663
Iteration 6145: Benign prob = 0.1665
Iteration 6185: Benign prob = 0.1675
Iteration 6196: Benign prob = 0.1691
Iteration 6202: Benign prob = 0.1692
Iteration 6209: Benign prob = 0.1716
Iteration 6230: Benign prob = 0.1726
Iteration 6309: Benign prob = 0.1735
Iteration 6312: Benign prob = 0.1749
Iteration 6339: Benign prob = 0.1752
Iteration 6364: Benign prob = 0.1753
Iteration 6377: Benign prob = 0.1765
Iteration 6466: Benign prob = 0.1769
Iteration 6502: Benign prob = 0.1770
Iteration 6537: Benign prob = 0.1789
Iteration 6573: Benign prob = 0.1820
Iteration 6630: Benign prob = 0.1837
Iteration 6661: Benign prob = 0.1867
Iteration 6672: Benign prob = 0.1881
Iteration 6699: Benign prob = 0.1895
Iteration 6706: Benign prob = 0.1896
Iteration 6730: Benign prob = 0.1902
Iteration 6766: Benign prob = 0.1908
Iteration 6768: Benign prob = 0.1925
Iteration 6802: Benign prob = 0.1942
Iteration 6829: Benign prob = 0.1965
Iteration 6928: Benign prob = 0.2005
Iteration 7030: Benign prob = 0.2006
Iteration 7048: Benign prob = 0.2020
Iteration 7139: Benign prob = 0.2046
Iteration 7193: Benign prob = 0.2057
Iteration 7309: Benign prob = 0.2066
Iteration 7366: Benign prob = 0.2079
Iteration 7403: Benign prob = 0.2082
Iteration 7432: Benign prob = 0.2093
Iteration 7460: Benign prob = 0.2108
Iteration 7479: Benign prob = 0.2117
Iteration 7491: Benign prob = 0.2158
Iteration 7669: Benign prob = 0.2158
Iteration 7744: Benign prob = 0.2182
Iteration 7767: Benign prob = 0.2191
Iteration 7795: Benign prob = 0.2193
Iteration 7869: Benign prob = 0.2200
Iteration 7978: Benign prob = 0.2240
Iteration 7983: Benign prob = 0.2289
Iteration 8046: Benign prob = 0.2341
Iteration 8133: Benign prob = 0.2344
Iteration 8147: Benign prob = 0.2345
Iteration 8176: Benign prob = 0.2390
Iteration 8221: Benign prob = 0.2416
Iteration 8276: Benign prob = 0.2416
Iteration 8315: Benign prob = 0.2492
Iteration 8432: Benign prob = 0.2520
Iteration 8448: Benign prob = 0.2543
Iteration 8521: Benign prob = 0.2543
Iteration 8612: Benign prob = 0.2549
Iteration 8659: Benign prob = 0.2564
Iteration 8665: Benign prob = 0.2569
Iteration 8733: Benign prob = 0.2613
Iteration 8747: Benign prob = 0.2614
Iteration 8770: Benign prob = 0.2618
Iteration 8793: Benign prob = 0.2629
Iteration 8874: Benign prob = 0.2660
Iteration 8925: Benign prob = 0.2693
Iteration 8993: Benign prob = 0.2710
Iteration 9018: Benign prob = 0.2757
Iteration 9031: Benign prob = 0.2773
Iteration 9073: Benign prob = 0.2842
Iteration 9172: Benign prob = 0.2856
Iteration 9226: Benign prob = 0.2864
Iteration 9250: Benign prob = 0.2872
Iteration 9273: Benign prob = 0.2879
Iteration 9307: Benign prob = 0.2884
Iteration 9315: Benign prob = 0.2964
Iteration 9418: Benign prob = 0.2986
Iteration 9432: Benign prob = 0.2992
Iteration 9446: Benign prob = 0.2998
Iteration 9460: Benign prob = 0.3031
Iteration 9503: Benign prob = 0.3048
Iteration 9523: Benign prob = 0.3068
Iteration 9612: Benign prob = 0.3082
Iteration 9618: Benign prob = 0.3100
Iteration 9622: Benign prob = 0.3117
Iteration 9727: Benign prob = 0.3128
Iteration 9829: Benign prob = 0.3129
Iteration 9838: Benign prob = 0.3198
Iteration 9856: Benign prob = 0.3215
Iteration 9968: Benign prob = 0.3231

 Completed Adversarial Image for image 4 in 16.20 minutes.

--- Adversarial Prediction Results for image 4: (/home/users/atodorova/alisa-thesis/malnet-cnn/test/fakeapp/fakeflash/3A79ED26A3F38E4F6CBB302DCAE424D5B69691227A2626D060B20ED252729CA6.png) ---
Predicted class: 42 (trojan)
Confidence     : 0.5179
True class     : 20 (fakeapp)


=== [5/10] Creating EA Adversarial Image for /home/users/atodorova/alisa-thesis/malnet-cnn/test/fakeapp/dowgin/0BA61BD7D028683C8C2A11AE5BAAF9E97CC7BD53BC998D9D7EF98DF56C6CBC05.png ===

--- Original Prediction Results ---
Predicted class: 4 (adware)

Confidence     : 1.0000

True class     : 20 (fakeapp)

Target ('benign') class: 11 (benign)

[INFO] Benign class became best class at iteration 892 with confidence 0.3132!

Targeted adversarial image created in 1430 iterations.
Benign first predicted at iteration 892 with confidence 0.3132.

Benign probability changes (iteration, prob):
Iteration 0: Benign prob = 0.0006
Iteration 1: Benign prob = 0.0006
Iteration 2: Benign prob = 0.0008
Iteration 3: Benign prob = 0.0014
Iteration 4: Benign prob = 0.0014
Iteration 5: Benign prob = 0.0015
Iteration 6: Benign prob = 0.0017
Iteration 8: Benign prob = 0.0018
Iteration 9: Benign prob = 0.0019
Iteration 11: Benign prob = 0.0019
Iteration 13: Benign prob = 0.0021
Iteration 15: Benign prob = 0.0022
Iteration 20: Benign prob = 0.0022
Iteration 21: Benign prob = 0.0022
Iteration 22: Benign prob = 0.0023
Iteration 24: Benign prob = 0.0024
Iteration 32: Benign prob = 0.0025
Iteration 36: Benign prob = 0.0026
Iteration 37: Benign prob = 0.0027
Iteration 39: Benign prob = 0.0028
Iteration 43: Benign prob = 0.0029
Iteration 46: Benign prob = 0.0031
Iteration 50: Benign prob = 0.0032
Iteration 52: Benign prob = 0.0032
Iteration 57: Benign prob = 0.0032
Iteration 59: Benign prob = 0.0033
Iteration 60: Benign prob = 0.0038
Iteration 61: Benign prob = 0.0040
Iteration 72: Benign prob = 0.0040
Iteration 76: Benign prob = 0.0040
Iteration 77: Benign prob = 0.0042
Iteration 82: Benign prob = 0.0044
Iteration 83: Benign prob = 0.0049
Iteration 92: Benign prob = 0.0052
Iteration 93: Benign prob = 0.0054
Iteration 98: Benign prob = 0.0056
Iteration 106: Benign prob = 0.0057
Iteration 110: Benign prob = 0.0058
Iteration 111: Benign prob = 0.0062
Iteration 123: Benign prob = 0.0063
Iteration 124: Benign prob = 0.0064
Iteration 129: Benign prob = 0.0065
Iteration 135: Benign prob = 0.0072
Iteration 148: Benign prob = 0.0073
Iteration 149: Benign prob = 0.0077
Iteration 162: Benign prob = 0.0080
Iteration 165: Benign prob = 0.0080
Iteration 175: Benign prob = 0.0085
Iteration 180: Benign prob = 0.0088
Iteration 183: Benign prob = 0.0089
Iteration 185: Benign prob = 0.0090
Iteration 188: Benign prob = 0.0090
Iteration 198: Benign prob = 0.0094
Iteration 202: Benign prob = 0.0097
Iteration 203: Benign prob = 0.0106
Iteration 210: Benign prob = 0.0113
Iteration 215: Benign prob = 0.0114
Iteration 226: Benign prob = 0.0124
Iteration 239: Benign prob = 0.0131
Iteration 240: Benign prob = 0.0138
Iteration 246: Benign prob = 0.0164
Iteration 247: Benign prob = 0.0172
Iteration 254: Benign prob = 0.0176
Iteration 255: Benign prob = 0.0180
Iteration 260: Benign prob = 0.0190
Iteration 261: Benign prob = 0.0195
Iteration 264: Benign prob = 0.0227
Iteration 267: Benign prob = 0.0234
Iteration 269: Benign prob = 0.0243
Iteration 271: Benign prob = 0.0260
Iteration 277: Benign prob = 0.0271
Iteration 279: Benign prob = 0.0280
Iteration 284: Benign prob = 0.0295
Iteration 285: Benign prob = 0.0296
Iteration 288: Benign prob = 0.0300
Iteration 293: Benign prob = 0.0328
Iteration 294: Benign prob = 0.0368
Iteration 305: Benign prob = 0.0403
Iteration 307: Benign prob = 0.0441
Iteration 311: Benign prob = 0.0500
Iteration 315: Benign prob = 0.0548
Iteration 319: Benign prob = 0.0550
Iteration 323: Benign prob = 0.0553
Iteration 325: Benign prob = 0.0577
Iteration 330: Benign prob = 0.0603
Iteration 331: Benign prob = 0.0606
Iteration 333: Benign prob = 0.0616
Iteration 340: Benign prob = 0.0628
Iteration 341: Benign prob = 0.0641
Iteration 342: Benign prob = 0.0660
Iteration 349: Benign prob = 0.0665
Iteration 362: Benign prob = 0.0678
Iteration 365: Benign prob = 0.0721
Iteration 390: Benign prob = 0.0728
Iteration 395: Benign prob = 0.0733
Iteration 399: Benign prob = 0.0797
Iteration 411: Benign prob = 0.0860
Iteration 418: Benign prob = 0.0872
Iteration 424: Benign prob = 0.0934
Iteration 425: Benign prob = 0.0967
Iteration 452: Benign prob = 0.1019
Iteration 453: Benign prob = 0.1093
Iteration 460: Benign prob = 0.1122
Iteration 465: Benign prob = 0.1176
Iteration 466: Benign prob = 0.1188
Iteration 473: Benign prob = 0.1199
Iteration 475: Benign prob = 0.1232
Iteration 480: Benign prob = 0.1379
Iteration 489: Benign prob = 0.1482
Iteration 537: Benign prob = 0.1534
Iteration 546: Benign prob = 0.1540
Iteration 555: Benign prob = 0.1613
Iteration 556: Benign prob = 0.1630
Iteration 562: Benign prob = 0.1691
Iteration 564: Benign prob = 0.1716
Iteration 565: Benign prob = 0.1794
Iteration 576: Benign prob = 0.1838
Iteration 600: Benign prob = 0.2084
Iteration 614: Benign prob = 0.2131
Iteration 622: Benign prob = 0.2231
Iteration 636: Benign prob = 0.2234
Iteration 646: Benign prob = 0.2261
Iteration 651: Benign prob = 0.2388
Iteration 652: Benign prob = 0.2425
Iteration 674: Benign prob = 0.2465
Iteration 679: Benign prob = 0.2552
Iteration 702: Benign prob = 0.2584
Iteration 711: Benign prob = 0.2603
Iteration 722: Benign prob = 0.2642
Iteration 735: Benign prob = 0.2674
Iteration 755: Benign prob = 0.2709
Iteration 776: Benign prob = 0.2740
Iteration 780: Benign prob = 0.2821
Iteration 792: Benign prob = 0.2837
Iteration 826: Benign prob = 0.2887
Iteration 856: Benign prob = 0.2951
Iteration 859: Benign prob = 0.2959
Iteration 865: Benign prob = 0.3076
Iteration 875: Benign prob = 0.3109
Iteration 887: Benign prob = 0.3122
Iteration 892: Benign prob = 0.3132
Iteration 904: Benign prob = 0.3245
Iteration 914: Benign prob = 0.3272
Iteration 917: Benign prob = 0.3381
Iteration 982: Benign prob = 0.3416
Iteration 989: Benign prob = 0.3451
Iteration 992: Benign prob = 0.3466
Iteration 994: Benign prob = 0.3688
Iteration 1031: Benign prob = 0.3812
Iteration 1060: Benign prob = 0.3827
Iteration 1062: Benign prob = 0.4036
Iteration 1079: Benign prob = 0.4278
Iteration 1104: Benign prob = 0.4417
Iteration 1127: Benign prob = 0.4572
Iteration 1163: Benign prob = 0.4655
Iteration 1174: Benign prob = 0.4671
Iteration 1185: Benign prob = 0.5030
Iteration 1203: Benign prob = 0.5218
Iteration 1228: Benign prob = 0.5246
Iteration 1286: Benign prob = 0.5290
Iteration 1337: Benign prob = 0.5349
Iteration 1341: Benign prob = 0.5413
Iteration 1430: Benign prob = 0.5524

 Completed Adversarial Image for image 5 in 2.28 minutes.

--- Adversarial Prediction Results for image 5: (/home/users/atodorova/alisa-thesis/malnet-cnn/test/fakeapp/dowgin/0BA61BD7D028683C8C2A11AE5BAAF9E97CC7BD53BC998D9D7EF98DF56C6CBC05.png) ---
Predicted class: 11 (benign)
Confidence     : 0.5524
True class     : 20 (fakeapp)


=== [6/10] Creating EA Adversarial Image for /home/users/atodorova/alisa-thesis/malnet-cnn/test/fakeapp/dowgin/271C7234C85692092E4356EEA8EF4A7EB4C63DDB883222B40863AE867CBD7648.png ===

--- Original Prediction Results ---
Predicted class: 42 (trojan)

Confidence     : 0.4263

True class     : 20 (fakeapp)

Target ('benign') class: 11 (benign)

[INFO] Benign class became best class at iteration 3350 with confidence 0.2848!

Targeted adversarial image created in 5692 iterations.
Benign first predicted at iteration 3350 with confidence 0.2848.

Benign probability changes (iteration, prob):
Iteration 0: Benign prob = 0.0009
Iteration 4: Benign prob = 0.0013
Iteration 5: Benign prob = 0.0014
Iteration 6: Benign prob = 0.0014
Iteration 7: Benign prob = 0.0016
Iteration 8: Benign prob = 0.0017
Iteration 10: Benign prob = 0.0019
Iteration 12: Benign prob = 0.0020
Iteration 13: Benign prob = 0.0020
Iteration 16: Benign prob = 0.0022
Iteration 18: Benign prob = 0.0026
Iteration 22: Benign prob = 0.0026
Iteration 23: Benign prob = 0.0027
Iteration 24: Benign prob = 0.0031
Iteration 25: Benign prob = 0.0032
Iteration 28: Benign prob = 0.0032
Iteration 32: Benign prob = 0.0034
Iteration 37: Benign prob = 0.0037
Iteration 39: Benign prob = 0.0043
Iteration 45: Benign prob = 0.0045
Iteration 55: Benign prob = 0.0046
Iteration 58: Benign prob = 0.0052
Iteration 60: Benign prob = 0.0053
Iteration 66: Benign prob = 0.0055
Iteration 71: Benign prob = 0.0055
Iteration 72: Benign prob = 0.0057
Iteration 73: Benign prob = 0.0059
Iteration 74: Benign prob = 0.0067
Iteration 81: Benign prob = 0.0068
Iteration 82: Benign prob = 0.0069
Iteration 92: Benign prob = 0.0071
Iteration 94: Benign prob = 0.0076
Iteration 107: Benign prob = 0.0077
Iteration 110: Benign prob = 0.0079
Iteration 121: Benign prob = 0.0082
Iteration 125: Benign prob = 0.0083
Iteration 129: Benign prob = 0.0085
Iteration 161: Benign prob = 0.0089
Iteration 166: Benign prob = 0.0094
Iteration 193: Benign prob = 0.0097
Iteration 196: Benign prob = 0.0098
Iteration 199: Benign prob = 0.0099
Iteration 201: Benign prob = 0.0100
Iteration 202: Benign prob = 0.0101
Iteration 209: Benign prob = 0.0103
Iteration 214: Benign prob = 0.0105
Iteration 247: Benign prob = 0.0105
Iteration 250: Benign prob = 0.0106
Iteration 258: Benign prob = 0.0107
Iteration 264: Benign prob = 0.0110
Iteration 268: Benign prob = 0.0110
Iteration 271: Benign prob = 0.0112
Iteration 274: Benign prob = 0.0115
Iteration 292: Benign prob = 0.0119
Iteration 293: Benign prob = 0.0121
Iteration 301: Benign prob = 0.0128
Iteration 309: Benign prob = 0.0133
Iteration 321: Benign prob = 0.0136
Iteration 329: Benign prob = 0.0144
Iteration 342: Benign prob = 0.0147
Iteration 343: Benign prob = 0.0147
Iteration 344: Benign prob = 0.0155
Iteration 356: Benign prob = 0.0162
Iteration 371: Benign prob = 0.0163
Iteration 379: Benign prob = 0.0165
Iteration 386: Benign prob = 0.0168
Iteration 399: Benign prob = 0.0170
Iteration 413: Benign prob = 0.0173
Iteration 414: Benign prob = 0.0189
Iteration 435: Benign prob = 0.0198
Iteration 436: Benign prob = 0.0210
Iteration 454: Benign prob = 0.0216
Iteration 486: Benign prob = 0.0235
Iteration 502: Benign prob = 0.0247
Iteration 545: Benign prob = 0.0248
Iteration 546: Benign prob = 0.0250
Iteration 592: Benign prob = 0.0259
Iteration 601: Benign prob = 0.0260
Iteration 603: Benign prob = 0.0263
Iteration 615: Benign prob = 0.0266
Iteration 626: Benign prob = 0.0269
Iteration 629: Benign prob = 0.0276
Iteration 634: Benign prob = 0.0281
Iteration 636: Benign prob = 0.0282
Iteration 654: Benign prob = 0.0304
Iteration 662: Benign prob = 0.0313
Iteration 664: Benign prob = 0.0314
Iteration 691: Benign prob = 0.0315
Iteration 694: Benign prob = 0.0319
Iteration 703: Benign prob = 0.0328
Iteration 745: Benign prob = 0.0333
Iteration 751: Benign prob = 0.0347
Iteration 753: Benign prob = 0.0348
Iteration 774: Benign prob = 0.0355
Iteration 775: Benign prob = 0.0356
Iteration 790: Benign prob = 0.0361
Iteration 817: Benign prob = 0.0362
Iteration 836: Benign prob = 0.0366
Iteration 844: Benign prob = 0.0371
Iteration 879: Benign prob = 0.0394
Iteration 882: Benign prob = 0.0403
Iteration 923: Benign prob = 0.0417
Iteration 924: Benign prob = 0.0429
Iteration 925: Benign prob = 0.0430
Iteration 926: Benign prob = 0.0444
Iteration 937: Benign prob = 0.0452
Iteration 956: Benign prob = 0.0458
Iteration 971: Benign prob = 0.0462
Iteration 987: Benign prob = 0.0463
Iteration 1000: Benign prob = 0.0469
Iteration 1002: Benign prob = 0.0491
Iteration 1009: Benign prob = 0.0521
Iteration 1052: Benign prob = 0.0554
Iteration 1066: Benign prob = 0.0561
Iteration 1100: Benign prob = 0.0563
Iteration 1102: Benign prob = 0.0564
Iteration 1123: Benign prob = 0.0565
Iteration 1124: Benign prob = 0.0579
Iteration 1135: Benign prob = 0.0611
Iteration 1173: Benign prob = 0.0616
Iteration 1179: Benign prob = 0.0628
Iteration 1185: Benign prob = 0.0643
Iteration 1201: Benign prob = 0.0644
Iteration 1239: Benign prob = 0.0657
Iteration 1267: Benign prob = 0.0659
Iteration 1270: Benign prob = 0.0671
Iteration 1293: Benign prob = 0.0671
Iteration 1294: Benign prob = 0.0693
Iteration 1338: Benign prob = 0.0703
Iteration 1386: Benign prob = 0.0709
Iteration 1409: Benign prob = 0.0741
Iteration 1447: Benign prob = 0.0760
Iteration 1448: Benign prob = 0.0762
Iteration 1480: Benign prob = 0.0769
Iteration 1494: Benign prob = 0.0771
Iteration 1498: Benign prob = 0.0781
Iteration 1516: Benign prob = 0.0791
Iteration 1524: Benign prob = 0.0793
Iteration 1525: Benign prob = 0.0829
Iteration 1531: Benign prob = 0.0845
Iteration 1548: Benign prob = 0.0863
Iteration 1550: Benign prob = 0.0890
Iteration 1552: Benign prob = 0.0912
Iteration 1578: Benign prob = 0.0914
Iteration 1592: Benign prob = 0.0971
Iteration 1663: Benign prob = 0.1000
Iteration 1675: Benign prob = 0.1012
Iteration 1714: Benign prob = 0.1020
Iteration 1722: Benign prob = 0.1045
Iteration 1755: Benign prob = 0.1056
Iteration 1764: Benign prob = 0.1081
Iteration 1773: Benign prob = 0.1103
Iteration 1796: Benign prob = 0.1105
Iteration 1799: Benign prob = 0.1117
Iteration 1811: Benign prob = 0.1123
Iteration 1812: Benign prob = 0.1140
Iteration 1813: Benign prob = 0.1145
Iteration 1814: Benign prob = 0.1185
Iteration 1816: Benign prob = 0.1234
Iteration 1852: Benign prob = 0.1257
Iteration 1862: Benign prob = 0.1261
Iteration 1867: Benign prob = 0.1262
Iteration 1870: Benign prob = 0.1316
Iteration 1874: Benign prob = 0.1327
Iteration 1917: Benign prob = 0.1358
Iteration 1963: Benign prob = 0.1409
Iteration 1983: Benign prob = 0.1412
Iteration 1999: Benign prob = 0.1507
Iteration 2125: Benign prob = 0.1523
Iteration 2134: Benign prob = 0.1563
Iteration 2142: Benign prob = 0.1571
Iteration 2152: Benign prob = 0.1577
Iteration 2230: Benign prob = 0.1580
Iteration 2247: Benign prob = 0.1640
Iteration 2259: Benign prob = 0.1725
Iteration 2260: Benign prob = 0.1742
Iteration 2277: Benign prob = 0.1753
Iteration 2321: Benign prob = 0.1796
Iteration 2359: Benign prob = 0.1811
Iteration 2384: Benign prob = 0.1835
Iteration 2391: Benign prob = 0.1846
Iteration 2408: Benign prob = 0.1852
Iteration 2438: Benign prob = 0.1929
Iteration 2448: Benign prob = 0.1951
Iteration 2480: Benign prob = 0.1981
Iteration 2486: Benign prob = 0.1989
Iteration 2503: Benign prob = 0.2005
Iteration 2543: Benign prob = 0.2028
Iteration 2558: Benign prob = 0.2034
Iteration 2560: Benign prob = 0.2093
Iteration 2566: Benign prob = 0.2101
Iteration 2640: Benign prob = 0.2186
Iteration 2658: Benign prob = 0.2203
Iteration 2662: Benign prob = 0.2204
Iteration 2664: Benign prob = 0.2219
Iteration 2671: Benign prob = 0.2245
Iteration 2685: Benign prob = 0.2249
Iteration 2687: Benign prob = 0.2273
Iteration 2712: Benign prob = 0.2276
Iteration 2736: Benign prob = 0.2290
Iteration 2751: Benign prob = 0.2376
Iteration 2849: Benign prob = 0.2388
Iteration 2853: Benign prob = 0.2398
Iteration 2856: Benign prob = 0.2419
Iteration 2900: Benign prob = 0.2427
Iteration 2953: Benign prob = 0.2450
Iteration 2989: Benign prob = 0.2480
Iteration 3040: Benign prob = 0.2496
Iteration 3055: Benign prob = 0.2549
Iteration 3062: Benign prob = 0.2554
Iteration 3081: Benign prob = 0.2592
Iteration 3101: Benign prob = 0.2604
Iteration 3132: Benign prob = 0.2665
Iteration 3147: Benign prob = 0.2678
Iteration 3154: Benign prob = 0.2699
Iteration 3158: Benign prob = 0.2702
Iteration 3171: Benign prob = 0.2753
Iteration 3301: Benign prob = 0.2762
Iteration 3326: Benign prob = 0.2782
Iteration 3327: Benign prob = 0.2785
Iteration 3350: Benign prob = 0.2848
Iteration 3388: Benign prob = 0.2888
Iteration 3416: Benign prob = 0.2898
Iteration 3454: Benign prob = 0.2924
Iteration 3470: Benign prob = 0.2951
Iteration 3526: Benign prob = 0.2958
Iteration 3546: Benign prob = 0.3072
Iteration 3578: Benign prob = 0.3097
Iteration 3628: Benign prob = 0.3127
Iteration 3630: Benign prob = 0.3190
Iteration 3677: Benign prob = 0.3208
Iteration 3697: Benign prob = 0.3258
Iteration 3733: Benign prob = 0.3337
Iteration 3762: Benign prob = 0.3343
Iteration 3788: Benign prob = 0.3359
Iteration 3835: Benign prob = 0.3445
Iteration 3888: Benign prob = 0.3585
Iteration 3920: Benign prob = 0.3597
Iteration 3987: Benign prob = 0.3599
Iteration 4094: Benign prob = 0.3642
Iteration 4102: Benign prob = 0.3664
Iteration 4108: Benign prob = 0.3728
Iteration 4154: Benign prob = 0.3743
Iteration 4250: Benign prob = 0.3816
Iteration 4360: Benign prob = 0.3820
Iteration 4422: Benign prob = 0.3839
Iteration 4465: Benign prob = 0.3862
Iteration 4473: Benign prob = 0.3874
Iteration 4489: Benign prob = 0.3912
Iteration 4493: Benign prob = 0.3927
Iteration 4506: Benign prob = 0.3961
Iteration 4530: Benign prob = 0.3978
Iteration 4534: Benign prob = 0.4002
Iteration 4548: Benign prob = 0.4037
Iteration 4556: Benign prob = 0.4069
Iteration 4600: Benign prob = 0.4233
Iteration 4644: Benign prob = 0.4264
Iteration 4724: Benign prob = 0.4334
Iteration 4743: Benign prob = 0.4383
Iteration 4765: Benign prob = 0.4406
Iteration 4780: Benign prob = 0.4427
Iteration 4829: Benign prob = 0.4481
Iteration 4833: Benign prob = 0.4511
Iteration 4835: Benign prob = 0.4515
Iteration 4844: Benign prob = 0.4533
Iteration 4861: Benign prob = 0.4554
Iteration 4878: Benign prob = 0.4611
Iteration 4930: Benign prob = 0.4756
Iteration 4943: Benign prob = 0.4783
Iteration 5032: Benign prob = 0.4810
Iteration 5050: Benign prob = 0.4825
Iteration 5072: Benign prob = 0.4931
Iteration 5112: Benign prob = 0.4945
Iteration 5187: Benign prob = 0.4983
Iteration 5238: Benign prob = 0.4988
Iteration 5260: Benign prob = 0.5018
Iteration 5340: Benign prob = 0.5040
Iteration 5377: Benign prob = 0.5197
Iteration 5498: Benign prob = 0.5216
Iteration 5552: Benign prob = 0.5237
Iteration 5569: Benign prob = 0.5241
Iteration 5589: Benign prob = 0.5244
Iteration 5593: Benign prob = 0.5253
Iteration 5631: Benign prob = 0.5282
Iteration 5636: Benign prob = 0.5290
Iteration 5661: Benign prob = 0.5420
Iteration 5671: Benign prob = 0.5457
Iteration 5692: Benign prob = 0.5502

 Completed Adversarial Image for image 6 in 9.05 minutes.

--- Adversarial Prediction Results for image 6: (/home/users/atodorova/alisa-thesis/malnet-cnn/test/fakeapp/dowgin/271C7234C85692092E4356EEA8EF4A7EB4C63DDB883222B40863AE867CBD7648.png) ---
Predicted class: 11 (benign)
Confidence     : 0.5502
True class     : 20 (fakeapp)


=== [7/10] Creating EA Adversarial Image for /home/users/atodorova/alisa-thesis/malnet-cnn/test/fakeapp/deng/8C98B267ED826E0837C23D2F2CD77966FF75B50EEBAFCDF89487F3B088D5566E.png ===

--- Original Prediction Results ---
Predicted class: 4 (adware)

Confidence     : 0.9998

True class     : 20 (fakeapp)

Target ('benign') class: 11 (benign)

[INFO] Benign class became best class at iteration 983 with confidence 0.3024!

Targeted adversarial image created in 2179 iterations.
Benign first predicted at iteration 983 with confidence 0.3024.

Benign probability changes (iteration, prob):
Iteration 0: Benign prob = 0.0006
Iteration 2: Benign prob = 0.0017
Iteration 4: Benign prob = 0.0017
Iteration 5: Benign prob = 0.0018
Iteration 6: Benign prob = 0.0019
Iteration 7: Benign prob = 0.0020
Iteration 9: Benign prob = 0.0021
Iteration 10: Benign prob = 0.0021
Iteration 12: Benign prob = 0.0023
Iteration 15: Benign prob = 0.0024
Iteration 21: Benign prob = 0.0026
Iteration 24: Benign prob = 0.0026
Iteration 26: Benign prob = 0.0027
Iteration 28: Benign prob = 0.0028
Iteration 35: Benign prob = 0.0029
Iteration 44: Benign prob = 0.0029
Iteration 45: Benign prob = 0.0030
Iteration 50: Benign prob = 0.0031
Iteration 53: Benign prob = 0.0031
Iteration 54: Benign prob = 0.0032
Iteration 55: Benign prob = 0.0033
Iteration 60: Benign prob = 0.0035
Iteration 63: Benign prob = 0.0037
Iteration 68: Benign prob = 0.0041
Iteration 71: Benign prob = 0.0043
Iteration 72: Benign prob = 0.0045
Iteration 78: Benign prob = 0.0047
Iteration 82: Benign prob = 0.0050
Iteration 86: Benign prob = 0.0052
Iteration 90: Benign prob = 0.0054
Iteration 94: Benign prob = 0.0055
Iteration 95: Benign prob = 0.0056
Iteration 98: Benign prob = 0.0063
Iteration 101: Benign prob = 0.0067
Iteration 109: Benign prob = 0.0073
Iteration 112: Benign prob = 0.0083
Iteration 115: Benign prob = 0.0083
Iteration 116: Benign prob = 0.0092
Iteration 117: Benign prob = 0.0096
Iteration 118: Benign prob = 0.0108
Iteration 119: Benign prob = 0.0118
Iteration 122: Benign prob = 0.0123
Iteration 123: Benign prob = 0.0133
Iteration 126: Benign prob = 0.0137
Iteration 127: Benign prob = 0.0138
Iteration 128: Benign prob = 0.0140
Iteration 129: Benign prob = 0.0149
Iteration 130: Benign prob = 0.0151
Iteration 131: Benign prob = 0.0162
Iteration 132: Benign prob = 0.0176
Iteration 135: Benign prob = 0.0187
Iteration 137: Benign prob = 0.0201
Iteration 140: Benign prob = 0.0208
Iteration 142: Benign prob = 0.0211
Iteration 143: Benign prob = 0.0243
Iteration 148: Benign prob = 0.0247
Iteration 151: Benign prob = 0.0252
Iteration 153: Benign prob = 0.0253
Iteration 154: Benign prob = 0.0288
Iteration 155: Benign prob = 0.0301
Iteration 156: Benign prob = 0.0307
Iteration 159: Benign prob = 0.0343
Iteration 166: Benign prob = 0.0365
Iteration 168: Benign prob = 0.0381
Iteration 172: Benign prob = 0.0391
Iteration 175: Benign prob = 0.0408
Iteration 176: Benign prob = 0.0430
Iteration 178: Benign prob = 0.0437
Iteration 180: Benign prob = 0.0467
Iteration 181: Benign prob = 0.0525
Iteration 184: Benign prob = 0.0604
Iteration 187: Benign prob = 0.0671
Iteration 190: Benign prob = 0.0707
Iteration 206: Benign prob = 0.0759
Iteration 217: Benign prob = 0.0769
Iteration 219: Benign prob = 0.0832
Iteration 224: Benign prob = 0.0848
Iteration 232: Benign prob = 0.0893
Iteration 238: Benign prob = 0.0951
Iteration 248: Benign prob = 0.0964
Iteration 250: Benign prob = 0.1010
Iteration 259: Benign prob = 0.1029
Iteration 271: Benign prob = 0.1051
Iteration 281: Benign prob = 0.1114
Iteration 292: Benign prob = 0.1197
Iteration 302: Benign prob = 0.1252
Iteration 320: Benign prob = 0.1269
Iteration 324: Benign prob = 0.1275
Iteration 325: Benign prob = 0.1334
Iteration 335: Benign prob = 0.1357
Iteration 336: Benign prob = 0.1359
Iteration 345: Benign prob = 0.1360
Iteration 350: Benign prob = 0.1363
Iteration 352: Benign prob = 0.1412
Iteration 362: Benign prob = 0.1556
Iteration 393: Benign prob = 0.1612
Iteration 397: Benign prob = 0.1890
Iteration 431: Benign prob = 0.1966
Iteration 455: Benign prob = 0.1971
Iteration 471: Benign prob = 0.1988
Iteration 488: Benign prob = 0.2004
Iteration 501: Benign prob = 0.2062
Iteration 514: Benign prob = 0.2063
Iteration 516: Benign prob = 0.2141
Iteration 522: Benign prob = 0.2194
Iteration 532: Benign prob = 0.2267
Iteration 533: Benign prob = 0.2331
Iteration 546: Benign prob = 0.2359
Iteration 575: Benign prob = 0.2360
Iteration 614: Benign prob = 0.2547
Iteration 645: Benign prob = 0.2561
Iteration 651: Benign prob = 0.2599
Iteration 688: Benign prob = 0.2673
Iteration 765: Benign prob = 0.2708
Iteration 800: Benign prob = 0.2735
Iteration 813: Benign prob = 0.2744
Iteration 832: Benign prob = 0.2899
Iteration 860: Benign prob = 0.2974
Iteration 943: Benign prob = 0.2986
Iteration 946: Benign prob = 0.2999
Iteration 980: Benign prob = 0.3002
Iteration 983: Benign prob = 0.3024
Iteration 995: Benign prob = 0.3039
Iteration 1010: Benign prob = 0.3085
Iteration 1074: Benign prob = 0.3088
Iteration 1082: Benign prob = 0.3116
Iteration 1083: Benign prob = 0.3163
Iteration 1106: Benign prob = 0.3209
Iteration 1153: Benign prob = 0.3209
Iteration 1154: Benign prob = 0.3234
Iteration 1156: Benign prob = 0.3237
Iteration 1158: Benign prob = 0.3250
Iteration 1169: Benign prob = 0.3282
Iteration 1180: Benign prob = 0.3319
Iteration 1237: Benign prob = 0.3336
Iteration 1241: Benign prob = 0.3411
Iteration 1255: Benign prob = 0.3525
Iteration 1317: Benign prob = 0.3533
Iteration 1325: Benign prob = 0.3537
Iteration 1330: Benign prob = 0.3557
Iteration 1351: Benign prob = 0.3576
Iteration 1353: Benign prob = 0.3597
Iteration 1357: Benign prob = 0.3630
Iteration 1369: Benign prob = 0.3750
Iteration 1377: Benign prob = 0.3782
Iteration 1392: Benign prob = 0.3791
Iteration 1393: Benign prob = 0.3910
Iteration 1407: Benign prob = 0.4091
Iteration 1496: Benign prob = 0.4097
Iteration 1515: Benign prob = 0.4122
Iteration 1518: Benign prob = 0.4140
Iteration 1522: Benign prob = 0.4299
Iteration 1535: Benign prob = 0.4426
Iteration 1566: Benign prob = 0.4477
Iteration 1596: Benign prob = 0.4502
Iteration 1604: Benign prob = 0.4557
Iteration 1665: Benign prob = 0.4557
Iteration 1670: Benign prob = 0.4582
Iteration 1711: Benign prob = 0.4596
Iteration 1716: Benign prob = 0.4639
Iteration 1776: Benign prob = 0.4781
Iteration 1788: Benign prob = 0.4783
Iteration 1795: Benign prob = 0.4800
Iteration 1813: Benign prob = 0.4806
Iteration 1837: Benign prob = 0.4808
Iteration 1851: Benign prob = 0.4835
Iteration 1857: Benign prob = 0.4868
Iteration 1889: Benign prob = 0.4898
Iteration 1904: Benign prob = 0.4918
Iteration 1910: Benign prob = 0.4920
Iteration 1920: Benign prob = 0.4956
Iteration 1976: Benign prob = 0.4996
Iteration 1981: Benign prob = 0.5003
Iteration 1984: Benign prob = 0.5006
Iteration 1990: Benign prob = 0.5101
Iteration 2046: Benign prob = 0.5264
Iteration 2108: Benign prob = 0.5330
Iteration 2120: Benign prob = 0.5348
Iteration 2124: Benign prob = 0.5418
Iteration 2137: Benign prob = 0.5424
Iteration 2168: Benign prob = 0.5425
Iteration 2169: Benign prob = 0.5451
Iteration 2179: Benign prob = 0.5515

 Completed Adversarial Image for image 7 in 3.46 minutes.

--- Adversarial Prediction Results for image 7: (/home/users/atodorova/alisa-thesis/malnet-cnn/test/fakeapp/deng/8C98B267ED826E0837C23D2F2CD77966FF75B50EEBAFCDF89487F3B088D5566E.png) ---
Predicted class: 11 (benign)
Confidence     : 0.5515
True class     : 20 (fakeapp)


=== [8/10] Creating EA Adversarial Image for /home/users/atodorova/alisa-thesis/malnet-cnn/test/fakeapp/deng/EA91E67DC5A8AA481244550643D9E3EE9FDC63359B59A2664A068E72FCF5CBF2.png ===

--- Original Prediction Results ---
Predicted class: 4 (adware)

Confidence     : 1.0000

True class     : 20 (fakeapp)

Target ('benign') class: 11 (benign)

Failed to generate adversarial image in 10000 iterations.

[ERROR] Error to generate adversarial image for 8 (/home/users/atodorova/alisa-thesis/malnet-cnn/test/fakeapp/deng/EA91E67DC5A8AA481244550643D9E3EE9FDC63359B59A2664A068E72FCF5CBF2.png): unsupported format string passed to NoneType.__format__


=== [9/10] Creating EA Adversarial Image for /home/users/atodorova/alisa-thesis/malnet-cnn/test/fakeapp/artemis/6FECA038F3FD553012A272CED1B3779172CF95D9DD8F02357E1C12E55C3B9849.png ===

--- Original Prediction Results ---
Predicted class: 42 (trojan)

Confidence     : 0.5020

True class     : 20 (fakeapp)

Target ('benign') class: 11 (benign)

[INFO] Benign class became best class at iteration 1524 with confidence 0.3091!

Targeted adversarial image created in 2713 iterations.
Benign first predicted at iteration 1524 with confidence 0.3091.

Benign probability changes (iteration, prob):
Iteration 0: Benign prob = 0.0007
Iteration 2: Benign prob = 0.0007
Iteration 3: Benign prob = 0.0009
Iteration 4: Benign prob = 0.0009
Iteration 5: Benign prob = 0.0013
Iteration 7: Benign prob = 0.0014
Iteration 8: Benign prob = 0.0014
Iteration 9: Benign prob = 0.0016
Iteration 12: Benign prob = 0.0016
Iteration 13: Benign prob = 0.0018
Iteration 14: Benign prob = 0.0018
Iteration 15: Benign prob = 0.0018
Iteration 16: Benign prob = 0.0019
Iteration 17: Benign prob = 0.0020
Iteration 18: Benign prob = 0.0020
Iteration 20: Benign prob = 0.0021
Iteration 23: Benign prob = 0.0022
Iteration 24: Benign prob = 0.0023
Iteration 26: Benign prob = 0.0024
Iteration 29: Benign prob = 0.0024
Iteration 30: Benign prob = 0.0024
Iteration 31: Benign prob = 0.0027
Iteration 32: Benign prob = 0.0029
Iteration 34: Benign prob = 0.0032
Iteration 36: Benign prob = 0.0032
Iteration 42: Benign prob = 0.0033
Iteration 45: Benign prob = 0.0033
Iteration 46: Benign prob = 0.0037
Iteration 48: Benign prob = 0.0038
Iteration 52: Benign prob = 0.0040
Iteration 54: Benign prob = 0.0047
Iteration 60: Benign prob = 0.0047
Iteration 61: Benign prob = 0.0050
Iteration 78: Benign prob = 0.0062
Iteration 96: Benign prob = 0.0062
Iteration 97: Benign prob = 0.0063
Iteration 98: Benign prob = 0.0067
Iteration 106: Benign prob = 0.0081
Iteration 108: Benign prob = 0.0081
Iteration 120: Benign prob = 0.0086
Iteration 126: Benign prob = 0.0086
Iteration 131: Benign prob = 0.0092
Iteration 133: Benign prob = 0.0101
Iteration 143: Benign prob = 0.0102
Iteration 146: Benign prob = 0.0102
Iteration 153: Benign prob = 0.0104
Iteration 156: Benign prob = 0.0107
Iteration 166: Benign prob = 0.0115
Iteration 175: Benign prob = 0.0115
Iteration 177: Benign prob = 0.0126
Iteration 190: Benign prob = 0.0127
Iteration 191: Benign prob = 0.0134
Iteration 192: Benign prob = 0.0136
Iteration 193: Benign prob = 0.0138
Iteration 195: Benign prob = 0.0140
Iteration 199: Benign prob = 0.0157
Iteration 212: Benign prob = 0.0165
Iteration 213: Benign prob = 0.0169
Iteration 222: Benign prob = 0.0169
Iteration 265: Benign prob = 0.0172
Iteration 266: Benign prob = 0.0190
Iteration 274: Benign prob = 0.0194
Iteration 279: Benign prob = 0.0200
Iteration 304: Benign prob = 0.0203
Iteration 305: Benign prob = 0.0212
Iteration 325: Benign prob = 0.0214
Iteration 339: Benign prob = 0.0222
Iteration 345: Benign prob = 0.0231
Iteration 346: Benign prob = 0.0236
Iteration 350: Benign prob = 0.0239
Iteration 364: Benign prob = 0.0243
Iteration 369: Benign prob = 0.0246
Iteration 388: Benign prob = 0.0252
Iteration 396: Benign prob = 0.0258
Iteration 400: Benign prob = 0.0264
Iteration 410: Benign prob = 0.0268
Iteration 414: Benign prob = 0.0270
Iteration 425: Benign prob = 0.0274
Iteration 427: Benign prob = 0.0279
Iteration 432: Benign prob = 0.0290
Iteration 435: Benign prob = 0.0294
Iteration 438: Benign prob = 0.0298
Iteration 440: Benign prob = 0.0303
Iteration 444: Benign prob = 0.0305
Iteration 448: Benign prob = 0.0320
Iteration 452: Benign prob = 0.0323
Iteration 457: Benign prob = 0.0336
Iteration 464: Benign prob = 0.0343
Iteration 469: Benign prob = 0.0387
Iteration 473: Benign prob = 0.0389
Iteration 494: Benign prob = 0.0392
Iteration 496: Benign prob = 0.0400
Iteration 506: Benign prob = 0.0423
Iteration 508: Benign prob = 0.0425
Iteration 509: Benign prob = 0.0438
Iteration 510: Benign prob = 0.0441
Iteration 512: Benign prob = 0.0448
Iteration 521: Benign prob = 0.0455
Iteration 525: Benign prob = 0.0459
Iteration 536: Benign prob = 0.0468
Iteration 554: Benign prob = 0.0479
Iteration 555: Benign prob = 0.0497
Iteration 561: Benign prob = 0.0502
Iteration 563: Benign prob = 0.0526
Iteration 565: Benign prob = 0.0538
Iteration 570: Benign prob = 0.0615
Iteration 580: Benign prob = 0.0630
Iteration 597: Benign prob = 0.0638
Iteration 608: Benign prob = 0.0641
Iteration 609: Benign prob = 0.0675
Iteration 614: Benign prob = 0.0785
Iteration 636: Benign prob = 0.0801
Iteration 649: Benign prob = 0.0804
Iteration 662: Benign prob = 0.0833
Iteration 674: Benign prob = 0.0838
Iteration 677: Benign prob = 0.0845
Iteration 679: Benign prob = 0.1094
Iteration 701: Benign prob = 0.1132
Iteration 724: Benign prob = 0.1137
Iteration 729: Benign prob = 0.1155
Iteration 737: Benign prob = 0.1229
Iteration 742: Benign prob = 0.1244
Iteration 757: Benign prob = 0.1275
Iteration 767: Benign prob = 0.1280
Iteration 770: Benign prob = 0.1291
Iteration 771: Benign prob = 0.1395
Iteration 776: Benign prob = 0.1398
Iteration 801: Benign prob = 0.1402
Iteration 804: Benign prob = 0.1695
Iteration 866: Benign prob = 0.1758
Iteration 870: Benign prob = 0.1761
Iteration 879: Benign prob = 0.1778
Iteration 881: Benign prob = 0.1832
Iteration 885: Benign prob = 0.1853
Iteration 898: Benign prob = 0.1861
Iteration 909: Benign prob = 0.1875
Iteration 914: Benign prob = 0.1932
Iteration 945: Benign prob = 0.1993
Iteration 1008: Benign prob = 0.2006
Iteration 1011: Benign prob = 0.2072
Iteration 1024: Benign prob = 0.2099
Iteration 1031: Benign prob = 0.2165
Iteration 1039: Benign prob = 0.2299
Iteration 1068: Benign prob = 0.2305
Iteration 1082: Benign prob = 0.2375
Iteration 1102: Benign prob = 0.2407
Iteration 1107: Benign prob = 0.2426
Iteration 1137: Benign prob = 0.2432
Iteration 1143: Benign prob = 0.2444
Iteration 1155: Benign prob = 0.2523
Iteration 1168: Benign prob = 0.2541
Iteration 1175: Benign prob = 0.2579
Iteration 1234: Benign prob = 0.2615
Iteration 1269: Benign prob = 0.2631
Iteration 1303: Benign prob = 0.2655
Iteration 1347: Benign prob = 0.2694
Iteration 1394: Benign prob = 0.2759
Iteration 1418: Benign prob = 0.2765
Iteration 1434: Benign prob = 0.2919
Iteration 1446: Benign prob = 0.2995
Iteration 1506: Benign prob = 0.3085
Iteration 1524: Benign prob = 0.3091
Iteration 1529: Benign prob = 0.3114
Iteration 1576: Benign prob = 0.3177
Iteration 1595: Benign prob = 0.3201
Iteration 1615: Benign prob = 0.3235
Iteration 1619: Benign prob = 0.3255
Iteration 1630: Benign prob = 0.3283
Iteration 1636: Benign prob = 0.3299
Iteration 1654: Benign prob = 0.3304
Iteration 1666: Benign prob = 0.3317
Iteration 1667: Benign prob = 0.3344
Iteration 1674: Benign prob = 0.3419
Iteration 1731: Benign prob = 0.3533
Iteration 1754: Benign prob = 0.3538
Iteration 1779: Benign prob = 0.3564
Iteration 1780: Benign prob = 0.3616
Iteration 1813: Benign prob = 0.3745
Iteration 1815: Benign prob = 0.3758
Iteration 1855: Benign prob = 0.3777
Iteration 1874: Benign prob = 0.3919
Iteration 1892: Benign prob = 0.3983
Iteration 1900: Benign prob = 0.4013
Iteration 1947: Benign prob = 0.4021
Iteration 1979: Benign prob = 0.4036
Iteration 2002: Benign prob = 0.4103
Iteration 2005: Benign prob = 0.4130
Iteration 2034: Benign prob = 0.4237
Iteration 2042: Benign prob = 0.4322
Iteration 2088: Benign prob = 0.4339
Iteration 2096: Benign prob = 0.4345
Iteration 2117: Benign prob = 0.4377
Iteration 2140: Benign prob = 0.4393
Iteration 2187: Benign prob = 0.4495
Iteration 2207: Benign prob = 0.4497
Iteration 2234: Benign prob = 0.4603
Iteration 2266: Benign prob = 0.4638
Iteration 2279: Benign prob = 0.4673
Iteration 2290: Benign prob = 0.4774
Iteration 2348: Benign prob = 0.4919
Iteration 2356: Benign prob = 0.4920
Iteration 2455: Benign prob = 0.5001
Iteration 2482: Benign prob = 0.5025
Iteration 2535: Benign prob = 0.5036
Iteration 2540: Benign prob = 0.5050
Iteration 2575: Benign prob = 0.5092
Iteration 2659: Benign prob = 0.5098
Iteration 2678: Benign prob = 0.5116
Iteration 2682: Benign prob = 0.5161
Iteration 2688: Benign prob = 0.5198
Iteration 2698: Benign prob = 0.5263
Iteration 2710: Benign prob = 0.5293
Iteration 2713: Benign prob = 0.5504

 Completed Adversarial Image for image 9 in 4.31 minutes.

--- Adversarial Prediction Results for image 9: (/home/users/atodorova/alisa-thesis/malnet-cnn/test/fakeapp/artemis/6FECA038F3FD553012A272CED1B3779172CF95D9DD8F02357E1C12E55C3B9849.png) ---
Predicted class: 11 (benign)
Confidence     : 0.5504
True class     : 20 (fakeapp)


=== [10/10] Creating EA Adversarial Image for /home/users/atodorova/alisa-thesis/malnet-cnn/test/fakeapp/artemis/1746EFFBC0F1827AFB580CFA92F773EDB8DB5BAECF72360517A1C45994A822C6.png ===

--- Original Prediction Results ---
Predicted class: 4 (adware)

Confidence     : 1.0000

True class     : 20 (fakeapp)

Target ('benign') class: 11 (benign)

[INFO] Benign class became best class at iteration 2334 with confidence 0.3021!

Targeted adversarial image created in 4123 iterations.
Benign first predicted at iteration 2334 with confidence 0.3021.

Benign probability changes (iteration, prob):
Iteration 0: Benign prob = 0.0009
Iteration 4: Benign prob = 0.0009
Iteration 5: Benign prob = 0.0012
Iteration 6: Benign prob = 0.0017
Iteration 10: Benign prob = 0.0017
Iteration 12: Benign prob = 0.0019
Iteration 14: Benign prob = 0.0019
Iteration 15: Benign prob = 0.0021
Iteration 16: Benign prob = 0.0022
Iteration 17: Benign prob = 0.0023
Iteration 24: Benign prob = 0.0025
Iteration 25: Benign prob = 0.0025
Iteration 26: Benign prob = 0.0027
Iteration 32: Benign prob = 0.0029
Iteration 33: Benign prob = 0.0030
Iteration 36: Benign prob = 0.0031
Iteration 38: Benign prob = 0.0031
Iteration 42: Benign prob = 0.0033
Iteration 43: Benign prob = 0.0035
Iteration 50: Benign prob = 0.0037
Iteration 52: Benign prob = 0.0038
Iteration 53: Benign prob = 0.0040
Iteration 64: Benign prob = 0.0040
Iteration 68: Benign prob = 0.0041
Iteration 70: Benign prob = 0.0043
Iteration 71: Benign prob = 0.0044
Iteration 73: Benign prob = 0.0050
Iteration 75: Benign prob = 0.0052
Iteration 78: Benign prob = 0.0053
Iteration 83: Benign prob = 0.0054
Iteration 84: Benign prob = 0.0055
Iteration 91: Benign prob = 0.0057
Iteration 92: Benign prob = 0.0058
Iteration 94: Benign prob = 0.0060
Iteration 101: Benign prob = 0.0065
Iteration 104: Benign prob = 0.0072
Iteration 108: Benign prob = 0.0073
Iteration 125: Benign prob = 0.0076
Iteration 130: Benign prob = 0.0080
Iteration 132: Benign prob = 0.0081
Iteration 139: Benign prob = 0.0090
Iteration 146: Benign prob = 0.0096
Iteration 169: Benign prob = 0.0097
Iteration 177: Benign prob = 0.0099
Iteration 181: Benign prob = 0.0100
Iteration 190: Benign prob = 0.0104
Iteration 198: Benign prob = 0.0114
Iteration 220: Benign prob = 0.0116
Iteration 221: Benign prob = 0.0118
Iteration 226: Benign prob = 0.0131
Iteration 252: Benign prob = 0.0134
Iteration 257: Benign prob = 0.0136
Iteration 258: Benign prob = 0.0139
Iteration 260: Benign prob = 0.0143
Iteration 262: Benign prob = 0.0145
Iteration 263: Benign prob = 0.0147
Iteration 264: Benign prob = 0.0149
Iteration 293: Benign prob = 0.0155
Iteration 298: Benign prob = 0.0156
Iteration 311: Benign prob = 0.0165
Iteration 330: Benign prob = 0.0178
Iteration 341: Benign prob = 0.0182
Iteration 355: Benign prob = 0.0184
Iteration 357: Benign prob = 0.0187
Iteration 360: Benign prob = 0.0200
Iteration 382: Benign prob = 0.0206
Iteration 402: Benign prob = 0.0207
Iteration 410: Benign prob = 0.0208
Iteration 411: Benign prob = 0.0212
Iteration 423: Benign prob = 0.0228
Iteration 426: Benign prob = 0.0239
Iteration 444: Benign prob = 0.0248
Iteration 452: Benign prob = 0.0248
Iteration 456: Benign prob = 0.0274
Iteration 474: Benign prob = 0.0285
Iteration 483: Benign prob = 0.0291
Iteration 490: Benign prob = 0.0295
Iteration 515: Benign prob = 0.0300
Iteration 517: Benign prob = 0.0320
Iteration 532: Benign prob = 0.0332
Iteration 536: Benign prob = 0.0338
Iteration 538: Benign prob = 0.0345
Iteration 544: Benign prob = 0.0347
Iteration 548: Benign prob = 0.0354
Iteration 553: Benign prob = 0.0354
Iteration 562: Benign prob = 0.0357
Iteration 566: Benign prob = 0.0363
Iteration 575: Benign prob = 0.0372
Iteration 582: Benign prob = 0.0385
Iteration 587: Benign prob = 0.0398
Iteration 609: Benign prob = 0.0424
Iteration 629: Benign prob = 0.0446
Iteration 647: Benign prob = 0.0451
Iteration 656: Benign prob = 0.0461
Iteration 680: Benign prob = 0.0464
Iteration 683: Benign prob = 0.0467
Iteration 689: Benign prob = 0.0483
Iteration 738: Benign prob = 0.0498
Iteration 748: Benign prob = 0.0513
Iteration 750: Benign prob = 0.0516
Iteration 770: Benign prob = 0.0526
Iteration 787: Benign prob = 0.0531
Iteration 791: Benign prob = 0.0538
Iteration 844: Benign prob = 0.0540
Iteration 850: Benign prob = 0.0562
Iteration 870: Benign prob = 0.0563
Iteration 877: Benign prob = 0.0590
Iteration 900: Benign prob = 0.0612
Iteration 921: Benign prob = 0.0612
Iteration 939: Benign prob = 0.0616
Iteration 943: Benign prob = 0.0631
Iteration 949: Benign prob = 0.0659
Iteration 955: Benign prob = 0.0672
Iteration 964: Benign prob = 0.0673
Iteration 978: Benign prob = 0.0680
Iteration 986: Benign prob = 0.0695
Iteration 1009: Benign prob = 0.0710
Iteration 1010: Benign prob = 0.0713
Iteration 1042: Benign prob = 0.0729
Iteration 1044: Benign prob = 0.0754
Iteration 1045: Benign prob = 0.0763
Iteration 1050: Benign prob = 0.0777
Iteration 1067: Benign prob = 0.0798
Iteration 1113: Benign prob = 0.0812
Iteration 1121: Benign prob = 0.0837
Iteration 1143: Benign prob = 0.0844
Iteration 1146: Benign prob = 0.0883
Iteration 1183: Benign prob = 0.0927
Iteration 1197: Benign prob = 0.0934
Iteration 1202: Benign prob = 0.0944
Iteration 1209: Benign prob = 0.0949
Iteration 1213: Benign prob = 0.0961
Iteration 1214: Benign prob = 0.0984
Iteration 1222: Benign prob = 0.0985
Iteration 1239: Benign prob = 0.0991
Iteration 1242: Benign prob = 0.1008
Iteration 1279: Benign prob = 0.1014
Iteration 1286: Benign prob = 0.1035
Iteration 1288: Benign prob = 0.1046
Iteration 1314: Benign prob = 0.1083
Iteration 1316: Benign prob = 0.1155
Iteration 1338: Benign prob = 0.1202
Iteration 1361: Benign prob = 0.1203
Iteration 1369: Benign prob = 0.1221
Iteration 1403: Benign prob = 0.1247
Iteration 1414: Benign prob = 0.1264
Iteration 1415: Benign prob = 0.1298
Iteration 1448: Benign prob = 0.1331
Iteration 1449: Benign prob = 0.1334
Iteration 1454: Benign prob = 0.1340
Iteration 1461: Benign prob = 0.1373
Iteration 1464: Benign prob = 0.1398
Iteration 1471: Benign prob = 0.1442
Iteration 1484: Benign prob = 0.1454
Iteration 1506: Benign prob = 0.1463
Iteration 1519: Benign prob = 0.1474
Iteration 1537: Benign prob = 0.1485
Iteration 1538: Benign prob = 0.1488
Iteration 1546: Benign prob = 0.1490
Iteration 1568: Benign prob = 0.1544
Iteration 1578: Benign prob = 0.1580
Iteration 1602: Benign prob = 0.1593
Iteration 1607: Benign prob = 0.1602
Iteration 1612: Benign prob = 0.1613
Iteration 1636: Benign prob = 0.1633
Iteration 1644: Benign prob = 0.1870
Iteration 1661: Benign prob = 0.1876
Iteration 1666: Benign prob = 0.1886
Iteration 1680: Benign prob = 0.1894
Iteration 1688: Benign prob = 0.1953
Iteration 1696: Benign prob = 0.2042
Iteration 1710: Benign prob = 0.2135
Iteration 1711: Benign prob = 0.2139
Iteration 1719: Benign prob = 0.2151
Iteration 1742: Benign prob = 0.2213
Iteration 1760: Benign prob = 0.2266
Iteration 1766: Benign prob = 0.2336
Iteration 1819: Benign prob = 0.2351
Iteration 1837: Benign prob = 0.2413
Iteration 1898: Benign prob = 0.2454
Iteration 1946: Benign prob = 0.2467
Iteration 2007: Benign prob = 0.2488
Iteration 2021: Benign prob = 0.2536
Iteration 2038: Benign prob = 0.2584
Iteration 2098: Benign prob = 0.2596
Iteration 2128: Benign prob = 0.2638
Iteration 2152: Benign prob = 0.2644
Iteration 2159: Benign prob = 0.2667
Iteration 2166: Benign prob = 0.2736
Iteration 2227: Benign prob = 0.2788
Iteration 2250: Benign prob = 0.2789
Iteration 2253: Benign prob = 0.2860
Iteration 2323: Benign prob = 0.2904
Iteration 2326: Benign prob = 0.2968
Iteration 2334: Benign prob = 0.3021
Iteration 2378: Benign prob = 0.3071
Iteration 2398: Benign prob = 0.3073
Iteration 2443: Benign prob = 0.3113
Iteration 2455: Benign prob = 0.3150
Iteration 2461: Benign prob = 0.3163
Iteration 2466: Benign prob = 0.3174
Iteration 2469: Benign prob = 0.3314
Iteration 2477: Benign prob = 0.3353
Iteration 2484: Benign prob = 0.3395
Iteration 2501: Benign prob = 0.3461
Iteration 2606: Benign prob = 0.3620
Iteration 2645: Benign prob = 0.3643
Iteration 2671: Benign prob = 0.3844
Iteration 2723: Benign prob = 0.3965
Iteration 2745: Benign prob = 0.3984
Iteration 2766: Benign prob = 0.4037
Iteration 2806: Benign prob = 0.4087
Iteration 2876: Benign prob = 0.4088
Iteration 2880: Benign prob = 0.4133
Iteration 2920: Benign prob = 0.4153
Iteration 2951: Benign prob = 0.4166
Iteration 2954: Benign prob = 0.4280
Iteration 3092: Benign prob = 0.4287
Iteration 3095: Benign prob = 0.4291
Iteration 3131: Benign prob = 0.4295
Iteration 3133: Benign prob = 0.4310
Iteration 3174: Benign prob = 0.4374
Iteration 3207: Benign prob = 0.4466
Iteration 3276: Benign prob = 0.4507
Iteration 3392: Benign prob = 0.4584
Iteration 3407: Benign prob = 0.4620
Iteration 3455: Benign prob = 0.4740
Iteration 3499: Benign prob = 0.4748
Iteration 3506: Benign prob = 0.4789
Iteration 3519: Benign prob = 0.4842
Iteration 3558: Benign prob = 0.4843
Iteration 3571: Benign prob = 0.4895
Iteration 3577: Benign prob = 0.4896
Iteration 3579: Benign prob = 0.4926
Iteration 3581: Benign prob = 0.4946
Iteration 3728: Benign prob = 0.4948
Iteration 3736: Benign prob = 0.4957
Iteration 3744: Benign prob = 0.5024
Iteration 3757: Benign prob = 0.5149
Iteration 3813: Benign prob = 0.5171
Iteration 3836: Benign prob = 0.5233
Iteration 3926: Benign prob = 0.5383
Iteration 3988: Benign prob = 0.5386
Iteration 4035: Benign prob = 0.5416
Iteration 4086: Benign prob = 0.5469
Iteration 4116: Benign prob = 0.5470
Iteration 4122: Benign prob = 0.5482
Iteration 4123: Benign prob = 0.5524

 Completed Adversarial Image for image 10 in 6.45 minutes.

--- Adversarial Prediction Results for image 10: (/home/users/atodorova/alisa-thesis/malnet-cnn/test/fakeapp/artemis/1746EFFBC0F1827AFB580CFA92F773EDB8DB5BAECF72360517A1C45994A822C6.png) ---
Predicted class: 11 (benign)
Confidence     : 0.5524
True class     : 20 (fakeapp)
