Requirement already satisfied: torchvision in ./y/envs/thesis_env_310/lib/python3.10/site-packages (0.20.1+cu121)
Requirement already satisfied: tqdm in ./y/envs/thesis_env_310/lib/python3.10/site-packages (4.67.1)
Requirement already satisfied: numpy in ./y/envs/thesis_env_310/lib/python3.10/site-packages (from torchvision) (2.1.2)
Requirement already satisfied: torch==2.5.1 in ./y/envs/thesis_env_310/lib/python3.10/site-packages (from torchvision) (2.5.1+cu121)
Requirement already satisfied: pillow!=8.3.*,>=5.3.0 in ./y/envs/thesis_env_310/lib/python3.10/site-packages (from torchvision) (11.0.0)
Requirement already satisfied: filelock in ./y/envs/thesis_env_310/lib/python3.10/site-packages (from torch==2.5.1->torchvision) (3.13.1)
Requirement already satisfied: typing-extensions>=4.8.0 in ./y/envs/thesis_env_310/lib/python3.10/site-packages (from torch==2.5.1->torchvision) (4.12.2)
Requirement already satisfied: networkx in ./y/envs/thesis_env_310/lib/python3.10/site-packages (from torch==2.5.1->torchvision) (3.3)
Requirement already satisfied: jinja2 in ./y/envs/thesis_env_310/lib/python3.10/site-packages (from torch==2.5.1->torchvision) (3.1.4)
Requirement already satisfied: fsspec in ./y/envs/thesis_env_310/lib/python3.10/site-packages (from torch==2.5.1->torchvision) (2024.6.1)
Requirement already satisfied: nvidia-cuda-nvrtc-cu12==12.1.105 in ./y/envs/thesis_env_310/lib/python3.10/site-packages (from torch==2.5.1->torchvision) (12.1.105)
Requirement already satisfied: nvidia-cuda-runtime-cu12==12.1.105 in ./y/envs/thesis_env_310/lib/python3.10/site-packages (from torch==2.5.1->torchvision) (12.1.105)
Requirement already satisfied: nvidia-cuda-cupti-cu12==12.1.105 in ./y/envs/thesis_env_310/lib/python3.10/site-packages (from torch==2.5.1->torchvision) (12.1.105)
Requirement already satisfied: nvidia-cudnn-cu12==9.1.0.70 in ./y/envs/thesis_env_310/lib/python3.10/site-packages (from torch==2.5.1->torchvision) (9.1.0.70)
Requirement already satisfied: nvidia-cublas-cu12==12.1.3.1 in ./y/envs/thesis_env_310/lib/python3.10/site-packages (from torch==2.5.1->torchvision) (12.1.3.1)
Requirement already satisfied: nvidia-cufft-cu12==11.0.2.54 in ./y/envs/thesis_env_310/lib/python3.10/site-packages (from torch==2.5.1->torchvision) (11.0.2.54)
Requirement already satisfied: nvidia-curand-cu12==10.3.2.106 in ./y/envs/thesis_env_310/lib/python3.10/site-packages (from torch==2.5.1->torchvision) (10.3.2.106)
Requirement already satisfied: nvidia-cusolver-cu12==11.4.5.107 in ./y/envs/thesis_env_310/lib/python3.10/site-packages (from torch==2.5.1->torchvision) (11.4.5.107)
Requirement already satisfied: nvidia-cusparse-cu12==12.1.0.106 in ./y/envs/thesis_env_310/lib/python3.10/site-packages (from torch==2.5.1->torchvision) (12.1.0.106)
Requirement already satisfied: nvidia-nccl-cu12==2.21.5 in ./y/envs/thesis_env_310/lib/python3.10/site-packages (from torch==2.5.1->torchvision) (2.21.5)
Requirement already satisfied: nvidia-nvtx-cu12==12.1.105 in ./y/envs/thesis_env_310/lib/python3.10/site-packages (from torch==2.5.1->torchvision) (12.1.105)
Requirement already satisfied: triton==3.1.0 in ./y/envs/thesis_env_310/lib/python3.10/site-packages (from torch==2.5.1->torchvision) (3.1.0)
Requirement already satisfied: sympy==1.13.1 in ./y/envs/thesis_env_310/lib/python3.10/site-packages (from torch==2.5.1->torchvision) (1.13.1)
Requirement already satisfied: nvidia-nvjitlink-cu12 in ./y/envs/thesis_env_310/lib/python3.10/site-packages (from nvidia-cusolver-cu12==11.4.5.107->torch==2.5.1->torchvision) (12.1.105)
Requirement already satisfied: mpmath<1.4,>=1.1.0 in ./y/envs/thesis_env_310/lib/python3.10/site-packages (from sympy==1.13.1->torch==2.5.1->torchvision) (1.3.0)
Requirement already satisfied: MarkupSafe>=2.0 in ./y/envs/thesis_env_310/lib/python3.10/site-packages (from jinja2->torch==2.5.1->torchvision) (2.1.5)
Using device: cuda
Device name: Tesla V100-SXM2-16GB
Using 1 GPUs.


=== [1/10] Creating EA Adversarial Image for /home/users/atodorova/alisa-thesis/malnet-cnn/test/risktool++riskware++virus/badpac/1E054F0849B3DDE0FB30E10BE265BC8A606D1A9D33ECC8B96B02E49A44486446.png ===

--- Original Prediction Results ---
Predicted class: 42 (trojan)

Confidence     : 1.0000

True class     : 29 (risktool++riskware++virus)

Target ('benign') class: 11 (benign)

Failed to generate adversarial image in 10000 iterations.

[ERROR] Error to generate adversarial image for 1 (/home/users/atodorova/alisa-thesis/malnet-cnn/test/risktool++riskware++virus/badpac/1E054F0849B3DDE0FB30E10BE265BC8A606D1A9D33ECC8B96B02E49A44486446.png): unsupported format string passed to NoneType.__format__


=== [2/10] Creating EA Adversarial Image for /home/users/atodorova/alisa-thesis/malnet-cnn/test/risktool++riskware++virus/badpac/601D4116EDD7D6906B19EF9E368B4502ACD5EF6C63B0F8ECADAD8C292645A5EC.png ===

--- Original Prediction Results ---
Predicted class: 42 (trojan)

Confidence     : 1.0000

True class     : 29 (risktool++riskware++virus)

Target ('benign') class: 11 (benign)

Failed to generate adversarial image in 10000 iterations.

[ERROR] Error to generate adversarial image for 2 (/home/users/atodorova/alisa-thesis/malnet-cnn/test/risktool++riskware++virus/badpac/601D4116EDD7D6906B19EF9E368B4502ACD5EF6C63B0F8ECADAD8C292645A5EC.png): unsupported format string passed to NoneType.__format__


=== [3/10] Creating EA Adversarial Image for /home/users/atodorova/alisa-thesis/malnet-cnn/test/risktool++riskware++virus/badpac/32050F0FFAC3C5A46146068EAB37585236E2BF2F946D09B0C2EE490E04FFFFD8.png ===

--- Original Prediction Results ---
Predicted class: 42 (trojan)

Confidence     : 1.0000

True class     : 29 (risktool++riskware++virus)

Target ('benign') class: 11 (benign)

Failed to generate adversarial image in 10000 iterations.

[ERROR] Error to generate adversarial image for 3 (/home/users/atodorova/alisa-thesis/malnet-cnn/test/risktool++riskware++virus/badpac/32050F0FFAC3C5A46146068EAB37585236E2BF2F946D09B0C2EE490E04FFFFD8.png): unsupported format string passed to NoneType.__format__


=== [4/10] Creating EA Adversarial Image for /home/users/atodorova/alisa-thesis/malnet-cnn/test/risktool++riskware++virus/badpac/101182A89D8B89FE85763AFA5BAABC4325C7724A8AB11128C3930B27F64F6582.png ===

--- Original Prediction Results ---
Predicted class: 42 (trojan)

Confidence     : 1.0000

True class     : 29 (risktool++riskware++virus)

Target ('benign') class: 11 (benign)

Failed to generate adversarial image in 10000 iterations.

[ERROR] Error to generate adversarial image for 4 (/home/users/atodorova/alisa-thesis/malnet-cnn/test/risktool++riskware++virus/badpac/101182A89D8B89FE85763AFA5BAABC4325C7724A8AB11128C3930B27F64F6582.png): unsupported format string passed to NoneType.__format__


=== [5/10] Creating EA Adversarial Image for /home/users/atodorova/alisa-thesis/malnet-cnn/test/risktool++riskware++virus/badpac/A69BF8AE68FC7B5A739E358D931B19989DF5EF1655EB4825036DEAF96D49B053.png ===

--- Original Prediction Results ---
Predicted class: 42 (trojan)

Confidence     : 1.0000

True class     : 29 (risktool++riskware++virus)

Target ('benign') class: 11 (benign)

Failed to generate adversarial image in 10000 iterations.

[ERROR] Error to generate adversarial image for 5 (/home/users/atodorova/alisa-thesis/malnet-cnn/test/risktool++riskware++virus/badpac/A69BF8AE68FC7B5A739E358D931B19989DF5EF1655EB4825036DEAF96D49B053.png): unsupported format string passed to NoneType.__format__


=== [6/10] Creating EA Adversarial Image for /home/users/atodorova/alisa-thesis/malnet-cnn/test/risktool++riskware++virus/jiagu/04D6F5D44B64ABDAB4AF5FABD41AF5CE5D87321E1DC9CE91C84146D637868D14.png ===

--- Original Prediction Results ---
Predicted class: 42 (trojan)

Confidence     : 1.0000

True class     : 29 (risktool++riskware++virus)

Target ('benign') class: 11 (benign)

Failed to generate adversarial image in 10000 iterations.

[ERROR] Error to generate adversarial image for 6 (/home/users/atodorova/alisa-thesis/malnet-cnn/test/risktool++riskware++virus/jiagu/04D6F5D44B64ABDAB4AF5FABD41AF5CE5D87321E1DC9CE91C84146D637868D14.png): unsupported format string passed to NoneType.__format__


=== [7/10] Creating EA Adversarial Image for /home/users/atodorova/alisa-thesis/malnet-cnn/test/risktool++riskware++virus/jiagu/DD9869FC7B5ED2710D5B94E964BE9BF32C91BBC7D61E3EF8C9ADF45FD20AB3F7.png ===

--- Original Prediction Results ---
Predicted class: 42 (trojan)

Confidence     : 1.0000

True class     : 29 (risktool++riskware++virus)

Target ('benign') class: 11 (benign)

Failed to generate adversarial image in 10000 iterations.

[ERROR] Error to generate adversarial image for 7 (/home/users/atodorova/alisa-thesis/malnet-cnn/test/risktool++riskware++virus/jiagu/DD9869FC7B5ED2710D5B94E964BE9BF32C91BBC7D61E3EF8C9ADF45FD20AB3F7.png): unsupported format string passed to NoneType.__format__


=== [8/10] Creating EA Adversarial Image for /home/users/atodorova/alisa-thesis/malnet-cnn/test/risktool++riskware++virus/jiagu/A1C5A032A5923ACBC3B807E6A95DBE3050A7E9D5EB0EFC8EFCCF7C88509D6256.png ===

--- Original Prediction Results ---
Predicted class: 42 (trojan)

Confidence     : 1.0000

True class     : 29 (risktool++riskware++virus)

Target ('benign') class: 11 (benign)

Failed to generate adversarial image in 10000 iterations.

[ERROR] Error to generate adversarial image for 8 (/home/users/atodorova/alisa-thesis/malnet-cnn/test/risktool++riskware++virus/jiagu/A1C5A032A5923ACBC3B807E6A95DBE3050A7E9D5EB0EFC8EFCCF7C88509D6256.png): unsupported format string passed to NoneType.__format__


=== [9/10] Creating EA Adversarial Image for /home/users/atodorova/alisa-thesis/malnet-cnn/test/risktool++riskware++virus/skymobi/CF362489F596AC5E9C974777E59A8106723EAB1FAD13517F045D0E894241544A.png ===

--- Original Prediction Results ---
Predicted class: 42 (trojan)

Confidence     : 1.0000

True class     : 29 (risktool++riskware++virus)

Target ('benign') class: 11 (benign)

Failed to generate adversarial image in 10000 iterations.

[ERROR] Error to generate adversarial image for 9 (/home/users/atodorova/alisa-thesis/malnet-cnn/test/risktool++riskware++virus/skymobi/CF362489F596AC5E9C974777E59A8106723EAB1FAD13517F045D0E894241544A.png): unsupported format string passed to NoneType.__format__


=== [10/10] Creating EA Adversarial Image for /home/users/atodorova/alisa-thesis/malnet-cnn/test/risktool++riskware++virus/skymobi/47C1AA9096D8063E15156B82C45FC2273A2A0C20FB5B3D062B6F19AFDA546354.png ===

--- Original Prediction Results ---
Predicted class: 42 (trojan)

Confidence     : 1.0000

True class     : 29 (risktool++riskware++virus)

Target ('benign') class: 11 (benign)

Failed to generate adversarial image in 10000 iterations.

[ERROR] Error to generate adversarial image for 10 (/home/users/atodorova/alisa-thesis/malnet-cnn/test/risktool++riskware++virus/skymobi/47C1AA9096D8063E15156B82C45FC2273A2A0C20FB5B3D062B6F19AFDA546354.png): unsupported format string passed to NoneType.__format__
