Requirement already satisfied: torchvision in ./y/envs/thesis_env_310/lib/python3.10/site-packages (0.20.1+cu121)
Requirement already satisfied: tqdm in ./y/envs/thesis_env_310/lib/python3.10/site-packages (4.67.1)
Requirement already satisfied: numpy in ./y/envs/thesis_env_310/lib/python3.10/site-packages (from torchvision) (2.1.2)
Requirement already satisfied: torch==2.5.1 in ./y/envs/thesis_env_310/lib/python3.10/site-packages (from torchvision) (2.5.1+cu121)
Requirement already satisfied: pillow!=8.3.*,>=5.3.0 in ./y/envs/thesis_env_310/lib/python3.10/site-packages (from torchvision) (11.0.0)
Requirement already satisfied: filelock in ./y/envs/thesis_env_310/lib/python3.10/site-packages (from torch==2.5.1->torchvision) (3.13.1)
Requirement already satisfied: typing-extensions>=4.8.0 in ./y/envs/thesis_env_310/lib/python3.10/site-packages (from torch==2.5.1->torchvision) (4.12.2)
Requirement already satisfied: networkx in ./y/envs/thesis_env_310/lib/python3.10/site-packages (from torch==2.5.1->torchvision) (3.3)
Requirement already satisfied: jinja2 in ./y/envs/thesis_env_310/lib/python3.10/site-packages (from torch==2.5.1->torchvision) (3.1.4)
Requirement already satisfied: fsspec in ./y/envs/thesis_env_310/lib/python3.10/site-packages (from torch==2.5.1->torchvision) (2024.6.1)
Requirement already satisfied: nvidia-cuda-nvrtc-cu12==12.1.105 in ./y/envs/thesis_env_310/lib/python3.10/site-packages (from torch==2.5.1->torchvision) (12.1.105)
Requirement already satisfied: nvidia-cuda-runtime-cu12==12.1.105 in ./y/envs/thesis_env_310/lib/python3.10/site-packages (from torch==2.5.1->torchvision) (12.1.105)
Requirement already satisfied: nvidia-cuda-cupti-cu12==12.1.105 in ./y/envs/thesis_env_310/lib/python3.10/site-packages (from torch==2.5.1->torchvision) (12.1.105)
Requirement already satisfied: nvidia-cudnn-cu12==9.1.0.70 in ./y/envs/thesis_env_310/lib/python3.10/site-packages (from torch==2.5.1->torchvision) (9.1.0.70)
Requirement already satisfied: nvidia-cublas-cu12==12.1.3.1 in ./y/envs/thesis_env_310/lib/python3.10/site-packages (from torch==2.5.1->torchvision) (12.1.3.1)
Requirement already satisfied: nvidia-cufft-cu12==11.0.2.54 in ./y/envs/thesis_env_310/lib/python3.10/site-packages (from torch==2.5.1->torchvision) (11.0.2.54)
Requirement already satisfied: nvidia-curand-cu12==10.3.2.106 in ./y/envs/thesis_env_310/lib/python3.10/site-packages (from torch==2.5.1->torchvision) (10.3.2.106)
Requirement already satisfied: nvidia-cusolver-cu12==11.4.5.107 in ./y/envs/thesis_env_310/lib/python3.10/site-packages (from torch==2.5.1->torchvision) (11.4.5.107)
Requirement already satisfied: nvidia-cusparse-cu12==12.1.0.106 in ./y/envs/thesis_env_310/lib/python3.10/site-packages (from torch==2.5.1->torchvision) (12.1.0.106)
Requirement already satisfied: nvidia-nccl-cu12==2.21.5 in ./y/envs/thesis_env_310/lib/python3.10/site-packages (from torch==2.5.1->torchvision) (2.21.5)
Requirement already satisfied: nvidia-nvtx-cu12==12.1.105 in ./y/envs/thesis_env_310/lib/python3.10/site-packages (from torch==2.5.1->torchvision) (12.1.105)
Requirement already satisfied: triton==3.1.0 in ./y/envs/thesis_env_310/lib/python3.10/site-packages (from torch==2.5.1->torchvision) (3.1.0)
Requirement already satisfied: sympy==1.13.1 in ./y/envs/thesis_env_310/lib/python3.10/site-packages (from torch==2.5.1->torchvision) (1.13.1)
Requirement already satisfied: nvidia-nvjitlink-cu12 in ./y/envs/thesis_env_310/lib/python3.10/site-packages (from nvidia-cusolver-cu12==11.4.5.107->torch==2.5.1->torchvision) (12.1.105)
Requirement already satisfied: mpmath<1.4,>=1.1.0 in ./y/envs/thesis_env_310/lib/python3.10/site-packages (from sympy==1.13.1->torch==2.5.1->torchvision) (1.3.0)
Requirement already satisfied: MarkupSafe>=2.0 in ./y/envs/thesis_env_310/lib/python3.10/site-packages (from jinja2->torch==2.5.1->torchvision) (2.1.5)
Using device: cuda
Device name: Tesla V100-SXM2-32GB
Using 1 GPUs.


=== [1/10] Creating EA Adversarial Image for /home/users/atodorova/alisa-thesis/malnet-cnn/test/trj/wkload/1F3396D39BA0DB327448555C53F750565AD509A5AB2AA143E0D7420EB5392A81.png ===

--- Original Prediction Results ---
Predicted class: 42 (trojan)

Confidence     : 0.4353

True class     : 40 (trj)

Target ('benign') class: 11 (benign)

[INFO] Benign class became best class at iteration 2270 with confidence 0.2880!

Targeted adversarial image created in 3470 iterations.
Benign first predicted at iteration 2270 with confidence 0.2880.

Benign probability changes (iteration, prob):
Iteration 0: Benign prob = 0.0008
Iteration 1: Benign prob = 0.0009
Iteration 3: Benign prob = 0.0010
Iteration 4: Benign prob = 0.0013
Iteration 5: Benign prob = 0.0016
Iteration 6: Benign prob = 0.0026
Iteration 9: Benign prob = 0.0027
Iteration 11: Benign prob = 0.0027
Iteration 12: Benign prob = 0.0031
Iteration 15: Benign prob = 0.0032
Iteration 16: Benign prob = 0.0032
Iteration 18: Benign prob = 0.0033
Iteration 19: Benign prob = 0.0033
Iteration 20: Benign prob = 0.0033
Iteration 21: Benign prob = 0.0035
Iteration 26: Benign prob = 0.0036
Iteration 29: Benign prob = 0.0040
Iteration 36: Benign prob = 0.0040
Iteration 44: Benign prob = 0.0040
Iteration 48: Benign prob = 0.0042
Iteration 59: Benign prob = 0.0042
Iteration 64: Benign prob = 0.0045
Iteration 81: Benign prob = 0.0045
Iteration 86: Benign prob = 0.0046
Iteration 89: Benign prob = 0.0048
Iteration 94: Benign prob = 0.0048
Iteration 96: Benign prob = 0.0051
Iteration 101: Benign prob = 0.0053
Iteration 106: Benign prob = 0.0054
Iteration 114: Benign prob = 0.0057
Iteration 126: Benign prob = 0.0060
Iteration 146: Benign prob = 0.0063
Iteration 156: Benign prob = 0.0065
Iteration 168: Benign prob = 0.0065
Iteration 171: Benign prob = 0.0065
Iteration 172: Benign prob = 0.0066
Iteration 174: Benign prob = 0.0068
Iteration 178: Benign prob = 0.0069
Iteration 184: Benign prob = 0.0070
Iteration 187: Benign prob = 0.0071
Iteration 188: Benign prob = 0.0075
Iteration 195: Benign prob = 0.0076
Iteration 196: Benign prob = 0.0076
Iteration 198: Benign prob = 0.0078
Iteration 204: Benign prob = 0.0078
Iteration 207: Benign prob = 0.0079
Iteration 211: Benign prob = 0.0084
Iteration 215: Benign prob = 0.0085
Iteration 223: Benign prob = 0.0086
Iteration 225: Benign prob = 0.0088
Iteration 226: Benign prob = 0.0090
Iteration 247: Benign prob = 0.0095
Iteration 253: Benign prob = 0.0096
Iteration 265: Benign prob = 0.0097
Iteration 271: Benign prob = 0.0108
Iteration 273: Benign prob = 0.0110
Iteration 289: Benign prob = 0.0115
Iteration 294: Benign prob = 0.0116
Iteration 299: Benign prob = 0.0125
Iteration 311: Benign prob = 0.0127
Iteration 316: Benign prob = 0.0136
Iteration 320: Benign prob = 0.0138
Iteration 333: Benign prob = 0.0142
Iteration 358: Benign prob = 0.0149
Iteration 378: Benign prob = 0.0155
Iteration 390: Benign prob = 0.0158
Iteration 427: Benign prob = 0.0161
Iteration 452: Benign prob = 0.0163
Iteration 458: Benign prob = 0.0169
Iteration 466: Benign prob = 0.0171
Iteration 468: Benign prob = 0.0173
Iteration 479: Benign prob = 0.0175
Iteration 486: Benign prob = 0.0189
Iteration 496: Benign prob = 0.0193
Iteration 507: Benign prob = 0.0210
Iteration 555: Benign prob = 0.0217
Iteration 575: Benign prob = 0.0220
Iteration 583: Benign prob = 0.0222
Iteration 590: Benign prob = 0.0230
Iteration 593: Benign prob = 0.0232
Iteration 602: Benign prob = 0.0238
Iteration 616: Benign prob = 0.0250
Iteration 617: Benign prob = 0.0256
Iteration 631: Benign prob = 0.0272
Iteration 632: Benign prob = 0.0290
Iteration 663: Benign prob = 0.0294
Iteration 667: Benign prob = 0.0294
Iteration 668: Benign prob = 0.0298
Iteration 684: Benign prob = 0.0309
Iteration 703: Benign prob = 0.0311
Iteration 704: Benign prob = 0.0332
Iteration 714: Benign prob = 0.0344
Iteration 717: Benign prob = 0.0345
Iteration 735: Benign prob = 0.0347
Iteration 747: Benign prob = 0.0353
Iteration 748: Benign prob = 0.0360
Iteration 778: Benign prob = 0.0366
Iteration 779: Benign prob = 0.0367
Iteration 782: Benign prob = 0.0369
Iteration 791: Benign prob = 0.0381
Iteration 796: Benign prob = 0.0388
Iteration 800: Benign prob = 0.0393
Iteration 801: Benign prob = 0.0394
Iteration 808: Benign prob = 0.0399
Iteration 864: Benign prob = 0.0400
Iteration 866: Benign prob = 0.0413
Iteration 892: Benign prob = 0.0414
Iteration 911: Benign prob = 0.0428
Iteration 919: Benign prob = 0.0433
Iteration 932: Benign prob = 0.0435
Iteration 945: Benign prob = 0.0456
Iteration 982: Benign prob = 0.0460
Iteration 987: Benign prob = 0.0483
Iteration 1012: Benign prob = 0.0497
Iteration 1023: Benign prob = 0.0566
Iteration 1046: Benign prob = 0.0569
Iteration 1060: Benign prob = 0.0586
Iteration 1063: Benign prob = 0.0590
Iteration 1067: Benign prob = 0.0593
Iteration 1071: Benign prob = 0.0599
Iteration 1072: Benign prob = 0.0600
Iteration 1073: Benign prob = 0.0603
Iteration 1094: Benign prob = 0.0610
Iteration 1095: Benign prob = 0.0613
Iteration 1109: Benign prob = 0.0624
Iteration 1118: Benign prob = 0.0641
Iteration 1150: Benign prob = 0.0651
Iteration 1157: Benign prob = 0.0663
Iteration 1216: Benign prob = 0.0669
Iteration 1228: Benign prob = 0.0673
Iteration 1268: Benign prob = 0.0718
Iteration 1280: Benign prob = 0.0729
Iteration 1325: Benign prob = 0.0731
Iteration 1342: Benign prob = 0.0746
Iteration 1356: Benign prob = 0.0774
Iteration 1375: Benign prob = 0.0794
Iteration 1390: Benign prob = 0.0805
Iteration 1396: Benign prob = 0.0824
Iteration 1400: Benign prob = 0.0864
Iteration 1421: Benign prob = 0.0881
Iteration 1436: Benign prob = 0.0902
Iteration 1443: Benign prob = 0.0951
Iteration 1469: Benign prob = 0.1009
Iteration 1490: Benign prob = 0.1009
Iteration 1499: Benign prob = 0.1038
Iteration 1533: Benign prob = 0.1041
Iteration 1540: Benign prob = 0.1059
Iteration 1541: Benign prob = 0.1098
Iteration 1549: Benign prob = 0.1098
Iteration 1550: Benign prob = 0.1214
Iteration 1556: Benign prob = 0.1226
Iteration 1562: Benign prob = 0.1254
Iteration 1566: Benign prob = 0.1317
Iteration 1632: Benign prob = 0.1417
Iteration 1673: Benign prob = 0.1437
Iteration 1685: Benign prob = 0.1438
Iteration 1688: Benign prob = 0.1455
Iteration 1733: Benign prob = 0.1478
Iteration 1736: Benign prob = 0.1501
Iteration 1746: Benign prob = 0.1538
Iteration 1791: Benign prob = 0.1544
Iteration 1794: Benign prob = 0.1625
Iteration 1807: Benign prob = 0.1643
Iteration 1855: Benign prob = 0.1763
Iteration 1861: Benign prob = 0.1795
Iteration 1880: Benign prob = 0.1814
Iteration 1881: Benign prob = 0.1829
Iteration 1891: Benign prob = 0.1831
Iteration 1902: Benign prob = 0.1881
Iteration 1910: Benign prob = 0.1901
Iteration 1920: Benign prob = 0.1931
Iteration 1923: Benign prob = 0.1991
Iteration 1932: Benign prob = 0.2067
Iteration 1990: Benign prob = 0.2103
Iteration 2017: Benign prob = 0.2152
Iteration 2031: Benign prob = 0.2193
Iteration 2064: Benign prob = 0.2201
Iteration 2067: Benign prob = 0.2243
Iteration 2082: Benign prob = 0.2273
Iteration 2091: Benign prob = 0.2376
Iteration 2096: Benign prob = 0.2449
Iteration 2111: Benign prob = 0.2522
Iteration 2112: Benign prob = 0.2604
Iteration 2128: Benign prob = 0.2619
Iteration 2168: Benign prob = 0.2674
Iteration 2200: Benign prob = 0.2735
Iteration 2232: Benign prob = 0.2760
Iteration 2258: Benign prob = 0.2766
Iteration 2263: Benign prob = 0.2766
Iteration 2265: Benign prob = 0.2801
Iteration 2270: Benign prob = 0.2880
Iteration 2287: Benign prob = 0.2916
Iteration 2290: Benign prob = 0.2919
Iteration 2303: Benign prob = 0.2941
Iteration 2323: Benign prob = 0.3042
Iteration 2358: Benign prob = 0.3047
Iteration 2378: Benign prob = 0.3069
Iteration 2398: Benign prob = 0.3106
Iteration 2401: Benign prob = 0.3108
Iteration 2410: Benign prob = 0.3112
Iteration 2411: Benign prob = 0.3132
Iteration 2437: Benign prob = 0.3171
Iteration 2440: Benign prob = 0.3185
Iteration 2473: Benign prob = 0.3258
Iteration 2527: Benign prob = 0.3319
Iteration 2585: Benign prob = 0.3335
Iteration 2608: Benign prob = 0.3349
Iteration 2610: Benign prob = 0.3385
Iteration 2615: Benign prob = 0.3474
Iteration 2627: Benign prob = 0.3580
Iteration 2695: Benign prob = 0.3619
Iteration 2696: Benign prob = 0.3650
Iteration 2738: Benign prob = 0.3686
Iteration 2751: Benign prob = 0.3706
Iteration 2761: Benign prob = 0.3734
Iteration 2765: Benign prob = 0.3771
Iteration 2787: Benign prob = 0.3825
Iteration 2789: Benign prob = 0.3878
Iteration 2826: Benign prob = 0.3900
Iteration 2829: Benign prob = 0.4042
Iteration 2840: Benign prob = 0.4062
Iteration 2848: Benign prob = 0.4135
Iteration 2858: Benign prob = 0.4168
Iteration 2913: Benign prob = 0.4168
Iteration 2914: Benign prob = 0.4273
Iteration 2937: Benign prob = 0.4299
Iteration 2979: Benign prob = 0.4372
Iteration 2982: Benign prob = 0.4614
Iteration 3067: Benign prob = 0.4660
Iteration 3074: Benign prob = 0.4680
Iteration 3080: Benign prob = 0.4815
Iteration 3082: Benign prob = 0.4831
Iteration 3142: Benign prob = 0.4859
Iteration 3153: Benign prob = 0.4866
Iteration 3159: Benign prob = 0.4884
Iteration 3162: Benign prob = 0.4927
Iteration 3189: Benign prob = 0.4957
Iteration 3199: Benign prob = 0.4963
Iteration 3248: Benign prob = 0.4991
Iteration 3262: Benign prob = 0.5048
Iteration 3299: Benign prob = 0.5057
Iteration 3332: Benign prob = 0.5073
Iteration 3349: Benign prob = 0.5082
Iteration 3353: Benign prob = 0.5203
Iteration 3358: Benign prob = 0.5219
Iteration 3386: Benign prob = 0.5256
Iteration 3397: Benign prob = 0.5302
Iteration 3452: Benign prob = 0.5324
Iteration 3453: Benign prob = 0.5441
Iteration 3470: Benign prob = 0.5501

 Completed Adversarial Image for image 1 in 5.57 minutes.

--- Adversarial Prediction Results for image 1: (/home/users/atodorova/alisa-thesis/malnet-cnn/test/trj/wkload/1F3396D39BA0DB327448555C53F750565AD509A5AB2AA143E0D7420EB5392A81.png) ---
Predicted class: 11 (benign)
Confidence     : 0.5501
True class     : 40 (trj)


=== [2/10] Creating EA Adversarial Image for /home/users/atodorova/alisa-thesis/malnet-cnn/test/trj/stopsms/1FF204816093AF601428AC0F7E7D8FE81CEBF904E20F72DAADC3F9D17F90319E.png ===

--- Original Prediction Results ---
Predicted class: 42 (trojan)

Confidence     : 0.4584

True class     : 40 (trj)

Target ('benign') class: 11 (benign)

[INFO] Benign class became best class at iteration 1063 with confidence 0.3406!

Targeted adversarial image created in 2029 iterations.
Benign first predicted at iteration 1063 with confidence 0.3406.

Benign probability changes (iteration, prob):
Iteration 0: Benign prob = 0.0020
Iteration 20: Benign prob = 0.0020
Iteration 23: Benign prob = 0.0020
Iteration 27: Benign prob = 0.0022
Iteration 29: Benign prob = 0.0022
Iteration 35: Benign prob = 0.0023
Iteration 36: Benign prob = 0.0024
Iteration 38: Benign prob = 0.0024
Iteration 39: Benign prob = 0.0024
Iteration 40: Benign prob = 0.0025
Iteration 46: Benign prob = 0.0026
Iteration 47: Benign prob = 0.0026
Iteration 48: Benign prob = 0.0026
Iteration 49: Benign prob = 0.0029
Iteration 66: Benign prob = 0.0029
Iteration 68: Benign prob = 0.0031
Iteration 70: Benign prob = 0.0032
Iteration 75: Benign prob = 0.0033
Iteration 76: Benign prob = 0.0035
Iteration 78: Benign prob = 0.0035
Iteration 80: Benign prob = 0.0036
Iteration 84: Benign prob = 0.0038
Iteration 94: Benign prob = 0.0038
Iteration 96: Benign prob = 0.0038
Iteration 101: Benign prob = 0.0040
Iteration 104: Benign prob = 0.0044
Iteration 112: Benign prob = 0.0046
Iteration 116: Benign prob = 0.0047
Iteration 117: Benign prob = 0.0047
Iteration 118: Benign prob = 0.0050
Iteration 120: Benign prob = 0.0051
Iteration 121: Benign prob = 0.0054
Iteration 122: Benign prob = 0.0057
Iteration 125: Benign prob = 0.0059
Iteration 127: Benign prob = 0.0060
Iteration 128: Benign prob = 0.0061
Iteration 131: Benign prob = 0.0064
Iteration 132: Benign prob = 0.0071
Iteration 138: Benign prob = 0.0074
Iteration 142: Benign prob = 0.0079
Iteration 145: Benign prob = 0.0080
Iteration 146: Benign prob = 0.0086
Iteration 159: Benign prob = 0.0086
Iteration 161: Benign prob = 0.0103
Iteration 169: Benign prob = 0.0105
Iteration 172: Benign prob = 0.0118
Iteration 179: Benign prob = 0.0123
Iteration 180: Benign prob = 0.0126
Iteration 184: Benign prob = 0.0140
Iteration 187: Benign prob = 0.0149
Iteration 195: Benign prob = 0.0155
Iteration 199: Benign prob = 0.0160
Iteration 203: Benign prob = 0.0161
Iteration 204: Benign prob = 0.0181
Iteration 212: Benign prob = 0.0230
Iteration 217: Benign prob = 0.0239
Iteration 218: Benign prob = 0.0256
Iteration 224: Benign prob = 0.0319
Iteration 230: Benign prob = 0.0355
Iteration 231: Benign prob = 0.0358
Iteration 237: Benign prob = 0.0375
Iteration 246: Benign prob = 0.0429
Iteration 247: Benign prob = 0.0433
Iteration 248: Benign prob = 0.0451
Iteration 250: Benign prob = 0.0468
Iteration 251: Benign prob = 0.0489
Iteration 266: Benign prob = 0.0493
Iteration 268: Benign prob = 0.0494
Iteration 276: Benign prob = 0.0502
Iteration 278: Benign prob = 0.0504
Iteration 280: Benign prob = 0.0522
Iteration 282: Benign prob = 0.0626
Iteration 284: Benign prob = 0.0650
Iteration 307: Benign prob = 0.0655
Iteration 310: Benign prob = 0.0669
Iteration 314: Benign prob = 0.0744
Iteration 324: Benign prob = 0.0805
Iteration 348: Benign prob = 0.0810
Iteration 375: Benign prob = 0.0845
Iteration 394: Benign prob = 0.0848
Iteration 400: Benign prob = 0.0866
Iteration 401: Benign prob = 0.0887
Iteration 414: Benign prob = 0.0894
Iteration 434: Benign prob = 0.0947
Iteration 441: Benign prob = 0.0953
Iteration 448: Benign prob = 0.0967
Iteration 450: Benign prob = 0.0993
Iteration 454: Benign prob = 0.1022
Iteration 462: Benign prob = 0.1041
Iteration 485: Benign prob = 0.1069
Iteration 493: Benign prob = 0.1075
Iteration 497: Benign prob = 0.1113
Iteration 514: Benign prob = 0.1127
Iteration 518: Benign prob = 0.1146
Iteration 520: Benign prob = 0.1163
Iteration 530: Benign prob = 0.1187
Iteration 536: Benign prob = 0.1206
Iteration 539: Benign prob = 0.1263
Iteration 550: Benign prob = 0.1286
Iteration 563: Benign prob = 0.1292
Iteration 571: Benign prob = 0.1378
Iteration 590: Benign prob = 0.1438
Iteration 596: Benign prob = 0.1460
Iteration 606: Benign prob = 0.1481
Iteration 611: Benign prob = 0.1485
Iteration 617: Benign prob = 0.1500
Iteration 639: Benign prob = 0.1562
Iteration 653: Benign prob = 0.1579
Iteration 655: Benign prob = 0.1661
Iteration 669: Benign prob = 0.1671
Iteration 673: Benign prob = 0.1781
Iteration 688: Benign prob = 0.1808
Iteration 710: Benign prob = 0.1853
Iteration 736: Benign prob = 0.1894
Iteration 742: Benign prob = 0.1911
Iteration 752: Benign prob = 0.2062
Iteration 757: Benign prob = 0.2071
Iteration 758: Benign prob = 0.2112
Iteration 761: Benign prob = 0.2162
Iteration 789: Benign prob = 0.2240
Iteration 794: Benign prob = 0.2280
Iteration 809: Benign prob = 0.2325
Iteration 812: Benign prob = 0.2368
Iteration 824: Benign prob = 0.2479
Iteration 851: Benign prob = 0.2582
Iteration 876: Benign prob = 0.2641
Iteration 886: Benign prob = 0.2648
Iteration 896: Benign prob = 0.2814
Iteration 928: Benign prob = 0.2950
Iteration 955: Benign prob = 0.2984
Iteration 986: Benign prob = 0.3028
Iteration 1002: Benign prob = 0.3038
Iteration 1030: Benign prob = 0.3038
Iteration 1031: Benign prob = 0.3163
Iteration 1042: Benign prob = 0.3178
Iteration 1061: Benign prob = 0.3343
Iteration 1063: Benign prob = 0.3406
Iteration 1073: Benign prob = 0.3504
Iteration 1075: Benign prob = 0.3509
Iteration 1123: Benign prob = 0.3565
Iteration 1161: Benign prob = 0.3571
Iteration 1177: Benign prob = 0.3597
Iteration 1196: Benign prob = 0.3609
Iteration 1205: Benign prob = 0.3616
Iteration 1212: Benign prob = 0.3640
Iteration 1251: Benign prob = 0.3652
Iteration 1263: Benign prob = 0.3716
Iteration 1264: Benign prob = 0.3725
Iteration 1265: Benign prob = 0.3761
Iteration 1274: Benign prob = 0.3837
Iteration 1308: Benign prob = 0.3848
Iteration 1321: Benign prob = 0.3856
Iteration 1331: Benign prob = 0.3931
Iteration 1351: Benign prob = 0.4129
Iteration 1368: Benign prob = 0.4140
Iteration 1378: Benign prob = 0.4212
Iteration 1416: Benign prob = 0.4213
Iteration 1426: Benign prob = 0.4214
Iteration 1442: Benign prob = 0.4235
Iteration 1460: Benign prob = 0.4268
Iteration 1461: Benign prob = 0.4354
Iteration 1484: Benign prob = 0.4378
Iteration 1489: Benign prob = 0.4393
Iteration 1499: Benign prob = 0.4477
Iteration 1529: Benign prob = 0.4493
Iteration 1535: Benign prob = 0.4557
Iteration 1565: Benign prob = 0.4577
Iteration 1571: Benign prob = 0.4577
Iteration 1616: Benign prob = 0.4690
Iteration 1619: Benign prob = 0.4716
Iteration 1670: Benign prob = 0.4719
Iteration 1673: Benign prob = 0.4792
Iteration 1677: Benign prob = 0.4799
Iteration 1704: Benign prob = 0.4863
Iteration 1744: Benign prob = 0.4900
Iteration 1747: Benign prob = 0.4976
Iteration 1811: Benign prob = 0.5014
Iteration 1840: Benign prob = 0.5121
Iteration 1942: Benign prob = 0.5226
Iteration 2007: Benign prob = 0.5307
Iteration 2027: Benign prob = 0.5315
Iteration 2029: Benign prob = 0.5525

 Completed Adversarial Image for image 2 in 3.25 minutes.

--- Adversarial Prediction Results for image 2: (/home/users/atodorova/alisa-thesis/malnet-cnn/test/trj/stopsms/1FF204816093AF601428AC0F7E7D8FE81CEBF904E20F72DAADC3F9D17F90319E.png) ---
Predicted class: 11 (benign)
Confidence     : 0.5525
True class     : 40 (trj)


=== [3/10] Creating EA Adversarial Image for /home/users/atodorova/alisa-thesis/malnet-cnn/test/trj/stopsms/6B4FBDEB427F7820EAEE21FFDCE1A63151FA4AEA4D16A9B161A12607D3903CED.png ===

--- Original Prediction Results ---
Predicted class: 42 (trojan)

Confidence     : 0.3935

True class     : 40 (trj)

Target ('benign') class: 11 (benign)

[INFO] Benign class became best class at iteration 1378 with confidence 0.3108!

Targeted adversarial image created in 3243 iterations.
Benign first predicted at iteration 1378 with confidence 0.3108.

Benign probability changes (iteration, prob):
Iteration 0: Benign prob = 0.0009
Iteration 2: Benign prob = 0.0014
Iteration 3: Benign prob = 0.0015
Iteration 4: Benign prob = 0.0015
Iteration 5: Benign prob = 0.0017
Iteration 9: Benign prob = 0.0018
Iteration 10: Benign prob = 0.0018
Iteration 11: Benign prob = 0.0019
Iteration 14: Benign prob = 0.0019
Iteration 15: Benign prob = 0.0021
Iteration 17: Benign prob = 0.0023
Iteration 20: Benign prob = 0.0024
Iteration 21: Benign prob = 0.0024
Iteration 22: Benign prob = 0.0025
Iteration 23: Benign prob = 0.0027
Iteration 24: Benign prob = 0.0027
Iteration 26: Benign prob = 0.0030
Iteration 27: Benign prob = 0.0030
Iteration 30: Benign prob = 0.0032
Iteration 31: Benign prob = 0.0034
Iteration 32: Benign prob = 0.0040
Iteration 37: Benign prob = 0.0045
Iteration 38: Benign prob = 0.0046
Iteration 39: Benign prob = 0.0051
Iteration 42: Benign prob = 0.0052
Iteration 43: Benign prob = 0.0055
Iteration 46: Benign prob = 0.0059
Iteration 48: Benign prob = 0.0064
Iteration 49: Benign prob = 0.0067
Iteration 53: Benign prob = 0.0068
Iteration 54: Benign prob = 0.0068
Iteration 62: Benign prob = 0.0070
Iteration 63: Benign prob = 0.0070
Iteration 66: Benign prob = 0.0070
Iteration 67: Benign prob = 0.0075
Iteration 68: Benign prob = 0.0076
Iteration 69: Benign prob = 0.0081
Iteration 77: Benign prob = 0.0082
Iteration 83: Benign prob = 0.0082
Iteration 84: Benign prob = 0.0084
Iteration 85: Benign prob = 0.0085
Iteration 91: Benign prob = 0.0086
Iteration 94: Benign prob = 0.0087
Iteration 97: Benign prob = 0.0089
Iteration 98: Benign prob = 0.0103
Iteration 105: Benign prob = 0.0107
Iteration 106: Benign prob = 0.0118
Iteration 109: Benign prob = 0.0123
Iteration 113: Benign prob = 0.0126
Iteration 114: Benign prob = 0.0130
Iteration 122: Benign prob = 0.0136
Iteration 127: Benign prob = 0.0137
Iteration 129: Benign prob = 0.0137
Iteration 132: Benign prob = 0.0143
Iteration 159: Benign prob = 0.0146
Iteration 161: Benign prob = 0.0147
Iteration 178: Benign prob = 0.0148
Iteration 193: Benign prob = 0.0151
Iteration 197: Benign prob = 0.0154
Iteration 205: Benign prob = 0.0155
Iteration 207: Benign prob = 0.0157
Iteration 208: Benign prob = 0.0162
Iteration 216: Benign prob = 0.0167
Iteration 235: Benign prob = 0.0180
Iteration 244: Benign prob = 0.0181
Iteration 245: Benign prob = 0.0182
Iteration 246: Benign prob = 0.0183
Iteration 249: Benign prob = 0.0190
Iteration 266: Benign prob = 0.0191
Iteration 268: Benign prob = 0.0196
Iteration 308: Benign prob = 0.0209
Iteration 318: Benign prob = 0.0210
Iteration 323: Benign prob = 0.0225
Iteration 337: Benign prob = 0.0227
Iteration 348: Benign prob = 0.0228
Iteration 350: Benign prob = 0.0229
Iteration 359: Benign prob = 0.0232
Iteration 362: Benign prob = 0.0237
Iteration 370: Benign prob = 0.0238
Iteration 372: Benign prob = 0.0265
Iteration 374: Benign prob = 0.0278
Iteration 395: Benign prob = 0.0281
Iteration 415: Benign prob = 0.0287
Iteration 417: Benign prob = 0.0289
Iteration 419: Benign prob = 0.0304
Iteration 420: Benign prob = 0.0310
Iteration 424: Benign prob = 0.0315
Iteration 429: Benign prob = 0.0324
Iteration 439: Benign prob = 0.0338
Iteration 451: Benign prob = 0.0353
Iteration 474: Benign prob = 0.0372
Iteration 484: Benign prob = 0.0397
Iteration 500: Benign prob = 0.0398
Iteration 501: Benign prob = 0.0401
Iteration 512: Benign prob = 0.0426
Iteration 529: Benign prob = 0.0428
Iteration 532: Benign prob = 0.0447
Iteration 543: Benign prob = 0.0472
Iteration 570: Benign prob = 0.0525
Iteration 588: Benign prob = 0.0528
Iteration 594: Benign prob = 0.0540
Iteration 598: Benign prob = 0.0559
Iteration 599: Benign prob = 0.0560
Iteration 612: Benign prob = 0.0585
Iteration 628: Benign prob = 0.0598
Iteration 647: Benign prob = 0.0630
Iteration 650: Benign prob = 0.0646
Iteration 661: Benign prob = 0.0684
Iteration 675: Benign prob = 0.0687
Iteration 693: Benign prob = 0.0712
Iteration 705: Benign prob = 0.0751
Iteration 706: Benign prob = 0.0814
Iteration 720: Benign prob = 0.0823
Iteration 729: Benign prob = 0.0839
Iteration 733: Benign prob = 0.0865
Iteration 738: Benign prob = 0.0891
Iteration 747: Benign prob = 0.0897
Iteration 754: Benign prob = 0.0904
Iteration 759: Benign prob = 0.0997
Iteration 767: Benign prob = 0.1082
Iteration 786: Benign prob = 0.1084
Iteration 787: Benign prob = 0.1125
Iteration 799: Benign prob = 0.1134
Iteration 806: Benign prob = 0.1156
Iteration 811: Benign prob = 0.1288
Iteration 812: Benign prob = 0.1303
Iteration 829: Benign prob = 0.1333
Iteration 833: Benign prob = 0.1378
Iteration 862: Benign prob = 0.1434
Iteration 899: Benign prob = 0.1468
Iteration 924: Benign prob = 0.1485
Iteration 926: Benign prob = 0.1537
Iteration 931: Benign prob = 0.1553
Iteration 933: Benign prob = 0.1561
Iteration 936: Benign prob = 0.1578
Iteration 949: Benign prob = 0.1662
Iteration 957: Benign prob = 0.1673
Iteration 960: Benign prob = 0.1766
Iteration 1001: Benign prob = 0.1772
Iteration 1008: Benign prob = 0.1865
Iteration 1011: Benign prob = 0.1960
Iteration 1014: Benign prob = 0.1988
Iteration 1028: Benign prob = 0.2049
Iteration 1050: Benign prob = 0.2107
Iteration 1075: Benign prob = 0.2221
Iteration 1076: Benign prob = 0.2225
Iteration 1088: Benign prob = 0.2256
Iteration 1101: Benign prob = 0.2296
Iteration 1107: Benign prob = 0.2314
Iteration 1135: Benign prob = 0.2323
Iteration 1137: Benign prob = 0.2370
Iteration 1148: Benign prob = 0.2411
Iteration 1159: Benign prob = 0.2427
Iteration 1199: Benign prob = 0.2584
Iteration 1231: Benign prob = 0.2668
Iteration 1240: Benign prob = 0.2685
Iteration 1245: Benign prob = 0.2689
Iteration 1265: Benign prob = 0.2736
Iteration 1267: Benign prob = 0.2764
Iteration 1272: Benign prob = 0.2795
Iteration 1278: Benign prob = 0.2835
Iteration 1279: Benign prob = 0.2855
Iteration 1284: Benign prob = 0.2988
Iteration 1346: Benign prob = 0.3039
Iteration 1378: Benign prob = 0.3108
Iteration 1390: Benign prob = 0.3121
Iteration 1469: Benign prob = 0.3171
Iteration 1480: Benign prob = 0.3217
Iteration 1516: Benign prob = 0.3261
Iteration 1535: Benign prob = 0.3298
Iteration 1547: Benign prob = 0.3308
Iteration 1550: Benign prob = 0.3312
Iteration 1627: Benign prob = 0.3445
Iteration 1639: Benign prob = 0.3622
Iteration 1649: Benign prob = 0.3637
Iteration 1653: Benign prob = 0.3661
Iteration 1689: Benign prob = 0.3688
Iteration 1691: Benign prob = 0.3729
Iteration 1702: Benign prob = 0.3744
Iteration 1742: Benign prob = 0.3768
Iteration 1743: Benign prob = 0.3787
Iteration 1758: Benign prob = 0.3801
Iteration 1762: Benign prob = 0.3818
Iteration 1766: Benign prob = 0.3853
Iteration 1776: Benign prob = 0.3854
Iteration 1784: Benign prob = 0.3922
Iteration 1840: Benign prob = 0.3940
Iteration 1847: Benign prob = 0.4049
Iteration 1870: Benign prob = 0.4076
Iteration 1917: Benign prob = 0.4122
Iteration 1930: Benign prob = 0.4201
Iteration 1965: Benign prob = 0.4228
Iteration 1993: Benign prob = 0.4287
Iteration 2006: Benign prob = 0.4323
Iteration 2020: Benign prob = 0.4356
Iteration 2022: Benign prob = 0.4365
Iteration 2030: Benign prob = 0.4424
Iteration 2036: Benign prob = 0.4476
Iteration 2054: Benign prob = 0.4520
Iteration 2079: Benign prob = 0.4573
Iteration 2084: Benign prob = 0.4579
Iteration 2090: Benign prob = 0.4599
Iteration 2108: Benign prob = 0.4628
Iteration 2111: Benign prob = 0.4651
Iteration 2125: Benign prob = 0.4687
Iteration 2200: Benign prob = 0.4688
Iteration 2202: Benign prob = 0.4729
Iteration 2279: Benign prob = 0.4795
Iteration 2297: Benign prob = 0.4880
Iteration 2353: Benign prob = 0.4890
Iteration 2368: Benign prob = 0.4895
Iteration 2390: Benign prob = 0.4942
Iteration 2407: Benign prob = 0.4964
Iteration 2545: Benign prob = 0.5006
Iteration 2575: Benign prob = 0.5025
Iteration 2594: Benign prob = 0.5052
Iteration 2634: Benign prob = 0.5098
Iteration 2639: Benign prob = 0.5100
Iteration 2712: Benign prob = 0.5138
Iteration 2745: Benign prob = 0.5157
Iteration 2755: Benign prob = 0.5246
Iteration 2899: Benign prob = 0.5261
Iteration 2981: Benign prob = 0.5267
Iteration 2997: Benign prob = 0.5307
Iteration 3020: Benign prob = 0.5329
Iteration 3041: Benign prob = 0.5334
Iteration 3088: Benign prob = 0.5378
Iteration 3098: Benign prob = 0.5413
Iteration 3116: Benign prob = 0.5440
Iteration 3147: Benign prob = 0.5465
Iteration 3243: Benign prob = 0.5573

 Completed Adversarial Image for image 3 in 5.20 minutes.

--- Adversarial Prediction Results for image 3: (/home/users/atodorova/alisa-thesis/malnet-cnn/test/trj/stopsms/6B4FBDEB427F7820EAEE21FFDCE1A63151FA4AEA4D16A9B161A12607D3903CED.png) ---
Predicted class: 11 (benign)
Confidence     : 0.5573
True class     : 40 (trj)


=== [4/10] Creating EA Adversarial Image for /home/users/atodorova/alisa-thesis/malnet-cnn/test/trj/slocker/48F591F3784B9DED80546F819FB99DFCD3CE98DA75DE8ABFC2D665CA5AF3EE98.png ===

--- Original Prediction Results ---
Predicted class: 42 (trojan)

Confidence     : 0.4006

True class     : 40 (trj)

Target ('benign') class: 11 (benign)

[INFO] Benign class became best class at iteration 903 with confidence 0.3203!

Targeted adversarial image created in 2122 iterations.
Benign first predicted at iteration 903 with confidence 0.3203.

Benign probability changes (iteration, prob):
Iteration 0: Benign prob = 0.0010
Iteration 4: Benign prob = 0.0013
Iteration 6: Benign prob = 0.0015
Iteration 8: Benign prob = 0.0017
Iteration 10: Benign prob = 0.0017
Iteration 13: Benign prob = 0.0020
Iteration 14: Benign prob = 0.0020
Iteration 16: Benign prob = 0.0021
Iteration 17: Benign prob = 0.0023
Iteration 20: Benign prob = 0.0024
Iteration 26: Benign prob = 0.0025
Iteration 27: Benign prob = 0.0027
Iteration 32: Benign prob = 0.0027
Iteration 39: Benign prob = 0.0030
Iteration 43: Benign prob = 0.0031
Iteration 46: Benign prob = 0.0032
Iteration 47: Benign prob = 0.0032
Iteration 49: Benign prob = 0.0032
Iteration 50: Benign prob = 0.0035
Iteration 52: Benign prob = 0.0035
Iteration 53: Benign prob = 0.0037
Iteration 57: Benign prob = 0.0037
Iteration 61: Benign prob = 0.0037
Iteration 65: Benign prob = 0.0039
Iteration 67: Benign prob = 0.0040
Iteration 73: Benign prob = 0.0040
Iteration 75: Benign prob = 0.0043
Iteration 76: Benign prob = 0.0045
Iteration 81: Benign prob = 0.0054
Iteration 82: Benign prob = 0.0057
Iteration 92: Benign prob = 0.0064
Iteration 99: Benign prob = 0.0064
Iteration 107: Benign prob = 0.0069
Iteration 112: Benign prob = 0.0072
Iteration 114: Benign prob = 0.0073
Iteration 116: Benign prob = 0.0076
Iteration 128: Benign prob = 0.0077
Iteration 131: Benign prob = 0.0078
Iteration 136: Benign prob = 0.0083
Iteration 137: Benign prob = 0.0084
Iteration 138: Benign prob = 0.0088
Iteration 150: Benign prob = 0.0091
Iteration 153: Benign prob = 0.0093
Iteration 157: Benign prob = 0.0096
Iteration 168: Benign prob = 0.0099
Iteration 170: Benign prob = 0.0103
Iteration 178: Benign prob = 0.0104
Iteration 179: Benign prob = 0.0114
Iteration 180: Benign prob = 0.0114
Iteration 181: Benign prob = 0.0119
Iteration 183: Benign prob = 0.0128
Iteration 188: Benign prob = 0.0128
Iteration 190: Benign prob = 0.0133
Iteration 194: Benign prob = 0.0135
Iteration 205: Benign prob = 0.0141
Iteration 206: Benign prob = 0.0143
Iteration 211: Benign prob = 0.0144
Iteration 218: Benign prob = 0.0147
Iteration 224: Benign prob = 0.0153
Iteration 227: Benign prob = 0.0155
Iteration 228: Benign prob = 0.0160
Iteration 233: Benign prob = 0.0165
Iteration 234: Benign prob = 0.0166
Iteration 236: Benign prob = 0.0169
Iteration 243: Benign prob = 0.0176
Iteration 248: Benign prob = 0.0177
Iteration 251: Benign prob = 0.0212
Iteration 257: Benign prob = 0.0227
Iteration 260: Benign prob = 0.0239
Iteration 264: Benign prob = 0.0250
Iteration 268: Benign prob = 0.0261
Iteration 274: Benign prob = 0.0264
Iteration 281: Benign prob = 0.0276
Iteration 285: Benign prob = 0.0278
Iteration 287: Benign prob = 0.0291
Iteration 290: Benign prob = 0.0306
Iteration 293: Benign prob = 0.0309
Iteration 296: Benign prob = 0.0314
Iteration 298: Benign prob = 0.0318
Iteration 300: Benign prob = 0.0326
Iteration 308: Benign prob = 0.0343
Iteration 318: Benign prob = 0.0364
Iteration 322: Benign prob = 0.0378
Iteration 325: Benign prob = 0.0385
Iteration 328: Benign prob = 0.0402
Iteration 331: Benign prob = 0.0402
Iteration 334: Benign prob = 0.0452
Iteration 339: Benign prob = 0.0458
Iteration 340: Benign prob = 0.0461
Iteration 343: Benign prob = 0.0476
Iteration 344: Benign prob = 0.0526
Iteration 348: Benign prob = 0.0544
Iteration 351: Benign prob = 0.0546
Iteration 368: Benign prob = 0.0567
Iteration 372: Benign prob = 0.0577
Iteration 376: Benign prob = 0.0605
Iteration 384: Benign prob = 0.0635
Iteration 385: Benign prob = 0.0713
Iteration 387: Benign prob = 0.0718
Iteration 391: Benign prob = 0.0727
Iteration 398: Benign prob = 0.0747
Iteration 407: Benign prob = 0.0765
Iteration 412: Benign prob = 0.0801
Iteration 417: Benign prob = 0.0945
Iteration 421: Benign prob = 0.0947
Iteration 429: Benign prob = 0.0951
Iteration 430: Benign prob = 0.0978
Iteration 431: Benign prob = 0.1040
Iteration 441: Benign prob = 0.1089
Iteration 447: Benign prob = 0.1104
Iteration 449: Benign prob = 0.1159
Iteration 460: Benign prob = 0.1166
Iteration 464: Benign prob = 0.1202
Iteration 468: Benign prob = 0.1215
Iteration 471: Benign prob = 0.1261
Iteration 478: Benign prob = 0.1287
Iteration 480: Benign prob = 0.1386
Iteration 483: Benign prob = 0.1426
Iteration 496: Benign prob = 0.1445
Iteration 514: Benign prob = 0.1457
Iteration 519: Benign prob = 0.1487
Iteration 521: Benign prob = 0.1547
Iteration 527: Benign prob = 0.1577
Iteration 529: Benign prob = 0.1618
Iteration 532: Benign prob = 0.1646
Iteration 535: Benign prob = 0.1651
Iteration 546: Benign prob = 0.1670
Iteration 555: Benign prob = 0.1693
Iteration 557: Benign prob = 0.1703
Iteration 565: Benign prob = 0.1711
Iteration 566: Benign prob = 0.1721
Iteration 579: Benign prob = 0.1784
Iteration 610: Benign prob = 0.1797
Iteration 615: Benign prob = 0.1901
Iteration 623: Benign prob = 0.1919
Iteration 627: Benign prob = 0.1957
Iteration 643: Benign prob = 0.2019
Iteration 646: Benign prob = 0.2084
Iteration 680: Benign prob = 0.2341
Iteration 697: Benign prob = 0.2436
Iteration 747: Benign prob = 0.2557
Iteration 773: Benign prob = 0.2565
Iteration 781: Benign prob = 0.2584
Iteration 782: Benign prob = 0.2652
Iteration 788: Benign prob = 0.2693
Iteration 793: Benign prob = 0.2740
Iteration 801: Benign prob = 0.2749
Iteration 802: Benign prob = 0.2756
Iteration 815: Benign prob = 0.2767
Iteration 824: Benign prob = 0.2853
Iteration 864: Benign prob = 0.2859
Iteration 873: Benign prob = 0.2884
Iteration 878: Benign prob = 0.2885
Iteration 882: Benign prob = 0.2895
Iteration 887: Benign prob = 0.2969
Iteration 888: Benign prob = 0.3116
Iteration 898: Benign prob = 0.3133
Iteration 903: Benign prob = 0.3203
Iteration 927: Benign prob = 0.3274
Iteration 995: Benign prob = 0.3331
Iteration 1021: Benign prob = 0.3361
Iteration 1062: Benign prob = 0.3572
Iteration 1098: Benign prob = 0.3599
Iteration 1143: Benign prob = 0.3645
Iteration 1156: Benign prob = 0.3660
Iteration 1160: Benign prob = 0.3800
Iteration 1234: Benign prob = 0.3864
Iteration 1254: Benign prob = 0.3891
Iteration 1306: Benign prob = 0.3901
Iteration 1309: Benign prob = 0.4088
Iteration 1345: Benign prob = 0.4089
Iteration 1365: Benign prob = 0.4123
Iteration 1382: Benign prob = 0.4147
Iteration 1387: Benign prob = 0.4162
Iteration 1430: Benign prob = 0.4173
Iteration 1462: Benign prob = 0.4211
Iteration 1477: Benign prob = 0.4278
Iteration 1487: Benign prob = 0.4431
Iteration 1509: Benign prob = 0.4443
Iteration 1511: Benign prob = 0.4481
Iteration 1522: Benign prob = 0.4517
Iteration 1534: Benign prob = 0.4554
Iteration 1546: Benign prob = 0.4613
Iteration 1559: Benign prob = 0.4711
Iteration 1680: Benign prob = 0.4719
Iteration 1697: Benign prob = 0.4761
Iteration 1702: Benign prob = 0.4778
Iteration 1719: Benign prob = 0.4799
Iteration 1754: Benign prob = 0.4818
Iteration 1762: Benign prob = 0.4832
Iteration 1767: Benign prob = 0.4835
Iteration 1787: Benign prob = 0.4846
Iteration 1792: Benign prob = 0.5008
Iteration 1814: Benign prob = 0.5019
Iteration 1843: Benign prob = 0.5030
Iteration 1854: Benign prob = 0.5031
Iteration 1866: Benign prob = 0.5074
Iteration 1889: Benign prob = 0.5271
Iteration 1918: Benign prob = 0.5344
Iteration 1964: Benign prob = 0.5389
Iteration 2005: Benign prob = 0.5391
Iteration 2015: Benign prob = 0.5432
Iteration 2025: Benign prob = 0.5438
Iteration 2084: Benign prob = 0.5475
Iteration 2122: Benign prob = 0.5512

 Completed Adversarial Image for image 4 in 3.42 minutes.

--- Adversarial Prediction Results for image 4: (/home/users/atodorova/alisa-thesis/malnet-cnn/test/trj/slocker/48F591F3784B9DED80546F819FB99DFCD3CE98DA75DE8ABFC2D665CA5AF3EE98.png) ---
Predicted class: 11 (benign)
Confidence     : 0.5512
True class     : 40 (trj)


=== [5/10] Creating EA Adversarial Image for /home/users/atodorova/alisa-thesis/malnet-cnn/test/trj/revo/193D168C144ECB1081526CABD1E554F2EE94A418FDEF04B25EC80D1EFAC02F6C.png ===

--- Original Prediction Results ---
Predicted class: 42 (trojan)

Confidence     : 0.4453

True class     : 40 (trj)

Target ('benign') class: 11 (benign)

[INFO] Benign class became best class at iteration 971 with confidence 0.3250!

Targeted adversarial image created in 1977 iterations.
Benign first predicted at iteration 971 with confidence 0.3250.

Benign probability changes (iteration, prob):
Iteration 0: Benign prob = 0.0008
Iteration 1: Benign prob = 0.0013
Iteration 2: Benign prob = 0.0013
Iteration 3: Benign prob = 0.0015
Iteration 4: Benign prob = 0.0016
Iteration 5: Benign prob = 0.0019
Iteration 10: Benign prob = 0.0021
Iteration 11: Benign prob = 0.0021
Iteration 17: Benign prob = 0.0023
Iteration 19: Benign prob = 0.0024
Iteration 33: Benign prob = 0.0026
Iteration 36: Benign prob = 0.0029
Iteration 37: Benign prob = 0.0031
Iteration 38: Benign prob = 0.0035
Iteration 40: Benign prob = 0.0052
Iteration 41: Benign prob = 0.0064
Iteration 43: Benign prob = 0.0065
Iteration 44: Benign prob = 0.0079
Iteration 47: Benign prob = 0.0119
Iteration 48: Benign prob = 0.0139
Iteration 51: Benign prob = 0.0147
Iteration 54: Benign prob = 0.0151
Iteration 55: Benign prob = 0.0157
Iteration 60: Benign prob = 0.0181
Iteration 63: Benign prob = 0.0223
Iteration 66: Benign prob = 0.0227
Iteration 70: Benign prob = 0.0254
Iteration 73: Benign prob = 0.0267
Iteration 76: Benign prob = 0.0268
Iteration 80: Benign prob = 0.0286
Iteration 83: Benign prob = 0.0295
Iteration 87: Benign prob = 0.0308
Iteration 89: Benign prob = 0.0356
Iteration 95: Benign prob = 0.0360
Iteration 96: Benign prob = 0.0366
Iteration 98: Benign prob = 0.0394
Iteration 100: Benign prob = 0.0420
Iteration 105: Benign prob = 0.0439
Iteration 108: Benign prob = 0.0447
Iteration 109: Benign prob = 0.0450
Iteration 115: Benign prob = 0.0463
Iteration 119: Benign prob = 0.0468
Iteration 125: Benign prob = 0.0469
Iteration 130: Benign prob = 0.0490
Iteration 141: Benign prob = 0.0499
Iteration 145: Benign prob = 0.0517
Iteration 148: Benign prob = 0.0537
Iteration 159: Benign prob = 0.0541
Iteration 161: Benign prob = 0.0551
Iteration 166: Benign prob = 0.0576
Iteration 183: Benign prob = 0.0634
Iteration 186: Benign prob = 0.0646
Iteration 191: Benign prob = 0.0657
Iteration 193: Benign prob = 0.0746
Iteration 215: Benign prob = 0.0748
Iteration 234: Benign prob = 0.0764
Iteration 248: Benign prob = 0.0864
Iteration 262: Benign prob = 0.0876
Iteration 263: Benign prob = 0.0932
Iteration 284: Benign prob = 0.1049
Iteration 295: Benign prob = 0.1167
Iteration 305: Benign prob = 0.1204
Iteration 313: Benign prob = 0.1299
Iteration 334: Benign prob = 0.1315
Iteration 351: Benign prob = 0.1344
Iteration 361: Benign prob = 0.1366
Iteration 390: Benign prob = 0.1495
Iteration 401: Benign prob = 0.1498
Iteration 414: Benign prob = 0.1623
Iteration 456: Benign prob = 0.1680
Iteration 457: Benign prob = 0.1742
Iteration 481: Benign prob = 0.1758
Iteration 504: Benign prob = 0.1838
Iteration 511: Benign prob = 0.1895
Iteration 527: Benign prob = 0.1949
Iteration 530: Benign prob = 0.2019
Iteration 567: Benign prob = 0.2059
Iteration 586: Benign prob = 0.2088
Iteration 604: Benign prob = 0.2101
Iteration 606: Benign prob = 0.2105
Iteration 620: Benign prob = 0.2125
Iteration 621: Benign prob = 0.2215
Iteration 677: Benign prob = 0.2335
Iteration 682: Benign prob = 0.2338
Iteration 684: Benign prob = 0.2419
Iteration 694: Benign prob = 0.2459
Iteration 734: Benign prob = 0.2476
Iteration 738: Benign prob = 0.2500
Iteration 764: Benign prob = 0.2555
Iteration 771: Benign prob = 0.2680
Iteration 781: Benign prob = 0.2696
Iteration 782: Benign prob = 0.2773
Iteration 801: Benign prob = 0.2776
Iteration 804: Benign prob = 0.2872
Iteration 816: Benign prob = 0.2889
Iteration 820: Benign prob = 0.2983
Iteration 880: Benign prob = 0.3132
Iteration 958: Benign prob = 0.3194
Iteration 965: Benign prob = 0.3195
Iteration 971: Benign prob = 0.3250
Iteration 980: Benign prob = 0.3262
Iteration 994: Benign prob = 0.3267
Iteration 1004: Benign prob = 0.3271
Iteration 1020: Benign prob = 0.3280
Iteration 1039: Benign prob = 0.3282
Iteration 1040: Benign prob = 0.3293
Iteration 1047: Benign prob = 0.3368
Iteration 1069: Benign prob = 0.3375
Iteration 1091: Benign prob = 0.3411
Iteration 1135: Benign prob = 0.3469
Iteration 1143: Benign prob = 0.3475
Iteration 1199: Benign prob = 0.3522
Iteration 1202: Benign prob = 0.3524
Iteration 1225: Benign prob = 0.3577
Iteration 1251: Benign prob = 0.3634
Iteration 1266: Benign prob = 0.3677
Iteration 1275: Benign prob = 0.3714
Iteration 1317: Benign prob = 0.3716
Iteration 1325: Benign prob = 0.3751
Iteration 1375: Benign prob = 0.3758
Iteration 1387: Benign prob = 0.3808
Iteration 1395: Benign prob = 0.3828
Iteration 1400: Benign prob = 0.3831
Iteration 1482: Benign prob = 0.3901
Iteration 1485: Benign prob = 0.4117
Iteration 1546: Benign prob = 0.4206
Iteration 1560: Benign prob = 0.4219
Iteration 1571: Benign prob = 0.4257
Iteration 1588: Benign prob = 0.4347
Iteration 1626: Benign prob = 0.4512
Iteration 1651: Benign prob = 0.4595
Iteration 1652: Benign prob = 0.4612
Iteration 1677: Benign prob = 0.4690
Iteration 1679: Benign prob = 0.4764
Iteration 1711: Benign prob = 0.4767
Iteration 1715: Benign prob = 0.4806
Iteration 1736: Benign prob = 0.4853
Iteration 1743: Benign prob = 0.4956
Iteration 1759: Benign prob = 0.5085
Iteration 1773: Benign prob = 0.5093
Iteration 1788: Benign prob = 0.5201
Iteration 1839: Benign prob = 0.5392
Iteration 1911: Benign prob = 0.5393
Iteration 1977: Benign prob = 0.5564

 Completed Adversarial Image for image 5 in 3.18 minutes.

--- Adversarial Prediction Results for image 5: (/home/users/atodorova/alisa-thesis/malnet-cnn/test/trj/revo/193D168C144ECB1081526CABD1E554F2EE94A418FDEF04B25EC80D1EFAC02F6C.png) ---
Predicted class: 11 (benign)
Confidence     : 0.5564
True class     : 40 (trj)


=== [6/10] Creating EA Adversarial Image for /home/users/atodorova/alisa-thesis/malnet-cnn/test/trj/revo/76646288E19A53869976B75B9759AD1316A386C75F05448A7EE3B61CD340F822.png ===

--- Original Prediction Results ---
Predicted class: 4 (adware)

Confidence     : 1.0000

True class     : 40 (trj)

Target ('benign') class: 11 (benign)

[INFO] Benign class became best class at iteration 942 with confidence 0.3068!

Targeted adversarial image created in 2093 iterations.
Benign first predicted at iteration 942 with confidence 0.3068.

Benign probability changes (iteration, prob):
Iteration 0: Benign prob = 0.0007
Iteration 3: Benign prob = 0.0008
Iteration 4: Benign prob = 0.0009
Iteration 5: Benign prob = 0.0013
Iteration 6: Benign prob = 0.0015
Iteration 8: Benign prob = 0.0017
Iteration 11: Benign prob = 0.0017
Iteration 12: Benign prob = 0.0017
Iteration 13: Benign prob = 0.0019
Iteration 14: Benign prob = 0.0019
Iteration 15: Benign prob = 0.0020
Iteration 22: Benign prob = 0.0021
Iteration 26: Benign prob = 0.0024
Iteration 28: Benign prob = 0.0025
Iteration 30: Benign prob = 0.0028
Iteration 38: Benign prob = 0.0029
Iteration 41: Benign prob = 0.0030
Iteration 46: Benign prob = 0.0030
Iteration 48: Benign prob = 0.0030
Iteration 49: Benign prob = 0.0031
Iteration 50: Benign prob = 0.0031
Iteration 55: Benign prob = 0.0032
Iteration 59: Benign prob = 0.0033
Iteration 60: Benign prob = 0.0034
Iteration 62: Benign prob = 0.0035
Iteration 64: Benign prob = 0.0039
Iteration 66: Benign prob = 0.0040
Iteration 73: Benign prob = 0.0041
Iteration 74: Benign prob = 0.0044
Iteration 78: Benign prob = 0.0049
Iteration 83: Benign prob = 0.0051
Iteration 86: Benign prob = 0.0051
Iteration 88: Benign prob = 0.0060
Iteration 94: Benign prob = 0.0060
Iteration 100: Benign prob = 0.0063
Iteration 102: Benign prob = 0.0067
Iteration 108: Benign prob = 0.0068
Iteration 120: Benign prob = 0.0075
Iteration 121: Benign prob = 0.0076
Iteration 126: Benign prob = 0.0080
Iteration 132: Benign prob = 0.0080
Iteration 133: Benign prob = 0.0081
Iteration 138: Benign prob = 0.0088
Iteration 147: Benign prob = 0.0089
Iteration 153: Benign prob = 0.0090
Iteration 156: Benign prob = 0.0106
Iteration 161: Benign prob = 0.0107
Iteration 164: Benign prob = 0.0109
Iteration 177: Benign prob = 0.0121
Iteration 180: Benign prob = 0.0122
Iteration 181: Benign prob = 0.0125
Iteration 184: Benign prob = 0.0130
Iteration 187: Benign prob = 0.0131
Iteration 188: Benign prob = 0.0138
Iteration 190: Benign prob = 0.0162
Iteration 205: Benign prob = 0.0185
Iteration 213: Benign prob = 0.0189
Iteration 226: Benign prob = 0.0195
Iteration 227: Benign prob = 0.0199
Iteration 228: Benign prob = 0.0208
Iteration 237: Benign prob = 0.0216
Iteration 238: Benign prob = 0.0228
Iteration 243: Benign prob = 0.0242
Iteration 246: Benign prob = 0.0252
Iteration 249: Benign prob = 0.0253
Iteration 254: Benign prob = 0.0255
Iteration 255: Benign prob = 0.0294
Iteration 262: Benign prob = 0.0296
Iteration 264: Benign prob = 0.0308
Iteration 265: Benign prob = 0.0326
Iteration 271: Benign prob = 0.0346
Iteration 273: Benign prob = 0.0384
Iteration 279: Benign prob = 0.0388
Iteration 289: Benign prob = 0.0397
Iteration 293: Benign prob = 0.0415
Iteration 299: Benign prob = 0.0474
Iteration 311: Benign prob = 0.0475
Iteration 312: Benign prob = 0.0518
Iteration 323: Benign prob = 0.0525
Iteration 335: Benign prob = 0.0538
Iteration 336: Benign prob = 0.0608
Iteration 359: Benign prob = 0.0622
Iteration 365: Benign prob = 0.0624
Iteration 368: Benign prob = 0.0649
Iteration 369: Benign prob = 0.0693
Iteration 380: Benign prob = 0.0716
Iteration 395: Benign prob = 0.0737
Iteration 398: Benign prob = 0.0831
Iteration 405: Benign prob = 0.0959
Iteration 411: Benign prob = 0.1017
Iteration 418: Benign prob = 0.1018
Iteration 421: Benign prob = 0.1084
Iteration 423: Benign prob = 0.1116
Iteration 428: Benign prob = 0.1119
Iteration 429: Benign prob = 0.1123
Iteration 434: Benign prob = 0.1260
Iteration 449: Benign prob = 0.1315
Iteration 451: Benign prob = 0.1349
Iteration 455: Benign prob = 0.1486
Iteration 480: Benign prob = 0.1552
Iteration 486: Benign prob = 0.1598
Iteration 494: Benign prob = 0.1727
Iteration 495: Benign prob = 0.1781
Iteration 508: Benign prob = 0.1819
Iteration 514: Benign prob = 0.1941
Iteration 544: Benign prob = 0.1961
Iteration 569: Benign prob = 0.2047
Iteration 593: Benign prob = 0.2085
Iteration 613: Benign prob = 0.2086
Iteration 630: Benign prob = 0.2111
Iteration 649: Benign prob = 0.2140
Iteration 667: Benign prob = 0.2182
Iteration 668: Benign prob = 0.2281
Iteration 689: Benign prob = 0.2341
Iteration 698: Benign prob = 0.2468
Iteration 700: Benign prob = 0.2471
Iteration 703: Benign prob = 0.2506
Iteration 730: Benign prob = 0.2735
Iteration 817: Benign prob = 0.2769
Iteration 819: Benign prob = 0.2771
Iteration 839: Benign prob = 0.2802
Iteration 862: Benign prob = 0.2843
Iteration 871: Benign prob = 0.2928
Iteration 930: Benign prob = 0.2937
Iteration 942: Benign prob = 0.3068
Iteration 993: Benign prob = 0.3156
Iteration 1072: Benign prob = 0.3337
Iteration 1092: Benign prob = 0.3372
Iteration 1094: Benign prob = 0.3452
Iteration 1098: Benign prob = 0.3598
Iteration 1105: Benign prob = 0.3671
Iteration 1128: Benign prob = 0.3689
Iteration 1149: Benign prob = 0.3707
Iteration 1161: Benign prob = 0.3738
Iteration 1182: Benign prob = 0.3789
Iteration 1201: Benign prob = 0.3913
Iteration 1226: Benign prob = 0.4026
Iteration 1321: Benign prob = 0.4086
Iteration 1333: Benign prob = 0.4120
Iteration 1351: Benign prob = 0.4172
Iteration 1385: Benign prob = 0.4189
Iteration 1414: Benign prob = 0.4220
Iteration 1428: Benign prob = 0.4242
Iteration 1431: Benign prob = 0.4254
Iteration 1437: Benign prob = 0.4353
Iteration 1483: Benign prob = 0.4458
Iteration 1558: Benign prob = 0.4505
Iteration 1569: Benign prob = 0.4521
Iteration 1580: Benign prob = 0.4548
Iteration 1607: Benign prob = 0.4676
Iteration 1610: Benign prob = 0.4747
Iteration 1687: Benign prob = 0.4898
Iteration 1725: Benign prob = 0.4986
Iteration 1763: Benign prob = 0.5053
Iteration 1794: Benign prob = 0.5148
Iteration 1829: Benign prob = 0.5180
Iteration 1835: Benign prob = 0.5209
Iteration 1840: Benign prob = 0.5224
Iteration 1879: Benign prob = 0.5275
Iteration 1884: Benign prob = 0.5290
Iteration 1948: Benign prob = 0.5363
Iteration 2079: Benign prob = 0.5405
Iteration 2093: Benign prob = 0.5523

 Completed Adversarial Image for image 6 in 3.37 minutes.

--- Adversarial Prediction Results for image 6: (/home/users/atodorova/alisa-thesis/malnet-cnn/test/trj/revo/76646288E19A53869976B75B9759AD1316A386C75F05448A7EE3B61CD340F822.png) ---
Predicted class: 11 (benign)
Confidence     : 0.5523
True class     : 40 (trj)


=== [7/10] Creating EA Adversarial Image for /home/users/atodorova/alisa-thesis/malnet-cnn/test/trj/fakengry/E5784A0555FA0E8DECC8CBAD2407E6E501059D45B33F515877A8E29ED761959E.png ===

--- Original Prediction Results ---
Predicted class: 42 (trojan)

Confidence     : 0.3558

True class     : 40 (trj)

Target ('benign') class: 11 (benign)

[INFO] Benign class became best class at iteration 2721 with confidence 0.2855!

Targeted adversarial image created in 4246 iterations.
Benign first predicted at iteration 2721 with confidence 0.2855.

Benign probability changes (iteration, prob):
Iteration 0: Benign prob = 0.0017
Iteration 5: Benign prob = 0.0018
Iteration 6: Benign prob = 0.0022
Iteration 7: Benign prob = 0.0026
Iteration 8: Benign prob = 0.0029
Iteration 11: Benign prob = 0.0031
Iteration 12: Benign prob = 0.0031
Iteration 13: Benign prob = 0.0033
Iteration 14: Benign prob = 0.0034
Iteration 15: Benign prob = 0.0037
Iteration 17: Benign prob = 0.0038
Iteration 19: Benign prob = 0.0042
Iteration 20: Benign prob = 0.0043
Iteration 25: Benign prob = 0.0044
Iteration 26: Benign prob = 0.0046
Iteration 28: Benign prob = 0.0047
Iteration 32: Benign prob = 0.0048
Iteration 35: Benign prob = 0.0049
Iteration 36: Benign prob = 0.0049
Iteration 43: Benign prob = 0.0054
Iteration 45: Benign prob = 0.0055
Iteration 51: Benign prob = 0.0058
Iteration 57: Benign prob = 0.0061
Iteration 60: Benign prob = 0.0070
Iteration 70: Benign prob = 0.0074
Iteration 71: Benign prob = 0.0075
Iteration 76: Benign prob = 0.0077
Iteration 77: Benign prob = 0.0083
Iteration 80: Benign prob = 0.0086
Iteration 83: Benign prob = 0.0090
Iteration 89: Benign prob = 0.0096
Iteration 91: Benign prob = 0.0099
Iteration 93: Benign prob = 0.0100
Iteration 94: Benign prob = 0.0107
Iteration 115: Benign prob = 0.0109
Iteration 119: Benign prob = 0.0111
Iteration 120: Benign prob = 0.0112
Iteration 121: Benign prob = 0.0120
Iteration 132: Benign prob = 0.0123
Iteration 134: Benign prob = 0.0125
Iteration 144: Benign prob = 0.0138
Iteration 147: Benign prob = 0.0142
Iteration 151: Benign prob = 0.0151
Iteration 154: Benign prob = 0.0159
Iteration 164: Benign prob = 0.0160
Iteration 169: Benign prob = 0.0166
Iteration 183: Benign prob = 0.0168
Iteration 184: Benign prob = 0.0175
Iteration 190: Benign prob = 0.0178
Iteration 197: Benign prob = 0.0183
Iteration 204: Benign prob = 0.0186
Iteration 208: Benign prob = 0.0194
Iteration 210: Benign prob = 0.0197
Iteration 214: Benign prob = 0.0201
Iteration 216: Benign prob = 0.0202
Iteration 218: Benign prob = 0.0214
Iteration 220: Benign prob = 0.0218
Iteration 228: Benign prob = 0.0218
Iteration 230: Benign prob = 0.0220
Iteration 235: Benign prob = 0.0226
Iteration 245: Benign prob = 0.0232
Iteration 253: Benign prob = 0.0255
Iteration 257: Benign prob = 0.0257
Iteration 260: Benign prob = 0.0257
Iteration 266: Benign prob = 0.0260
Iteration 270: Benign prob = 0.0264
Iteration 272: Benign prob = 0.0273
Iteration 273: Benign prob = 0.0275
Iteration 275: Benign prob = 0.0281
Iteration 278: Benign prob = 0.0282
Iteration 289: Benign prob = 0.0283
Iteration 291: Benign prob = 0.0290
Iteration 296: Benign prob = 0.0291
Iteration 299: Benign prob = 0.0298
Iteration 321: Benign prob = 0.0307
Iteration 322: Benign prob = 0.0319
Iteration 337: Benign prob = 0.0330
Iteration 342: Benign prob = 0.0332
Iteration 348: Benign prob = 0.0344
Iteration 358: Benign prob = 0.0354
Iteration 371: Benign prob = 0.0356
Iteration 382: Benign prob = 0.0360
Iteration 383: Benign prob = 0.0361
Iteration 403: Benign prob = 0.0369
Iteration 409: Benign prob = 0.0386
Iteration 442: Benign prob = 0.0392
Iteration 448: Benign prob = 0.0405
Iteration 481: Benign prob = 0.0407
Iteration 486: Benign prob = 0.0411
Iteration 491: Benign prob = 0.0412
Iteration 519: Benign prob = 0.0415
Iteration 525: Benign prob = 0.0442
Iteration 536: Benign prob = 0.0443
Iteration 549: Benign prob = 0.0444
Iteration 554: Benign prob = 0.0459
Iteration 572: Benign prob = 0.0464
Iteration 581: Benign prob = 0.0477
Iteration 590: Benign prob = 0.0477
Iteration 616: Benign prob = 0.0496
Iteration 621: Benign prob = 0.0504
Iteration 632: Benign prob = 0.0506
Iteration 642: Benign prob = 0.0507
Iteration 648: Benign prob = 0.0534
Iteration 673: Benign prob = 0.0540
Iteration 685: Benign prob = 0.0560
Iteration 698: Benign prob = 0.0563
Iteration 714: Benign prob = 0.0592
Iteration 728: Benign prob = 0.0593
Iteration 745: Benign prob = 0.0598
Iteration 755: Benign prob = 0.0605
Iteration 759: Benign prob = 0.0608
Iteration 781: Benign prob = 0.0621
Iteration 802: Benign prob = 0.0627
Iteration 804: Benign prob = 0.0640
Iteration 817: Benign prob = 0.0653
Iteration 840: Benign prob = 0.0677
Iteration 875: Benign prob = 0.0714
Iteration 895: Benign prob = 0.0729
Iteration 899: Benign prob = 0.0737
Iteration 926: Benign prob = 0.0767
Iteration 930: Benign prob = 0.0776
Iteration 955: Benign prob = 0.0784
Iteration 971: Benign prob = 0.0801
Iteration 976: Benign prob = 0.0830
Iteration 999: Benign prob = 0.0839
Iteration 1007: Benign prob = 0.0853
Iteration 1061: Benign prob = 0.0887
Iteration 1066: Benign prob = 0.0910
Iteration 1088: Benign prob = 0.0917
Iteration 1089: Benign prob = 0.0930
Iteration 1095: Benign prob = 0.0932
Iteration 1098: Benign prob = 0.0984
Iteration 1109: Benign prob = 0.0995
Iteration 1111: Benign prob = 0.1106
Iteration 1144: Benign prob = 0.1109
Iteration 1147: Benign prob = 0.1125
Iteration 1149: Benign prob = 0.1143
Iteration 1156: Benign prob = 0.1166
Iteration 1171: Benign prob = 0.1196
Iteration 1174: Benign prob = 0.1207
Iteration 1175: Benign prob = 0.1216
Iteration 1186: Benign prob = 0.1236
Iteration 1191: Benign prob = 0.1238
Iteration 1239: Benign prob = 0.1244
Iteration 1243: Benign prob = 0.1269
Iteration 1255: Benign prob = 0.1279
Iteration 1257: Benign prob = 0.1285
Iteration 1267: Benign prob = 0.1316
Iteration 1336: Benign prob = 0.1371
Iteration 1387: Benign prob = 0.1450
Iteration 1402: Benign prob = 0.1490
Iteration 1475: Benign prob = 0.1542
Iteration 1518: Benign prob = 0.1556
Iteration 1552: Benign prob = 0.1672
Iteration 1687: Benign prob = 0.1724
Iteration 1741: Benign prob = 0.1727
Iteration 1748: Benign prob = 0.1747
Iteration 1775: Benign prob = 0.1768
Iteration 1833: Benign prob = 0.1780
Iteration 1847: Benign prob = 0.1858
Iteration 1851: Benign prob = 0.1865
Iteration 1853: Benign prob = 0.1897
Iteration 1877: Benign prob = 0.1921
Iteration 1878: Benign prob = 0.1961
Iteration 1888: Benign prob = 0.1993
Iteration 1924: Benign prob = 0.1998
Iteration 1950: Benign prob = 0.2051
Iteration 1965: Benign prob = 0.2091
Iteration 2007: Benign prob = 0.2175
Iteration 2021: Benign prob = 0.2176
Iteration 2023: Benign prob = 0.2181
Iteration 2043: Benign prob = 0.2191
Iteration 2048: Benign prob = 0.2215
Iteration 2077: Benign prob = 0.2236
Iteration 2125: Benign prob = 0.2265
Iteration 2130: Benign prob = 0.2270
Iteration 2135: Benign prob = 0.2286
Iteration 2167: Benign prob = 0.2302
Iteration 2172: Benign prob = 0.2306
Iteration 2216: Benign prob = 0.2330
Iteration 2217: Benign prob = 0.2342
Iteration 2246: Benign prob = 0.2391
Iteration 2259: Benign prob = 0.2424
Iteration 2340: Benign prob = 0.2455
Iteration 2362: Benign prob = 0.2457
Iteration 2365: Benign prob = 0.2458
Iteration 2430: Benign prob = 0.2465
Iteration 2448: Benign prob = 0.2477
Iteration 2465: Benign prob = 0.2491
Iteration 2523: Benign prob = 0.2507
Iteration 2561: Benign prob = 0.2551
Iteration 2566: Benign prob = 0.2606
Iteration 2592: Benign prob = 0.2638
Iteration 2629: Benign prob = 0.2653
Iteration 2644: Benign prob = 0.2714
Iteration 2663: Benign prob = 0.2737
Iteration 2721: Benign prob = 0.2855
Iteration 2845: Benign prob = 0.2857
Iteration 2846: Benign prob = 0.2863
Iteration 2857: Benign prob = 0.2899
Iteration 2883: Benign prob = 0.2924
Iteration 2920: Benign prob = 0.2941
Iteration 2940: Benign prob = 0.2945
Iteration 2949: Benign prob = 0.2989
Iteration 2955: Benign prob = 0.3008
Iteration 2968: Benign prob = 0.3016
Iteration 2978: Benign prob = 0.3045
Iteration 3052: Benign prob = 0.3079
Iteration 3100: Benign prob = 0.3102
Iteration 3119: Benign prob = 0.3215
Iteration 3123: Benign prob = 0.3227
Iteration 3178: Benign prob = 0.3234
Iteration 3203: Benign prob = 0.3249
Iteration 3207: Benign prob = 0.3270
Iteration 3219: Benign prob = 0.3281
Iteration 3227: Benign prob = 0.3301
Iteration 3229: Benign prob = 0.3311
Iteration 3235: Benign prob = 0.3326
Iteration 3236: Benign prob = 0.3335
Iteration 3272: Benign prob = 0.3375
Iteration 3280: Benign prob = 0.3384
Iteration 3287: Benign prob = 0.3422
Iteration 3304: Benign prob = 0.3442
Iteration 3307: Benign prob = 0.3491
Iteration 3314: Benign prob = 0.3504
Iteration 3323: Benign prob = 0.3517
Iteration 3348: Benign prob = 0.3606
Iteration 3391: Benign prob = 0.3628
Iteration 3409: Benign prob = 0.3691
Iteration 3418: Benign prob = 0.3693
Iteration 3427: Benign prob = 0.3721
Iteration 3459: Benign prob = 0.3824
Iteration 3497: Benign prob = 0.3845
Iteration 3501: Benign prob = 0.3964
Iteration 3584: Benign prob = 0.4020
Iteration 3588: Benign prob = 0.4040
Iteration 3590: Benign prob = 0.4128
Iteration 3593: Benign prob = 0.4182
Iteration 3617: Benign prob = 0.4215
Iteration 3622: Benign prob = 0.4286
Iteration 3626: Benign prob = 0.4290
Iteration 3647: Benign prob = 0.4409
Iteration 3780: Benign prob = 0.4457
Iteration 3812: Benign prob = 0.4467
Iteration 3855: Benign prob = 0.4515
Iteration 3862: Benign prob = 0.4530
Iteration 3879: Benign prob = 0.4600
Iteration 3911: Benign prob = 0.4699
Iteration 3936: Benign prob = 0.4934
Iteration 3971: Benign prob = 0.5018
Iteration 3986: Benign prob = 0.5052
Iteration 4028: Benign prob = 0.5087
Iteration 4039: Benign prob = 0.5102
Iteration 4048: Benign prob = 0.5126
Iteration 4051: Benign prob = 0.5157
Iteration 4053: Benign prob = 0.5263
Iteration 4128: Benign prob = 0.5317
Iteration 4200: Benign prob = 0.5346
Iteration 4206: Benign prob = 0.5387
Iteration 4218: Benign prob = 0.5400
Iteration 4239: Benign prob = 0.5459
Iteration 4246: Benign prob = 0.5504

 Completed Adversarial Image for image 7 in 6.77 minutes.

--- Adversarial Prediction Results for image 7: (/home/users/atodorova/alisa-thesis/malnet-cnn/test/trj/fakengry/E5784A0555FA0E8DECC8CBAD2407E6E501059D45B33F515877A8E29ED761959E.png) ---
Predicted class: 11 (benign)
Confidence     : 0.5504
True class     : 40 (trj)


=== [8/10] Creating EA Adversarial Image for /home/users/atodorova/alisa-thesis/malnet-cnn/test/trj/cardserv/88FC4E78D625F549F05538246C2D7C5993D88DD6D5782062B11B260E27055C1B.png ===

--- Original Prediction Results ---
Predicted class: 42 (trojan)

Confidence     : 0.4208

True class     : 40 (trj)

Target ('benign') class: 11 (benign)

[INFO] Benign class became best class at iteration 1192 with confidence 0.3025!

Targeted adversarial image created in 2039 iterations.
Benign first predicted at iteration 1192 with confidence 0.3025.

Benign probability changes (iteration, prob):
Iteration 0: Benign prob = 0.0007
Iteration 3: Benign prob = 0.0013
Iteration 4: Benign prob = 0.0013
Iteration 5: Benign prob = 0.0013
Iteration 6: Benign prob = 0.0015
Iteration 7: Benign prob = 0.0017
Iteration 9: Benign prob = 0.0018
Iteration 11: Benign prob = 0.0021
Iteration 15: Benign prob = 0.0021
Iteration 16: Benign prob = 0.0023
Iteration 17: Benign prob = 0.0024
Iteration 18: Benign prob = 0.0028
Iteration 20: Benign prob = 0.0028
Iteration 21: Benign prob = 0.0034
Iteration 26: Benign prob = 0.0034
Iteration 30: Benign prob = 0.0035
Iteration 33: Benign prob = 0.0039
Iteration 34: Benign prob = 0.0039
Iteration 36: Benign prob = 0.0040
Iteration 39: Benign prob = 0.0048
Iteration 50: Benign prob = 0.0054
Iteration 55: Benign prob = 0.0063
Iteration 65: Benign prob = 0.0063
Iteration 71: Benign prob = 0.0066
Iteration 73: Benign prob = 0.0067
Iteration 74: Benign prob = 0.0073
Iteration 76: Benign prob = 0.0078
Iteration 83: Benign prob = 0.0082
Iteration 92: Benign prob = 0.0084
Iteration 112: Benign prob = 0.0087
Iteration 113: Benign prob = 0.0087
Iteration 115: Benign prob = 0.0089
Iteration 120: Benign prob = 0.0089
Iteration 121: Benign prob = 0.0091
Iteration 122: Benign prob = 0.0102
Iteration 130: Benign prob = 0.0103
Iteration 142: Benign prob = 0.0104
Iteration 161: Benign prob = 0.0107
Iteration 172: Benign prob = 0.0117
Iteration 173: Benign prob = 0.0118
Iteration 212: Benign prob = 0.0128
Iteration 220: Benign prob = 0.0128
Iteration 222: Benign prob = 0.0132
Iteration 223: Benign prob = 0.0135
Iteration 227: Benign prob = 0.0142
Iteration 238: Benign prob = 0.0147
Iteration 251: Benign prob = 0.0147
Iteration 252: Benign prob = 0.0148
Iteration 254: Benign prob = 0.0149
Iteration 257: Benign prob = 0.0151
Iteration 260: Benign prob = 0.0158
Iteration 267: Benign prob = 0.0166
Iteration 279: Benign prob = 0.0167
Iteration 281: Benign prob = 0.0168
Iteration 288: Benign prob = 0.0171
Iteration 292: Benign prob = 0.0173
Iteration 298: Benign prob = 0.0176
Iteration 303: Benign prob = 0.0178
Iteration 309: Benign prob = 0.0182
Iteration 323: Benign prob = 0.0184
Iteration 327: Benign prob = 0.0192
Iteration 329: Benign prob = 0.0199
Iteration 333: Benign prob = 0.0208
Iteration 337: Benign prob = 0.0209
Iteration 340: Benign prob = 0.0253
Iteration 342: Benign prob = 0.0265
Iteration 349: Benign prob = 0.0288
Iteration 350: Benign prob = 0.0314
Iteration 353: Benign prob = 0.0323
Iteration 355: Benign prob = 0.0324
Iteration 360: Benign prob = 0.0354
Iteration 369: Benign prob = 0.0381
Iteration 373: Benign prob = 0.0401
Iteration 376: Benign prob = 0.0401
Iteration 381: Benign prob = 0.0402
Iteration 385: Benign prob = 0.0430
Iteration 386: Benign prob = 0.0447
Iteration 398: Benign prob = 0.0521
Iteration 416: Benign prob = 0.0544
Iteration 432: Benign prob = 0.0548
Iteration 439: Benign prob = 0.0562
Iteration 441: Benign prob = 0.0604
Iteration 449: Benign prob = 0.0626
Iteration 455: Benign prob = 0.0635
Iteration 468: Benign prob = 0.0683
Iteration 482: Benign prob = 0.0712
Iteration 491: Benign prob = 0.0720
Iteration 497: Benign prob = 0.0728
Iteration 502: Benign prob = 0.0749
Iteration 506: Benign prob = 0.0751
Iteration 510: Benign prob = 0.0812
Iteration 522: Benign prob = 0.0825
Iteration 524: Benign prob = 0.0827
Iteration 527: Benign prob = 0.0839
Iteration 531: Benign prob = 0.0868
Iteration 537: Benign prob = 0.0880
Iteration 546: Benign prob = 0.0984
Iteration 559: Benign prob = 0.1009
Iteration 567: Benign prob = 0.1030
Iteration 570: Benign prob = 0.1056
Iteration 578: Benign prob = 0.1057
Iteration 584: Benign prob = 0.1111
Iteration 605: Benign prob = 0.1155
Iteration 606: Benign prob = 0.1190
Iteration 612: Benign prob = 0.1233
Iteration 616: Benign prob = 0.1363
Iteration 618: Benign prob = 0.1369
Iteration 645: Benign prob = 0.1395
Iteration 654: Benign prob = 0.1443
Iteration 675: Benign prob = 0.1446
Iteration 684: Benign prob = 0.1518
Iteration 687: Benign prob = 0.1525
Iteration 714: Benign prob = 0.1555
Iteration 722: Benign prob = 0.1557
Iteration 740: Benign prob = 0.1560
Iteration 759: Benign prob = 0.1593
Iteration 771: Benign prob = 0.1614
Iteration 787: Benign prob = 0.1661
Iteration 813: Benign prob = 0.1685
Iteration 814: Benign prob = 0.1714
Iteration 818: Benign prob = 0.1719
Iteration 824: Benign prob = 0.1743
Iteration 826: Benign prob = 0.1798
Iteration 833: Benign prob = 0.1799
Iteration 844: Benign prob = 0.1852
Iteration 851: Benign prob = 0.1916
Iteration 858: Benign prob = 0.1993
Iteration 874: Benign prob = 0.2015
Iteration 885: Benign prob = 0.2118
Iteration 941: Benign prob = 0.2177
Iteration 945: Benign prob = 0.2190
Iteration 955: Benign prob = 0.2310
Iteration 967: Benign prob = 0.2455
Iteration 1051: Benign prob = 0.2462
Iteration 1056: Benign prob = 0.2586
Iteration 1097: Benign prob = 0.2714
Iteration 1116: Benign prob = 0.2770
Iteration 1133: Benign prob = 0.2822
Iteration 1138: Benign prob = 0.2837
Iteration 1145: Benign prob = 0.2951
Iteration 1173: Benign prob = 0.2986
Iteration 1192: Benign prob = 0.3025
Iteration 1203: Benign prob = 0.3094
Iteration 1256: Benign prob = 0.3114
Iteration 1257: Benign prob = 0.3122
Iteration 1260: Benign prob = 0.3247
Iteration 1263: Benign prob = 0.3395
Iteration 1276: Benign prob = 0.3418
Iteration 1313: Benign prob = 0.3426
Iteration 1329: Benign prob = 0.3432
Iteration 1341: Benign prob = 0.3670
Iteration 1355: Benign prob = 0.3748
Iteration 1358: Benign prob = 0.3789
Iteration 1364: Benign prob = 0.3815
Iteration 1365: Benign prob = 0.4093
Iteration 1389: Benign prob = 0.4208
Iteration 1431: Benign prob = 0.4245
Iteration 1503: Benign prob = 0.4302
Iteration 1524: Benign prob = 0.4320
Iteration 1539: Benign prob = 0.4328
Iteration 1558: Benign prob = 0.4423
Iteration 1560: Benign prob = 0.4443
Iteration 1582: Benign prob = 0.4470
Iteration 1602: Benign prob = 0.4477
Iteration 1613: Benign prob = 0.4483
Iteration 1624: Benign prob = 0.4620
Iteration 1676: Benign prob = 0.4676
Iteration 1688: Benign prob = 0.4757
Iteration 1737: Benign prob = 0.4794
Iteration 1799: Benign prob = 0.4956
Iteration 1834: Benign prob = 0.5044
Iteration 1839: Benign prob = 0.5068
Iteration 1893: Benign prob = 0.5090
Iteration 1916: Benign prob = 0.5239
Iteration 1947: Benign prob = 0.5274
Iteration 1966: Benign prob = 0.5281
Iteration 1973: Benign prob = 0.5335
Iteration 2003: Benign prob = 0.5364
Iteration 2030: Benign prob = 0.5473
Iteration 2039: Benign prob = 0.5503

 Completed Adversarial Image for image 8 in 3.26 minutes.

--- Adversarial Prediction Results for image 8: (/home/users/atodorova/alisa-thesis/malnet-cnn/test/trj/cardserv/88FC4E78D625F549F05538246C2D7C5993D88DD6D5782062B11B260E27055C1B.png) ---
Predicted class: 11 (benign)
Confidence     : 0.5503
True class     : 40 (trj)


=== [9/10] Creating EA Adversarial Image for /home/users/atodorova/alisa-thesis/malnet-cnn/test/trj/artemis/583C33C3BB7D8C1B718D5E592B6B8E7BF67D72AF6A3AE8C28DB46E5F9054A352.png ===

--- Original Prediction Results ---
Predicted class: 42 (trojan)

Confidence     : 0.3937

True class     : 40 (trj)

Target ('benign') class: 11 (benign)

[INFO] Benign class became best class at iteration 7285 with confidence 0.3197!

Failed to generate adversarial image in 10000 iterations.
Benign first predicted at iteration 7285 with confidence 0.3197.

Benign probability changes (iteration, prob):
Iteration 0: Benign prob = 0.0015
Iteration 6: Benign prob = 0.0017
Iteration 7: Benign prob = 0.0019
Iteration 9: Benign prob = 0.0023
Iteration 18: Benign prob = 0.0023
Iteration 19: Benign prob = 0.0025
Iteration 22: Benign prob = 0.0029
Iteration 23: Benign prob = 0.0030
Iteration 30: Benign prob = 0.0030
Iteration 31: Benign prob = 0.0031
Iteration 38: Benign prob = 0.0034
Iteration 46: Benign prob = 0.0036
Iteration 60: Benign prob = 0.0037
Iteration 84: Benign prob = 0.0037
Iteration 87: Benign prob = 0.0040
Iteration 100: Benign prob = 0.0041
Iteration 101: Benign prob = 0.0042
Iteration 114: Benign prob = 0.0046
Iteration 119: Benign prob = 0.0046
Iteration 121: Benign prob = 0.0046
Iteration 124: Benign prob = 0.0049
Iteration 136: Benign prob = 0.0051
Iteration 145: Benign prob = 0.0054
Iteration 159: Benign prob = 0.0055
Iteration 160: Benign prob = 0.0056
Iteration 166: Benign prob = 0.0060
Iteration 188: Benign prob = 0.0061
Iteration 189: Benign prob = 0.0062
Iteration 190: Benign prob = 0.0063
Iteration 195: Benign prob = 0.0065
Iteration 206: Benign prob = 0.0070
Iteration 217: Benign prob = 0.0072
Iteration 221: Benign prob = 0.0077
Iteration 231: Benign prob = 0.0081
Iteration 235: Benign prob = 0.0084
Iteration 237: Benign prob = 0.0085
Iteration 249: Benign prob = 0.0086
Iteration 251: Benign prob = 0.0088
Iteration 253: Benign prob = 0.0094
Iteration 255: Benign prob = 0.0096
Iteration 257: Benign prob = 0.0097
Iteration 262: Benign prob = 0.0099
Iteration 265: Benign prob = 0.0101
Iteration 267: Benign prob = 0.0105
Iteration 280: Benign prob = 0.0106
Iteration 282: Benign prob = 0.0107
Iteration 290: Benign prob = 0.0108
Iteration 300: Benign prob = 0.0108
Iteration 301: Benign prob = 0.0118
Iteration 313: Benign prob = 0.0119
Iteration 325: Benign prob = 0.0120
Iteration 328: Benign prob = 0.0122
Iteration 332: Benign prob = 0.0122
Iteration 333: Benign prob = 0.0122
Iteration 339: Benign prob = 0.0129
Iteration 343: Benign prob = 0.0131
Iteration 358: Benign prob = 0.0133
Iteration 365: Benign prob = 0.0133
Iteration 370: Benign prob = 0.0136
Iteration 375: Benign prob = 0.0137
Iteration 390: Benign prob = 0.0138
Iteration 396: Benign prob = 0.0138
Iteration 407: Benign prob = 0.0142
Iteration 441: Benign prob = 0.0143
Iteration 443: Benign prob = 0.0145
Iteration 450: Benign prob = 0.0147
Iteration 451: Benign prob = 0.0150
Iteration 456: Benign prob = 0.0152
Iteration 472: Benign prob = 0.0162
Iteration 509: Benign prob = 0.0165
Iteration 526: Benign prob = 0.0179
Iteration 529: Benign prob = 0.0181
Iteration 534: Benign prob = 0.0185
Iteration 556: Benign prob = 0.0185
Iteration 557: Benign prob = 0.0187
Iteration 564: Benign prob = 0.0187
Iteration 566: Benign prob = 0.0189
Iteration 588: Benign prob = 0.0192
Iteration 591: Benign prob = 0.0200
Iteration 616: Benign prob = 0.0204
Iteration 630: Benign prob = 0.0207
Iteration 633: Benign prob = 0.0211
Iteration 641: Benign prob = 0.0215
Iteration 654: Benign prob = 0.0215
Iteration 655: Benign prob = 0.0231
Iteration 670: Benign prob = 0.0244
Iteration 688: Benign prob = 0.0245
Iteration 690: Benign prob = 0.0249
Iteration 697: Benign prob = 0.0251
Iteration 700: Benign prob = 0.0259
Iteration 702: Benign prob = 0.0259
Iteration 712: Benign prob = 0.0267
Iteration 721: Benign prob = 0.0270
Iteration 723: Benign prob = 0.0275
Iteration 724: Benign prob = 0.0288
Iteration 737: Benign prob = 0.0298
Iteration 761: Benign prob = 0.0304
Iteration 788: Benign prob = 0.0316
Iteration 910: Benign prob = 0.0316
Iteration 923: Benign prob = 0.0332
Iteration 967: Benign prob = 0.0336
Iteration 1018: Benign prob = 0.0349
Iteration 1024: Benign prob = 0.0359
Iteration 1038: Benign prob = 0.0359
Iteration 1052: Benign prob = 0.0361
Iteration 1053: Benign prob = 0.0370
Iteration 1076: Benign prob = 0.0370
Iteration 1082: Benign prob = 0.0373
Iteration 1117: Benign prob = 0.0374
Iteration 1133: Benign prob = 0.0377
Iteration 1150: Benign prob = 0.0380
Iteration 1180: Benign prob = 0.0392
Iteration 1211: Benign prob = 0.0400
Iteration 1213: Benign prob = 0.0421
Iteration 1245: Benign prob = 0.0450
Iteration 1396: Benign prob = 0.0456
Iteration 1400: Benign prob = 0.0459
Iteration 1442: Benign prob = 0.0475
Iteration 1448: Benign prob = 0.0483
Iteration 1487: Benign prob = 0.0486
Iteration 1511: Benign prob = 0.0489
Iteration 1513: Benign prob = 0.0508
Iteration 1571: Benign prob = 0.0511
Iteration 1611: Benign prob = 0.0541
Iteration 1636: Benign prob = 0.0567
Iteration 1652: Benign prob = 0.0574
Iteration 1671: Benign prob = 0.0588
Iteration 1695: Benign prob = 0.0589
Iteration 1851: Benign prob = 0.0604
Iteration 1893: Benign prob = 0.0609
Iteration 1928: Benign prob = 0.0610
Iteration 1937: Benign prob = 0.0631
Iteration 1957: Benign prob = 0.0641
Iteration 2002: Benign prob = 0.0646
Iteration 2005: Benign prob = 0.0664
Iteration 2089: Benign prob = 0.0690
Iteration 2094: Benign prob = 0.0729
Iteration 2114: Benign prob = 0.0729
Iteration 2221: Benign prob = 0.0731
Iteration 2251: Benign prob = 0.0745
Iteration 2266: Benign prob = 0.0745
Iteration 2274: Benign prob = 0.0783
Iteration 2292: Benign prob = 0.0790
Iteration 2335: Benign prob = 0.0797
Iteration 2342: Benign prob = 0.0804
Iteration 2343: Benign prob = 0.0805
Iteration 2348: Benign prob = 0.0822
Iteration 2365: Benign prob = 0.0865
Iteration 2687: Benign prob = 0.0866
Iteration 2700: Benign prob = 0.0885
Iteration 2745: Benign prob = 0.0888
Iteration 2761: Benign prob = 0.0893
Iteration 2777: Benign prob = 0.0895
Iteration 2785: Benign prob = 0.0898
Iteration 2804: Benign prob = 0.0903
Iteration 2810: Benign prob = 0.0906
Iteration 2836: Benign prob = 0.0908
Iteration 2850: Benign prob = 0.0917
Iteration 2906: Benign prob = 0.0931
Iteration 2950: Benign prob = 0.0943
Iteration 2991: Benign prob = 0.0952
Iteration 3012: Benign prob = 0.0954
Iteration 3042: Benign prob = 0.0956
Iteration 3044: Benign prob = 0.0964
Iteration 3102: Benign prob = 0.0967
Iteration 3111: Benign prob = 0.0968
Iteration 3117: Benign prob = 0.0978
Iteration 3119: Benign prob = 0.1028
Iteration 3133: Benign prob = 0.1059
Iteration 3154: Benign prob = 0.1078
Iteration 3175: Benign prob = 0.1093
Iteration 3213: Benign prob = 0.1117
Iteration 3352: Benign prob = 0.1127
Iteration 3362: Benign prob = 0.1129
Iteration 3368: Benign prob = 0.1169
Iteration 3471: Benign prob = 0.1177
Iteration 3515: Benign prob = 0.1188
Iteration 3533: Benign prob = 0.1243
Iteration 3663: Benign prob = 0.1246
Iteration 3674: Benign prob = 0.1264
Iteration 3686: Benign prob = 0.1269
Iteration 3728: Benign prob = 0.1274
Iteration 3758: Benign prob = 0.1292
Iteration 3765: Benign prob = 0.1297
Iteration 3825: Benign prob = 0.1310
Iteration 3828: Benign prob = 0.1311
Iteration 3948: Benign prob = 0.1320
Iteration 3962: Benign prob = 0.1321
Iteration 3989: Benign prob = 0.1330
Iteration 4079: Benign prob = 0.1385
Iteration 4109: Benign prob = 0.1388
Iteration 4286: Benign prob = 0.1391
Iteration 4298: Benign prob = 0.1398
Iteration 4317: Benign prob = 0.1402
Iteration 4401: Benign prob = 0.1428
Iteration 4419: Benign prob = 0.1433
Iteration 4473: Benign prob = 0.1438
Iteration 4517: Benign prob = 0.1444
Iteration 4571: Benign prob = 0.1456
Iteration 4574: Benign prob = 0.1475
Iteration 4601: Benign prob = 0.1477
Iteration 4609: Benign prob = 0.1500
Iteration 4687: Benign prob = 0.1518
Iteration 4754: Benign prob = 0.1528
Iteration 4777: Benign prob = 0.1539
Iteration 4819: Benign prob = 0.1545
Iteration 4829: Benign prob = 0.1553
Iteration 4859: Benign prob = 0.1568
Iteration 4880: Benign prob = 0.1573
Iteration 4893: Benign prob = 0.1575
Iteration 4912: Benign prob = 0.1612
Iteration 5004: Benign prob = 0.1660
Iteration 5006: Benign prob = 0.1671
Iteration 5019: Benign prob = 0.1700
Iteration 5101: Benign prob = 0.1743
Iteration 5228: Benign prob = 0.1761
Iteration 5259: Benign prob = 0.1763
Iteration 5265: Benign prob = 0.1780
Iteration 5294: Benign prob = 0.1782
Iteration 5334: Benign prob = 0.1841
Iteration 5349: Benign prob = 0.1873
Iteration 5378: Benign prob = 0.1896
Iteration 5410: Benign prob = 0.1906
Iteration 5416: Benign prob = 0.1907
Iteration 5432: Benign prob = 0.1936
Iteration 5443: Benign prob = 0.1963
Iteration 5450: Benign prob = 0.2000
Iteration 5538: Benign prob = 0.2057
Iteration 5556: Benign prob = 0.2065
Iteration 5605: Benign prob = 0.2263
Iteration 5637: Benign prob = 0.2271
Iteration 5706: Benign prob = 0.2282
Iteration 5715: Benign prob = 0.2297
Iteration 5732: Benign prob = 0.2314
Iteration 5737: Benign prob = 0.2320
Iteration 5739: Benign prob = 0.2344
Iteration 5820: Benign prob = 0.2403
Iteration 6025: Benign prob = 0.2470
Iteration 6081: Benign prob = 0.2482
Iteration 6115: Benign prob = 0.2516
Iteration 6258: Benign prob = 0.2548
Iteration 6317: Benign prob = 0.2564
Iteration 6364: Benign prob = 0.2595
Iteration 6471: Benign prob = 0.2610
Iteration 6491: Benign prob = 0.2622
Iteration 6539: Benign prob = 0.2629
Iteration 6578: Benign prob = 0.2640
Iteration 6583: Benign prob = 0.2656
Iteration 6623: Benign prob = 0.2670
Iteration 6650: Benign prob = 0.2678
Iteration 6695: Benign prob = 0.2712
Iteration 6704: Benign prob = 0.2730
Iteration 6744: Benign prob = 0.2764
Iteration 6747: Benign prob = 0.2779
Iteration 6830: Benign prob = 0.2790
Iteration 6851: Benign prob = 0.2796
Iteration 6886: Benign prob = 0.2822
Iteration 6889: Benign prob = 0.2873
Iteration 7010: Benign prob = 0.2936
Iteration 7020: Benign prob = 0.2971
Iteration 7208: Benign prob = 0.2979
Iteration 7228: Benign prob = 0.3003
Iteration 7245: Benign prob = 0.3047
Iteration 7265: Benign prob = 0.3056
Iteration 7267: Benign prob = 0.3094
Iteration 7285: Benign prob = 0.3197
Iteration 7310: Benign prob = 0.3207
Iteration 7414: Benign prob = 0.3295
Iteration 7617: Benign prob = 0.3300
Iteration 7641: Benign prob = 0.3364
Iteration 7675: Benign prob = 0.3395
Iteration 7722: Benign prob = 0.3407
Iteration 7815: Benign prob = 0.3416
Iteration 7878: Benign prob = 0.3423
Iteration 7984: Benign prob = 0.3439
Iteration 8010: Benign prob = 0.3489
Iteration 8078: Benign prob = 0.3525
Iteration 8090: Benign prob = 0.3597
Iteration 8123: Benign prob = 0.3610
Iteration 8141: Benign prob = 0.3659
Iteration 8212: Benign prob = 0.3747
Iteration 8239: Benign prob = 0.3747
Iteration 8263: Benign prob = 0.3777
Iteration 8282: Benign prob = 0.3801
Iteration 8294: Benign prob = 0.3816
Iteration 8339: Benign prob = 0.3857
Iteration 8484: Benign prob = 0.3934
Iteration 8499: Benign prob = 0.4005
Iteration 8500: Benign prob = 0.4041
Iteration 8529: Benign prob = 0.4056
Iteration 8603: Benign prob = 0.4057
Iteration 8621: Benign prob = 0.4087
Iteration 8672: Benign prob = 0.4098
Iteration 8679: Benign prob = 0.4130
Iteration 8724: Benign prob = 0.4139
Iteration 8737: Benign prob = 0.4236
Iteration 8825: Benign prob = 0.4249
Iteration 8864: Benign prob = 0.4323
Iteration 9039: Benign prob = 0.4331
Iteration 9063: Benign prob = 0.4335
Iteration 9097: Benign prob = 0.4367
Iteration 9107: Benign prob = 0.4370
Iteration 9146: Benign prob = 0.4387
Iteration 9186: Benign prob = 0.4405
Iteration 9231: Benign prob = 0.4457
Iteration 9259: Benign prob = 0.4492
Iteration 9289: Benign prob = 0.4534
Iteration 9385: Benign prob = 0.4601
Iteration 9389: Benign prob = 0.4620
Iteration 9421: Benign prob = 0.4665
Iteration 9428: Benign prob = 0.4706
Iteration 9437: Benign prob = 0.4754
Iteration 9446: Benign prob = 0.4769
Iteration 9572: Benign prob = 0.4845
Iteration 9601: Benign prob = 0.4850
Iteration 9602: Benign prob = 0.4921
Iteration 9916: Benign prob = 0.4983
Iteration 9966: Benign prob = 0.5037

 Completed Adversarial Image for image 9 in 16.03 minutes.

--- Adversarial Prediction Results for image 9: (/home/users/atodorova/alisa-thesis/malnet-cnn/test/trj/artemis/583C33C3BB7D8C1B718D5E592B6B8E7BF67D72AF6A3AE8C28DB46E5F9054A352.png) ---
Predicted class: 42 (trojan)
Confidence     : 0.3937
True class     : 40 (trj)


=== [10/10] Creating EA Adversarial Image for /home/users/atodorova/alisa-thesis/malnet-cnn/test/trj/andup/8A6476E2C7C19391A1BC8F693CB6D42B0253C502D42DDA78C74B0CD763BFF716.png ===

--- Original Prediction Results ---
Predicted class: 42 (trojan)

Confidence     : 0.4842

True class     : 40 (trj)

Target ('benign') class: 11 (benign)

[INFO] Benign class became best class at iteration 919 with confidence 0.3150!

Targeted adversarial image created in 1413 iterations.
Benign first predicted at iteration 919 with confidence 0.3150.

Benign probability changes (iteration, prob):
Iteration 0: Benign prob = 0.0017
Iteration 9: Benign prob = 0.0018
Iteration 12: Benign prob = 0.0018
Iteration 13: Benign prob = 0.0019
Iteration 15: Benign prob = 0.0020
Iteration 18: Benign prob = 0.0020
Iteration 19: Benign prob = 0.0022
Iteration 20: Benign prob = 0.0022
Iteration 21: Benign prob = 0.0024
Iteration 23: Benign prob = 0.0025
Iteration 27: Benign prob = 0.0026
Iteration 32: Benign prob = 0.0027
Iteration 35: Benign prob = 0.0028
Iteration 39: Benign prob = 0.0031
Iteration 51: Benign prob = 0.0032
Iteration 57: Benign prob = 0.0033
Iteration 61: Benign prob = 0.0034
Iteration 67: Benign prob = 0.0034
Iteration 73: Benign prob = 0.0038
Iteration 82: Benign prob = 0.0041
Iteration 93: Benign prob = 0.0042
Iteration 94: Benign prob = 0.0043
Iteration 99: Benign prob = 0.0047
Iteration 101: Benign prob = 0.0047
Iteration 103: Benign prob = 0.0048
Iteration 104: Benign prob = 0.0049
Iteration 105: Benign prob = 0.0051
Iteration 106: Benign prob = 0.0051
Iteration 108: Benign prob = 0.0055
Iteration 116: Benign prob = 0.0055
Iteration 118: Benign prob = 0.0055
Iteration 122: Benign prob = 0.0057
Iteration 125: Benign prob = 0.0065
Iteration 128: Benign prob = 0.0073
Iteration 130: Benign prob = 0.0077
Iteration 131: Benign prob = 0.0078
Iteration 133: Benign prob = 0.0082
Iteration 135: Benign prob = 0.0088
Iteration 138: Benign prob = 0.0089
Iteration 139: Benign prob = 0.0091
Iteration 140: Benign prob = 0.0097
Iteration 141: Benign prob = 0.0102
Iteration 142: Benign prob = 0.0117
Iteration 143: Benign prob = 0.0128
Iteration 146: Benign prob = 0.0139
Iteration 149: Benign prob = 0.0143
Iteration 151: Benign prob = 0.0149
Iteration 152: Benign prob = 0.0162
Iteration 156: Benign prob = 0.0165
Iteration 157: Benign prob = 0.0239
Iteration 163: Benign prob = 0.0261
Iteration 172: Benign prob = 0.0312
Iteration 174: Benign prob = 0.0328
Iteration 178: Benign prob = 0.0350
Iteration 180: Benign prob = 0.0366
Iteration 181: Benign prob = 0.0403
Iteration 193: Benign prob = 0.0450
Iteration 199: Benign prob = 0.0458
Iteration 208: Benign prob = 0.0478
Iteration 213: Benign prob = 0.0511
Iteration 219: Benign prob = 0.0550
Iteration 222: Benign prob = 0.0553
Iteration 225: Benign prob = 0.0653
Iteration 236: Benign prob = 0.0752
Iteration 239: Benign prob = 0.0776
Iteration 244: Benign prob = 0.0823
Iteration 246: Benign prob = 0.0959
Iteration 256: Benign prob = 0.0978
Iteration 263: Benign prob = 0.1111
Iteration 272: Benign prob = 0.1253
Iteration 293: Benign prob = 0.1365
Iteration 302: Benign prob = 0.1395
Iteration 304: Benign prob = 0.1398
Iteration 313: Benign prob = 0.1406
Iteration 352: Benign prob = 0.1416
Iteration 364: Benign prob = 0.1434
Iteration 374: Benign prob = 0.1491
Iteration 388: Benign prob = 0.1568
Iteration 409: Benign prob = 0.1612
Iteration 418: Benign prob = 0.1623
Iteration 424: Benign prob = 0.1662
Iteration 474: Benign prob = 0.1688
Iteration 502: Benign prob = 0.1699
Iteration 540: Benign prob = 0.1812
Iteration 556: Benign prob = 0.1867
Iteration 574: Benign prob = 0.1940
Iteration 586: Benign prob = 0.1996
Iteration 596: Benign prob = 0.2061
Iteration 612: Benign prob = 0.2096
Iteration 617: Benign prob = 0.2185
Iteration 622: Benign prob = 0.2206
Iteration 623: Benign prob = 0.2298
Iteration 672: Benign prob = 0.2375
Iteration 754: Benign prob = 0.2407
Iteration 775: Benign prob = 0.2459
Iteration 794: Benign prob = 0.2522
Iteration 807: Benign prob = 0.2531
Iteration 813: Benign prob = 0.2538
Iteration 837: Benign prob = 0.2559
Iteration 838: Benign prob = 0.2643
Iteration 857: Benign prob = 0.2657
Iteration 862: Benign prob = 0.2682
Iteration 869: Benign prob = 0.2865
Iteration 877: Benign prob = 0.3030
Iteration 919: Benign prob = 0.3150
Iteration 934: Benign prob = 0.3239
Iteration 959: Benign prob = 0.3297
Iteration 1004: Benign prob = 0.3362
Iteration 1031: Benign prob = 0.3408
Iteration 1043: Benign prob = 0.3701
Iteration 1059: Benign prob = 0.3884
Iteration 1064: Benign prob = 0.3905
Iteration 1082: Benign prob = 0.3922
Iteration 1109: Benign prob = 0.3995
Iteration 1123: Benign prob = 0.4361
Iteration 1143: Benign prob = 0.4448
Iteration 1165: Benign prob = 0.4482
Iteration 1191: Benign prob = 0.4497
Iteration 1197: Benign prob = 0.4638
Iteration 1228: Benign prob = 0.4646
Iteration 1241: Benign prob = 0.4730
Iteration 1259: Benign prob = 0.4811
Iteration 1287: Benign prob = 0.5014
Iteration 1308: Benign prob = 0.5118
Iteration 1323: Benign prob = 0.5226
Iteration 1328: Benign prob = 0.5229
Iteration 1342: Benign prob = 0.5406
Iteration 1402: Benign prob = 0.5427
Iteration 1409: Benign prob = 0.5433
Iteration 1413: Benign prob = 0.5597

 Completed Adversarial Image for image 10 in 2.26 minutes.

--- Adversarial Prediction Results for image 10: (/home/users/atodorova/alisa-thesis/malnet-cnn/test/trj/andup/8A6476E2C7C19391A1BC8F693CB6D42B0253C502D42DDA78C74B0CD763BFF716.png) ---
Predicted class: 11 (benign)
Confidence     : 0.5597
True class     : 40 (trj)
